<?xml version="1.0" encoding="UTF-8"?>
<testsuite xmlns:xsi="http://www.w3.org/2001/XMLSchema-instance" xsi:noNamespaceSchemaLocation="https://maven.apache.org/surefire/maven-surefire-plugin/xsd/surefire-test-report-3.0.xsd" version="3.0" name="com.myapp.notification.NotificationIntegrationTest$ConcurrencyAndPerformanceTest" time="0.441" tests="3" errors="0" skipped="0" failures="0">
  <properties>
    <property name="java.specification.version" value="21"/>
    <property name="sun.jnu.encoding" value="UTF-8"/>
    <property name="java.class.path" value="/workspace/backend/target/test-classes:/workspace/backend/target/classes:/home/ubuntu/.m2/repository/org/hibernate/orm/hibernate-core/6.4.0.Final/hibernate-core-6.4.0.Final.jar:/home/ubuntu/.m2/repository/jakarta/persistence/jakarta.persistence-api/3.1.0/jakarta.persistence-api-3.1.0.jar:/home/ubuntu/.m2/repository/jakarta/transaction/jakarta.transaction-api/2.0.1/jakarta.transaction-api-2.0.1.jar:/home/ubuntu/.m2/repository/org/jboss/logging/jboss-logging/3.5.0.Final/jboss-logging-3.5.0.Final.jar:/home/ubuntu/.m2/repository/org/hibernate/common/hibernate-commons-annotations/6.0.6.Final/hibernate-commons-annotations-6.0.6.Final.jar:/home/ubuntu/.m2/repository/io/smallrye/jandex/3.1.2/jandex-3.1.2.jar:/home/ubuntu/.m2/repository/com/fasterxml/classmate/1.5.1/classmate-1.5.1.jar:/home/ubuntu/.m2/repository/net/bytebuddy/byte-buddy/1.14.7/byte-buddy-1.14.7.jar:/home/ubuntu/.m2/repository/jakarta/xml/bind/jakarta.xml.bind-api/4.0.0/jakarta.xml.bind-api-4.0.0.jar:/home/ubuntu/.m2/repository/jakarta/activation/jakarta.activation-api/2.1.0/jakarta.activation-api-2.1.0.jar:/home/ubuntu/.m2/repository/org/glassfish/jaxb/jaxb-runtime/4.0.2/jaxb-runtime-4.0.2.jar:/home/ubuntu/.m2/repository/org/glassfish/jaxb/jaxb-core/4.0.2/jaxb-core-4.0.2.jar:/home/ubuntu/.m2/repository/org/eclipse/angus/angus-activation/2.0.0/angus-activation-2.0.0.jar:/home/ubuntu/.m2/repository/org/glassfish/jaxb/txw2/4.0.2/txw2-4.0.2.jar:/home/ubuntu/.m2/repository/com/sun/istack/istack-commons-runtime/4.1.1/istack-commons-runtime-4.1.1.jar:/home/ubuntu/.m2/repository/jakarta/inject/jakarta.inject-api/2.0.1/jakarta.inject-api-2.0.1.jar:/home/ubuntu/.m2/repository/org/antlr/antlr4-runtime/4.13.0/antlr4-runtime-4.13.0.jar:/home/ubuntu/.m2/repository/org/hibernate/orm/hibernate-community-dialects/6.2.13.Final/hibernate-community-dialects-6.2.13.Final.jar:/home/ubuntu/.m2/repository/org/xerial/sqlite-jdbc/3.44.0.0/sqlite-jdbc-3.44.0.0.jar:/home/ubuntu/.m2/repository/com/fasterxml/jackson/core/jackson-core/2.15.2/jackson-core-2.15.2.jar:/home/ubuntu/.m2/repository/com/fasterxml/jackson/core/jackson-databind/2.15.2/jackson-databind-2.15.2.jar:/home/ubuntu/.m2/repository/com/fasterxml/jackson/core/jackson-annotations/2.15.2/jackson-annotations-2.15.2.jar:/home/ubuntu/.m2/repository/org/slf4j/slf4j-api/2.0.9/slf4j-api-2.0.9.jar:/home/ubuntu/.m2/repository/ch/qos/logback/logback-classic/1.4.11/logback-classic-1.4.11.jar:/home/ubuntu/.m2/repository/ch/qos/logback/logback-core/1.4.11/logback-core-1.4.11.jar:/home/ubuntu/.m2/repository/org/mindrot/jbcrypt/0.4/jbcrypt-0.4.jar:/home/ubuntu/.m2/repository/io/jsonwebtoken/jjwt-api/0.12.3/jjwt-api-0.12.3.jar:/home/ubuntu/.m2/repository/io/jsonwebtoken/jjwt-impl/0.12.3/jjwt-impl-0.12.3.jar:/home/ubuntu/.m2/repository/io/jsonwebtoken/jjwt-jackson/0.12.3/jjwt-jackson-0.12.3.jar:/home/ubuntu/.m2/repository/org/junit/jupiter/junit-jupiter/5.10.0/junit-jupiter-5.10.0.jar:/home/ubuntu/.m2/repository/org/junit/jupiter/junit-jupiter-api/5.10.0/junit-jupiter-api-5.10.0.jar:/home/ubuntu/.m2/repository/org/opentest4j/opentest4j/1.3.0/opentest4j-1.3.0.jar:/home/ubuntu/.m2/repository/org/junit/platform/junit-platform-commons/1.10.0/junit-platform-commons-1.10.0.jar:/home/ubuntu/.m2/repository/org/apiguardian/apiguardian-api/1.1.2/apiguardian-api-1.1.2.jar:/home/ubuntu/.m2/repository/org/junit/jupiter/junit-jupiter-params/5.10.0/junit-jupiter-params-5.10.0.jar:/home/ubuntu/.m2/repository/org/junit/jupiter/junit-jupiter-engine/5.10.0/junit-jupiter-engine-5.10.0.jar:/home/ubuntu/.m2/repository/org/junit/platform/junit-platform-engine/1.10.0/junit-platform-engine-1.10.0.jar:/home/ubuntu/.m2/repository/org/mockito/mockito-core/5.7.0/mockito-core-5.7.0.jar:/home/ubuntu/.m2/repository/net/bytebuddy/byte-buddy-agent/1.14.9/byte-buddy-agent-1.14.9.jar:/home/ubuntu/.m2/repository/org/objenesis/objenesis/3.3/objenesis-3.3.jar:/home/ubuntu/.m2/repository/org/assertj/assertj-core/3.24.2/assertj-core-3.24.2.jar:/home/ubuntu/.m2/repository/com/h2database/h2/2.2.224/h2-2.2.224.jar:/home/ubuntu/.m2/repository/org/testcontainers/junit-jupiter/1.19.3/junit-jupiter-1.19.3.jar:/home/ubuntu/.m2/repository/org/testcontainers/testcontainers/1.19.3/testcontainers-1.19.3.jar:/home/ubuntu/.m2/repository/junit/junit/4.13.2/junit-4.13.2.jar:/home/ubuntu/.m2/repository/org/hamcrest/hamcrest-core/1.3/hamcrest-core-1.3.jar:/home/ubuntu/.m2/repository/org/apache/commons/commons-compress/1.24.0/commons-compress-1.24.0.jar:/home/ubuntu/.m2/repository/org/rnorth/duct-tape/duct-tape/1.0.8/duct-tape-1.0.8.jar:/home/ubuntu/.m2/repository/org/jetbrains/annotations/17.0.0/annotations-17.0.0.jar:/home/ubuntu/.m2/repository/com/github/docker-java/docker-java-api/3.3.4/docker-java-api-3.3.4.jar:/home/ubuntu/.m2/repository/com/github/docker-java/docker-java-transport-zerodep/3.3.4/docker-java-transport-zerodep-3.3.4.jar:/home/ubuntu/.m2/repository/com/github/docker-java/docker-java-transport/3.3.4/docker-java-transport-3.3.4.jar:/home/ubuntu/.m2/repository/net/java/dev/jna/jna/5.13.0/jna-5.13.0.jar:/home/ubuntu/.m2/repository/com/squareup/okhttp3/mockwebserver/4.11.0/mockwebserver-4.11.0.jar:/home/ubuntu/.m2/repository/com/squareup/okhttp3/okhttp/4.11.0/okhttp-4.11.0.jar:/home/ubuntu/.m2/repository/com/squareup/okio/okio/3.2.0/okio-3.2.0.jar:/home/ubuntu/.m2/repository/com/squareup/okio/okio-jvm/3.2.0/okio-jvm-3.2.0.jar:/home/ubuntu/.m2/repository/org/jetbrains/kotlin/kotlin-stdlib/1.6.20/kotlin-stdlib-1.6.20.jar:/home/ubuntu/.m2/repository/org/jetbrains/kotlin/kotlin-stdlib-common/1.6.20/kotlin-stdlib-common-1.6.20.jar:/home/ubuntu/.m2/repository/org/jetbrains/kotlin/kotlin-stdlib-jdk8/1.6.10/kotlin-stdlib-jdk8-1.6.10.jar:/home/ubuntu/.m2/repository/org/jetbrains/kotlin/kotlin-stdlib-jdk7/1.6.10/kotlin-stdlib-jdk7-1.6.10.jar:/home/ubuntu/.m2/repository/com/fasterxml/jackson/datatype/jackson-datatype-jsr310/2.15.2/jackson-datatype-jsr310-2.15.2.jar:"/>
    <property name="java.vm.vendor" value="Ubuntu"/>
    <property name="sun.arch.data.model" value="64"/>
    <property name="java.vendor.url" value="https://ubuntu.com/"/>
    <property name="user.timezone" value="UTC"/>
    <property name="os.name" value="Linux"/>
    <property name="java.vm.specification.version" value="21"/>
    <property name="sun.java.launcher" value="SUN_STANDARD"/>
    <property name="user.country" value="US"/>
    <property name="sun.boot.library.path" value="/usr/lib/jvm/java-21-openjdk-amd64/lib"/>
    <property name="sun.java.command" value="/workspace/backend/target/surefire/surefirebooter-20250703234215266_3.jar /workspace/backend/target/surefire 2025-07-03T23-42-09_523-jvmRun1 surefire-20250703234215266_1tmp surefire_0-20250703234215266_2tmp"/>
    <property name="jdk.debug" value="release"/>
    <property name="surefire.test.class.path" value="/workspace/backend/target/test-classes:/workspace/backend/target/classes:/home/ubuntu/.m2/repository/org/hibernate/orm/hibernate-core/6.4.0.Final/hibernate-core-6.4.0.Final.jar:/home/ubuntu/.m2/repository/jakarta/persistence/jakarta.persistence-api/3.1.0/jakarta.persistence-api-3.1.0.jar:/home/ubuntu/.m2/repository/jakarta/transaction/jakarta.transaction-api/2.0.1/jakarta.transaction-api-2.0.1.jar:/home/ubuntu/.m2/repository/org/jboss/logging/jboss-logging/3.5.0.Final/jboss-logging-3.5.0.Final.jar:/home/ubuntu/.m2/repository/org/hibernate/common/hibernate-commons-annotations/6.0.6.Final/hibernate-commons-annotations-6.0.6.Final.jar:/home/ubuntu/.m2/repository/io/smallrye/jandex/3.1.2/jandex-3.1.2.jar:/home/ubuntu/.m2/repository/com/fasterxml/classmate/1.5.1/classmate-1.5.1.jar:/home/ubuntu/.m2/repository/net/bytebuddy/byte-buddy/1.14.7/byte-buddy-1.14.7.jar:/home/ubuntu/.m2/repository/jakarta/xml/bind/jakarta.xml.bind-api/4.0.0/jakarta.xml.bind-api-4.0.0.jar:/home/ubuntu/.m2/repository/jakarta/activation/jakarta.activation-api/2.1.0/jakarta.activation-api-2.1.0.jar:/home/ubuntu/.m2/repository/org/glassfish/jaxb/jaxb-runtime/4.0.2/jaxb-runtime-4.0.2.jar:/home/ubuntu/.m2/repository/org/glassfish/jaxb/jaxb-core/4.0.2/jaxb-core-4.0.2.jar:/home/ubuntu/.m2/repository/org/eclipse/angus/angus-activation/2.0.0/angus-activation-2.0.0.jar:/home/ubuntu/.m2/repository/org/glassfish/jaxb/txw2/4.0.2/txw2-4.0.2.jar:/home/ubuntu/.m2/repository/com/sun/istack/istack-commons-runtime/4.1.1/istack-commons-runtime-4.1.1.jar:/home/ubuntu/.m2/repository/jakarta/inject/jakarta.inject-api/2.0.1/jakarta.inject-api-2.0.1.jar:/home/ubuntu/.m2/repository/org/antlr/antlr4-runtime/4.13.0/antlr4-runtime-4.13.0.jar:/home/ubuntu/.m2/repository/org/hibernate/orm/hibernate-community-dialects/6.2.13.Final/hibernate-community-dialects-6.2.13.Final.jar:/home/ubuntu/.m2/repository/org/xerial/sqlite-jdbc/3.44.0.0/sqlite-jdbc-3.44.0.0.jar:/home/ubuntu/.m2/repository/com/fasterxml/jackson/core/jackson-core/2.15.2/jackson-core-2.15.2.jar:/home/ubuntu/.m2/repository/com/fasterxml/jackson/core/jackson-databind/2.15.2/jackson-databind-2.15.2.jar:/home/ubuntu/.m2/repository/com/fasterxml/jackson/core/jackson-annotations/2.15.2/jackson-annotations-2.15.2.jar:/home/ubuntu/.m2/repository/org/slf4j/slf4j-api/2.0.9/slf4j-api-2.0.9.jar:/home/ubuntu/.m2/repository/ch/qos/logback/logback-classic/1.4.11/logback-classic-1.4.11.jar:/home/ubuntu/.m2/repository/ch/qos/logback/logback-core/1.4.11/logback-core-1.4.11.jar:/home/ubuntu/.m2/repository/org/mindrot/jbcrypt/0.4/jbcrypt-0.4.jar:/home/ubuntu/.m2/repository/io/jsonwebtoken/jjwt-api/0.12.3/jjwt-api-0.12.3.jar:/home/ubuntu/.m2/repository/io/jsonwebtoken/jjwt-impl/0.12.3/jjwt-impl-0.12.3.jar:/home/ubuntu/.m2/repository/io/jsonwebtoken/jjwt-jackson/0.12.3/jjwt-jackson-0.12.3.jar:/home/ubuntu/.m2/repository/org/junit/jupiter/junit-jupiter/5.10.0/junit-jupiter-5.10.0.jar:/home/ubuntu/.m2/repository/org/junit/jupiter/junit-jupiter-api/5.10.0/junit-jupiter-api-5.10.0.jar:/home/ubuntu/.m2/repository/org/opentest4j/opentest4j/1.3.0/opentest4j-1.3.0.jar:/home/ubuntu/.m2/repository/org/junit/platform/junit-platform-commons/1.10.0/junit-platform-commons-1.10.0.jar:/home/ubuntu/.m2/repository/org/apiguardian/apiguardian-api/1.1.2/apiguardian-api-1.1.2.jar:/home/ubuntu/.m2/repository/org/junit/jupiter/junit-jupiter-params/5.10.0/junit-jupiter-params-5.10.0.jar:/home/ubuntu/.m2/repository/org/junit/jupiter/junit-jupiter-engine/5.10.0/junit-jupiter-engine-5.10.0.jar:/home/ubuntu/.m2/repository/org/junit/platform/junit-platform-engine/1.10.0/junit-platform-engine-1.10.0.jar:/home/ubuntu/.m2/repository/org/mockito/mockito-core/5.7.0/mockito-core-5.7.0.jar:/home/ubuntu/.m2/repository/net/bytebuddy/byte-buddy-agent/1.14.9/byte-buddy-agent-1.14.9.jar:/home/ubuntu/.m2/repository/org/objenesis/objenesis/3.3/objenesis-3.3.jar:/home/ubuntu/.m2/repository/org/assertj/assertj-core/3.24.2/assertj-core-3.24.2.jar:/home/ubuntu/.m2/repository/com/h2database/h2/2.2.224/h2-2.2.224.jar:/home/ubuntu/.m2/repository/org/testcontainers/junit-jupiter/1.19.3/junit-jupiter-1.19.3.jar:/home/ubuntu/.m2/repository/org/testcontainers/testcontainers/1.19.3/testcontainers-1.19.3.jar:/home/ubuntu/.m2/repository/junit/junit/4.13.2/junit-4.13.2.jar:/home/ubuntu/.m2/repository/org/hamcrest/hamcrest-core/1.3/hamcrest-core-1.3.jar:/home/ubuntu/.m2/repository/org/apache/commons/commons-compress/1.24.0/commons-compress-1.24.0.jar:/home/ubuntu/.m2/repository/org/rnorth/duct-tape/duct-tape/1.0.8/duct-tape-1.0.8.jar:/home/ubuntu/.m2/repository/org/jetbrains/annotations/17.0.0/annotations-17.0.0.jar:/home/ubuntu/.m2/repository/com/github/docker-java/docker-java-api/3.3.4/docker-java-api-3.3.4.jar:/home/ubuntu/.m2/repository/com/github/docker-java/docker-java-transport-zerodep/3.3.4/docker-java-transport-zerodep-3.3.4.jar:/home/ubuntu/.m2/repository/com/github/docker-java/docker-java-transport/3.3.4/docker-java-transport-3.3.4.jar:/home/ubuntu/.m2/repository/net/java/dev/jna/jna/5.13.0/jna-5.13.0.jar:/home/ubuntu/.m2/repository/com/squareup/okhttp3/mockwebserver/4.11.0/mockwebserver-4.11.0.jar:/home/ubuntu/.m2/repository/com/squareup/okhttp3/okhttp/4.11.0/okhttp-4.11.0.jar:/home/ubuntu/.m2/repository/com/squareup/okio/okio/3.2.0/okio-3.2.0.jar:/home/ubuntu/.m2/repository/com/squareup/okio/okio-jvm/3.2.0/okio-jvm-3.2.0.jar:/home/ubuntu/.m2/repository/org/jetbrains/kotlin/kotlin-stdlib/1.6.20/kotlin-stdlib-1.6.20.jar:/home/ubuntu/.m2/repository/org/jetbrains/kotlin/kotlin-stdlib-common/1.6.20/kotlin-stdlib-common-1.6.20.jar:/home/ubuntu/.m2/repository/org/jetbrains/kotlin/kotlin-stdlib-jdk8/1.6.10/kotlin-stdlib-jdk8-1.6.10.jar:/home/ubuntu/.m2/repository/org/jetbrains/kotlin/kotlin-stdlib-jdk7/1.6.10/kotlin-stdlib-jdk7-1.6.10.jar:/home/ubuntu/.m2/repository/com/fasterxml/jackson/datatype/jackson-datatype-jsr310/2.15.2/jackson-datatype-jsr310-2.15.2.jar:"/>
    <property name="sun.cpu.endian" value="little"/>
    <property name="user.home" value="/home/ubuntu"/>
    <property name="user.language" value="en"/>
    <property name="java.specification.vendor" value="Oracle Corporation"/>
    <property name="java.version.date" value="2025-04-15"/>
    <property name="java.home" value="/usr/lib/jvm/java-21-openjdk-amd64"/>
    <property name="file.separator" value="/"/>
    <property name="basedir" value="/workspace/backend"/>
    <property name="java.vm.compressedOopsMode" value="32-bit"/>
    <property name="line.separator" value="&#10;"/>
    <property name="java.specification.name" value="Java Platform API Specification"/>
    <property name="java.vm.specification.vendor" value="Oracle Corporation"/>
    <property name="java.awt.headless" value="true"/>
    <property name="surefire.real.class.path" value="/workspace/backend/target/surefire/surefirebooter-20250703234215266_3.jar"/>
    <property name="sun.management.compiler" value="HotSpot 64-Bit Tiered Compilers"/>
    <property name="java.runtime.version" value="21.0.7+6-Ubuntu-0ubuntu125.04"/>
    <property name="user.name" value="ubuntu"/>
    <property name="stdout.encoding" value="UTF-8"/>
    <property name="path.separator" value=":"/>
    <property name="os.version" value="6.8.0-1024-aws"/>
    <property name="java.runtime.name" value="OpenJDK Runtime Environment"/>
    <property name="file.encoding" value="UTF-8"/>
    <property name="java.vm.name" value="OpenJDK 64-Bit Server VM"/>
    <property name="localRepository" value="/home/ubuntu/.m2/repository"/>
    <property name="java.vendor.url.bug" value="https://bugs.launchpad.net/ubuntu/+source/openjdk-21"/>
    <property name="java.io.tmpdir" value="/tmp"/>
    <property name="java.version" value="21.0.7"/>
    <property name="user.dir" value="/workspace/backend"/>
    <property name="os.arch" value="amd64"/>
    <property name="java.vm.specification.name" value="Java Virtual Machine Specification"/>
    <property name="native.encoding" value="UTF-8"/>
    <property name="java.library.path" value="/usr/java/packages/lib:/usr/lib/x86_64-linux-gnu/jni:/lib/x86_64-linux-gnu:/usr/lib/x86_64-linux-gnu:/usr/lib/jni:/lib:/usr/lib"/>
    <property name="java.vm.info" value="mixed mode, sharing"/>
    <property name="stderr.encoding" value="UTF-8"/>
    <property name="java.vendor" value="Ubuntu"/>
    <property name="java.vm.version" value="21.0.7+6-Ubuntu-0ubuntu125.04"/>
    <property name="sun.io.unicode.encoding" value="UnicodeLittle"/>
    <property name="java.class.version" value="65.0"/>
    <property name="app.profiles.active" value="test"/>
  </properties>
  <testcase name="shouldHandleConcurrentNotificationCreationCorrectly" classname="com.myapp.notification.NotificationIntegrationTest$ConcurrencyAndPerformanceTest" time="0.12">
    <system-out><![CDATA[2025-07-03 23:42:38.737 [main] DEBUG org.hibernate.SQL - 
    delete 
    from
        notifications
Hibernate: 
    delete 
    from
        notifications
2025-07-03 23:42:38.742 [main] DEBUG c.myapp.common.TestDatabaseManager - Cleaned all notification data from test database
2025-07-03 23:42:38.742 [main] DEBUG org.hibernate.SQL - 
    select
        u1_0.id,
        u1_0.address,
        u1_0.email,
        u1_0.full_name,
        u1_0.is_active,
        u1_0.password_hash,
        u1_0.phone,
        u1_0.role 
    from
        users u1_0 
    where
        u1_0.id=?
Hibernate: 
    select
        u1_0.id,
        u1_0.address,
        u1_0.email,
        u1_0.full_name,
        u1_0.is_active,
        u1_0.password_hash,
        u1_0.phone,
        u1_0.role 
    from
        users u1_0 
    where
        u1_0.id=?
2025-07-03 23:42:38.742 [main] DEBUG org.hibernate.SQL - 
    select
        u1_0.id,
        u1_0.address,
        u1_0.email,
        u1_0.full_name,
        u1_0.is_active,
        u1_0.password_hash,
        u1_0.phone,
        u1_0.role 
    from
        users u1_0 
    where
        u1_0.id=?
Hibernate: 
    select
        u1_0.id,
        u1_0.address,
        u1_0.email,
        u1_0.full_name,
        u1_0.is_active,
        u1_0.password_hash,
        u1_0.phone,
        u1_0.role 
    from
        users u1_0 
    where
        u1_0.id=?
2025-07-03 23:42:38.743 [main] DEBUG org.hibernate.SQL - 
    select
        u1_0.id,
        u1_0.address,
        u1_0.email,
        u1_0.full_name,
        u1_0.is_active,
        u1_0.password_hash,
        u1_0.phone,
        u1_0.role 
    from
        users u1_0 
    where
        u1_0.id=?
Hibernate: 
    select
        u1_0.id,
        u1_0.address,
        u1_0.email,
        u1_0.full_name,
        u1_0.is_active,
        u1_0.password_hash,
        u1_0.phone,
        u1_0.role 
    from
        users u1_0 
    where
        u1_0.id=?
2025-07-03 23:42:38.744 [pool-7-thread-1] DEBUG org.hibernate.SQL - 
    select
        u1_0.id,
        u1_0.address,
        u1_0.email,
        u1_0.full_name,
        u1_0.is_active,
        u1_0.password_hash,
        u1_0.phone,
        u1_0.role 
    from
        users u1_0 
    where
        u1_0.id=?
Hibernate: 
    select
        u1_0.id,
        u1_0.address,
        u1_0.email,
        u1_0.full_name,
        u1_0.is_active,
        u1_0.password_hash,
        u1_0.phone,
        u1_0.role 
    from
        users u1_0 
    where
        u1_0.id=?
2025-07-03 23:42:38.745 [pool-7-thread-1] DEBUG org.hibernate.SQL - 
    insert 
    into
        notifications
        (created_at, deleted_at, delivery_id, isDeleted, isRead, message, metadata, order_id, priority, read_at, related_entity_id, restaurant_id, title, type, userId, id) 
    values
        (?, ?, ?, ?, ?, ?, ?, ?, ?, ?, ?, ?, ?, ?, ?, ?)
Hibernate: 
    insert 
    into
        notifications
        (created_at, deleted_at, delivery_id, isDeleted, isRead, message, metadata, order_id, priority, read_at, related_entity_id, restaurant_id, title, type, userId, id) 
    values
        (?, ?, ?, ?, ?, ?, ?, ?, ?, ?, ?, ?, ?, ?, ?, ?)
2025-07-03 23:42:38.746 [pool-7-thread-2] DEBUG org.hibernate.SQL - 
    select
        u1_0.id,
        u1_0.address,
        u1_0.email,
        u1_0.full_name,
        u1_0.is_active,
        u1_0.password_hash,
        u1_0.phone,
        u1_0.role 
    from
        users u1_0 
    where
        u1_0.id=?
Hibernate: 
    select
        u1_0.id,
        u1_0.address,
        u1_0.email,
        u1_0.full_name,
        u1_0.is_active,
        u1_0.password_hash,
        u1_0.phone,
        u1_0.role 
    from
        users u1_0 
    where
        u1_0.id=?
2025-07-03 23:42:38.747 [pool-7-thread-2] DEBUG org.hibernate.SQL - 
    insert 
    into
        notifications
        (created_at, deleted_at, delivery_id, isDeleted, isRead, message, metadata, order_id, priority, read_at, related_entity_id, restaurant_id, title, type, userId, id) 
    values
        (?, ?, ?, ?, ?, ?, ?, ?, ?, ?, ?, ?, ?, ?, ?, ?)
Hibernate: 
    insert 
    into
        notifications
        (created_at, deleted_at, delivery_id, isDeleted, isRead, message, metadata, order_id, priority, read_at, related_entity_id, restaurant_id, title, type, userId, id) 
    values
        (?, ?, ?, ?, ?, ?, ?, ?, ?, ?, ?, ?, ?, ?, ?, ?)
2025-07-03 23:42:38.748 [pool-7-thread-3] DEBUG org.hibernate.SQL - 
    select
        u1_0.id,
        u1_0.address,
        u1_0.email,
        u1_0.full_name,
        u1_0.is_active,
        u1_0.password_hash,
        u1_0.phone,
        u1_0.role 
    from
        users u1_0 
    where
        u1_0.id=?
Hibernate: 
    select
        u1_0.id,
        u1_0.address,
        u1_0.email,
        u1_0.full_name,
        u1_0.is_active,
        u1_0.password_hash,
        u1_0.phone,
        u1_0.role 
    from
        users u1_0 
    where
        u1_0.id=?
2025-07-03 23:42:38.748 [pool-7-thread-3] DEBUG org.hibernate.SQL - 
    insert 
    into
        notifications
        (created_at, deleted_at, delivery_id, isDeleted, isRead, message, metadata, order_id, priority, read_at, related_entity_id, restaurant_id, title, type, userId, id) 
    values
        (?, ?, ?, ?, ?, ?, ?, ?, ?, ?, ?, ?, ?, ?, ?, ?)
Hibernate: 
    insert 
    into
        notifications
        (created_at, deleted_at, delivery_id, isDeleted, isRead, message, metadata, order_id, priority, read_at, related_entity_id, restaurant_id, title, type, userId, id) 
    values
        (?, ?, ?, ?, ?, ?, ?, ?, ?, ?, ?, ?, ?, ?, ?, ?)
2025-07-03 23:42:38.749 [pool-7-thread-1] DEBUG org.hibernate.SQL - 
    select
        u1_0.id,
        u1_0.address,
        u1_0.email,
        u1_0.full_name,
        u1_0.is_active,
        u1_0.password_hash,
        u1_0.phone,
        u1_0.role 
    from
        users u1_0 
    where
        u1_0.id=?
Hibernate: 
    select
        u1_0.id,
        u1_0.address,
        u1_0.email,
        u1_0.full_name,
        u1_0.is_active,
        u1_0.password_hash,
        u1_0.phone,
        u1_0.role 
    from
        users u1_0 
    where
        u1_0.id=?
2025-07-03 23:42:38.749 [pool-7-thread-1] DEBUG org.hibernate.SQL - 
    insert 
    into
        notifications
        (created_at, deleted_at, delivery_id, isDeleted, isRead, message, metadata, order_id, priority, read_at, related_entity_id, restaurant_id, title, type, userId, id) 
    values
        (?, ?, ?, ?, ?, ?, ?, ?, ?, ?, ?, ?, ?, ?, ?, ?)
Hibernate: 
    insert 
    into
        notifications
        (created_at, deleted_at, delivery_id, isDeleted, isRead, message, metadata, order_id, priority, read_at, related_entity_id, restaurant_id, title, type, userId, id) 
    values
        (?, ?, ?, ?, ?, ?, ?, ?, ?, ?, ?, ?, ?, ?, ?, ?)
2025-07-03 23:42:38.751 [pool-7-thread-3] DEBUG org.hibernate.SQL - 
    select
        u1_0.id,
        u1_0.address,
        u1_0.email,
        u1_0.full_name,
        u1_0.is_active,
        u1_0.password_hash,
        u1_0.phone,
        u1_0.role 
    from
        users u1_0 
    where
        u1_0.id=?
Hibernate: 
    select
        u1_0.id,
        u1_0.address,
        u1_0.email,
        u1_0.full_name,
        u1_0.is_active,
        u1_0.password_hash,
        u1_0.phone,
        u1_0.role 
    from
        users u1_0 
    where
        u1_0.id=?
2025-07-03 23:42:38.752 [pool-7-thread-3] DEBUG org.hibernate.SQL - 
    insert 
    into
        notifications
        (created_at, deleted_at, delivery_id, isDeleted, isRead, message, metadata, order_id, priority, read_at, related_entity_id, restaurant_id, title, type, userId, id) 
    values
        (?, ?, ?, ?, ?, ?, ?, ?, ?, ?, ?, ?, ?, ?, ?, ?)
Hibernate: 
    insert 
    into
        notifications
        (created_at, deleted_at, delivery_id, isDeleted, isRead, message, metadata, order_id, priority, read_at, related_entity_id, restaurant_id, title, type, userId, id) 
    values
        (?, ?, ?, ?, ?, ?, ?, ?, ?, ?, ?, ?, ?, ?, ?, ?)
2025-07-03 23:42:38.754 [pool-7-thread-3] DEBUG org.hibernate.SQL - 
    select
        u1_0.id,
        u1_0.address,
        u1_0.email,
        u1_0.full_name,
        u1_0.is_active,
        u1_0.password_hash,
        u1_0.phone,
        u1_0.role 
    from
        users u1_0 
    where
        u1_0.id=?
Hibernate: 
    select
        u1_0.id,
        u1_0.address,
        u1_0.email,
        u1_0.full_name,
        u1_0.is_active,
        u1_0.password_hash,
        u1_0.phone,
        u1_0.role 
    from
        users u1_0 
    where
        u1_0.id=?
2025-07-03 23:42:38.754 [pool-7-thread-3] DEBUG org.hibernate.SQL - 
    insert 
    into
        notifications
        (created_at, deleted_at, delivery_id, isDeleted, isRead, message, metadata, order_id, priority, read_at, related_entity_id, restaurant_id, title, type, userId, id) 
    values
        (?, ?, ?, ?, ?, ?, ?, ?, ?, ?, ?, ?, ?, ?, ?, ?)
Hibernate: 
    insert 
    into
        notifications
        (created_at, deleted_at, delivery_id, isDeleted, isRead, message, metadata, order_id, priority, read_at, related_entity_id, restaurant_id, title, type, userId, id) 
    values
        (?, ?, ?, ?, ?, ?, ?, ?, ?, ?, ?, ?, ?, ?, ?, ?)
2025-07-03 23:42:38.757 [pool-7-thread-3] DEBUG org.hibernate.SQL - 
    select
        u1_0.id,
        u1_0.address,
        u1_0.email,
        u1_0.full_name,
        u1_0.is_active,
        u1_0.password_hash,
        u1_0.phone,
        u1_0.role 
    from
        users u1_0 
    where
        u1_0.id=?
Hibernate: 
    select
        u1_0.id,
        u1_0.address,
        u1_0.email,
        u1_0.full_name,
        u1_0.is_active,
        u1_0.password_hash,
        u1_0.phone,
        u1_0.role 
    from
        users u1_0 
    where
        u1_0.id=?
2025-07-03 23:42:38.758 [pool-7-thread-3] DEBUG org.hibernate.SQL - 
    insert 
    into
        notifications
        (created_at, deleted_at, delivery_id, isDeleted, isRead, message, metadata, order_id, priority, read_at, related_entity_id, restaurant_id, title, type, userId, id) 
    values
        (?, ?, ?, ?, ?, ?, ?, ?, ?, ?, ?, ?, ?, ?, ?, ?)
Hibernate: 
    insert 
    into
        notifications
        (created_at, deleted_at, delivery_id, isDeleted, isRead, message, metadata, order_id, priority, read_at, related_entity_id, restaurant_id, title, type, userId, id) 
    values
        (?, ?, ?, ?, ?, ?, ?, ?, ?, ?, ?, ?, ?, ?, ?, ?)
2025-07-03 23:42:38.760 [pool-7-thread-3] DEBUG org.hibernate.SQL - 
    select
        u1_0.id,
        u1_0.address,
        u1_0.email,
        u1_0.full_name,
        u1_0.is_active,
        u1_0.password_hash,
        u1_0.phone,
        u1_0.role 
    from
        users u1_0 
    where
        u1_0.id=?
Hibernate: 
    select
        u1_0.id,
        u1_0.address,
        u1_0.email,
        u1_0.full_name,
        u1_0.is_active,
        u1_0.password_hash,
        u1_0.phone,
        u1_0.role 
    from
        users u1_0 
    where
        u1_0.id=?
2025-07-03 23:42:38.760 [pool-7-thread-3] DEBUG org.hibernate.SQL - 
    insert 
    into
        notifications
        (created_at, deleted_at, delivery_id, isDeleted, isRead, message, metadata, order_id, priority, read_at, related_entity_id, restaurant_id, title, type, userId, id) 
    values
        (?, ?, ?, ?, ?, ?, ?, ?, ?, ?, ?, ?, ?, ?, ?, ?)
Hibernate: 
    insert 
    into
        notifications
        (created_at, deleted_at, delivery_id, isDeleted, isRead, message, metadata, order_id, priority, read_at, related_entity_id, restaurant_id, title, type, userId, id) 
    values
        (?, ?, ?, ?, ?, ?, ?, ?, ?, ?, ?, ?, ?, ?, ?, ?)
2025-07-03 23:42:38.762 [pool-7-thread-3] DEBUG org.hibernate.SQL - 
    select
        u1_0.id,
        u1_0.address,
        u1_0.email,
        u1_0.full_name,
        u1_0.is_active,
        u1_0.password_hash,
        u1_0.phone,
        u1_0.role 
    from
        users u1_0 
    where
        u1_0.id=?
Hibernate: 
    select
        u1_0.id,
        u1_0.address,
        u1_0.email,
        u1_0.full_name,
        u1_0.is_active,
        u1_0.password_hash,
        u1_0.phone,
        u1_0.role 
    from
        users u1_0 
    where
        u1_0.id=?
2025-07-03 23:42:38.762 [pool-7-thread-3] DEBUG org.hibernate.SQL - 
    insert 
    into
        notifications
        (created_at, deleted_at, delivery_id, isDeleted, isRead, message, metadata, order_id, priority, read_at, related_entity_id, restaurant_id, title, type, userId, id) 
    values
        (?, ?, ?, ?, ?, ?, ?, ?, ?, ?, ?, ?, ?, ?, ?, ?)
Hibernate: 
    insert 
    into
        notifications
        (created_at, deleted_at, delivery_id, isDeleted, isRead, message, metadata, order_id, priority, read_at, related_entity_id, restaurant_id, title, type, userId, id) 
    values
        (?, ?, ?, ?, ?, ?, ?, ?, ?, ?, ?, ?, ?, ?, ?, ?)
2025-07-03 23:42:38.764 [pool-7-thread-3] DEBUG org.hibernate.SQL - 
    select
        u1_0.id,
        u1_0.address,
        u1_0.email,
        u1_0.full_name,
        u1_0.is_active,
        u1_0.password_hash,
        u1_0.phone,
        u1_0.role 
    from
        users u1_0 
    where
        u1_0.id=?
Hibernate: 
    select
        u1_0.id,
        u1_0.address,
        u1_0.email,
        u1_0.full_name,
        u1_0.is_active,
        u1_0.password_hash,
        u1_0.phone,
        u1_0.role 
    from
        users u1_0 
    where
        u1_0.id=?
2025-07-03 23:42:38.764 [pool-7-thread-3] DEBUG org.hibernate.SQL - 
    insert 
    into
        notifications
        (created_at, deleted_at, delivery_id, isDeleted, isRead, message, metadata, order_id, priority, read_at, related_entity_id, restaurant_id, title, type, userId, id) 
    values
        (?, ?, ?, ?, ?, ?, ?, ?, ?, ?, ?, ?, ?, ?, ?, ?)
Hibernate: 
    insert 
    into
        notifications
        (created_at, deleted_at, delivery_id, isDeleted, isRead, message, metadata, order_id, priority, read_at, related_entity_id, restaurant_id, title, type, userId, id) 
    values
        (?, ?, ?, ?, ?, ?, ?, ?, ?, ?, ?, ?, ?, ?, ?, ?)
2025-07-03 23:42:38.767 [pool-7-thread-3] DEBUG org.hibernate.SQL - 
    select
        u1_0.id,
        u1_0.address,
        u1_0.email,
        u1_0.full_name,
        u1_0.is_active,
        u1_0.password_hash,
        u1_0.phone,
        u1_0.role 
    from
        users u1_0 
    where
        u1_0.id=?
Hibernate: 
    select
        u1_0.id,
        u1_0.address,
        u1_0.email,
        u1_0.full_name,
        u1_0.is_active,
        u1_0.password_hash,
        u1_0.phone,
        u1_0.role 
    from
        users u1_0 
    where
        u1_0.id=?
2025-07-03 23:42:38.767 [pool-7-thread-3] DEBUG org.hibernate.SQL - 
    insert 
    into
        notifications
        (created_at, deleted_at, delivery_id, isDeleted, isRead, message, metadata, order_id, priority, read_at, related_entity_id, restaurant_id, title, type, userId, id) 
    values
        (?, ?, ?, ?, ?, ?, ?, ?, ?, ?, ?, ?, ?, ?, ?, ?)
Hibernate: 
    insert 
    into
        notifications
        (created_at, deleted_at, delivery_id, isDeleted, isRead, message, metadata, order_id, priority, read_at, related_entity_id, restaurant_id, title, type, userId, id) 
    values
        (?, ?, ?, ?, ?, ?, ?, ?, ?, ?, ?, ?, ?, ?, ?, ?)
2025-07-03 23:42:38.769 [pool-7-thread-3] DEBUG org.hibernate.SQL - 
    select
        u1_0.id,
        u1_0.address,
        u1_0.email,
        u1_0.full_name,
        u1_0.is_active,
        u1_0.password_hash,
        u1_0.phone,
        u1_0.role 
    from
        users u1_0 
    where
        u1_0.id=?
Hibernate: 
    select
        u1_0.id,
        u1_0.address,
        u1_0.email,
        u1_0.full_name,
        u1_0.is_active,
        u1_0.password_hash,
        u1_0.phone,
        u1_0.role 
    from
        users u1_0 
    where
        u1_0.id=?
2025-07-03 23:42:38.769 [pool-7-thread-3] DEBUG org.hibernate.SQL - 
    insert 
    into
        notifications
        (created_at, deleted_at, delivery_id, isDeleted, isRead, message, metadata, order_id, priority, read_at, related_entity_id, restaurant_id, title, type, userId, id) 
    values
        (?, ?, ?, ?, ?, ?, ?, ?, ?, ?, ?, ?, ?, ?, ?, ?)
Hibernate: 
    insert 
    into
        notifications
        (created_at, deleted_at, delivery_id, isDeleted, isRead, message, metadata, order_id, priority, read_at, related_entity_id, restaurant_id, title, type, userId, id) 
    values
        (?, ?, ?, ?, ?, ?, ?, ?, ?, ?, ?, ?, ?, ?, ?, ?)
2025-07-03 23:42:38.771 [pool-7-thread-3] DEBUG org.hibernate.SQL - 
    select
        u1_0.id,
        u1_0.address,
        u1_0.email,
        u1_0.full_name,
        u1_0.is_active,
        u1_0.password_hash,
        u1_0.phone,
        u1_0.role 
    from
        users u1_0 
    where
        u1_0.id=?
Hibernate: 
    select
        u1_0.id,
        u1_0.address,
        u1_0.email,
        u1_0.full_name,
        u1_0.is_active,
        u1_0.password_hash,
        u1_0.phone,
        u1_0.role 
    from
        users u1_0 
    where
        u1_0.id=?
2025-07-03 23:42:38.771 [pool-7-thread-3] DEBUG org.hibernate.SQL - 
    insert 
    into
        notifications
        (created_at, deleted_at, delivery_id, isDeleted, isRead, message, metadata, order_id, priority, read_at, related_entity_id, restaurant_id, title, type, userId, id) 
    values
        (?, ?, ?, ?, ?, ?, ?, ?, ?, ?, ?, ?, ?, ?, ?, ?)
Hibernate: 
    insert 
    into
        notifications
        (created_at, deleted_at, delivery_id, isDeleted, isRead, message, metadata, order_id, priority, read_at, related_entity_id, restaurant_id, title, type, userId, id) 
    values
        (?, ?, ?, ?, ?, ?, ?, ?, ?, ?, ?, ?, ?, ?, ?, ?)
2025-07-03 23:42:38.773 [pool-7-thread-3] DEBUG org.hibernate.SQL - 
    select
        u1_0.id,
        u1_0.address,
        u1_0.email,
        u1_0.full_name,
        u1_0.is_active,
        u1_0.password_hash,
        u1_0.phone,
        u1_0.role 
    from
        users u1_0 
    where
        u1_0.id=?
Hibernate: 
    select
        u1_0.id,
        u1_0.address,
        u1_0.email,
        u1_0.full_name,
        u1_0.is_active,
        u1_0.password_hash,
        u1_0.phone,
        u1_0.role 
    from
        users u1_0 
    where
        u1_0.id=?
2025-07-03 23:42:38.773 [pool-7-thread-3] DEBUG org.hibernate.SQL - 
    insert 
    into
        notifications
        (created_at, deleted_at, delivery_id, isDeleted, isRead, message, metadata, order_id, priority, read_at, related_entity_id, restaurant_id, title, type, userId, id) 
    values
        (?, ?, ?, ?, ?, ?, ?, ?, ?, ?, ?, ?, ?, ?, ?, ?)
Hibernate: 
    insert 
    into
        notifications
        (created_at, deleted_at, delivery_id, isDeleted, isRead, message, metadata, order_id, priority, read_at, related_entity_id, restaurant_id, title, type, userId, id) 
    values
        (?, ?, ?, ?, ?, ?, ?, ?, ?, ?, ?, ?, ?, ?, ?, ?)
2025-07-03 23:42:38.775 [pool-7-thread-3] DEBUG org.hibernate.SQL - 
    select
        u1_0.id,
        u1_0.address,
        u1_0.email,
        u1_0.full_name,
        u1_0.is_active,
        u1_0.password_hash,
        u1_0.phone,
        u1_0.role 
    from
        users u1_0 
    where
        u1_0.id=?
Hibernate: 
    select
        u1_0.id,
        u1_0.address,
        u1_0.email,
        u1_0.full_name,
        u1_0.is_active,
        u1_0.password_hash,
        u1_0.phone,
        u1_0.role 
    from
        users u1_0 
    where
        u1_0.id=?
2025-07-03 23:42:38.775 [pool-7-thread-3] DEBUG org.hibernate.SQL - 
    insert 
    into
        notifications
        (created_at, deleted_at, delivery_id, isDeleted, isRead, message, metadata, order_id, priority, read_at, related_entity_id, restaurant_id, title, type, userId, id) 
    values
        (?, ?, ?, ?, ?, ?, ?, ?, ?, ?, ?, ?, ?, ?, ?, ?)
Hibernate: 
    insert 
    into
        notifications
        (created_at, deleted_at, delivery_id, isDeleted, isRead, message, metadata, order_id, priority, read_at, related_entity_id, restaurant_id, title, type, userId, id) 
    values
        (?, ?, ?, ?, ?, ?, ?, ?, ?, ?, ?, ?, ?, ?, ?, ?)
2025-07-03 23:42:38.777 [pool-7-thread-3] DEBUG org.hibernate.SQL - 
    select
        u1_0.id,
        u1_0.address,
        u1_0.email,
        u1_0.full_name,
        u1_0.is_active,
        u1_0.password_hash,
        u1_0.phone,
        u1_0.role 
    from
        users u1_0 
    where
        u1_0.id=?
Hibernate: 
    select
        u1_0.id,
        u1_0.address,
        u1_0.email,
        u1_0.full_name,
        u1_0.is_active,
        u1_0.password_hash,
        u1_0.phone,
        u1_0.role 
    from
        users u1_0 
    where
        u1_0.id=?
2025-07-03 23:42:38.778 [pool-7-thread-3] DEBUG org.hibernate.SQL - 
    insert 
    into
        notifications
        (created_at, deleted_at, delivery_id, isDeleted, isRead, message, metadata, order_id, priority, read_at, related_entity_id, restaurant_id, title, type, userId, id) 
    values
        (?, ?, ?, ?, ?, ?, ?, ?, ?, ?, ?, ?, ?, ?, ?, ?)
Hibernate: 
    insert 
    into
        notifications
        (created_at, deleted_at, delivery_id, isDeleted, isRead, message, metadata, order_id, priority, read_at, related_entity_id, restaurant_id, title, type, userId, id) 
    values
        (?, ?, ?, ?, ?, ?, ?, ?, ?, ?, ?, ?, ?, ?, ?, ?)
2025-07-03 23:42:38.780 [pool-7-thread-3] DEBUG org.hibernate.SQL - 
    select
        u1_0.id,
        u1_0.address,
        u1_0.email,
        u1_0.full_name,
        u1_0.is_active,
        u1_0.password_hash,
        u1_0.phone,
        u1_0.role 
    from
        users u1_0 
    where
        u1_0.id=?
Hibernate: 
    select
        u1_0.id,
        u1_0.address,
        u1_0.email,
        u1_0.full_name,
        u1_0.is_active,
        u1_0.password_hash,
        u1_0.phone,
        u1_0.role 
    from
        users u1_0 
    where
        u1_0.id=?
2025-07-03 23:42:38.780 [pool-7-thread-3] DEBUG org.hibernate.SQL - 
    insert 
    into
        notifications
        (created_at, deleted_at, delivery_id, isDeleted, isRead, message, metadata, order_id, priority, read_at, related_entity_id, restaurant_id, title, type, userId, id) 
    values
        (?, ?, ?, ?, ?, ?, ?, ?, ?, ?, ?, ?, ?, ?, ?, ?)
Hibernate: 
    insert 
    into
        notifications
        (created_at, deleted_at, delivery_id, isDeleted, isRead, message, metadata, order_id, priority, read_at, related_entity_id, restaurant_id, title, type, userId, id) 
    values
        (?, ?, ?, ?, ?, ?, ?, ?, ?, ?, ?, ?, ?, ?, ?, ?)
2025-07-03 23:42:38.782 [pool-7-thread-3] DEBUG org.hibernate.SQL - 
    select
        u1_0.id,
        u1_0.address,
        u1_0.email,
        u1_0.full_name,
        u1_0.is_active,
        u1_0.password_hash,
        u1_0.phone,
        u1_0.role 
    from
        users u1_0 
    where
        u1_0.id=?
Hibernate: 
    select
        u1_0.id,
        u1_0.address,
        u1_0.email,
        u1_0.full_name,
        u1_0.is_active,
        u1_0.password_hash,
        u1_0.phone,
        u1_0.role 
    from
        users u1_0 
    where
        u1_0.id=?
2025-07-03 23:42:38.782 [pool-7-thread-3] DEBUG org.hibernate.SQL - 
    insert 
    into
        notifications
        (created_at, deleted_at, delivery_id, isDeleted, isRead, message, metadata, order_id, priority, read_at, related_entity_id, restaurant_id, title, type, userId, id) 
    values
        (?, ?, ?, ?, ?, ?, ?, ?, ?, ?, ?, ?, ?, ?, ?, ?)
Hibernate: 
    insert 
    into
        notifications
        (created_at, deleted_at, delivery_id, isDeleted, isRead, message, metadata, order_id, priority, read_at, related_entity_id, restaurant_id, title, type, userId, id) 
    values
        (?, ?, ?, ?, ?, ?, ?, ?, ?, ?, ?, ?, ?, ?, ?, ?)
2025-07-03 23:42:38.784 [pool-7-thread-3] DEBUG org.hibernate.SQL - 
    select
        u1_0.id,
        u1_0.address,
        u1_0.email,
        u1_0.full_name,
        u1_0.is_active,
        u1_0.password_hash,
        u1_0.phone,
        u1_0.role 
    from
        users u1_0 
    where
        u1_0.id=?
Hibernate: 
    select
        u1_0.id,
        u1_0.address,
        u1_0.email,
        u1_0.full_name,
        u1_0.is_active,
        u1_0.password_hash,
        u1_0.phone,
        u1_0.role 
    from
        users u1_0 
    where
        u1_0.id=?
2025-07-03 23:42:38.784 [pool-7-thread-3] DEBUG org.hibernate.SQL - 
    insert 
    into
        notifications
        (created_at, deleted_at, delivery_id, isDeleted, isRead, message, metadata, order_id, priority, read_at, related_entity_id, restaurant_id, title, type, userId, id) 
    values
        (?, ?, ?, ?, ?, ?, ?, ?, ?, ?, ?, ?, ?, ?, ?, ?)
Hibernate: 
    insert 
    into
        notifications
        (created_at, deleted_at, delivery_id, isDeleted, isRead, message, metadata, order_id, priority, read_at, related_entity_id, restaurant_id, title, type, userId, id) 
    values
        (?, ?, ?, ?, ?, ?, ?, ?, ?, ?, ?, ?, ?, ?, ?, ?)
2025-07-03 23:42:38.786 [pool-7-thread-3] DEBUG org.hibernate.SQL - 
    select
        u1_0.id,
        u1_0.address,
        u1_0.email,
        u1_0.full_name,
        u1_0.is_active,
        u1_0.password_hash,
        u1_0.phone,
        u1_0.role 
    from
        users u1_0 
    where
        u1_0.id=?
Hibernate: 
    select
        u1_0.id,
        u1_0.address,
        u1_0.email,
        u1_0.full_name,
        u1_0.is_active,
        u1_0.password_hash,
        u1_0.phone,
        u1_0.role 
    from
        users u1_0 
    where
        u1_0.id=?
2025-07-03 23:42:38.787 [pool-7-thread-3] DEBUG org.hibernate.SQL - 
    insert 
    into
        notifications
        (created_at, deleted_at, delivery_id, isDeleted, isRead, message, metadata, order_id, priority, read_at, related_entity_id, restaurant_id, title, type, userId, id) 
    values
        (?, ?, ?, ?, ?, ?, ?, ?, ?, ?, ?, ?, ?, ?, ?, ?)
Hibernate: 
    insert 
    into
        notifications
        (created_at, deleted_at, delivery_id, isDeleted, isRead, message, metadata, order_id, priority, read_at, related_entity_id, restaurant_id, title, type, userId, id) 
    values
        (?, ?, ?, ?, ?, ?, ?, ?, ?, ?, ?, ?, ?, ?, ?, ?)
2025-07-03 23:42:38.789 [pool-7-thread-3] DEBUG org.hibernate.SQL - 
    select
        u1_0.id,
        u1_0.address,
        u1_0.email,
        u1_0.full_name,
        u1_0.is_active,
        u1_0.password_hash,
        u1_0.phone,
        u1_0.role 
    from
        users u1_0 
    where
        u1_0.id=?
Hibernate: 
    select
        u1_0.id,
        u1_0.address,
        u1_0.email,
        u1_0.full_name,
        u1_0.is_active,
        u1_0.password_hash,
        u1_0.phone,
        u1_0.role 
    from
        users u1_0 
    where
        u1_0.id=?
2025-07-03 23:42:38.789 [pool-7-thread-3] DEBUG org.hibernate.SQL - 
    insert 
    into
        notifications
        (created_at, deleted_at, delivery_id, isDeleted, isRead, message, metadata, order_id, priority, read_at, related_entity_id, restaurant_id, title, type, userId, id) 
    values
        (?, ?, ?, ?, ?, ?, ?, ?, ?, ?, ?, ?, ?, ?, ?, ?)
Hibernate: 
    insert 
    into
        notifications
        (created_at, deleted_at, delivery_id, isDeleted, isRead, message, metadata, order_id, priority, read_at, related_entity_id, restaurant_id, title, type, userId, id) 
    values
        (?, ?, ?, ?, ?, ?, ?, ?, ?, ?, ?, ?, ?, ?, ?, ?)
2025-07-03 23:42:38.791 [pool-7-thread-3] DEBUG org.hibernate.SQL - 
    select
        u1_0.id,
        u1_0.address,
        u1_0.email,
        u1_0.full_name,
        u1_0.is_active,
        u1_0.password_hash,
        u1_0.phone,
        u1_0.role 
    from
        users u1_0 
    where
        u1_0.id=?
Hibernate: 
    select
        u1_0.id,
        u1_0.address,
        u1_0.email,
        u1_0.full_name,
        u1_0.is_active,
        u1_0.password_hash,
        u1_0.phone,
        u1_0.role 
    from
        users u1_0 
    where
        u1_0.id=?
2025-07-03 23:42:38.791 [pool-7-thread-3] DEBUG org.hibernate.SQL - 
    insert 
    into
        notifications
        (created_at, deleted_at, delivery_id, isDeleted, isRead, message, metadata, order_id, priority, read_at, related_entity_id, restaurant_id, title, type, userId, id) 
    values
        (?, ?, ?, ?, ?, ?, ?, ?, ?, ?, ?, ?, ?, ?, ?, ?)
Hibernate: 
    insert 
    into
        notifications
        (created_at, deleted_at, delivery_id, isDeleted, isRead, message, metadata, order_id, priority, read_at, related_entity_id, restaurant_id, title, type, userId, id) 
    values
        (?, ?, ?, ?, ?, ?, ?, ?, ?, ?, ?, ?, ?, ?, ?, ?)
2025-07-03 23:42:38.793 [pool-7-thread-3] DEBUG org.hibernate.SQL - 
    select
        u1_0.id,
        u1_0.address,
        u1_0.email,
        u1_0.full_name,
        u1_0.is_active,
        u1_0.password_hash,
        u1_0.phone,
        u1_0.role 
    from
        users u1_0 
    where
        u1_0.id=?
Hibernate: 
    select
        u1_0.id,
        u1_0.address,
        u1_0.email,
        u1_0.full_name,
        u1_0.is_active,
        u1_0.password_hash,
        u1_0.phone,
        u1_0.role 
    from
        users u1_0 
    where
        u1_0.id=?
2025-07-03 23:42:38.793 [pool-7-thread-3] DEBUG org.hibernate.SQL - 
    insert 
    into
        notifications
        (created_at, deleted_at, delivery_id, isDeleted, isRead, message, metadata, order_id, priority, read_at, related_entity_id, restaurant_id, title, type, userId, id) 
    values
        (?, ?, ?, ?, ?, ?, ?, ?, ?, ?, ?, ?, ?, ?, ?, ?)
Hibernate: 
    insert 
    into
        notifications
        (created_at, deleted_at, delivery_id, isDeleted, isRead, message, metadata, order_id, priority, read_at, related_entity_id, restaurant_id, title, type, userId, id) 
    values
        (?, ?, ?, ?, ?, ?, ?, ?, ?, ?, ?, ?, ?, ?, ?, ?)
2025-07-03 23:42:38.795 [pool-7-thread-3] DEBUG org.hibernate.SQL - 
    select
        u1_0.id,
        u1_0.address,
        u1_0.email,
        u1_0.full_name,
        u1_0.is_active,
        u1_0.password_hash,
        u1_0.phone,
        u1_0.role 
    from
        users u1_0 
    where
        u1_0.id=?
Hibernate: 
    select
        u1_0.id,
        u1_0.address,
        u1_0.email,
        u1_0.full_name,
        u1_0.is_active,
        u1_0.password_hash,
        u1_0.phone,
        u1_0.role 
    from
        users u1_0 
    where
        u1_0.id=?
2025-07-03 23:42:38.796 [pool-7-thread-3] DEBUG org.hibernate.SQL - 
    insert 
    into
        notifications
        (created_at, deleted_at, delivery_id, isDeleted, isRead, message, metadata, order_id, priority, read_at, related_entity_id, restaurant_id, title, type, userId, id) 
    values
        (?, ?, ?, ?, ?, ?, ?, ?, ?, ?, ?, ?, ?, ?, ?, ?)
Hibernate: 
    insert 
    into
        notifications
        (created_at, deleted_at, delivery_id, isDeleted, isRead, message, metadata, order_id, priority, read_at, related_entity_id, restaurant_id, title, type, userId, id) 
    values
        (?, ?, ?, ?, ?, ?, ?, ?, ?, ?, ?, ?, ?, ?, ?, ?)
2025-07-03 23:42:38.798 [pool-7-thread-3] DEBUG org.hibernate.SQL - 
    select
        u1_0.id,
        u1_0.address,
        u1_0.email,
        u1_0.full_name,
        u1_0.is_active,
        u1_0.password_hash,
        u1_0.phone,
        u1_0.role 
    from
        users u1_0 
    where
        u1_0.id=?
Hibernate: 
    select
        u1_0.id,
        u1_0.address,
        u1_0.email,
        u1_0.full_name,
        u1_0.is_active,
        u1_0.password_hash,
        u1_0.phone,
        u1_0.role 
    from
        users u1_0 
    where
        u1_0.id=?
2025-07-03 23:42:38.798 [pool-7-thread-3] DEBUG org.hibernate.SQL - 
    insert 
    into
        notifications
        (created_at, deleted_at, delivery_id, isDeleted, isRead, message, metadata, order_id, priority, read_at, related_entity_id, restaurant_id, title, type, userId, id) 
    values
        (?, ?, ?, ?, ?, ?, ?, ?, ?, ?, ?, ?, ?, ?, ?, ?)
Hibernate: 
    insert 
    into
        notifications
        (created_at, deleted_at, delivery_id, isDeleted, isRead, message, metadata, order_id, priority, read_at, related_entity_id, restaurant_id, title, type, userId, id) 
    values
        (?, ?, ?, ?, ?, ?, ?, ?, ?, ?, ?, ?, ?, ?, ?, ?)
2025-07-03 23:42:38.800 [pool-7-thread-3] DEBUG org.hibernate.SQL - 
    select
        u1_0.id,
        u1_0.address,
        u1_0.email,
        u1_0.full_name,
        u1_0.is_active,
        u1_0.password_hash,
        u1_0.phone,
        u1_0.role 
    from
        users u1_0 
    where
        u1_0.id=?
Hibernate: 
    select
        u1_0.id,
        u1_0.address,
        u1_0.email,
        u1_0.full_name,
        u1_0.is_active,
        u1_0.password_hash,
        u1_0.phone,
        u1_0.role 
    from
        users u1_0 
    where
        u1_0.id=?
2025-07-03 23:42:38.800 [pool-7-thread-3] DEBUG org.hibernate.SQL - 
    insert 
    into
        notifications
        (created_at, deleted_at, delivery_id, isDeleted, isRead, message, metadata, order_id, priority, read_at, related_entity_id, restaurant_id, title, type, userId, id) 
    values
        (?, ?, ?, ?, ?, ?, ?, ?, ?, ?, ?, ?, ?, ?, ?, ?)
Hibernate: 
    insert 
    into
        notifications
        (created_at, deleted_at, delivery_id, isDeleted, isRead, message, metadata, order_id, priority, read_at, related_entity_id, restaurant_id, title, type, userId, id) 
    values
        (?, ?, ?, ?, ?, ?, ?, ?, ?, ?, ?, ?, ?, ?, ?, ?)
2025-07-03 23:42:38.802 [pool-7-thread-3] DEBUG org.hibernate.SQL - 
    select
        u1_0.id,
        u1_0.address,
        u1_0.email,
        u1_0.full_name,
        u1_0.is_active,
        u1_0.password_hash,
        u1_0.phone,
        u1_0.role 
    from
        users u1_0 
    where
        u1_0.id=?
Hibernate: 
    select
        u1_0.id,
        u1_0.address,
        u1_0.email,
        u1_0.full_name,
        u1_0.is_active,
        u1_0.password_hash,
        u1_0.phone,
        u1_0.role 
    from
        users u1_0 
    where
        u1_0.id=?
2025-07-03 23:42:38.802 [pool-7-thread-3] DEBUG org.hibernate.SQL - 
    insert 
    into
        notifications
        (created_at, deleted_at, delivery_id, isDeleted, isRead, message, metadata, order_id, priority, read_at, related_entity_id, restaurant_id, title, type, userId, id) 
    values
        (?, ?, ?, ?, ?, ?, ?, ?, ?, ?, ?, ?, ?, ?, ?, ?)
Hibernate: 
    insert 
    into
        notifications
        (created_at, deleted_at, delivery_id, isDeleted, isRead, message, metadata, order_id, priority, read_at, related_entity_id, restaurant_id, title, type, userId, id) 
    values
        (?, ?, ?, ?, ?, ?, ?, ?, ?, ?, ?, ?, ?, ?, ?, ?)
2025-07-03 23:42:38.804 [pool-7-thread-3] DEBUG org.hibernate.SQL - 
    select
        u1_0.id,
        u1_0.address,
        u1_0.email,
        u1_0.full_name,
        u1_0.is_active,
        u1_0.password_hash,
        u1_0.phone,
        u1_0.role 
    from
        users u1_0 
    where
        u1_0.id=?
Hibernate: 
    select
        u1_0.id,
        u1_0.address,
        u1_0.email,
        u1_0.full_name,
        u1_0.is_active,
        u1_0.password_hash,
        u1_0.phone,
        u1_0.role 
    from
        users u1_0 
    where
        u1_0.id=?
2025-07-03 23:42:38.804 [pool-7-thread-3] DEBUG org.hibernate.SQL - 
    insert 
    into
        notifications
        (created_at, deleted_at, delivery_id, isDeleted, isRead, message, metadata, order_id, priority, read_at, related_entity_id, restaurant_id, title, type, userId, id) 
    values
        (?, ?, ?, ?, ?, ?, ?, ?, ?, ?, ?, ?, ?, ?, ?, ?)
Hibernate: 
    insert 
    into
        notifications
        (created_at, deleted_at, delivery_id, isDeleted, isRead, message, metadata, order_id, priority, read_at, related_entity_id, restaurant_id, title, type, userId, id) 
    values
        (?, ?, ?, ?, ?, ?, ?, ?, ?, ?, ?, ?, ?, ?, ?, ?)
2025-07-03 23:42:38.806 [pool-7-thread-3] DEBUG org.hibernate.SQL - 
    select
        u1_0.id,
        u1_0.address,
        u1_0.email,
        u1_0.full_name,
        u1_0.is_active,
        u1_0.password_hash,
        u1_0.phone,
        u1_0.role 
    from
        users u1_0 
    where
        u1_0.id=?
Hibernate: 
    select
        u1_0.id,
        u1_0.address,
        u1_0.email,
        u1_0.full_name,
        u1_0.is_active,
        u1_0.password_hash,
        u1_0.phone,
        u1_0.role 
    from
        users u1_0 
    where
        u1_0.id=?
2025-07-03 23:42:38.807 [pool-7-thread-3] DEBUG org.hibernate.SQL - 
    insert 
    into
        notifications
        (created_at, deleted_at, delivery_id, isDeleted, isRead, message, metadata, order_id, priority, read_at, related_entity_id, restaurant_id, title, type, userId, id) 
    values
        (?, ?, ?, ?, ?, ?, ?, ?, ?, ?, ?, ?, ?, ?, ?, ?)
Hibernate: 
    insert 
    into
        notifications
        (created_at, deleted_at, delivery_id, isDeleted, isRead, message, metadata, order_id, priority, read_at, related_entity_id, restaurant_id, title, type, userId, id) 
    values
        (?, ?, ?, ?, ?, ?, ?, ?, ?, ?, ?, ?, ?, ?, ?, ?)
2025-07-03 23:42:38.808 [pool-7-thread-3] DEBUG org.hibernate.SQL - 
    select
        u1_0.id,
        u1_0.address,
        u1_0.email,
        u1_0.full_name,
        u1_0.is_active,
        u1_0.password_hash,
        u1_0.phone,
        u1_0.role 
    from
        users u1_0 
    where
        u1_0.id=?
Hibernate: 
    select
        u1_0.id,
        u1_0.address,
        u1_0.email,
        u1_0.full_name,
        u1_0.is_active,
        u1_0.password_hash,
        u1_0.phone,
        u1_0.role 
    from
        users u1_0 
    where
        u1_0.id=?
2025-07-03 23:42:38.809 [pool-7-thread-3] DEBUG org.hibernate.SQL - 
    insert 
    into
        notifications
        (created_at, deleted_at, delivery_id, isDeleted, isRead, message, metadata, order_id, priority, read_at, related_entity_id, restaurant_id, title, type, userId, id) 
    values
        (?, ?, ?, ?, ?, ?, ?, ?, ?, ?, ?, ?, ?, ?, ?, ?)
Hibernate: 
    insert 
    into
        notifications
        (created_at, deleted_at, delivery_id, isDeleted, isRead, message, metadata, order_id, priority, read_at, related_entity_id, restaurant_id, title, type, userId, id) 
    values
        (?, ?, ?, ?, ?, ?, ?, ?, ?, ?, ?, ?, ?, ?, ?, ?)
2025-07-03 23:42:38.855 [main] DEBUG org.hibernate.SQL - 
    select
        u1_0.id,
        u1_0.address,
        u1_0.email,
        u1_0.full_name,
        u1_0.is_active,
        u1_0.password_hash,
        u1_0.phone,
        u1_0.role 
    from
        users u1_0 
    where
        u1_0.id=?
Hibernate: 
    select
        u1_0.id,
        u1_0.address,
        u1_0.email,
        u1_0.full_name,
        u1_0.is_active,
        u1_0.password_hash,
        u1_0.phone,
        u1_0.role 
    from
        users u1_0 
    where
        u1_0.id=?
2025-07-03 23:42:38.856 [main] DEBUG org.hibernate.SQL - 
    select
        n1_0.id,
        n1_0.created_at,
        n1_0.deleted_at,
        n1_0.delivery_id,
        n1_0.isDeleted,
        n1_0.isRead,
        n1_0.message,
        n1_0.metadata,
        n1_0.order_id,
        n1_0.priority,
        n1_0.read_at,
        n1_0.related_entity_id,
        n1_0.restaurant_id,
        n1_0.title,
        n1_0.type,
        n1_0.userId 
    from
        notifications n1_0 
    where
        n1_0.userId=? 
        and n1_0.isDeleted=0 
    order by
        n1_0.created_at desc
Hibernate: 
    select
        n1_0.id,
        n1_0.created_at,
        n1_0.deleted_at,
        n1_0.delivery_id,
        n1_0.isDeleted,
        n1_0.isRead,
        n1_0.message,
        n1_0.metadata,
        n1_0.order_id,
        n1_0.priority,
        n1_0.read_at,
        n1_0.related_entity_id,
        n1_0.restaurant_id,
        n1_0.title,
        n1_0.type,
        n1_0.userId 
    from
        notifications n1_0 
    where
        n1_0.userId=? 
        and n1_0.isDeleted=0 
    order by
        n1_0.created_at desc
2025-07-03 23:42:38.856 [main] DEBUG org.hibernate.SQL - 
    select
        u1_0.id,
        u1_0.address,
        u1_0.email,
        u1_0.full_name,
        u1_0.is_active,
        u1_0.password_hash,
        u1_0.phone,
        u1_0.role 
    from
        users u1_0 
    where
        u1_0.id=?
Hibernate: 
    select
        u1_0.id,
        u1_0.address,
        u1_0.email,
        u1_0.full_name,
        u1_0.is_active,
        u1_0.password_hash,
        u1_0.phone,
        u1_0.role 
    from
        users u1_0 
    where
        u1_0.id=?
2025-07-03 23:42:38.856 [main] DEBUG org.hibernate.SQL - 
    select
        count(n1_0.id) 
    from
        notifications n1_0 
    where
        n1_0.userId=? 
        and n1_0.isRead=0 
        and n1_0.isDeleted=0
Hibernate: 
    select
        count(n1_0.id) 
    from
        notifications n1_0 
    where
        n1_0.userId=? 
        and n1_0.isRead=0 
        and n1_0.isDeleted=0
]]></system-out>
  </testcase>
  <testcase name="shouldHandleConcurrentReadUnreadOperationsCorrectly" classname="com.myapp.notification.NotificationIntegrationTest$ConcurrencyAndPerformanceTest" time="0.085">
    <system-out><![CDATA[2025-07-03 23:42:38.857 [main] DEBUG org.hibernate.SQL - 
    delete 
    from
        notifications
Hibernate: 
    delete 
    from
        notifications
2025-07-03 23:42:38.859 [main] DEBUG c.myapp.common.TestDatabaseManager - Cleaned all notification data from test database
2025-07-03 23:42:38.859 [main] DEBUG org.hibernate.SQL - 
    select
        u1_0.id,
        u1_0.address,
        u1_0.email,
        u1_0.full_name,
        u1_0.is_active,
        u1_0.password_hash,
        u1_0.phone,
        u1_0.role 
    from
        users u1_0 
    where
        u1_0.id=?
Hibernate: 
    select
        u1_0.id,
        u1_0.address,
        u1_0.email,
        u1_0.full_name,
        u1_0.is_active,
        u1_0.password_hash,
        u1_0.phone,
        u1_0.role 
    from
        users u1_0 
    where
        u1_0.id=?
2025-07-03 23:42:38.859 [main] DEBUG org.hibernate.SQL - 
    select
        u1_0.id,
        u1_0.address,
        u1_0.email,
        u1_0.full_name,
        u1_0.is_active,
        u1_0.password_hash,
        u1_0.phone,
        u1_0.role 
    from
        users u1_0 
    where
        u1_0.id=?
Hibernate: 
    select
        u1_0.id,
        u1_0.address,
        u1_0.email,
        u1_0.full_name,
        u1_0.is_active,
        u1_0.password_hash,
        u1_0.phone,
        u1_0.role 
    from
        users u1_0 
    where
        u1_0.id=?
2025-07-03 23:42:38.859 [main] DEBUG org.hibernate.SQL - 
    select
        u1_0.id,
        u1_0.address,
        u1_0.email,
        u1_0.full_name,
        u1_0.is_active,
        u1_0.password_hash,
        u1_0.phone,
        u1_0.role 
    from
        users u1_0 
    where
        u1_0.id=?
Hibernate: 
    select
        u1_0.id,
        u1_0.address,
        u1_0.email,
        u1_0.full_name,
        u1_0.is_active,
        u1_0.password_hash,
        u1_0.phone,
        u1_0.role 
    from
        users u1_0 
    where
        u1_0.id=?
🔄 Starting concurrent read/unread operations test...
2025-07-03 23:42:38.860 [main] DEBUG org.hibernate.SQL - 
    select
        u1_0.id,
        u1_0.address,
        u1_0.email,
        u1_0.full_name,
        u1_0.is_active,
        u1_0.password_hash,
        u1_0.phone,
        u1_0.role 
    from
        users u1_0 
    where
        u1_0.id=?
Hibernate: 
    select
        u1_0.id,
        u1_0.address,
        u1_0.email,
        u1_0.full_name,
        u1_0.is_active,
        u1_0.password_hash,
        u1_0.phone,
        u1_0.role 
    from
        users u1_0 
    where
        u1_0.id=?
2025-07-03 23:42:38.860 [main] DEBUG org.hibernate.SQL - 
    insert 
    into
        notifications
        (created_at, deleted_at, delivery_id, isDeleted, isRead, message, metadata, order_id, priority, read_at, related_entity_id, restaurant_id, title, type, userId, id) 
    values
        (?, ?, ?, ?, ?, ?, ?, ?, ?, ?, ?, ?, ?, ?, ?, ?)
Hibernate: 
    insert 
    into
        notifications
        (created_at, deleted_at, delivery_id, isDeleted, isRead, message, metadata, order_id, priority, read_at, related_entity_id, restaurant_id, title, type, userId, id) 
    values
        (?, ?, ?, ?, ?, ?, ?, ?, ?, ?, ?, ?, ?, ?, ?, ?)
2025-07-03 23:42:38.862 [main] DEBUG org.hibernate.SQL - 
    select
        u1_0.id,
        u1_0.address,
        u1_0.email,
        u1_0.full_name,
        u1_0.is_active,
        u1_0.password_hash,
        u1_0.phone,
        u1_0.role 
    from
        users u1_0 
    where
        u1_0.id=?
Hibernate: 
    select
        u1_0.id,
        u1_0.address,
        u1_0.email,
        u1_0.full_name,
        u1_0.is_active,
        u1_0.password_hash,
        u1_0.phone,
        u1_0.role 
    from
        users u1_0 
    where
        u1_0.id=?
2025-07-03 23:42:38.862 [main] DEBUG org.hibernate.SQL - 
    insert 
    into
        notifications
        (created_at, deleted_at, delivery_id, isDeleted, isRead, message, metadata, order_id, priority, read_at, related_entity_id, restaurant_id, title, type, userId, id) 
    values
        (?, ?, ?, ?, ?, ?, ?, ?, ?, ?, ?, ?, ?, ?, ?, ?)
Hibernate: 
    insert 
    into
        notifications
        (created_at, deleted_at, delivery_id, isDeleted, isRead, message, metadata, order_id, priority, read_at, related_entity_id, restaurant_id, title, type, userId, id) 
    values
        (?, ?, ?, ?, ?, ?, ?, ?, ?, ?, ?, ?, ?, ?, ?, ?)
2025-07-03 23:42:38.864 [main] DEBUG org.hibernate.SQL - 
    select
        u1_0.id,
        u1_0.address,
        u1_0.email,
        u1_0.full_name,
        u1_0.is_active,
        u1_0.password_hash,
        u1_0.phone,
        u1_0.role 
    from
        users u1_0 
    where
        u1_0.id=?
Hibernate: 
    select
        u1_0.id,
        u1_0.address,
        u1_0.email,
        u1_0.full_name,
        u1_0.is_active,
        u1_0.password_hash,
        u1_0.phone,
        u1_0.role 
    from
        users u1_0 
    where
        u1_0.id=?
2025-07-03 23:42:38.864 [main] DEBUG org.hibernate.SQL - 
    insert 
    into
        notifications
        (created_at, deleted_at, delivery_id, isDeleted, isRead, message, metadata, order_id, priority, read_at, related_entity_id, restaurant_id, title, type, userId, id) 
    values
        (?, ?, ?, ?, ?, ?, ?, ?, ?, ?, ?, ?, ?, ?, ?, ?)
Hibernate: 
    insert 
    into
        notifications
        (created_at, deleted_at, delivery_id, isDeleted, isRead, message, metadata, order_id, priority, read_at, related_entity_id, restaurant_id, title, type, userId, id) 
    values
        (?, ?, ?, ?, ?, ?, ?, ?, ?, ?, ?, ?, ?, ?, ?, ?)
2025-07-03 23:42:38.868 [main] DEBUG org.hibernate.SQL - 
    select
        u1_0.id,
        u1_0.address,
        u1_0.email,
        u1_0.full_name,
        u1_0.is_active,
        u1_0.password_hash,
        u1_0.phone,
        u1_0.role 
    from
        users u1_0 
    where
        u1_0.id=?
Hibernate: 
    select
        u1_0.id,
        u1_0.address,
        u1_0.email,
        u1_0.full_name,
        u1_0.is_active,
        u1_0.password_hash,
        u1_0.phone,
        u1_0.role 
    from
        users u1_0 
    where
        u1_0.id=?
2025-07-03 23:42:38.868 [main] DEBUG org.hibernate.SQL - 
    insert 
    into
        notifications
        (created_at, deleted_at, delivery_id, isDeleted, isRead, message, metadata, order_id, priority, read_at, related_entity_id, restaurant_id, title, type, userId, id) 
    values
        (?, ?, ?, ?, ?, ?, ?, ?, ?, ?, ?, ?, ?, ?, ?, ?)
Hibernate: 
    insert 
    into
        notifications
        (created_at, deleted_at, delivery_id, isDeleted, isRead, message, metadata, order_id, priority, read_at, related_entity_id, restaurant_id, title, type, userId, id) 
    values
        (?, ?, ?, ?, ?, ?, ?, ?, ?, ?, ?, ?, ?, ?, ?, ?)
2025-07-03 23:42:38.870 [main] DEBUG org.hibernate.SQL - 
    select
        u1_0.id,
        u1_0.address,
        u1_0.email,
        u1_0.full_name,
        u1_0.is_active,
        u1_0.password_hash,
        u1_0.phone,
        u1_0.role 
    from
        users u1_0 
    where
        u1_0.id=?
Hibernate: 
    select
        u1_0.id,
        u1_0.address,
        u1_0.email,
        u1_0.full_name,
        u1_0.is_active,
        u1_0.password_hash,
        u1_0.phone,
        u1_0.role 
    from
        users u1_0 
    where
        u1_0.id=?
2025-07-03 23:42:38.870 [main] DEBUG org.hibernate.SQL - 
    insert 
    into
        notifications
        (created_at, deleted_at, delivery_id, isDeleted, isRead, message, metadata, order_id, priority, read_at, related_entity_id, restaurant_id, title, type, userId, id) 
    values
        (?, ?, ?, ?, ?, ?, ?, ?, ?, ?, ?, ?, ?, ?, ?, ?)
Hibernate: 
    insert 
    into
        notifications
        (created_at, deleted_at, delivery_id, isDeleted, isRead, message, metadata, order_id, priority, read_at, related_entity_id, restaurant_id, title, type, userId, id) 
    values
        (?, ?, ?, ?, ?, ?, ?, ?, ?, ?, ?, ?, ?, ?, ?, ?)
2025-07-03 23:42:38.873 [main] DEBUG org.hibernate.SQL - 
    select
        u1_0.id,
        u1_0.address,
        u1_0.email,
        u1_0.full_name,
        u1_0.is_active,
        u1_0.password_hash,
        u1_0.phone,
        u1_0.role 
    from
        users u1_0 
    where
        u1_0.id=?
Hibernate: 
    select
        u1_0.id,
        u1_0.address,
        u1_0.email,
        u1_0.full_name,
        u1_0.is_active,
        u1_0.password_hash,
        u1_0.phone,
        u1_0.role 
    from
        users u1_0 
    where
        u1_0.id=?
2025-07-03 23:42:38.873 [main] DEBUG org.hibernate.SQL - 
    insert 
    into
        notifications
        (created_at, deleted_at, delivery_id, isDeleted, isRead, message, metadata, order_id, priority, read_at, related_entity_id, restaurant_id, title, type, userId, id) 
    values
        (?, ?, ?, ?, ?, ?, ?, ?, ?, ?, ?, ?, ?, ?, ?, ?)
Hibernate: 
    insert 
    into
        notifications
        (created_at, deleted_at, delivery_id, isDeleted, isRead, message, metadata, order_id, priority, read_at, related_entity_id, restaurant_id, title, type, userId, id) 
    values
        (?, ?, ?, ?, ?, ?, ?, ?, ?, ?, ?, ?, ?, ?, ?, ?)
2025-07-03 23:42:38.875 [main] DEBUG org.hibernate.SQL - 
    select
        u1_0.id,
        u1_0.address,
        u1_0.email,
        u1_0.full_name,
        u1_0.is_active,
        u1_0.password_hash,
        u1_0.phone,
        u1_0.role 
    from
        users u1_0 
    where
        u1_0.id=?
Hibernate: 
    select
        u1_0.id,
        u1_0.address,
        u1_0.email,
        u1_0.full_name,
        u1_0.is_active,
        u1_0.password_hash,
        u1_0.phone,
        u1_0.role 
    from
        users u1_0 
    where
        u1_0.id=?
2025-07-03 23:42:38.875 [main] DEBUG org.hibernate.SQL - 
    insert 
    into
        notifications
        (created_at, deleted_at, delivery_id, isDeleted, isRead, message, metadata, order_id, priority, read_at, related_entity_id, restaurant_id, title, type, userId, id) 
    values
        (?, ?, ?, ?, ?, ?, ?, ?, ?, ?, ?, ?, ?, ?, ?, ?)
Hibernate: 
    insert 
    into
        notifications
        (created_at, deleted_at, delivery_id, isDeleted, isRead, message, metadata, order_id, priority, read_at, related_entity_id, restaurant_id, title, type, userId, id) 
    values
        (?, ?, ?, ?, ?, ?, ?, ?, ?, ?, ?, ?, ?, ?, ?, ?)
2025-07-03 23:42:38.877 [main] DEBUG org.hibernate.SQL - 
    select
        u1_0.id,
        u1_0.address,
        u1_0.email,
        u1_0.full_name,
        u1_0.is_active,
        u1_0.password_hash,
        u1_0.phone,
        u1_0.role 
    from
        users u1_0 
    where
        u1_0.id=?
Hibernate: 
    select
        u1_0.id,
        u1_0.address,
        u1_0.email,
        u1_0.full_name,
        u1_0.is_active,
        u1_0.password_hash,
        u1_0.phone,
        u1_0.role 
    from
        users u1_0 
    where
        u1_0.id=?
2025-07-03 23:42:38.877 [main] DEBUG org.hibernate.SQL - 
    insert 
    into
        notifications
        (created_at, deleted_at, delivery_id, isDeleted, isRead, message, metadata, order_id, priority, read_at, related_entity_id, restaurant_id, title, type, userId, id) 
    values
        (?, ?, ?, ?, ?, ?, ?, ?, ?, ?, ?, ?, ?, ?, ?, ?)
Hibernate: 
    insert 
    into
        notifications
        (created_at, deleted_at, delivery_id, isDeleted, isRead, message, metadata, order_id, priority, read_at, related_entity_id, restaurant_id, title, type, userId, id) 
    values
        (?, ?, ?, ?, ?, ?, ?, ?, ?, ?, ?, ?, ?, ?, ?, ?)
2025-07-03 23:42:38.879 [main] DEBUG org.hibernate.SQL - 
    select
        u1_0.id,
        u1_0.address,
        u1_0.email,
        u1_0.full_name,
        u1_0.is_active,
        u1_0.password_hash,
        u1_0.phone,
        u1_0.role 
    from
        users u1_0 
    where
        u1_0.id=?
Hibernate: 
    select
        u1_0.id,
        u1_0.address,
        u1_0.email,
        u1_0.full_name,
        u1_0.is_active,
        u1_0.password_hash,
        u1_0.phone,
        u1_0.role 
    from
        users u1_0 
    where
        u1_0.id=?
2025-07-03 23:42:38.879 [main] DEBUG org.hibernate.SQL - 
    insert 
    into
        notifications
        (created_at, deleted_at, delivery_id, isDeleted, isRead, message, metadata, order_id, priority, read_at, related_entity_id, restaurant_id, title, type, userId, id) 
    values
        (?, ?, ?, ?, ?, ?, ?, ?, ?, ?, ?, ?, ?, ?, ?, ?)
Hibernate: 
    insert 
    into
        notifications
        (created_at, deleted_at, delivery_id, isDeleted, isRead, message, metadata, order_id, priority, read_at, related_entity_id, restaurant_id, title, type, userId, id) 
    values
        (?, ?, ?, ?, ?, ?, ?, ?, ?, ?, ?, ?, ?, ?, ?, ?)
2025-07-03 23:42:38.881 [main] DEBUG org.hibernate.SQL - 
    select
        u1_0.id,
        u1_0.address,
        u1_0.email,
        u1_0.full_name,
        u1_0.is_active,
        u1_0.password_hash,
        u1_0.phone,
        u1_0.role 
    from
        users u1_0 
    where
        u1_0.id=?
Hibernate: 
    select
        u1_0.id,
        u1_0.address,
        u1_0.email,
        u1_0.full_name,
        u1_0.is_active,
        u1_0.password_hash,
        u1_0.phone,
        u1_0.role 
    from
        users u1_0 
    where
        u1_0.id=?
2025-07-03 23:42:38.881 [main] DEBUG org.hibernate.SQL - 
    insert 
    into
        notifications
        (created_at, deleted_at, delivery_id, isDeleted, isRead, message, metadata, order_id, priority, read_at, related_entity_id, restaurant_id, title, type, userId, id) 
    values
        (?, ?, ?, ?, ?, ?, ?, ?, ?, ?, ?, ?, ?, ?, ?, ?)
Hibernate: 
    insert 
    into
        notifications
        (created_at, deleted_at, delivery_id, isDeleted, isRead, message, metadata, order_id, priority, read_at, related_entity_id, restaurant_id, title, type, userId, id) 
    values
        (?, ?, ?, ?, ?, ?, ?, ?, ?, ?, ?, ?, ?, ?, ?, ?)
2025-07-03 23:42:38.883 [main] DEBUG org.hibernate.SQL - 
    select
        u1_0.id,
        u1_0.address,
        u1_0.email,
        u1_0.full_name,
        u1_0.is_active,
        u1_0.password_hash,
        u1_0.phone,
        u1_0.role 
    from
        users u1_0 
    where
        u1_0.id=?
Hibernate: 
    select
        u1_0.id,
        u1_0.address,
        u1_0.email,
        u1_0.full_name,
        u1_0.is_active,
        u1_0.password_hash,
        u1_0.phone,
        u1_0.role 
    from
        users u1_0 
    where
        u1_0.id=?
2025-07-03 23:42:38.884 [main] DEBUG org.hibernate.SQL - 
    select
        n1_0.id,
        n1_0.created_at,
        n1_0.deleted_at,
        n1_0.delivery_id,
        n1_0.isDeleted,
        n1_0.isRead,
        n1_0.message,
        n1_0.metadata,
        n1_0.order_id,
        n1_0.priority,
        n1_0.read_at,
        n1_0.related_entity_id,
        n1_0.restaurant_id,
        n1_0.title,
        n1_0.type,
        n1_0.userId 
    from
        notifications n1_0 
    where
        n1_0.userId=? 
        and n1_0.isDeleted=0 
    order by
        n1_0.created_at desc
Hibernate: 
    select
        n1_0.id,
        n1_0.created_at,
        n1_0.deleted_at,
        n1_0.delivery_id,
        n1_0.isDeleted,
        n1_0.isRead,
        n1_0.message,
        n1_0.metadata,
        n1_0.order_id,
        n1_0.priority,
        n1_0.read_at,
        n1_0.related_entity_id,
        n1_0.restaurant_id,
        n1_0.title,
        n1_0.type,
        n1_0.userId 
    from
        notifications n1_0 
    where
        n1_0.userId=? 
        and n1_0.isDeleted=0 
    order by
        n1_0.created_at desc
✅ Created 10 notifications for concurrent testing
2025-07-03 23:42:38.885 [pool-8-thread-1] DEBUG org.hibernate.SQL - 
    select
        n1_0.id,
        n1_0.created_at,
        n1_0.deleted_at,
        n1_0.delivery_id,
        n1_0.isDeleted,
        n1_0.isRead,
        n1_0.message,
        n1_0.metadata,
        n1_0.order_id,
        n1_0.priority,
        n1_0.read_at,
        n1_0.related_entity_id,
        n1_0.restaurant_id,
        n1_0.title,
        n1_0.type,
        n1_0.userId 
    from
        notifications n1_0 
    where
        n1_0.id=?
Hibernate: 
    select
        n1_0.id,
        n1_0.created_at,
        n1_0.deleted_at,
        n1_0.delivery_id,
        n1_0.isDeleted,
        n1_0.isRead,
        n1_0.message,
        n1_0.metadata,
        n1_0.order_id,
        n1_0.priority,
        n1_0.read_at,
        n1_0.related_entity_id,
        n1_0.restaurant_id,
        n1_0.title,
        n1_0.type,
        n1_0.userId 
    from
        notifications n1_0 
    where
        n1_0.id=?
2025-07-03 23:42:38.885 [pool-8-thread-2] DEBUG org.hibernate.SQL - 
    select
        n1_0.id,
        n1_0.created_at,
        n1_0.deleted_at,
        n1_0.delivery_id,
        n1_0.isDeleted,
        n1_0.isRead,
        n1_0.message,
        n1_0.metadata,
        n1_0.order_id,
        n1_0.priority,
        n1_0.read_at,
        n1_0.related_entity_id,
        n1_0.restaurant_id,
        n1_0.title,
        n1_0.type,
        n1_0.userId 
    from
        notifications n1_0 
    where
        n1_0.id=?
Hibernate: 
    select
        n1_0.id,
        n1_0.created_at,
        n1_0.deleted_at,
        n1_0.delivery_id,
        n1_0.isDeleted,
        n1_0.isRead,
        n1_0.message,
        n1_0.metadata,
        n1_0.order_id,
        n1_0.priority,
        n1_0.read_at,
        n1_0.related_entity_id,
        n1_0.restaurant_id,
        n1_0.title,
        n1_0.type,
        n1_0.userId 
    from
        notifications n1_0 
    where
        n1_0.id=?
2025-07-03 23:42:38.885 [pool-8-thread-1] DEBUG org.hibernate.SQL - 
    select
        n1_0.id,
        n1_0.created_at,
        n1_0.deleted_at,
        n1_0.delivery_id,
        n1_0.isDeleted,
        n1_0.isRead,
        n1_0.message,
        n1_0.metadata,
        n1_0.order_id,
        n1_0.priority,
        n1_0.read_at,
        n1_0.related_entity_id,
        n1_0.restaurant_id,
        n1_0.title,
        n1_0.type,
        n1_0.userId 
    from
        notifications n1_0 
    where
        n1_0.id=?
Hibernate: 
    select
        n1_0.id,
        n1_0.created_at,
        n1_0.deleted_at,
        n1_0.delivery_id,
        n1_0.isDeleted,
        n1_0.isRead,
        n1_0.message,
        n1_0.metadata,
        n1_0.order_id,
        n1_0.priority,
        n1_0.read_at,
        n1_0.related_entity_id,
        n1_0.restaurant_id,
        n1_0.title,
        n1_0.type,
        n1_0.userId 
    from
        notifications n1_0 
    where
        n1_0.id=?
2025-07-03 23:42:38.885 [pool-8-thread-2] DEBUG org.hibernate.SQL - 
    select
        n1_0.id,
        n1_0.created_at,
        n1_0.deleted_at,
        n1_0.delivery_id,
        n1_0.isDeleted,
        n1_0.isRead,
        n1_0.message,
        n1_0.metadata,
        n1_0.order_id,
        n1_0.priority,
        n1_0.read_at,
        n1_0.related_entity_id,
        n1_0.restaurant_id,
        n1_0.title,
        n1_0.type,
        n1_0.userId 
    from
        notifications n1_0 
    where
        n1_0.id=?
Hibernate: 
    select
        n1_0.id,
        n1_0.created_at,
        n1_0.deleted_at,
        n1_0.delivery_id,
        n1_0.isDeleted,
        n1_0.isRead,
        n1_0.message,
        n1_0.metadata,
        n1_0.order_id,
        n1_0.priority,
        n1_0.read_at,
        n1_0.related_entity_id,
        n1_0.restaurant_id,
        n1_0.title,
        n1_0.type,
        n1_0.userId 
    from
        notifications n1_0 
    where
        n1_0.id=?
2025-07-03 23:42:38.885 [pool-8-thread-2] DEBUG org.hibernate.SQL - 
    update
        notifications 
    set
        created_at=?,
        deleted_at=?,
        delivery_id=?,
        isDeleted=?,
        isRead=?,
        message=?,
        metadata=?,
        order_id=?,
        priority=?,
        read_at=?,
        related_entity_id=?,
        restaurant_id=?,
        title=?,
        type=?,
        userId=? 
    where
        id=?
Hibernate: 
    update
        notifications 
    set
        created_at=?,
        deleted_at=?,
        delivery_id=?,
        isDeleted=?,
        isRead=?,
        message=?,
        metadata=?,
        order_id=?,
        priority=?,
        read_at=?,
        related_entity_id=?,
        restaurant_id=?,
        title=?,
        type=?,
        userId=? 
    where
        id=?
2025-07-03 23:42:38.886 [pool-8-thread-1] DEBUG org.hibernate.SQL - 
    update
        notifications 
    set
        created_at=?,
        deleted_at=?,
        delivery_id=?,
        isDeleted=?,
        isRead=?,
        message=?,
        metadata=?,
        order_id=?,
        priority=?,
        read_at=?,
        related_entity_id=?,
        restaurant_id=?,
        title=?,
        type=?,
        userId=? 
    where
        id=?
Hibernate: 
    update
        notifications 
    set
        created_at=?,
        deleted_at=?,
        delivery_id=?,
        isDeleted=?,
        isRead=?,
        message=?,
        metadata=?,
        order_id=?,
        priority=?,
        read_at=?,
        related_entity_id=?,
        restaurant_id=?,
        title=?,
        type=?,
        userId=? 
    where
        id=?
2025-07-03 23:42:38.886 [pool-8-thread-1] ERROR org.hibernate.orm.jdbc.batch - HHH100501: Exception executing batch [org.sqlite.SQLiteException: [SQLITE_BUSY] The database file is locked (database is locked)], SQL: update notifications set created_at=?,deleted_at=?,delivery_id=?,isDeleted=?,isRead=?,message=?,metadata=?,order_id=?,priority=?,read_at=?,related_entity_id=?,restaurant_id=?,title=?,type=?,userId=? where id=?
2025-07-03 23:42:38.886 [pool-8-thread-1] WARN  o.h.e.jdbc.spi.SqlExceptionHelper - SQL Error: 5, SQLState: null
2025-07-03 23:42:38.886 [pool-8-thread-1] ERROR o.h.e.jdbc.spi.SqlExceptionHelper - [SQLITE_BUSY] The database file is locked (database is locked)
2025-07-03 23:42:38.888 [pool-8-thread-2] DEBUG org.hibernate.SQL - 
    select
        n1_0.id,
        n1_0.created_at,
        n1_0.deleted_at,
        n1_0.delivery_id,
        n1_0.isDeleted,
        n1_0.isRead,
        n1_0.message,
        n1_0.metadata,
        n1_0.order_id,
        n1_0.priority,
        n1_0.read_at,
        n1_0.related_entity_id,
        n1_0.restaurant_id,
        n1_0.title,
        n1_0.type,
        n1_0.userId 
    from
        notifications n1_0 
    where
        n1_0.id=?
Hibernate: 
    select
        n1_0.id,
        n1_0.created_at,
        n1_0.deleted_at,
        n1_0.delivery_id,
        n1_0.isDeleted,
        n1_0.isRead,
        n1_0.message,
        n1_0.metadata,
        n1_0.order_id,
        n1_0.priority,
        n1_0.read_at,
        n1_0.related_entity_id,
        n1_0.restaurant_id,
        n1_0.title,
        n1_0.type,
        n1_0.userId 
    from
        notifications n1_0 
    where
        n1_0.id=?
2025-07-03 23:42:38.888 [pool-8-thread-2] DEBUG org.hibernate.SQL - 
    select
        n1_0.id,
        n1_0.created_at,
        n1_0.deleted_at,
        n1_0.delivery_id,
        n1_0.isDeleted,
        n1_0.isRead,
        n1_0.message,
        n1_0.metadata,
        n1_0.order_id,
        n1_0.priority,
        n1_0.read_at,
        n1_0.related_entity_id,
        n1_0.restaurant_id,
        n1_0.title,
        n1_0.type,
        n1_0.userId 
    from
        notifications n1_0 
    where
        n1_0.id=?
Hibernate: 
    select
        n1_0.id,
        n1_0.created_at,
        n1_0.deleted_at,
        n1_0.delivery_id,
        n1_0.isDeleted,
        n1_0.isRead,
        n1_0.message,
        n1_0.metadata,
        n1_0.order_id,
        n1_0.priority,
        n1_0.read_at,
        n1_0.related_entity_id,
        n1_0.restaurant_id,
        n1_0.title,
        n1_0.type,
        n1_0.userId 
    from
        notifications n1_0 
    where
        n1_0.id=?
2025-07-03 23:42:38.888 [pool-8-thread-2] DEBUG org.hibernate.SQL - 
    update
        notifications 
    set
        created_at=?,
        deleted_at=?,
        delivery_id=?,
        isDeleted=?,
        isRead=?,
        message=?,
        metadata=?,
        order_id=?,
        priority=?,
        read_at=?,
        related_entity_id=?,
        restaurant_id=?,
        title=?,
        type=?,
        userId=? 
    where
        id=?
Hibernate: 
    update
        notifications 
    set
        created_at=?,
        deleted_at=?,
        delivery_id=?,
        isDeleted=?,
        isRead=?,
        message=?,
        metadata=?,
        order_id=?,
        priority=?,
        read_at=?,
        related_entity_id=?,
        restaurant_id=?,
        title=?,
        type=?,
        userId=? 
    where
        id=?
2025-07-03 23:42:38.890 [pool-8-thread-2] DEBUG org.hibernate.SQL - 
    select
        n1_0.id,
        n1_0.created_at,
        n1_0.deleted_at,
        n1_0.delivery_id,
        n1_0.isDeleted,
        n1_0.isRead,
        n1_0.message,
        n1_0.metadata,
        n1_0.order_id,
        n1_0.priority,
        n1_0.read_at,
        n1_0.related_entity_id,
        n1_0.restaurant_id,
        n1_0.title,
        n1_0.type,
        n1_0.userId 
    from
        notifications n1_0 
    where
        n1_0.id=?
Hibernate: 
    select
        n1_0.id,
        n1_0.created_at,
        n1_0.deleted_at,
        n1_0.delivery_id,
        n1_0.isDeleted,
        n1_0.isRead,
        n1_0.message,
        n1_0.metadata,
        n1_0.order_id,
        n1_0.priority,
        n1_0.read_at,
        n1_0.related_entity_id,
        n1_0.restaurant_id,
        n1_0.title,
        n1_0.type,
        n1_0.userId 
    from
        notifications n1_0 
    where
        n1_0.id=?
2025-07-03 23:42:38.890 [pool-8-thread-2] DEBUG org.hibernate.SQL - 
    select
        n1_0.id,
        n1_0.created_at,
        n1_0.deleted_at,
        n1_0.delivery_id,
        n1_0.isDeleted,
        n1_0.isRead,
        n1_0.message,
        n1_0.metadata,
        n1_0.order_id,
        n1_0.priority,
        n1_0.read_at,
        n1_0.related_entity_id,
        n1_0.restaurant_id,
        n1_0.title,
        n1_0.type,
        n1_0.userId 
    from
        notifications n1_0 
    where
        n1_0.id=?
Hibernate: 
    select
        n1_0.id,
        n1_0.created_at,
        n1_0.deleted_at,
        n1_0.delivery_id,
        n1_0.isDeleted,
        n1_0.isRead,
        n1_0.message,
        n1_0.metadata,
        n1_0.order_id,
        n1_0.priority,
        n1_0.read_at,
        n1_0.related_entity_id,
        n1_0.restaurant_id,
        n1_0.title,
        n1_0.type,
        n1_0.userId 
    from
        notifications n1_0 
    where
        n1_0.id=?
2025-07-03 23:42:38.890 [pool-8-thread-2] DEBUG org.hibernate.SQL - 
    update
        notifications 
    set
        created_at=?,
        deleted_at=?,
        delivery_id=?,
        isDeleted=?,
        isRead=?,
        message=?,
        metadata=?,
        order_id=?,
        priority=?,
        read_at=?,
        related_entity_id=?,
        restaurant_id=?,
        title=?,
        type=?,
        userId=? 
    where
        id=?
Hibernate: 
    update
        notifications 
    set
        created_at=?,
        deleted_at=?,
        delivery_id=?,
        isDeleted=?,
        isRead=?,
        message=?,
        metadata=?,
        order_id=?,
        priority=?,
        read_at=?,
        related_entity_id=?,
        restaurant_id=?,
        title=?,
        type=?,
        userId=? 
    where
        id=?
2025-07-03 23:42:38.892 [pool-8-thread-2] DEBUG org.hibernate.SQL - 
    select
        n1_0.id,
        n1_0.created_at,
        n1_0.deleted_at,
        n1_0.delivery_id,
        n1_0.isDeleted,
        n1_0.isRead,
        n1_0.message,
        n1_0.metadata,
        n1_0.order_id,
        n1_0.priority,
        n1_0.read_at,
        n1_0.related_entity_id,
        n1_0.restaurant_id,
        n1_0.title,
        n1_0.type,
        n1_0.userId 
    from
        notifications n1_0 
    where
        n1_0.id=?
Hibernate: 
    select
        n1_0.id,
        n1_0.created_at,
        n1_0.deleted_at,
        n1_0.delivery_id,
        n1_0.isDeleted,
        n1_0.isRead,
        n1_0.message,
        n1_0.metadata,
        n1_0.order_id,
        n1_0.priority,
        n1_0.read_at,
        n1_0.related_entity_id,
        n1_0.restaurant_id,
        n1_0.title,
        n1_0.type,
        n1_0.userId 
    from
        notifications n1_0 
    where
        n1_0.id=?
2025-07-03 23:42:38.892 [pool-8-thread-2] DEBUG org.hibernate.SQL - 
    select
        n1_0.id,
        n1_0.created_at,
        n1_0.deleted_at,
        n1_0.delivery_id,
        n1_0.isDeleted,
        n1_0.isRead,
        n1_0.message,
        n1_0.metadata,
        n1_0.order_id,
        n1_0.priority,
        n1_0.read_at,
        n1_0.related_entity_id,
        n1_0.restaurant_id,
        n1_0.title,
        n1_0.type,
        n1_0.userId 
    from
        notifications n1_0 
    where
        n1_0.id=?
Hibernate: 
    select
        n1_0.id,
        n1_0.created_at,
        n1_0.deleted_at,
        n1_0.delivery_id,
        n1_0.isDeleted,
        n1_0.isRead,
        n1_0.message,
        n1_0.metadata,
        n1_0.order_id,
        n1_0.priority,
        n1_0.read_at,
        n1_0.related_entity_id,
        n1_0.restaurant_id,
        n1_0.title,
        n1_0.type,
        n1_0.userId 
    from
        notifications n1_0 
    where
        n1_0.id=?
2025-07-03 23:42:38.893 [pool-8-thread-2] DEBUG org.hibernate.SQL - 
    update
        notifications 
    set
        created_at=?,
        deleted_at=?,
        delivery_id=?,
        isDeleted=?,
        isRead=?,
        message=?,
        metadata=?,
        order_id=?,
        priority=?,
        read_at=?,
        related_entity_id=?,
        restaurant_id=?,
        title=?,
        type=?,
        userId=? 
    where
        id=?
Hibernate: 
    update
        notifications 
    set
        created_at=?,
        deleted_at=?,
        delivery_id=?,
        isDeleted=?,
        isRead=?,
        message=?,
        metadata=?,
        order_id=?,
        priority=?,
        read_at=?,
        related_entity_id=?,
        restaurant_id=?,
        title=?,
        type=?,
        userId=? 
    where
        id=?
2025-07-03 23:42:38.895 [pool-8-thread-2] DEBUG org.hibernate.SQL - 
    select
        n1_0.id,
        n1_0.created_at,
        n1_0.deleted_at,
        n1_0.delivery_id,
        n1_0.isDeleted,
        n1_0.isRead,
        n1_0.message,
        n1_0.metadata,
        n1_0.order_id,
        n1_0.priority,
        n1_0.read_at,
        n1_0.related_entity_id,
        n1_0.restaurant_id,
        n1_0.title,
        n1_0.type,
        n1_0.userId 
    from
        notifications n1_0 
    where
        n1_0.id=?
Hibernate: 
    select
        n1_0.id,
        n1_0.created_at,
        n1_0.deleted_at,
        n1_0.delivery_id,
        n1_0.isDeleted,
        n1_0.isRead,
        n1_0.message,
        n1_0.metadata,
        n1_0.order_id,
        n1_0.priority,
        n1_0.read_at,
        n1_0.related_entity_id,
        n1_0.restaurant_id,
        n1_0.title,
        n1_0.type,
        n1_0.userId 
    from
        notifications n1_0 
    where
        n1_0.id=?
2025-07-03 23:42:38.895 [pool-8-thread-2] DEBUG org.hibernate.SQL - 
    select
        n1_0.id,
        n1_0.created_at,
        n1_0.deleted_at,
        n1_0.delivery_id,
        n1_0.isDeleted,
        n1_0.isRead,
        n1_0.message,
        n1_0.metadata,
        n1_0.order_id,
        n1_0.priority,
        n1_0.read_at,
        n1_0.related_entity_id,
        n1_0.restaurant_id,
        n1_0.title,
        n1_0.type,
        n1_0.userId 
    from
        notifications n1_0 
    where
        n1_0.id=?
Hibernate: 
    select
        n1_0.id,
        n1_0.created_at,
        n1_0.deleted_at,
        n1_0.delivery_id,
        n1_0.isDeleted,
        n1_0.isRead,
        n1_0.message,
        n1_0.metadata,
        n1_0.order_id,
        n1_0.priority,
        n1_0.read_at,
        n1_0.related_entity_id,
        n1_0.restaurant_id,
        n1_0.title,
        n1_0.type,
        n1_0.userId 
    from
        notifications n1_0 
    where
        n1_0.id=?
2025-07-03 23:42:38.897 [pool-8-thread-2] DEBUG org.hibernate.SQL - 
    update
        notifications 
    set
        created_at=?,
        deleted_at=?,
        delivery_id=?,
        isDeleted=?,
        isRead=?,
        message=?,
        metadata=?,
        order_id=?,
        priority=?,
        read_at=?,
        related_entity_id=?,
        restaurant_id=?,
        title=?,
        type=?,
        userId=? 
    where
        id=?
Hibernate: 
    update
        notifications 
    set
        created_at=?,
        deleted_at=?,
        delivery_id=?,
        isDeleted=?,
        isRead=?,
        message=?,
        metadata=?,
        order_id=?,
        priority=?,
        read_at=?,
        related_entity_id=?,
        restaurant_id=?,
        title=?,
        type=?,
        userId=? 
    where
        id=?
2025-07-03 23:42:38.900 [pool-8-thread-2] DEBUG org.hibernate.SQL - 
    select
        n1_0.id,
        n1_0.created_at,
        n1_0.deleted_at,
        n1_0.delivery_id,
        n1_0.isDeleted,
        n1_0.isRead,
        n1_0.message,
        n1_0.metadata,
        n1_0.order_id,
        n1_0.priority,
        n1_0.read_at,
        n1_0.related_entity_id,
        n1_0.restaurant_id,
        n1_0.title,
        n1_0.type,
        n1_0.userId 
    from
        notifications n1_0 
    where
        n1_0.id=?
Hibernate: 
    select
        n1_0.id,
        n1_0.created_at,
        n1_0.deleted_at,
        n1_0.delivery_id,
        n1_0.isDeleted,
        n1_0.isRead,
        n1_0.message,
        n1_0.metadata,
        n1_0.order_id,
        n1_0.priority,
        n1_0.read_at,
        n1_0.related_entity_id,
        n1_0.restaurant_id,
        n1_0.title,
        n1_0.type,
        n1_0.userId 
    from
        notifications n1_0 
    where
        n1_0.id=?
2025-07-03 23:42:38.901 [pool-8-thread-2] DEBUG org.hibernate.SQL - 
    select
        n1_0.id,
        n1_0.created_at,
        n1_0.deleted_at,
        n1_0.delivery_id,
        n1_0.isDeleted,
        n1_0.isRead,
        n1_0.message,
        n1_0.metadata,
        n1_0.order_id,
        n1_0.priority,
        n1_0.read_at,
        n1_0.related_entity_id,
        n1_0.restaurant_id,
        n1_0.title,
        n1_0.type,
        n1_0.userId 
    from
        notifications n1_0 
    where
        n1_0.id=?
Hibernate: 
    select
        n1_0.id,
        n1_0.created_at,
        n1_0.deleted_at,
        n1_0.delivery_id,
        n1_0.isDeleted,
        n1_0.isRead,
        n1_0.message,
        n1_0.metadata,
        n1_0.order_id,
        n1_0.priority,
        n1_0.read_at,
        n1_0.related_entity_id,
        n1_0.restaurant_id,
        n1_0.title,
        n1_0.type,
        n1_0.userId 
    from
        notifications n1_0 
    where
        n1_0.id=?
2025-07-03 23:42:38.901 [pool-8-thread-2] DEBUG org.hibernate.SQL - 
    update
        notifications 
    set
        created_at=?,
        deleted_at=?,
        delivery_id=?,
        isDeleted=?,
        isRead=?,
        message=?,
        metadata=?,
        order_id=?,
        priority=?,
        read_at=?,
        related_entity_id=?,
        restaurant_id=?,
        title=?,
        type=?,
        userId=? 
    where
        id=?
Hibernate: 
    update
        notifications 
    set
        created_at=?,
        deleted_at=?,
        delivery_id=?,
        isDeleted=?,
        isRead=?,
        message=?,
        metadata=?,
        order_id=?,
        priority=?,
        read_at=?,
        related_entity_id=?,
        restaurant_id=?,
        title=?,
        type=?,
        userId=? 
    where
        id=?
2025-07-03 23:42:38.904 [pool-8-thread-2] DEBUG org.hibernate.SQL - 
    select
        n1_0.id,
        n1_0.created_at,
        n1_0.deleted_at,
        n1_0.delivery_id,
        n1_0.isDeleted,
        n1_0.isRead,
        n1_0.message,
        n1_0.metadata,
        n1_0.order_id,
        n1_0.priority,
        n1_0.read_at,
        n1_0.related_entity_id,
        n1_0.restaurant_id,
        n1_0.title,
        n1_0.type,
        n1_0.userId 
    from
        notifications n1_0 
    where
        n1_0.id=?
Hibernate: 
    select
        n1_0.id,
        n1_0.created_at,
        n1_0.deleted_at,
        n1_0.delivery_id,
        n1_0.isDeleted,
        n1_0.isRead,
        n1_0.message,
        n1_0.metadata,
        n1_0.order_id,
        n1_0.priority,
        n1_0.read_at,
        n1_0.related_entity_id,
        n1_0.restaurant_id,
        n1_0.title,
        n1_0.type,
        n1_0.userId 
    from
        notifications n1_0 
    where
        n1_0.id=?
2025-07-03 23:42:38.904 [pool-8-thread-2] DEBUG org.hibernate.SQL - 
    select
        n1_0.id,
        n1_0.created_at,
        n1_0.deleted_at,
        n1_0.delivery_id,
        n1_0.isDeleted,
        n1_0.isRead,
        n1_0.message,
        n1_0.metadata,
        n1_0.order_id,
        n1_0.priority,
        n1_0.read_at,
        n1_0.related_entity_id,
        n1_0.restaurant_id,
        n1_0.title,
        n1_0.type,
        n1_0.userId 
    from
        notifications n1_0 
    where
        n1_0.id=?
Hibernate: 
    select
        n1_0.id,
        n1_0.created_at,
        n1_0.deleted_at,
        n1_0.delivery_id,
        n1_0.isDeleted,
        n1_0.isRead,
        n1_0.message,
        n1_0.metadata,
        n1_0.order_id,
        n1_0.priority,
        n1_0.read_at,
        n1_0.related_entity_id,
        n1_0.restaurant_id,
        n1_0.title,
        n1_0.type,
        n1_0.userId 
    from
        notifications n1_0 
    where
        n1_0.id=?
2025-07-03 23:42:38.904 [pool-8-thread-2] DEBUG org.hibernate.SQL - 
    update
        notifications 
    set
        created_at=?,
        deleted_at=?,
        delivery_id=?,
        isDeleted=?,
        isRead=?,
        message=?,
        metadata=?,
        order_id=?,
        priority=?,
        read_at=?,
        related_entity_id=?,
        restaurant_id=?,
        title=?,
        type=?,
        userId=? 
    where
        id=?
Hibernate: 
    update
        notifications 
    set
        created_at=?,
        deleted_at=?,
        delivery_id=?,
        isDeleted=?,
        isRead=?,
        message=?,
        metadata=?,
        order_id=?,
        priority=?,
        read_at=?,
        related_entity_id=?,
        restaurant_id=?,
        title=?,
        type=?,
        userId=? 
    where
        id=?
2025-07-03 23:42:38.906 [pool-8-thread-2] DEBUG org.hibernate.SQL - 
    select
        n1_0.id,
        n1_0.created_at,
        n1_0.deleted_at,
        n1_0.delivery_id,
        n1_0.isDeleted,
        n1_0.isRead,
        n1_0.message,
        n1_0.metadata,
        n1_0.order_id,
        n1_0.priority,
        n1_0.read_at,
        n1_0.related_entity_id,
        n1_0.restaurant_id,
        n1_0.title,
        n1_0.type,
        n1_0.userId 
    from
        notifications n1_0 
    where
        n1_0.id=?
Hibernate: 
    select
        n1_0.id,
        n1_0.created_at,
        n1_0.deleted_at,
        n1_0.delivery_id,
        n1_0.isDeleted,
        n1_0.isRead,
        n1_0.message,
        n1_0.metadata,
        n1_0.order_id,
        n1_0.priority,
        n1_0.read_at,
        n1_0.related_entity_id,
        n1_0.restaurant_id,
        n1_0.title,
        n1_0.type,
        n1_0.userId 
    from
        notifications n1_0 
    where
        n1_0.id=?
2025-07-03 23:42:38.906 [pool-8-thread-2] DEBUG org.hibernate.SQL - 
    select
        n1_0.id,
        n1_0.created_at,
        n1_0.deleted_at,
        n1_0.delivery_id,
        n1_0.isDeleted,
        n1_0.isRead,
        n1_0.message,
        n1_0.metadata,
        n1_0.order_id,
        n1_0.priority,
        n1_0.read_at,
        n1_0.related_entity_id,
        n1_0.restaurant_id,
        n1_0.title,
        n1_0.type,
        n1_0.userId 
    from
        notifications n1_0 
    where
        n1_0.id=?
Hibernate: 
    select
        n1_0.id,
        n1_0.created_at,
        n1_0.deleted_at,
        n1_0.delivery_id,
        n1_0.isDeleted,
        n1_0.isRead,
        n1_0.message,
        n1_0.metadata,
        n1_0.order_id,
        n1_0.priority,
        n1_0.read_at,
        n1_0.related_entity_id,
        n1_0.restaurant_id,
        n1_0.title,
        n1_0.type,
        n1_0.userId 
    from
        notifications n1_0 
    where
        n1_0.id=?
2025-07-03 23:42:38.906 [pool-8-thread-2] DEBUG org.hibernate.SQL - 
    update
        notifications 
    set
        created_at=?,
        deleted_at=?,
        delivery_id=?,
        isDeleted=?,
        isRead=?,
        message=?,
        metadata=?,
        order_id=?,
        priority=?,
        read_at=?,
        related_entity_id=?,
        restaurant_id=?,
        title=?,
        type=?,
        userId=? 
    where
        id=?
Hibernate: 
    update
        notifications 
    set
        created_at=?,
        deleted_at=?,
        delivery_id=?,
        isDeleted=?,
        isRead=?,
        message=?,
        metadata=?,
        order_id=?,
        priority=?,
        read_at=?,
        related_entity_id=?,
        restaurant_id=?,
        title=?,
        type=?,
        userId=? 
    where
        id=?
2025-07-03 23:42:38.909 [pool-8-thread-2] DEBUG org.hibernate.SQL - 
    select
        n1_0.id,
        n1_0.created_at,
        n1_0.deleted_at,
        n1_0.delivery_id,
        n1_0.isDeleted,
        n1_0.isRead,
        n1_0.message,
        n1_0.metadata,
        n1_0.order_id,
        n1_0.priority,
        n1_0.read_at,
        n1_0.related_entity_id,
        n1_0.restaurant_id,
        n1_0.title,
        n1_0.type,
        n1_0.userId 
    from
        notifications n1_0 
    where
        n1_0.id=?
Hibernate: 
    select
        n1_0.id,
        n1_0.created_at,
        n1_0.deleted_at,
        n1_0.delivery_id,
        n1_0.isDeleted,
        n1_0.isRead,
        n1_0.message,
        n1_0.metadata,
        n1_0.order_id,
        n1_0.priority,
        n1_0.read_at,
        n1_0.related_entity_id,
        n1_0.restaurant_id,
        n1_0.title,
        n1_0.type,
        n1_0.userId 
    from
        notifications n1_0 
    where
        n1_0.id=?
2025-07-03 23:42:38.909 [pool-8-thread-2] DEBUG org.hibernate.SQL - 
    select
        n1_0.id,
        n1_0.created_at,
        n1_0.deleted_at,
        n1_0.delivery_id,
        n1_0.isDeleted,
        n1_0.isRead,
        n1_0.message,
        n1_0.metadata,
        n1_0.order_id,
        n1_0.priority,
        n1_0.read_at,
        n1_0.related_entity_id,
        n1_0.restaurant_id,
        n1_0.title,
        n1_0.type,
        n1_0.userId 
    from
        notifications n1_0 
    where
        n1_0.id=?
Hibernate: 
    select
        n1_0.id,
        n1_0.created_at,
        n1_0.deleted_at,
        n1_0.delivery_id,
        n1_0.isDeleted,
        n1_0.isRead,
        n1_0.message,
        n1_0.metadata,
        n1_0.order_id,
        n1_0.priority,
        n1_0.read_at,
        n1_0.related_entity_id,
        n1_0.restaurant_id,
        n1_0.title,
        n1_0.type,
        n1_0.userId 
    from
        notifications n1_0 
    where
        n1_0.id=?
2025-07-03 23:42:38.909 [pool-8-thread-2] DEBUG org.hibernate.SQL - 
    update
        notifications 
    set
        created_at=?,
        deleted_at=?,
        delivery_id=?,
        isDeleted=?,
        isRead=?,
        message=?,
        metadata=?,
        order_id=?,
        priority=?,
        read_at=?,
        related_entity_id=?,
        restaurant_id=?,
        title=?,
        type=?,
        userId=? 
    where
        id=?
Hibernate: 
    update
        notifications 
    set
        created_at=?,
        deleted_at=?,
        delivery_id=?,
        isDeleted=?,
        isRead=?,
        message=?,
        metadata=?,
        order_id=?,
        priority=?,
        read_at=?,
        related_entity_id=?,
        restaurant_id=?,
        title=?,
        type=?,
        userId=? 
    where
        id=?
2025-07-03 23:42:38.911 [pool-8-thread-2] DEBUG org.hibernate.SQL - 
    select
        n1_0.id,
        n1_0.created_at,
        n1_0.deleted_at,
        n1_0.delivery_id,
        n1_0.isDeleted,
        n1_0.isRead,
        n1_0.message,
        n1_0.metadata,
        n1_0.order_id,
        n1_0.priority,
        n1_0.read_at,
        n1_0.related_entity_id,
        n1_0.restaurant_id,
        n1_0.title,
        n1_0.type,
        n1_0.userId 
    from
        notifications n1_0 
    where
        n1_0.id=?
Hibernate: 
    select
        n1_0.id,
        n1_0.created_at,
        n1_0.deleted_at,
        n1_0.delivery_id,
        n1_0.isDeleted,
        n1_0.isRead,
        n1_0.message,
        n1_0.metadata,
        n1_0.order_id,
        n1_0.priority,
        n1_0.read_at,
        n1_0.related_entity_id,
        n1_0.restaurant_id,
        n1_0.title,
        n1_0.type,
        n1_0.userId 
    from
        notifications n1_0 
    where
        n1_0.id=?
2025-07-03 23:42:38.911 [pool-8-thread-2] DEBUG org.hibernate.SQL - 
    select
        n1_0.id,
        n1_0.created_at,
        n1_0.deleted_at,
        n1_0.delivery_id,
        n1_0.isDeleted,
        n1_0.isRead,
        n1_0.message,
        n1_0.metadata,
        n1_0.order_id,
        n1_0.priority,
        n1_0.read_at,
        n1_0.related_entity_id,
        n1_0.restaurant_id,
        n1_0.title,
        n1_0.type,
        n1_0.userId 
    from
        notifications n1_0 
    where
        n1_0.id=?
Hibernate: 
    select
        n1_0.id,
        n1_0.created_at,
        n1_0.deleted_at,
        n1_0.delivery_id,
        n1_0.isDeleted,
        n1_0.isRead,
        n1_0.message,
        n1_0.metadata,
        n1_0.order_id,
        n1_0.priority,
        n1_0.read_at,
        n1_0.related_entity_id,
        n1_0.restaurant_id,
        n1_0.title,
        n1_0.type,
        n1_0.userId 
    from
        notifications n1_0 
    where
        n1_0.id=?
2025-07-03 23:42:38.911 [pool-8-thread-2] DEBUG org.hibernate.SQL - 
    update
        notifications 
    set
        created_at=?,
        deleted_at=?,
        delivery_id=?,
        isDeleted=?,
        isRead=?,
        message=?,
        metadata=?,
        order_id=?,
        priority=?,
        read_at=?,
        related_entity_id=?,
        restaurant_id=?,
        title=?,
        type=?,
        userId=? 
    where
        id=?
Hibernate: 
    update
        notifications 
    set
        created_at=?,
        deleted_at=?,
        delivery_id=?,
        isDeleted=?,
        isRead=?,
        message=?,
        metadata=?,
        order_id=?,
        priority=?,
        read_at=?,
        related_entity_id=?,
        restaurant_id=?,
        title=?,
        type=?,
        userId=? 
    where
        id=?
2025-07-03 23:42:38.920 [pool-8-thread-2] DEBUG org.hibernate.SQL - 
    select
        n1_0.id,
        n1_0.created_at,
        n1_0.deleted_at,
        n1_0.delivery_id,
        n1_0.isDeleted,
        n1_0.isRead,
        n1_0.message,
        n1_0.metadata,
        n1_0.order_id,
        n1_0.priority,
        n1_0.read_at,
        n1_0.related_entity_id,
        n1_0.restaurant_id,
        n1_0.title,
        n1_0.type,
        n1_0.userId 
    from
        notifications n1_0 
    where
        n1_0.id=?
Hibernate: 
    select
        n1_0.id,
        n1_0.created_at,
        n1_0.deleted_at,
        n1_0.delivery_id,
        n1_0.isDeleted,
        n1_0.isRead,
        n1_0.message,
        n1_0.metadata,
        n1_0.order_id,
        n1_0.priority,
        n1_0.read_at,
        n1_0.related_entity_id,
        n1_0.restaurant_id,
        n1_0.title,
        n1_0.type,
        n1_0.userId 
    from
        notifications n1_0 
    where
        n1_0.id=?
2025-07-03 23:42:38.921 [pool-8-thread-2] DEBUG org.hibernate.SQL - 
    select
        n1_0.id,
        n1_0.created_at,
        n1_0.deleted_at,
        n1_0.delivery_id,
        n1_0.isDeleted,
        n1_0.isRead,
        n1_0.message,
        n1_0.metadata,
        n1_0.order_id,
        n1_0.priority,
        n1_0.read_at,
        n1_0.related_entity_id,
        n1_0.restaurant_id,
        n1_0.title,
        n1_0.type,
        n1_0.userId 
    from
        notifications n1_0 
    where
        n1_0.id=?
Hibernate: 
    select
        n1_0.id,
        n1_0.created_at,
        n1_0.deleted_at,
        n1_0.delivery_id,
        n1_0.isDeleted,
        n1_0.isRead,
        n1_0.message,
        n1_0.metadata,
        n1_0.order_id,
        n1_0.priority,
        n1_0.read_at,
        n1_0.related_entity_id,
        n1_0.restaurant_id,
        n1_0.title,
        n1_0.type,
        n1_0.userId 
    from
        notifications n1_0 
    where
        n1_0.id=?
2025-07-03 23:42:38.922 [pool-8-thread-2] DEBUG org.hibernate.SQL - 
    update
        notifications 
    set
        created_at=?,
        deleted_at=?,
        delivery_id=?,
        isDeleted=?,
        isRead=?,
        message=?,
        metadata=?,
        order_id=?,
        priority=?,
        read_at=?,
        related_entity_id=?,
        restaurant_id=?,
        title=?,
        type=?,
        userId=? 
    where
        id=?
Hibernate: 
    update
        notifications 
    set
        created_at=?,
        deleted_at=?,
        delivery_id=?,
        isDeleted=?,
        isRead=?,
        message=?,
        metadata=?,
        order_id=?,
        priority=?,
        read_at=?,
        related_entity_id=?,
        restaurant_id=?,
        title=?,
        type=?,
        userId=? 
    where
        id=?
2025-07-03 23:42:38.924 [pool-8-thread-2] DEBUG org.hibernate.SQL - 
    select
        n1_0.id,
        n1_0.created_at,
        n1_0.deleted_at,
        n1_0.delivery_id,
        n1_0.isDeleted,
        n1_0.isRead,
        n1_0.message,
        n1_0.metadata,
        n1_0.order_id,
        n1_0.priority,
        n1_0.read_at,
        n1_0.related_entity_id,
        n1_0.restaurant_id,
        n1_0.title,
        n1_0.type,
        n1_0.userId 
    from
        notifications n1_0 
    where
        n1_0.id=?
Hibernate: 
    select
        n1_0.id,
        n1_0.created_at,
        n1_0.deleted_at,
        n1_0.delivery_id,
        n1_0.isDeleted,
        n1_0.isRead,
        n1_0.message,
        n1_0.metadata,
        n1_0.order_id,
        n1_0.priority,
        n1_0.read_at,
        n1_0.related_entity_id,
        n1_0.restaurant_id,
        n1_0.title,
        n1_0.type,
        n1_0.userId 
    from
        notifications n1_0 
    where
        n1_0.id=?
2025-07-03 23:42:38.924 [pool-8-thread-2] DEBUG org.hibernate.SQL - 
    select
        n1_0.id,
        n1_0.created_at,
        n1_0.deleted_at,
        n1_0.delivery_id,
        n1_0.isDeleted,
        n1_0.isRead,
        n1_0.message,
        n1_0.metadata,
        n1_0.order_id,
        n1_0.priority,
        n1_0.read_at,
        n1_0.related_entity_id,
        n1_0.restaurant_id,
        n1_0.title,
        n1_0.type,
        n1_0.userId 
    from
        notifications n1_0 
    where
        n1_0.id=?
Hibernate: 
    select
        n1_0.id,
        n1_0.created_at,
        n1_0.deleted_at,
        n1_0.delivery_id,
        n1_0.isDeleted,
        n1_0.isRead,
        n1_0.message,
        n1_0.metadata,
        n1_0.order_id,
        n1_0.priority,
        n1_0.read_at,
        n1_0.related_entity_id,
        n1_0.restaurant_id,
        n1_0.title,
        n1_0.type,
        n1_0.userId 
    from
        notifications n1_0 
    where
        n1_0.id=?
2025-07-03 23:42:38.925 [pool-8-thread-2] DEBUG org.hibernate.SQL - 
    update
        notifications 
    set
        created_at=?,
        deleted_at=?,
        delivery_id=?,
        isDeleted=?,
        isRead=?,
        message=?,
        metadata=?,
        order_id=?,
        priority=?,
        read_at=?,
        related_entity_id=?,
        restaurant_id=?,
        title=?,
        type=?,
        userId=? 
    where
        id=?
Hibernate: 
    update
        notifications 
    set
        created_at=?,
        deleted_at=?,
        delivery_id=?,
        isDeleted=?,
        isRead=?,
        message=?,
        metadata=?,
        order_id=?,
        priority=?,
        read_at=?,
        related_entity_id=?,
        restaurant_id=?,
        title=?,
        type=?,
        userId=? 
    where
        id=?
2025-07-03 23:42:38.927 [pool-8-thread-2] DEBUG org.hibernate.SQL - 
    select
        n1_0.id,
        n1_0.created_at,
        n1_0.deleted_at,
        n1_0.delivery_id,
        n1_0.isDeleted,
        n1_0.isRead,
        n1_0.message,
        n1_0.metadata,
        n1_0.order_id,
        n1_0.priority,
        n1_0.read_at,
        n1_0.related_entity_id,
        n1_0.restaurant_id,
        n1_0.title,
        n1_0.type,
        n1_0.userId 
    from
        notifications n1_0 
    where
        n1_0.id=?
Hibernate: 
    select
        n1_0.id,
        n1_0.created_at,
        n1_0.deleted_at,
        n1_0.delivery_id,
        n1_0.isDeleted,
        n1_0.isRead,
        n1_0.message,
        n1_0.metadata,
        n1_0.order_id,
        n1_0.priority,
        n1_0.read_at,
        n1_0.related_entity_id,
        n1_0.restaurant_id,
        n1_0.title,
        n1_0.type,
        n1_0.userId 
    from
        notifications n1_0 
    where
        n1_0.id=?
2025-07-03 23:42:38.927 [pool-8-thread-2] DEBUG org.hibernate.SQL - 
    select
        n1_0.id,
        n1_0.created_at,
        n1_0.deleted_at,
        n1_0.delivery_id,
        n1_0.isDeleted,
        n1_0.isRead,
        n1_0.message,
        n1_0.metadata,
        n1_0.order_id,
        n1_0.priority,
        n1_0.read_at,
        n1_0.related_entity_id,
        n1_0.restaurant_id,
        n1_0.title,
        n1_0.type,
        n1_0.userId 
    from
        notifications n1_0 
    where
        n1_0.id=?
Hibernate: 
    select
        n1_0.id,
        n1_0.created_at,
        n1_0.deleted_at,
        n1_0.delivery_id,
        n1_0.isDeleted,
        n1_0.isRead,
        n1_0.message,
        n1_0.metadata,
        n1_0.order_id,
        n1_0.priority,
        n1_0.read_at,
        n1_0.related_entity_id,
        n1_0.restaurant_id,
        n1_0.title,
        n1_0.type,
        n1_0.userId 
    from
        notifications n1_0 
    where
        n1_0.id=?
2025-07-03 23:42:38.927 [pool-8-thread-2] DEBUG org.hibernate.SQL - 
    update
        notifications 
    set
        created_at=?,
        deleted_at=?,
        delivery_id=?,
        isDeleted=?,
        isRead=?,
        message=?,
        metadata=?,
        order_id=?,
        priority=?,
        read_at=?,
        related_entity_id=?,
        restaurant_id=?,
        title=?,
        type=?,
        userId=? 
    where
        id=?
Hibernate: 
    update
        notifications 
    set
        created_at=?,
        deleted_at=?,
        delivery_id=?,
        isDeleted=?,
        isRead=?,
        message=?,
        metadata=?,
        order_id=?,
        priority=?,
        read_at=?,
        related_entity_id=?,
        restaurant_id=?,
        title=?,
        type=?,
        userId=? 
    where
        id=?
2025-07-03 23:42:38.929 [pool-8-thread-2] DEBUG org.hibernate.SQL - 
    select
        n1_0.id,
        n1_0.created_at,
        n1_0.deleted_at,
        n1_0.delivery_id,
        n1_0.isDeleted,
        n1_0.isRead,
        n1_0.message,
        n1_0.metadata,
        n1_0.order_id,
        n1_0.priority,
        n1_0.read_at,
        n1_0.related_entity_id,
        n1_0.restaurant_id,
        n1_0.title,
        n1_0.type,
        n1_0.userId 
    from
        notifications n1_0 
    where
        n1_0.id=?
Hibernate: 
    select
        n1_0.id,
        n1_0.created_at,
        n1_0.deleted_at,
        n1_0.delivery_id,
        n1_0.isDeleted,
        n1_0.isRead,
        n1_0.message,
        n1_0.metadata,
        n1_0.order_id,
        n1_0.priority,
        n1_0.read_at,
        n1_0.related_entity_id,
        n1_0.restaurant_id,
        n1_0.title,
        n1_0.type,
        n1_0.userId 
    from
        notifications n1_0 
    where
        n1_0.id=?
2025-07-03 23:42:38.930 [pool-8-thread-2] DEBUG org.hibernate.SQL - 
    select
        n1_0.id,
        n1_0.created_at,
        n1_0.deleted_at,
        n1_0.delivery_id,
        n1_0.isDeleted,
        n1_0.isRead,
        n1_0.message,
        n1_0.metadata,
        n1_0.order_id,
        n1_0.priority,
        n1_0.read_at,
        n1_0.related_entity_id,
        n1_0.restaurant_id,
        n1_0.title,
        n1_0.type,
        n1_0.userId 
    from
        notifications n1_0 
    where
        n1_0.id=?
Hibernate: 
    select
        n1_0.id,
        n1_0.created_at,
        n1_0.deleted_at,
        n1_0.delivery_id,
        n1_0.isDeleted,
        n1_0.isRead,
        n1_0.message,
        n1_0.metadata,
        n1_0.order_id,
        n1_0.priority,
        n1_0.read_at,
        n1_0.related_entity_id,
        n1_0.restaurant_id,
        n1_0.title,
        n1_0.type,
        n1_0.userId 
    from
        notifications n1_0 
    where
        n1_0.id=?
2025-07-03 23:42:38.930 [pool-8-thread-2] DEBUG org.hibernate.SQL - 
    update
        notifications 
    set
        created_at=?,
        deleted_at=?,
        delivery_id=?,
        isDeleted=?,
        isRead=?,
        message=?,
        metadata=?,
        order_id=?,
        priority=?,
        read_at=?,
        related_entity_id=?,
        restaurant_id=?,
        title=?,
        type=?,
        userId=? 
    where
        id=?
Hibernate: 
    update
        notifications 
    set
        created_at=?,
        deleted_at=?,
        delivery_id=?,
        isDeleted=?,
        isRead=?,
        message=?,
        metadata=?,
        order_id=?,
        priority=?,
        read_at=?,
        related_entity_id=?,
        restaurant_id=?,
        title=?,
        type=?,
        userId=? 
    where
        id=?
2025-07-03 23:42:38.936 [pool-8-thread-1] DEBUG org.hibernate.SQL - 
    select
        n1_0.id,
        n1_0.created_at,
        n1_0.deleted_at,
        n1_0.delivery_id,
        n1_0.isDeleted,
        n1_0.isRead,
        n1_0.message,
        n1_0.metadata,
        n1_0.order_id,
        n1_0.priority,
        n1_0.read_at,
        n1_0.related_entity_id,
        n1_0.restaurant_id,
        n1_0.title,
        n1_0.type,
        n1_0.userId 
    from
        notifications n1_0 
    where
        n1_0.id=?
Hibernate: 
    select
        n1_0.id,
        n1_0.created_at,
        n1_0.deleted_at,
        n1_0.delivery_id,
        n1_0.isDeleted,
        n1_0.isRead,
        n1_0.message,
        n1_0.metadata,
        n1_0.order_id,
        n1_0.priority,
        n1_0.read_at,
        n1_0.related_entity_id,
        n1_0.restaurant_id,
        n1_0.title,
        n1_0.type,
        n1_0.userId 
    from
        notifications n1_0 
    where
        n1_0.id=?
2025-07-03 23:42:38.937 [pool-8-thread-1] DEBUG org.hibernate.SQL - 
    update
        notifications 
    set
        created_at=?,
        deleted_at=?,
        delivery_id=?,
        isDeleted=?,
        isRead=?,
        message=?,
        metadata=?,
        order_id=?,
        priority=?,
        read_at=?,
        related_entity_id=?,
        restaurant_id=?,
        title=?,
        type=?,
        userId=? 
    where
        id=?
Hibernate: 
    update
        notifications 
    set
        created_at=?,
        deleted_at=?,
        delivery_id=?,
        isDeleted=?,
        isRead=?,
        message=?,
        metadata=?,
        order_id=?,
        priority=?,
        read_at=?,
        related_entity_id=?,
        restaurant_id=?,
        title=?,
        type=?,
        userId=? 
    where
        id=?
📊 Concurrent operations completed: 10 successful, 0 failed
2025-07-03 23:42:38.941 [main] DEBUG org.hibernate.SQL - 
    select
        u1_0.id,
        u1_0.address,
        u1_0.email,
        u1_0.full_name,
        u1_0.is_active,
        u1_0.password_hash,
        u1_0.phone,
        u1_0.role 
    from
        users u1_0 
    where
        u1_0.id=?
Hibernate: 
    select
        u1_0.id,
        u1_0.address,
        u1_0.email,
        u1_0.full_name,
        u1_0.is_active,
        u1_0.password_hash,
        u1_0.phone,
        u1_0.role 
    from
        users u1_0 
    where
        u1_0.id=?
2025-07-03 23:42:38.942 [main] DEBUG org.hibernate.SQL - 
    select
        count(n1_0.id) 
    from
        notifications n1_0 
    where
        n1_0.userId=? 
        and n1_0.isRead=0 
        and n1_0.isDeleted=0
Hibernate: 
    select
        count(n1_0.id) 
    from
        notifications n1_0 
    where
        n1_0.userId=? 
        and n1_0.isRead=0 
        and n1_0.isDeleted=0
📊 Final unread count: 5
✅ Concurrent operations test passed: 10/10 operations successful
]]></system-out>
  </testcase>
  <testcase name="shouldHandleBulkMarkAsReadEfficiently" classname="com.myapp.notification.NotificationIntegrationTest$ConcurrencyAndPerformanceTest" time="0.235">
    <system-out><![CDATA[2025-07-03 23:42:38.944 [main] DEBUG org.hibernate.SQL - 
    delete 
    from
        notifications
Hibernate: 
    delete 
    from
        notifications
2025-07-03 23:42:38.946 [main] DEBUG c.myapp.common.TestDatabaseManager - Cleaned all notification data from test database
2025-07-03 23:42:38.946 [main] DEBUG org.hibernate.SQL - 
    select
        u1_0.id,
        u1_0.address,
        u1_0.email,
        u1_0.full_name,
        u1_0.is_active,
        u1_0.password_hash,
        u1_0.phone,
        u1_0.role 
    from
        users u1_0 
    where
        u1_0.id=?
Hibernate: 
    select
        u1_0.id,
        u1_0.address,
        u1_0.email,
        u1_0.full_name,
        u1_0.is_active,
        u1_0.password_hash,
        u1_0.phone,
        u1_0.role 
    from
        users u1_0 
    where
        u1_0.id=?
2025-07-03 23:42:38.946 [main] DEBUG org.hibernate.SQL - 
    select
        u1_0.id,
        u1_0.address,
        u1_0.email,
        u1_0.full_name,
        u1_0.is_active,
        u1_0.password_hash,
        u1_0.phone,
        u1_0.role 
    from
        users u1_0 
    where
        u1_0.id=?
Hibernate: 
    select
        u1_0.id,
        u1_0.address,
        u1_0.email,
        u1_0.full_name,
        u1_0.is_active,
        u1_0.password_hash,
        u1_0.phone,
        u1_0.role 
    from
        users u1_0 
    where
        u1_0.id=?
2025-07-03 23:42:38.946 [main] DEBUG org.hibernate.SQL - 
    select
        u1_0.id,
        u1_0.address,
        u1_0.email,
        u1_0.full_name,
        u1_0.is_active,
        u1_0.password_hash,
        u1_0.phone,
        u1_0.role 
    from
        users u1_0 
    where
        u1_0.id=?
Hibernate: 
    select
        u1_0.id,
        u1_0.address,
        u1_0.email,
        u1_0.full_name,
        u1_0.is_active,
        u1_0.password_hash,
        u1_0.phone,
        u1_0.role 
    from
        users u1_0 
    where
        u1_0.id=?
2025-07-03 23:42:38.947 [main] DEBUG org.hibernate.SQL - 
    select
        u1_0.id,
        u1_0.address,
        u1_0.email,
        u1_0.full_name,
        u1_0.is_active,
        u1_0.password_hash,
        u1_0.phone,
        u1_0.role 
    from
        users u1_0 
    where
        u1_0.id=?
Hibernate: 
    select
        u1_0.id,
        u1_0.address,
        u1_0.email,
        u1_0.full_name,
        u1_0.is_active,
        u1_0.password_hash,
        u1_0.phone,
        u1_0.role 
    from
        users u1_0 
    where
        u1_0.id=?
2025-07-03 23:42:38.947 [main] DEBUG org.hibernate.SQL - 
    insert 
    into
        notifications
        (created_at, deleted_at, delivery_id, isDeleted, isRead, message, metadata, order_id, priority, read_at, related_entity_id, restaurant_id, title, type, userId, id) 
    values
        (?, ?, ?, ?, ?, ?, ?, ?, ?, ?, ?, ?, ?, ?, ?, ?)
Hibernate: 
    insert 
    into
        notifications
        (created_at, deleted_at, delivery_id, isDeleted, isRead, message, metadata, order_id, priority, read_at, related_entity_id, restaurant_id, title, type, userId, id) 
    values
        (?, ?, ?, ?, ?, ?, ?, ?, ?, ?, ?, ?, ?, ?, ?, ?)
2025-07-03 23:42:38.949 [main] DEBUG org.hibernate.SQL - 
    select
        u1_0.id,
        u1_0.address,
        u1_0.email,
        u1_0.full_name,
        u1_0.is_active,
        u1_0.password_hash,
        u1_0.phone,
        u1_0.role 
    from
        users u1_0 
    where
        u1_0.id=?
Hibernate: 
    select
        u1_0.id,
        u1_0.address,
        u1_0.email,
        u1_0.full_name,
        u1_0.is_active,
        u1_0.password_hash,
        u1_0.phone,
        u1_0.role 
    from
        users u1_0 
    where
        u1_0.id=?
2025-07-03 23:42:38.949 [main] DEBUG org.hibernate.SQL - 
    select
        next_val as id_val 
    from
        notifications_SEQ
Hibernate: 
    select
        next_val as id_val 
    from
        notifications_SEQ
2025-07-03 23:42:38.949 [main] DEBUG org.hibernate.SQL - 
    update
        notifications_SEQ 
    set
        next_val= ? 
    where
        next_val=?
Hibernate: 
    update
        notifications_SEQ 
    set
        next_val= ? 
    where
        next_val=?
2025-07-03 23:42:38.951 [main] DEBUG org.hibernate.SQL - 
    insert 
    into
        notifications
        (created_at, deleted_at, delivery_id, isDeleted, isRead, message, metadata, order_id, priority, read_at, related_entity_id, restaurant_id, title, type, userId, id) 
    values
        (?, ?, ?, ?, ?, ?, ?, ?, ?, ?, ?, ?, ?, ?, ?, ?)
Hibernate: 
    insert 
    into
        notifications
        (created_at, deleted_at, delivery_id, isDeleted, isRead, message, metadata, order_id, priority, read_at, related_entity_id, restaurant_id, title, type, userId, id) 
    values
        (?, ?, ?, ?, ?, ?, ?, ?, ?, ?, ?, ?, ?, ?, ?, ?)
2025-07-03 23:42:38.953 [main] DEBUG org.hibernate.SQL - 
    select
        u1_0.id,
        u1_0.address,
        u1_0.email,
        u1_0.full_name,
        u1_0.is_active,
        u1_0.password_hash,
        u1_0.phone,
        u1_0.role 
    from
        users u1_0 
    where
        u1_0.id=?
Hibernate: 
    select
        u1_0.id,
        u1_0.address,
        u1_0.email,
        u1_0.full_name,
        u1_0.is_active,
        u1_0.password_hash,
        u1_0.phone,
        u1_0.role 
    from
        users u1_0 
    where
        u1_0.id=?
2025-07-03 23:42:38.954 [main] DEBUG org.hibernate.SQL - 
    insert 
    into
        notifications
        (created_at, deleted_at, delivery_id, isDeleted, isRead, message, metadata, order_id, priority, read_at, related_entity_id, restaurant_id, title, type, userId, id) 
    values
        (?, ?, ?, ?, ?, ?, ?, ?, ?, ?, ?, ?, ?, ?, ?, ?)
Hibernate: 
    insert 
    into
        notifications
        (created_at, deleted_at, delivery_id, isDeleted, isRead, message, metadata, order_id, priority, read_at, related_entity_id, restaurant_id, title, type, userId, id) 
    values
        (?, ?, ?, ?, ?, ?, ?, ?, ?, ?, ?, ?, ?, ?, ?, ?)
2025-07-03 23:42:38.956 [main] DEBUG org.hibernate.SQL - 
    select
        u1_0.id,
        u1_0.address,
        u1_0.email,
        u1_0.full_name,
        u1_0.is_active,
        u1_0.password_hash,
        u1_0.phone,
        u1_0.role 
    from
        users u1_0 
    where
        u1_0.id=?
Hibernate: 
    select
        u1_0.id,
        u1_0.address,
        u1_0.email,
        u1_0.full_name,
        u1_0.is_active,
        u1_0.password_hash,
        u1_0.phone,
        u1_0.role 
    from
        users u1_0 
    where
        u1_0.id=?
2025-07-03 23:42:38.956 [main] DEBUG org.hibernate.SQL - 
    insert 
    into
        notifications
        (created_at, deleted_at, delivery_id, isDeleted, isRead, message, metadata, order_id, priority, read_at, related_entity_id, restaurant_id, title, type, userId, id) 
    values
        (?, ?, ?, ?, ?, ?, ?, ?, ?, ?, ?, ?, ?, ?, ?, ?)
Hibernate: 
    insert 
    into
        notifications
        (created_at, deleted_at, delivery_id, isDeleted, isRead, message, metadata, order_id, priority, read_at, related_entity_id, restaurant_id, title, type, userId, id) 
    values
        (?, ?, ?, ?, ?, ?, ?, ?, ?, ?, ?, ?, ?, ?, ?, ?)
2025-07-03 23:42:38.958 [main] DEBUG org.hibernate.SQL - 
    select
        u1_0.id,
        u1_0.address,
        u1_0.email,
        u1_0.full_name,
        u1_0.is_active,
        u1_0.password_hash,
        u1_0.phone,
        u1_0.role 
    from
        users u1_0 
    where
        u1_0.id=?
Hibernate: 
    select
        u1_0.id,
        u1_0.address,
        u1_0.email,
        u1_0.full_name,
        u1_0.is_active,
        u1_0.password_hash,
        u1_0.phone,
        u1_0.role 
    from
        users u1_0 
    where
        u1_0.id=?
2025-07-03 23:42:38.958 [main] DEBUG org.hibernate.SQL - 
    insert 
    into
        notifications
        (created_at, deleted_at, delivery_id, isDeleted, isRead, message, metadata, order_id, priority, read_at, related_entity_id, restaurant_id, title, type, userId, id) 
    values
        (?, ?, ?, ?, ?, ?, ?, ?, ?, ?, ?, ?, ?, ?, ?, ?)
Hibernate: 
    insert 
    into
        notifications
        (created_at, deleted_at, delivery_id, isDeleted, isRead, message, metadata, order_id, priority, read_at, related_entity_id, restaurant_id, title, type, userId, id) 
    values
        (?, ?, ?, ?, ?, ?, ?, ?, ?, ?, ?, ?, ?, ?, ?, ?)
2025-07-03 23:42:38.960 [main] DEBUG org.hibernate.SQL - 
    select
        u1_0.id,
        u1_0.address,
        u1_0.email,
        u1_0.full_name,
        u1_0.is_active,
        u1_0.password_hash,
        u1_0.phone,
        u1_0.role 
    from
        users u1_0 
    where
        u1_0.id=?
Hibernate: 
    select
        u1_0.id,
        u1_0.address,
        u1_0.email,
        u1_0.full_name,
        u1_0.is_active,
        u1_0.password_hash,
        u1_0.phone,
        u1_0.role 
    from
        users u1_0 
    where
        u1_0.id=?
2025-07-03 23:42:38.960 [main] DEBUG org.hibernate.SQL - 
    insert 
    into
        notifications
        (created_at, deleted_at, delivery_id, isDeleted, isRead, message, metadata, order_id, priority, read_at, related_entity_id, restaurant_id, title, type, userId, id) 
    values
        (?, ?, ?, ?, ?, ?, ?, ?, ?, ?, ?, ?, ?, ?, ?, ?)
Hibernate: 
    insert 
    into
        notifications
        (created_at, deleted_at, delivery_id, isDeleted, isRead, message, metadata, order_id, priority, read_at, related_entity_id, restaurant_id, title, type, userId, id) 
    values
        (?, ?, ?, ?, ?, ?, ?, ?, ?, ?, ?, ?, ?, ?, ?, ?)
2025-07-03 23:42:38.962 [main] DEBUG org.hibernate.SQL - 
    select
        u1_0.id,
        u1_0.address,
        u1_0.email,
        u1_0.full_name,
        u1_0.is_active,
        u1_0.password_hash,
        u1_0.phone,
        u1_0.role 
    from
        users u1_0 
    where
        u1_0.id=?
Hibernate: 
    select
        u1_0.id,
        u1_0.address,
        u1_0.email,
        u1_0.full_name,
        u1_0.is_active,
        u1_0.password_hash,
        u1_0.phone,
        u1_0.role 
    from
        users u1_0 
    where
        u1_0.id=?
2025-07-03 23:42:38.963 [main] DEBUG org.hibernate.SQL - 
    insert 
    into
        notifications
        (created_at, deleted_at, delivery_id, isDeleted, isRead, message, metadata, order_id, priority, read_at, related_entity_id, restaurant_id, title, type, userId, id) 
    values
        (?, ?, ?, ?, ?, ?, ?, ?, ?, ?, ?, ?, ?, ?, ?, ?)
Hibernate: 
    insert 
    into
        notifications
        (created_at, deleted_at, delivery_id, isDeleted, isRead, message, metadata, order_id, priority, read_at, related_entity_id, restaurant_id, title, type, userId, id) 
    values
        (?, ?, ?, ?, ?, ?, ?, ?, ?, ?, ?, ?, ?, ?, ?, ?)
2025-07-03 23:42:38.964 [main] DEBUG org.hibernate.SQL - 
    select
        u1_0.id,
        u1_0.address,
        u1_0.email,
        u1_0.full_name,
        u1_0.is_active,
        u1_0.password_hash,
        u1_0.phone,
        u1_0.role 
    from
        users u1_0 
    where
        u1_0.id=?
Hibernate: 
    select
        u1_0.id,
        u1_0.address,
        u1_0.email,
        u1_0.full_name,
        u1_0.is_active,
        u1_0.password_hash,
        u1_0.phone,
        u1_0.role 
    from
        users u1_0 
    where
        u1_0.id=?
2025-07-03 23:42:38.965 [main] DEBUG org.hibernate.SQL - 
    insert 
    into
        notifications
        (created_at, deleted_at, delivery_id, isDeleted, isRead, message, metadata, order_id, priority, read_at, related_entity_id, restaurant_id, title, type, userId, id) 
    values
        (?, ?, ?, ?, ?, ?, ?, ?, ?, ?, ?, ?, ?, ?, ?, ?)
Hibernate: 
    insert 
    into
        notifications
        (created_at, deleted_at, delivery_id, isDeleted, isRead, message, metadata, order_id, priority, read_at, related_entity_id, restaurant_id, title, type, userId, id) 
    values
        (?, ?, ?, ?, ?, ?, ?, ?, ?, ?, ?, ?, ?, ?, ?, ?)
2025-07-03 23:42:38.967 [main] DEBUG org.hibernate.SQL - 
    select
        u1_0.id,
        u1_0.address,
        u1_0.email,
        u1_0.full_name,
        u1_0.is_active,
        u1_0.password_hash,
        u1_0.phone,
        u1_0.role 
    from
        users u1_0 
    where
        u1_0.id=?
Hibernate: 
    select
        u1_0.id,
        u1_0.address,
        u1_0.email,
        u1_0.full_name,
        u1_0.is_active,
        u1_0.password_hash,
        u1_0.phone,
        u1_0.role 
    from
        users u1_0 
    where
        u1_0.id=?
2025-07-03 23:42:38.967 [main] DEBUG org.hibernate.SQL - 
    insert 
    into
        notifications
        (created_at, deleted_at, delivery_id, isDeleted, isRead, message, metadata, order_id, priority, read_at, related_entity_id, restaurant_id, title, type, userId, id) 
    values
        (?, ?, ?, ?, ?, ?, ?, ?, ?, ?, ?, ?, ?, ?, ?, ?)
Hibernate: 
    insert 
    into
        notifications
        (created_at, deleted_at, delivery_id, isDeleted, isRead, message, metadata, order_id, priority, read_at, related_entity_id, restaurant_id, title, type, userId, id) 
    values
        (?, ?, ?, ?, ?, ?, ?, ?, ?, ?, ?, ?, ?, ?, ?, ?)
2025-07-03 23:42:38.969 [main] DEBUG org.hibernate.SQL - 
    select
        u1_0.id,
        u1_0.address,
        u1_0.email,
        u1_0.full_name,
        u1_0.is_active,
        u1_0.password_hash,
        u1_0.phone,
        u1_0.role 
    from
        users u1_0 
    where
        u1_0.id=?
Hibernate: 
    select
        u1_0.id,
        u1_0.address,
        u1_0.email,
        u1_0.full_name,
        u1_0.is_active,
        u1_0.password_hash,
        u1_0.phone,
        u1_0.role 
    from
        users u1_0 
    where
        u1_0.id=?
2025-07-03 23:42:38.969 [main] DEBUG org.hibernate.SQL - 
    insert 
    into
        notifications
        (created_at, deleted_at, delivery_id, isDeleted, isRead, message, metadata, order_id, priority, read_at, related_entity_id, restaurant_id, title, type, userId, id) 
    values
        (?, ?, ?, ?, ?, ?, ?, ?, ?, ?, ?, ?, ?, ?, ?, ?)
Hibernate: 
    insert 
    into
        notifications
        (created_at, deleted_at, delivery_id, isDeleted, isRead, message, metadata, order_id, priority, read_at, related_entity_id, restaurant_id, title, type, userId, id) 
    values
        (?, ?, ?, ?, ?, ?, ?, ?, ?, ?, ?, ?, ?, ?, ?, ?)
2025-07-03 23:42:38.971 [main] DEBUG org.hibernate.SQL - 
    select
        u1_0.id,
        u1_0.address,
        u1_0.email,
        u1_0.full_name,
        u1_0.is_active,
        u1_0.password_hash,
        u1_0.phone,
        u1_0.role 
    from
        users u1_0 
    where
        u1_0.id=?
Hibernate: 
    select
        u1_0.id,
        u1_0.address,
        u1_0.email,
        u1_0.full_name,
        u1_0.is_active,
        u1_0.password_hash,
        u1_0.phone,
        u1_0.role 
    from
        users u1_0 
    where
        u1_0.id=?
2025-07-03 23:42:38.971 [main] DEBUG org.hibernate.SQL - 
    insert 
    into
        notifications
        (created_at, deleted_at, delivery_id, isDeleted, isRead, message, metadata, order_id, priority, read_at, related_entity_id, restaurant_id, title, type, userId, id) 
    values
        (?, ?, ?, ?, ?, ?, ?, ?, ?, ?, ?, ?, ?, ?, ?, ?)
Hibernate: 
    insert 
    into
        notifications
        (created_at, deleted_at, delivery_id, isDeleted, isRead, message, metadata, order_id, priority, read_at, related_entity_id, restaurant_id, title, type, userId, id) 
    values
        (?, ?, ?, ?, ?, ?, ?, ?, ?, ?, ?, ?, ?, ?, ?, ?)
2025-07-03 23:42:38.973 [main] DEBUG org.hibernate.SQL - 
    select
        u1_0.id,
        u1_0.address,
        u1_0.email,
        u1_0.full_name,
        u1_0.is_active,
        u1_0.password_hash,
        u1_0.phone,
        u1_0.role 
    from
        users u1_0 
    where
        u1_0.id=?
Hibernate: 
    select
        u1_0.id,
        u1_0.address,
        u1_0.email,
        u1_0.full_name,
        u1_0.is_active,
        u1_0.password_hash,
        u1_0.phone,
        u1_0.role 
    from
        users u1_0 
    where
        u1_0.id=?
2025-07-03 23:42:38.973 [main] DEBUG org.hibernate.SQL - 
    insert 
    into
        notifications
        (created_at, deleted_at, delivery_id, isDeleted, isRead, message, metadata, order_id, priority, read_at, related_entity_id, restaurant_id, title, type, userId, id) 
    values
        (?, ?, ?, ?, ?, ?, ?, ?, ?, ?, ?, ?, ?, ?, ?, ?)
Hibernate: 
    insert 
    into
        notifications
        (created_at, deleted_at, delivery_id, isDeleted, isRead, message, metadata, order_id, priority, read_at, related_entity_id, restaurant_id, title, type, userId, id) 
    values
        (?, ?, ?, ?, ?, ?, ?, ?, ?, ?, ?, ?, ?, ?, ?, ?)
2025-07-03 23:42:38.975 [main] DEBUG org.hibernate.SQL - 
    select
        u1_0.id,
        u1_0.address,
        u1_0.email,
        u1_0.full_name,
        u1_0.is_active,
        u1_0.password_hash,
        u1_0.phone,
        u1_0.role 
    from
        users u1_0 
    where
        u1_0.id=?
Hibernate: 
    select
        u1_0.id,
        u1_0.address,
        u1_0.email,
        u1_0.full_name,
        u1_0.is_active,
        u1_0.password_hash,
        u1_0.phone,
        u1_0.role 
    from
        users u1_0 
    where
        u1_0.id=?
2025-07-03 23:42:38.976 [main] DEBUG org.hibernate.SQL - 
    insert 
    into
        notifications
        (created_at, deleted_at, delivery_id, isDeleted, isRead, message, metadata, order_id, priority, read_at, related_entity_id, restaurant_id, title, type, userId, id) 
    values
        (?, ?, ?, ?, ?, ?, ?, ?, ?, ?, ?, ?, ?, ?, ?, ?)
Hibernate: 
    insert 
    into
        notifications
        (created_at, deleted_at, delivery_id, isDeleted, isRead, message, metadata, order_id, priority, read_at, related_entity_id, restaurant_id, title, type, userId, id) 
    values
        (?, ?, ?, ?, ?, ?, ?, ?, ?, ?, ?, ?, ?, ?, ?, ?)
2025-07-03 23:42:38.978 [main] DEBUG org.hibernate.SQL - 
    select
        u1_0.id,
        u1_0.address,
        u1_0.email,
        u1_0.full_name,
        u1_0.is_active,
        u1_0.password_hash,
        u1_0.phone,
        u1_0.role 
    from
        users u1_0 
    where
        u1_0.id=?
Hibernate: 
    select
        u1_0.id,
        u1_0.address,
        u1_0.email,
        u1_0.full_name,
        u1_0.is_active,
        u1_0.password_hash,
        u1_0.phone,
        u1_0.role 
    from
        users u1_0 
    where
        u1_0.id=?
2025-07-03 23:42:38.978 [main] DEBUG org.hibernate.SQL - 
    insert 
    into
        notifications
        (created_at, deleted_at, delivery_id, isDeleted, isRead, message, metadata, order_id, priority, read_at, related_entity_id, restaurant_id, title, type, userId, id) 
    values
        (?, ?, ?, ?, ?, ?, ?, ?, ?, ?, ?, ?, ?, ?, ?, ?)
Hibernate: 
    insert 
    into
        notifications
        (created_at, deleted_at, delivery_id, isDeleted, isRead, message, metadata, order_id, priority, read_at, related_entity_id, restaurant_id, title, type, userId, id) 
    values
        (?, ?, ?, ?, ?, ?, ?, ?, ?, ?, ?, ?, ?, ?, ?, ?)
2025-07-03 23:42:38.980 [main] DEBUG org.hibernate.SQL - 
    select
        u1_0.id,
        u1_0.address,
        u1_0.email,
        u1_0.full_name,
        u1_0.is_active,
        u1_0.password_hash,
        u1_0.phone,
        u1_0.role 
    from
        users u1_0 
    where
        u1_0.id=?
Hibernate: 
    select
        u1_0.id,
        u1_0.address,
        u1_0.email,
        u1_0.full_name,
        u1_0.is_active,
        u1_0.password_hash,
        u1_0.phone,
        u1_0.role 
    from
        users u1_0 
    where
        u1_0.id=?
2025-07-03 23:42:38.980 [main] DEBUG org.hibernate.SQL - 
    insert 
    into
        notifications
        (created_at, deleted_at, delivery_id, isDeleted, isRead, message, metadata, order_id, priority, read_at, related_entity_id, restaurant_id, title, type, userId, id) 
    values
        (?, ?, ?, ?, ?, ?, ?, ?, ?, ?, ?, ?, ?, ?, ?, ?)
Hibernate: 
    insert 
    into
        notifications
        (created_at, deleted_at, delivery_id, isDeleted, isRead, message, metadata, order_id, priority, read_at, related_entity_id, restaurant_id, title, type, userId, id) 
    values
        (?, ?, ?, ?, ?, ?, ?, ?, ?, ?, ?, ?, ?, ?, ?, ?)
2025-07-03 23:42:38.982 [main] DEBUG org.hibernate.SQL - 
    select
        u1_0.id,
        u1_0.address,
        u1_0.email,
        u1_0.full_name,
        u1_0.is_active,
        u1_0.password_hash,
        u1_0.phone,
        u1_0.role 
    from
        users u1_0 
    where
        u1_0.id=?
Hibernate: 
    select
        u1_0.id,
        u1_0.address,
        u1_0.email,
        u1_0.full_name,
        u1_0.is_active,
        u1_0.password_hash,
        u1_0.phone,
        u1_0.role 
    from
        users u1_0 
    where
        u1_0.id=?
2025-07-03 23:42:38.982 [main] DEBUG org.hibernate.SQL - 
    insert 
    into
        notifications
        (created_at, deleted_at, delivery_id, isDeleted, isRead, message, metadata, order_id, priority, read_at, related_entity_id, restaurant_id, title, type, userId, id) 
    values
        (?, ?, ?, ?, ?, ?, ?, ?, ?, ?, ?, ?, ?, ?, ?, ?)
Hibernate: 
    insert 
    into
        notifications
        (created_at, deleted_at, delivery_id, isDeleted, isRead, message, metadata, order_id, priority, read_at, related_entity_id, restaurant_id, title, type, userId, id) 
    values
        (?, ?, ?, ?, ?, ?, ?, ?, ?, ?, ?, ?, ?, ?, ?, ?)
2025-07-03 23:42:38.984 [main] DEBUG org.hibernate.SQL - 
    select
        u1_0.id,
        u1_0.address,
        u1_0.email,
        u1_0.full_name,
        u1_0.is_active,
        u1_0.password_hash,
        u1_0.phone,
        u1_0.role 
    from
        users u1_0 
    where
        u1_0.id=?
Hibernate: 
    select
        u1_0.id,
        u1_0.address,
        u1_0.email,
        u1_0.full_name,
        u1_0.is_active,
        u1_0.password_hash,
        u1_0.phone,
        u1_0.role 
    from
        users u1_0 
    where
        u1_0.id=?
2025-07-03 23:42:38.984 [main] DEBUG org.hibernate.SQL - 
    insert 
    into
        notifications
        (created_at, deleted_at, delivery_id, isDeleted, isRead, message, metadata, order_id, priority, read_at, related_entity_id, restaurant_id, title, type, userId, id) 
    values
        (?, ?, ?, ?, ?, ?, ?, ?, ?, ?, ?, ?, ?, ?, ?, ?)
Hibernate: 
    insert 
    into
        notifications
        (created_at, deleted_at, delivery_id, isDeleted, isRead, message, metadata, order_id, priority, read_at, related_entity_id, restaurant_id, title, type, userId, id) 
    values
        (?, ?, ?, ?, ?, ?, ?, ?, ?, ?, ?, ?, ?, ?, ?, ?)
2025-07-03 23:42:38.986 [main] DEBUG org.hibernate.SQL - 
    select
        u1_0.id,
        u1_0.address,
        u1_0.email,
        u1_0.full_name,
        u1_0.is_active,
        u1_0.password_hash,
        u1_0.phone,
        u1_0.role 
    from
        users u1_0 
    where
        u1_0.id=?
Hibernate: 
    select
        u1_0.id,
        u1_0.address,
        u1_0.email,
        u1_0.full_name,
        u1_0.is_active,
        u1_0.password_hash,
        u1_0.phone,
        u1_0.role 
    from
        users u1_0 
    where
        u1_0.id=?
2025-07-03 23:42:38.987 [main] DEBUG org.hibernate.SQL - 
    insert 
    into
        notifications
        (created_at, deleted_at, delivery_id, isDeleted, isRead, message, metadata, order_id, priority, read_at, related_entity_id, restaurant_id, title, type, userId, id) 
    values
        (?, ?, ?, ?, ?, ?, ?, ?, ?, ?, ?, ?, ?, ?, ?, ?)
Hibernate: 
    insert 
    into
        notifications
        (created_at, deleted_at, delivery_id, isDeleted, isRead, message, metadata, order_id, priority, read_at, related_entity_id, restaurant_id, title, type, userId, id) 
    values
        (?, ?, ?, ?, ?, ?, ?, ?, ?, ?, ?, ?, ?, ?, ?, ?)
2025-07-03 23:42:38.989 [main] DEBUG org.hibernate.SQL - 
    select
        u1_0.id,
        u1_0.address,
        u1_0.email,
        u1_0.full_name,
        u1_0.is_active,
        u1_0.password_hash,
        u1_0.phone,
        u1_0.role 
    from
        users u1_0 
    where
        u1_0.id=?
Hibernate: 
    select
        u1_0.id,
        u1_0.address,
        u1_0.email,
        u1_0.full_name,
        u1_0.is_active,
        u1_0.password_hash,
        u1_0.phone,
        u1_0.role 
    from
        users u1_0 
    where
        u1_0.id=?
2025-07-03 23:42:38.989 [main] DEBUG org.hibernate.SQL - 
    insert 
    into
        notifications
        (created_at, deleted_at, delivery_id, isDeleted, isRead, message, metadata, order_id, priority, read_at, related_entity_id, restaurant_id, title, type, userId, id) 
    values
        (?, ?, ?, ?, ?, ?, ?, ?, ?, ?, ?, ?, ?, ?, ?, ?)
Hibernate: 
    insert 
    into
        notifications
        (created_at, deleted_at, delivery_id, isDeleted, isRead, message, metadata, order_id, priority, read_at, related_entity_id, restaurant_id, title, type, userId, id) 
    values
        (?, ?, ?, ?, ?, ?, ?, ?, ?, ?, ?, ?, ?, ?, ?, ?)
2025-07-03 23:42:38.991 [main] DEBUG org.hibernate.SQL - 
    select
        u1_0.id,
        u1_0.address,
        u1_0.email,
        u1_0.full_name,
        u1_0.is_active,
        u1_0.password_hash,
        u1_0.phone,
        u1_0.role 
    from
        users u1_0 
    where
        u1_0.id=?
Hibernate: 
    select
        u1_0.id,
        u1_0.address,
        u1_0.email,
        u1_0.full_name,
        u1_0.is_active,
        u1_0.password_hash,
        u1_0.phone,
        u1_0.role 
    from
        users u1_0 
    where
        u1_0.id=?
2025-07-03 23:42:38.991 [main] DEBUG org.hibernate.SQL - 
    insert 
    into
        notifications
        (created_at, deleted_at, delivery_id, isDeleted, isRead, message, metadata, order_id, priority, read_at, related_entity_id, restaurant_id, title, type, userId, id) 
    values
        (?, ?, ?, ?, ?, ?, ?, ?, ?, ?, ?, ?, ?, ?, ?, ?)
Hibernate: 
    insert 
    into
        notifications
        (created_at, deleted_at, delivery_id, isDeleted, isRead, message, metadata, order_id, priority, read_at, related_entity_id, restaurant_id, title, type, userId, id) 
    values
        (?, ?, ?, ?, ?, ?, ?, ?, ?, ?, ?, ?, ?, ?, ?, ?)
2025-07-03 23:42:38.993 [main] DEBUG org.hibernate.SQL - 
    select
        u1_0.id,
        u1_0.address,
        u1_0.email,
        u1_0.full_name,
        u1_0.is_active,
        u1_0.password_hash,
        u1_0.phone,
        u1_0.role 
    from
        users u1_0 
    where
        u1_0.id=?
Hibernate: 
    select
        u1_0.id,
        u1_0.address,
        u1_0.email,
        u1_0.full_name,
        u1_0.is_active,
        u1_0.password_hash,
        u1_0.phone,
        u1_0.role 
    from
        users u1_0 
    where
        u1_0.id=?
2025-07-03 23:42:38.993 [main] DEBUG org.hibernate.SQL - 
    insert 
    into
        notifications
        (created_at, deleted_at, delivery_id, isDeleted, isRead, message, metadata, order_id, priority, read_at, related_entity_id, restaurant_id, title, type, userId, id) 
    values
        (?, ?, ?, ?, ?, ?, ?, ?, ?, ?, ?, ?, ?, ?, ?, ?)
Hibernate: 
    insert 
    into
        notifications
        (created_at, deleted_at, delivery_id, isDeleted, isRead, message, metadata, order_id, priority, read_at, related_entity_id, restaurant_id, title, type, userId, id) 
    values
        (?, ?, ?, ?, ?, ?, ?, ?, ?, ?, ?, ?, ?, ?, ?, ?)
2025-07-03 23:42:38.995 [main] DEBUG org.hibernate.SQL - 
    select
        u1_0.id,
        u1_0.address,
        u1_0.email,
        u1_0.full_name,
        u1_0.is_active,
        u1_0.password_hash,
        u1_0.phone,
        u1_0.role 
    from
        users u1_0 
    where
        u1_0.id=?
Hibernate: 
    select
        u1_0.id,
        u1_0.address,
        u1_0.email,
        u1_0.full_name,
        u1_0.is_active,
        u1_0.password_hash,
        u1_0.phone,
        u1_0.role 
    from
        users u1_0 
    where
        u1_0.id=?
2025-07-03 23:42:38.995 [main] DEBUG org.hibernate.SQL - 
    insert 
    into
        notifications
        (created_at, deleted_at, delivery_id, isDeleted, isRead, message, metadata, order_id, priority, read_at, related_entity_id, restaurant_id, title, type, userId, id) 
    values
        (?, ?, ?, ?, ?, ?, ?, ?, ?, ?, ?, ?, ?, ?, ?, ?)
Hibernate: 
    insert 
    into
        notifications
        (created_at, deleted_at, delivery_id, isDeleted, isRead, message, metadata, order_id, priority, read_at, related_entity_id, restaurant_id, title, type, userId, id) 
    values
        (?, ?, ?, ?, ?, ?, ?, ?, ?, ?, ?, ?, ?, ?, ?, ?)
2025-07-03 23:42:38.997 [main] DEBUG org.hibernate.SQL - 
    select
        u1_0.id,
        u1_0.address,
        u1_0.email,
        u1_0.full_name,
        u1_0.is_active,
        u1_0.password_hash,
        u1_0.phone,
        u1_0.role 
    from
        users u1_0 
    where
        u1_0.id=?
Hibernate: 
    select
        u1_0.id,
        u1_0.address,
        u1_0.email,
        u1_0.full_name,
        u1_0.is_active,
        u1_0.password_hash,
        u1_0.phone,
        u1_0.role 
    from
        users u1_0 
    where
        u1_0.id=?
2025-07-03 23:42:38.998 [main] DEBUG org.hibernate.SQL - 
    insert 
    into
        notifications
        (created_at, deleted_at, delivery_id, isDeleted, isRead, message, metadata, order_id, priority, read_at, related_entity_id, restaurant_id, title, type, userId, id) 
    values
        (?, ?, ?, ?, ?, ?, ?, ?, ?, ?, ?, ?, ?, ?, ?, ?)
Hibernate: 
    insert 
    into
        notifications
        (created_at, deleted_at, delivery_id, isDeleted, isRead, message, metadata, order_id, priority, read_at, related_entity_id, restaurant_id, title, type, userId, id) 
    values
        (?, ?, ?, ?, ?, ?, ?, ?, ?, ?, ?, ?, ?, ?, ?, ?)
2025-07-03 23:42:39.000 [main] DEBUG org.hibernate.SQL - 
    select
        u1_0.id,
        u1_0.address,
        u1_0.email,
        u1_0.full_name,
        u1_0.is_active,
        u1_0.password_hash,
        u1_0.phone,
        u1_0.role 
    from
        users u1_0 
    where
        u1_0.id=?
Hibernate: 
    select
        u1_0.id,
        u1_0.address,
        u1_0.email,
        u1_0.full_name,
        u1_0.is_active,
        u1_0.password_hash,
        u1_0.phone,
        u1_0.role 
    from
        users u1_0 
    where
        u1_0.id=?
2025-07-03 23:42:39.000 [main] DEBUG org.hibernate.SQL - 
    insert 
    into
        notifications
        (created_at, deleted_at, delivery_id, isDeleted, isRead, message, metadata, order_id, priority, read_at, related_entity_id, restaurant_id, title, type, userId, id) 
    values
        (?, ?, ?, ?, ?, ?, ?, ?, ?, ?, ?, ?, ?, ?, ?, ?)
Hibernate: 
    insert 
    into
        notifications
        (created_at, deleted_at, delivery_id, isDeleted, isRead, message, metadata, order_id, priority, read_at, related_entity_id, restaurant_id, title, type, userId, id) 
    values
        (?, ?, ?, ?, ?, ?, ?, ?, ?, ?, ?, ?, ?, ?, ?, ?)
2025-07-03 23:42:39.002 [main] DEBUG org.hibernate.SQL - 
    select
        u1_0.id,
        u1_0.address,
        u1_0.email,
        u1_0.full_name,
        u1_0.is_active,
        u1_0.password_hash,
        u1_0.phone,
        u1_0.role 
    from
        users u1_0 
    where
        u1_0.id=?
Hibernate: 
    select
        u1_0.id,
        u1_0.address,
        u1_0.email,
        u1_0.full_name,
        u1_0.is_active,
        u1_0.password_hash,
        u1_0.phone,
        u1_0.role 
    from
        users u1_0 
    where
        u1_0.id=?
2025-07-03 23:42:39.002 [main] DEBUG org.hibernate.SQL - 
    insert 
    into
        notifications
        (created_at, deleted_at, delivery_id, isDeleted, isRead, message, metadata, order_id, priority, read_at, related_entity_id, restaurant_id, title, type, userId, id) 
    values
        (?, ?, ?, ?, ?, ?, ?, ?, ?, ?, ?, ?, ?, ?, ?, ?)
Hibernate: 
    insert 
    into
        notifications
        (created_at, deleted_at, delivery_id, isDeleted, isRead, message, metadata, order_id, priority, read_at, related_entity_id, restaurant_id, title, type, userId, id) 
    values
        (?, ?, ?, ?, ?, ?, ?, ?, ?, ?, ?, ?, ?, ?, ?, ?)
2025-07-03 23:42:39.004 [main] DEBUG org.hibernate.SQL - 
    select
        u1_0.id,
        u1_0.address,
        u1_0.email,
        u1_0.full_name,
        u1_0.is_active,
        u1_0.password_hash,
        u1_0.phone,
        u1_0.role 
    from
        users u1_0 
    where
        u1_0.id=?
Hibernate: 
    select
        u1_0.id,
        u1_0.address,
        u1_0.email,
        u1_0.full_name,
        u1_0.is_active,
        u1_0.password_hash,
        u1_0.phone,
        u1_0.role 
    from
        users u1_0 
    where
        u1_0.id=?
2025-07-03 23:42:39.004 [main] DEBUG org.hibernate.SQL - 
    insert 
    into
        notifications
        (created_at, deleted_at, delivery_id, isDeleted, isRead, message, metadata, order_id, priority, read_at, related_entity_id, restaurant_id, title, type, userId, id) 
    values
        (?, ?, ?, ?, ?, ?, ?, ?, ?, ?, ?, ?, ?, ?, ?, ?)
Hibernate: 
    insert 
    into
        notifications
        (created_at, deleted_at, delivery_id, isDeleted, isRead, message, metadata, order_id, priority, read_at, related_entity_id, restaurant_id, title, type, userId, id) 
    values
        (?, ?, ?, ?, ?, ?, ?, ?, ?, ?, ?, ?, ?, ?, ?, ?)
2025-07-03 23:42:39.007 [main] DEBUG org.hibernate.SQL - 
    select
        u1_0.id,
        u1_0.address,
        u1_0.email,
        u1_0.full_name,
        u1_0.is_active,
        u1_0.password_hash,
        u1_0.phone,
        u1_0.role 
    from
        users u1_0 
    where
        u1_0.id=?
Hibernate: 
    select
        u1_0.id,
        u1_0.address,
        u1_0.email,
        u1_0.full_name,
        u1_0.is_active,
        u1_0.password_hash,
        u1_0.phone,
        u1_0.role 
    from
        users u1_0 
    where
        u1_0.id=?
2025-07-03 23:42:39.007 [main] DEBUG org.hibernate.SQL - 
    insert 
    into
        notifications
        (created_at, deleted_at, delivery_id, isDeleted, isRead, message, metadata, order_id, priority, read_at, related_entity_id, restaurant_id, title, type, userId, id) 
    values
        (?, ?, ?, ?, ?, ?, ?, ?, ?, ?, ?, ?, ?, ?, ?, ?)
Hibernate: 
    insert 
    into
        notifications
        (created_at, deleted_at, delivery_id, isDeleted, isRead, message, metadata, order_id, priority, read_at, related_entity_id, restaurant_id, title, type, userId, id) 
    values
        (?, ?, ?, ?, ?, ?, ?, ?, ?, ?, ?, ?, ?, ?, ?, ?)
2025-07-03 23:42:39.009 [main] DEBUG org.hibernate.SQL - 
    select
        u1_0.id,
        u1_0.address,
        u1_0.email,
        u1_0.full_name,
        u1_0.is_active,
        u1_0.password_hash,
        u1_0.phone,
        u1_0.role 
    from
        users u1_0 
    where
        u1_0.id=?
Hibernate: 
    select
        u1_0.id,
        u1_0.address,
        u1_0.email,
        u1_0.full_name,
        u1_0.is_active,
        u1_0.password_hash,
        u1_0.phone,
        u1_0.role 
    from
        users u1_0 
    where
        u1_0.id=?
2025-07-03 23:42:39.009 [main] DEBUG org.hibernate.SQL - 
    insert 
    into
        notifications
        (created_at, deleted_at, delivery_id, isDeleted, isRead, message, metadata, order_id, priority, read_at, related_entity_id, restaurant_id, title, type, userId, id) 
    values
        (?, ?, ?, ?, ?, ?, ?, ?, ?, ?, ?, ?, ?, ?, ?, ?)
Hibernate: 
    insert 
    into
        notifications
        (created_at, deleted_at, delivery_id, isDeleted, isRead, message, metadata, order_id, priority, read_at, related_entity_id, restaurant_id, title, type, userId, id) 
    values
        (?, ?, ?, ?, ?, ?, ?, ?, ?, ?, ?, ?, ?, ?, ?, ?)
2025-07-03 23:42:39.011 [main] DEBUG org.hibernate.SQL - 
    select
        u1_0.id,
        u1_0.address,
        u1_0.email,
        u1_0.full_name,
        u1_0.is_active,
        u1_0.password_hash,
        u1_0.phone,
        u1_0.role 
    from
        users u1_0 
    where
        u1_0.id=?
Hibernate: 
    select
        u1_0.id,
        u1_0.address,
        u1_0.email,
        u1_0.full_name,
        u1_0.is_active,
        u1_0.password_hash,
        u1_0.phone,
        u1_0.role 
    from
        users u1_0 
    where
        u1_0.id=?
2025-07-03 23:42:39.011 [main] DEBUG org.hibernate.SQL - 
    insert 
    into
        notifications
        (created_at, deleted_at, delivery_id, isDeleted, isRead, message, metadata, order_id, priority, read_at, related_entity_id, restaurant_id, title, type, userId, id) 
    values
        (?, ?, ?, ?, ?, ?, ?, ?, ?, ?, ?, ?, ?, ?, ?, ?)
Hibernate: 
    insert 
    into
        notifications
        (created_at, deleted_at, delivery_id, isDeleted, isRead, message, metadata, order_id, priority, read_at, related_entity_id, restaurant_id, title, type, userId, id) 
    values
        (?, ?, ?, ?, ?, ?, ?, ?, ?, ?, ?, ?, ?, ?, ?, ?)
2025-07-03 23:42:39.013 [main] DEBUG org.hibernate.SQL - 
    select
        u1_0.id,
        u1_0.address,
        u1_0.email,
        u1_0.full_name,
        u1_0.is_active,
        u1_0.password_hash,
        u1_0.phone,
        u1_0.role 
    from
        users u1_0 
    where
        u1_0.id=?
Hibernate: 
    select
        u1_0.id,
        u1_0.address,
        u1_0.email,
        u1_0.full_name,
        u1_0.is_active,
        u1_0.password_hash,
        u1_0.phone,
        u1_0.role 
    from
        users u1_0 
    where
        u1_0.id=?
2025-07-03 23:42:39.013 [main] DEBUG org.hibernate.SQL - 
    insert 
    into
        notifications
        (created_at, deleted_at, delivery_id, isDeleted, isRead, message, metadata, order_id, priority, read_at, related_entity_id, restaurant_id, title, type, userId, id) 
    values
        (?, ?, ?, ?, ?, ?, ?, ?, ?, ?, ?, ?, ?, ?, ?, ?)
Hibernate: 
    insert 
    into
        notifications
        (created_at, deleted_at, delivery_id, isDeleted, isRead, message, metadata, order_id, priority, read_at, related_entity_id, restaurant_id, title, type, userId, id) 
    values
        (?, ?, ?, ?, ?, ?, ?, ?, ?, ?, ?, ?, ?, ?, ?, ?)
2025-07-03 23:42:39.015 [main] DEBUG org.hibernate.SQL - 
    select
        u1_0.id,
        u1_0.address,
        u1_0.email,
        u1_0.full_name,
        u1_0.is_active,
        u1_0.password_hash,
        u1_0.phone,
        u1_0.role 
    from
        users u1_0 
    where
        u1_0.id=?
Hibernate: 
    select
        u1_0.id,
        u1_0.address,
        u1_0.email,
        u1_0.full_name,
        u1_0.is_active,
        u1_0.password_hash,
        u1_0.phone,
        u1_0.role 
    from
        users u1_0 
    where
        u1_0.id=?
2025-07-03 23:42:39.015 [main] DEBUG org.hibernate.SQL - 
    insert 
    into
        notifications
        (created_at, deleted_at, delivery_id, isDeleted, isRead, message, metadata, order_id, priority, read_at, related_entity_id, restaurant_id, title, type, userId, id) 
    values
        (?, ?, ?, ?, ?, ?, ?, ?, ?, ?, ?, ?, ?, ?, ?, ?)
Hibernate: 
    insert 
    into
        notifications
        (created_at, deleted_at, delivery_id, isDeleted, isRead, message, metadata, order_id, priority, read_at, related_entity_id, restaurant_id, title, type, userId, id) 
    values
        (?, ?, ?, ?, ?, ?, ?, ?, ?, ?, ?, ?, ?, ?, ?, ?)
2025-07-03 23:42:39.018 [main] DEBUG org.hibernate.SQL - 
    select
        u1_0.id,
        u1_0.address,
        u1_0.email,
        u1_0.full_name,
        u1_0.is_active,
        u1_0.password_hash,
        u1_0.phone,
        u1_0.role 
    from
        users u1_0 
    where
        u1_0.id=?
Hibernate: 
    select
        u1_0.id,
        u1_0.address,
        u1_0.email,
        u1_0.full_name,
        u1_0.is_active,
        u1_0.password_hash,
        u1_0.phone,
        u1_0.role 
    from
        users u1_0 
    where
        u1_0.id=?
2025-07-03 23:42:39.018 [main] DEBUG org.hibernate.SQL - 
    insert 
    into
        notifications
        (created_at, deleted_at, delivery_id, isDeleted, isRead, message, metadata, order_id, priority, read_at, related_entity_id, restaurant_id, title, type, userId, id) 
    values
        (?, ?, ?, ?, ?, ?, ?, ?, ?, ?, ?, ?, ?, ?, ?, ?)
Hibernate: 
    insert 
    into
        notifications
        (created_at, deleted_at, delivery_id, isDeleted, isRead, message, metadata, order_id, priority, read_at, related_entity_id, restaurant_id, title, type, userId, id) 
    values
        (?, ?, ?, ?, ?, ?, ?, ?, ?, ?, ?, ?, ?, ?, ?, ?)
2025-07-03 23:42:39.020 [main] DEBUG org.hibernate.SQL - 
    select
        u1_0.id,
        u1_0.address,
        u1_0.email,
        u1_0.full_name,
        u1_0.is_active,
        u1_0.password_hash,
        u1_0.phone,
        u1_0.role 
    from
        users u1_0 
    where
        u1_0.id=?
Hibernate: 
    select
        u1_0.id,
        u1_0.address,
        u1_0.email,
        u1_0.full_name,
        u1_0.is_active,
        u1_0.password_hash,
        u1_0.phone,
        u1_0.role 
    from
        users u1_0 
    where
        u1_0.id=?
2025-07-03 23:42:39.020 [main] DEBUG org.hibernate.SQL - 
    insert 
    into
        notifications
        (created_at, deleted_at, delivery_id, isDeleted, isRead, message, metadata, order_id, priority, read_at, related_entity_id, restaurant_id, title, type, userId, id) 
    values
        (?, ?, ?, ?, ?, ?, ?, ?, ?, ?, ?, ?, ?, ?, ?, ?)
Hibernate: 
    insert 
    into
        notifications
        (created_at, deleted_at, delivery_id, isDeleted, isRead, message, metadata, order_id, priority, read_at, related_entity_id, restaurant_id, title, type, userId, id) 
    values
        (?, ?, ?, ?, ?, ?, ?, ?, ?, ?, ?, ?, ?, ?, ?, ?)
2025-07-03 23:42:39.022 [main] DEBUG org.hibernate.SQL - 
    select
        u1_0.id,
        u1_0.address,
        u1_0.email,
        u1_0.full_name,
        u1_0.is_active,
        u1_0.password_hash,
        u1_0.phone,
        u1_0.role 
    from
        users u1_0 
    where
        u1_0.id=?
Hibernate: 
    select
        u1_0.id,
        u1_0.address,
        u1_0.email,
        u1_0.full_name,
        u1_0.is_active,
        u1_0.password_hash,
        u1_0.phone,
        u1_0.role 
    from
        users u1_0 
    where
        u1_0.id=?
2025-07-03 23:42:39.022 [main] DEBUG org.hibernate.SQL - 
    insert 
    into
        notifications
        (created_at, deleted_at, delivery_id, isDeleted, isRead, message, metadata, order_id, priority, read_at, related_entity_id, restaurant_id, title, type, userId, id) 
    values
        (?, ?, ?, ?, ?, ?, ?, ?, ?, ?, ?, ?, ?, ?, ?, ?)
Hibernate: 
    insert 
    into
        notifications
        (created_at, deleted_at, delivery_id, isDeleted, isRead, message, metadata, order_id, priority, read_at, related_entity_id, restaurant_id, title, type, userId, id) 
    values
        (?, ?, ?, ?, ?, ?, ?, ?, ?, ?, ?, ?, ?, ?, ?, ?)
2025-07-03 23:42:39.024 [main] DEBUG org.hibernate.SQL - 
    select
        u1_0.id,
        u1_0.address,
        u1_0.email,
        u1_0.full_name,
        u1_0.is_active,
        u1_0.password_hash,
        u1_0.phone,
        u1_0.role 
    from
        users u1_0 
    where
        u1_0.id=?
Hibernate: 
    select
        u1_0.id,
        u1_0.address,
        u1_0.email,
        u1_0.full_name,
        u1_0.is_active,
        u1_0.password_hash,
        u1_0.phone,
        u1_0.role 
    from
        users u1_0 
    where
        u1_0.id=?
2025-07-03 23:42:39.025 [main] DEBUG org.hibernate.SQL - 
    insert 
    into
        notifications
        (created_at, deleted_at, delivery_id, isDeleted, isRead, message, metadata, order_id, priority, read_at, related_entity_id, restaurant_id, title, type, userId, id) 
    values
        (?, ?, ?, ?, ?, ?, ?, ?, ?, ?, ?, ?, ?, ?, ?, ?)
Hibernate: 
    insert 
    into
        notifications
        (created_at, deleted_at, delivery_id, isDeleted, isRead, message, metadata, order_id, priority, read_at, related_entity_id, restaurant_id, title, type, userId, id) 
    values
        (?, ?, ?, ?, ?, ?, ?, ?, ?, ?, ?, ?, ?, ?, ?, ?)
2025-07-03 23:42:39.027 [main] DEBUG org.hibernate.SQL - 
    select
        u1_0.id,
        u1_0.address,
        u1_0.email,
        u1_0.full_name,
        u1_0.is_active,
        u1_0.password_hash,
        u1_0.phone,
        u1_0.role 
    from
        users u1_0 
    where
        u1_0.id=?
Hibernate: 
    select
        u1_0.id,
        u1_0.address,
        u1_0.email,
        u1_0.full_name,
        u1_0.is_active,
        u1_0.password_hash,
        u1_0.phone,
        u1_0.role 
    from
        users u1_0 
    where
        u1_0.id=?
2025-07-03 23:42:39.027 [main] DEBUG org.hibernate.SQL - 
    insert 
    into
        notifications
        (created_at, deleted_at, delivery_id, isDeleted, isRead, message, metadata, order_id, priority, read_at, related_entity_id, restaurant_id, title, type, userId, id) 
    values
        (?, ?, ?, ?, ?, ?, ?, ?, ?, ?, ?, ?, ?, ?, ?, ?)
Hibernate: 
    insert 
    into
        notifications
        (created_at, deleted_at, delivery_id, isDeleted, isRead, message, metadata, order_id, priority, read_at, related_entity_id, restaurant_id, title, type, userId, id) 
    values
        (?, ?, ?, ?, ?, ?, ?, ?, ?, ?, ?, ?, ?, ?, ?, ?)
2025-07-03 23:42:39.029 [main] DEBUG org.hibernate.SQL - 
    select
        u1_0.id,
        u1_0.address,
        u1_0.email,
        u1_0.full_name,
        u1_0.is_active,
        u1_0.password_hash,
        u1_0.phone,
        u1_0.role 
    from
        users u1_0 
    where
        u1_0.id=?
Hibernate: 
    select
        u1_0.id,
        u1_0.address,
        u1_0.email,
        u1_0.full_name,
        u1_0.is_active,
        u1_0.password_hash,
        u1_0.phone,
        u1_0.role 
    from
        users u1_0 
    where
        u1_0.id=?
2025-07-03 23:42:39.029 [main] DEBUG org.hibernate.SQL - 
    insert 
    into
        notifications
        (created_at, deleted_at, delivery_id, isDeleted, isRead, message, metadata, order_id, priority, read_at, related_entity_id, restaurant_id, title, type, userId, id) 
    values
        (?, ?, ?, ?, ?, ?, ?, ?, ?, ?, ?, ?, ?, ?, ?, ?)
Hibernate: 
    insert 
    into
        notifications
        (created_at, deleted_at, delivery_id, isDeleted, isRead, message, metadata, order_id, priority, read_at, related_entity_id, restaurant_id, title, type, userId, id) 
    values
        (?, ?, ?, ?, ?, ?, ?, ?, ?, ?, ?, ?, ?, ?, ?, ?)
2025-07-03 23:42:39.031 [main] DEBUG org.hibernate.SQL - 
    select
        u1_0.id,
        u1_0.address,
        u1_0.email,
        u1_0.full_name,
        u1_0.is_active,
        u1_0.password_hash,
        u1_0.phone,
        u1_0.role 
    from
        users u1_0 
    where
        u1_0.id=?
Hibernate: 
    select
        u1_0.id,
        u1_0.address,
        u1_0.email,
        u1_0.full_name,
        u1_0.is_active,
        u1_0.password_hash,
        u1_0.phone,
        u1_0.role 
    from
        users u1_0 
    where
        u1_0.id=?
2025-07-03 23:42:39.031 [main] DEBUG org.hibernate.SQL - 
    insert 
    into
        notifications
        (created_at, deleted_at, delivery_id, isDeleted, isRead, message, metadata, order_id, priority, read_at, related_entity_id, restaurant_id, title, type, userId, id) 
    values
        (?, ?, ?, ?, ?, ?, ?, ?, ?, ?, ?, ?, ?, ?, ?, ?)
Hibernate: 
    insert 
    into
        notifications
        (created_at, deleted_at, delivery_id, isDeleted, isRead, message, metadata, order_id, priority, read_at, related_entity_id, restaurant_id, title, type, userId, id) 
    values
        (?, ?, ?, ?, ?, ?, ?, ?, ?, ?, ?, ?, ?, ?, ?, ?)
2025-07-03 23:42:39.033 [main] DEBUG org.hibernate.SQL - 
    select
        u1_0.id,
        u1_0.address,
        u1_0.email,
        u1_0.full_name,
        u1_0.is_active,
        u1_0.password_hash,
        u1_0.phone,
        u1_0.role 
    from
        users u1_0 
    where
        u1_0.id=?
Hibernate: 
    select
        u1_0.id,
        u1_0.address,
        u1_0.email,
        u1_0.full_name,
        u1_0.is_active,
        u1_0.password_hash,
        u1_0.phone,
        u1_0.role 
    from
        users u1_0 
    where
        u1_0.id=?
2025-07-03 23:42:39.033 [main] DEBUG org.hibernate.SQL - 
    insert 
    into
        notifications
        (created_at, deleted_at, delivery_id, isDeleted, isRead, message, metadata, order_id, priority, read_at, related_entity_id, restaurant_id, title, type, userId, id) 
    values
        (?, ?, ?, ?, ?, ?, ?, ?, ?, ?, ?, ?, ?, ?, ?, ?)
Hibernate: 
    insert 
    into
        notifications
        (created_at, deleted_at, delivery_id, isDeleted, isRead, message, metadata, order_id, priority, read_at, related_entity_id, restaurant_id, title, type, userId, id) 
    values
        (?, ?, ?, ?, ?, ?, ?, ?, ?, ?, ?, ?, ?, ?, ?, ?)
2025-07-03 23:42:39.035 [main] DEBUG org.hibernate.SQL - 
    select
        u1_0.id,
        u1_0.address,
        u1_0.email,
        u1_0.full_name,
        u1_0.is_active,
        u1_0.password_hash,
        u1_0.phone,
        u1_0.role 
    from
        users u1_0 
    where
        u1_0.id=?
Hibernate: 
    select
        u1_0.id,
        u1_0.address,
        u1_0.email,
        u1_0.full_name,
        u1_0.is_active,
        u1_0.password_hash,
        u1_0.phone,
        u1_0.role 
    from
        users u1_0 
    where
        u1_0.id=?
2025-07-03 23:42:39.035 [main] DEBUG org.hibernate.SQL - 
    insert 
    into
        notifications
        (created_at, deleted_at, delivery_id, isDeleted, isRead, message, metadata, order_id, priority, read_at, related_entity_id, restaurant_id, title, type, userId, id) 
    values
        (?, ?, ?, ?, ?, ?, ?, ?, ?, ?, ?, ?, ?, ?, ?, ?)
Hibernate: 
    insert 
    into
        notifications
        (created_at, deleted_at, delivery_id, isDeleted, isRead, message, metadata, order_id, priority, read_at, related_entity_id, restaurant_id, title, type, userId, id) 
    values
        (?, ?, ?, ?, ?, ?, ?, ?, ?, ?, ?, ?, ?, ?, ?, ?)
2025-07-03 23:42:39.037 [main] DEBUG org.hibernate.SQL - 
    select
        u1_0.id,
        u1_0.address,
        u1_0.email,
        u1_0.full_name,
        u1_0.is_active,
        u1_0.password_hash,
        u1_0.phone,
        u1_0.role 
    from
        users u1_0 
    where
        u1_0.id=?
Hibernate: 
    select
        u1_0.id,
        u1_0.address,
        u1_0.email,
        u1_0.full_name,
        u1_0.is_active,
        u1_0.password_hash,
        u1_0.phone,
        u1_0.role 
    from
        users u1_0 
    where
        u1_0.id=?
2025-07-03 23:42:39.038 [main] DEBUG org.hibernate.SQL - 
    insert 
    into
        notifications
        (created_at, deleted_at, delivery_id, isDeleted, isRead, message, metadata, order_id, priority, read_at, related_entity_id, restaurant_id, title, type, userId, id) 
    values
        (?, ?, ?, ?, ?, ?, ?, ?, ?, ?, ?, ?, ?, ?, ?, ?)
Hibernate: 
    insert 
    into
        notifications
        (created_at, deleted_at, delivery_id, isDeleted, isRead, message, metadata, order_id, priority, read_at, related_entity_id, restaurant_id, title, type, userId, id) 
    values
        (?, ?, ?, ?, ?, ?, ?, ?, ?, ?, ?, ?, ?, ?, ?, ?)
2025-07-03 23:42:39.040 [main] DEBUG org.hibernate.SQL - 
    select
        u1_0.id,
        u1_0.address,
        u1_0.email,
        u1_0.full_name,
        u1_0.is_active,
        u1_0.password_hash,
        u1_0.phone,
        u1_0.role 
    from
        users u1_0 
    where
        u1_0.id=?
Hibernate: 
    select
        u1_0.id,
        u1_0.address,
        u1_0.email,
        u1_0.full_name,
        u1_0.is_active,
        u1_0.password_hash,
        u1_0.phone,
        u1_0.role 
    from
        users u1_0 
    where
        u1_0.id=?
2025-07-03 23:42:39.040 [main] DEBUG org.hibernate.SQL - 
    insert 
    into
        notifications
        (created_at, deleted_at, delivery_id, isDeleted, isRead, message, metadata, order_id, priority, read_at, related_entity_id, restaurant_id, title, type, userId, id) 
    values
        (?, ?, ?, ?, ?, ?, ?, ?, ?, ?, ?, ?, ?, ?, ?, ?)
Hibernate: 
    insert 
    into
        notifications
        (created_at, deleted_at, delivery_id, isDeleted, isRead, message, metadata, order_id, priority, read_at, related_entity_id, restaurant_id, title, type, userId, id) 
    values
        (?, ?, ?, ?, ?, ?, ?, ?, ?, ?, ?, ?, ?, ?, ?, ?)
2025-07-03 23:42:39.042 [main] DEBUG org.hibernate.SQL - 
    select
        u1_0.id,
        u1_0.address,
        u1_0.email,
        u1_0.full_name,
        u1_0.is_active,
        u1_0.password_hash,
        u1_0.phone,
        u1_0.role 
    from
        users u1_0 
    where
        u1_0.id=?
Hibernate: 
    select
        u1_0.id,
        u1_0.address,
        u1_0.email,
        u1_0.full_name,
        u1_0.is_active,
        u1_0.password_hash,
        u1_0.phone,
        u1_0.role 
    from
        users u1_0 
    where
        u1_0.id=?
2025-07-03 23:42:39.042 [main] DEBUG org.hibernate.SQL - 
    insert 
    into
        notifications
        (created_at, deleted_at, delivery_id, isDeleted, isRead, message, metadata, order_id, priority, read_at, related_entity_id, restaurant_id, title, type, userId, id) 
    values
        (?, ?, ?, ?, ?, ?, ?, ?, ?, ?, ?, ?, ?, ?, ?, ?)
Hibernate: 
    insert 
    into
        notifications
        (created_at, deleted_at, delivery_id, isDeleted, isRead, message, metadata, order_id, priority, read_at, related_entity_id, restaurant_id, title, type, userId, id) 
    values
        (?, ?, ?, ?, ?, ?, ?, ?, ?, ?, ?, ?, ?, ?, ?, ?)
2025-07-03 23:42:39.044 [main] DEBUG org.hibernate.SQL - 
    select
        u1_0.id,
        u1_0.address,
        u1_0.email,
        u1_0.full_name,
        u1_0.is_active,
        u1_0.password_hash,
        u1_0.phone,
        u1_0.role 
    from
        users u1_0 
    where
        u1_0.id=?
Hibernate: 
    select
        u1_0.id,
        u1_0.address,
        u1_0.email,
        u1_0.full_name,
        u1_0.is_active,
        u1_0.password_hash,
        u1_0.phone,
        u1_0.role 
    from
        users u1_0 
    where
        u1_0.id=?
2025-07-03 23:42:39.044 [main] DEBUG org.hibernate.SQL - 
    insert 
    into
        notifications
        (created_at, deleted_at, delivery_id, isDeleted, isRead, message, metadata, order_id, priority, read_at, related_entity_id, restaurant_id, title, type, userId, id) 
    values
        (?, ?, ?, ?, ?, ?, ?, ?, ?, ?, ?, ?, ?, ?, ?, ?)
Hibernate: 
    insert 
    into
        notifications
        (created_at, deleted_at, delivery_id, isDeleted, isRead, message, metadata, order_id, priority, read_at, related_entity_id, restaurant_id, title, type, userId, id) 
    values
        (?, ?, ?, ?, ?, ?, ?, ?, ?, ?, ?, ?, ?, ?, ?, ?)
2025-07-03 23:42:39.046 [main] DEBUG org.hibernate.SQL - 
    select
        u1_0.id,
        u1_0.address,
        u1_0.email,
        u1_0.full_name,
        u1_0.is_active,
        u1_0.password_hash,
        u1_0.phone,
        u1_0.role 
    from
        users u1_0 
    where
        u1_0.id=?
Hibernate: 
    select
        u1_0.id,
        u1_0.address,
        u1_0.email,
        u1_0.full_name,
        u1_0.is_active,
        u1_0.password_hash,
        u1_0.phone,
        u1_0.role 
    from
        users u1_0 
    where
        u1_0.id=?
2025-07-03 23:42:39.046 [main] DEBUG org.hibernate.SQL - 
    insert 
    into
        notifications
        (created_at, deleted_at, delivery_id, isDeleted, isRead, message, metadata, order_id, priority, read_at, related_entity_id, restaurant_id, title, type, userId, id) 
    values
        (?, ?, ?, ?, ?, ?, ?, ?, ?, ?, ?, ?, ?, ?, ?, ?)
Hibernate: 
    insert 
    into
        notifications
        (created_at, deleted_at, delivery_id, isDeleted, isRead, message, metadata, order_id, priority, read_at, related_entity_id, restaurant_id, title, type, userId, id) 
    values
        (?, ?, ?, ?, ?, ?, ?, ?, ?, ?, ?, ?, ?, ?, ?, ?)
2025-07-03 23:42:39.049 [main] DEBUG org.hibernate.SQL - 
    select
        u1_0.id,
        u1_0.address,
        u1_0.email,
        u1_0.full_name,
        u1_0.is_active,
        u1_0.password_hash,
        u1_0.phone,
        u1_0.role 
    from
        users u1_0 
    where
        u1_0.id=?
Hibernate: 
    select
        u1_0.id,
        u1_0.address,
        u1_0.email,
        u1_0.full_name,
        u1_0.is_active,
        u1_0.password_hash,
        u1_0.phone,
        u1_0.role 
    from
        users u1_0 
    where
        u1_0.id=?
2025-07-03 23:42:39.049 [main] DEBUG org.hibernate.SQL - 
    insert 
    into
        notifications
        (created_at, deleted_at, delivery_id, isDeleted, isRead, message, metadata, order_id, priority, read_at, related_entity_id, restaurant_id, title, type, userId, id) 
    values
        (?, ?, ?, ?, ?, ?, ?, ?, ?, ?, ?, ?, ?, ?, ?, ?)
Hibernate: 
    insert 
    into
        notifications
        (created_at, deleted_at, delivery_id, isDeleted, isRead, message, metadata, order_id, priority, read_at, related_entity_id, restaurant_id, title, type, userId, id) 
    values
        (?, ?, ?, ?, ?, ?, ?, ?, ?, ?, ?, ?, ?, ?, ?, ?)
2025-07-03 23:42:39.051 [main] DEBUG org.hibernate.SQL - 
    select
        u1_0.id,
        u1_0.address,
        u1_0.email,
        u1_0.full_name,
        u1_0.is_active,
        u1_0.password_hash,
        u1_0.phone,
        u1_0.role 
    from
        users u1_0 
    where
        u1_0.id=?
Hibernate: 
    select
        u1_0.id,
        u1_0.address,
        u1_0.email,
        u1_0.full_name,
        u1_0.is_active,
        u1_0.password_hash,
        u1_0.phone,
        u1_0.role 
    from
        users u1_0 
    where
        u1_0.id=?
2025-07-03 23:42:39.051 [main] DEBUG org.hibernate.SQL - 
    insert 
    into
        notifications
        (created_at, deleted_at, delivery_id, isDeleted, isRead, message, metadata, order_id, priority, read_at, related_entity_id, restaurant_id, title, type, userId, id) 
    values
        (?, ?, ?, ?, ?, ?, ?, ?, ?, ?, ?, ?, ?, ?, ?, ?)
Hibernate: 
    insert 
    into
        notifications
        (created_at, deleted_at, delivery_id, isDeleted, isRead, message, metadata, order_id, priority, read_at, related_entity_id, restaurant_id, title, type, userId, id) 
    values
        (?, ?, ?, ?, ?, ?, ?, ?, ?, ?, ?, ?, ?, ?, ?, ?)
2025-07-03 23:42:39.053 [main] DEBUG org.hibernate.SQL - 
    select
        u1_0.id,
        u1_0.address,
        u1_0.email,
        u1_0.full_name,
        u1_0.is_active,
        u1_0.password_hash,
        u1_0.phone,
        u1_0.role 
    from
        users u1_0 
    where
        u1_0.id=?
Hibernate: 
    select
        u1_0.id,
        u1_0.address,
        u1_0.email,
        u1_0.full_name,
        u1_0.is_active,
        u1_0.password_hash,
        u1_0.phone,
        u1_0.role 
    from
        users u1_0 
    where
        u1_0.id=?
2025-07-03 23:42:39.053 [main] DEBUG org.hibernate.SQL - 
    insert 
    into
        notifications
        (created_at, deleted_at, delivery_id, isDeleted, isRead, message, metadata, order_id, priority, read_at, related_entity_id, restaurant_id, title, type, userId, id) 
    values
        (?, ?, ?, ?, ?, ?, ?, ?, ?, ?, ?, ?, ?, ?, ?, ?)
Hibernate: 
    insert 
    into
        notifications
        (created_at, deleted_at, delivery_id, isDeleted, isRead, message, metadata, order_id, priority, read_at, related_entity_id, restaurant_id, title, type, userId, id) 
    values
        (?, ?, ?, ?, ?, ?, ?, ?, ?, ?, ?, ?, ?, ?, ?, ?)
2025-07-03 23:42:39.055 [main] DEBUG org.hibernate.SQL - 
    select
        u1_0.id,
        u1_0.address,
        u1_0.email,
        u1_0.full_name,
        u1_0.is_active,
        u1_0.password_hash,
        u1_0.phone,
        u1_0.role 
    from
        users u1_0 
    where
        u1_0.id=?
Hibernate: 
    select
        u1_0.id,
        u1_0.address,
        u1_0.email,
        u1_0.full_name,
        u1_0.is_active,
        u1_0.password_hash,
        u1_0.phone,
        u1_0.role 
    from
        users u1_0 
    where
        u1_0.id=?
2025-07-03 23:42:39.055 [main] DEBUG org.hibernate.SQL - 
    insert 
    into
        notifications
        (created_at, deleted_at, delivery_id, isDeleted, isRead, message, metadata, order_id, priority, read_at, related_entity_id, restaurant_id, title, type, userId, id) 
    values
        (?, ?, ?, ?, ?, ?, ?, ?, ?, ?, ?, ?, ?, ?, ?, ?)
Hibernate: 
    insert 
    into
        notifications
        (created_at, deleted_at, delivery_id, isDeleted, isRead, message, metadata, order_id, priority, read_at, related_entity_id, restaurant_id, title, type, userId, id) 
    values
        (?, ?, ?, ?, ?, ?, ?, ?, ?, ?, ?, ?, ?, ?, ?, ?)
2025-07-03 23:42:39.057 [main] DEBUG org.hibernate.SQL - 
    select
        u1_0.id,
        u1_0.address,
        u1_0.email,
        u1_0.full_name,
        u1_0.is_active,
        u1_0.password_hash,
        u1_0.phone,
        u1_0.role 
    from
        users u1_0 
    where
        u1_0.id=?
Hibernate: 
    select
        u1_0.id,
        u1_0.address,
        u1_0.email,
        u1_0.full_name,
        u1_0.is_active,
        u1_0.password_hash,
        u1_0.phone,
        u1_0.role 
    from
        users u1_0 
    where
        u1_0.id=?
2025-07-03 23:42:39.058 [main] DEBUG org.hibernate.SQL - 
    insert 
    into
        notifications
        (created_at, deleted_at, delivery_id, isDeleted, isRead, message, metadata, order_id, priority, read_at, related_entity_id, restaurant_id, title, type, userId, id) 
    values
        (?, ?, ?, ?, ?, ?, ?, ?, ?, ?, ?, ?, ?, ?, ?, ?)
Hibernate: 
    insert 
    into
        notifications
        (created_at, deleted_at, delivery_id, isDeleted, isRead, message, metadata, order_id, priority, read_at, related_entity_id, restaurant_id, title, type, userId, id) 
    values
        (?, ?, ?, ?, ?, ?, ?, ?, ?, ?, ?, ?, ?, ?, ?, ?)
2025-07-03 23:42:39.060 [main] DEBUG org.hibernate.SQL - 
    select
        u1_0.id,
        u1_0.address,
        u1_0.email,
        u1_0.full_name,
        u1_0.is_active,
        u1_0.password_hash,
        u1_0.phone,
        u1_0.role 
    from
        users u1_0 
    where
        u1_0.id=?
Hibernate: 
    select
        u1_0.id,
        u1_0.address,
        u1_0.email,
        u1_0.full_name,
        u1_0.is_active,
        u1_0.password_hash,
        u1_0.phone,
        u1_0.role 
    from
        users u1_0 
    where
        u1_0.id=?
2025-07-03 23:42:39.060 [main] DEBUG org.hibernate.SQL - 
    insert 
    into
        notifications
        (created_at, deleted_at, delivery_id, isDeleted, isRead, message, metadata, order_id, priority, read_at, related_entity_id, restaurant_id, title, type, userId, id) 
    values
        (?, ?, ?, ?, ?, ?, ?, ?, ?, ?, ?, ?, ?, ?, ?, ?)
Hibernate: 
    insert 
    into
        notifications
        (created_at, deleted_at, delivery_id, isDeleted, isRead, message, metadata, order_id, priority, read_at, related_entity_id, restaurant_id, title, type, userId, id) 
    values
        (?, ?, ?, ?, ?, ?, ?, ?, ?, ?, ?, ?, ?, ?, ?, ?)
2025-07-03 23:42:39.062 [main] DEBUG org.hibernate.SQL - 
    select
        u1_0.id,
        u1_0.address,
        u1_0.email,
        u1_0.full_name,
        u1_0.is_active,
        u1_0.password_hash,
        u1_0.phone,
        u1_0.role 
    from
        users u1_0 
    where
        u1_0.id=?
Hibernate: 
    select
        u1_0.id,
        u1_0.address,
        u1_0.email,
        u1_0.full_name,
        u1_0.is_active,
        u1_0.password_hash,
        u1_0.phone,
        u1_0.role 
    from
        users u1_0 
    where
        u1_0.id=?
2025-07-03 23:42:39.062 [main] DEBUG org.hibernate.SQL - 
    select
        next_val as id_val 
    from
        notifications_SEQ
Hibernate: 
    select
        next_val as id_val 
    from
        notifications_SEQ
2025-07-03 23:42:39.062 [main] DEBUG org.hibernate.SQL - 
    update
        notifications_SEQ 
    set
        next_val= ? 
    where
        next_val=?
Hibernate: 
    update
        notifications_SEQ 
    set
        next_val= ? 
    where
        next_val=?
2025-07-03 23:42:39.064 [main] DEBUG org.hibernate.SQL - 
    insert 
    into
        notifications
        (created_at, deleted_at, delivery_id, isDeleted, isRead, message, metadata, order_id, priority, read_at, related_entity_id, restaurant_id, title, type, userId, id) 
    values
        (?, ?, ?, ?, ?, ?, ?, ?, ?, ?, ?, ?, ?, ?, ?, ?)
Hibernate: 
    insert 
    into
        notifications
        (created_at, deleted_at, delivery_id, isDeleted, isRead, message, metadata, order_id, priority, read_at, related_entity_id, restaurant_id, title, type, userId, id) 
    values
        (?, ?, ?, ?, ?, ?, ?, ?, ?, ?, ?, ?, ?, ?, ?, ?)
2025-07-03 23:42:39.066 [main] DEBUG org.hibernate.SQL - 
    select
        u1_0.id,
        u1_0.address,
        u1_0.email,
        u1_0.full_name,
        u1_0.is_active,
        u1_0.password_hash,
        u1_0.phone,
        u1_0.role 
    from
        users u1_0 
    where
        u1_0.id=?
Hibernate: 
    select
        u1_0.id,
        u1_0.address,
        u1_0.email,
        u1_0.full_name,
        u1_0.is_active,
        u1_0.password_hash,
        u1_0.phone,
        u1_0.role 
    from
        users u1_0 
    where
        u1_0.id=?
2025-07-03 23:42:39.066 [main] DEBUG org.hibernate.SQL - 
    insert 
    into
        notifications
        (created_at, deleted_at, delivery_id, isDeleted, isRead, message, metadata, order_id, priority, read_at, related_entity_id, restaurant_id, title, type, userId, id) 
    values
        (?, ?, ?, ?, ?, ?, ?, ?, ?, ?, ?, ?, ?, ?, ?, ?)
Hibernate: 
    insert 
    into
        notifications
        (created_at, deleted_at, delivery_id, isDeleted, isRead, message, metadata, order_id, priority, read_at, related_entity_id, restaurant_id, title, type, userId, id) 
    values
        (?, ?, ?, ?, ?, ?, ?, ?, ?, ?, ?, ?, ?, ?, ?, ?)
2025-07-03 23:42:39.068 [main] DEBUG org.hibernate.SQL - 
    select
        u1_0.id,
        u1_0.address,
        u1_0.email,
        u1_0.full_name,
        u1_0.is_active,
        u1_0.password_hash,
        u1_0.phone,
        u1_0.role 
    from
        users u1_0 
    where
        u1_0.id=?
Hibernate: 
    select
        u1_0.id,
        u1_0.address,
        u1_0.email,
        u1_0.full_name,
        u1_0.is_active,
        u1_0.password_hash,
        u1_0.phone,
        u1_0.role 
    from
        users u1_0 
    where
        u1_0.id=?
2025-07-03 23:42:39.069 [main] DEBUG org.hibernate.SQL - 
    insert 
    into
        notifications
        (created_at, deleted_at, delivery_id, isDeleted, isRead, message, metadata, order_id, priority, read_at, related_entity_id, restaurant_id, title, type, userId, id) 
    values
        (?, ?, ?, ?, ?, ?, ?, ?, ?, ?, ?, ?, ?, ?, ?, ?)
Hibernate: 
    insert 
    into
        notifications
        (created_at, deleted_at, delivery_id, isDeleted, isRead, message, metadata, order_id, priority, read_at, related_entity_id, restaurant_id, title, type, userId, id) 
    values
        (?, ?, ?, ?, ?, ?, ?, ?, ?, ?, ?, ?, ?, ?, ?, ?)
2025-07-03 23:42:39.071 [main] DEBUG org.hibernate.SQL - 
    select
        u1_0.id,
        u1_0.address,
        u1_0.email,
        u1_0.full_name,
        u1_0.is_active,
        u1_0.password_hash,
        u1_0.phone,
        u1_0.role 
    from
        users u1_0 
    where
        u1_0.id=?
Hibernate: 
    select
        u1_0.id,
        u1_0.address,
        u1_0.email,
        u1_0.full_name,
        u1_0.is_active,
        u1_0.password_hash,
        u1_0.phone,
        u1_0.role 
    from
        users u1_0 
    where
        u1_0.id=?
2025-07-03 23:42:39.071 [main] DEBUG org.hibernate.SQL - 
    insert 
    into
        notifications
        (created_at, deleted_at, delivery_id, isDeleted, isRead, message, metadata, order_id, priority, read_at, related_entity_id, restaurant_id, title, type, userId, id) 
    values
        (?, ?, ?, ?, ?, ?, ?, ?, ?, ?, ?, ?, ?, ?, ?, ?)
Hibernate: 
    insert 
    into
        notifications
        (created_at, deleted_at, delivery_id, isDeleted, isRead, message, metadata, order_id, priority, read_at, related_entity_id, restaurant_id, title, type, userId, id) 
    values
        (?, ?, ?, ?, ?, ?, ?, ?, ?, ?, ?, ?, ?, ?, ?, ?)
2025-07-03 23:42:39.073 [main] DEBUG org.hibernate.SQL - 
    select
        u1_0.id,
        u1_0.address,
        u1_0.email,
        u1_0.full_name,
        u1_0.is_active,
        u1_0.password_hash,
        u1_0.phone,
        u1_0.role 
    from
        users u1_0 
    where
        u1_0.id=?
Hibernate: 
    select
        u1_0.id,
        u1_0.address,
        u1_0.email,
        u1_0.full_name,
        u1_0.is_active,
        u1_0.password_hash,
        u1_0.phone,
        u1_0.role 
    from
        users u1_0 
    where
        u1_0.id=?
2025-07-03 23:42:39.073 [main] DEBUG org.hibernate.SQL - 
    insert 
    into
        notifications
        (created_at, deleted_at, delivery_id, isDeleted, isRead, message, metadata, order_id, priority, read_at, related_entity_id, restaurant_id, title, type, userId, id) 
    values
        (?, ?, ?, ?, ?, ?, ?, ?, ?, ?, ?, ?, ?, ?, ?, ?)
Hibernate: 
    insert 
    into
        notifications
        (created_at, deleted_at, delivery_id, isDeleted, isRead, message, metadata, order_id, priority, read_at, related_entity_id, restaurant_id, title, type, userId, id) 
    values
        (?, ?, ?, ?, ?, ?, ?, ?, ?, ?, ?, ?, ?, ?, ?, ?)
2025-07-03 23:42:39.075 [main] DEBUG org.hibernate.SQL - 
    select
        u1_0.id,
        u1_0.address,
        u1_0.email,
        u1_0.full_name,
        u1_0.is_active,
        u1_0.password_hash,
        u1_0.phone,
        u1_0.role 
    from
        users u1_0 
    where
        u1_0.id=?
Hibernate: 
    select
        u1_0.id,
        u1_0.address,
        u1_0.email,
        u1_0.full_name,
        u1_0.is_active,
        u1_0.password_hash,
        u1_0.phone,
        u1_0.role 
    from
        users u1_0 
    where
        u1_0.id=?
2025-07-03 23:42:39.075 [main] DEBUG org.hibernate.SQL - 
    insert 
    into
        notifications
        (created_at, deleted_at, delivery_id, isDeleted, isRead, message, metadata, order_id, priority, read_at, related_entity_id, restaurant_id, title, type, userId, id) 
    values
        (?, ?, ?, ?, ?, ?, ?, ?, ?, ?, ?, ?, ?, ?, ?, ?)
Hibernate: 
    insert 
    into
        notifications
        (created_at, deleted_at, delivery_id, isDeleted, isRead, message, metadata, order_id, priority, read_at, related_entity_id, restaurant_id, title, type, userId, id) 
    values
        (?, ?, ?, ?, ?, ?, ?, ?, ?, ?, ?, ?, ?, ?, ?, ?)
2025-07-03 23:42:39.077 [main] DEBUG org.hibernate.SQL - 
    select
        u1_0.id,
        u1_0.address,
        u1_0.email,
        u1_0.full_name,
        u1_0.is_active,
        u1_0.password_hash,
        u1_0.phone,
        u1_0.role 
    from
        users u1_0 
    where
        u1_0.id=?
Hibernate: 
    select
        u1_0.id,
        u1_0.address,
        u1_0.email,
        u1_0.full_name,
        u1_0.is_active,
        u1_0.password_hash,
        u1_0.phone,
        u1_0.role 
    from
        users u1_0 
    where
        u1_0.id=?
2025-07-03 23:42:39.077 [main] DEBUG org.hibernate.SQL - 
    insert 
    into
        notifications
        (created_at, deleted_at, delivery_id, isDeleted, isRead, message, metadata, order_id, priority, read_at, related_entity_id, restaurant_id, title, type, userId, id) 
    values
        (?, ?, ?, ?, ?, ?, ?, ?, ?, ?, ?, ?, ?, ?, ?, ?)
Hibernate: 
    insert 
    into
        notifications
        (created_at, deleted_at, delivery_id, isDeleted, isRead, message, metadata, order_id, priority, read_at, related_entity_id, restaurant_id, title, type, userId, id) 
    values
        (?, ?, ?, ?, ?, ?, ?, ?, ?, ?, ?, ?, ?, ?, ?, ?)
2025-07-03 23:42:39.080 [main] DEBUG org.hibernate.SQL - 
    select
        u1_0.id,
        u1_0.address,
        u1_0.email,
        u1_0.full_name,
        u1_0.is_active,
        u1_0.password_hash,
        u1_0.phone,
        u1_0.role 
    from
        users u1_0 
    where
        u1_0.id=?
Hibernate: 
    select
        u1_0.id,
        u1_0.address,
        u1_0.email,
        u1_0.full_name,
        u1_0.is_active,
        u1_0.password_hash,
        u1_0.phone,
        u1_0.role 
    from
        users u1_0 
    where
        u1_0.id=?
2025-07-03 23:42:39.080 [main] DEBUG org.hibernate.SQL - 
    insert 
    into
        notifications
        (created_at, deleted_at, delivery_id, isDeleted, isRead, message, metadata, order_id, priority, read_at, related_entity_id, restaurant_id, title, type, userId, id) 
    values
        (?, ?, ?, ?, ?, ?, ?, ?, ?, ?, ?, ?, ?, ?, ?, ?)
Hibernate: 
    insert 
    into
        notifications
        (created_at, deleted_at, delivery_id, isDeleted, isRead, message, metadata, order_id, priority, read_at, related_entity_id, restaurant_id, title, type, userId, id) 
    values
        (?, ?, ?, ?, ?, ?, ?, ?, ?, ?, ?, ?, ?, ?, ?, ?)
2025-07-03 23:42:39.082 [main] DEBUG org.hibernate.SQL - 
    select
        u1_0.id,
        u1_0.address,
        u1_0.email,
        u1_0.full_name,
        u1_0.is_active,
        u1_0.password_hash,
        u1_0.phone,
        u1_0.role 
    from
        users u1_0 
    where
        u1_0.id=?
Hibernate: 
    select
        u1_0.id,
        u1_0.address,
        u1_0.email,
        u1_0.full_name,
        u1_0.is_active,
        u1_0.password_hash,
        u1_0.phone,
        u1_0.role 
    from
        users u1_0 
    where
        u1_0.id=?
2025-07-03 23:42:39.082 [main] DEBUG org.hibernate.SQL - 
    insert 
    into
        notifications
        (created_at, deleted_at, delivery_id, isDeleted, isRead, message, metadata, order_id, priority, read_at, related_entity_id, restaurant_id, title, type, userId, id) 
    values
        (?, ?, ?, ?, ?, ?, ?, ?, ?, ?, ?, ?, ?, ?, ?, ?)
Hibernate: 
    insert 
    into
        notifications
        (created_at, deleted_at, delivery_id, isDeleted, isRead, message, metadata, order_id, priority, read_at, related_entity_id, restaurant_id, title, type, userId, id) 
    values
        (?, ?, ?, ?, ?, ?, ?, ?, ?, ?, ?, ?, ?, ?, ?, ?)
2025-07-03 23:42:39.084 [main] DEBUG org.hibernate.SQL - 
    select
        u1_0.id,
        u1_0.address,
        u1_0.email,
        u1_0.full_name,
        u1_0.is_active,
        u1_0.password_hash,
        u1_0.phone,
        u1_0.role 
    from
        users u1_0 
    where
        u1_0.id=?
Hibernate: 
    select
        u1_0.id,
        u1_0.address,
        u1_0.email,
        u1_0.full_name,
        u1_0.is_active,
        u1_0.password_hash,
        u1_0.phone,
        u1_0.role 
    from
        users u1_0 
    where
        u1_0.id=?
2025-07-03 23:42:39.084 [main] DEBUG org.hibernate.SQL - 
    insert 
    into
        notifications
        (created_at, deleted_at, delivery_id, isDeleted, isRead, message, metadata, order_id, priority, read_at, related_entity_id, restaurant_id, title, type, userId, id) 
    values
        (?, ?, ?, ?, ?, ?, ?, ?, ?, ?, ?, ?, ?, ?, ?, ?)
Hibernate: 
    insert 
    into
        notifications
        (created_at, deleted_at, delivery_id, isDeleted, isRead, message, metadata, order_id, priority, read_at, related_entity_id, restaurant_id, title, type, userId, id) 
    values
        (?, ?, ?, ?, ?, ?, ?, ?, ?, ?, ?, ?, ?, ?, ?, ?)
2025-07-03 23:42:39.086 [main] DEBUG org.hibernate.SQL - 
    select
        u1_0.id,
        u1_0.address,
        u1_0.email,
        u1_0.full_name,
        u1_0.is_active,
        u1_0.password_hash,
        u1_0.phone,
        u1_0.role 
    from
        users u1_0 
    where
        u1_0.id=?
Hibernate: 
    select
        u1_0.id,
        u1_0.address,
        u1_0.email,
        u1_0.full_name,
        u1_0.is_active,
        u1_0.password_hash,
        u1_0.phone,
        u1_0.role 
    from
        users u1_0 
    where
        u1_0.id=?
2025-07-03 23:42:39.087 [main] DEBUG org.hibernate.SQL - 
    insert 
    into
        notifications
        (created_at, deleted_at, delivery_id, isDeleted, isRead, message, metadata, order_id, priority, read_at, related_entity_id, restaurant_id, title, type, userId, id) 
    values
        (?, ?, ?, ?, ?, ?, ?, ?, ?, ?, ?, ?, ?, ?, ?, ?)
Hibernate: 
    insert 
    into
        notifications
        (created_at, deleted_at, delivery_id, isDeleted, isRead, message, metadata, order_id, priority, read_at, related_entity_id, restaurant_id, title, type, userId, id) 
    values
        (?, ?, ?, ?, ?, ?, ?, ?, ?, ?, ?, ?, ?, ?, ?, ?)
2025-07-03 23:42:39.089 [main] DEBUG org.hibernate.SQL - 
    select
        u1_0.id,
        u1_0.address,
        u1_0.email,
        u1_0.full_name,
        u1_0.is_active,
        u1_0.password_hash,
        u1_0.phone,
        u1_0.role 
    from
        users u1_0 
    where
        u1_0.id=?
Hibernate: 
    select
        u1_0.id,
        u1_0.address,
        u1_0.email,
        u1_0.full_name,
        u1_0.is_active,
        u1_0.password_hash,
        u1_0.phone,
        u1_0.role 
    from
        users u1_0 
    where
        u1_0.id=?
2025-07-03 23:42:39.089 [main] DEBUG org.hibernate.SQL - 
    insert 
    into
        notifications
        (created_at, deleted_at, delivery_id, isDeleted, isRead, message, metadata, order_id, priority, read_at, related_entity_id, restaurant_id, title, type, userId, id) 
    values
        (?, ?, ?, ?, ?, ?, ?, ?, ?, ?, ?, ?, ?, ?, ?, ?)
Hibernate: 
    insert 
    into
        notifications
        (created_at, deleted_at, delivery_id, isDeleted, isRead, message, metadata, order_id, priority, read_at, related_entity_id, restaurant_id, title, type, userId, id) 
    values
        (?, ?, ?, ?, ?, ?, ?, ?, ?, ?, ?, ?, ?, ?, ?, ?)
2025-07-03 23:42:39.091 [main] DEBUG org.hibernate.SQL - 
    select
        u1_0.id,
        u1_0.address,
        u1_0.email,
        u1_0.full_name,
        u1_0.is_active,
        u1_0.password_hash,
        u1_0.phone,
        u1_0.role 
    from
        users u1_0 
    where
        u1_0.id=?
Hibernate: 
    select
        u1_0.id,
        u1_0.address,
        u1_0.email,
        u1_0.full_name,
        u1_0.is_active,
        u1_0.password_hash,
        u1_0.phone,
        u1_0.role 
    from
        users u1_0 
    where
        u1_0.id=?
2025-07-03 23:42:39.091 [main] DEBUG org.hibernate.SQL - 
    insert 
    into
        notifications
        (created_at, deleted_at, delivery_id, isDeleted, isRead, message, metadata, order_id, priority, read_at, related_entity_id, restaurant_id, title, type, userId, id) 
    values
        (?, ?, ?, ?, ?, ?, ?, ?, ?, ?, ?, ?, ?, ?, ?, ?)
Hibernate: 
    insert 
    into
        notifications
        (created_at, deleted_at, delivery_id, isDeleted, isRead, message, metadata, order_id, priority, read_at, related_entity_id, restaurant_id, title, type, userId, id) 
    values
        (?, ?, ?, ?, ?, ?, ?, ?, ?, ?, ?, ?, ?, ?, ?, ?)
2025-07-03 23:42:39.093 [main] DEBUG org.hibernate.SQL - 
    select
        u1_0.id,
        u1_0.address,
        u1_0.email,
        u1_0.full_name,
        u1_0.is_active,
        u1_0.password_hash,
        u1_0.phone,
        u1_0.role 
    from
        users u1_0 
    where
        u1_0.id=?
Hibernate: 
    select
        u1_0.id,
        u1_0.address,
        u1_0.email,
        u1_0.full_name,
        u1_0.is_active,
        u1_0.password_hash,
        u1_0.phone,
        u1_0.role 
    from
        users u1_0 
    where
        u1_0.id=?
2025-07-03 23:42:39.093 [main] DEBUG org.hibernate.SQL - 
    insert 
    into
        notifications
        (created_at, deleted_at, delivery_id, isDeleted, isRead, message, metadata, order_id, priority, read_at, related_entity_id, restaurant_id, title, type, userId, id) 
    values
        (?, ?, ?, ?, ?, ?, ?, ?, ?, ?, ?, ?, ?, ?, ?, ?)
Hibernate: 
    insert 
    into
        notifications
        (created_at, deleted_at, delivery_id, isDeleted, isRead, message, metadata, order_id, priority, read_at, related_entity_id, restaurant_id, title, type, userId, id) 
    values
        (?, ?, ?, ?, ?, ?, ?, ?, ?, ?, ?, ?, ?, ?, ?, ?)
2025-07-03 23:42:39.095 [main] DEBUG org.hibernate.SQL - 
    select
        u1_0.id,
        u1_0.address,
        u1_0.email,
        u1_0.full_name,
        u1_0.is_active,
        u1_0.password_hash,
        u1_0.phone,
        u1_0.role 
    from
        users u1_0 
    where
        u1_0.id=?
Hibernate: 
    select
        u1_0.id,
        u1_0.address,
        u1_0.email,
        u1_0.full_name,
        u1_0.is_active,
        u1_0.password_hash,
        u1_0.phone,
        u1_0.role 
    from
        users u1_0 
    where
        u1_0.id=?
2025-07-03 23:42:39.095 [main] DEBUG org.hibernate.SQL - 
    insert 
    into
        notifications
        (created_at, deleted_at, delivery_id, isDeleted, isRead, message, metadata, order_id, priority, read_at, related_entity_id, restaurant_id, title, type, userId, id) 
    values
        (?, ?, ?, ?, ?, ?, ?, ?, ?, ?, ?, ?, ?, ?, ?, ?)
Hibernate: 
    insert 
    into
        notifications
        (created_at, deleted_at, delivery_id, isDeleted, isRead, message, metadata, order_id, priority, read_at, related_entity_id, restaurant_id, title, type, userId, id) 
    values
        (?, ?, ?, ?, ?, ?, ?, ?, ?, ?, ?, ?, ?, ?, ?, ?)
2025-07-03 23:42:39.097 [main] DEBUG org.hibernate.SQL - 
    select
        u1_0.id,
        u1_0.address,
        u1_0.email,
        u1_0.full_name,
        u1_0.is_active,
        u1_0.password_hash,
        u1_0.phone,
        u1_0.role 
    from
        users u1_0 
    where
        u1_0.id=?
Hibernate: 
    select
        u1_0.id,
        u1_0.address,
        u1_0.email,
        u1_0.full_name,
        u1_0.is_active,
        u1_0.password_hash,
        u1_0.phone,
        u1_0.role 
    from
        users u1_0 
    where
        u1_0.id=?
2025-07-03 23:42:39.098 [main] DEBUG org.hibernate.SQL - 
    insert 
    into
        notifications
        (created_at, deleted_at, delivery_id, isDeleted, isRead, message, metadata, order_id, priority, read_at, related_entity_id, restaurant_id, title, type, userId, id) 
    values
        (?, ?, ?, ?, ?, ?, ?, ?, ?, ?, ?, ?, ?, ?, ?, ?)
Hibernate: 
    insert 
    into
        notifications
        (created_at, deleted_at, delivery_id, isDeleted, isRead, message, metadata, order_id, priority, read_at, related_entity_id, restaurant_id, title, type, userId, id) 
    values
        (?, ?, ?, ?, ?, ?, ?, ?, ?, ?, ?, ?, ?, ?, ?, ?)
2025-07-03 23:42:39.100 [main] DEBUG org.hibernate.SQL - 
    select
        u1_0.id,
        u1_0.address,
        u1_0.email,
        u1_0.full_name,
        u1_0.is_active,
        u1_0.password_hash,
        u1_0.phone,
        u1_0.role 
    from
        users u1_0 
    where
        u1_0.id=?
Hibernate: 
    select
        u1_0.id,
        u1_0.address,
        u1_0.email,
        u1_0.full_name,
        u1_0.is_active,
        u1_0.password_hash,
        u1_0.phone,
        u1_0.role 
    from
        users u1_0 
    where
        u1_0.id=?
2025-07-03 23:42:39.100 [main] DEBUG org.hibernate.SQL - 
    insert 
    into
        notifications
        (created_at, deleted_at, delivery_id, isDeleted, isRead, message, metadata, order_id, priority, read_at, related_entity_id, restaurant_id, title, type, userId, id) 
    values
        (?, ?, ?, ?, ?, ?, ?, ?, ?, ?, ?, ?, ?, ?, ?, ?)
Hibernate: 
    insert 
    into
        notifications
        (created_at, deleted_at, delivery_id, isDeleted, isRead, message, metadata, order_id, priority, read_at, related_entity_id, restaurant_id, title, type, userId, id) 
    values
        (?, ?, ?, ?, ?, ?, ?, ?, ?, ?, ?, ?, ?, ?, ?, ?)
2025-07-03 23:42:39.102 [main] DEBUG org.hibernate.SQL - 
    select
        u1_0.id,
        u1_0.address,
        u1_0.email,
        u1_0.full_name,
        u1_0.is_active,
        u1_0.password_hash,
        u1_0.phone,
        u1_0.role 
    from
        users u1_0 
    where
        u1_0.id=?
Hibernate: 
    select
        u1_0.id,
        u1_0.address,
        u1_0.email,
        u1_0.full_name,
        u1_0.is_active,
        u1_0.password_hash,
        u1_0.phone,
        u1_0.role 
    from
        users u1_0 
    where
        u1_0.id=?
2025-07-03 23:42:39.102 [main] DEBUG org.hibernate.SQL - 
    insert 
    into
        notifications
        (created_at, deleted_at, delivery_id, isDeleted, isRead, message, metadata, order_id, priority, read_at, related_entity_id, restaurant_id, title, type, userId, id) 
    values
        (?, ?, ?, ?, ?, ?, ?, ?, ?, ?, ?, ?, ?, ?, ?, ?)
Hibernate: 
    insert 
    into
        notifications
        (created_at, deleted_at, delivery_id, isDeleted, isRead, message, metadata, order_id, priority, read_at, related_entity_id, restaurant_id, title, type, userId, id) 
    values
        (?, ?, ?, ?, ?, ?, ?, ?, ?, ?, ?, ?, ?, ?, ?, ?)
2025-07-03 23:42:39.104 [main] DEBUG org.hibernate.SQL - 
    select
        u1_0.id,
        u1_0.address,
        u1_0.email,
        u1_0.full_name,
        u1_0.is_active,
        u1_0.password_hash,
        u1_0.phone,
        u1_0.role 
    from
        users u1_0 
    where
        u1_0.id=?
Hibernate: 
    select
        u1_0.id,
        u1_0.address,
        u1_0.email,
        u1_0.full_name,
        u1_0.is_active,
        u1_0.password_hash,
        u1_0.phone,
        u1_0.role 
    from
        users u1_0 
    where
        u1_0.id=?
2025-07-03 23:42:39.104 [main] DEBUG org.hibernate.SQL - 
    insert 
    into
        notifications
        (created_at, deleted_at, delivery_id, isDeleted, isRead, message, metadata, order_id, priority, read_at, related_entity_id, restaurant_id, title, type, userId, id) 
    values
        (?, ?, ?, ?, ?, ?, ?, ?, ?, ?, ?, ?, ?, ?, ?, ?)
Hibernate: 
    insert 
    into
        notifications
        (created_at, deleted_at, delivery_id, isDeleted, isRead, message, metadata, order_id, priority, read_at, related_entity_id, restaurant_id, title, type, userId, id) 
    values
        (?, ?, ?, ?, ?, ?, ?, ?, ?, ?, ?, ?, ?, ?, ?, ?)
2025-07-03 23:42:39.106 [main] DEBUG org.hibernate.SQL - 
    select
        u1_0.id,
        u1_0.address,
        u1_0.email,
        u1_0.full_name,
        u1_0.is_active,
        u1_0.password_hash,
        u1_0.phone,
        u1_0.role 
    from
        users u1_0 
    where
        u1_0.id=?
Hibernate: 
    select
        u1_0.id,
        u1_0.address,
        u1_0.email,
        u1_0.full_name,
        u1_0.is_active,
        u1_0.password_hash,
        u1_0.phone,
        u1_0.role 
    from
        users u1_0 
    where
        u1_0.id=?
2025-07-03 23:42:39.107 [main] DEBUG org.hibernate.SQL - 
    insert 
    into
        notifications
        (created_at, deleted_at, delivery_id, isDeleted, isRead, message, metadata, order_id, priority, read_at, related_entity_id, restaurant_id, title, type, userId, id) 
    values
        (?, ?, ?, ?, ?, ?, ?, ?, ?, ?, ?, ?, ?, ?, ?, ?)
Hibernate: 
    insert 
    into
        notifications
        (created_at, deleted_at, delivery_id, isDeleted, isRead, message, metadata, order_id, priority, read_at, related_entity_id, restaurant_id, title, type, userId, id) 
    values
        (?, ?, ?, ?, ?, ?, ?, ?, ?, ?, ?, ?, ?, ?, ?, ?)
2025-07-03 23:42:39.109 [main] DEBUG org.hibernate.SQL - 
    select
        u1_0.id,
        u1_0.address,
        u1_0.email,
        u1_0.full_name,
        u1_0.is_active,
        u1_0.password_hash,
        u1_0.phone,
        u1_0.role 
    from
        users u1_0 
    where
        u1_0.id=?
Hibernate: 
    select
        u1_0.id,
        u1_0.address,
        u1_0.email,
        u1_0.full_name,
        u1_0.is_active,
        u1_0.password_hash,
        u1_0.phone,
        u1_0.role 
    from
        users u1_0 
    where
        u1_0.id=?
2025-07-03 23:42:39.109 [main] DEBUG org.hibernate.SQL - 
    insert 
    into
        notifications
        (created_at, deleted_at, delivery_id, isDeleted, isRead, message, metadata, order_id, priority, read_at, related_entity_id, restaurant_id, title, type, userId, id) 
    values
        (?, ?, ?, ?, ?, ?, ?, ?, ?, ?, ?, ?, ?, ?, ?, ?)
Hibernate: 
    insert 
    into
        notifications
        (created_at, deleted_at, delivery_id, isDeleted, isRead, message, metadata, order_id, priority, read_at, related_entity_id, restaurant_id, title, type, userId, id) 
    values
        (?, ?, ?, ?, ?, ?, ?, ?, ?, ?, ?, ?, ?, ?, ?, ?)
2025-07-03 23:42:39.111 [main] DEBUG org.hibernate.SQL - 
    select
        u1_0.id,
        u1_0.address,
        u1_0.email,
        u1_0.full_name,
        u1_0.is_active,
        u1_0.password_hash,
        u1_0.phone,
        u1_0.role 
    from
        users u1_0 
    where
        u1_0.id=?
Hibernate: 
    select
        u1_0.id,
        u1_0.address,
        u1_0.email,
        u1_0.full_name,
        u1_0.is_active,
        u1_0.password_hash,
        u1_0.phone,
        u1_0.role 
    from
        users u1_0 
    where
        u1_0.id=?
2025-07-03 23:42:39.111 [main] DEBUG org.hibernate.SQL - 
    insert 
    into
        notifications
        (created_at, deleted_at, delivery_id, isDeleted, isRead, message, metadata, order_id, priority, read_at, related_entity_id, restaurant_id, title, type, userId, id) 
    values
        (?, ?, ?, ?, ?, ?, ?, ?, ?, ?, ?, ?, ?, ?, ?, ?)
Hibernate: 
    insert 
    into
        notifications
        (created_at, deleted_at, delivery_id, isDeleted, isRead, message, metadata, order_id, priority, read_at, related_entity_id, restaurant_id, title, type, userId, id) 
    values
        (?, ?, ?, ?, ?, ?, ?, ?, ?, ?, ?, ?, ?, ?, ?, ?)
2025-07-03 23:42:39.113 [main] DEBUG org.hibernate.SQL - 
    select
        u1_0.id,
        u1_0.address,
        u1_0.email,
        u1_0.full_name,
        u1_0.is_active,
        u1_0.password_hash,
        u1_0.phone,
        u1_0.role 
    from
        users u1_0 
    where
        u1_0.id=?
Hibernate: 
    select
        u1_0.id,
        u1_0.address,
        u1_0.email,
        u1_0.full_name,
        u1_0.is_active,
        u1_0.password_hash,
        u1_0.phone,
        u1_0.role 
    from
        users u1_0 
    where
        u1_0.id=?
2025-07-03 23:42:39.113 [main] DEBUG org.hibernate.SQL - 
    insert 
    into
        notifications
        (created_at, deleted_at, delivery_id, isDeleted, isRead, message, metadata, order_id, priority, read_at, related_entity_id, restaurant_id, title, type, userId, id) 
    values
        (?, ?, ?, ?, ?, ?, ?, ?, ?, ?, ?, ?, ?, ?, ?, ?)
Hibernate: 
    insert 
    into
        notifications
        (created_at, deleted_at, delivery_id, isDeleted, isRead, message, metadata, order_id, priority, read_at, related_entity_id, restaurant_id, title, type, userId, id) 
    values
        (?, ?, ?, ?, ?, ?, ?, ?, ?, ?, ?, ?, ?, ?, ?, ?)
2025-07-03 23:42:39.115 [main] DEBUG org.hibernate.SQL - 
    select
        u1_0.id,
        u1_0.address,
        u1_0.email,
        u1_0.full_name,
        u1_0.is_active,
        u1_0.password_hash,
        u1_0.phone,
        u1_0.role 
    from
        users u1_0 
    where
        u1_0.id=?
Hibernate: 
    select
        u1_0.id,
        u1_0.address,
        u1_0.email,
        u1_0.full_name,
        u1_0.is_active,
        u1_0.password_hash,
        u1_0.phone,
        u1_0.role 
    from
        users u1_0 
    where
        u1_0.id=?
2025-07-03 23:42:39.115 [main] DEBUG org.hibernate.SQL - 
    insert 
    into
        notifications
        (created_at, deleted_at, delivery_id, isDeleted, isRead, message, metadata, order_id, priority, read_at, related_entity_id, restaurant_id, title, type, userId, id) 
    values
        (?, ?, ?, ?, ?, ?, ?, ?, ?, ?, ?, ?, ?, ?, ?, ?)
Hibernate: 
    insert 
    into
        notifications
        (created_at, deleted_at, delivery_id, isDeleted, isRead, message, metadata, order_id, priority, read_at, related_entity_id, restaurant_id, title, type, userId, id) 
    values
        (?, ?, ?, ?, ?, ?, ?, ?, ?, ?, ?, ?, ?, ?, ?, ?)
2025-07-03 23:42:39.117 [main] DEBUG org.hibernate.SQL - 
    select
        u1_0.id,
        u1_0.address,
        u1_0.email,
        u1_0.full_name,
        u1_0.is_active,
        u1_0.password_hash,
        u1_0.phone,
        u1_0.role 
    from
        users u1_0 
    where
        u1_0.id=?
Hibernate: 
    select
        u1_0.id,
        u1_0.address,
        u1_0.email,
        u1_0.full_name,
        u1_0.is_active,
        u1_0.password_hash,
        u1_0.phone,
        u1_0.role 
    from
        users u1_0 
    where
        u1_0.id=?
2025-07-03 23:42:39.118 [main] DEBUG org.hibernate.SQL - 
    insert 
    into
        notifications
        (created_at, deleted_at, delivery_id, isDeleted, isRead, message, metadata, order_id, priority, read_at, related_entity_id, restaurant_id, title, type, userId, id) 
    values
        (?, ?, ?, ?, ?, ?, ?, ?, ?, ?, ?, ?, ?, ?, ?, ?)
Hibernate: 
    insert 
    into
        notifications
        (created_at, deleted_at, delivery_id, isDeleted, isRead, message, metadata, order_id, priority, read_at, related_entity_id, restaurant_id, title, type, userId, id) 
    values
        (?, ?, ?, ?, ?, ?, ?, ?, ?, ?, ?, ?, ?, ?, ?, ?)
2025-07-03 23:42:39.120 [main] DEBUG org.hibernate.SQL - 
    select
        u1_0.id,
        u1_0.address,
        u1_0.email,
        u1_0.full_name,
        u1_0.is_active,
        u1_0.password_hash,
        u1_0.phone,
        u1_0.role 
    from
        users u1_0 
    where
        u1_0.id=?
Hibernate: 
    select
        u1_0.id,
        u1_0.address,
        u1_0.email,
        u1_0.full_name,
        u1_0.is_active,
        u1_0.password_hash,
        u1_0.phone,
        u1_0.role 
    from
        users u1_0 
    where
        u1_0.id=?
2025-07-03 23:42:39.120 [main] DEBUG org.hibernate.SQL - 
    insert 
    into
        notifications
        (created_at, deleted_at, delivery_id, isDeleted, isRead, message, metadata, order_id, priority, read_at, related_entity_id, restaurant_id, title, type, userId, id) 
    values
        (?, ?, ?, ?, ?, ?, ?, ?, ?, ?, ?, ?, ?, ?, ?, ?)
Hibernate: 
    insert 
    into
        notifications
        (created_at, deleted_at, delivery_id, isDeleted, isRead, message, metadata, order_id, priority, read_at, related_entity_id, restaurant_id, title, type, userId, id) 
    values
        (?, ?, ?, ?, ?, ?, ?, ?, ?, ?, ?, ?, ?, ?, ?, ?)
2025-07-03 23:42:39.122 [main] DEBUG org.hibernate.SQL - 
    select
        u1_0.id,
        u1_0.address,
        u1_0.email,
        u1_0.full_name,
        u1_0.is_active,
        u1_0.password_hash,
        u1_0.phone,
        u1_0.role 
    from
        users u1_0 
    where
        u1_0.id=?
Hibernate: 
    select
        u1_0.id,
        u1_0.address,
        u1_0.email,
        u1_0.full_name,
        u1_0.is_active,
        u1_0.password_hash,
        u1_0.phone,
        u1_0.role 
    from
        users u1_0 
    where
        u1_0.id=?
2025-07-03 23:42:39.122 [main] DEBUG org.hibernate.SQL - 
    insert 
    into
        notifications
        (created_at, deleted_at, delivery_id, isDeleted, isRead, message, metadata, order_id, priority, read_at, related_entity_id, restaurant_id, title, type, userId, id) 
    values
        (?, ?, ?, ?, ?, ?, ?, ?, ?, ?, ?, ?, ?, ?, ?, ?)
Hibernate: 
    insert 
    into
        notifications
        (created_at, deleted_at, delivery_id, isDeleted, isRead, message, metadata, order_id, priority, read_at, related_entity_id, restaurant_id, title, type, userId, id) 
    values
        (?, ?, ?, ?, ?, ?, ?, ?, ?, ?, ?, ?, ?, ?, ?, ?)
2025-07-03 23:42:39.124 [main] DEBUG org.hibernate.SQL - 
    select
        u1_0.id,
        u1_0.address,
        u1_0.email,
        u1_0.full_name,
        u1_0.is_active,
        u1_0.password_hash,
        u1_0.phone,
        u1_0.role 
    from
        users u1_0 
    where
        u1_0.id=?
Hibernate: 
    select
        u1_0.id,
        u1_0.address,
        u1_0.email,
        u1_0.full_name,
        u1_0.is_active,
        u1_0.password_hash,
        u1_0.phone,
        u1_0.role 
    from
        users u1_0 
    where
        u1_0.id=?
2025-07-03 23:42:39.124 [main] DEBUG org.hibernate.SQL - 
    insert 
    into
        notifications
        (created_at, deleted_at, delivery_id, isDeleted, isRead, message, metadata, order_id, priority, read_at, related_entity_id, restaurant_id, title, type, userId, id) 
    values
        (?, ?, ?, ?, ?, ?, ?, ?, ?, ?, ?, ?, ?, ?, ?, ?)
Hibernate: 
    insert 
    into
        notifications
        (created_at, deleted_at, delivery_id, isDeleted, isRead, message, metadata, order_id, priority, read_at, related_entity_id, restaurant_id, title, type, userId, id) 
    values
        (?, ?, ?, ?, ?, ?, ?, ?, ?, ?, ?, ?, ?, ?, ?, ?)
2025-07-03 23:42:39.126 [main] DEBUG org.hibernate.SQL - 
    select
        u1_0.id,
        u1_0.address,
        u1_0.email,
        u1_0.full_name,
        u1_0.is_active,
        u1_0.password_hash,
        u1_0.phone,
        u1_0.role 
    from
        users u1_0 
    where
        u1_0.id=?
Hibernate: 
    select
        u1_0.id,
        u1_0.address,
        u1_0.email,
        u1_0.full_name,
        u1_0.is_active,
        u1_0.password_hash,
        u1_0.phone,
        u1_0.role 
    from
        users u1_0 
    where
        u1_0.id=?
2025-07-03 23:42:39.126 [main] DEBUG org.hibernate.SQL - 
    insert 
    into
        notifications
        (created_at, deleted_at, delivery_id, isDeleted, isRead, message, metadata, order_id, priority, read_at, related_entity_id, restaurant_id, title, type, userId, id) 
    values
        (?, ?, ?, ?, ?, ?, ?, ?, ?, ?, ?, ?, ?, ?, ?, ?)
Hibernate: 
    insert 
    into
        notifications
        (created_at, deleted_at, delivery_id, isDeleted, isRead, message, metadata, order_id, priority, read_at, related_entity_id, restaurant_id, title, type, userId, id) 
    values
        (?, ?, ?, ?, ?, ?, ?, ?, ?, ?, ?, ?, ?, ?, ?, ?)
2025-07-03 23:42:39.128 [main] DEBUG org.hibernate.SQL - 
    select
        u1_0.id,
        u1_0.address,
        u1_0.email,
        u1_0.full_name,
        u1_0.is_active,
        u1_0.password_hash,
        u1_0.phone,
        u1_0.role 
    from
        users u1_0 
    where
        u1_0.id=?
Hibernate: 
    select
        u1_0.id,
        u1_0.address,
        u1_0.email,
        u1_0.full_name,
        u1_0.is_active,
        u1_0.password_hash,
        u1_0.phone,
        u1_0.role 
    from
        users u1_0 
    where
        u1_0.id=?
2025-07-03 23:42:39.129 [main] DEBUG org.hibernate.SQL - 
    insert 
    into
        notifications
        (created_at, deleted_at, delivery_id, isDeleted, isRead, message, metadata, order_id, priority, read_at, related_entity_id, restaurant_id, title, type, userId, id) 
    values
        (?, ?, ?, ?, ?, ?, ?, ?, ?, ?, ?, ?, ?, ?, ?, ?)
Hibernate: 
    insert 
    into
        notifications
        (created_at, deleted_at, delivery_id, isDeleted, isRead, message, metadata, order_id, priority, read_at, related_entity_id, restaurant_id, title, type, userId, id) 
    values
        (?, ?, ?, ?, ?, ?, ?, ?, ?, ?, ?, ?, ?, ?, ?, ?)
2025-07-03 23:42:39.131 [main] DEBUG org.hibernate.SQL - 
    select
        u1_0.id,
        u1_0.address,
        u1_0.email,
        u1_0.full_name,
        u1_0.is_active,
        u1_0.password_hash,
        u1_0.phone,
        u1_0.role 
    from
        users u1_0 
    where
        u1_0.id=?
Hibernate: 
    select
        u1_0.id,
        u1_0.address,
        u1_0.email,
        u1_0.full_name,
        u1_0.is_active,
        u1_0.password_hash,
        u1_0.phone,
        u1_0.role 
    from
        users u1_0 
    where
        u1_0.id=?
2025-07-03 23:42:39.131 [main] DEBUG org.hibernate.SQL - 
    insert 
    into
        notifications
        (created_at, deleted_at, delivery_id, isDeleted, isRead, message, metadata, order_id, priority, read_at, related_entity_id, restaurant_id, title, type, userId, id) 
    values
        (?, ?, ?, ?, ?, ?, ?, ?, ?, ?, ?, ?, ?, ?, ?, ?)
Hibernate: 
    insert 
    into
        notifications
        (created_at, deleted_at, delivery_id, isDeleted, isRead, message, metadata, order_id, priority, read_at, related_entity_id, restaurant_id, title, type, userId, id) 
    values
        (?, ?, ?, ?, ?, ?, ?, ?, ?, ?, ?, ?, ?, ?, ?, ?)
2025-07-03 23:42:39.133 [main] DEBUG org.hibernate.SQL - 
    select
        u1_0.id,
        u1_0.address,
        u1_0.email,
        u1_0.full_name,
        u1_0.is_active,
        u1_0.password_hash,
        u1_0.phone,
        u1_0.role 
    from
        users u1_0 
    where
        u1_0.id=?
Hibernate: 
    select
        u1_0.id,
        u1_0.address,
        u1_0.email,
        u1_0.full_name,
        u1_0.is_active,
        u1_0.password_hash,
        u1_0.phone,
        u1_0.role 
    from
        users u1_0 
    where
        u1_0.id=?
2025-07-03 23:42:39.133 [main] DEBUG org.hibernate.SQL - 
    insert 
    into
        notifications
        (created_at, deleted_at, delivery_id, isDeleted, isRead, message, metadata, order_id, priority, read_at, related_entity_id, restaurant_id, title, type, userId, id) 
    values
        (?, ?, ?, ?, ?, ?, ?, ?, ?, ?, ?, ?, ?, ?, ?, ?)
Hibernate: 
    insert 
    into
        notifications
        (created_at, deleted_at, delivery_id, isDeleted, isRead, message, metadata, order_id, priority, read_at, related_entity_id, restaurant_id, title, type, userId, id) 
    values
        (?, ?, ?, ?, ?, ?, ?, ?, ?, ?, ?, ?, ?, ?, ?, ?)
2025-07-03 23:42:39.135 [main] DEBUG org.hibernate.SQL - 
    select
        u1_0.id,
        u1_0.address,
        u1_0.email,
        u1_0.full_name,
        u1_0.is_active,
        u1_0.password_hash,
        u1_0.phone,
        u1_0.role 
    from
        users u1_0 
    where
        u1_0.id=?
Hibernate: 
    select
        u1_0.id,
        u1_0.address,
        u1_0.email,
        u1_0.full_name,
        u1_0.is_active,
        u1_0.password_hash,
        u1_0.phone,
        u1_0.role 
    from
        users u1_0 
    where
        u1_0.id=?
2025-07-03 23:42:39.135 [main] DEBUG org.hibernate.SQL - 
    insert 
    into
        notifications
        (created_at, deleted_at, delivery_id, isDeleted, isRead, message, metadata, order_id, priority, read_at, related_entity_id, restaurant_id, title, type, userId, id) 
    values
        (?, ?, ?, ?, ?, ?, ?, ?, ?, ?, ?, ?, ?, ?, ?, ?)
Hibernate: 
    insert 
    into
        notifications
        (created_at, deleted_at, delivery_id, isDeleted, isRead, message, metadata, order_id, priority, read_at, related_entity_id, restaurant_id, title, type, userId, id) 
    values
        (?, ?, ?, ?, ?, ?, ?, ?, ?, ?, ?, ?, ?, ?, ?, ?)
2025-07-03 23:42:39.137 [main] DEBUG org.hibernate.SQL - 
    select
        u1_0.id,
        u1_0.address,
        u1_0.email,
        u1_0.full_name,
        u1_0.is_active,
        u1_0.password_hash,
        u1_0.phone,
        u1_0.role 
    from
        users u1_0 
    where
        u1_0.id=?
Hibernate: 
    select
        u1_0.id,
        u1_0.address,
        u1_0.email,
        u1_0.full_name,
        u1_0.is_active,
        u1_0.password_hash,
        u1_0.phone,
        u1_0.role 
    from
        users u1_0 
    where
        u1_0.id=?
2025-07-03 23:42:39.138 [main] DEBUG org.hibernate.SQL - 
    insert 
    into
        notifications
        (created_at, deleted_at, delivery_id, isDeleted, isRead, message, metadata, order_id, priority, read_at, related_entity_id, restaurant_id, title, type, userId, id) 
    values
        (?, ?, ?, ?, ?, ?, ?, ?, ?, ?, ?, ?, ?, ?, ?, ?)
Hibernate: 
    insert 
    into
        notifications
        (created_at, deleted_at, delivery_id, isDeleted, isRead, message, metadata, order_id, priority, read_at, related_entity_id, restaurant_id, title, type, userId, id) 
    values
        (?, ?, ?, ?, ?, ?, ?, ?, ?, ?, ?, ?, ?, ?, ?, ?)
2025-07-03 23:42:39.140 [main] DEBUG org.hibernate.SQL - 
    select
        u1_0.id,
        u1_0.address,
        u1_0.email,
        u1_0.full_name,
        u1_0.is_active,
        u1_0.password_hash,
        u1_0.phone,
        u1_0.role 
    from
        users u1_0 
    where
        u1_0.id=?
Hibernate: 
    select
        u1_0.id,
        u1_0.address,
        u1_0.email,
        u1_0.full_name,
        u1_0.is_active,
        u1_0.password_hash,
        u1_0.phone,
        u1_0.role 
    from
        users u1_0 
    where
        u1_0.id=?
2025-07-03 23:42:39.140 [main] DEBUG org.hibernate.SQL - 
    insert 
    into
        notifications
        (created_at, deleted_at, delivery_id, isDeleted, isRead, message, metadata, order_id, priority, read_at, related_entity_id, restaurant_id, title, type, userId, id) 
    values
        (?, ?, ?, ?, ?, ?, ?, ?, ?, ?, ?, ?, ?, ?, ?, ?)
Hibernate: 
    insert 
    into
        notifications
        (created_at, deleted_at, delivery_id, isDeleted, isRead, message, metadata, order_id, priority, read_at, related_entity_id, restaurant_id, title, type, userId, id) 
    values
        (?, ?, ?, ?, ?, ?, ?, ?, ?, ?, ?, ?, ?, ?, ?, ?)
2025-07-03 23:42:39.142 [main] DEBUG org.hibernate.SQL - 
    select
        u1_0.id,
        u1_0.address,
        u1_0.email,
        u1_0.full_name,
        u1_0.is_active,
        u1_0.password_hash,
        u1_0.phone,
        u1_0.role 
    from
        users u1_0 
    where
        u1_0.id=?
Hibernate: 
    select
        u1_0.id,
        u1_0.address,
        u1_0.email,
        u1_0.full_name,
        u1_0.is_active,
        u1_0.password_hash,
        u1_0.phone,
        u1_0.role 
    from
        users u1_0 
    where
        u1_0.id=?
2025-07-03 23:42:39.142 [main] DEBUG org.hibernate.SQL - 
    insert 
    into
        notifications
        (created_at, deleted_at, delivery_id, isDeleted, isRead, message, metadata, order_id, priority, read_at, related_entity_id, restaurant_id, title, type, userId, id) 
    values
        (?, ?, ?, ?, ?, ?, ?, ?, ?, ?, ?, ?, ?, ?, ?, ?)
Hibernate: 
    insert 
    into
        notifications
        (created_at, deleted_at, delivery_id, isDeleted, isRead, message, metadata, order_id, priority, read_at, related_entity_id, restaurant_id, title, type, userId, id) 
    values
        (?, ?, ?, ?, ?, ?, ?, ?, ?, ?, ?, ?, ?, ?, ?, ?)
2025-07-03 23:42:39.144 [main] DEBUG org.hibernate.SQL - 
    select
        u1_0.id,
        u1_0.address,
        u1_0.email,
        u1_0.full_name,
        u1_0.is_active,
        u1_0.password_hash,
        u1_0.phone,
        u1_0.role 
    from
        users u1_0 
    where
        u1_0.id=?
Hibernate: 
    select
        u1_0.id,
        u1_0.address,
        u1_0.email,
        u1_0.full_name,
        u1_0.is_active,
        u1_0.password_hash,
        u1_0.phone,
        u1_0.role 
    from
        users u1_0 
    where
        u1_0.id=?
2025-07-03 23:42:39.144 [main] DEBUG org.hibernate.SQL - 
    insert 
    into
        notifications
        (created_at, deleted_at, delivery_id, isDeleted, isRead, message, metadata, order_id, priority, read_at, related_entity_id, restaurant_id, title, type, userId, id) 
    values
        (?, ?, ?, ?, ?, ?, ?, ?, ?, ?, ?, ?, ?, ?, ?, ?)
Hibernate: 
    insert 
    into
        notifications
        (created_at, deleted_at, delivery_id, isDeleted, isRead, message, metadata, order_id, priority, read_at, related_entity_id, restaurant_id, title, type, userId, id) 
    values
        (?, ?, ?, ?, ?, ?, ?, ?, ?, ?, ?, ?, ?, ?, ?, ?)
2025-07-03 23:42:39.146 [main] DEBUG org.hibernate.SQL - 
    select
        u1_0.id,
        u1_0.address,
        u1_0.email,
        u1_0.full_name,
        u1_0.is_active,
        u1_0.password_hash,
        u1_0.phone,
        u1_0.role 
    from
        users u1_0 
    where
        u1_0.id=?
Hibernate: 
    select
        u1_0.id,
        u1_0.address,
        u1_0.email,
        u1_0.full_name,
        u1_0.is_active,
        u1_0.password_hash,
        u1_0.phone,
        u1_0.role 
    from
        users u1_0 
    where
        u1_0.id=?
2025-07-03 23:42:39.146 [main] DEBUG org.hibernate.SQL - 
    insert 
    into
        notifications
        (created_at, deleted_at, delivery_id, isDeleted, isRead, message, metadata, order_id, priority, read_at, related_entity_id, restaurant_id, title, type, userId, id) 
    values
        (?, ?, ?, ?, ?, ?, ?, ?, ?, ?, ?, ?, ?, ?, ?, ?)
Hibernate: 
    insert 
    into
        notifications
        (created_at, deleted_at, delivery_id, isDeleted, isRead, message, metadata, order_id, priority, read_at, related_entity_id, restaurant_id, title, type, userId, id) 
    values
        (?, ?, ?, ?, ?, ?, ?, ?, ?, ?, ?, ?, ?, ?, ?, ?)
2025-07-03 23:42:39.148 [main] DEBUG org.hibernate.SQL - 
    select
        u1_0.id,
        u1_0.address,
        u1_0.email,
        u1_0.full_name,
        u1_0.is_active,
        u1_0.password_hash,
        u1_0.phone,
        u1_0.role 
    from
        users u1_0 
    where
        u1_0.id=?
Hibernate: 
    select
        u1_0.id,
        u1_0.address,
        u1_0.email,
        u1_0.full_name,
        u1_0.is_active,
        u1_0.password_hash,
        u1_0.phone,
        u1_0.role 
    from
        users u1_0 
    where
        u1_0.id=?
2025-07-03 23:42:39.149 [main] DEBUG org.hibernate.SQL - 
    insert 
    into
        notifications
        (created_at, deleted_at, delivery_id, isDeleted, isRead, message, metadata, order_id, priority, read_at, related_entity_id, restaurant_id, title, type, userId, id) 
    values
        (?, ?, ?, ?, ?, ?, ?, ?, ?, ?, ?, ?, ?, ?, ?, ?)
Hibernate: 
    insert 
    into
        notifications
        (created_at, deleted_at, delivery_id, isDeleted, isRead, message, metadata, order_id, priority, read_at, related_entity_id, restaurant_id, title, type, userId, id) 
    values
        (?, ?, ?, ?, ?, ?, ?, ?, ?, ?, ?, ?, ?, ?, ?, ?)
2025-07-03 23:42:39.151 [main] DEBUG org.hibernate.SQL - 
    select
        u1_0.id,
        u1_0.address,
        u1_0.email,
        u1_0.full_name,
        u1_0.is_active,
        u1_0.password_hash,
        u1_0.phone,
        u1_0.role 
    from
        users u1_0 
    where
        u1_0.id=?
Hibernate: 
    select
        u1_0.id,
        u1_0.address,
        u1_0.email,
        u1_0.full_name,
        u1_0.is_active,
        u1_0.password_hash,
        u1_0.phone,
        u1_0.role 
    from
        users u1_0 
    where
        u1_0.id=?
2025-07-03 23:42:39.151 [main] DEBUG org.hibernate.SQL - 
    insert 
    into
        notifications
        (created_at, deleted_at, delivery_id, isDeleted, isRead, message, metadata, order_id, priority, read_at, related_entity_id, restaurant_id, title, type, userId, id) 
    values
        (?, ?, ?, ?, ?, ?, ?, ?, ?, ?, ?, ?, ?, ?, ?, ?)
Hibernate: 
    insert 
    into
        notifications
        (created_at, deleted_at, delivery_id, isDeleted, isRead, message, metadata, order_id, priority, read_at, related_entity_id, restaurant_id, title, type, userId, id) 
    values
        (?, ?, ?, ?, ?, ?, ?, ?, ?, ?, ?, ?, ?, ?, ?, ?)
2025-07-03 23:42:39.153 [main] DEBUG org.hibernate.SQL - 
    select
        u1_0.id,
        u1_0.address,
        u1_0.email,
        u1_0.full_name,
        u1_0.is_active,
        u1_0.password_hash,
        u1_0.phone,
        u1_0.role 
    from
        users u1_0 
    where
        u1_0.id=?
Hibernate: 
    select
        u1_0.id,
        u1_0.address,
        u1_0.email,
        u1_0.full_name,
        u1_0.is_active,
        u1_0.password_hash,
        u1_0.phone,
        u1_0.role 
    from
        users u1_0 
    where
        u1_0.id=?
2025-07-03 23:42:39.153 [main] DEBUG org.hibernate.SQL - 
    insert 
    into
        notifications
        (created_at, deleted_at, delivery_id, isDeleted, isRead, message, metadata, order_id, priority, read_at, related_entity_id, restaurant_id, title, type, userId, id) 
    values
        (?, ?, ?, ?, ?, ?, ?, ?, ?, ?, ?, ?, ?, ?, ?, ?)
Hibernate: 
    insert 
    into
        notifications
        (created_at, deleted_at, delivery_id, isDeleted, isRead, message, metadata, order_id, priority, read_at, related_entity_id, restaurant_id, title, type, userId, id) 
    values
        (?, ?, ?, ?, ?, ?, ?, ?, ?, ?, ?, ?, ?, ?, ?, ?)
2025-07-03 23:42:39.155 [main] DEBUG org.hibernate.SQL - 
    select
        u1_0.id,
        u1_0.address,
        u1_0.email,
        u1_0.full_name,
        u1_0.is_active,
        u1_0.password_hash,
        u1_0.phone,
        u1_0.role 
    from
        users u1_0 
    where
        u1_0.id=?
Hibernate: 
    select
        u1_0.id,
        u1_0.address,
        u1_0.email,
        u1_0.full_name,
        u1_0.is_active,
        u1_0.password_hash,
        u1_0.phone,
        u1_0.role 
    from
        users u1_0 
    where
        u1_0.id=?
2025-07-03 23:42:39.155 [main] DEBUG org.hibernate.SQL - 
    insert 
    into
        notifications
        (created_at, deleted_at, delivery_id, isDeleted, isRead, message, metadata, order_id, priority, read_at, related_entity_id, restaurant_id, title, type, userId, id) 
    values
        (?, ?, ?, ?, ?, ?, ?, ?, ?, ?, ?, ?, ?, ?, ?, ?)
Hibernate: 
    insert 
    into
        notifications
        (created_at, deleted_at, delivery_id, isDeleted, isRead, message, metadata, order_id, priority, read_at, related_entity_id, restaurant_id, title, type, userId, id) 
    values
        (?, ?, ?, ?, ?, ?, ?, ?, ?, ?, ?, ?, ?, ?, ?, ?)
2025-07-03 23:42:39.157 [main] DEBUG org.hibernate.SQL - 
    select
        u1_0.id,
        u1_0.address,
        u1_0.email,
        u1_0.full_name,
        u1_0.is_active,
        u1_0.password_hash,
        u1_0.phone,
        u1_0.role 
    from
        users u1_0 
    where
        u1_0.id=?
Hibernate: 
    select
        u1_0.id,
        u1_0.address,
        u1_0.email,
        u1_0.full_name,
        u1_0.is_active,
        u1_0.password_hash,
        u1_0.phone,
        u1_0.role 
    from
        users u1_0 
    where
        u1_0.id=?
2025-07-03 23:42:39.158 [main] DEBUG org.hibernate.SQL - 
    insert 
    into
        notifications
        (created_at, deleted_at, delivery_id, isDeleted, isRead, message, metadata, order_id, priority, read_at, related_entity_id, restaurant_id, title, type, userId, id) 
    values
        (?, ?, ?, ?, ?, ?, ?, ?, ?, ?, ?, ?, ?, ?, ?, ?)
Hibernate: 
    insert 
    into
        notifications
        (created_at, deleted_at, delivery_id, isDeleted, isRead, message, metadata, order_id, priority, read_at, related_entity_id, restaurant_id, title, type, userId, id) 
    values
        (?, ?, ?, ?, ?, ?, ?, ?, ?, ?, ?, ?, ?, ?, ?, ?)
2025-07-03 23:42:39.160 [main] DEBUG org.hibernate.SQL - 
    select
        u1_0.id,
        u1_0.address,
        u1_0.email,
        u1_0.full_name,
        u1_0.is_active,
        u1_0.password_hash,
        u1_0.phone,
        u1_0.role 
    from
        users u1_0 
    where
        u1_0.id=?
Hibernate: 
    select
        u1_0.id,
        u1_0.address,
        u1_0.email,
        u1_0.full_name,
        u1_0.is_active,
        u1_0.password_hash,
        u1_0.phone,
        u1_0.role 
    from
        users u1_0 
    where
        u1_0.id=?
2025-07-03 23:42:39.160 [main] DEBUG org.hibernate.SQL - 
    insert 
    into
        notifications
        (created_at, deleted_at, delivery_id, isDeleted, isRead, message, metadata, order_id, priority, read_at, related_entity_id, restaurant_id, title, type, userId, id) 
    values
        (?, ?, ?, ?, ?, ?, ?, ?, ?, ?, ?, ?, ?, ?, ?, ?)
Hibernate: 
    insert 
    into
        notifications
        (created_at, deleted_at, delivery_id, isDeleted, isRead, message, metadata, order_id, priority, read_at, related_entity_id, restaurant_id, title, type, userId, id) 
    values
        (?, ?, ?, ?, ?, ?, ?, ?, ?, ?, ?, ?, ?, ?, ?, ?)
2025-07-03 23:42:39.162 [main] DEBUG org.hibernate.SQL - 
    select
        u1_0.id,
        u1_0.address,
        u1_0.email,
        u1_0.full_name,
        u1_0.is_active,
        u1_0.password_hash,
        u1_0.phone,
        u1_0.role 
    from
        users u1_0 
    where
        u1_0.id=?
Hibernate: 
    select
        u1_0.id,
        u1_0.address,
        u1_0.email,
        u1_0.full_name,
        u1_0.is_active,
        u1_0.password_hash,
        u1_0.phone,
        u1_0.role 
    from
        users u1_0 
    where
        u1_0.id=?
2025-07-03 23:42:39.162 [main] DEBUG org.hibernate.SQL - 
    insert 
    into
        notifications
        (created_at, deleted_at, delivery_id, isDeleted, isRead, message, metadata, order_id, priority, read_at, related_entity_id, restaurant_id, title, type, userId, id) 
    values
        (?, ?, ?, ?, ?, ?, ?, ?, ?, ?, ?, ?, ?, ?, ?, ?)
Hibernate: 
    insert 
    into
        notifications
        (created_at, deleted_at, delivery_id, isDeleted, isRead, message, metadata, order_id, priority, read_at, related_entity_id, restaurant_id, title, type, userId, id) 
    values
        (?, ?, ?, ?, ?, ?, ?, ?, ?, ?, ?, ?, ?, ?, ?, ?)
2025-07-03 23:42:39.164 [main] DEBUG org.hibernate.SQL - 
    select
        u1_0.id,
        u1_0.address,
        u1_0.email,
        u1_0.full_name,
        u1_0.is_active,
        u1_0.password_hash,
        u1_0.phone,
        u1_0.role 
    from
        users u1_0 
    where
        u1_0.id=?
Hibernate: 
    select
        u1_0.id,
        u1_0.address,
        u1_0.email,
        u1_0.full_name,
        u1_0.is_active,
        u1_0.password_hash,
        u1_0.phone,
        u1_0.role 
    from
        users u1_0 
    where
        u1_0.id=?
2025-07-03 23:42:39.164 [main] DEBUG org.hibernate.SQL - 
    insert 
    into
        notifications
        (created_at, deleted_at, delivery_id, isDeleted, isRead, message, metadata, order_id, priority, read_at, related_entity_id, restaurant_id, title, type, userId, id) 
    values
        (?, ?, ?, ?, ?, ?, ?, ?, ?, ?, ?, ?, ?, ?, ?, ?)
Hibernate: 
    insert 
    into
        notifications
        (created_at, deleted_at, delivery_id, isDeleted, isRead, message, metadata, order_id, priority, read_at, related_entity_id, restaurant_id, title, type, userId, id) 
    values
        (?, ?, ?, ?, ?, ?, ?, ?, ?, ?, ?, ?, ?, ?, ?, ?)
2025-07-03 23:42:39.166 [main] DEBUG org.hibernate.SQL - 
    select
        u1_0.id,
        u1_0.address,
        u1_0.email,
        u1_0.full_name,
        u1_0.is_active,
        u1_0.password_hash,
        u1_0.phone,
        u1_0.role 
    from
        users u1_0 
    where
        u1_0.id=?
Hibernate: 
    select
        u1_0.id,
        u1_0.address,
        u1_0.email,
        u1_0.full_name,
        u1_0.is_active,
        u1_0.password_hash,
        u1_0.phone,
        u1_0.role 
    from
        users u1_0 
    where
        u1_0.id=?
2025-07-03 23:42:39.166 [main] DEBUG org.hibernate.SQL - 
    insert 
    into
        notifications
        (created_at, deleted_at, delivery_id, isDeleted, isRead, message, metadata, order_id, priority, read_at, related_entity_id, restaurant_id, title, type, userId, id) 
    values
        (?, ?, ?, ?, ?, ?, ?, ?, ?, ?, ?, ?, ?, ?, ?, ?)
Hibernate: 
    insert 
    into
        notifications
        (created_at, deleted_at, delivery_id, isDeleted, isRead, message, metadata, order_id, priority, read_at, related_entity_id, restaurant_id, title, type, userId, id) 
    values
        (?, ?, ?, ?, ?, ?, ?, ?, ?, ?, ?, ?, ?, ?, ?, ?)
2025-07-03 23:42:39.168 [main] DEBUG org.hibernate.SQL - 
    select
        u1_0.id,
        u1_0.address,
        u1_0.email,
        u1_0.full_name,
        u1_0.is_active,
        u1_0.password_hash,
        u1_0.phone,
        u1_0.role 
    from
        users u1_0 
    where
        u1_0.id=?
Hibernate: 
    select
        u1_0.id,
        u1_0.address,
        u1_0.email,
        u1_0.full_name,
        u1_0.is_active,
        u1_0.password_hash,
        u1_0.phone,
        u1_0.role 
    from
        users u1_0 
    where
        u1_0.id=?
2025-07-03 23:42:39.169 [main] DEBUG org.hibernate.SQL - 
    insert 
    into
        notifications
        (created_at, deleted_at, delivery_id, isDeleted, isRead, message, metadata, order_id, priority, read_at, related_entity_id, restaurant_id, title, type, userId, id) 
    values
        (?, ?, ?, ?, ?, ?, ?, ?, ?, ?, ?, ?, ?, ?, ?, ?)
Hibernate: 
    insert 
    into
        notifications
        (created_at, deleted_at, delivery_id, isDeleted, isRead, message, metadata, order_id, priority, read_at, related_entity_id, restaurant_id, title, type, userId, id) 
    values
        (?, ?, ?, ?, ?, ?, ?, ?, ?, ?, ?, ?, ?, ?, ?, ?)
2025-07-03 23:42:39.171 [main] DEBUG org.hibernate.SQL - 
    select
        u1_0.id,
        u1_0.address,
        u1_0.email,
        u1_0.full_name,
        u1_0.is_active,
        u1_0.password_hash,
        u1_0.phone,
        u1_0.role 
    from
        users u1_0 
    where
        u1_0.id=?
Hibernate: 
    select
        u1_0.id,
        u1_0.address,
        u1_0.email,
        u1_0.full_name,
        u1_0.is_active,
        u1_0.password_hash,
        u1_0.phone,
        u1_0.role 
    from
        users u1_0 
    where
        u1_0.id=?
2025-07-03 23:42:39.171 [main] DEBUG org.hibernate.SQL - 
    insert 
    into
        notifications
        (created_at, deleted_at, delivery_id, isDeleted, isRead, message, metadata, order_id, priority, read_at, related_entity_id, restaurant_id, title, type, userId, id) 
    values
        (?, ?, ?, ?, ?, ?, ?, ?, ?, ?, ?, ?, ?, ?, ?, ?)
Hibernate: 
    insert 
    into
        notifications
        (created_at, deleted_at, delivery_id, isDeleted, isRead, message, metadata, order_id, priority, read_at, related_entity_id, restaurant_id, title, type, userId, id) 
    values
        (?, ?, ?, ?, ?, ?, ?, ?, ?, ?, ?, ?, ?, ?, ?, ?)
2025-07-03 23:42:39.173 [main] DEBUG org.hibernate.SQL - 
    select
        u1_0.id,
        u1_0.address,
        u1_0.email,
        u1_0.full_name,
        u1_0.is_active,
        u1_0.password_hash,
        u1_0.phone,
        u1_0.role 
    from
        users u1_0 
    where
        u1_0.id=?
Hibernate: 
    select
        u1_0.id,
        u1_0.address,
        u1_0.email,
        u1_0.full_name,
        u1_0.is_active,
        u1_0.password_hash,
        u1_0.phone,
        u1_0.role 
    from
        users u1_0 
    where
        u1_0.id=?
2025-07-03 23:42:39.173 [main] DEBUG org.hibernate.SQL - 
    select
        count(n1_0.id) 
    from
        notifications n1_0 
    where
        n1_0.userId=? 
        and n1_0.isRead=0 
        and n1_0.isDeleted=0
Hibernate: 
    select
        count(n1_0.id) 
    from
        notifications n1_0 
    where
        n1_0.userId=? 
        and n1_0.isRead=0 
        and n1_0.isDeleted=0
📊 Created 100 notifications, unread count: 100
2025-07-03 23:42:39.175 [main] DEBUG org.hibernate.SQL - 
    select
        u1_0.id,
        u1_0.address,
        u1_0.email,
        u1_0.full_name,
        u1_0.is_active,
        u1_0.password_hash,
        u1_0.phone,
        u1_0.role 
    from
        users u1_0 
    where
        u1_0.id=?
Hibernate: 
    select
        u1_0.id,
        u1_0.address,
        u1_0.email,
        u1_0.full_name,
        u1_0.is_active,
        u1_0.password_hash,
        u1_0.phone,
        u1_0.role 
    from
        users u1_0 
    where
        u1_0.id=?
2025-07-03 23:42:39.176 [main] DEBUG org.hibernate.SQL - 
    update
        notifications 
    set
        isRead=1,
        read_at=? 
    where
        userId=? 
        and isRead=0 
        and isDeleted=0
Hibernate: 
    update
        notifications 
    set
        isRead=1,
        read_at=? 
    where
        userId=? 
        and isRead=0 
        and isDeleted=0
2025-07-03 23:42:39.178 [main] DEBUG org.hibernate.SQL - 
    select
        u1_0.id,
        u1_0.address,
        u1_0.email,
        u1_0.full_name,
        u1_0.is_active,
        u1_0.password_hash,
        u1_0.phone,
        u1_0.role 
    from
        users u1_0 
    where
        u1_0.id=?
Hibernate: 
    select
        u1_0.id,
        u1_0.address,
        u1_0.email,
        u1_0.full_name,
        u1_0.is_active,
        u1_0.password_hash,
        u1_0.phone,
        u1_0.role 
    from
        users u1_0 
    where
        u1_0.id=?
2025-07-03 23:42:39.178 [main] DEBUG org.hibernate.SQL - 
    select
        count(n1_0.id) 
    from
        notifications n1_0 
    where
        n1_0.userId=? 
        and n1_0.isRead=0 
        and n1_0.isDeleted=0
Hibernate: 
    select
        count(n1_0.id) 
    from
        notifications n1_0 
    where
        n1_0.userId=? 
        and n1_0.isRead=0 
        and n1_0.isDeleted=0
✅ Bulk mark as read completed: 100 notifications in 3ms
]]></system-out>
  </testcase>
</testsuite>