<?xml version="1.0" encoding="UTF-8"?>
<testsuite xmlns:xsi="http://www.w3.org/2001/XMLSchema-instance" xsi:noNamespaceSchemaLocation="https://maven.apache.org/surefire/maven-surefire-plugin/xsd/surefire-test-report-3.0.xsd" version="3.0" name="com.myapp.stress.DatabasePerformanceTest$ConcurrentDatabaseTests" time="0.475" tests="3" errors="0" skipped="0" failures="0">
  <properties>
    <property name="java.specification.version" value="17"/>
    <property name="sun.cpu.isalist" value="amd64"/>
    <property name="sun.jnu.encoding" value="Cp1252"/>
    <property name="java.class.path" value="C:\Users\USER\Desktop\work space\food-ordering-project\backend\target\test-classes;C:\Users\USER\Desktop\work space\food-ordering-project\backend\target\classes;C:\Users\USER\.m2\repository\com\h2database\h2\2.2.224\h2-2.2.224.jar;C:\Users\USER\.m2\repository\org\junit\jupiter\junit-jupiter-api\5.9.2\junit-jupiter-api-5.9.2.jar;C:\Users\USER\.m2\repository\org\opentest4j\opentest4j\1.2.0\opentest4j-1.2.0.jar;C:\Users\USER\.m2\repository\org\junit\platform\junit-platform-commons\1.9.2\junit-platform-commons-1.9.2.jar;C:\Users\USER\.m2\repository\org\apiguardian\apiguardian-api\1.1.2\apiguardian-api-1.1.2.jar;C:\Users\USER\.m2\repository\org\junit\jupiter\junit-jupiter-engine\5.9.2\junit-jupiter-engine-5.9.2.jar;C:\Users\USER\.m2\repository\org\junit\platform\junit-platform-engine\1.9.2\junit-platform-engine-1.9.2.jar;C:\Users\USER\.m2\repository\org\junit\jupiter\junit-jupiter-params\5.9.2\junit-jupiter-params-5.9.2.jar;C:\Users\USER\.m2\repository\com\fasterxml\jackson\dataformat\jackson-dataformat-yaml\2.15.2\jackson-dataformat-yaml-2.15.2.jar;C:\Users\USER\.m2\repository\org\yaml\snakeyaml\2.0\snakeyaml-2.0.jar;C:\Users\USER\.m2\repository\com\fasterxml\jackson\core\jackson-core\2.15.2\jackson-core-2.15.2.jar;C:\Users\USER\.m2\repository\com\fasterxml\jackson\core\jackson-databind\2.15.2\jackson-databind-2.15.2.jar;C:\Users\USER\.m2\repository\com\fasterxml\jackson\core\jackson-annotations\2.15.2\jackson-annotations-2.15.2.jar;C:\Users\USER\.m2\repository\com\fasterxml\jackson\datatype\jackson-datatype-jsr310\2.15.2\jackson-datatype-jsr310-2.15.2.jar;C:\Users\USER\.m2\repository\org\assertj\assertj-core\3.24.2\assertj-core-3.24.2.jar;C:\Users\USER\.m2\repository\net\bytebuddy\byte-buddy\1.12.21\byte-buddy-1.12.21.jar;C:\Users\USER\.m2\repository\org\mockito\mockito-core\5.11.0\mockito-core-5.11.0.jar;C:\Users\USER\.m2\repository\net\bytebuddy\byte-buddy-agent\1.14.12\byte-buddy-agent-1.14.12.jar;C:\Users\USER\.m2\repository\org\objenesis\objenesis\3.3\objenesis-3.3.jar;C:\Users\USER\.m2\repository\org\hibernate\orm\hibernate-core\6.4.4.Final\hibernate-core-6.4.4.Final.jar;C:\Users\USER\.m2\repository\jakarta\transaction\jakarta.transaction-api\2.0.1\jakarta.transaction-api-2.0.1.jar;C:\Users\USER\.m2\repository\org\jboss\logging\jboss-logging\3.5.0.Final\jboss-logging-3.5.0.Final.jar;C:\Users\USER\.m2\repository\org\hibernate\common\hibernate-commons-annotations\6.0.6.Final\hibernate-commons-annotations-6.0.6.Final.jar;C:\Users\USER\.m2\repository\io\smallrye\jandex\3.1.2\jandex-3.1.2.jar;C:\Users\USER\.m2\repository\com\fasterxml\classmate\1.5.1\classmate-1.5.1.jar;C:\Users\USER\.m2\repository\jakarta\xml\bind\jakarta.xml.bind-api\4.0.0\jakarta.xml.bind-api-4.0.0.jar;C:\Users\USER\.m2\repository\jakarta\activation\jakarta.activation-api\2.1.0\jakarta.activation-api-2.1.0.jar;C:\Users\USER\.m2\repository\org\glassfish\jaxb\jaxb-runtime\4.0.2\jaxb-runtime-4.0.2.jar;C:\Users\USER\.m2\repository\org\glassfish\jaxb\jaxb-core\4.0.2\jaxb-core-4.0.2.jar;C:\Users\USER\.m2\repository\org\eclipse\angus\angus-activation\2.0.0\angus-activation-2.0.0.jar;C:\Users\USER\.m2\repository\org\glassfish\jaxb\txw2\4.0.2\txw2-4.0.2.jar;C:\Users\USER\.m2\repository\com\sun\istack\istack-commons-runtime\4.1.1\istack-commons-runtime-4.1.1.jar;C:\Users\USER\.m2\repository\jakarta\inject\jakarta.inject-api\2.0.1\jakarta.inject-api-2.0.1.jar;C:\Users\USER\.m2\repository\org\antlr\antlr4-runtime\4.13.0\antlr4-runtime-4.13.0.jar;C:\Users\USER\.m2\repository\jakarta\persistence\jakarta.persistence-api\3.1.0\jakarta.persistence-api-3.1.0.jar;C:\Users\USER\.m2\repository\org\xerial\sqlite-jdbc\3.45.1.0\sqlite-jdbc-3.45.1.0.jar;C:\Users\USER\.m2\repository\org\slf4j\slf4j-api\1.7.36\slf4j-api-1.7.36.jar;C:\Users\USER\.m2\repository\org\hibernate\orm\hibernate-community-dialects\6.4.4.Final\hibernate-community-dialects-6.4.4.Final.jar;C:\Users\USER\.m2\repository\io\jsonwebtoken\jjwt-api\0.12.3\jjwt-api-0.12.3.jar;C:\Users\USER\.m2\repository\io\jsonwebtoken\jjwt-impl\0.12.3\jjwt-impl-0.12.3.jar;C:\Users\USER\.m2\repository\io\jsonwebtoken\jjwt-jackson\0.12.3\jjwt-jackson-0.12.3.jar;"/>
    <property name="java.vm.vendor" value="Eclipse Adoptium"/>
    <property name="sun.arch.data.model" value="64"/>
    <property name="user.variant" value=""/>
    <property name="java.vendor.url" value="https://adoptium.net/"/>
    <property name="user.timezone" value="Asia/Tehran"/>
    <property name="os.name" value="Windows 11"/>
    <property name="java.vm.specification.version" value="17"/>
    <property name="sun.java.launcher" value="SUN_STANDARD"/>
    <property name="user.country" value="US"/>
    <property name="sun.boot.library.path" value="C:\Program Files\Eclipse Adoptium\jdk-17.0.14.7-hotspot\bin"/>
    <property name="sun.java.command" value="C:\Users\USER\AppData\Local\Temp\surefire3605415110222879127\surefirebooter-20250701013830042_3.jar C:\Users\USER\AppData\Local\Temp\surefire3605415110222879127 2025-07-01T01-38-29_186-jvmRun1 surefire-20250701013830042_1tmp surefire_0-20250701013830042_2tmp"/>
    <property name="jdk.debug" value="release"/>
    <property name="surefire.test.class.path" value="C:\Users\USER\Desktop\work space\food-ordering-project\backend\target\test-classes;C:\Users\USER\Desktop\work space\food-ordering-project\backend\target\classes;C:\Users\USER\.m2\repository\com\h2database\h2\2.2.224\h2-2.2.224.jar;C:\Users\USER\.m2\repository\org\junit\jupiter\junit-jupiter-api\5.9.2\junit-jupiter-api-5.9.2.jar;C:\Users\USER\.m2\repository\org\opentest4j\opentest4j\1.2.0\opentest4j-1.2.0.jar;C:\Users\USER\.m2\repository\org\junit\platform\junit-platform-commons\1.9.2\junit-platform-commons-1.9.2.jar;C:\Users\USER\.m2\repository\org\apiguardian\apiguardian-api\1.1.2\apiguardian-api-1.1.2.jar;C:\Users\USER\.m2\repository\org\junit\jupiter\junit-jupiter-engine\5.9.2\junit-jupiter-engine-5.9.2.jar;C:\Users\USER\.m2\repository\org\junit\platform\junit-platform-engine\1.9.2\junit-platform-engine-1.9.2.jar;C:\Users\USER\.m2\repository\org\junit\jupiter\junit-jupiter-params\5.9.2\junit-jupiter-params-5.9.2.jar;C:\Users\USER\.m2\repository\com\fasterxml\jackson\dataformat\jackson-dataformat-yaml\2.15.2\jackson-dataformat-yaml-2.15.2.jar;C:\Users\USER\.m2\repository\org\yaml\snakeyaml\2.0\snakeyaml-2.0.jar;C:\Users\USER\.m2\repository\com\fasterxml\jackson\core\jackson-core\2.15.2\jackson-core-2.15.2.jar;C:\Users\USER\.m2\repository\com\fasterxml\jackson\core\jackson-databind\2.15.2\jackson-databind-2.15.2.jar;C:\Users\USER\.m2\repository\com\fasterxml\jackson\core\jackson-annotations\2.15.2\jackson-annotations-2.15.2.jar;C:\Users\USER\.m2\repository\com\fasterxml\jackson\datatype\jackson-datatype-jsr310\2.15.2\jackson-datatype-jsr310-2.15.2.jar;C:\Users\USER\.m2\repository\org\assertj\assertj-core\3.24.2\assertj-core-3.24.2.jar;C:\Users\USER\.m2\repository\net\bytebuddy\byte-buddy\1.12.21\byte-buddy-1.12.21.jar;C:\Users\USER\.m2\repository\org\mockito\mockito-core\5.11.0\mockito-core-5.11.0.jar;C:\Users\USER\.m2\repository\net\bytebuddy\byte-buddy-agent\1.14.12\byte-buddy-agent-1.14.12.jar;C:\Users\USER\.m2\repository\org\objenesis\objenesis\3.3\objenesis-3.3.jar;C:\Users\USER\.m2\repository\org\hibernate\orm\hibernate-core\6.4.4.Final\hibernate-core-6.4.4.Final.jar;C:\Users\USER\.m2\repository\jakarta\transaction\jakarta.transaction-api\2.0.1\jakarta.transaction-api-2.0.1.jar;C:\Users\USER\.m2\repository\org\jboss\logging\jboss-logging\3.5.0.Final\jboss-logging-3.5.0.Final.jar;C:\Users\USER\.m2\repository\org\hibernate\common\hibernate-commons-annotations\6.0.6.Final\hibernate-commons-annotations-6.0.6.Final.jar;C:\Users\USER\.m2\repository\io\smallrye\jandex\3.1.2\jandex-3.1.2.jar;C:\Users\USER\.m2\repository\com\fasterxml\classmate\1.5.1\classmate-1.5.1.jar;C:\Users\USER\.m2\repository\jakarta\xml\bind\jakarta.xml.bind-api\4.0.0\jakarta.xml.bind-api-4.0.0.jar;C:\Users\USER\.m2\repository\jakarta\activation\jakarta.activation-api\2.1.0\jakarta.activation-api-2.1.0.jar;C:\Users\USER\.m2\repository\org\glassfish\jaxb\jaxb-runtime\4.0.2\jaxb-runtime-4.0.2.jar;C:\Users\USER\.m2\repository\org\glassfish\jaxb\jaxb-core\4.0.2\jaxb-core-4.0.2.jar;C:\Users\USER\.m2\repository\org\eclipse\angus\angus-activation\2.0.0\angus-activation-2.0.0.jar;C:\Users\USER\.m2\repository\org\glassfish\jaxb\txw2\4.0.2\txw2-4.0.2.jar;C:\Users\USER\.m2\repository\com\sun\istack\istack-commons-runtime\4.1.1\istack-commons-runtime-4.1.1.jar;C:\Users\USER\.m2\repository\jakarta\inject\jakarta.inject-api\2.0.1\jakarta.inject-api-2.0.1.jar;C:\Users\USER\.m2\repository\org\antlr\antlr4-runtime\4.13.0\antlr4-runtime-4.13.0.jar;C:\Users\USER\.m2\repository\jakarta\persistence\jakarta.persistence-api\3.1.0\jakarta.persistence-api-3.1.0.jar;C:\Users\USER\.m2\repository\org\xerial\sqlite-jdbc\3.45.1.0\sqlite-jdbc-3.45.1.0.jar;C:\Users\USER\.m2\repository\org\slf4j\slf4j-api\1.7.36\slf4j-api-1.7.36.jar;C:\Users\USER\.m2\repository\org\hibernate\orm\hibernate-community-dialects\6.4.4.Final\hibernate-community-dialects-6.4.4.Final.jar;C:\Users\USER\.m2\repository\io\jsonwebtoken\jjwt-api\0.12.3\jjwt-api-0.12.3.jar;C:\Users\USER\.m2\repository\io\jsonwebtoken\jjwt-impl\0.12.3\jjwt-impl-0.12.3.jar;C:\Users\USER\.m2\repository\io\jsonwebtoken\jjwt-jackson\0.12.3\jjwt-jackson-0.12.3.jar;"/>
    <property name="sun.cpu.endian" value="little"/>
    <property name="user.home" value="C:\Users\USER"/>
    <property name="user.language" value="en"/>
    <property name="java.specification.vendor" value="Oracle Corporation"/>
    <property name="java.version.date" value="2025-01-21"/>
    <property name="java.home" value="C:\Program Files\Eclipse Adoptium\jdk-17.0.14.7-hotspot"/>
    <property name="file.separator" value="\"/>
    <property name="basedir" value="C:\Users\USER\Desktop\work space\food-ordering-project\backend"/>
    <property name="java.vm.compressedOopsMode" value="Zero based"/>
    <property name="line.separator" value="&#10;"/>
    <property name="java.vm.specification.vendor" value="Oracle Corporation"/>
    <property name="java.specification.name" value="Java Platform API Specification"/>
    <property name="java.awt.headless" value="true"/>
    <property name="surefire.real.class.path" value="C:\Users\USER\AppData\Local\Temp\surefire3605415110222879127\surefirebooter-20250701013830042_3.jar"/>
    <property name="user.script" value=""/>
    <property name="sun.management.compiler" value="HotSpot 64-Bit Tiered Compilers"/>
    <property name="java.runtime.version" value="17.0.14+7"/>
    <property name="user.name" value="USER"/>
    <property name="path.separator" value=";"/>
    <property name="os.version" value="10.0"/>
    <property name="java.runtime.name" value="OpenJDK Runtime Environment"/>
    <property name="file.encoding" value="Cp1252"/>
    <property name="java.vm.name" value="OpenJDK 64-Bit Server VM"/>
    <property name="java.vendor.version" value="Temurin-17.0.14+7"/>
    <property name="localRepository" value="C:\Users\USER\.m2\repository"/>
    <property name="java.vendor.url.bug" value="https://github.com/adoptium/adoptium-support/issues"/>
    <property name="java.io.tmpdir" value="C:\Users\USER\AppData\Local\Temp\"/>
    <property name="java.version" value="17.0.14"/>
    <property name="user.dir" value="C:\Users\USER\Desktop\work space\food-ordering-project\backend"/>
    <property name="os.arch" value="amd64"/>
    <property name="java.vm.specification.name" value="Java Virtual Machine Specification"/>
    <property name="test.comprehensive" value="true"/>
    <property name="sun.os.patch.level" value=""/>
    <property name="native.encoding" value="Cp1252"/>
    <property name="java.library.path" value="C:\Program Files\Eclipse Adoptium\jdk-17.0.14.7-hotspot\bin;C:\WINDOWS\Sun\Java\bin;C:\WINDOWS\system32;C:\WINDOWS;C:\Program Files\Common Files\Oracle\Java\javapath;C:\Program Files\Eclipse Adoptium\jdk-17.0.14.7-hotspot\bin;C:\Windows\system32;C:\Windows;C:\Windows\System32\Wbem;C:\Windows\System32\WindowsPowerShell\v1.0\;C:\Windows\System32\OpenSSH\;C:\Program Files (x86)\NVIDIA Corporation\PhysX\Common;C:\Program Files\dotnet\;C:\Program Files (x86)\AOMEI;C:\WINDOWS\system32;C:\WINDOWS;C:\WINDOWS\System32\Wbem;C:\WINDOWS\System32\WindowsPowerShell\v1.0\;C:\WINDOWS\System32\OpenSSH\;C:\Program Files\Microsoft VS Code\bin;C:\mingw64\mingw64\bin;C:\raylib-master\src;C:\Program Files\Git\cmd;C:\Program Files\Redis\;C:\Users\USER\AppData\Local\Programs\Python\Python313\Scripts\;C:\Users\USER\AppData\Local\Programs\Python\Python313\;C:\Users\USER\AppData\Local\Programs\Python\Launcher\;C:\Users\USER\AppData\Local\Programs\Python\Python312\Scripts\;C:\Users\USER\AppData\Local\Programs\Python\Python312\;C:\Users\USER\AppData\Local\Microsoft\WindowsApps;C:\mingw64\mingw64\bin;C:\raylib-master\src;C:\Program Files\Java\jdk-23\bin;C:\modeltech64_2020.4\win64;C:\apache-maven\apache-maven-3.9.9\bin;C:\Program Files\JetBrains\IntelliJ IDEA 2025.1.1.1\bin;;C:\Users\USER\AppData\Local\Programs\cursor\resources\app\bin;;."/>
    <property name="java.vm.info" value="mixed mode, sharing"/>
    <property name="java.vendor" value="Eclipse Adoptium"/>
    <property name="java.vm.version" value="17.0.14+7"/>
    <property name="java.specification.maintenance.version" value="1"/>
    <property name="sun.io.unicode.encoding" value="UnicodeLittle"/>
    <property name="java.class.version" value="61.0"/>
  </properties>
  <testcase name="concurrentUserRegistration_SamePhone_PreventsDuplicates" classname="com.myapp.stress.DatabasePerformanceTest$ConcurrentDatabaseTests" time="0.112">
    <system-out><![CDATA[Hibernate: delete from notifications
Hibernate: delete from ratings
Hibernate: delete from order_items
Hibernate: delete from orders
Hibernate: delete from food_items
Hibernate: delete from restaurants
Hibernate: delete from users
🚀 شروع تست ثبت نام همزمان با شماره تلفن یکسان
📱 تلاش برای ثبت نام 50 کاربر با شماره تلفن یکسان: +989123456789
Hibernate: select u1_0.id,u1_0.address,u1_0.email,u1_0.full_name,u1_0.is_active,u1_0.password_hash,u1_0.phone,u1_0.role from users u1_0 where u1_0.phone=?
Hibernate: select u1_0.id,u1_0.address,u1_0.email,u1_0.full_name,u1_0.is_active,u1_0.password_hash,u1_0.phone,u1_0.role from users u1_0 where u1_0.phone=?
Hibernate: select u1_0.id,u1_0.address,u1_0.email,u1_0.full_name,u1_0.is_active,u1_0.password_hash,u1_0.phone,u1_0.role from users u1_0 where u1_0.phone=?
Hibernate: select u1_0.id,u1_0.address,u1_0.email,u1_0.full_name,u1_0.is_active,u1_0.password_hash,u1_0.phone,u1_0.role from users u1_0 where u1_0.phone=?
Hibernate: select u1_0.id,u1_0.address,u1_0.email,u1_0.full_name,u1_0.is_active,u1_0.password_hash,u1_0.phone,u1_0.role from users u1_0 where u1_0.phone=?
Hibernate: select u1_0.id,u1_0.address,u1_0.email,u1_0.full_name,u1_0.is_active,u1_0.password_hash,u1_0.phone,u1_0.role from users u1_0 where u1_0.phone=?
Hibernate: insert into users (address,email,full_name,is_active,password_hash,phone,role) values (?,?,?,?,?,?,?)
Hibernate: insert into users (address,email,full_name,is_active,password_hash,phone,role) values (?,?,?,?,?,?,?)
Hibernate: insert into users (address,email,full_name,is_active,password_hash,phone,role) values (?,?,?,?,?,?,?)
Hibernate: insert into users (address,email,full_name,is_active,password_hash,phone,role) values (?,?,?,?,?,?,?)
Hibernate: insert into users (address,email,full_name,is_active,password_hash,phone,role) values (?,?,?,?,?,?,?)
Hibernate: select u1_0.id,u1_0.address,u1_0.email,u1_0.full_name,u1_0.is_active,u1_0.password_hash,u1_0.phone,u1_0.role from users u1_0 where u1_0.phone=?
Hibernate: insert into users (address,email,full_name,is_active,password_hash,phone,role) values (?,?,?,?,?,?,?)
Hibernate: select last_insert_rowid()
Hibernate: select u1_0.id,u1_0.address,u1_0.email,u1_0.full_name,u1_0.is_active,u1_0.password_hash,u1_0.phone,u1_0.role from users u1_0 where u1_0.phone=?
Hibernate: insert into users (address,email,full_name,is_active,password_hash,phone,role) values (?,?,?,?,?,?,?)
  ✅ Thread 3 موفق شد
Hibernate: select u1_0.id,u1_0.address,u1_0.email,u1_0.full_name,u1_0.is_active,u1_0.password_hash,u1_0.phone,u1_0.role from users u1_0 where u1_0.phone=?
Hibernate: insert into users (address,email,full_name,is_active,password_hash,phone,role) values (?,?,?,?,?,?,?)
Hibernate: select u1_0.id,u1_0.address,u1_0.email,u1_0.full_name,u1_0.is_active,u1_0.password_hash,u1_0.phone,u1_0.role from users u1_0 where u1_0.phone=?
Hibernate: select u1_0.id,u1_0.address,u1_0.email,u1_0.full_name,u1_0.is_active,u1_0.password_hash,u1_0.phone,u1_0.role from users u1_0 where u1_0.phone=?
  ❌ Thread 8 ناموفق: DuplicatePhoneException
  ❌ Thread 9 ناموفق: DuplicatePhoneException
  ❌ Thread 10 ناموفق: DuplicatePhoneException
Hibernate: select u1_0.id,u1_0.address,u1_0.email,u1_0.full_name,u1_0.is_active,u1_0.password_hash,u1_0.phone,u1_0.role from users u1_0 where u1_0.phone=?
Hibernate: select u1_0.id,u1_0.address,u1_0.email,u1_0.full_name,u1_0.is_active,u1_0.password_hash,u1_0.phone,u1_0.role from users u1_0 where u1_0.phone=?
  ❌ Thread 11 ناموفق: DuplicatePhoneException
Hibernate: select u1_0.id,u1_0.address,u1_0.email,u1_0.full_name,u1_0.is_active,u1_0.password_hash,u1_0.phone,u1_0.role from users u1_0 where u1_0.phone=?
  ❌ Thread 12 ناموفق: DuplicatePhoneException
Hibernate: select u1_0.id,u1_0.address,u1_0.email,u1_0.full_name,u1_0.is_active,u1_0.password_hash,u1_0.phone,u1_0.role from users u1_0 where u1_0.phone=?
Hibernate: select u1_0.id,u1_0.address,u1_0.email,u1_0.full_name,u1_0.is_active,u1_0.password_hash,u1_0.phone,u1_0.role from users u1_0 where u1_0.phone=?
Hibernate: select u1_0.id,u1_0.address,u1_0.email,u1_0.full_name,u1_0.is_active,u1_0.password_hash,u1_0.phone,u1_0.role from users u1_0 where u1_0.phone=?
  ❌ Thread 15 ناموفق: DuplicatePhoneException
  ❌ Thread 14 ناموفق: DuplicatePhoneException
  ❌ Thread 6 ناموفق: GenericJDBCException
  ❌ Thread 16 ناموفق: DuplicatePhoneException
  ❌ Thread 13 ناموفق: DuplicatePhoneException
Hibernate: select u1_0.id,u1_0.address,u1_0.email,u1_0.full_name,u1_0.is_active,u1_0.password_hash,u1_0.phone,u1_0.role from users u1_0 where u1_0.phone=?
Hibernate: select u1_0.id,u1_0.address,u1_0.email,u1_0.full_name,u1_0.is_active,u1_0.password_hash,u1_0.phone,u1_0.role from users u1_0 where u1_0.phone=?
Hibernate: select u1_0.id,u1_0.address,u1_0.email,u1_0.full_name,u1_0.is_active,u1_0.password_hash,u1_0.phone,u1_0.role from users u1_0 where u1_0.phone=?
Hibernate: select u1_0.id,u1_0.address,u1_0.email,u1_0.full_name,u1_0.is_active,u1_0.password_hash,u1_0.phone,u1_0.role from users u1_0 where u1_0.phone=?
  ❌ Thread 18 ناموفق: DuplicatePhoneException
  ❌ Thread 17 ناموفق: DuplicatePhoneException
Hibernate: select u1_0.id,u1_0.address,u1_0.email,u1_0.full_name,u1_0.is_active,u1_0.password_hash,u1_0.phone,u1_0.role from users u1_0 where u1_0.phone=?
Hibernate: select u1_0.id,u1_0.address,u1_0.email,u1_0.full_name,u1_0.is_active,u1_0.password_hash,u1_0.phone,u1_0.role from users u1_0 where u1_0.phone=?
  ❌ Thread 21 ناموفق: DuplicatePhoneException
Hibernate: select u1_0.id,u1_0.address,u1_0.email,u1_0.full_name,u1_0.is_active,u1_0.password_hash,u1_0.phone,u1_0.role from users u1_0 where u1_0.phone=?
  ❌ Thread 24 ناموفق: DuplicatePhoneException
  ❌ Thread 19 ناموفق: DuplicatePhoneException
  ❌ Thread 23 ناموفق: DuplicatePhoneException
  ❌ Thread Hibernate: select u1_0.id,u1_0.address,u1_0.email,u1_0.full_name,u1_0.is_active,u1_0.password_hash,u1_0.phone,u1_0.role from users u1_0 where u1_0.phone=?
22 ناموفق: DuplicatePhoneException
Hibernate: select u1_0.id,u1_0.address,u1_0.email,u1_0.full_name,u1_0.is_active,u1_0.password_hash,u1_0.phone,u1_0.role from users u1_0 where u1_0.phone=?
Hibernate: select u1_0.id,u1_0.address,u1_0.email,u1_0.full_name,u1_0.is_active,u1_0.password_hash,u1_0.phone,u1_0.role from users u1_0 where u1_0.phone=?
  ❌ Thread 25 ناموفق: DuplicatePhoneException
  ❌ Thread 26 ناموفق: DuplicatePhoneException
  ❌ Thread 20 ناموفق: DuplicatePhoneException
Hibernate: select u1_0.id,u1_0.address,u1_0.email,u1_0.full_name,u1_0.is_active,u1_0.password_hash,u1_0.phone,u1_0.role from users u1_0 where u1_0.phone=?
  ❌ Thread 27 ناموفق: DuplicatePhoneException
Hibernate: select u1_0.id,u1_0.address,u1_0.email,u1_0.full_name,u1_0.is_active,u1_0.password_hash,u1_0.phone,u1_0.role from users u1_0 where u1_0.phone=?
Hibernate: select u1_0.id,u1_0.address,u1_0.email,u1_0.full_name,u1_0.is_active,u1_0.password_hash,u1_0.phone,u1_0.role from users u1_0 where u1_0.phone=?
Hibernate: select u1_0.id,u1_0.address,u1_0.email,u1_0.full_name,u1_0.is_active,u1_0.password_hash,u1_0.phone,u1_0.role from users u1_0 where u1_0.phone=?
Hibernate: select u1_0.id,u1_0.address,u1_0.email,u1_0.full_name,u1_0.is_active,u1_0.password_hash,u1_0.phone,u1_0.role from users u1_0 where u1_0.phone=?
  ❌ Thread 28 ناموفق: DuplicatePhoneException
  ❌ Thread 29 ناموفق: DuplicatePhoneException
  ❌ Thread 30 ناموفق: DuplicatePhoneException
  ❌ Thread 31 ناموفق: DuplicatePhoneException
Hibernate: select u1_0.id,u1_0.address,u1_0.email,u1_0.full_name,u1_0.is_active,u1_0.password_hash,u1_0.phone,u1_0.role from users u1_0 where u1_0.phone=?
Hibernate: select u1_0.id,u1_0.address,u1_0.email,u1_0.full_name,u1_0.is_active,u1_0.password_hash,u1_0.phone,u1_0.role from users u1_0 where u1_0.phone=?
  ❌ Thread 32 ناموفق: DuplicatePhoneException
Hibernate: select u1_0.id,u1_0.address,u1_0.email,u1_0.full_name,u1_0.is_active,u1_0.password_hash,u1_0.phone,u1_0.role from users u1_0 where u1_0.phone=?
  ❌ Thread 33 ناموفق: DuplicatePhoneException
Hibernate: select u1_0.id,u1_0.address,u1_0.email,u1_0.full_name,u1_0.is_active,u1_0.password_hash,u1_0.phone,u1_0.role from users u1_0 where u1_0.phone=?
Hibernate: select u1_0.id,u1_0.address,u1_0.email,u1_0.full_name,u1_0.is_active,u1_0.password_hash,u1_0.phone,u1_0.role from users u1_0 where u1_0.phone=?
  ❌ Thread 34 ناموفق: DuplicatePhoneException
  ❌ Thread 35 ناموفق: DuplicatePhoneException
Hibernate: select u1_0.id,u1_0.address,u1_0.email,u1_0.full_name,u1_0.is_active,u1_0.password_hash,u1_0.phone,u1_0.role from users u1_0 where u1_0.phone=?
  ❌ Thread 36 ناموفق: DuplicatePhoneException
Hibernate: select u1_0.id,u1_0.address,u1_0.email,u1_0.full_name,u1_0.is_active,u1_0.password_hash,u1_0.phone,u1_0.role from users u1_0 where u1_0.phone=?
  ❌ Thread 7 ناموفق: GenericJDBCException
  ❌ Thread 37 ناموفق: DuplicatePhoneException
Hibernate: select u1_0.id,u1_0.address,u1_0.email,u1_0.full_name,u1_0.is_active,u1_0.password_hash,u1_0.phone,u1_0.role from users u1_0 where u1_0.phone=?
  ❌ Thread 38 ناموفق: DuplicatePhoneException
Hibernate: select u1_0.id,u1_0.address,u1_0.email,u1_0.full_name,u1_0.is_active,u1_0.password_hash,u1_0.phone,u1_0.role from users u1_0 where u1_0.phone=?
  ❌ Thread 39 ناموفق: DuplicatePhoneException
  ❌ Thread 40 ناموفق: DuplicatePhoneException
Hibernate: select u1_0.id,u1_0.address,u1_0.email,u1_0.full_name,u1_0.is_active,u1_0.password_hash,u1_0.phone,u1_0.role from users u1_0 where u1_0.phone=?
  ❌ Thread 41 ناموفق: DuplicatePhoneException
Hibernate: select u1_0.id,u1_0.address,u1_0.email,u1_0.full_name,u1_0.is_active,u1_0.password_hash,u1_0.phone,u1_0.role from users u1_0 where u1_0.phone=?
Hibernate: select u1_0.id,u1_0.address,u1_0.email,u1_0.full_name,u1_0.is_active,u1_0.password_hash,u1_0.phone,u1_0.role from users u1_0 where u1_0.phone=?
  ❌ Thread 42 ناموفق: DuplicatePhoneException
  ❌ Thread 43 ناموفق: DuplicatePhoneException
Hibernate: select u1_0.id,u1_0.address,u1_0.email,u1_0.full_name,u1_0.is_active,u1_0.password_hash,u1_0.phone,u1_0.role from users u1_0 where u1_0.phone=?
  ❌ Thread 44 ناموفق: DuplicatePhoneException
Hibernate: select u1_0.id,u1_0.address,u1_0.email,u1_0.full_name,u1_0.is_active,u1_0.password_hash,u1_0.phone,u1_0.role from users u1_0 where u1_0.phone=?
  ❌ Thread 45 ناموفق: DuplicatePhoneException
Hibernate: select u1_0.id,u1_0.address,u1_0.email,u1_0.full_name,u1_0.is_active,u1_0.password_hash,u1_0.phone,u1_0.role from users u1_0 where u1_0.phone=?
Hibernate: select u1_0.id,u1_0.address,u1_0.email,u1_0.full_name,u1_0.is_active,u1_0.password_hash,u1_0.phone,u1_0.role from users u1_0 where u1_0.phone=?
  ❌ Thread 46 ناموفق: DuplicatePhoneException
  ❌ Thread 47 ناموفق: DuplicatePhoneException
Hibernate: select u1_0.id,u1_0.address,u1_0.email,u1_0.full_name,u1_0.is_active,u1_0.password_hash,u1_0.phone,u1_0.role from users u1_0 where u1_0.phone=?
Hibernate: select u1_0.id,u1_0.address,u1_0.email,u1_0.full_name,u1_0.is_active,u1_0.password_hash,u1_0.phone,u1_0.role from users u1_0 where u1_0.phone=?
  ❌ Thread 48 ناموفق: DuplicatePhoneException
  ❌ Thread 49 ناموفق: DuplicatePhoneException
  ❌ Thread 2 ناموفق: GenericJDBCException
  ❌ Thread 0 ناموفق: GenericJDBCException
  ❌ Thread 4 ناموفق: GenericJDBCException
  ❌ Thread 5 ناموفق: GenericJDBCException
  ❌ Thread 1 ناموفق: GenericJDBCException
📊 تحلیل نتایج تست همزمانی:
  📈 ثبت نام‌های موفق: 1 از 50
  📉 ثبت نام‌های ناموفق: 49
✅ حالت ایده‌آل: فقط یک ثبت نام موفق (phone constraint کامل)
✅ همه کاربران موفق همان شماره تلفن را دارند
🎉 تست ثبت نام همزمان با موفقیت تکمیل شد
]]></system-out>
    <system-err><![CDATA[Jul 01, 2025 1:39:30 AM org.hibernate.engine.jdbc.spi.SqlExceptionHelper logExceptions
WARN: SQL Error: 19, SQLState: null
Jul 01, 2025 1:39:30 AM org.hibernate.engine.jdbc.spi.SqlExceptionHelper logExceptions
ERROR: [SQLITE_CONSTRAINT_UNIQUE] A UNIQUE constraint failed (UNIQUE constraint failed: users.phone)
Jul 01, 2025 1:39:30 AM org.hibernate.engine.jdbc.spi.SqlExceptionHelper logExceptions
WARN: SQL Error: 19, SQLState: null
Jul 01, 2025 1:39:30 AM org.hibernate.engine.jdbc.spi.SqlExceptionHelper logExceptions
ERROR: [SQLITE_CONSTRAINT_UNIQUE] A UNIQUE constraint failed (UNIQUE constraint failed: users.phone)
Jul 01, 2025 1:39:30 AM org.hibernate.engine.jdbc.spi.SqlExceptionHelper logExceptions
WARN: SQL Error: 19, SQLState: null
Jul 01, 2025 1:39:30 AM org.hibernate.engine.jdbc.spi.SqlExceptionHelper logExceptions
ERROR: [SQLITE_CONSTRAINT_UNIQUE] A UNIQUE constraint failed (UNIQUE constraint failed: users.phone)
Jul 01, 2025 1:39:30 AM org.hibernate.engine.jdbc.spi.SqlExceptionHelper logExceptions
WARN: SQL Error: 19, SQLState: null
Jul 01, 2025 1:39:30 AM org.hibernate.engine.jdbc.spi.SqlExceptionHelper logExceptions
ERROR: [SQLITE_CONSTRAINT_UNIQUE] A UNIQUE constraint failed (UNIQUE constraint failed: users.phone)
Jul 01, 2025 1:39:30 AM org.hibernate.engine.jdbc.spi.SqlExceptionHelper logExceptions
WARN: SQL Error: 19, SQLState: null
Jul 01, 2025 1:39:30 AM org.hibernate.engine.jdbc.spi.SqlExceptionHelper logExceptions
ERROR: [SQLITE_CONSTRAINT_UNIQUE] A UNIQUE constraint failed (UNIQUE constraint failed: users.phone)
Jul 01, 2025 1:39:30 AM org.hibernate.engine.jdbc.spi.SqlExceptionHelper logExceptions
WARN: SQL Error: 19, SQLState: null
Jul 01, 2025 1:39:30 AM org.hibernate.engine.jdbc.spi.SqlExceptionHelper logExceptions
ERROR: [SQLITE_CONSTRAINT_UNIQUE] A UNIQUE constraint failed (UNIQUE constraint failed: users.phone)
Jul 01, 2025 1:39:30 AM org.hibernate.engine.jdbc.spi.SqlExceptionHelper logExceptions
WARN: SQL Error: 19, SQLState: null
Jul 01, 2025 1:39:30 AM org.hibernate.engine.jdbc.spi.SqlExceptionHelper logExceptions
ERROR: [SQLITE_CONSTRAINT_UNIQUE] A UNIQUE constraint failed (UNIQUE constraint failed: users.phone)
]]></system-err>
  </testcase>
  <testcase name="concurrentRestaurantStatusUpdates_ConsistentFinalState" classname="com.myapp.stress.DatabasePerformanceTest$ConcurrentDatabaseTests" time="0.019">
    <system-out><![CDATA[Hibernate: delete from notifications
Hibernate: delete from ratings
Hibernate: delete from order_items
Hibernate: delete from orders
Hibernate: delete from food_items
Hibernate: delete from restaurants
Hibernate: delete from users
Hibernate: insert into restaurants (address,name,owner_id,phone,status) values (?,?,?,?,?)
Hibernate: select last_insert_rowid()
Hibernate: select r1_0.id,r1_0.address,r1_0.name,r1_0.owner_id,r1_0.phone,r1_0.status from restaurants r1_0 where r1_0.id=?
Hibernate: select r1_0.id,r1_0.address,r1_0.name,r1_0.owner_id,r1_0.phone,r1_0.status from restaurants r1_0 where r1_0.id=?
Hibernate: select r1_0.id,r1_0.address,r1_0.name,r1_0.owner_id,r1_0.phone,r1_0.status from restaurants r1_0 where r1_0.id=?
Hibernate: select r1_0.id,r1_0.address,r1_0.name,r1_0.owner_id,r1_0.phone,r1_0.status from restaurants r1_0 where r1_0.id=?
Hibernate: select r1_0.id,r1_0.address,r1_0.name,r1_0.owner_id,r1_0.phone,r1_0.status from restaurants r1_0 where r1_0.id=?
Hibernate: select r1_0.id,r1_0.address,r1_0.name,r1_0.owner_id,r1_0.phone,r1_0.status from restaurants r1_0 where r1_0.id=?
Hibernate: select r1_0.id,r1_0.address,r1_0.name,r1_0.owner_id,r1_0.phone,r1_0.status from restaurants r1_0 where r1_0.id=?
Hibernate: select r1_0.id,r1_0.address,r1_0.name,r1_0.owner_id,r1_0.phone,r1_0.status from restaurants r1_0 where r1_0.id=?
Hibernate: update restaurants set address=?,name=?,owner_id=?,phone=?,status=? where id=?
Hibernate: update restaurants set address=?,name=?,owner_id=?,phone=?,status=? where id=?
Hibernate: update restaurants set address=?,name=?,owner_id=?,phone=?,status=? where id=?
Hibernate: select r1_0.id,r1_0.address,r1_0.name,r1_0.owner_id,r1_0.phone,r1_0.status from restaurants r1_0 where r1_0.id=?
]]></system-out>
    <system-err><![CDATA[Jul 01, 2025 1:39:30 AM org.hibernate.engine.jdbc.batch.internal.BatchImpl release
INFO: HHH100503: On release of batch it still contained JDBC statements
Jul 01, 2025 1:39:30 AM org.hibernate.engine.jdbc.batch.internal.BatchImpl release
INFO: HHH100503: On release of batch it still contained JDBC statements
Jul 01, 2025 1:39:30 AM org.hibernate.engine.jdbc.batch.internal.BatchImpl lambda$performExecution$2
ERROR: HHH100501: Exception executing batch [org.sqlite.SQLiteException: [SQLITE_BUSY] The database file is locked (database is locked)], SQL: update restaurants set address=?,name=?,owner_id=?,phone=?,status=? where id=?
Jul 01, 2025 1:39:30 AM org.hibernate.engine.jdbc.batch.internal.BatchImpl lambda$performExecution$2
ERROR: HHH100501: Exception executing batch [org.sqlite.SQLiteException: [SQLITE_BUSY] The database file is locked (database is locked)], SQL: update restaurants set address=?,name=?,owner_id=?,phone=?,status=? where id=?
Jul 01, 2025 1:39:30 AM org.hibernate.engine.jdbc.spi.SqlExceptionHelper logExceptions
WARN: SQL Error: 5, SQLState: null
Jul 01, 2025 1:39:30 AM org.hibernate.engine.jdbc.spi.SqlExceptionHelper logExceptions
WARN: SQL Error: 5, SQLState: null
Jul 01, 2025 1:39:30 AM org.hibernate.engine.jdbc.spi.SqlExceptionHelper logExceptions
ERROR: [SQLITE_BUSY] The database file is locked (database is locked)
Jul 01, 2025 1:39:30 AM org.hibernate.engine.jdbc.spi.SqlExceptionHelper logExceptions
ERROR: [SQLITE_BUSY] The database file is locked (database is locked)
]]></system-err>
  </testcase>
  <testcase name="concurrentNotificationOperations_DataConsistency" classname="com.myapp.stress.DatabasePerformanceTest$ConcurrentDatabaseTests" time="0.344">
    <system-out><![CDATA[Hibernate: delete from notifications
Hibernate: delete from ratings
Hibernate: delete from order_items
Hibernate: delete from orders
Hibernate: delete from food_items
Hibernate: delete from restaurants
Hibernate: delete from users
Hibernate: select u1_0.id,u1_0.address,u1_0.email,u1_0.full_name,u1_0.is_active,u1_0.password_hash,u1_0.phone,u1_0.role from users u1_0 where u1_0.phone=?
Hibernate: insert into users (address,email,full_name,is_active,password_hash,phone,role) values (?,?,?,?,?,?,?)
Hibernate: select last_insert_rowid()
Hibernate: select u1_0.id,u1_0.address,u1_0.email,u1_0.full_name,u1_0.is_active,u1_0.password_hash,u1_0.phone,u1_0.role from users u1_0 where u1_0.id=?
Hibernate: select u1_0.id,u1_0.address,u1_0.email,u1_0.full_name,u1_0.is_active,u1_0.password_hash,u1_0.phone,u1_0.role from users u1_0 where u1_0.id=?
Hibernate: select u1_0.id,u1_0.address,u1_0.email,u1_0.full_name,u1_0.is_active,u1_0.password_hash,u1_0.phone,u1_0.role from users u1_0 where u1_0.id=?
Hibernate: select u1_0.id,u1_0.address,u1_0.email,u1_0.full_name,u1_0.is_active,u1_0.password_hash,u1_0.phone,u1_0.role from users u1_0 where u1_0.id=?
Hibernate: insert into notifications (created_at,deleted_at,delivery_id,isDeleted,isRead,message,metadata,order_id,priority,read_at,related_entity_id,restaurant_id,title,type,userId) values (?,?,?,?,?,?,?,?,?,?,?,?,?,?,?)
Hibernate: insert into notifications (created_at,deleted_at,delivery_id,isDeleted,isRead,message,metadata,order_id,priority,read_at,related_entity_id,restaurant_id,title,type,userId) values (?,?,?,?,?,?,?,?,?,?,?,?,?,?,?)
Hibernate: insert into notifications (created_at,deleted_at,delivery_id,isDeleted,isRead,message,metadata,order_id,priority,read_at,related_entity_id,restaurant_id,title,type,userId) values (?,?,?,?,?,?,?,?,?,?,?,?,?,?,?)
Hibernate: insert into notifications (created_at,deleted_at,delivery_id,isDeleted,isRead,message,metadata,order_id,priority,read_at,related_entity_id,restaurant_id,title,type,userId) values (?,?,?,?,?,?,?,?,?,?,?,?,?,?,?)
Hibernate: select u1_0.id,u1_0.address,u1_0.email,u1_0.full_name,u1_0.is_active,u1_0.password_hash,u1_0.phone,u1_0.role from users u1_0 where u1_0.id=?
Hibernate: select last_insert_rowid()
Hibernate: select u1_0.id,u1_0.address,u1_0.email,u1_0.full_name,u1_0.is_active,u1_0.password_hash,u1_0.phone,u1_0.role from users u1_0 where u1_0.id=?
Hibernate: insert into notifications (created_at,deleted_at,delivery_id,isDeleted,isRead,message,metadata,order_id,priority,read_at,related_entity_id,restaurant_id,title,type,userId) values (?,?,?,?,?,?,?,?,?,?,?,?,?,?,?)
Hibernate: insert into notifications (created_at,deleted_at,delivery_id,isDeleted,isRead,message,metadata,order_id,priority,read_at,related_entity_id,restaurant_id,title,type,userId) values (?,?,?,?,?,?,?,?,?,?,?,?,?,?,?)
Hibernate: select u1_0.id,u1_0.address,u1_0.email,u1_0.full_name,u1_0.is_active,u1_0.password_hash,u1_0.phone,u1_0.role from users u1_0 where u1_0.id=?
Hibernate: select last_insert_rowid()
Hibernate: select u1_0.id,u1_0.address,u1_0.email,u1_0.full_name,u1_0.is_active,u1_0.password_hash,u1_0.phone,u1_0.role from users u1_0 where u1_0.id=?
Hibernate: select u1_0.id,u1_0.address,u1_0.email,u1_0.full_name,u1_0.is_active,u1_0.password_hash,u1_0.phone,u1_0.role from users u1_0 where u1_0.id=?
Hibernate: select u1_0.id,u1_0.address,u1_0.email,u1_0.full_name,u1_0.is_active,u1_0.password_hash,u1_0.phone,u1_0.role from users u1_0 where u1_0.id=?
Hibernate: insert into notifications (created_at,deleted_at,delivery_id,isDeleted,isRead,message,metadata,order_id,priority,read_at,related_entity_id,restaurant_id,title,type,userId) values (?,?,?,?,?,?,?,?,?,?,?,?,?,?,?)
Hibernate: insert into notifications (created_at,deleted_at,delivery_id,isDeleted,isRead,message,metadata,order_id,priority,read_at,related_entity_id,restaurant_id,title,type,userId) values (?,?,?,?,?,?,?,?,?,?,?,?,?,?,?)
Hibernate: select u1_0.id,u1_0.address,u1_0.email,u1_0.full_name,u1_0.is_active,u1_0.password_hash,u1_0.phone,u1_0.role from users u1_0 where u1_0.id=?
Hibernate: insert into notifications (created_at,deleted_at,delivery_id,isDeleted,isRead,message,metadata,order_id,priority,read_at,related_entity_id,restaurant_id,title,type,userId) values (?,?,?,?,?,?,?,?,?,?,?,?,?,?,?)
Hibernate: select u1_0.id,u1_0.address,u1_0.email,u1_0.full_name,u1_0.is_active,u1_0.password_hash,u1_0.phone,u1_0.role from users u1_0 where u1_0.id=?
Hibernate: select last_insert_rowid()
Hibernate: insert into notifications (created_at,deleted_at,delivery_id,isDeleted,isRead,message,metadata,order_id,priority,read_at,related_entity_id,restaurant_id,title,type,userId) values (?,?,?,?,?,?,?,?,?,?,?,?,?,?,?)
Hibernate: insert into notifications (created_at,deleted_at,delivery_id,isDeleted,isRead,message,metadata,order_id,priority,read_at,related_entity_id,restaurant_id,title,type,userId) values (?,?,?,?,?,?,?,?,?,?,?,?,?,?,?)
Hibernate: select u1_0.id,u1_0.address,u1_0.email,u1_0.full_name,u1_0.is_active,u1_0.password_hash,u1_0.phone,u1_0.role from users u1_0 where u1_0.id=?
Hibernate: select last_insert_rowid()
Hibernate: insert into notifications (created_at,deleted_at,delivery_id,isDeleted,isRead,message,metadata,order_id,priority,read_at,related_entity_id,restaurant_id,title,type,userId) values (?,?,?,?,?,?,?,?,?,?,?,?,?,?,?)
Hibernate: insert into notifications (created_at,deleted_at,delivery_id,isDeleted,isRead,message,metadata,order_id,priority,read_at,related_entity_id,restaurant_id,title,type,userId) values (?,?,?,?,?,?,?,?,?,?,?,?,?,?,?)
Hibernate: select u1_0.id,u1_0.address,u1_0.email,u1_0.full_name,u1_0.is_active,u1_0.password_hash,u1_0.phone,u1_0.role from users u1_0 where u1_0.id=?
Hibernate: select last_insert_rowid()
Hibernate: insert into notifications (created_at,deleted_at,delivery_id,isDeleted,isRead,message,metadata,order_id,priority,read_at,related_entity_id,restaurant_id,title,type,userId) values (?,?,?,?,?,?,?,?,?,?,?,?,?,?,?)
Hibernate: select last_insert_rowid()
Hibernate: select u1_0.id,u1_0.address,u1_0.email,u1_0.full_name,u1_0.is_active,u1_0.password_hash,u1_0.phone,u1_0.role from users u1_0 where u1_0.id=?
Hibernate: select u1_0.id,u1_0.address,u1_0.email,u1_0.full_name,u1_0.is_active,u1_0.password_hash,u1_0.phone,u1_0.role from users u1_0 where u1_0.id=?
Hibernate: insert into notifications (created_at,deleted_at,delivery_id,isDeleted,isRead,message,metadata,order_id,priority,read_at,related_entity_id,restaurant_id,title,type,userId) values (?,?,?,?,?,?,?,?,?,?,?,?,?,?,?)
Hibernate: insert into notifications (created_at,deleted_at,delivery_id,isDeleted,isRead,message,metadata,order_id,priority,read_at,related_entity_id,restaurant_id,title,type,userId) values (?,?,?,?,?,?,?,?,?,?,?,?,?,?,?)
Hibernate: select last_insert_rowid()
Hibernate: select u1_0.id,u1_0.address,u1_0.email,u1_0.full_name,u1_0.is_active,u1_0.password_hash,u1_0.phone,u1_0.role from users u1_0 where u1_0.id=?
Hibernate: insert into notifications (created_at,deleted_at,delivery_id,isDeleted,isRead,message,metadata,order_id,priority,read_at,related_entity_id,restaurant_id,title,type,userId) values (?,?,?,?,?,?,?,?,?,?,?,?,?,?,?)
Hibernate: select last_insert_rowid()
Hibernate: select u1_0.id,u1_0.address,u1_0.email,u1_0.full_name,u1_0.is_active,u1_0.password_hash,u1_0.phone,u1_0.role from users u1_0 where u1_0.id=?
Hibernate: insert into notifications (created_at,deleted_at,delivery_id,isDeleted,isRead,message,metadata,order_id,priority,read_at,related_entity_id,restaurant_id,title,type,userId) values (?,?,?,?,?,?,?,?,?,?,?,?,?,?,?)
Hibernate: select last_insert_rowid()
Hibernate: select u1_0.id,u1_0.address,u1_0.email,u1_0.full_name,u1_0.is_active,u1_0.password_hash,u1_0.phone,u1_0.role from users u1_0 where u1_0.id=?
Hibernate: insert into notifications (created_at,deleted_at,delivery_id,isDeleted,isRead,message,metadata,order_id,priority,read_at,related_entity_id,restaurant_id,title,type,userId) values (?,?,?,?,?,?,?,?,?,?,?,?,?,?,?)
Hibernate: select last_insert_rowid()
Hibernate: select u1_0.id,u1_0.address,u1_0.email,u1_0.full_name,u1_0.is_active,u1_0.password_hash,u1_0.phone,u1_0.role from users u1_0 where u1_0.id=?
Hibernate: insert into notifications (created_at,deleted_at,delivery_id,isDeleted,isRead,message,metadata,order_id,priority,read_at,related_entity_id,restaurant_id,title,type,userId) values (?,?,?,?,?,?,?,?,?,?,?,?,?,?,?)
Hibernate: select last_insert_rowid()
Hibernate: select u1_0.id,u1_0.address,u1_0.email,u1_0.full_name,u1_0.is_active,u1_0.password_hash,u1_0.phone,u1_0.role from users u1_0 where u1_0.id=?
Hibernate: insert into notifications (created_at,deleted_at,delivery_id,isDeleted,isRead,message,metadata,order_id,priority,read_at,related_entity_id,restaurant_id,title,type,userId) values (?,?,?,?,?,?,?,?,?,?,?,?,?,?,?)
Hibernate: select last_insert_rowid()
Hibernate: select u1_0.id,u1_0.address,u1_0.email,u1_0.full_name,u1_0.is_active,u1_0.password_hash,u1_0.phone,u1_0.role from users u1_0 where u1_0.id=?
Hibernate: insert into notifications (created_at,deleted_at,delivery_id,isDeleted,isRead,message,metadata,order_id,priority,read_at,related_entity_id,restaurant_id,title,type,userId) values (?,?,?,?,?,?,?,?,?,?,?,?,?,?,?)
Hibernate: select last_insert_rowid()
Hibernate: select u1_0.id,u1_0.address,u1_0.email,u1_0.full_name,u1_0.is_active,u1_0.password_hash,u1_0.phone,u1_0.role from users u1_0 where u1_0.id=?
Hibernate: insert into notifications (created_at,deleted_at,delivery_id,isDeleted,isRead,message,metadata,order_id,priority,read_at,related_entity_id,restaurant_id,title,type,userId) values (?,?,?,?,?,?,?,?,?,?,?,?,?,?,?)
Hibernate: select last_insert_rowid()
Hibernate: select u1_0.id,u1_0.address,u1_0.email,u1_0.full_name,u1_0.is_active,u1_0.password_hash,u1_0.phone,u1_0.role from users u1_0 where u1_0.id=?
Hibernate: insert into notifications (created_at,deleted_at,delivery_id,isDeleted,isRead,message,metadata,order_id,priority,read_at,related_entity_id,restaurant_id,title,type,userId) values (?,?,?,?,?,?,?,?,?,?,?,?,?,?,?)
Hibernate: select last_insert_rowid()
Hibernate: select u1_0.id,u1_0.address,u1_0.email,u1_0.full_name,u1_0.is_active,u1_0.password_hash,u1_0.phone,u1_0.role from users u1_0 where u1_0.id=?
Hibernate: insert into notifications (created_at,deleted_at,delivery_id,isDeleted,isRead,message,metadata,order_id,priority,read_at,related_entity_id,restaurant_id,title,type,userId) values (?,?,?,?,?,?,?,?,?,?,?,?,?,?,?)
Hibernate: select last_insert_rowid()
Hibernate: select u1_0.id,u1_0.address,u1_0.email,u1_0.full_name,u1_0.is_active,u1_0.password_hash,u1_0.phone,u1_0.role from users u1_0 where u1_0.id=?
Hibernate: insert into notifications (created_at,deleted_at,delivery_id,isDeleted,isRead,message,metadata,order_id,priority,read_at,related_entity_id,restaurant_id,title,type,userId) values (?,?,?,?,?,?,?,?,?,?,?,?,?,?,?)
Hibernate: select last_insert_rowid()
Hibernate: select u1_0.id,u1_0.address,u1_0.email,u1_0.full_name,u1_0.is_active,u1_0.password_hash,u1_0.phone,u1_0.role from users u1_0 where u1_0.id=?
Hibernate: insert into notifications (created_at,deleted_at,delivery_id,isDeleted,isRead,message,metadata,order_id,priority,read_at,related_entity_id,restaurant_id,title,type,userId) values (?,?,?,?,?,?,?,?,?,?,?,?,?,?,?)
Hibernate: select last_insert_rowid()
Hibernate: select u1_0.id,u1_0.address,u1_0.email,u1_0.full_name,u1_0.is_active,u1_0.password_hash,u1_0.phone,u1_0.role from users u1_0 where u1_0.id=?
Hibernate: insert into notifications (created_at,deleted_at,delivery_id,isDeleted,isRead,message,metadata,order_id,priority,read_at,related_entity_id,restaurant_id,title,type,userId) values (?,?,?,?,?,?,?,?,?,?,?,?,?,?,?)
Hibernate: select last_insert_rowid()
Hibernate: select u1_0.id,u1_0.address,u1_0.email,u1_0.full_name,u1_0.is_active,u1_0.password_hash,u1_0.phone,u1_0.role from users u1_0 where u1_0.id=?
Hibernate: insert into notifications (created_at,deleted_at,delivery_id,isDeleted,isRead,message,metadata,order_id,priority,read_at,related_entity_id,restaurant_id,title,type,userId) values (?,?,?,?,?,?,?,?,?,?,?,?,?,?,?)
Hibernate: select last_insert_rowid()
Hibernate: select u1_0.id,u1_0.address,u1_0.email,u1_0.full_name,u1_0.is_active,u1_0.password_hash,u1_0.phone,u1_0.role from users u1_0 where u1_0.id=?
Hibernate: insert into notifications (created_at,deleted_at,delivery_id,isDeleted,isRead,message,metadata,order_id,priority,read_at,related_entity_id,restaurant_id,title,type,userId) values (?,?,?,?,?,?,?,?,?,?,?,?,?,?,?)
Hibernate: select last_insert_rowid()
Hibernate: select u1_0.id,u1_0.address,u1_0.email,u1_0.full_name,u1_0.is_active,u1_0.password_hash,u1_0.phone,u1_0.role from users u1_0 where u1_0.id=?
Hibernate: insert into notifications (created_at,deleted_at,delivery_id,isDeleted,isRead,message,metadata,order_id,priority,read_at,related_entity_id,restaurant_id,title,type,userId) values (?,?,?,?,?,?,?,?,?,?,?,?,?,?,?)
Hibernate: select last_insert_rowid()
Hibernate: select u1_0.id,u1_0.address,u1_0.email,u1_0.full_name,u1_0.is_active,u1_0.password_hash,u1_0.phone,u1_0.role from users u1_0 where u1_0.id=?
Hibernate: insert into notifications (created_at,deleted_at,delivery_id,isDeleted,isRead,message,metadata,order_id,priority,read_at,related_entity_id,restaurant_id,title,type,userId) values (?,?,?,?,?,?,?,?,?,?,?,?,?,?,?)
Hibernate: select last_insert_rowid()
Hibernate: select u1_0.id,u1_0.address,u1_0.email,u1_0.full_name,u1_0.is_active,u1_0.password_hash,u1_0.phone,u1_0.role from users u1_0 where u1_0.id=?
Hibernate: insert into notifications (created_at,deleted_at,delivery_id,isDeleted,isRead,message,metadata,order_id,priority,read_at,related_entity_id,restaurant_id,title,type,userId) values (?,?,?,?,?,?,?,?,?,?,?,?,?,?,?)
Hibernate: select last_insert_rowid()
Hibernate: select u1_0.id,u1_0.address,u1_0.email,u1_0.full_name,u1_0.is_active,u1_0.password_hash,u1_0.phone,u1_0.role from users u1_0 where u1_0.id=?
Hibernate: insert into notifications (created_at,deleted_at,delivery_id,isDeleted,isRead,message,metadata,order_id,priority,read_at,related_entity_id,restaurant_id,title,type,userId) values (?,?,?,?,?,?,?,?,?,?,?,?,?,?,?)
Hibernate: select last_insert_rowid()
Hibernate: select u1_0.id,u1_0.address,u1_0.email,u1_0.full_name,u1_0.is_active,u1_0.password_hash,u1_0.phone,u1_0.role from users u1_0 where u1_0.id=?
Hibernate: insert into notifications (created_at,deleted_at,delivery_id,isDeleted,isRead,message,metadata,order_id,priority,read_at,related_entity_id,restaurant_id,title,type,userId) values (?,?,?,?,?,?,?,?,?,?,?,?,?,?,?)
Hibernate: select last_insert_rowid()
Hibernate: select u1_0.id,u1_0.address,u1_0.email,u1_0.full_name,u1_0.is_active,u1_0.password_hash,u1_0.phone,u1_0.role from users u1_0 where u1_0.id=?
Hibernate: insert into notifications (created_at,deleted_at,delivery_id,isDeleted,isRead,message,metadata,order_id,priority,read_at,related_entity_id,restaurant_id,title,type,userId) values (?,?,?,?,?,?,?,?,?,?,?,?,?,?,?)
Hibernate: select last_insert_rowid()
Hibernate: select u1_0.id,u1_0.address,u1_0.email,u1_0.full_name,u1_0.is_active,u1_0.password_hash,u1_0.phone,u1_0.role from users u1_0 where u1_0.id=?
Hibernate: insert into notifications (created_at,deleted_at,delivery_id,isDeleted,isRead,message,metadata,order_id,priority,read_at,related_entity_id,restaurant_id,title,type,userId) values (?,?,?,?,?,?,?,?,?,?,?,?,?,?,?)
Hibernate: select last_insert_rowid()
Hibernate: select u1_0.id,u1_0.address,u1_0.email,u1_0.full_name,u1_0.is_active,u1_0.password_hash,u1_0.phone,u1_0.role from users u1_0 where u1_0.id=?
Hibernate: insert into notifications (created_at,deleted_at,delivery_id,isDeleted,isRead,message,metadata,order_id,priority,read_at,related_entity_id,restaurant_id,title,type,userId) values (?,?,?,?,?,?,?,?,?,?,?,?,?,?,?)
Hibernate: select last_insert_rowid()
Hibernate: select u1_0.id,u1_0.address,u1_0.email,u1_0.full_name,u1_0.is_active,u1_0.password_hash,u1_0.phone,u1_0.role from users u1_0 where u1_0.id=?
Hibernate: insert into notifications (created_at,deleted_at,delivery_id,isDeleted,isRead,message,metadata,order_id,priority,read_at,related_entity_id,restaurant_id,title,type,userId) values (?,?,?,?,?,?,?,?,?,?,?,?,?,?,?)
Hibernate: select last_insert_rowid()
Hibernate: select u1_0.id,u1_0.address,u1_0.email,u1_0.full_name,u1_0.is_active,u1_0.password_hash,u1_0.phone,u1_0.role from users u1_0 where u1_0.id=?
Hibernate: insert into notifications (created_at,deleted_at,delivery_id,isDeleted,isRead,message,metadata,order_id,priority,read_at,related_entity_id,restaurant_id,title,type,userId) values (?,?,?,?,?,?,?,?,?,?,?,?,?,?,?)
Hibernate: select last_insert_rowid()
Hibernate: select u1_0.id,u1_0.address,u1_0.email,u1_0.full_name,u1_0.is_active,u1_0.password_hash,u1_0.phone,u1_0.role from users u1_0 where u1_0.id=?
Hibernate: insert into notifications (created_at,deleted_at,delivery_id,isDeleted,isRead,message,metadata,order_id,priority,read_at,related_entity_id,restaurant_id,title,type,userId) values (?,?,?,?,?,?,?,?,?,?,?,?,?,?,?)
Hibernate: select last_insert_rowid()
Hibernate: select u1_0.id,u1_0.address,u1_0.email,u1_0.full_name,u1_0.is_active,u1_0.password_hash,u1_0.phone,u1_0.role from users u1_0 where u1_0.id=?
Hibernate: insert into notifications (created_at,deleted_at,delivery_id,isDeleted,isRead,message,metadata,order_id,priority,read_at,related_entity_id,restaurant_id,title,type,userId) values (?,?,?,?,?,?,?,?,?,?,?,?,?,?,?)
Hibernate: select last_insert_rowid()
Hibernate: select u1_0.id,u1_0.address,u1_0.email,u1_0.full_name,u1_0.is_active,u1_0.password_hash,u1_0.phone,u1_0.role from users u1_0 where u1_0.id=?
Hibernate: insert into notifications (created_at,deleted_at,delivery_id,isDeleted,isRead,message,metadata,order_id,priority,read_at,related_entity_id,restaurant_id,title,type,userId) values (?,?,?,?,?,?,?,?,?,?,?,?,?,?,?)
Hibernate: select last_insert_rowid()
Hibernate: select u1_0.id,u1_0.address,u1_0.email,u1_0.full_name,u1_0.is_active,u1_0.password_hash,u1_0.phone,u1_0.role from users u1_0 where u1_0.id=?
Hibernate: insert into notifications (created_at,deleted_at,delivery_id,isDeleted,isRead,message,metadata,order_id,priority,read_at,related_entity_id,restaurant_id,title,type,userId) values (?,?,?,?,?,?,?,?,?,?,?,?,?,?,?)
Hibernate: select last_insert_rowid()
Hibernate: select u1_0.id,u1_0.address,u1_0.email,u1_0.full_name,u1_0.is_active,u1_0.password_hash,u1_0.phone,u1_0.role from users u1_0 where u1_0.id=?
Hibernate: insert into notifications (created_at,deleted_at,delivery_id,isDeleted,isRead,message,metadata,order_id,priority,read_at,related_entity_id,restaurant_id,title,type,userId) values (?,?,?,?,?,?,?,?,?,?,?,?,?,?,?)
Hibernate: select last_insert_rowid()
Hibernate: select u1_0.id,u1_0.address,u1_0.email,u1_0.full_name,u1_0.is_active,u1_0.password_hash,u1_0.phone,u1_0.role from users u1_0 where u1_0.id=?
Hibernate: insert into notifications (created_at,deleted_at,delivery_id,isDeleted,isRead,message,metadata,order_id,priority,read_at,related_entity_id,restaurant_id,title,type,userId) values (?,?,?,?,?,?,?,?,?,?,?,?,?,?,?)
Hibernate: select last_insert_rowid()
Hibernate: select u1_0.id,u1_0.address,u1_0.email,u1_0.full_name,u1_0.is_active,u1_0.password_hash,u1_0.phone,u1_0.role from users u1_0 where u1_0.id=?
Hibernate: insert into notifications (created_at,deleted_at,delivery_id,isDeleted,isRead,message,metadata,order_id,priority,read_at,related_entity_id,restaurant_id,title,type,userId) values (?,?,?,?,?,?,?,?,?,?,?,?,?,?,?)
Hibernate: select last_insert_rowid()
Hibernate: select u1_0.id,u1_0.address,u1_0.email,u1_0.full_name,u1_0.is_active,u1_0.password_hash,u1_0.phone,u1_0.role from users u1_0 where u1_0.id=?
Hibernate: insert into notifications (created_at,deleted_at,delivery_id,isDeleted,isRead,message,metadata,order_id,priority,read_at,related_entity_id,restaurant_id,title,type,userId) values (?,?,?,?,?,?,?,?,?,?,?,?,?,?,?)
Hibernate: select last_insert_rowid()
Hibernate: select u1_0.id,u1_0.address,u1_0.email,u1_0.full_name,u1_0.is_active,u1_0.password_hash,u1_0.phone,u1_0.role from users u1_0 where u1_0.id=?
Hibernate: insert into notifications (created_at,deleted_at,delivery_id,isDeleted,isRead,message,metadata,order_id,priority,read_at,related_entity_id,restaurant_id,title,type,userId) values (?,?,?,?,?,?,?,?,?,?,?,?,?,?,?)
Hibernate: select last_insert_rowid()
Hibernate: select u1_0.id,u1_0.address,u1_0.email,u1_0.full_name,u1_0.is_active,u1_0.password_hash,u1_0.phone,u1_0.role from users u1_0 where u1_0.id=?
Hibernate: insert into notifications (created_at,deleted_at,delivery_id,isDeleted,isRead,message,metadata,order_id,priority,read_at,related_entity_id,restaurant_id,title,type,userId) values (?,?,?,?,?,?,?,?,?,?,?,?,?,?,?)
Hibernate: select last_insert_rowid()
Hibernate: select u1_0.id,u1_0.address,u1_0.email,u1_0.full_name,u1_0.is_active,u1_0.password_hash,u1_0.phone,u1_0.role from users u1_0 where u1_0.id=?
Hibernate: insert into notifications (created_at,deleted_at,delivery_id,isDeleted,isRead,message,metadata,order_id,priority,read_at,related_entity_id,restaurant_id,title,type,userId) values (?,?,?,?,?,?,?,?,?,?,?,?,?,?,?)
Hibernate: select last_insert_rowid()
Hibernate: select u1_0.id,u1_0.address,u1_0.email,u1_0.full_name,u1_0.is_active,u1_0.password_hash,u1_0.phone,u1_0.role from users u1_0 where u1_0.id=?
Hibernate: insert into notifications (created_at,deleted_at,delivery_id,isDeleted,isRead,message,metadata,order_id,priority,read_at,related_entity_id,restaurant_id,title,type,userId) values (?,?,?,?,?,?,?,?,?,?,?,?,?,?,?)
Hibernate: select last_insert_rowid()
Hibernate: select u1_0.id,u1_0.address,u1_0.email,u1_0.full_name,u1_0.is_active,u1_0.password_hash,u1_0.phone,u1_0.role from users u1_0 where u1_0.id=?
Hibernate: insert into notifications (created_at,deleted_at,delivery_id,isDeleted,isRead,message,metadata,order_id,priority,read_at,related_entity_id,restaurant_id,title,type,userId) values (?,?,?,?,?,?,?,?,?,?,?,?,?,?,?)
Hibernate: select last_insert_rowid()
Hibernate: select u1_0.id,u1_0.address,u1_0.email,u1_0.full_name,u1_0.is_active,u1_0.password_hash,u1_0.phone,u1_0.role from users u1_0 where u1_0.id=?
Hibernate: select last_insert_rowid()
Hibernate: insert into notifications (created_at,deleted_at,delivery_id,isDeleted,isRead,message,metadata,order_id,priority,read_at,related_entity_id,restaurant_id,title,type,userId) values (?,?,?,?,?,?,?,?,?,?,?,?,?,?,?)
Hibernate: select u1_0.id,u1_0.address,u1_0.email,u1_0.full_name,u1_0.is_active,u1_0.password_hash,u1_0.phone,u1_0.role from users u1_0 where u1_0.id=?
Hibernate: select last_insert_rowid()
Hibernate: insert into notifications (created_at,deleted_at,delivery_id,isDeleted,isRead,message,metadata,order_id,priority,read_at,related_entity_id,restaurant_id,title,type,userId) values (?,?,?,?,?,?,?,?,?,?,?,?,?,?,?)
Hibernate: select u1_0.id,u1_0.address,u1_0.email,u1_0.full_name,u1_0.is_active,u1_0.password_hash,u1_0.phone,u1_0.role from users u1_0 where u1_0.id=?
Hibernate: select last_insert_rowid()
Hibernate: insert into notifications (created_at,deleted_at,delivery_id,isDeleted,isRead,message,metadata,order_id,priority,read_at,related_entity_id,restaurant_id,title,type,userId) values (?,?,?,?,?,?,?,?,?,?,?,?,?,?,?)
Hibernate: select last_insert_rowid()
Hibernate: select u1_0.id,u1_0.address,u1_0.email,u1_0.full_name,u1_0.is_active,u1_0.password_hash,u1_0.phone,u1_0.role from users u1_0 where u1_0.id=?
Hibernate: select u1_0.id,u1_0.address,u1_0.email,u1_0.full_name,u1_0.is_active,u1_0.password_hash,u1_0.phone,u1_0.role from users u1_0 where u1_0.id=?
Hibernate: insert into notifications (created_at,deleted_at,delivery_id,isDeleted,isRead,message,metadata,order_id,priority,read_at,related_entity_id,restaurant_id,title,type,userId) values (?,?,?,?,?,?,?,?,?,?,?,?,?,?,?)
Hibernate: insert into notifications (created_at,deleted_at,delivery_id,isDeleted,isRead,message,metadata,order_id,priority,read_at,related_entity_id,restaurant_id,title,type,userId) values (?,?,?,?,?,?,?,?,?,?,?,?,?,?,?)
Hibernate: select last_insert_rowid()
Hibernate: select u1_0.id,u1_0.address,u1_0.email,u1_0.full_name,u1_0.is_active,u1_0.password_hash,u1_0.phone,u1_0.role from users u1_0 where u1_0.id=?
Hibernate: insert into notifications (created_at,deleted_at,delivery_id,isDeleted,isRead,message,metadata,order_id,priority,read_at,related_entity_id,restaurant_id,title,type,userId) values (?,?,?,?,?,?,?,?,?,?,?,?,?,?,?)
Hibernate: select last_insert_rowid()
Hibernate: select u1_0.id,u1_0.address,u1_0.email,u1_0.full_name,u1_0.is_active,u1_0.password_hash,u1_0.phone,u1_0.role from users u1_0 where u1_0.id=?
Hibernate: insert into notifications (created_at,deleted_at,delivery_id,isDeleted,isRead,message,metadata,order_id,priority,read_at,related_entity_id,restaurant_id,title,type,userId) values (?,?,?,?,?,?,?,?,?,?,?,?,?,?,?)
Hibernate: select last_insert_rowid()
Hibernate: select u1_0.id,u1_0.address,u1_0.email,u1_0.full_name,u1_0.is_active,u1_0.password_hash,u1_0.phone,u1_0.role from users u1_0 where u1_0.id=?
Hibernate: insert into notifications (created_at,deleted_at,delivery_id,isDeleted,isRead,message,metadata,order_id,priority,read_at,related_entity_id,restaurant_id,title,type,userId) values (?,?,?,?,?,?,?,?,?,?,?,?,?,?,?)
Hibernate: select last_insert_rowid()
Hibernate: select u1_0.id,u1_0.address,u1_0.email,u1_0.full_name,u1_0.is_active,u1_0.password_hash,u1_0.phone,u1_0.role from users u1_0 where u1_0.id=?
Hibernate: insert into notifications (created_at,deleted_at,delivery_id,isDeleted,isRead,message,metadata,order_id,priority,read_at,related_entity_id,restaurant_id,title,type,userId) values (?,?,?,?,?,?,?,?,?,?,?,?,?,?,?)
Hibernate: select last_insert_rowid()
Hibernate: select u1_0.id,u1_0.address,u1_0.email,u1_0.full_name,u1_0.is_active,u1_0.password_hash,u1_0.phone,u1_0.role from users u1_0 where u1_0.id=?
Hibernate: insert into notifications (created_at,deleted_at,delivery_id,isDeleted,isRead,message,metadata,order_id,priority,read_at,related_entity_id,restaurant_id,title,type,userId) values (?,?,?,?,?,?,?,?,?,?,?,?,?,?,?)
Hibernate: select last_insert_rowid()
Hibernate: select u1_0.id,u1_0.address,u1_0.email,u1_0.full_name,u1_0.is_active,u1_0.password_hash,u1_0.phone,u1_0.role from users u1_0 where u1_0.id=?
Hibernate: insert into notifications (created_at,deleted_at,delivery_id,isDeleted,isRead,message,metadata,order_id,priority,read_at,related_entity_id,restaurant_id,title,type,userId) values (?,?,?,?,?,?,?,?,?,?,?,?,?,?,?)
Hibernate: select last_insert_rowid()
Hibernate: select u1_0.id,u1_0.address,u1_0.email,u1_0.full_name,u1_0.is_active,u1_0.password_hash,u1_0.phone,u1_0.role from users u1_0 where u1_0.id=?
Hibernate: insert into notifications (created_at,deleted_at,delivery_id,isDeleted,isRead,message,metadata,order_id,priority,read_at,related_entity_id,restaurant_id,title,type,userId) values (?,?,?,?,?,?,?,?,?,?,?,?,?,?,?)
Hibernate: select last_insert_rowid()
Hibernate: select u1_0.id,u1_0.address,u1_0.email,u1_0.full_name,u1_0.is_active,u1_0.password_hash,u1_0.phone,u1_0.role from users u1_0 where u1_0.id=?
Hibernate: insert into notifications (created_at,deleted_at,delivery_id,isDeleted,isRead,message,metadata,order_id,priority,read_at,related_entity_id,restaurant_id,title,type,userId) values (?,?,?,?,?,?,?,?,?,?,?,?,?,?,?)
Hibernate: select last_insert_rowid()
Hibernate: select u1_0.id,u1_0.address,u1_0.email,u1_0.full_name,u1_0.is_active,u1_0.password_hash,u1_0.phone,u1_0.role from users u1_0 where u1_0.id=?
Hibernate: insert into notifications (created_at,deleted_at,delivery_id,isDeleted,isRead,message,metadata,order_id,priority,read_at,related_entity_id,restaurant_id,title,type,userId) values (?,?,?,?,?,?,?,?,?,?,?,?,?,?,?)
Hibernate: select last_insert_rowid()
Hibernate: select u1_0.id,u1_0.address,u1_0.email,u1_0.full_name,u1_0.is_active,u1_0.password_hash,u1_0.phone,u1_0.role from users u1_0 where u1_0.id=?
Hibernate: insert into notifications (created_at,deleted_at,delivery_id,isDeleted,isRead,message,metadata,order_id,priority,read_at,related_entity_id,restaurant_id,title,type,userId) values (?,?,?,?,?,?,?,?,?,?,?,?,?,?,?)
Hibernate: select last_insert_rowid()
Hibernate: select u1_0.id,u1_0.address,u1_0.email,u1_0.full_name,u1_0.is_active,u1_0.password_hash,u1_0.phone,u1_0.role from users u1_0 where u1_0.id=?
Hibernate: insert into notifications (created_at,deleted_at,delivery_id,isDeleted,isRead,message,metadata,order_id,priority,read_at,related_entity_id,restaurant_id,title,type,userId) values (?,?,?,?,?,?,?,?,?,?,?,?,?,?,?)
Hibernate: select last_insert_rowid()
Hibernate: select u1_0.id,u1_0.address,u1_0.email,u1_0.full_name,u1_0.is_active,u1_0.password_hash,u1_0.phone,u1_0.role from users u1_0 where u1_0.id=?
Hibernate: insert into notifications (created_at,deleted_at,delivery_id,isDeleted,isRead,message,metadata,order_id,priority,read_at,related_entity_id,restaurant_id,title,type,userId) values (?,?,?,?,?,?,?,?,?,?,?,?,?,?,?)
Hibernate: select last_insert_rowid()
Hibernate: select u1_0.id,u1_0.address,u1_0.email,u1_0.full_name,u1_0.is_active,u1_0.password_hash,u1_0.phone,u1_0.role from users u1_0 where u1_0.id=?
Hibernate: insert into notifications (created_at,deleted_at,delivery_id,isDeleted,isRead,message,metadata,order_id,priority,read_at,related_entity_id,restaurant_id,title,type,userId) values (?,?,?,?,?,?,?,?,?,?,?,?,?,?,?)
Hibernate: select last_insert_rowid()
Hibernate: select u1_0.id,u1_0.address,u1_0.email,u1_0.full_name,u1_0.is_active,u1_0.password_hash,u1_0.phone,u1_0.role from users u1_0 where u1_0.id=?
Hibernate: insert into notifications (created_at,deleted_at,delivery_id,isDeleted,isRead,message,metadata,order_id,priority,read_at,related_entity_id,restaurant_id,title,type,userId) values (?,?,?,?,?,?,?,?,?,?,?,?,?,?,?)
Hibernate: select last_insert_rowid()
Hibernate: select u1_0.id,u1_0.address,u1_0.email,u1_0.full_name,u1_0.is_active,u1_0.password_hash,u1_0.phone,u1_0.role from users u1_0 where u1_0.id=?
Hibernate: insert into notifications (created_at,deleted_at,delivery_id,isDeleted,isRead,message,metadata,order_id,priority,read_at,related_entity_id,restaurant_id,title,type,userId) values (?,?,?,?,?,?,?,?,?,?,?,?,?,?,?)
Hibernate: select last_insert_rowid()
Hibernate: select u1_0.id,u1_0.address,u1_0.email,u1_0.full_name,u1_0.is_active,u1_0.password_hash,u1_0.phone,u1_0.role from users u1_0 where u1_0.id=?
Hibernate: insert into notifications (created_at,deleted_at,delivery_id,isDeleted,isRead,message,metadata,order_id,priority,read_at,related_entity_id,restaurant_id,title,type,userId) values (?,?,?,?,?,?,?,?,?,?,?,?,?,?,?)
Hibernate: select last_insert_rowid()
Hibernate: select u1_0.id,u1_0.address,u1_0.email,u1_0.full_name,u1_0.is_active,u1_0.password_hash,u1_0.phone,u1_0.role from users u1_0 where u1_0.id=?
Hibernate: insert into notifications (created_at,deleted_at,delivery_id,isDeleted,isRead,message,metadata,order_id,priority,read_at,related_entity_id,restaurant_id,title,type,userId) values (?,?,?,?,?,?,?,?,?,?,?,?,?,?,?)
Hibernate: select last_insert_rowid()
Hibernate: select u1_0.id,u1_0.address,u1_0.email,u1_0.full_name,u1_0.is_active,u1_0.password_hash,u1_0.phone,u1_0.role from users u1_0 where u1_0.id=?
Hibernate: insert into notifications (created_at,deleted_at,delivery_id,isDeleted,isRead,message,metadata,order_id,priority,read_at,related_entity_id,restaurant_id,title,type,userId) values (?,?,?,?,?,?,?,?,?,?,?,?,?,?,?)
Hibernate: select last_insert_rowid()
Hibernate: select u1_0.id,u1_0.address,u1_0.email,u1_0.full_name,u1_0.is_active,u1_0.password_hash,u1_0.phone,u1_0.role from users u1_0 where u1_0.id=?
Hibernate: insert into notifications (created_at,deleted_at,delivery_id,isDeleted,isRead,message,metadata,order_id,priority,read_at,related_entity_id,restaurant_id,title,type,userId) values (?,?,?,?,?,?,?,?,?,?,?,?,?,?,?)
Hibernate: select last_insert_rowid()
Hibernate: select u1_0.id,u1_0.address,u1_0.email,u1_0.full_name,u1_0.is_active,u1_0.password_hash,u1_0.phone,u1_0.role from users u1_0 where u1_0.id=?
Hibernate: insert into notifications (created_at,deleted_at,delivery_id,isDeleted,isRead,message,metadata,order_id,priority,read_at,related_entity_id,restaurant_id,title,type,userId) values (?,?,?,?,?,?,?,?,?,?,?,?,?,?,?)
Hibernate: select last_insert_rowid()
Hibernate: select u1_0.id,u1_0.address,u1_0.email,u1_0.full_name,u1_0.is_active,u1_0.password_hash,u1_0.phone,u1_0.role from users u1_0 where u1_0.id=?
Hibernate: insert into notifications (created_at,deleted_at,delivery_id,isDeleted,isRead,message,metadata,order_id,priority,read_at,related_entity_id,restaurant_id,title,type,userId) values (?,?,?,?,?,?,?,?,?,?,?,?,?,?,?)
Hibernate: select last_insert_rowid()
Hibernate: select u1_0.id,u1_0.address,u1_0.email,u1_0.full_name,u1_0.is_active,u1_0.password_hash,u1_0.phone,u1_0.role from users u1_0 where u1_0.id=?
Hibernate: insert into notifications (created_at,deleted_at,delivery_id,isDeleted,isRead,message,metadata,order_id,priority,read_at,related_entity_id,restaurant_id,title,type,userId) values (?,?,?,?,?,?,?,?,?,?,?,?,?,?,?)
Hibernate: select last_insert_rowid()
Hibernate: select u1_0.id,u1_0.address,u1_0.email,u1_0.full_name,u1_0.is_active,u1_0.password_hash,u1_0.phone,u1_0.role from users u1_0 where u1_0.id=?
Hibernate: insert into notifications (created_at,deleted_at,delivery_id,isDeleted,isRead,message,metadata,order_id,priority,read_at,related_entity_id,restaurant_id,title,type,userId) values (?,?,?,?,?,?,?,?,?,?,?,?,?,?,?)
Hibernate: select last_insert_rowid()
Hibernate: select u1_0.id,u1_0.address,u1_0.email,u1_0.full_name,u1_0.is_active,u1_0.password_hash,u1_0.phone,u1_0.role from users u1_0 where u1_0.id=?
Hibernate: insert into notifications (created_at,deleted_at,delivery_id,isDeleted,isRead,message,metadata,order_id,priority,read_at,related_entity_id,restaurant_id,title,type,userId) values (?,?,?,?,?,?,?,?,?,?,?,?,?,?,?)
Hibernate: select last_insert_rowid()
Hibernate: select u1_0.id,u1_0.address,u1_0.email,u1_0.full_name,u1_0.is_active,u1_0.password_hash,u1_0.phone,u1_0.role from users u1_0 where u1_0.id=?
Hibernate: insert into notifications (created_at,deleted_at,delivery_id,isDeleted,isRead,message,metadata,order_id,priority,read_at,related_entity_id,restaurant_id,title,type,userId) values (?,?,?,?,?,?,?,?,?,?,?,?,?,?,?)
Hibernate: select last_insert_rowid()
Hibernate: select u1_0.id,u1_0.address,u1_0.email,u1_0.full_name,u1_0.is_active,u1_0.password_hash,u1_0.phone,u1_0.role from users u1_0 where u1_0.id=?
Hibernate: insert into notifications (created_at,deleted_at,delivery_id,isDeleted,isRead,message,metadata,order_id,priority,read_at,related_entity_id,restaurant_id,title,type,userId) values (?,?,?,?,?,?,?,?,?,?,?,?,?,?,?)
Hibernate: select last_insert_rowid()
Hibernate: select u1_0.id,u1_0.address,u1_0.email,u1_0.full_name,u1_0.is_active,u1_0.password_hash,u1_0.phone,u1_0.role from users u1_0 where u1_0.id=?
Hibernate: insert into notifications (created_at,deleted_at,delivery_id,isDeleted,isRead,message,metadata,order_id,priority,read_at,related_entity_id,restaurant_id,title,type,userId) values (?,?,?,?,?,?,?,?,?,?,?,?,?,?,?)
Hibernate: select last_insert_rowid()
Hibernate: select u1_0.id,u1_0.address,u1_0.email,u1_0.full_name,u1_0.is_active,u1_0.password_hash,u1_0.phone,u1_0.role from users u1_0 where u1_0.id=?
Hibernate: insert into notifications (created_at,deleted_at,delivery_id,isDeleted,isRead,message,metadata,order_id,priority,read_at,related_entity_id,restaurant_id,title,type,userId) values (?,?,?,?,?,?,?,?,?,?,?,?,?,?,?)
Hibernate: select last_insert_rowid()
Hibernate: select u1_0.id,u1_0.address,u1_0.email,u1_0.full_name,u1_0.is_active,u1_0.password_hash,u1_0.phone,u1_0.role from users u1_0 where u1_0.id=?
Hibernate: insert into notifications (created_at,deleted_at,delivery_id,isDeleted,isRead,message,metadata,order_id,priority,read_at,related_entity_id,restaurant_id,title,type,userId) values (?,?,?,?,?,?,?,?,?,?,?,?,?,?,?)
Hibernate: select last_insert_rowid()
Hibernate: select u1_0.id,u1_0.address,u1_0.email,u1_0.full_name,u1_0.is_active,u1_0.password_hash,u1_0.phone,u1_0.role from users u1_0 where u1_0.id=?
Hibernate: insert into notifications (created_at,deleted_at,delivery_id,isDeleted,isRead,message,metadata,order_id,priority,read_at,related_entity_id,restaurant_id,title,type,userId) values (?,?,?,?,?,?,?,?,?,?,?,?,?,?,?)
Hibernate: select last_insert_rowid()
Hibernate: select u1_0.id,u1_0.address,u1_0.email,u1_0.full_name,u1_0.is_active,u1_0.password_hash,u1_0.phone,u1_0.role from users u1_0 where u1_0.id=?
Hibernate: insert into notifications (created_at,deleted_at,delivery_id,isDeleted,isRead,message,metadata,order_id,priority,read_at,related_entity_id,restaurant_id,title,type,userId) values (?,?,?,?,?,?,?,?,?,?,?,?,?,?,?)
Hibernate: select last_insert_rowid()
Hibernate: select u1_0.id,u1_0.address,u1_0.email,u1_0.full_name,u1_0.is_active,u1_0.password_hash,u1_0.phone,u1_0.role from users u1_0 where u1_0.id=?
Hibernate: insert into notifications (created_at,deleted_at,delivery_id,isDeleted,isRead,message,metadata,order_id,priority,read_at,related_entity_id,restaurant_id,title,type,userId) values (?,?,?,?,?,?,?,?,?,?,?,?,?,?,?)
Hibernate: select last_insert_rowid()
Hibernate: select u1_0.id,u1_0.address,u1_0.email,u1_0.full_name,u1_0.is_active,u1_0.password_hash,u1_0.phone,u1_0.role from users u1_0 where u1_0.id=?
Hibernate: insert into notifications (created_at,deleted_at,delivery_id,isDeleted,isRead,message,metadata,order_id,priority,read_at,related_entity_id,restaurant_id,title,type,userId) values (?,?,?,?,?,?,?,?,?,?,?,?,?,?,?)
Hibernate: select last_insert_rowid()
Hibernate: select u1_0.id,u1_0.address,u1_0.email,u1_0.full_name,u1_0.is_active,u1_0.password_hash,u1_0.phone,u1_0.role from users u1_0 where u1_0.id=?
Hibernate: insert into notifications (created_at,deleted_at,delivery_id,isDeleted,isRead,message,metadata,order_id,priority,read_at,related_entity_id,restaurant_id,title,type,userId) values (?,?,?,?,?,?,?,?,?,?,?,?,?,?,?)
Hibernate: select last_insert_rowid()
Hibernate: select u1_0.id,u1_0.address,u1_0.email,u1_0.full_name,u1_0.is_active,u1_0.password_hash,u1_0.phone,u1_0.role from users u1_0 where u1_0.id=?
Hibernate: insert into notifications (created_at,deleted_at,delivery_id,isDeleted,isRead,message,metadata,order_id,priority,read_at,related_entity_id,restaurant_id,title,type,userId) values (?,?,?,?,?,?,?,?,?,?,?,?,?,?,?)
Hibernate: select last_insert_rowid()
Hibernate: select u1_0.id,u1_0.address,u1_0.email,u1_0.full_name,u1_0.is_active,u1_0.password_hash,u1_0.phone,u1_0.role from users u1_0 where u1_0.id=?
Hibernate: insert into notifications (created_at,deleted_at,delivery_id,isDeleted,isRead,message,metadata,order_id,priority,read_at,related_entity_id,restaurant_id,title,type,userId) values (?,?,?,?,?,?,?,?,?,?,?,?,?,?,?)
Hibernate: select last_insert_rowid()
Hibernate: select u1_0.id,u1_0.address,u1_0.email,u1_0.full_name,u1_0.is_active,u1_0.password_hash,u1_0.phone,u1_0.role from users u1_0 where u1_0.id=?
Hibernate: insert into notifications (created_at,deleted_at,delivery_id,isDeleted,isRead,message,metadata,order_id,priority,read_at,related_entity_id,restaurant_id,title,type,userId) values (?,?,?,?,?,?,?,?,?,?,?,?,?,?,?)
Hibernate: select last_insert_rowid()
Hibernate: select u1_0.id,u1_0.address,u1_0.email,u1_0.full_name,u1_0.is_active,u1_0.password_hash,u1_0.phone,u1_0.role from users u1_0 where u1_0.id=?
Hibernate: insert into notifications (created_at,deleted_at,delivery_id,isDeleted,isRead,message,metadata,order_id,priority,read_at,related_entity_id,restaurant_id,title,type,userId) values (?,?,?,?,?,?,?,?,?,?,?,?,?,?,?)
Hibernate: select last_insert_rowid()
Hibernate: select u1_0.id,u1_0.address,u1_0.email,u1_0.full_name,u1_0.is_active,u1_0.password_hash,u1_0.phone,u1_0.role from users u1_0 where u1_0.id=?
Hibernate: insert into notifications (created_at,deleted_at,delivery_id,isDeleted,isRead,message,metadata,order_id,priority,read_at,related_entity_id,restaurant_id,title,type,userId) values (?,?,?,?,?,?,?,?,?,?,?,?,?,?,?)
Hibernate: select last_insert_rowid()
Hibernate: select u1_0.id,u1_0.address,u1_0.email,u1_0.full_name,u1_0.is_active,u1_0.password_hash,u1_0.phone,u1_0.role from users u1_0 where u1_0.id=?
Hibernate: insert into notifications (created_at,deleted_at,delivery_id,isDeleted,isRead,message,metadata,order_id,priority,read_at,related_entity_id,restaurant_id,title,type,userId) values (?,?,?,?,?,?,?,?,?,?,?,?,?,?,?)
Hibernate: select last_insert_rowid()
Hibernate: select u1_0.id,u1_0.address,u1_0.email,u1_0.full_name,u1_0.is_active,u1_0.password_hash,u1_0.phone,u1_0.role from users u1_0 where u1_0.id=?
Hibernate: insert into notifications (created_at,deleted_at,delivery_id,isDeleted,isRead,message,metadata,order_id,priority,read_at,related_entity_id,restaurant_id,title,type,userId) values (?,?,?,?,?,?,?,?,?,?,?,?,?,?,?)
Hibernate: select last_insert_rowid()
Hibernate: select u1_0.id,u1_0.address,u1_0.email,u1_0.full_name,u1_0.is_active,u1_0.password_hash,u1_0.phone,u1_0.role from users u1_0 where u1_0.id=?
Hibernate: insert into notifications (created_at,deleted_at,delivery_id,isDeleted,isRead,message,metadata,order_id,priority,read_at,related_entity_id,restaurant_id,title,type,userId) values (?,?,?,?,?,?,?,?,?,?,?,?,?,?,?)
Hibernate: select last_insert_rowid()
Hibernate: select last_insert_rowid()
Hibernate: select last_insert_rowid()
Hibernate: select last_insert_rowid()
Hibernate: select last_insert_rowid()
Hibernate: select last_insert_rowid()
Hibernate: select last_insert_rowid()
Hibernate: select last_insert_rowid()
Hibernate: select last_insert_rowid()
Hibernate: select last_insert_rowid()
Hibernate: select u1_0.id,u1_0.address,u1_0.email,u1_0.full_name,u1_0.is_active,u1_0.password_hash,u1_0.phone,u1_0.role from users u1_0 where u1_0.id=?
Hibernate: select u1_0.id,u1_0.address,u1_0.email,u1_0.full_name,u1_0.is_active,u1_0.password_hash,u1_0.phone,u1_0.role from users u1_0 where u1_0.id=?
Hibernate: select u1_0.id,u1_0.address,u1_0.email,u1_0.full_name,u1_0.is_active,u1_0.password_hash,u1_0.phone,u1_0.role from users u1_0 where u1_0.id=?
Hibernate: select u1_0.id,u1_0.address,u1_0.email,u1_0.full_name,u1_0.is_active,u1_0.password_hash,u1_0.phone,u1_0.role from users u1_0 where u1_0.id=?
Hibernate: select u1_0.id,u1_0.address,u1_0.email,u1_0.full_name,u1_0.is_active,u1_0.password_hash,u1_0.phone,u1_0.role from users u1_0 where u1_0.id=?
Hibernate: select u1_0.id,u1_0.address,u1_0.email,u1_0.full_name,u1_0.is_active,u1_0.password_hash,u1_0.phone,u1_0.role from users u1_0 where u1_0.id=?
Hibernate: select u1_0.id,u1_0.address,u1_0.email,u1_0.full_name,u1_0.is_active,u1_0.password_hash,u1_0.phone,u1_0.role from users u1_0 where u1_0.id=?
Hibernate: select u1_0.id,u1_0.address,u1_0.email,u1_0.full_name,u1_0.is_active,u1_0.password_hash,u1_0.phone,u1_0.role from users u1_0 where u1_0.id=?
Hibernate: select u1_0.id,u1_0.address,u1_0.email,u1_0.full_name,u1_0.is_active,u1_0.password_hash,u1_0.phone,u1_0.role from users u1_0 where u1_0.id=?
Hibernate: select u1_0.id,u1_0.address,u1_0.email,u1_0.full_name,u1_0.is_active,u1_0.password_hash,u1_0.phone,u1_0.role from users u1_0 where u1_0.id=?
Hibernate: select n1_0.id,n1_0.created_at,n1_0.deleted_at,n1_0.delivery_id,n1_0.isDeleted,n1_0.isRead,n1_0.message,n1_0.metadata,n1_0.order_id,n1_0.priority,n1_0.read_at,n1_0.related_entity_id,n1_0.restaurant_id,n1_0.title,n1_0.type,n1_0.userId from notifications n1_0 where n1_0.userId=? and n1_0.isDeleted=0 order by n1_0.created_at desc
Hibernate: select n1_0.id,n1_0.created_at,n1_0.deleted_at,n1_0.delivery_id,n1_0.isDeleted,n1_0.isRead,n1_0.message,n1_0.metadata,n1_0.order_id,n1_0.priority,n1_0.read_at,n1_0.related_entity_id,n1_0.restaurant_id,n1_0.title,n1_0.type,n1_0.userId from notifications n1_0 where n1_0.userId=? and n1_0.isDeleted=0 order by n1_0.created_at desc
Hibernate: select n1_0.id,n1_0.created_at,n1_0.deleted_at,n1_0.delivery_id,n1_0.isDeleted,n1_0.isRead,n1_0.message,n1_0.metadata,n1_0.order_id,n1_0.priority,n1_0.read_at,n1_0.related_entity_id,n1_0.restaurant_id,n1_0.title,n1_0.type,n1_0.userId from notifications n1_0 where n1_0.userId=? and n1_0.isDeleted=0 order by n1_0.created_at desc
Hibernate: select n1_0.id,n1_0.created_at,n1_0.deleted_at,n1_0.delivery_id,n1_0.isDeleted,n1_0.isRead,n1_0.message,n1_0.metadata,n1_0.order_id,n1_0.priority,n1_0.read_at,n1_0.related_entity_id,n1_0.restaurant_id,n1_0.title,n1_0.type,n1_0.userId from notifications n1_0 where n1_0.userId=? and n1_0.isDeleted=0 order by n1_0.created_at desc
Hibernate: select n1_0.id,n1_0.created_at,n1_0.deleted_at,n1_0.delivery_id,n1_0.isDeleted,n1_0.isRead,n1_0.message,n1_0.metadata,n1_0.order_id,n1_0.priority,n1_0.read_at,n1_0.related_entity_id,n1_0.restaurant_id,n1_0.title,n1_0.type,n1_0.userId from notifications n1_0 where n1_0.userId=? and n1_0.isDeleted=0 order by n1_0.created_at desc
Hibernate: select n1_0.id,n1_0.created_at,n1_0.deleted_at,n1_0.delivery_id,n1_0.isDeleted,n1_0.isRead,n1_0.message,n1_0.metadata,n1_0.order_id,n1_0.priority,n1_0.read_at,n1_0.related_entity_id,n1_0.restaurant_id,n1_0.title,n1_0.type,n1_0.userId from notifications n1_0 where n1_0.userId=? and n1_0.isDeleted=0 order by n1_0.created_at desc
Hibernate: select n1_0.id,n1_0.created_at,n1_0.deleted_at,n1_0.delivery_id,n1_0.isDeleted,n1_0.isRead,n1_0.message,n1_0.metadata,n1_0.order_id,n1_0.priority,n1_0.read_at,n1_0.related_entity_id,n1_0.restaurant_id,n1_0.title,n1_0.type,n1_0.userId from notifications n1_0 where n1_0.userId=? and n1_0.isDeleted=0 order by n1_0.created_at desc
Hibernate: select n1_0.id,n1_0.created_at,n1_0.deleted_at,n1_0.delivery_id,n1_0.isDeleted,n1_0.isRead,n1_0.message,n1_0.metadata,n1_0.order_id,n1_0.priority,n1_0.read_at,n1_0.related_entity_id,n1_0.restaurant_id,n1_0.title,n1_0.type,n1_0.userId from notifications n1_0 where n1_0.userId=? and n1_0.isDeleted=0 order by n1_0.created_at desc
Hibernate: select n1_0.id,n1_0.created_at,n1_0.deleted_at,n1_0.delivery_id,n1_0.isDeleted,n1_0.isRead,n1_0.message,n1_0.metadata,n1_0.order_id,n1_0.priority,n1_0.read_at,n1_0.related_entity_id,n1_0.restaurant_id,n1_0.title,n1_0.type,n1_0.userId from notifications n1_0 where n1_0.userId=? and n1_0.isDeleted=0 order by n1_0.created_at desc
Hibernate: select n1_0.id,n1_0.created_at,n1_0.deleted_at,n1_0.delivery_id,n1_0.isDeleted,n1_0.isRead,n1_0.message,n1_0.metadata,n1_0.order_id,n1_0.priority,n1_0.read_at,n1_0.related_entity_id,n1_0.restaurant_id,n1_0.title,n1_0.type,n1_0.userId from notifications n1_0 where n1_0.userId=? and n1_0.isDeleted=0 order by n1_0.created_at desc
Hibernate: select u1_0.id,u1_0.address,u1_0.email,u1_0.full_name,u1_0.is_active,u1_0.password_hash,u1_0.phone,u1_0.role from users u1_0 where u1_0.id=?
Hibernate: select u1_0.id,u1_0.address,u1_0.email,u1_0.full_name,u1_0.is_active,u1_0.password_hash,u1_0.phone,u1_0.role from users u1_0 where u1_0.id=?
Hibernate: select u1_0.id,u1_0.address,u1_0.email,u1_0.full_name,u1_0.is_active,u1_0.password_hash,u1_0.phone,u1_0.role from users u1_0 where u1_0.id=?
Hibernate: select u1_0.id,u1_0.address,u1_0.email,u1_0.full_name,u1_0.is_active,u1_0.password_hash,u1_0.phone,u1_0.role from users u1_0 where u1_0.id=?
Hibernate: select u1_0.id,u1_0.address,u1_0.email,u1_0.full_name,u1_0.is_active,u1_0.password_hash,u1_0.phone,u1_0.role from users u1_0 where u1_0.id=?
Hibernate: select u1_0.id,u1_0.address,u1_0.email,u1_0.full_name,u1_0.is_active,u1_0.password_hash,u1_0.phone,u1_0.role from users u1_0 where u1_0.id=?
Hibernate: select u1_0.id,u1_0.address,u1_0.email,u1_0.full_name,u1_0.is_active,u1_0.password_hash,u1_0.phone,u1_0.role from users u1_0 where u1_0.id=?
Hibernate: select n1_0.id,n1_0.created_at,n1_0.deleted_at,n1_0.delivery_id,n1_0.isDeleted,n1_0.isRead,n1_0.message,n1_0.metadata,n1_0.order_id,n1_0.priority,n1_0.read_at,n1_0.related_entity_id,n1_0.restaurant_id,n1_0.title,n1_0.type,n1_0.userId from notifications n1_0 where n1_0.userId=? and n1_0.isDeleted=0 order by n1_0.created_at desc
Hibernate: select n1_0.id,n1_0.created_at,n1_0.deleted_at,n1_0.delivery_id,n1_0.isDeleted,n1_0.isRead,n1_0.message,n1_0.metadata,n1_0.order_id,n1_0.priority,n1_0.read_at,n1_0.related_entity_id,n1_0.restaurant_id,n1_0.title,n1_0.type,n1_0.userId from notifications n1_0 where n1_0.userId=? and n1_0.isDeleted=0 order by n1_0.created_at desc
Hibernate: select n1_0.id,n1_0.created_at,n1_0.deleted_at,n1_0.delivery_id,n1_0.isDeleted,n1_0.isRead,n1_0.message,n1_0.metadata,n1_0.order_id,n1_0.priority,n1_0.read_at,n1_0.related_entity_id,n1_0.restaurant_id,n1_0.title,n1_0.type,n1_0.userId from notifications n1_0 where n1_0.userId=? and n1_0.isDeleted=0 order by n1_0.created_at desc
Hibernate: select u1_0.id,u1_0.address,u1_0.email,u1_0.full_name,u1_0.is_active,u1_0.password_hash,u1_0.phone,u1_0.role from users u1_0 where u1_0.id=?
Hibernate: select n1_0.id,n1_0.created_at,n1_0.deleted_at,n1_0.delivery_id,n1_0.isDeleted,n1_0.isRead,n1_0.message,n1_0.metadata,n1_0.order_id,n1_0.priority,n1_0.read_at,n1_0.related_entity_id,n1_0.restaurant_id,n1_0.title,n1_0.type,n1_0.userId from notifications n1_0 where n1_0.userId=? and n1_0.isDeleted=0 order by n1_0.created_at desc
Hibernate: select n1_0.id,n1_0.created_at,n1_0.deleted_at,n1_0.delivery_id,n1_0.isDeleted,n1_0.isRead,n1_0.message,n1_0.metadata,n1_0.order_id,n1_0.priority,n1_0.read_at,n1_0.related_entity_id,n1_0.restaurant_id,n1_0.title,n1_0.type,n1_0.userId from notifications n1_0 where n1_0.userId=? and n1_0.isDeleted=0 order by n1_0.created_at desc
Hibernate: select u1_0.id,u1_0.address,u1_0.email,u1_0.full_name,u1_0.is_active,u1_0.password_hash,u1_0.phone,u1_0.role from users u1_0 where u1_0.id=?
Hibernate: select u1_0.id,u1_0.address,u1_0.email,u1_0.full_name,u1_0.is_active,u1_0.password_hash,u1_0.phone,u1_0.role from users u1_0 where u1_0.id=?
Hibernate: select n1_0.id,n1_0.created_at,n1_0.deleted_at,n1_0.delivery_id,n1_0.isDeleted,n1_0.isRead,n1_0.message,n1_0.metadata,n1_0.order_id,n1_0.priority,n1_0.read_at,n1_0.related_entity_id,n1_0.restaurant_id,n1_0.title,n1_0.type,n1_0.userId from notifications n1_0 where n1_0.userId=? and n1_0.isDeleted=0 order by n1_0.created_at desc
Hibernate: select n1_0.id,n1_0.created_at,n1_0.deleted_at,n1_0.delivery_id,n1_0.isDeleted,n1_0.isRead,n1_0.message,n1_0.metadata,n1_0.order_id,n1_0.priority,n1_0.read_at,n1_0.related_entity_id,n1_0.restaurant_id,n1_0.title,n1_0.type,n1_0.userId from notifications n1_0 where n1_0.userId=? and n1_0.isDeleted=0 order by n1_0.created_at desc
Hibernate: select n1_0.id,n1_0.created_at,n1_0.deleted_at,n1_0.delivery_id,n1_0.isDeleted,n1_0.isRead,n1_0.message,n1_0.metadata,n1_0.order_id,n1_0.priority,n1_0.read_at,n1_0.related_entity_id,n1_0.restaurant_id,n1_0.title,n1_0.type,n1_0.userId from notifications n1_0 where n1_0.userId=? and n1_0.isDeleted=0 order by n1_0.created_at desc
Hibernate: select n1_0.id,n1_0.created_at,n1_0.deleted_at,n1_0.delivery_id,n1_0.isDeleted,n1_0.isRead,n1_0.message,n1_0.metadata,n1_0.order_id,n1_0.priority,n1_0.read_at,n1_0.related_entity_id,n1_0.restaurant_id,n1_0.title,n1_0.type,n1_0.userId from notifications n1_0 where n1_0.userId=? and n1_0.isDeleted=0 order by n1_0.created_at desc
Hibernate: select n1_0.id,n1_0.created_at,n1_0.deleted_at,n1_0.delivery_id,n1_0.isDeleted,n1_0.isRead,n1_0.message,n1_0.metadata,n1_0.order_id,n1_0.priority,n1_0.read_at,n1_0.related_entity_id,n1_0.restaurant_id,n1_0.title,n1_0.type,n1_0.userId from notifications n1_0 where n1_0.userId=? and n1_0.isDeleted=0 order by n1_0.created_at desc
Hibernate: select u1_0.id,u1_0.address,u1_0.email,u1_0.full_name,u1_0.is_active,u1_0.password_hash,u1_0.phone,u1_0.role from users u1_0 where u1_0.id=?
Hibernate: select u1_0.id,u1_0.address,u1_0.email,u1_0.full_name,u1_0.is_active,u1_0.password_hash,u1_0.phone,u1_0.role from users u1_0 where u1_0.id=?
Hibernate: select u1_0.id,u1_0.address,u1_0.email,u1_0.full_name,u1_0.is_active,u1_0.password_hash,u1_0.phone,u1_0.role from users u1_0 where u1_0.id=?
Hibernate: select u1_0.id,u1_0.address,u1_0.email,u1_0.full_name,u1_0.is_active,u1_0.password_hash,u1_0.phone,u1_0.role from users u1_0 where u1_0.id=?
Hibernate: select n1_0.id,n1_0.created_at,n1_0.deleted_at,n1_0.delivery_id,n1_0.isDeleted,n1_0.isRead,n1_0.message,n1_0.metadata,n1_0.order_id,n1_0.priority,n1_0.read_at,n1_0.related_entity_id,n1_0.restaurant_id,n1_0.title,n1_0.type,n1_0.userId from notifications n1_0 where n1_0.userId=? and n1_0.isDeleted=0 order by n1_0.created_at desc
Hibernate: select n1_0.id,n1_0.created_at,n1_0.deleted_at,n1_0.delivery_id,n1_0.isDeleted,n1_0.isRead,n1_0.message,n1_0.metadata,n1_0.order_id,n1_0.priority,n1_0.read_at,n1_0.related_entity_id,n1_0.restaurant_id,n1_0.title,n1_0.type,n1_0.userId from notifications n1_0 where n1_0.userId=? and n1_0.isDeleted=0 order by n1_0.created_at desc
Hibernate: select n1_0.id,n1_0.created_at,n1_0.deleted_at,n1_0.delivery_id,n1_0.isDeleted,n1_0.isRead,n1_0.message,n1_0.metadata,n1_0.order_id,n1_0.priority,n1_0.read_at,n1_0.related_entity_id,n1_0.restaurant_id,n1_0.title,n1_0.type,n1_0.userId from notifications n1_0 where n1_0.userId=? and n1_0.isDeleted=0 order by n1_0.created_at desc
Hibernate: select n1_0.id,n1_0.created_at,n1_0.deleted_at,n1_0.delivery_id,n1_0.isDeleted,n1_0.isRead,n1_0.message,n1_0.metadata,n1_0.order_id,n1_0.priority,n1_0.read_at,n1_0.related_entity_id,n1_0.restaurant_id,n1_0.title,n1_0.type,n1_0.userId from notifications n1_0 where n1_0.userId=? and n1_0.isDeleted=0 order by n1_0.created_at desc
Hibernate: select u1_0.id,u1_0.address,u1_0.email,u1_0.full_name,u1_0.is_active,u1_0.password_hash,u1_0.phone,u1_0.role from users u1_0 where u1_0.id=?
Hibernate: select n1_0.id,n1_0.created_at,n1_0.deleted_at,n1_0.delivery_id,n1_0.isDeleted,n1_0.isRead,n1_0.message,n1_0.metadata,n1_0.order_id,n1_0.priority,n1_0.read_at,n1_0.related_entity_id,n1_0.restaurant_id,n1_0.title,n1_0.type,n1_0.userId from notifications n1_0 where n1_0.userId=? and n1_0.isDeleted=0 order by n1_0.created_at desc
Hibernate: select u1_0.id,u1_0.address,u1_0.email,u1_0.full_name,u1_0.is_active,u1_0.password_hash,u1_0.phone,u1_0.role from users u1_0 where u1_0.id=?
Hibernate: select u1_0.id,u1_0.address,u1_0.email,u1_0.full_name,u1_0.is_active,u1_0.password_hash,u1_0.phone,u1_0.role from users u1_0 where u1_0.id=?
Hibernate: select n1_0.id,n1_0.created_at,n1_0.deleted_at,n1_0.delivery_id,n1_0.isDeleted,n1_0.isRead,n1_0.message,n1_0.metadata,n1_0.order_id,n1_0.priority,n1_0.read_at,n1_0.related_entity_id,n1_0.restaurant_id,n1_0.title,n1_0.type,n1_0.userId from notifications n1_0 where n1_0.userId=? and n1_0.isDeleted=0 order by n1_0.created_at desc
Hibernate: select n1_0.id,n1_0.created_at,n1_0.deleted_at,n1_0.delivery_id,n1_0.isDeleted,n1_0.isRead,n1_0.message,n1_0.metadata,n1_0.order_id,n1_0.priority,n1_0.read_at,n1_0.related_entity_id,n1_0.restaurant_id,n1_0.title,n1_0.type,n1_0.userId from notifications n1_0 where n1_0.userId=? and n1_0.isDeleted=0 order by n1_0.created_at desc
Hibernate: select u1_0.id,u1_0.address,u1_0.email,u1_0.full_name,u1_0.is_active,u1_0.password_hash,u1_0.phone,u1_0.role from users u1_0 where u1_0.id=?
Hibernate: select u1_0.id,u1_0.address,u1_0.email,u1_0.full_name,u1_0.is_active,u1_0.password_hash,u1_0.phone,u1_0.role from users u1_0 where u1_0.id=?
Hibernate: select n1_0.id,n1_0.created_at,n1_0.deleted_at,n1_0.delivery_id,n1_0.isDeleted,n1_0.isRead,n1_0.message,n1_0.metadata,n1_0.order_id,n1_0.priority,n1_0.read_at,n1_0.related_entity_id,n1_0.restaurant_id,n1_0.title,n1_0.type,n1_0.userId from notifications n1_0 where n1_0.userId=? and n1_0.isDeleted=0 order by n1_0.created_at desc
Hibernate: select n1_0.id,n1_0.created_at,n1_0.deleted_at,n1_0.delivery_id,n1_0.isDeleted,n1_0.isRead,n1_0.message,n1_0.metadata,n1_0.order_id,n1_0.priority,n1_0.read_at,n1_0.related_entity_id,n1_0.restaurant_id,n1_0.title,n1_0.type,n1_0.userId from notifications n1_0 where n1_0.userId=? and n1_0.isDeleted=0 order by n1_0.created_at desc
Hibernate: select u1_0.id,u1_0.address,u1_0.email,u1_0.full_name,u1_0.is_active,u1_0.password_hash,u1_0.phone,u1_0.role from users u1_0 where u1_0.id=?
Hibernate: select n1_0.id,n1_0.created_at,n1_0.deleted_at,n1_0.delivery_id,n1_0.isDeleted,n1_0.isRead,n1_0.message,n1_0.metadata,n1_0.order_id,n1_0.priority,n1_0.read_at,n1_0.related_entity_id,n1_0.restaurant_id,n1_0.title,n1_0.type,n1_0.userId from notifications n1_0 where n1_0.userId=? and n1_0.isDeleted=0 order by n1_0.created_at desc
Hibernate: select u1_0.id,u1_0.address,u1_0.email,u1_0.full_name,u1_0.is_active,u1_0.password_hash,u1_0.phone,u1_0.role from users u1_0 where u1_0.id=?
Hibernate: select n1_0.id,n1_0.created_at,n1_0.deleted_at,n1_0.delivery_id,n1_0.isDeleted,n1_0.isRead,n1_0.message,n1_0.metadata,n1_0.order_id,n1_0.priority,n1_0.read_at,n1_0.related_entity_id,n1_0.restaurant_id,n1_0.title,n1_0.type,n1_0.userId from notifications n1_0 where n1_0.userId=? and n1_0.isDeleted=0 order by n1_0.created_at desc
Hibernate: select u1_0.id,u1_0.address,u1_0.email,u1_0.full_name,u1_0.is_active,u1_0.password_hash,u1_0.phone,u1_0.role from users u1_0 where u1_0.id=?
Hibernate: select u1_0.id,u1_0.address,u1_0.email,u1_0.full_name,u1_0.is_active,u1_0.password_hash,u1_0.phone,u1_0.role from users u1_0 where u1_0.id=?
Hibernate: select u1_0.id,u1_0.address,u1_0.email,u1_0.full_name,u1_0.is_active,u1_0.password_hash,u1_0.phone,u1_0.role from users u1_0 where u1_0.id=?
Hibernate: select n1_0.id,n1_0.created_at,n1_0.deleted_at,n1_0.delivery_id,n1_0.isDeleted,n1_0.isRead,n1_0.message,n1_0.metadata,n1_0.order_id,n1_0.priority,n1_0.read_at,n1_0.related_entity_id,n1_0.restaurant_id,n1_0.title,n1_0.type,n1_0.userId from notifications n1_0 where n1_0.userId=? and n1_0.isDeleted=0 order by n1_0.created_at desc
Hibernate: select n1_0.id,n1_0.created_at,n1_0.deleted_at,n1_0.delivery_id,n1_0.isDeleted,n1_0.isRead,n1_0.message,n1_0.metadata,n1_0.order_id,n1_0.priority,n1_0.read_at,n1_0.related_entity_id,n1_0.restaurant_id,n1_0.title,n1_0.type,n1_0.userId from notifications n1_0 where n1_0.userId=? and n1_0.isDeleted=0 order by n1_0.created_at desc
Hibernate: select n1_0.id,n1_0.created_at,n1_0.deleted_at,n1_0.delivery_id,n1_0.isDeleted,n1_0.isRead,n1_0.message,n1_0.metadata,n1_0.order_id,n1_0.priority,n1_0.read_at,n1_0.related_entity_id,n1_0.restaurant_id,n1_0.title,n1_0.type,n1_0.userId from notifications n1_0 where n1_0.userId=? and n1_0.isDeleted=0 order by n1_0.created_at desc
Hibernate: select u1_0.id,u1_0.address,u1_0.email,u1_0.full_name,u1_0.is_active,u1_0.password_hash,u1_0.phone,u1_0.role from users u1_0 where u1_0.id=?
Hibernate: select n1_0.id,n1_0.created_at,n1_0.deleted_at,n1_0.delivery_id,n1_0.isDeleted,n1_0.isRead,n1_0.message,n1_0.metadata,n1_0.order_id,n1_0.priority,n1_0.read_at,n1_0.related_entity_id,n1_0.restaurant_id,n1_0.title,n1_0.type,n1_0.userId from notifications n1_0 where n1_0.userId=? and n1_0.isDeleted=0 order by n1_0.created_at desc
Hibernate: select u1_0.id,u1_0.address,u1_0.email,u1_0.full_name,u1_0.is_active,u1_0.password_hash,u1_0.phone,u1_0.role from users u1_0 where u1_0.id=?
Hibernate: select u1_0.id,u1_0.address,u1_0.email,u1_0.full_name,u1_0.is_active,u1_0.password_hash,u1_0.phone,u1_0.role from users u1_0 where u1_0.id=?
Hibernate: select u1_0.id,u1_0.address,u1_0.email,u1_0.full_name,u1_0.is_active,u1_0.password_hash,u1_0.phone,u1_0.role from users u1_0 where u1_0.id=?
Hibernate: select n1_0.id,n1_0.created_at,n1_0.deleted_at,n1_0.delivery_id,n1_0.isDeleted,n1_0.isRead,n1_0.message,n1_0.metadata,n1_0.order_id,n1_0.priority,n1_0.read_at,n1_0.related_entity_id,n1_0.restaurant_id,n1_0.title,n1_0.type,n1_0.userId from notifications n1_0 where n1_0.userId=? and n1_0.isDeleted=0 order by n1_0.created_at desc
Hibernate: select n1_0.id,n1_0.created_at,n1_0.deleted_at,n1_0.delivery_id,n1_0.isDeleted,n1_0.isRead,n1_0.message,n1_0.metadata,n1_0.order_id,n1_0.priority,n1_0.read_at,n1_0.related_entity_id,n1_0.restaurant_id,n1_0.title,n1_0.type,n1_0.userId from notifications n1_0 where n1_0.userId=? and n1_0.isDeleted=0 order by n1_0.created_at desc
Hibernate: select n1_0.id,n1_0.created_at,n1_0.deleted_at,n1_0.delivery_id,n1_0.isDeleted,n1_0.isRead,n1_0.message,n1_0.metadata,n1_0.order_id,n1_0.priority,n1_0.read_at,n1_0.related_entity_id,n1_0.restaurant_id,n1_0.title,n1_0.type,n1_0.userId from notifications n1_0 where n1_0.userId=? and n1_0.isDeleted=0 order by n1_0.created_at desc
Hibernate: select u1_0.id,u1_0.address,u1_0.email,u1_0.full_name,u1_0.is_active,u1_0.password_hash,u1_0.phone,u1_0.role from users u1_0 where u1_0.id=?
Hibernate: select n1_0.id,n1_0.created_at,n1_0.deleted_at,n1_0.delivery_id,n1_0.isDeleted,n1_0.isRead,n1_0.message,n1_0.metadata,n1_0.order_id,n1_0.priority,n1_0.read_at,n1_0.related_entity_id,n1_0.restaurant_id,n1_0.title,n1_0.type,n1_0.userId from notifications n1_0 where n1_0.userId=? and n1_0.isDeleted=0 order by n1_0.created_at desc
Hibernate: select u1_0.id,u1_0.address,u1_0.email,u1_0.full_name,u1_0.is_active,u1_0.password_hash,u1_0.phone,u1_0.role from users u1_0 where u1_0.id=?
Hibernate: select u1_0.id,u1_0.address,u1_0.email,u1_0.full_name,u1_0.is_active,u1_0.password_hash,u1_0.phone,u1_0.role from users u1_0 where u1_0.id=?
Hibernate: select n1_0.id,n1_0.created_at,n1_0.deleted_at,n1_0.delivery_id,n1_0.isDeleted,n1_0.isRead,n1_0.message,n1_0.metadata,n1_0.order_id,n1_0.priority,n1_0.read_at,n1_0.related_entity_id,n1_0.restaurant_id,n1_0.title,n1_0.type,n1_0.userId from notifications n1_0 where n1_0.userId=? and n1_0.isDeleted=0 order by n1_0.created_at desc
Hibernate: select n1_0.id,n1_0.created_at,n1_0.deleted_at,n1_0.delivery_id,n1_0.isDeleted,n1_0.isRead,n1_0.message,n1_0.metadata,n1_0.order_id,n1_0.priority,n1_0.read_at,n1_0.related_entity_id,n1_0.restaurant_id,n1_0.title,n1_0.type,n1_0.userId from notifications n1_0 where n1_0.userId=? and n1_0.isDeleted=0 order by n1_0.created_at desc
Hibernate: select u1_0.id,u1_0.address,u1_0.email,u1_0.full_name,u1_0.is_active,u1_0.password_hash,u1_0.phone,u1_0.role from users u1_0 where u1_0.id=?
Hibernate: select n1_0.id,n1_0.created_at,n1_0.deleted_at,n1_0.delivery_id,n1_0.isDeleted,n1_0.isRead,n1_0.message,n1_0.metadata,n1_0.order_id,n1_0.priority,n1_0.read_at,n1_0.related_entity_id,n1_0.restaurant_id,n1_0.title,n1_0.type,n1_0.userId from notifications n1_0 where n1_0.userId=? and n1_0.isDeleted=0 order by n1_0.created_at desc
Hibernate: select u1_0.id,u1_0.address,u1_0.email,u1_0.full_name,u1_0.is_active,u1_0.password_hash,u1_0.phone,u1_0.role from users u1_0 where u1_0.id=?
Hibernate: select n1_0.id,n1_0.created_at,n1_0.deleted_at,n1_0.delivery_id,n1_0.isDeleted,n1_0.isRead,n1_0.message,n1_0.metadata,n1_0.order_id,n1_0.priority,n1_0.read_at,n1_0.related_entity_id,n1_0.restaurant_id,n1_0.title,n1_0.type,n1_0.userId from notifications n1_0 where n1_0.userId=? and n1_0.isDeleted=0 order by n1_0.created_at desc
Hibernate: select u1_0.id,u1_0.address,u1_0.email,u1_0.full_name,u1_0.is_active,u1_0.password_hash,u1_0.phone,u1_0.role from users u1_0 where u1_0.id=?
Hibernate: select u1_0.id,u1_0.address,u1_0.email,u1_0.full_name,u1_0.is_active,u1_0.password_hash,u1_0.phone,u1_0.role from users u1_0 where u1_0.id=?
Hibernate: select n1_0.id,n1_0.created_at,n1_0.deleted_at,n1_0.delivery_id,n1_0.isDeleted,n1_0.isRead,n1_0.message,n1_0.metadata,n1_0.order_id,n1_0.priority,n1_0.read_at,n1_0.related_entity_id,n1_0.restaurant_id,n1_0.title,n1_0.type,n1_0.userId from notifications n1_0 where n1_0.userId=? and n1_0.isDeleted=0 order by n1_0.created_at desc
Hibernate: select n1_0.id,n1_0.created_at,n1_0.deleted_at,n1_0.delivery_id,n1_0.isDeleted,n1_0.isRead,n1_0.message,n1_0.metadata,n1_0.order_id,n1_0.priority,n1_0.read_at,n1_0.related_entity_id,n1_0.restaurant_id,n1_0.title,n1_0.type,n1_0.userId from notifications n1_0 where n1_0.userId=? and n1_0.isDeleted=0 order by n1_0.created_at desc
Hibernate: select u1_0.id,u1_0.address,u1_0.email,u1_0.full_name,u1_0.is_active,u1_0.password_hash,u1_0.phone,u1_0.role from users u1_0 where u1_0.id=?
Hibernate: select u1_0.id,u1_0.address,u1_0.email,u1_0.full_name,u1_0.is_active,u1_0.password_hash,u1_0.phone,u1_0.role from users u1_0 where u1_0.id=?
Hibernate: select u1_0.id,u1_0.address,u1_0.email,u1_0.full_name,u1_0.is_active,u1_0.password_hash,u1_0.phone,u1_0.role from users u1_0 where u1_0.id=?
Hibernate: select n1_0.id,n1_0.created_at,n1_0.deleted_at,n1_0.delivery_id,n1_0.isDeleted,n1_0.isRead,n1_0.message,n1_0.metadata,n1_0.order_id,n1_0.priority,n1_0.read_at,n1_0.related_entity_id,n1_0.restaurant_id,n1_0.title,n1_0.type,n1_0.userId from notifications n1_0 where n1_0.userId=? and n1_0.isDeleted=0 order by n1_0.created_at desc
Hibernate: select u1_0.id,u1_0.address,u1_0.email,u1_0.full_name,u1_0.is_active,u1_0.password_hash,u1_0.phone,u1_0.role from users u1_0 where u1_0.id=?
Hibernate: select n1_0.id,n1_0.created_at,n1_0.deleted_at,n1_0.delivery_id,n1_0.isDeleted,n1_0.isRead,n1_0.message,n1_0.metadata,n1_0.order_id,n1_0.priority,n1_0.read_at,n1_0.related_entity_id,n1_0.restaurant_id,n1_0.title,n1_0.type,n1_0.userId from notifications n1_0 where n1_0.userId=? and n1_0.isDeleted=0 order by n1_0.created_at desc
Hibernate: select n1_0.id,n1_0.created_at,n1_0.deleted_at,n1_0.delivery_id,n1_0.isDeleted,n1_0.isRead,n1_0.message,n1_0.metadata,n1_0.order_id,n1_0.priority,n1_0.read_at,n1_0.related_entity_id,n1_0.restaurant_id,n1_0.title,n1_0.type,n1_0.userId from notifications n1_0 where n1_0.userId=? and n1_0.isDeleted=0 order by n1_0.created_at desc
Hibernate: select n1_0.id,n1_0.created_at,n1_0.deleted_at,n1_0.delivery_id,n1_0.isDeleted,n1_0.isRead,n1_0.message,n1_0.metadata,n1_0.order_id,n1_0.priority,n1_0.read_at,n1_0.related_entity_id,n1_0.restaurant_id,n1_0.title,n1_0.type,n1_0.userId from notifications n1_0 where n1_0.userId=? and n1_0.isDeleted=0 order by n1_0.created_at desc
Hibernate: select u1_0.id,u1_0.address,u1_0.email,u1_0.full_name,u1_0.is_active,u1_0.password_hash,u1_0.phone,u1_0.role from users u1_0 where u1_0.id=?
Hibernate: select u1_0.id,u1_0.address,u1_0.email,u1_0.full_name,u1_0.is_active,u1_0.password_hash,u1_0.phone,u1_0.role from users u1_0 where u1_0.id=?
Hibernate: select u1_0.id,u1_0.address,u1_0.email,u1_0.full_name,u1_0.is_active,u1_0.password_hash,u1_0.phone,u1_0.role from users u1_0 where u1_0.id=?
Hibernate: select u1_0.id,u1_0.address,u1_0.email,u1_0.full_name,u1_0.is_active,u1_0.password_hash,u1_0.phone,u1_0.role from users u1_0 where u1_0.id=?
Hibernate: select n1_0.id,n1_0.created_at,n1_0.deleted_at,n1_0.delivery_id,n1_0.isDeleted,n1_0.isRead,n1_0.message,n1_0.metadata,n1_0.order_id,n1_0.priority,n1_0.read_at,n1_0.related_entity_id,n1_0.restaurant_id,n1_0.title,n1_0.type,n1_0.userId from notifications n1_0 where n1_0.userId=? and n1_0.isDeleted=0 order by n1_0.created_at desc
Hibernate: select n1_0.id,n1_0.created_at,n1_0.deleted_at,n1_0.delivery_id,n1_0.isDeleted,n1_0.isRead,n1_0.message,n1_0.metadata,n1_0.order_id,n1_0.priority,n1_0.read_at,n1_0.related_entity_id,n1_0.restaurant_id,n1_0.title,n1_0.type,n1_0.userId from notifications n1_0 where n1_0.userId=? and n1_0.isDeleted=0 order by n1_0.created_at desc
Hibernate: select u1_0.id,u1_0.address,u1_0.email,u1_0.full_name,u1_0.is_active,u1_0.password_hash,u1_0.phone,u1_0.role from users u1_0 where u1_0.id=?
Hibernate: select n1_0.id,n1_0.created_at,n1_0.deleted_at,n1_0.delivery_id,n1_0.isDeleted,n1_0.isRead,n1_0.message,n1_0.metadata,n1_0.order_id,n1_0.priority,n1_0.read_at,n1_0.related_entity_id,n1_0.restaurant_id,n1_0.title,n1_0.type,n1_0.userId from notifications n1_0 where n1_0.userId=? and n1_0.isDeleted=0 order by n1_0.created_at desc
Hibernate: select n1_0.id,n1_0.created_at,n1_0.deleted_at,n1_0.delivery_id,n1_0.isDeleted,n1_0.isRead,n1_0.message,n1_0.metadata,n1_0.order_id,n1_0.priority,n1_0.read_at,n1_0.related_entity_id,n1_0.restaurant_id,n1_0.title,n1_0.type,n1_0.userId from notifications n1_0 where n1_0.userId=? and n1_0.isDeleted=0 order by n1_0.created_at desc
Hibernate: select n1_0.id,n1_0.created_at,n1_0.deleted_at,n1_0.delivery_id,n1_0.isDeleted,n1_0.isRead,n1_0.message,n1_0.metadata,n1_0.order_id,n1_0.priority,n1_0.read_at,n1_0.related_entity_id,n1_0.restaurant_id,n1_0.title,n1_0.type,n1_0.userId from notifications n1_0 where n1_0.userId=? and n1_0.isDeleted=0 order by n1_0.created_at desc
Hibernate: select u1_0.id,u1_0.address,u1_0.email,u1_0.full_name,u1_0.is_active,u1_0.password_hash,u1_0.phone,u1_0.role from users u1_0 where u1_0.id=?
Hibernate: select u1_0.id,u1_0.address,u1_0.email,u1_0.full_name,u1_0.is_active,u1_0.password_hash,u1_0.phone,u1_0.role from users u1_0 where u1_0.id=?
Hibernate: select n1_0.id,n1_0.created_at,n1_0.deleted_at,n1_0.delivery_id,n1_0.isDeleted,n1_0.isRead,n1_0.message,n1_0.metadata,n1_0.order_id,n1_0.priority,n1_0.read_at,n1_0.related_entity_id,n1_0.restaurant_id,n1_0.title,n1_0.type,n1_0.userId from notifications n1_0 where n1_0.userId=? and n1_0.isDeleted=0 order by n1_0.created_at desc
Hibernate: select u1_0.id,u1_0.address,u1_0.email,u1_0.full_name,u1_0.is_active,u1_0.password_hash,u1_0.phone,u1_0.role from users u1_0 where u1_0.id=?
Hibernate: select n1_0.id,n1_0.created_at,n1_0.deleted_at,n1_0.delivery_id,n1_0.isDeleted,n1_0.isRead,n1_0.message,n1_0.metadata,n1_0.order_id,n1_0.priority,n1_0.read_at,n1_0.related_entity_id,n1_0.restaurant_id,n1_0.title,n1_0.type,n1_0.userId from notifications n1_0 where n1_0.userId=? and n1_0.isDeleted=0 order by n1_0.created_at desc
Hibernate: select n1_0.id,n1_0.created_at,n1_0.deleted_at,n1_0.delivery_id,n1_0.isDeleted,n1_0.isRead,n1_0.message,n1_0.metadata,n1_0.order_id,n1_0.priority,n1_0.read_at,n1_0.related_entity_id,n1_0.restaurant_id,n1_0.title,n1_0.type,n1_0.userId from notifications n1_0 where n1_0.userId=? and n1_0.isDeleted=0 order by n1_0.created_at desc
Hibernate: select u1_0.id,u1_0.address,u1_0.email,u1_0.full_name,u1_0.is_active,u1_0.password_hash,u1_0.phone,u1_0.role from users u1_0 where u1_0.id=?
Hibernate: select n1_0.id,n1_0.created_at,n1_0.deleted_at,n1_0.delivery_id,n1_0.isDeleted,n1_0.isRead,n1_0.message,n1_0.metadata,n1_0.order_id,n1_0.priority,n1_0.read_at,n1_0.related_entity_id,n1_0.restaurant_id,n1_0.title,n1_0.type,n1_0.userId from notifications n1_0 where n1_0.userId=? and n1_0.isDeleted=0 order by n1_0.created_at desc
Hibernate: select u1_0.id,u1_0.address,u1_0.email,u1_0.full_name,u1_0.is_active,u1_0.password_hash,u1_0.phone,u1_0.role from users u1_0 where u1_0.id=?
Hibernate: select n1_0.id,n1_0.created_at,n1_0.deleted_at,n1_0.delivery_id,n1_0.isDeleted,n1_0.isRead,n1_0.message,n1_0.metadata,n1_0.order_id,n1_0.priority,n1_0.read_at,n1_0.related_entity_id,n1_0.restaurant_id,n1_0.title,n1_0.type,n1_0.userId from notifications n1_0 where n1_0.userId=? and n1_0.isDeleted=0 order by n1_0.created_at desc
Hibernate: select u1_0.id,u1_0.address,u1_0.email,u1_0.full_name,u1_0.is_active,u1_0.password_hash,u1_0.phone,u1_0.role from users u1_0 where u1_0.id=?
Hibernate: select u1_0.id,u1_0.address,u1_0.email,u1_0.full_name,u1_0.is_active,u1_0.password_hash,u1_0.phone,u1_0.role from users u1_0 where u1_0.id=?
Hibernate: select n1_0.id,n1_0.created_at,n1_0.deleted_at,n1_0.delivery_id,n1_0.isDeleted,n1_0.isRead,n1_0.message,n1_0.metadata,n1_0.order_id,n1_0.priority,n1_0.read_at,n1_0.related_entity_id,n1_0.restaurant_id,n1_0.title,n1_0.type,n1_0.userId from notifications n1_0 where n1_0.userId=? and n1_0.isDeleted=0 order by n1_0.created_at desc
Hibernate: select n1_0.id,n1_0.created_at,n1_0.deleted_at,n1_0.delivery_id,n1_0.isDeleted,n1_0.isRead,n1_0.message,n1_0.metadata,n1_0.order_id,n1_0.priority,n1_0.read_at,n1_0.related_entity_id,n1_0.restaurant_id,n1_0.title,n1_0.type,n1_0.userId from notifications n1_0 where n1_0.userId=? and n1_0.isDeleted=0 order by n1_0.created_at desc
Hibernate: select u1_0.id,u1_0.address,u1_0.email,u1_0.full_name,u1_0.is_active,u1_0.password_hash,u1_0.phone,u1_0.role from users u1_0 where u1_0.id=?
Hibernate: select u1_0.id,u1_0.address,u1_0.email,u1_0.full_name,u1_0.is_active,u1_0.password_hash,u1_0.phone,u1_0.role from users u1_0 where u1_0.id=?
Hibernate: select n1_0.id,n1_0.created_at,n1_0.deleted_at,n1_0.delivery_id,n1_0.isDeleted,n1_0.isRead,n1_0.message,n1_0.metadata,n1_0.order_id,n1_0.priority,n1_0.read_at,n1_0.related_entity_id,n1_0.restaurant_id,n1_0.title,n1_0.type,n1_0.userId from notifications n1_0 where n1_0.userId=? and n1_0.isDeleted=0 order by n1_0.created_at desc
Hibernate: select u1_0.id,u1_0.address,u1_0.email,u1_0.full_name,u1_0.is_active,u1_0.password_hash,u1_0.phone,u1_0.role from users u1_0 where u1_0.id=?
Hibernate: select n1_0.id,n1_0.created_at,n1_0.deleted_at,n1_0.delivery_id,n1_0.isDeleted,n1_0.isRead,n1_0.message,n1_0.metadata,n1_0.order_id,n1_0.priority,n1_0.read_at,n1_0.related_entity_id,n1_0.restaurant_id,n1_0.title,n1_0.type,n1_0.userId from notifications n1_0 where n1_0.userId=? and n1_0.isDeleted=0 order by n1_0.created_at desc
Hibernate: select n1_0.id,n1_0.created_at,n1_0.deleted_at,n1_0.delivery_id,n1_0.isDeleted,n1_0.isRead,n1_0.message,n1_0.metadata,n1_0.order_id,n1_0.priority,n1_0.read_at,n1_0.related_entity_id,n1_0.restaurant_id,n1_0.title,n1_0.type,n1_0.userId from notifications n1_0 where n1_0.userId=? and n1_0.isDeleted=0 order by n1_0.created_at desc
Hibernate: select u1_0.id,u1_0.address,u1_0.email,u1_0.full_name,u1_0.is_active,u1_0.password_hash,u1_0.phone,u1_0.role from users u1_0 where u1_0.id=?
Hibernate: select u1_0.id,u1_0.address,u1_0.email,u1_0.full_name,u1_0.is_active,u1_0.password_hash,u1_0.phone,u1_0.role from users u1_0 where u1_0.id=?
Hibernate: select u1_0.id,u1_0.address,u1_0.email,u1_0.full_name,u1_0.is_active,u1_0.password_hash,u1_0.phone,u1_0.role from users u1_0 where u1_0.id=?
Hibernate: select n1_0.id,n1_0.created_at,n1_0.deleted_at,n1_0.delivery_id,n1_0.isDeleted,n1_0.isRead,n1_0.message,n1_0.metadata,n1_0.order_id,n1_0.priority,n1_0.read_at,n1_0.related_entity_id,n1_0.restaurant_id,n1_0.title,n1_0.type,n1_0.userId from notifications n1_0 where n1_0.userId=? and n1_0.isDeleted=0 order by n1_0.created_at desc
Hibernate: select n1_0.id,n1_0.created_at,n1_0.deleted_at,n1_0.delivery_id,n1_0.isDeleted,n1_0.isRead,n1_0.message,n1_0.metadata,n1_0.order_id,n1_0.priority,n1_0.read_at,n1_0.related_entity_id,n1_0.restaurant_id,n1_0.title,n1_0.type,n1_0.userId from notifications n1_0 where n1_0.userId=? and n1_0.isDeleted=0 order by n1_0.created_at desc
Hibernate: select n1_0.id,n1_0.created_at,n1_0.deleted_at,n1_0.delivery_id,n1_0.isDeleted,n1_0.isRead,n1_0.message,n1_0.metadata,n1_0.order_id,n1_0.priority,n1_0.read_at,n1_0.related_entity_id,n1_0.restaurant_id,n1_0.title,n1_0.type,n1_0.userId from notifications n1_0 where n1_0.userId=? and n1_0.isDeleted=0 order by n1_0.created_at desc
Hibernate: select u1_0.id,u1_0.address,u1_0.email,u1_0.full_name,u1_0.is_active,u1_0.password_hash,u1_0.phone,u1_0.role from users u1_0 where u1_0.id=?
Hibernate: select u1_0.id,u1_0.address,u1_0.email,u1_0.full_name,u1_0.is_active,u1_0.password_hash,u1_0.phone,u1_0.role from users u1_0 where u1_0.id=?
Hibernate: select u1_0.id,u1_0.address,u1_0.email,u1_0.full_name,u1_0.is_active,u1_0.password_hash,u1_0.phone,u1_0.role from users u1_0 where u1_0.id=?
Hibernate: select n1_0.id,n1_0.created_at,n1_0.deleted_at,n1_0.delivery_id,n1_0.isDeleted,n1_0.isRead,n1_0.message,n1_0.metadata,n1_0.order_id,n1_0.priority,n1_0.read_at,n1_0.related_entity_id,n1_0.restaurant_id,n1_0.title,n1_0.type,n1_0.userId from notifications n1_0 where n1_0.userId=? and n1_0.isDeleted=0 order by n1_0.created_at desc
Hibernate: select n1_0.id,n1_0.created_at,n1_0.deleted_at,n1_0.delivery_id,n1_0.isDeleted,n1_0.isRead,n1_0.message,n1_0.metadata,n1_0.order_id,n1_0.priority,n1_0.read_at,n1_0.related_entity_id,n1_0.restaurant_id,n1_0.title,n1_0.type,n1_0.userId from notifications n1_0 where n1_0.userId=? and n1_0.isDeleted=0 order by n1_0.created_at desc
Hibernate: select u1_0.id,u1_0.address,u1_0.email,u1_0.full_name,u1_0.is_active,u1_0.password_hash,u1_0.phone,u1_0.role from users u1_0 where u1_0.id=?
Hibernate: select n1_0.id,n1_0.created_at,n1_0.deleted_at,n1_0.delivery_id,n1_0.isDeleted,n1_0.isRead,n1_0.message,n1_0.metadata,n1_0.order_id,n1_0.priority,n1_0.read_at,n1_0.related_entity_id,n1_0.restaurant_id,n1_0.title,n1_0.type,n1_0.userId from notifications n1_0 where n1_0.userId=? and n1_0.isDeleted=0 order by n1_0.created_at desc
Hibernate: select n1_0.id,n1_0.created_at,n1_0.deleted_at,n1_0.delivery_id,n1_0.isDeleted,n1_0.isRead,n1_0.message,n1_0.metadata,n1_0.order_id,n1_0.priority,n1_0.read_at,n1_0.related_entity_id,n1_0.restaurant_id,n1_0.title,n1_0.type,n1_0.userId from notifications n1_0 where n1_0.userId=? and n1_0.isDeleted=0 order by n1_0.created_at desc
Hibernate: select u1_0.id,u1_0.address,u1_0.email,u1_0.full_name,u1_0.is_active,u1_0.password_hash,u1_0.phone,u1_0.role from users u1_0 where u1_0.id=?
Hibernate: select n1_0.id,n1_0.created_at,n1_0.deleted_at,n1_0.delivery_id,n1_0.isDeleted,n1_0.isRead,n1_0.message,n1_0.metadata,n1_0.order_id,n1_0.priority,n1_0.read_at,n1_0.related_entity_id,n1_0.restaurant_id,n1_0.title,n1_0.type,n1_0.userId from notifications n1_0 where n1_0.userId=? and n1_0.isDeleted=0 order by n1_0.created_at desc
Hibernate: select u1_0.id,u1_0.address,u1_0.email,u1_0.full_name,u1_0.is_active,u1_0.password_hash,u1_0.phone,u1_0.role from users u1_0 where u1_0.id=?
Hibernate: select n1_0.id,n1_0.created_at,n1_0.deleted_at,n1_0.delivery_id,n1_0.isDeleted,n1_0.isRead,n1_0.message,n1_0.metadata,n1_0.order_id,n1_0.priority,n1_0.read_at,n1_0.related_entity_id,n1_0.restaurant_id,n1_0.title,n1_0.type,n1_0.userId from notifications n1_0 where n1_0.userId=? and n1_0.isDeleted=0 order by n1_0.created_at desc
Hibernate: select u1_0.id,u1_0.address,u1_0.email,u1_0.full_name,u1_0.is_active,u1_0.password_hash,u1_0.phone,u1_0.role from users u1_0 where u1_0.id=?
Hibernate: select n1_0.id,n1_0.created_at,n1_0.deleted_at,n1_0.delivery_id,n1_0.isDeleted,n1_0.isRead,n1_0.message,n1_0.metadata,n1_0.order_id,n1_0.priority,n1_0.read_at,n1_0.related_entity_id,n1_0.restaurant_id,n1_0.title,n1_0.type,n1_0.userId from notifications n1_0 where n1_0.userId=? and n1_0.isDeleted=0 order by n1_0.created_at desc
Hibernate: select u1_0.id,u1_0.address,u1_0.email,u1_0.full_name,u1_0.is_active,u1_0.password_hash,u1_0.phone,u1_0.role from users u1_0 where u1_0.id=?
Hibernate: select u1_0.id,u1_0.address,u1_0.email,u1_0.full_name,u1_0.is_active,u1_0.password_hash,u1_0.phone,u1_0.role from users u1_0 where u1_0.id=?
Hibernate: select n1_0.id,n1_0.created_at,n1_0.deleted_at,n1_0.delivery_id,n1_0.isDeleted,n1_0.isRead,n1_0.message,n1_0.metadata,n1_0.order_id,n1_0.priority,n1_0.read_at,n1_0.related_entity_id,n1_0.restaurant_id,n1_0.title,n1_0.type,n1_0.userId from notifications n1_0 where n1_0.userId=? and n1_0.isDeleted=0 order by n1_0.created_at desc
Hibernate: select u1_0.id,u1_0.address,u1_0.email,u1_0.full_name,u1_0.is_active,u1_0.password_hash,u1_0.phone,u1_0.role from users u1_0 where u1_0.id=?
Hibernate: select n1_0.id,n1_0.created_at,n1_0.deleted_at,n1_0.delivery_id,n1_0.isDeleted,n1_0.isRead,n1_0.message,n1_0.metadata,n1_0.order_id,n1_0.priority,n1_0.read_at,n1_0.related_entity_id,n1_0.restaurant_id,n1_0.title,n1_0.type,n1_0.userId from notifications n1_0 where n1_0.userId=? and n1_0.isDeleted=0 order by n1_0.created_at desc
Hibernate: select n1_0.id,n1_0.created_at,n1_0.deleted_at,n1_0.delivery_id,n1_0.isDeleted,n1_0.isRead,n1_0.message,n1_0.metadata,n1_0.order_id,n1_0.priority,n1_0.read_at,n1_0.related_entity_id,n1_0.restaurant_id,n1_0.title,n1_0.type,n1_0.userId from notifications n1_0 where n1_0.userId=? and n1_0.isDeleted=0 order by n1_0.created_at desc
Hibernate: select u1_0.id,u1_0.address,u1_0.email,u1_0.full_name,u1_0.is_active,u1_0.password_hash,u1_0.phone,u1_0.role from users u1_0 where u1_0.id=?
Hibernate: select n1_0.id,n1_0.created_at,n1_0.deleted_at,n1_0.delivery_id,n1_0.isDeleted,n1_0.isRead,n1_0.message,n1_0.metadata,n1_0.order_id,n1_0.priority,n1_0.read_at,n1_0.related_entity_id,n1_0.restaurant_id,n1_0.title,n1_0.type,n1_0.userId from notifications n1_0 where n1_0.userId=? and n1_0.isDeleted=0 order by n1_0.created_at desc
Hibernate: select u1_0.id,u1_0.address,u1_0.email,u1_0.full_name,u1_0.is_active,u1_0.password_hash,u1_0.phone,u1_0.role from users u1_0 where u1_0.id=?
Hibernate: select u1_0.id,u1_0.address,u1_0.email,u1_0.full_name,u1_0.is_active,u1_0.password_hash,u1_0.phone,u1_0.role from users u1_0 where u1_0.id=?
Hibernate: select n1_0.id,n1_0.created_at,n1_0.deleted_at,n1_0.delivery_id,n1_0.isDeleted,n1_0.isRead,n1_0.message,n1_0.metadata,n1_0.order_id,n1_0.priority,n1_0.read_at,n1_0.related_entity_id,n1_0.restaurant_id,n1_0.title,n1_0.type,n1_0.userId from notifications n1_0 where n1_0.userId=? and n1_0.isDeleted=0 order by n1_0.created_at desc
Hibernate: select n1_0.id,n1_0.created_at,n1_0.deleted_at,n1_0.delivery_id,n1_0.isDeleted,n1_0.isRead,n1_0.message,n1_0.metadata,n1_0.order_id,n1_0.priority,n1_0.read_at,n1_0.related_entity_id,n1_0.restaurant_id,n1_0.title,n1_0.type,n1_0.userId from notifications n1_0 where n1_0.userId=? and n1_0.isDeleted=0 order by n1_0.created_at desc
Hibernate: select u1_0.id,u1_0.address,u1_0.email,u1_0.full_name,u1_0.is_active,u1_0.password_hash,u1_0.phone,u1_0.role from users u1_0 where u1_0.id=?
Hibernate: select n1_0.id,n1_0.created_at,n1_0.deleted_at,n1_0.delivery_id,n1_0.isDeleted,n1_0.isRead,n1_0.message,n1_0.metadata,n1_0.order_id,n1_0.priority,n1_0.read_at,n1_0.related_entity_id,n1_0.restaurant_id,n1_0.title,n1_0.type,n1_0.userId from notifications n1_0 where n1_0.userId=? and n1_0.isDeleted=0 order by n1_0.created_at desc
Hibernate: select u1_0.id,u1_0.address,u1_0.email,u1_0.full_name,u1_0.is_active,u1_0.password_hash,u1_0.phone,u1_0.role from users u1_0 where u1_0.id=?
Hibernate: select n1_0.id,n1_0.created_at,n1_0.deleted_at,n1_0.delivery_id,n1_0.isDeleted,n1_0.isRead,n1_0.message,n1_0.metadata,n1_0.order_id,n1_0.priority,n1_0.read_at,n1_0.related_entity_id,n1_0.restaurant_id,n1_0.title,n1_0.type,n1_0.userId from notifications n1_0 where n1_0.userId=? and n1_0.isDeleted=0 order by n1_0.created_at desc
Hibernate: select u1_0.id,u1_0.address,u1_0.email,u1_0.full_name,u1_0.is_active,u1_0.password_hash,u1_0.phone,u1_0.role from users u1_0 where u1_0.id=?
Hibernate: select n1_0.id,n1_0.created_at,n1_0.deleted_at,n1_0.delivery_id,n1_0.isDeleted,n1_0.isRead,n1_0.message,n1_0.metadata,n1_0.order_id,n1_0.priority,n1_0.read_at,n1_0.related_entity_id,n1_0.restaurant_id,n1_0.title,n1_0.type,n1_0.userId from notifications n1_0 where n1_0.userId=? and n1_0.isDeleted=0 order by n1_0.created_at desc
Hibernate: select u1_0.id,u1_0.address,u1_0.email,u1_0.full_name,u1_0.is_active,u1_0.password_hash,u1_0.phone,u1_0.role from users u1_0 where u1_0.id=?
Hibernate: select n1_0.id,n1_0.created_at,n1_0.deleted_at,n1_0.delivery_id,n1_0.isDeleted,n1_0.isRead,n1_0.message,n1_0.metadata,n1_0.order_id,n1_0.priority,n1_0.read_at,n1_0.related_entity_id,n1_0.restaurant_id,n1_0.title,n1_0.type,n1_0.userId from notifications n1_0 where n1_0.userId=? and n1_0.isDeleted=0 order by n1_0.created_at desc
Hibernate: select u1_0.id,u1_0.address,u1_0.email,u1_0.full_name,u1_0.is_active,u1_0.password_hash,u1_0.phone,u1_0.role from users u1_0 where u1_0.id=?
Hibernate: select n1_0.id,n1_0.created_at,n1_0.deleted_at,n1_0.delivery_id,n1_0.isDeleted,n1_0.isRead,n1_0.message,n1_0.metadata,n1_0.order_id,n1_0.priority,n1_0.read_at,n1_0.related_entity_id,n1_0.restaurant_id,n1_0.title,n1_0.type,n1_0.userId from notifications n1_0 where n1_0.userId=? and n1_0.isDeleted=0 order by n1_0.created_at desc
Hibernate: select u1_0.id,u1_0.address,u1_0.email,u1_0.full_name,u1_0.is_active,u1_0.password_hash,u1_0.phone,u1_0.role from users u1_0 where u1_0.id=?
Hibernate: select u1_0.id,u1_0.address,u1_0.email,u1_0.full_name,u1_0.is_active,u1_0.password_hash,u1_0.phone,u1_0.role from users u1_0 where u1_0.id=?
Hibernate: select n1_0.id,n1_0.created_at,n1_0.deleted_at,n1_0.delivery_id,n1_0.isDeleted,n1_0.isRead,n1_0.message,n1_0.metadata,n1_0.order_id,n1_0.priority,n1_0.read_at,n1_0.related_entity_id,n1_0.restaurant_id,n1_0.title,n1_0.type,n1_0.userId from notifications n1_0 where n1_0.userId=? and n1_0.isDeleted=0 order by n1_0.created_at desc
Hibernate: select n1_0.id,n1_0.created_at,n1_0.deleted_at,n1_0.delivery_id,n1_0.isDeleted,n1_0.isRead,n1_0.message,n1_0.metadata,n1_0.order_id,n1_0.priority,n1_0.read_at,n1_0.related_entity_id,n1_0.restaurant_id,n1_0.title,n1_0.type,n1_0.userId from notifications n1_0 where n1_0.userId=? and n1_0.isDeleted=0 order by n1_0.created_at desc
Hibernate: select u1_0.id,u1_0.address,u1_0.email,u1_0.full_name,u1_0.is_active,u1_0.password_hash,u1_0.phone,u1_0.role from users u1_0 where u1_0.id=?
Hibernate: select n1_0.id,n1_0.created_at,n1_0.deleted_at,n1_0.delivery_id,n1_0.isDeleted,n1_0.isRead,n1_0.message,n1_0.metadata,n1_0.order_id,n1_0.priority,n1_0.read_at,n1_0.related_entity_id,n1_0.restaurant_id,n1_0.title,n1_0.type,n1_0.userId from notifications n1_0 where n1_0.userId=? and n1_0.isDeleted=0 order by n1_0.created_at desc
Hibernate: select u1_0.id,u1_0.address,u1_0.email,u1_0.full_name,u1_0.is_active,u1_0.password_hash,u1_0.phone,u1_0.role from users u1_0 where u1_0.id=?
Hibernate: select n1_0.id,n1_0.created_at,n1_0.deleted_at,n1_0.delivery_id,n1_0.isDeleted,n1_0.isRead,n1_0.message,n1_0.metadata,n1_0.order_id,n1_0.priority,n1_0.read_at,n1_0.related_entity_id,n1_0.restaurant_id,n1_0.title,n1_0.type,n1_0.userId from notifications n1_0 where n1_0.userId=? and n1_0.isDeleted=0 order by n1_0.created_at desc
Hibernate: select u1_0.id,u1_0.address,u1_0.email,u1_0.full_name,u1_0.is_active,u1_0.password_hash,u1_0.phone,u1_0.role from users u1_0 where u1_0.id=?
Hibernate: select n1_0.id,n1_0.created_at,n1_0.deleted_at,n1_0.delivery_id,n1_0.isDeleted,n1_0.isRead,n1_0.message,n1_0.metadata,n1_0.order_id,n1_0.priority,n1_0.read_at,n1_0.related_entity_id,n1_0.restaurant_id,n1_0.title,n1_0.type,n1_0.userId from notifications n1_0 where n1_0.userId=? and n1_0.isDeleted=0 order by n1_0.created_at desc
Hibernate: select u1_0.id,u1_0.address,u1_0.email,u1_0.full_name,u1_0.is_active,u1_0.password_hash,u1_0.phone,u1_0.role from users u1_0 where u1_0.id=?
Hibernate: select n1_0.id,n1_0.created_at,n1_0.deleted_at,n1_0.delivery_id,n1_0.isDeleted,n1_0.isRead,n1_0.message,n1_0.metadata,n1_0.order_id,n1_0.priority,n1_0.read_at,n1_0.related_entity_id,n1_0.restaurant_id,n1_0.title,n1_0.type,n1_0.userId from notifications n1_0 where n1_0.userId=? and n1_0.isDeleted=0 order by n1_0.created_at desc
Hibernate: select u1_0.id,u1_0.address,u1_0.email,u1_0.full_name,u1_0.is_active,u1_0.password_hash,u1_0.phone,u1_0.role from users u1_0 where u1_0.id=?
Hibernate: select u1_0.id,u1_0.address,u1_0.email,u1_0.full_name,u1_0.is_active,u1_0.password_hash,u1_0.phone,u1_0.role from users u1_0 where u1_0.id=?
Hibernate: select u1_0.id,u1_0.address,u1_0.email,u1_0.full_name,u1_0.is_active,u1_0.password_hash,u1_0.phone,u1_0.role from users u1_0 where u1_0.id=?
Hibernate: select n1_0.id,n1_0.created_at,n1_0.deleted_at,n1_0.delivery_id,n1_0.isDeleted,n1_0.isRead,n1_0.message,n1_0.metadata,n1_0.order_id,n1_0.priority,n1_0.read_at,n1_0.related_entity_id,n1_0.restaurant_id,n1_0.title,n1_0.type,n1_0.userId from notifications n1_0 where n1_0.userId=? and n1_0.isDeleted=0 order by n1_0.created_at desc
Hibernate: select n1_0.id,n1_0.created_at,n1_0.deleted_at,n1_0.delivery_id,n1_0.isDeleted,n1_0.isRead,n1_0.message,n1_0.metadata,n1_0.order_id,n1_0.priority,n1_0.read_at,n1_0.related_entity_id,n1_0.restaurant_id,n1_0.title,n1_0.type,n1_0.userId from notifications n1_0 where n1_0.userId=? and n1_0.isDeleted=0 order by n1_0.created_at desc
Hibernate: select n1_0.id,n1_0.created_at,n1_0.deleted_at,n1_0.delivery_id,n1_0.isDeleted,n1_0.isRead,n1_0.message,n1_0.metadata,n1_0.order_id,n1_0.priority,n1_0.read_at,n1_0.related_entity_id,n1_0.restaurant_id,n1_0.title,n1_0.type,n1_0.userId from notifications n1_0 where n1_0.userId=? and n1_0.isDeleted=0 order by n1_0.created_at desc
Hibernate: select u1_0.id,u1_0.address,u1_0.email,u1_0.full_name,u1_0.is_active,u1_0.password_hash,u1_0.phone,u1_0.role from users u1_0 where u1_0.id=?
Hibernate: select n1_0.id,n1_0.created_at,n1_0.deleted_at,n1_0.delivery_id,n1_0.isDeleted,n1_0.isRead,n1_0.message,n1_0.metadata,n1_0.order_id,n1_0.priority,n1_0.read_at,n1_0.related_entity_id,n1_0.restaurant_id,n1_0.title,n1_0.type,n1_0.userId from notifications n1_0 where n1_0.userId=? and n1_0.isDeleted=0 order by n1_0.created_at desc
Hibernate: select u1_0.id,u1_0.address,u1_0.email,u1_0.full_name,u1_0.is_active,u1_0.password_hash,u1_0.phone,u1_0.role from users u1_0 where u1_0.id=?
Hibernate: select n1_0.id,n1_0.created_at,n1_0.deleted_at,n1_0.delivery_id,n1_0.isDeleted,n1_0.isRead,n1_0.message,n1_0.metadata,n1_0.order_id,n1_0.priority,n1_0.read_at,n1_0.related_entity_id,n1_0.restaurant_id,n1_0.title,n1_0.type,n1_0.userId from notifications n1_0 where n1_0.userId=? and n1_0.isDeleted=0 order by n1_0.created_at desc
Hibernate: select u1_0.id,u1_0.address,u1_0.email,u1_0.full_name,u1_0.is_active,u1_0.password_hash,u1_0.phone,u1_0.role from users u1_0 where u1_0.id=?
Hibernate: select n1_0.id,n1_0.created_at,n1_0.deleted_at,n1_0.delivery_id,n1_0.isDeleted,n1_0.isRead,n1_0.message,n1_0.metadata,n1_0.order_id,n1_0.priority,n1_0.read_at,n1_0.related_entity_id,n1_0.restaurant_id,n1_0.title,n1_0.type,n1_0.userId from notifications n1_0 where n1_0.userId=? and n1_0.isDeleted=0 order by n1_0.created_at desc
Hibernate: select u1_0.id,u1_0.address,u1_0.email,u1_0.full_name,u1_0.is_active,u1_0.password_hash,u1_0.phone,u1_0.role from users u1_0 where u1_0.id=?
Hibernate: select u1_0.id,u1_0.address,u1_0.email,u1_0.full_name,u1_0.is_active,u1_0.password_hash,u1_0.phone,u1_0.role from users u1_0 where u1_0.id=?
Hibernate: select n1_0.id,n1_0.created_at,n1_0.deleted_at,n1_0.delivery_id,n1_0.isDeleted,n1_0.isRead,n1_0.message,n1_0.metadata,n1_0.order_id,n1_0.priority,n1_0.read_at,n1_0.related_entity_id,n1_0.restaurant_id,n1_0.title,n1_0.type,n1_0.userId from notifications n1_0 where n1_0.userId=? and n1_0.isDeleted=0 order by n1_0.created_at desc
Hibernate: select n1_0.id,n1_0.created_at,n1_0.deleted_at,n1_0.delivery_id,n1_0.isDeleted,n1_0.isRead,n1_0.message,n1_0.metadata,n1_0.order_id,n1_0.priority,n1_0.read_at,n1_0.related_entity_id,n1_0.restaurant_id,n1_0.title,n1_0.type,n1_0.userId from notifications n1_0 where n1_0.userId=? and n1_0.isDeleted=0 order by n1_0.created_at desc
Hibernate: select u1_0.id,u1_0.address,u1_0.email,u1_0.full_name,u1_0.is_active,u1_0.password_hash,u1_0.phone,u1_0.role from users u1_0 where u1_0.id=?
Hibernate: select n1_0.id,n1_0.created_at,n1_0.deleted_at,n1_0.delivery_id,n1_0.isDeleted,n1_0.isRead,n1_0.message,n1_0.metadata,n1_0.order_id,n1_0.priority,n1_0.read_at,n1_0.related_entity_id,n1_0.restaurant_id,n1_0.title,n1_0.type,n1_0.userId from notifications n1_0 where n1_0.userId=? and n1_0.isDeleted=0 order by n1_0.created_at desc
Hibernate: select u1_0.id,u1_0.address,u1_0.email,u1_0.full_name,u1_0.is_active,u1_0.password_hash,u1_0.phone,u1_0.role from users u1_0 where u1_0.id=?
Hibernate: select n1_0.id,n1_0.created_at,n1_0.deleted_at,n1_0.delivery_id,n1_0.isDeleted,n1_0.isRead,n1_0.message,n1_0.metadata,n1_0.order_id,n1_0.priority,n1_0.read_at,n1_0.related_entity_id,n1_0.restaurant_id,n1_0.title,n1_0.type,n1_0.userId from notifications n1_0 where n1_0.userId=? and n1_0.isDeleted=0 order by n1_0.created_at desc
Final notification count: 100
]]></system-out>
  </testcase>
</testsuite>