<?xml version="1.0" encoding="UTF-8"?>
<testsuite xmlns:xsi="http://www.w3.org/2001/XMLSchema-instance" xsi:noNamespaceSchemaLocation="https://maven.apache.org/surefire/maven-surefire-plugin/xsd/surefire-test-report-3.0.xsd" version="3.0" name="com.myapp.stress.DatabasePerformanceTest$ConcurrentDatabaseTests" time="0.445" tests="3" errors="0" skipped="0" failures="0">
  <properties>
    <property name="java.specification.version" value="21"/>
    <property name="sun.jnu.encoding" value="UTF-8"/>
    <property name="java.class.path" value="/workspace/backend/target/test-classes:/workspace/backend/target/classes:/home/ubuntu/.m2/repository/org/hibernate/orm/hibernate-core/6.4.0.Final/hibernate-core-6.4.0.Final.jar:/home/ubuntu/.m2/repository/jakarta/persistence/jakarta.persistence-api/3.1.0/jakarta.persistence-api-3.1.0.jar:/home/ubuntu/.m2/repository/jakarta/transaction/jakarta.transaction-api/2.0.1/jakarta.transaction-api-2.0.1.jar:/home/ubuntu/.m2/repository/org/jboss/logging/jboss-logging/3.5.0.Final/jboss-logging-3.5.0.Final.jar:/home/ubuntu/.m2/repository/org/hibernate/common/hibernate-commons-annotations/6.0.6.Final/hibernate-commons-annotations-6.0.6.Final.jar:/home/ubuntu/.m2/repository/io/smallrye/jandex/3.1.2/jandex-3.1.2.jar:/home/ubuntu/.m2/repository/com/fasterxml/classmate/1.5.1/classmate-1.5.1.jar:/home/ubuntu/.m2/repository/net/bytebuddy/byte-buddy/1.14.7/byte-buddy-1.14.7.jar:/home/ubuntu/.m2/repository/jakarta/xml/bind/jakarta.xml.bind-api/4.0.0/jakarta.xml.bind-api-4.0.0.jar:/home/ubuntu/.m2/repository/jakarta/activation/jakarta.activation-api/2.1.0/jakarta.activation-api-2.1.0.jar:/home/ubuntu/.m2/repository/org/glassfish/jaxb/jaxb-runtime/4.0.2/jaxb-runtime-4.0.2.jar:/home/ubuntu/.m2/repository/org/glassfish/jaxb/jaxb-core/4.0.2/jaxb-core-4.0.2.jar:/home/ubuntu/.m2/repository/org/eclipse/angus/angus-activation/2.0.0/angus-activation-2.0.0.jar:/home/ubuntu/.m2/repository/org/glassfish/jaxb/txw2/4.0.2/txw2-4.0.2.jar:/home/ubuntu/.m2/repository/com/sun/istack/istack-commons-runtime/4.1.1/istack-commons-runtime-4.1.1.jar:/home/ubuntu/.m2/repository/jakarta/inject/jakarta.inject-api/2.0.1/jakarta.inject-api-2.0.1.jar:/home/ubuntu/.m2/repository/org/antlr/antlr4-runtime/4.13.0/antlr4-runtime-4.13.0.jar:/home/ubuntu/.m2/repository/org/hibernate/orm/hibernate-community-dialects/6.2.13.Final/hibernate-community-dialects-6.2.13.Final.jar:/home/ubuntu/.m2/repository/org/xerial/sqlite-jdbc/3.44.0.0/sqlite-jdbc-3.44.0.0.jar:/home/ubuntu/.m2/repository/com/fasterxml/jackson/core/jackson-core/2.15.2/jackson-core-2.15.2.jar:/home/ubuntu/.m2/repository/com/fasterxml/jackson/core/jackson-databind/2.15.2/jackson-databind-2.15.2.jar:/home/ubuntu/.m2/repository/com/fasterxml/jackson/core/jackson-annotations/2.15.2/jackson-annotations-2.15.2.jar:/home/ubuntu/.m2/repository/org/slf4j/slf4j-api/2.0.9/slf4j-api-2.0.9.jar:/home/ubuntu/.m2/repository/ch/qos/logback/logback-classic/1.4.11/logback-classic-1.4.11.jar:/home/ubuntu/.m2/repository/ch/qos/logback/logback-core/1.4.11/logback-core-1.4.11.jar:/home/ubuntu/.m2/repository/org/mindrot/jbcrypt/0.4/jbcrypt-0.4.jar:/home/ubuntu/.m2/repository/io/jsonwebtoken/jjwt-api/0.12.3/jjwt-api-0.12.3.jar:/home/ubuntu/.m2/repository/io/jsonwebtoken/jjwt-impl/0.12.3/jjwt-impl-0.12.3.jar:/home/ubuntu/.m2/repository/io/jsonwebtoken/jjwt-jackson/0.12.3/jjwt-jackson-0.12.3.jar:/home/ubuntu/.m2/repository/org/junit/jupiter/junit-jupiter/5.10.0/junit-jupiter-5.10.0.jar:/home/ubuntu/.m2/repository/org/junit/jupiter/junit-jupiter-api/5.10.0/junit-jupiter-api-5.10.0.jar:/home/ubuntu/.m2/repository/org/opentest4j/opentest4j/1.3.0/opentest4j-1.3.0.jar:/home/ubuntu/.m2/repository/org/junit/platform/junit-platform-commons/1.10.0/junit-platform-commons-1.10.0.jar:/home/ubuntu/.m2/repository/org/apiguardian/apiguardian-api/1.1.2/apiguardian-api-1.1.2.jar:/home/ubuntu/.m2/repository/org/junit/jupiter/junit-jupiter-params/5.10.0/junit-jupiter-params-5.10.0.jar:/home/ubuntu/.m2/repository/org/junit/jupiter/junit-jupiter-engine/5.10.0/junit-jupiter-engine-5.10.0.jar:/home/ubuntu/.m2/repository/org/junit/platform/junit-platform-engine/1.10.0/junit-platform-engine-1.10.0.jar:/home/ubuntu/.m2/repository/org/mockito/mockito-core/5.7.0/mockito-core-5.7.0.jar:/home/ubuntu/.m2/repository/net/bytebuddy/byte-buddy-agent/1.14.9/byte-buddy-agent-1.14.9.jar:/home/ubuntu/.m2/repository/org/objenesis/objenesis/3.3/objenesis-3.3.jar:/home/ubuntu/.m2/repository/org/assertj/assertj-core/3.24.2/assertj-core-3.24.2.jar:/home/ubuntu/.m2/repository/com/h2database/h2/2.2.224/h2-2.2.224.jar:/home/ubuntu/.m2/repository/org/testcontainers/junit-jupiter/1.19.3/junit-jupiter-1.19.3.jar:/home/ubuntu/.m2/repository/org/testcontainers/testcontainers/1.19.3/testcontainers-1.19.3.jar:/home/ubuntu/.m2/repository/junit/junit/4.13.2/junit-4.13.2.jar:/home/ubuntu/.m2/repository/org/hamcrest/hamcrest-core/1.3/hamcrest-core-1.3.jar:/home/ubuntu/.m2/repository/org/apache/commons/commons-compress/1.24.0/commons-compress-1.24.0.jar:/home/ubuntu/.m2/repository/org/rnorth/duct-tape/duct-tape/1.0.8/duct-tape-1.0.8.jar:/home/ubuntu/.m2/repository/org/jetbrains/annotations/17.0.0/annotations-17.0.0.jar:/home/ubuntu/.m2/repository/com/github/docker-java/docker-java-api/3.3.4/docker-java-api-3.3.4.jar:/home/ubuntu/.m2/repository/com/github/docker-java/docker-java-transport-zerodep/3.3.4/docker-java-transport-zerodep-3.3.4.jar:/home/ubuntu/.m2/repository/com/github/docker-java/docker-java-transport/3.3.4/docker-java-transport-3.3.4.jar:/home/ubuntu/.m2/repository/net/java/dev/jna/jna/5.13.0/jna-5.13.0.jar:/home/ubuntu/.m2/repository/com/squareup/okhttp3/mockwebserver/4.11.0/mockwebserver-4.11.0.jar:/home/ubuntu/.m2/repository/com/squareup/okhttp3/okhttp/4.11.0/okhttp-4.11.0.jar:/home/ubuntu/.m2/repository/com/squareup/okio/okio/3.2.0/okio-3.2.0.jar:/home/ubuntu/.m2/repository/com/squareup/okio/okio-jvm/3.2.0/okio-jvm-3.2.0.jar:/home/ubuntu/.m2/repository/org/jetbrains/kotlin/kotlin-stdlib/1.6.20/kotlin-stdlib-1.6.20.jar:/home/ubuntu/.m2/repository/org/jetbrains/kotlin/kotlin-stdlib-common/1.6.20/kotlin-stdlib-common-1.6.20.jar:/home/ubuntu/.m2/repository/org/jetbrains/kotlin/kotlin-stdlib-jdk8/1.6.10/kotlin-stdlib-jdk8-1.6.10.jar:/home/ubuntu/.m2/repository/org/jetbrains/kotlin/kotlin-stdlib-jdk7/1.6.10/kotlin-stdlib-jdk7-1.6.10.jar:/home/ubuntu/.m2/repository/com/fasterxml/jackson/datatype/jackson-datatype-jsr310/2.15.2/jackson-datatype-jsr310-2.15.2.jar:"/>
    <property name="java.vm.vendor" value="Ubuntu"/>
    <property name="sun.arch.data.model" value="64"/>
    <property name="java.vendor.url" value="https://ubuntu.com/"/>
    <property name="user.timezone" value="UTC"/>
    <property name="os.name" value="Linux"/>
    <property name="java.vm.specification.version" value="21"/>
    <property name="sun.java.launcher" value="SUN_STANDARD"/>
    <property name="user.country" value="US"/>
    <property name="sun.boot.library.path" value="/usr/lib/jvm/java-21-openjdk-amd64/lib"/>
    <property name="sun.java.command" value="/workspace/backend/target/surefire/surefirebooter-20250703234215266_3.jar /workspace/backend/target/surefire 2025-07-03T23-42-09_523-jvmRun1 surefire-20250703234215266_1tmp surefire_0-20250703234215266_2tmp"/>
    <property name="jdk.debug" value="release"/>
    <property name="surefire.test.class.path" value="/workspace/backend/target/test-classes:/workspace/backend/target/classes:/home/ubuntu/.m2/repository/org/hibernate/orm/hibernate-core/6.4.0.Final/hibernate-core-6.4.0.Final.jar:/home/ubuntu/.m2/repository/jakarta/persistence/jakarta.persistence-api/3.1.0/jakarta.persistence-api-3.1.0.jar:/home/ubuntu/.m2/repository/jakarta/transaction/jakarta.transaction-api/2.0.1/jakarta.transaction-api-2.0.1.jar:/home/ubuntu/.m2/repository/org/jboss/logging/jboss-logging/3.5.0.Final/jboss-logging-3.5.0.Final.jar:/home/ubuntu/.m2/repository/org/hibernate/common/hibernate-commons-annotations/6.0.6.Final/hibernate-commons-annotations-6.0.6.Final.jar:/home/ubuntu/.m2/repository/io/smallrye/jandex/3.1.2/jandex-3.1.2.jar:/home/ubuntu/.m2/repository/com/fasterxml/classmate/1.5.1/classmate-1.5.1.jar:/home/ubuntu/.m2/repository/net/bytebuddy/byte-buddy/1.14.7/byte-buddy-1.14.7.jar:/home/ubuntu/.m2/repository/jakarta/xml/bind/jakarta.xml.bind-api/4.0.0/jakarta.xml.bind-api-4.0.0.jar:/home/ubuntu/.m2/repository/jakarta/activation/jakarta.activation-api/2.1.0/jakarta.activation-api-2.1.0.jar:/home/ubuntu/.m2/repository/org/glassfish/jaxb/jaxb-runtime/4.0.2/jaxb-runtime-4.0.2.jar:/home/ubuntu/.m2/repository/org/glassfish/jaxb/jaxb-core/4.0.2/jaxb-core-4.0.2.jar:/home/ubuntu/.m2/repository/org/eclipse/angus/angus-activation/2.0.0/angus-activation-2.0.0.jar:/home/ubuntu/.m2/repository/org/glassfish/jaxb/txw2/4.0.2/txw2-4.0.2.jar:/home/ubuntu/.m2/repository/com/sun/istack/istack-commons-runtime/4.1.1/istack-commons-runtime-4.1.1.jar:/home/ubuntu/.m2/repository/jakarta/inject/jakarta.inject-api/2.0.1/jakarta.inject-api-2.0.1.jar:/home/ubuntu/.m2/repository/org/antlr/antlr4-runtime/4.13.0/antlr4-runtime-4.13.0.jar:/home/ubuntu/.m2/repository/org/hibernate/orm/hibernate-community-dialects/6.2.13.Final/hibernate-community-dialects-6.2.13.Final.jar:/home/ubuntu/.m2/repository/org/xerial/sqlite-jdbc/3.44.0.0/sqlite-jdbc-3.44.0.0.jar:/home/ubuntu/.m2/repository/com/fasterxml/jackson/core/jackson-core/2.15.2/jackson-core-2.15.2.jar:/home/ubuntu/.m2/repository/com/fasterxml/jackson/core/jackson-databind/2.15.2/jackson-databind-2.15.2.jar:/home/ubuntu/.m2/repository/com/fasterxml/jackson/core/jackson-annotations/2.15.2/jackson-annotations-2.15.2.jar:/home/ubuntu/.m2/repository/org/slf4j/slf4j-api/2.0.9/slf4j-api-2.0.9.jar:/home/ubuntu/.m2/repository/ch/qos/logback/logback-classic/1.4.11/logback-classic-1.4.11.jar:/home/ubuntu/.m2/repository/ch/qos/logback/logback-core/1.4.11/logback-core-1.4.11.jar:/home/ubuntu/.m2/repository/org/mindrot/jbcrypt/0.4/jbcrypt-0.4.jar:/home/ubuntu/.m2/repository/io/jsonwebtoken/jjwt-api/0.12.3/jjwt-api-0.12.3.jar:/home/ubuntu/.m2/repository/io/jsonwebtoken/jjwt-impl/0.12.3/jjwt-impl-0.12.3.jar:/home/ubuntu/.m2/repository/io/jsonwebtoken/jjwt-jackson/0.12.3/jjwt-jackson-0.12.3.jar:/home/ubuntu/.m2/repository/org/junit/jupiter/junit-jupiter/5.10.0/junit-jupiter-5.10.0.jar:/home/ubuntu/.m2/repository/org/junit/jupiter/junit-jupiter-api/5.10.0/junit-jupiter-api-5.10.0.jar:/home/ubuntu/.m2/repository/org/opentest4j/opentest4j/1.3.0/opentest4j-1.3.0.jar:/home/ubuntu/.m2/repository/org/junit/platform/junit-platform-commons/1.10.0/junit-platform-commons-1.10.0.jar:/home/ubuntu/.m2/repository/org/apiguardian/apiguardian-api/1.1.2/apiguardian-api-1.1.2.jar:/home/ubuntu/.m2/repository/org/junit/jupiter/junit-jupiter-params/5.10.0/junit-jupiter-params-5.10.0.jar:/home/ubuntu/.m2/repository/org/junit/jupiter/junit-jupiter-engine/5.10.0/junit-jupiter-engine-5.10.0.jar:/home/ubuntu/.m2/repository/org/junit/platform/junit-platform-engine/1.10.0/junit-platform-engine-1.10.0.jar:/home/ubuntu/.m2/repository/org/mockito/mockito-core/5.7.0/mockito-core-5.7.0.jar:/home/ubuntu/.m2/repository/net/bytebuddy/byte-buddy-agent/1.14.9/byte-buddy-agent-1.14.9.jar:/home/ubuntu/.m2/repository/org/objenesis/objenesis/3.3/objenesis-3.3.jar:/home/ubuntu/.m2/repository/org/assertj/assertj-core/3.24.2/assertj-core-3.24.2.jar:/home/ubuntu/.m2/repository/com/h2database/h2/2.2.224/h2-2.2.224.jar:/home/ubuntu/.m2/repository/org/testcontainers/junit-jupiter/1.19.3/junit-jupiter-1.19.3.jar:/home/ubuntu/.m2/repository/org/testcontainers/testcontainers/1.19.3/testcontainers-1.19.3.jar:/home/ubuntu/.m2/repository/junit/junit/4.13.2/junit-4.13.2.jar:/home/ubuntu/.m2/repository/org/hamcrest/hamcrest-core/1.3/hamcrest-core-1.3.jar:/home/ubuntu/.m2/repository/org/apache/commons/commons-compress/1.24.0/commons-compress-1.24.0.jar:/home/ubuntu/.m2/repository/org/rnorth/duct-tape/duct-tape/1.0.8/duct-tape-1.0.8.jar:/home/ubuntu/.m2/repository/org/jetbrains/annotations/17.0.0/annotations-17.0.0.jar:/home/ubuntu/.m2/repository/com/github/docker-java/docker-java-api/3.3.4/docker-java-api-3.3.4.jar:/home/ubuntu/.m2/repository/com/github/docker-java/docker-java-transport-zerodep/3.3.4/docker-java-transport-zerodep-3.3.4.jar:/home/ubuntu/.m2/repository/com/github/docker-java/docker-java-transport/3.3.4/docker-java-transport-3.3.4.jar:/home/ubuntu/.m2/repository/net/java/dev/jna/jna/5.13.0/jna-5.13.0.jar:/home/ubuntu/.m2/repository/com/squareup/okhttp3/mockwebserver/4.11.0/mockwebserver-4.11.0.jar:/home/ubuntu/.m2/repository/com/squareup/okhttp3/okhttp/4.11.0/okhttp-4.11.0.jar:/home/ubuntu/.m2/repository/com/squareup/okio/okio/3.2.0/okio-3.2.0.jar:/home/ubuntu/.m2/repository/com/squareup/okio/okio-jvm/3.2.0/okio-jvm-3.2.0.jar:/home/ubuntu/.m2/repository/org/jetbrains/kotlin/kotlin-stdlib/1.6.20/kotlin-stdlib-1.6.20.jar:/home/ubuntu/.m2/repository/org/jetbrains/kotlin/kotlin-stdlib-common/1.6.20/kotlin-stdlib-common-1.6.20.jar:/home/ubuntu/.m2/repository/org/jetbrains/kotlin/kotlin-stdlib-jdk8/1.6.10/kotlin-stdlib-jdk8-1.6.10.jar:/home/ubuntu/.m2/repository/org/jetbrains/kotlin/kotlin-stdlib-jdk7/1.6.10/kotlin-stdlib-jdk7-1.6.10.jar:/home/ubuntu/.m2/repository/com/fasterxml/jackson/datatype/jackson-datatype-jsr310/2.15.2/jackson-datatype-jsr310-2.15.2.jar:"/>
    <property name="sun.cpu.endian" value="little"/>
    <property name="user.home" value="/home/ubuntu"/>
    <property name="user.language" value="en"/>
    <property name="java.specification.vendor" value="Oracle Corporation"/>
    <property name="java.version.date" value="2025-04-15"/>
    <property name="java.home" value="/usr/lib/jvm/java-21-openjdk-amd64"/>
    <property name="file.separator" value="/"/>
    <property name="basedir" value="/workspace/backend"/>
    <property name="java.vm.compressedOopsMode" value="32-bit"/>
    <property name="line.separator" value="&#10;"/>
    <property name="java.specification.name" value="Java Platform API Specification"/>
    <property name="java.vm.specification.vendor" value="Oracle Corporation"/>
    <property name="java.awt.headless" value="true"/>
    <property name="surefire.real.class.path" value="/workspace/backend/target/surefire/surefirebooter-20250703234215266_3.jar"/>
    <property name="sun.management.compiler" value="HotSpot 64-Bit Tiered Compilers"/>
    <property name="java.runtime.version" value="21.0.7+6-Ubuntu-0ubuntu125.04"/>
    <property name="user.name" value="ubuntu"/>
    <property name="stdout.encoding" value="UTF-8"/>
    <property name="path.separator" value=":"/>
    <property name="os.version" value="6.8.0-1024-aws"/>
    <property name="java.runtime.name" value="OpenJDK Runtime Environment"/>
    <property name="file.encoding" value="UTF-8"/>
    <property name="java.vm.name" value="OpenJDK 64-Bit Server VM"/>
    <property name="localRepository" value="/home/ubuntu/.m2/repository"/>
    <property name="java.vendor.url.bug" value="https://bugs.launchpad.net/ubuntu/+source/openjdk-21"/>
    <property name="java.io.tmpdir" value="/tmp"/>
    <property name="java.version" value="21.0.7"/>
    <property name="user.dir" value="/workspace/backend"/>
    <property name="os.arch" value="amd64"/>
    <property name="java.vm.specification.name" value="Java Virtual Machine Specification"/>
    <property name="native.encoding" value="UTF-8"/>
    <property name="java.library.path" value="/usr/java/packages/lib:/usr/lib/x86_64-linux-gnu/jni:/lib/x86_64-linux-gnu:/usr/lib/x86_64-linux-gnu:/usr/lib/jni:/lib:/usr/lib"/>
    <property name="java.vm.info" value="mixed mode, sharing"/>
    <property name="stderr.encoding" value="UTF-8"/>
    <property name="java.vendor" value="Ubuntu"/>
    <property name="java.vm.version" value="21.0.7+6-Ubuntu-0ubuntu125.04"/>
    <property name="sun.io.unicode.encoding" value="UnicodeLittle"/>
    <property name="java.class.version" value="65.0"/>
    <property name="app.profiles.active" value="test"/>
  </properties>
  <testcase name="concurrentUserRegistration_SamePhone_PreventsDuplicates" classname="com.myapp.stress.DatabasePerformanceTest$ConcurrentDatabaseTests" time="0.088">
    <system-out><![CDATA[2025-07-03 23:43:26.357 [main] DEBUG org.hibernate.SQL - 
    delete 
    from
        notifications
Hibernate: 
    delete 
    from
        notifications
2025-07-03 23:43:26.357 [main] DEBUG org.hibernate.SQL - 
    delete 
    from
        ratings
Hibernate: 
    delete 
    from
        ratings
2025-07-03 23:43:26.357 [main] DEBUG org.hibernate.SQL - 
    delete 
    from
        order_items
Hibernate: 
    delete 
    from
        order_items
2025-07-03 23:43:26.357 [main] DEBUG org.hibernate.SQL - 
    delete 
    from
        orders
Hibernate: 
    delete 
    from
        orders
2025-07-03 23:43:26.357 [main] DEBUG org.hibernate.SQL - 
    delete 
    from
        food_items
Hibernate: 
    delete 
    from
        food_items
2025-07-03 23:43:26.357 [main] DEBUG org.hibernate.SQL - 
    delete 
    from
        restaurants
Hibernate: 
    delete 
    from
        restaurants
2025-07-03 23:43:26.357 [main] DEBUG org.hibernate.SQL - 
    delete 
    from
        users
Hibernate: 
    delete 
    from
        users
2025-07-03 23:43:26.361 [main] DEBUG c.myapp.common.TestDatabaseManager - Cleaned all test data from database
2025-07-03 23:43:26.361 [main] DEBUG c.myapp.common.TestDatabaseManager - Test database cleanup completed
🚀 شروع تست ثبت نام همزمان با شماره تلفن یکسان
📱 تلاش برای ثبت نام 50 کاربر با شماره تلفن یکسان: +989123456789
2025-07-03 23:43:26.363 [pool-14-thread-1] DEBUG org.hibernate.SQL - 
    select
        u1_0.id,
        u1_0.address,
        u1_0.email,
        u1_0.full_name,
        u1_0.is_active,
        u1_0.password_hash,
        u1_0.phone,
        u1_0.role 
    from
        users u1_0 
    where
        u1_0.phone=?
2025-07-03 23:43:26.363 [pool-14-thread-4] DEBUG org.hibernate.SQL - 
    select
        u1_0.id,
        u1_0.address,
        u1_0.email,
        u1_0.full_name,
        u1_0.is_active,
        u1_0.password_hash,
        u1_0.phone,
        u1_0.role 
    from
        users u1_0 
    where
        u1_0.phone=?
Hibernate: 
    select
        u1_0.id,
        u1_0.address,
        u1_0.email,
        u1_0.full_name,
        u1_0.is_active,
        u1_0.password_hash,
        u1_0.phone,
        u1_0.role 
    from
        users u1_0 
    where
        u1_0.phone=?
Hibernate: 
    select
        u1_0.id,
        u1_0.address,
        u1_0.email,
        u1_0.full_name,
        u1_0.is_active,
        u1_0.password_hash,
        u1_0.phone,
        u1_0.role 
    from
        users u1_0 
    where
        u1_0.phone=?
2025-07-03 23:43:26.363 [pool-14-thread-2] DEBUG org.hibernate.SQL - 
    select
        u1_0.id,
        u1_0.address,
        u1_0.email,
        u1_0.full_name,
        u1_0.is_active,
        u1_0.password_hash,
        u1_0.phone,
        u1_0.role 
    from
        users u1_0 
    where
        u1_0.phone=?
Hibernate: 
    select
        u1_0.id,
        u1_0.address,
        u1_0.email,
        u1_0.full_name,
        u1_0.is_active,
        u1_0.password_hash,
        u1_0.phone,
        u1_0.role 
    from
        users u1_0 
    where
        u1_0.phone=?
2025-07-03 23:43:26.363 [pool-14-thread-3] DEBUG org.hibernate.SQL - 
    select
        u1_0.id,
        u1_0.address,
        u1_0.email,
        u1_0.full_name,
        u1_0.is_active,
        u1_0.password_hash,
        u1_0.phone,
        u1_0.role 
    from
        users u1_0 
    where
        u1_0.phone=?
2025-07-03 23:43:26.363 [pool-14-thread-5] DEBUG org.hibernate.SQL - 
    select
        u1_0.id,
        u1_0.address,
        u1_0.email,
        u1_0.full_name,
        u1_0.is_active,
        u1_0.password_hash,
        u1_0.phone,
        u1_0.role 
    from
        users u1_0 
    where
        u1_0.phone=?
Hibernate: 
    select
        u1_0.id,
        u1_0.address,
        u1_0.email,
        u1_0.full_name,
        u1_0.is_active,
        u1_0.password_hash,
        u1_0.phone,
        u1_0.role 
    from
        users u1_0 
    where
        u1_0.phone=?
Hibernate: 
    select
        u1_0.id,
        u1_0.address,
        u1_0.email,
        u1_0.full_name,
        u1_0.is_active,
        u1_0.password_hash,
        u1_0.phone,
        u1_0.role 
    from
        users u1_0 
    where
        u1_0.phone=?
2025-07-03 23:43:26.364 [pool-14-thread-7] DEBUG org.hibernate.SQL - 
    select
        u1_0.id,
        u1_0.address,
        u1_0.email,
        u1_0.full_name,
        u1_0.is_active,
        u1_0.password_hash,
        u1_0.phone,
        u1_0.role 
    from
        users u1_0 
    where
        u1_0.phone=?
Hibernate: 
    select
        u1_0.id,
        u1_0.address,
        u1_0.email,
        u1_0.full_name,
        u1_0.is_active,
        u1_0.password_hash,
        u1_0.phone,
        u1_0.role 
    from
        users u1_0 
    where
        u1_0.phone=?
2025-07-03 23:43:26.364 [pool-14-thread-8] DEBUG org.hibernate.SQL - 
    select
        u1_0.id,
        u1_0.address,
        u1_0.email,
        u1_0.full_name,
        u1_0.is_active,
        u1_0.password_hash,
        u1_0.phone,
        u1_0.role 
    from
        users u1_0 
    where
        u1_0.phone=?
Hibernate: 
    select
        u1_0.id,
        u1_0.address,
        u1_0.email,
        u1_0.full_name,
        u1_0.is_active,
        u1_0.password_hash,
        u1_0.phone,
        u1_0.role 
    from
        users u1_0 
    where
        u1_0.phone=?
2025-07-03 23:43:26.364 [pool-14-thread-6] DEBUG org.hibernate.SQL - 
    select
        u1_0.id,
        u1_0.address,
        u1_0.email,
        u1_0.full_name,
        u1_0.is_active,
        u1_0.password_hash,
        u1_0.phone,
        u1_0.role 
    from
        users u1_0 
    where
        u1_0.phone=?
Hibernate: 
    select
        u1_0.id,
        u1_0.address,
        u1_0.email,
        u1_0.full_name,
        u1_0.is_active,
        u1_0.password_hash,
        u1_0.phone,
        u1_0.role 
    from
        users u1_0 
    where
        u1_0.phone=?
2025-07-03 23:43:26.364 [pool-14-thread-9] DEBUG org.hibernate.SQL - 
    select
        u1_0.id,
        u1_0.address,
        u1_0.email,
        u1_0.full_name,
        u1_0.is_active,
        u1_0.password_hash,
        u1_0.phone,
        u1_0.role 
    from
        users u1_0 
    where
        u1_0.phone=?
Hibernate: 
    select
        u1_0.id,
        u1_0.address,
        u1_0.email,
        u1_0.full_name,
        u1_0.is_active,
        u1_0.password_hash,
        u1_0.phone,
        u1_0.role 
    from
        users u1_0 
    where
        u1_0.phone=?
2025-07-03 23:43:26.364 [pool-14-thread-9] DEBUG org.hibernate.SQL - 
    insert 
    into
        users
        (address, email, full_name, is_active, password_hash, phone, role, id) 
    values
        (?, ?, ?, ?, ?, ?, ?, ?)
Hibernate: 
    insert 
    into
        users
        (address, email, full_name, is_active, password_hash, phone, role, id) 
    values
        (?, ?, ?, ?, ?, ?, ?, ?)
2025-07-03 23:43:26.364 [pool-14-thread-4] DEBUG org.hibernate.SQL - 
    insert 
    into
        users
        (address, email, full_name, is_active, password_hash, phone, role, id) 
    values
        (?, ?, ?, ?, ?, ?, ?, ?)
Hibernate: 
    insert 
    into
        users
        (address, email, full_name, is_active, password_hash, phone, role, id) 
    values
        (?, ?, ?, ?, ?, ?, ?, ?)
2025-07-03 23:43:26.364 [pool-14-thread-10] DEBUG org.hibernate.SQL - 
    select
        u1_0.id,
        u1_0.address,
        u1_0.email,
        u1_0.full_name,
        u1_0.is_active,
        u1_0.password_hash,
        u1_0.phone,
        u1_0.role 
    from
        users u1_0 
    where
        u1_0.phone=?
Hibernate: 
    select
        u1_0.id,
        u1_0.address,
        u1_0.email,
        u1_0.full_name,
        u1_0.is_active,
        u1_0.password_hash,
        u1_0.phone,
        u1_0.role 
    from
        users u1_0 
    where
        u1_0.phone=?
2025-07-03 23:43:26.364 [pool-14-thread-10] DEBUG org.hibernate.SQL - 
    insert 
    into
        users
        (address, email, full_name, is_active, password_hash, phone, role, id) 
    values
        (?, ?, ?, ?, ?, ?, ?, ?)
Hibernate: 
    insert 
    into
        users
        (address, email, full_name, is_active, password_hash, phone, role, id) 
    values
        (?, ?, ?, ?, ?, ?, ?, ?)
2025-07-03 23:43:26.364 [pool-14-thread-11] DEBUG org.hibernate.SQL - 
    select
        u1_0.id,
        u1_0.address,
        u1_0.email,
        u1_0.full_name,
        u1_0.is_active,
        u1_0.password_hash,
        u1_0.phone,
        u1_0.role 
    from
        users u1_0 
    where
        u1_0.phone=?
Hibernate: 
    select
        u1_0.id,
        u1_0.address,
        u1_0.email,
        u1_0.full_name,
        u1_0.is_active,
        u1_0.password_hash,
        u1_0.phone,
        u1_0.role 
    from
        users u1_0 
    where
        u1_0.phone=?
2025-07-03 23:43:26.364 [pool-14-thread-6] DEBUG org.hibernate.SQL - 
    insert 
    into
        users
        (address, email, full_name, is_active, password_hash, phone, role, id) 
    values
        (?, ?, ?, ?, ?, ?, ?, ?)
Hibernate: 
    insert 
    into
        users
        (address, email, full_name, is_active, password_hash, phone, role, id) 
    values
        (?, ?, ?, ?, ?, ?, ?, ?)
2025-07-03 23:43:26.364 [pool-14-thread-8] DEBUG org.hibernate.SQL - 
    insert 
    into
        users
        (address, email, full_name, is_active, password_hash, phone, role, id) 
    values
        (?, ?, ?, ?, ?, ?, ?, ?)
Hibernate: 
    insert 
    into
        users
        (address, email, full_name, is_active, password_hash, phone, role, id) 
    values
        (?, ?, ?, ?, ?, ?, ?, ?)
2025-07-03 23:43:26.364 [pool-14-thread-12] DEBUG org.hibernate.SQL - 
    select
        u1_0.id,
        u1_0.address,
        u1_0.email,
        u1_0.full_name,
        u1_0.is_active,
        u1_0.password_hash,
        u1_0.phone,
        u1_0.role 
    from
        users u1_0 
    where
        u1_0.phone=?
Hibernate: 
    select
        u1_0.id,
        u1_0.address,
        u1_0.email,
        u1_0.full_name,
        u1_0.is_active,
        u1_0.password_hash,
        u1_0.phone,
        u1_0.role 
    from
        users u1_0 
    where
        u1_0.phone=?
2025-07-03 23:43:26.364 [pool-14-thread-5] DEBUG org.hibernate.SQL - 
    insert 
    into
        users
        (address, email, full_name, is_active, password_hash, phone, role, id) 
    values
        (?, ?, ?, ?, ?, ?, ?, ?)
Hibernate: 
    insert 
    into
        users
        (address, email, full_name, is_active, password_hash, phone, role, id) 
    values
        (?, ?, ?, ?, ?, ?, ?, ?)
2025-07-03 23:43:26.364 [pool-14-thread-1] DEBUG org.hibernate.SQL - 
    insert 
    into
        users
        (address, email, full_name, is_active, password_hash, phone, role, id) 
    values
        (?, ?, ?, ?, ?, ?, ?, ?)
Hibernate: 
    insert 
    into
        users
        (address, email, full_name, is_active, password_hash, phone, role, id) 
    values
        (?, ?, ?, ?, ?, ?, ?, ?)
2025-07-03 23:43:26.364 [pool-14-thread-13] DEBUG org.hibernate.SQL - 
    select
        u1_0.id,
        u1_0.address,
        u1_0.email,
        u1_0.full_name,
        u1_0.is_active,
        u1_0.password_hash,
        u1_0.phone,
        u1_0.role 
    from
        users u1_0 
    where
        u1_0.phone=?
Hibernate: 
    select
        u1_0.id,
        u1_0.address,
        u1_0.email,
        u1_0.full_name,
        u1_0.is_active,
        u1_0.password_hash,
        u1_0.phone,
        u1_0.role 
    from
        users u1_0 
    where
        u1_0.phone=?
2025-07-03 23:43:26.364 [pool-14-thread-3] DEBUG org.hibernate.SQL - 
    insert 
    into
        users
        (address, email, full_name, is_active, password_hash, phone, role, id) 
    values
        (?, ?, ?, ?, ?, ?, ?, ?)
Hibernate: 
    insert 
    into
        users
        (address, email, full_name, is_active, password_hash, phone, role, id) 
    values
        (?, ?, ?, ?, ?, ?, ?, ?)
2025-07-03 23:43:26.364 [pool-14-thread-7] DEBUG org.hibernate.SQL - 
    insert 
    into
        users
        (address, email, full_name, is_active, password_hash, phone, role, id) 
    values
        (?, ?, ?, ?, ?, ?, ?, ?)
Hibernate: 
    insert 
    into
        users
        (address, email, full_name, is_active, password_hash, phone, role, id) 
    values
        (?, ?, ?, ?, ?, ?, ?, ?)
2025-07-03 23:43:26.364 [pool-14-thread-2] DEBUG org.hibernate.SQL - 
    insert 
    into
        users
        (address, email, full_name, is_active, password_hash, phone, role, id) 
    values
        (?, ?, ?, ?, ?, ?, ?, ?)
Hibernate: 
    insert 
    into
        users
        (address, email, full_name, is_active, password_hash, phone, role, id) 
    values
        (?, ?, ?, ?, ?, ?, ?, ?)
  ❌ Thread 10 ناموفق: HibernateException
  ❌ Thread 11 ناموفق: HibernateException
  ❌ Thread 12 ناموفق: HibernateException
2025-07-03 23:43:26.365 [pool-14-thread-14] DEBUG org.hibernate.SQL - 
    select
        u1_0.id,
        u1_0.address,
        u1_0.email,
        u1_0.full_name,
        u1_0.is_active,
        u1_0.password_hash,
        u1_0.phone,
        u1_0.role 
    from
        users u1_0 
    where
        u1_0.phone=?
Hibernate: 
    select
        u1_0.id,
        u1_0.address,
        u1_0.email,
        u1_0.full_name,
        u1_0.is_active,
        u1_0.password_hash,
        u1_0.phone,
        u1_0.role 
    from
        users u1_0 
    where
        u1_0.phone=?
  ❌ Thread 13 ناموفق: HibernateException
2025-07-03 23:43:26.365 [pool-14-thread-15] DEBUG org.hibernate.SQL - 
    select
        u1_0.id,
        u1_0.address,
        u1_0.email,
        u1_0.full_name,
        u1_0.is_active,
        u1_0.password_hash,
        u1_0.phone,
        u1_0.role 
    from
        users u1_0 
    where
        u1_0.phone=?
Hibernate: 
    select
        u1_0.id,
        u1_0.address,
        u1_0.email,
        u1_0.full_name,
        u1_0.is_active,
        u1_0.password_hash,
        u1_0.phone,
        u1_0.role 
    from
        users u1_0 
    where
        u1_0.phone=?
  ❌ Thread 14 ناموفق: HibernateException
2025-07-03 23:43:26.365 [pool-14-thread-16] DEBUG org.hibernate.SQL - 
    select
        u1_0.id,
        u1_0.address,
        u1_0.email,
        u1_0.full_name,
        u1_0.is_active,
        u1_0.password_hash,
        u1_0.phone,
        u1_0.role 
    from
        users u1_0 
    where
        u1_0.phone=?
Hibernate: 
    select
        u1_0.id,
        u1_0.address,
        u1_0.email,
        u1_0.full_name,
        u1_0.is_active,
        u1_0.password_hash,
        u1_0.phone,
        u1_0.role 
    from
        users u1_0 
    where
        u1_0.phone=?
  ❌ Thread 2025-07-03 23:43:26.365 [pool-14-thread-17] DEBUG org.hibernate.SQL - 
    select
        u1_0.id,
        u1_0.address,
        u1_0.email,
        u1_0.full_name,
        u1_0.is_active,
        u1_0.password_hash,
        u1_0.phone,
        u1_0.role 
    from
        users u1_0 
    where
        u1_0.phone=?
15 ناموفق: HibernateException
Hibernate: 
    select
        u1_0.id,
        u1_0.address,
        u1_0.email,
        u1_0.full_name,
        u1_0.is_active,
        u1_0.password_hash,
        u1_0.phone,
        u1_0.role 
    from
        users u1_0 
    where
        u1_0.phone=?
  ❌ Thread 16 ناموفق: HibernateException
2025-07-03 23:43:26.365 [pool-14-thread-18] DEBUG org.hibernate.SQL - 
    select
        u1_0.id,
        u1_0.address,
        u1_0.email,
        u1_0.full_name,
        u1_0.is_active,
        u1_0.password_hash,
        u1_0.phone,
        u1_0.role 
    from
        users u1_0 
    where
        u1_0.phone=?
Hibernate: 
    select
        u1_0.id,
        u1_0.address,
        u1_0.email,
        u1_0.full_name,
        u1_0.is_active,
        u1_0.password_hash,
        u1_0.phone,
        u1_0.role 
    from
        users u1_0 
    where
        u1_0.phone=?
2025-07-03 23:43:26.366 [pool-14-thread-19] DEBUG org.hibernate.SQL - 
    select
        u1_0.id,
        u1_0.address,
        u1_0.email,
        u1_0.full_name,
        u1_0.is_active,
        u1_0.password_hash,
        u1_0.phone,
        u1_0.role 
    from
        users u1_0 
    where
        u1_0.phone=?
Hibernate: 
    select
        u1_0.id,
        u1_0.address,
        u1_0.email,
        u1_0.full_name,
        u1_0.is_active,
        u1_0.password_hash,
        u1_0.phone,
        u1_0.role 
    from
        users u1_0 
    where
        u1_0.phone=?
2025-07-03 23:43:26.366 [pool-14-thread-20] DEBUG org.hibernate.SQL - 
    select
        u1_0.id,
        u1_0.address,
        u1_0.email,
        u1_0.full_name,
        u1_0.is_active,
        u1_0.password_hash,
        u1_0.phone,
        u1_0.role 
    from
        users u1_0 
    where
        u1_0.phone=?
Hibernate: 
    select
        u1_0.id,
        u1_0.address,
        u1_0.email,
        u1_0.full_name,
        u1_0.is_active,
        u1_0.password_hash,
        u1_0.phone,
        u1_0.role 
    from
        users u1_0 
    where
        u1_0.phone=?
  ❌ Thread 17 ناموفق: HibernateException
  ❌ Thread 19 ناموفق: HibernateException
  ❌ Thread 18 ناموفق: HibernateException
2025-07-03 23:43:26.366 [pool-14-thread-21] DEBUG org.hibernate.SQL - 
    select
        u1_0.id,
        u1_0.address,
        u1_0.email,
        u1_0.full_name,
        u1_0.is_active,
        u1_0.password_hash,
        u1_0.phone,
        u1_0.role 
    from
        users u1_0 
    where
        u1_0.phone=?
Hibernate: 
    select
        u1_0.id,
        u1_0.address,
        u1_0.email,
        u1_0.full_name,
        u1_0.is_active,
        u1_0.password_hash,
        u1_0.phone,
        u1_0.role 
    from
        users u1_0 
    where
        u1_0.phone=?
  ❌ Thread 20 ناموفق: HibernateException
  ✅ Thread 3 موفق شد
2025-07-03 23:43:26.366 [pool-14-thread-22] DEBUG org.hibernate.SQL - 
    select
        u1_0.id,
        u1_0.address,
        u1_0.email,
        u1_0.full_name,
        u1_0.is_active,
        u1_0.password_hash,
        u1_0.phone,
        u1_0.role 
    from
        users u1_0 
    where
        u1_0.phone=?
Hibernate: 
    select
        u1_0.id,
        u1_0.address,
        u1_0.email,
        u1_0.full_name,
        u1_0.is_active,
        u1_0.password_hash,
        u1_0.phone,
        u1_0.role 
    from
        users u1_0 
    where
        u1_0.phone=?
2025-07-03 23:43:26.366 [pool-14-thread-23] DEBUG org.hibernate.SQL - 
    select
        u1_0.id,
        u1_0.address,
        u1_0.email,
        u1_0.full_name,
        u1_0.is_active,
        u1_0.password_hash,
        u1_0.phone,
        u1_0.role 
    from
        users u1_0 
    where
        u1_0.phone=?
Hibernate: 
    select
        u1_0.id,
        u1_0.address,
        u1_0.email,
        u1_0.full_name,
        u1_0.is_active,
        u1_0.password_hash,
        u1_0.phone,
        u1_0.role 
    from
        users u1_0 
    where
        u1_0.phone=?
  ❌ Thread 22 ناموفق: HibernateException
2025-07-03 23:43:26.366 [pool-14-thread-24] DEBUG org.hibernate.SQL - 
    select
        u1_0.id,
        u1_0.address,
        u1_0.email,
        u1_0.full_name,
        u1_0.is_active,
        u1_0.password_hash,
        u1_0.phone,
        u1_0.role 
    from
        users u1_0 
    where
        u1_0.phone=?
Hibernate: 
    select
        u1_0.id,
        u1_0.address,
        u1_0.email,
        u1_0.full_name,
        u1_0.is_active,
        u1_0.password_hash,
        u1_0.phone,
        u1_0.role 
    from
        users u1_0 
    where
        u1_0.phone=?
  ❌ Thread 23 ناموفق: HibernateException
  ❌ Thread 21 ناموفق: DuplicatePhoneException
2025-07-03 23:43:26.367 [pool-14-thread-10] ERROR org.hibernate.orm.jdbc.batch - HHH100501: Exception executing batch [org.sqlite.SQLiteException: [SQLITE_CONSTRAINT_UNIQUE] A UNIQUE constraint failed (UNIQUE constraint failed: users.phone)], SQL: insert into users (address,email,full_name,is_active,password_hash,phone,role,id) values (?,?,?,?,?,?,?,?)
2025-07-03 23:43:26.367 [pool-14-thread-10] WARN  o.h.e.jdbc.spi.SqlExceptionHelper - SQL Error: 19, SQLState: null
2025-07-03 23:43:26.367 [pool-14-thread-10] ERROR o.h.e.jdbc.spi.SqlExceptionHelper - [SQLITE_CONSTRAINT_UNIQUE] A UNIQUE constraint failed (UNIQUE constraint failed: users.phone)
  ❌ Thread 9 ناموفق: GenericJDBCException
2025-07-03 23:43:26.368 [pool-14-thread-2] ERROR org.hibernate.orm.jdbc.batch - HHH100501: Exception executing batch [org.sqlite.SQLiteException: [SQLITE_CONSTRAINT_UNIQUE] A UNIQUE constraint failed (UNIQUE constraint failed: users.phone)], SQL: insert into users (address,email,full_name,is_active,password_hash,phone,role,id) values (?,?,?,?,?,?,?,?)
2025-07-03 23:43:26.368 [pool-14-thread-2] WARN  o.h.e.jdbc.spi.SqlExceptionHelper - SQL Error: 19, SQLState: null
2025-07-03 23:43:26.368 [pool-14-thread-2] ERROR o.h.e.jdbc.spi.SqlExceptionHelper - [SQLITE_CONSTRAINT_UNIQUE] A UNIQUE constraint failed (UNIQUE constraint failed: users.phone)
  ❌ Thread 1 ناموفق: GenericJDBCException
2025-07-03 23:43:26.368 [pool-14-thread-25] DEBUG org.hibernate.SQL - 
    select
        u1_0.id,
        u1_0.address,
        u1_0.email,
        u1_0.full_name,
        u1_0.is_active,
        u1_0.password_hash,
        u1_0.phone,
        u1_0.role 
    from
        users u1_0 
    where
        u1_0.phone=?
Hibernate: 
    select
        u1_0.id,
        u1_0.address,
        u1_0.email,
        u1_0.full_name,
        u1_0.is_active,
        u1_0.password_hash,
        u1_0.phone,
        u1_0.role 
    from
        users u1_0 
    where
        u1_0.phone=?
2025-07-03 23:43:26.368 [pool-14-thread-26] DEBUG org.hibernate.SQL - 
    select
        u1_0.id,
        u1_0.address,
        u1_0.email,
        u1_0.full_name,
        u1_0.is_active,
        u1_0.password_hash,
        u1_0.phone,
        u1_0.role 
    from
        users u1_0 
    where
        u1_0.phone=?
Hibernate: 
    select
        u1_0.id,
        u1_0.address,
        u1_0.email,
        u1_0.full_name,
        u1_0.is_active,
        u1_0.password_hash,
        u1_0.phone,
        u1_0.role 
    from
        users u1_0 
    where
        u1_0.phone=?
  ❌ Thread 24 ناموفق: 2025-07-03 23:43:26.368 [pool-14-thread-27] DEBUG org.hibernate.SQL - 
    select
        u1_0.id,
        u1_0.address,
        u1_0.email,
        u1_0.full_name,
        u1_0.is_active,
        u1_0.password_hash,
        u1_0.phone,
        u1_0.role 
    from
        users u1_0 
    where
        u1_0.phone=?
DuplicatePhoneException
Hibernate: 
    select
        u1_0.id,
        u1_0.address,
        u1_0.email,
        u1_0.full_name,
        u1_0.is_active,
        u1_0.password_hash,
        u1_0.phone,
        u1_0.role 
    from
        users u1_0 
    where
        u1_0.phone=?
2025-07-03 23:43:26.368 [pool-14-thread-28] DEBUG org.hibernate.SQL - 
    select
        u1_0.id,
        u1_0.address,
        u1_0.email,
        u1_0.full_name,
        u1_0.is_active,
        u1_0.password_hash,
        u1_0.phone,
        u1_0.role 
    from
        users u1_0 
    where
        u1_0.phone=?
Hibernate: 
    select
        u1_0.id,
        u1_0.address,
        u1_0.email,
        u1_0.full_name,
        u1_0.is_active,
        u1_0.password_hash,
        u1_0.phone,
        u1_0.role 
    from
        users u1_0 
    where
        u1_0.phone=?
  ❌ Thread 25 ناموفق: DuplicatePhoneException
  ❌ Thread 26 ناموفق: DuplicatePhoneException
  ❌ Thread 27 ناموفق: DuplicatePhoneException
2025-07-03 23:43:26.372 [pool-14-thread-29] DEBUG org.hibernate.SQL - 
    select
        u1_0.id,
        u1_0.address,
        u1_0.email,
        u1_0.full_name,
        u1_0.is_active,
        u1_0.password_hash,
        u1_0.phone,
        u1_0.role 
    from
        users u1_0 
    where
        u1_0.phone=?
Hibernate: 
    select
        u1_0.id,
        u1_0.address,
        u1_0.email,
        u1_0.full_name,
        u1_0.is_active,
        u1_0.password_hash,
        u1_0.phone,
        u1_0.role 
    from
        users u1_0 
    where
        u1_0.phone=?
  ❌ Thread 28 ناموفق: DuplicatePhoneException
2025-07-03 23:43:26.372 [pool-14-thread-30] DEBUG org.hibernate.SQL - 
    select
        u1_0.id,
        u1_0.address,
        u1_0.email,
        u1_0.full_name,
        u1_0.is_active,
        u1_0.password_hash,
        u1_0.phone,
        u1_0.role 
    from
        users u1_0 
    where
        u1_0.phone=?
Hibernate: 
    select
        u1_0.id,
        u1_0.address,
        u1_0.email,
        u1_0.full_name,
        u1_0.is_active,
        u1_0.password_hash,
        u1_0.phone,
        u1_0.role 
    from
        users u1_0 
    where
        u1_0.phone=?
2025-07-03 23:43:26.372 [pool-14-thread-31] DEBUG org.hibernate.SQL - 
    select
        u1_0.id,
        u1_0.address,
        u1_0.email,
        u1_0.full_name,
        u1_0.is_active,
        u1_0.password_hash,
        u1_0.phone,
        u1_0.role 
    from
        users u1_0 
    where
        u1_0.phone=?
Hibernate: 
    select
        u1_0.id,
        u1_0.address,
        u1_0.email,
        u1_0.full_name,
        u1_0.is_active,
        u1_0.password_hash,
        u1_0.phone,
        u1_0.role 
    from
        users u1_0 
    where
        u1_0.phone=?
  ❌ Thread 29 ناموفق: DuplicatePhoneException
2025-07-03 23:43:26.372 [pool-14-thread-32] DEBUG org.hibernate.SQL - 
    select
        u1_0.id,
        u1_0.address,
        u1_0.email,
        u1_0.full_name,
        u1_0.is_active,
        u1_0.password_hash,
        u1_0.phone,
        u1_0.role 
    from
        users u1_0 
    where
        u1_0.phone=?
Hibernate: 
    select
        u1_0.id,
        u1_0.address,
        u1_0.email,
        u1_0.full_name,
        u1_0.is_active,
        u1_0.password_hash,
        u1_0.phone,
        u1_0.role 
    from
        users u1_0 
    where
        u1_0.phone=?
2025-07-03 23:43:26.372 [pool-14-thread-33] DEBUG org.hibernate.SQL - 
    select
        u1_0.id,
        u1_0.address,
        u1_0.email,
        u1_0.full_name,
        u1_0.is_active,
        u1_0.password_hash,
        u1_0.phone,
        u1_0.role 
    from
        users u1_0 
    where
        u1_0.phone=?
Hibernate: 
    select
        u1_0.id,
        u1_0.address,
        u1_0.email,
        u1_0.full_name,
        u1_0.is_active,
        u1_0.password_hash,
        u1_0.phone,
        u1_0.role 
    from
        users u1_0 
    where
        u1_0.phone=?
  ❌ Thread 31 ناموفق: DuplicatePhoneException
  ❌ Thread 30 ناموفق: DuplicatePhoneException
  ❌ Thread 32 ناموفق: DuplicatePhoneException
2025-07-03 23:43:26.372 [pool-14-thread-6] ERROR org.hibernate.orm.jdbc.batch - HHH100501: Exception executing batch [org.sqlite.SQLiteException: [SQLITE_CONSTRAINT_UNIQUE] A UNIQUE constraint failed (UNIQUE constraint failed: users.phone)], SQL: insert into users (address,email,full_name,is_active,password_hash,phone,role,id) values (?,?,?,?,?,?,?,?)
2025-07-03 23:43:26.372 [pool-14-thread-6] WARN  o.h.e.jdbc.spi.SqlExceptionHelper - SQL Error: 19, SQLState: null
2025-07-03 23:43:26.372 [pool-14-thread-6] ERROR o.h.e.jdbc.spi.SqlExceptionHelper - [SQLITE_CONSTRAINT_UNIQUE] A UNIQUE constraint failed (UNIQUE constraint failed: users.phone)
  ❌ Thread 5 ناموفق: GenericJDBCException
2025-07-03 23:43:26.372 [pool-14-thread-5] ERROR org.hibernate.orm.jdbc.batch - HHH100501: Exception executing batch [org.sqlite.SQLiteException: [SQLITE_CONSTRAINT_UNIQUE] A UNIQUE constraint failed (UNIQUE constraint failed: users.phone)], SQL: insert into users (address,email,full_name,is_active,password_hash,phone,role,id) values (?,?,?,?,?,?,?,?)
2025-07-03 23:43:26.372 [pool-14-thread-5] WARN  o.h.e.jdbc.spi.SqlExceptionHelper - SQL Error: 19, SQLState: null
2025-07-03 23:43:26.373 [pool-14-thread-5] ERROR o.h.e.jdbc.spi.SqlExceptionHelper - [SQLITE_CONSTRAINT_UNIQUE] A UNIQUE constraint failed (UNIQUE constraint failed: users.phone)
  ❌ Thread 4 ناموفق: GenericJDBCException
2025-07-03 23:43:26.374 [pool-14-thread-34] DEBUG org.hibernate.SQL - 
    select
        u1_0.id,
        u1_0.address,
        u1_0.email,
        u1_0.full_name,
        u1_0.is_active,
        u1_0.password_hash,
        u1_0.phone,
        u1_0.role 
    from
        users u1_0 
    where
        u1_0.phone=?
Hibernate: 
    select
        u1_0.id,
        u1_0.address,
        u1_0.email,
        u1_0.full_name,
        u1_0.is_active,
        u1_0.password_hash,
        u1_0.phone,
        u1_0.role 
    from
        users u1_0 
    where
        u1_0.phone=?
2025-07-03 23:43:26.374 [pool-14-thread-35] DEBUG org.hibernate.SQL - 
    select
        u1_0.id,
        u1_0.address,
        u1_0.email,
        u1_0.full_name,
        u1_0.is_active,
        u1_0.password_hash,
        u1_0.phone,
        u1_0.role 
    from
        users u1_0 
    where
        u1_0.phone=?
Hibernate: 
    select
        u1_0.id,
        u1_0.address,
        u1_0.email,
        u1_0.full_name,
        u1_0.is_active,
        u1_0.password_hash,
        u1_0.phone,
        u1_0.role 
    from
        users u1_0 
    where
        u1_0.phone=?
  ❌ Thread 332025-07-03 23:43:26.374 [pool-14-thread-36] DEBUG org.hibernate.SQL - 
    select
        u1_0.id,
        u1_0.address,
        u1_0.email,
        u1_0.full_name,
        u1_0.is_active,
        u1_0.password_hash,
        u1_0.phone,
        u1_0.role 
    from
        users u1_0 
    where
        u1_0.phone=?
Hibernate: 
    select
        u1_0.id,
        u1_0.address,
        u1_0.email,
        u1_0.full_name,
        u1_0.is_active,
        u1_0.password_hash,
        u1_0.phone,
        u1_0.role 
    from
        users u1_0 
    where
        u1_0.phone=?
 ناموفق: DuplicatePhoneException
2025-07-03 23:43:26.374 [pool-14-thread-37] DEBUG org.hibernate.SQL - 
    select
        u1_0.id,
        u1_0.address,
        u1_0.email,
        u1_0.full_name,
        u1_0.is_active,
        u1_0.password_hash,
        u1_0.phone,
        u1_0.role 
    from
        users u1_0 
    where
        u1_0.phone=?
Hibernate: 
    select
        u1_0.id,
        u1_0.address,
        u1_0.email,
        u1_0.full_name,
        u1_0.is_active,
        u1_0.password_hash,
        u1_0.phone,
        u1_0.role 
    from
        users u1_0 
    where
        u1_0.phone=?
  ❌ Thread 34 ناموفق: DuplicatePhoneException
  ❌ Thread 35 ناموفق: DuplicatePhoneException
2025-07-03 23:43:26.374 [pool-14-thread-38] DEBUG org.hibernate.SQL - 
    select
        u1_0.id,
        u1_0.address,
        u1_0.email,
        u1_0.full_name,
        u1_0.is_active,
        u1_0.password_hash,
        u1_0.phone,
        u1_0.role 
    from
        users u1_0 
    where
        u1_0.phone=?
Hibernate: 
    select
        u1_0.id,
        u1_0.address,
        u1_0.email,
        u1_0.full_name,
        u1_0.is_active,
        u1_0.password_hash,
        u1_0.phone,
        u1_0.role 
    from
        users u1_0 
    where
        u1_0.phone=?
  ❌ Thread 36 ناموفق: DuplicatePhoneException
  ❌ Thread 37 ناموفق: DuplicatePhoneException
2025-07-03 23:43:26.374 [pool-14-thread-39] DEBUG org.hibernate.SQL - 
    select
        u1_0.id,
        u1_0.address,
        u1_0.email,
        u1_0.full_name,
        u1_0.is_active,
        u1_0.password_hash,
        u1_0.phone,
        u1_0.role 
    from
        users u1_0 
    where
        u1_0.phone=?
Hibernate: 
    select
        u1_0.id,
        u1_0.address,
        u1_0.email,
        u1_0.full_name,
        u1_0.is_active,
        u1_0.password_hash,
        u1_0.phone,
        u1_0.role 
    from
        users u1_0 
    where
        u1_0.phone=?
2025-07-03 23:43:26.374 [pool-14-thread-40] DEBUG org.hibernate.SQL - 
    select
        u1_0.id,
        u1_0.address,
        u1_0.email,
        u1_0.full_name,
        u1_0.is_active,
        u1_0.password_hash,
        u1_0.phone,
        u1_0.role 
    from
        users u1_0 
    where
        u1_0.phone=?
Hibernate: 
    select
        u1_0.id,
        u1_0.address,
        u1_0.email,
        u1_0.full_name,
        u1_0.is_active,
        u1_0.password_hash,
        u1_0.phone,
        u1_0.role 
    from
        users u1_0 
    where
        u1_0.phone=?
  ❌ Thread 38 ناموفق: DuplicatePhoneException
2025-07-03 23:43:26.374 [pool-14-thread-41] DEBUG org.hibernate.SQL - 
    select
        u1_0.id,
        u1_0.address,
        u1_0.email,
        u1_0.full_name,
        u1_0.is_active,
        u1_0.password_hash,
        u1_0.phone,
        u1_0.role 
    from
        users u1_0 
    where
        u1_0.phone=?
Hibernate: 
    select
        u1_0.id,
        u1_0.address,
        u1_0.email,
        u1_0.full_name,
        u1_0.is_active,
        u1_0.password_hash,
        u1_0.phone,
        u1_0.role 
    from
        users u1_0 
    where
        u1_0.phone=?
  ❌ Thread 39 ناموفق: DuplicatePhoneException
  ❌ Thread 40 ناموفق: DuplicatePhoneException
2025-07-03 23:43:26.375 [pool-14-thread-42] DEBUG org.hibernate.SQL - 
    select
        u1_0.id,
        u1_0.address,
        u1_0.email,
        u1_0.full_name,
        u1_0.is_active,
        u1_0.password_hash,
        u1_0.phone,
        u1_0.role 
    from
        users u1_0 
    where
        u1_0.phone=?
Hibernate: 
    select
        u1_0.id,
        u1_0.address,
        u1_0.email,
        u1_0.full_name,
        u1_0.is_active,
        u1_0.password_hash,
        u1_0.phone,
        u1_0.role 
    from
        users u1_0 
    where
        u1_0.phone=?
  ❌ Thread 41 ناموفق: DuplicatePhoneException
2025-07-03 23:43:26.375 [pool-14-thread-43] DEBUG org.hibernate.SQL - 
    select
        u1_0.id,
        u1_0.address,
        u1_0.email,
        u1_0.full_name,
        u1_0.is_active,
        u1_0.password_hash,
        u1_0.phone,
        u1_0.role 
    from
        users u1_0 
    where
        u1_0.phone=?
Hibernate: 
    select
        u1_0.id,
        u1_0.address,
        u1_0.email,
        u1_0.full_name,
        u1_0.is_active,
        u1_0.password_hash,
        u1_0.phone,
        u1_0.role 
    from
        users u1_0 
    where
        u1_0.phone=?
  ❌ Thread 42 ناموفق: DuplicatePhoneException2025-07-03 23:43:26.375 [pool-14-thread-44] DEBUG org.hibernate.SQL - 
    select
        u1_0.id,
        u1_0.address,
        u1_0.email,
        u1_0.full_name,
        u1_0.is_active,
        u1_0.password_hash,
        u1_0.phone,
        u1_0.role 
    from
        users u1_0 
    where
        u1_0.phone=?

Hibernate: 
    select
        u1_0.id,
        u1_0.address,
        u1_0.email,
        u1_0.full_name,
        u1_0.is_active,
        u1_0.password_hash,
        u1_0.phone,
        u1_0.role 
    from
        users u1_0 
    where
        u1_0.phone=?
2025-07-03 23:43:26.375 [pool-14-thread-45] DEBUG org.hibernate.SQL - 
    select
        u1_0.id,
        u1_0.address,
        u1_0.email,
        u1_0.full_name,
        u1_0.is_active,
        u1_0.password_hash,
        u1_0.phone,
        u1_0.role 
    from
        users u1_0 
    where
        u1_0.phone=?
Hibernate: 
    select
        u1_0.id,
        u1_0.address,
        u1_0.email,
        u1_0.full_name,
        u1_0.is_active,
        u1_0.password_hash,
        u1_0.phone,
        u1_0.role 
    from
        users u1_0 
    where
        u1_0.phone=?
  ❌ Thread 43 ناموفق: DuplicatePhoneException
  ❌ Thread 44 ناموفق: DuplicatePhoneException
2025-07-03 23:43:26.375 [pool-14-thread-47] DEBUG org.hibernate.SQL - 
    select
        u1_0.id,
        u1_0.address,
        u1_0.email,
        u1_0.full_name,
        u1_0.is_active,
        u1_0.password_hash,
        u1_0.phone,
        u1_0.role 
    from
        users u1_0 
    where
        u1_0.phone=?
Hibernate: 
    select
        u1_0.id,
        u1_0.address,
        u1_0.email,
        u1_0.full_name,
        u1_0.is_active,
        u1_0.password_hash,
        u1_0.phone,
        u1_0.role 
    from
        users u1_0 
    where
        u1_0.phone=?
2025-07-03 23:43:26.375 [pool-14-thread-46] DEBUG org.hibernate.SQL - 
    select
        u1_0.id,
        u1_0.address,
        u1_0.email,
        u1_0.full_name,
        u1_0.is_active,
        u1_0.password_hash,
        u1_0.phone,
        u1_0.role 
    from
        users u1_0 
    where
        u1_0.phone=?
Hibernate: 
    select
        u1_0.id,
        u1_0.address,
        u1_0.email,
        u1_0.full_name,
        u1_0.is_active,
        u1_0.password_hash,
        u1_0.phone,
        u1_0.role 
    from
        users u1_0 
    where
        u1_0.phone=?
2025-07-03 23:43:26.375 [pool-14-thread-48] DEBUG org.hibernate.SQL - 
    select
        u1_0.id,
        u1_0.address,
        u1_0.email,
        u1_0.full_name,
        u1_0.is_active,
        u1_0.password_hash,
        u1_0.phone,
        u1_0.role 
    from
        users u1_0 
    where
        u1_0.phone=?
Hibernate: 
    select
        u1_0.id,
        u1_0.address,
        u1_0.email,
        u1_0.full_name,
        u1_0.is_active,
        u1_0.password_hash,
        u1_0.phone,
        u1_0.role 
    from
        users u1_0 
    where
        u1_0.phone=?
  ❌ Thread 46 ناموفق: DuplicatePhoneException
  ❌ Thread 472025-07-03 23:43:26.376 [pool-14-thread-49] DEBUG org.hibernate.SQL - 
    select
        u1_0.id,
        u1_0.address,
        u1_0.email,
        u1_0.full_name,
        u1_0.is_active,
        u1_0.password_hash,
        u1_0.phone,
        u1_0.role 
    from
        users u1_0 
    where
        u1_0.phone=?
 ناموفق: Hibernate: 
    select
        u1_0.id,
        u1_0.address,
        u1_0.email,
        u1_0.full_name,
        u1_0.is_active,
        u1_0.password_hash,
        u1_0.phone,
        u1_0.role 
    from
        users u1_0 
    where
        u1_0.phone=?
DuplicatePhoneException
  ❌ Thread 45 ناموفق: DuplicatePhoneException
  ❌ Thread 48 ناموفق: DuplicatePhoneException
2025-07-03 23:43:26.376 [pool-14-thread-50] DEBUG org.hibernate.SQL - 
    select
        u1_0.id,
        u1_0.address,
        u1_0.email,
        u1_0.full_name,
        u1_0.is_active,
        u1_0.password_hash,
        u1_0.phone,
        u1_0.role 
    from
        users u1_0 
    where
        u1_0.phone=?
Hibernate: 
    select
        u1_0.id,
        u1_0.address,
        u1_0.email,
        u1_0.full_name,
        u1_0.is_active,
        u1_0.password_hash,
        u1_0.phone,
        u1_0.role 
    from
        users u1_0 
    where
        u1_0.phone=?
  ❌ Thread 49 ناموفق: DuplicatePhoneException
2025-07-03 23:43:26.382 [pool-14-thread-8] ERROR org.hibernate.orm.jdbc.batch - HHH100501: Exception executing batch [org.sqlite.SQLiteException: [SQLITE_CONSTRAINT_UNIQUE] A UNIQUE constraint failed (UNIQUE constraint failed: users.phone)], SQL: insert into users (address,email,full_name,is_active,password_hash,phone,role,id) values (?,?,?,?,?,?,?,?)
2025-07-03 23:43:26.382 [pool-14-thread-8] WARN  o.h.e.jdbc.spi.SqlExceptionHelper - SQL Error: 19, SQLState: null
2025-07-03 23:43:26.382 [pool-14-thread-8] ERROR o.h.e.jdbc.spi.SqlExceptionHelper - [SQLITE_CONSTRAINT_UNIQUE] A UNIQUE constraint failed (UNIQUE constraint failed: users.phone)
  ❌ Thread 7 ناموفق: GenericJDBCException
2025-07-03 23:43:26.383 [pool-14-thread-1] ERROR org.hibernate.orm.jdbc.batch - HHH100501: Exception executing batch [org.sqlite.SQLiteException: [SQLITE_CONSTRAINT_UNIQUE] A UNIQUE constraint failed (UNIQUE constraint failed: users.phone)], SQL: insert into users (address,email,full_name,is_active,password_hash,phone,role,id) values (?,?,?,?,?,?,?,?)
2025-07-03 23:43:26.383 [pool-14-thread-1] WARN  o.h.e.jdbc.spi.SqlExceptionHelper - SQL Error: 19, SQLState: null
2025-07-03 23:43:26.383 [pool-14-thread-1] ERROR o.h.e.jdbc.spi.SqlExceptionHelper - [SQLITE_CONSTRAINT_UNIQUE] A UNIQUE constraint failed (UNIQUE constraint failed: users.phone)
  ❌ Thread 0 ناموفق: GenericJDBCException
2025-07-03 23:43:26.398 [pool-14-thread-7] ERROR org.hibernate.orm.jdbc.batch - HHH100501: Exception executing batch [org.sqlite.SQLiteException: [SQLITE_CONSTRAINT_UNIQUE] A UNIQUE constraint failed (UNIQUE constraint failed: users.phone)], SQL: insert into users (address,email,full_name,is_active,password_hash,phone,role,id) values (?,?,?,?,?,?,?,?)
2025-07-03 23:43:26.398 [pool-14-thread-7] WARN  o.h.e.jdbc.spi.SqlExceptionHelper - SQL Error: 19, SQLState: null
2025-07-03 23:43:26.398 [pool-14-thread-7] ERROR o.h.e.jdbc.spi.SqlExceptionHelper - [SQLITE_CONSTRAINT_UNIQUE] A UNIQUE constraint failed (UNIQUE constraint failed: users.phone)
  ❌ Thread 6 ناموفق: GenericJDBCException
2025-07-03 23:43:26.418 [pool-14-thread-9] ERROR org.hibernate.orm.jdbc.batch - HHH100501: Exception executing batch [org.sqlite.SQLiteException: [SQLITE_CONSTRAINT_UNIQUE] A UNIQUE constraint failed (UNIQUE constraint failed: users.phone)], SQL: insert into users (address,email,full_name,is_active,password_hash,phone,role,id) values (?,?,?,?,?,?,?,?)
2025-07-03 23:43:26.418 [pool-14-thread-9] WARN  o.h.e.jdbc.spi.SqlExceptionHelper - SQL Error: 19, SQLState: null
2025-07-03 23:43:26.418 [pool-14-thread-9] ERROR o.h.e.jdbc.spi.SqlExceptionHelper - [SQLITE_CONSTRAINT_UNIQUE] A UNIQUE constraint failed (UNIQUE constraint failed: users.phone)
  ❌ Thread 8 ناموفق: GenericJDBCException
2025-07-03 23:43:26.443 [pool-14-thread-3] ERROR org.hibernate.orm.jdbc.batch - HHH100501: Exception executing batch [org.sqlite.SQLiteException: [SQLITE_CONSTRAINT_UNIQUE] A UNIQUE constraint failed (UNIQUE constraint failed: users.phone)], SQL: insert into users (address,email,full_name,is_active,password_hash,phone,role,id) values (?,?,?,?,?,?,?,?)
2025-07-03 23:43:26.443 [pool-14-thread-3] WARN  o.h.e.jdbc.spi.SqlExceptionHelper - SQL Error: 19, SQLState: null
2025-07-03 23:43:26.443 [pool-14-thread-3] ERROR o.h.e.jdbc.spi.SqlExceptionHelper - [SQLITE_CONSTRAINT_UNIQUE] A UNIQUE constraint failed (UNIQUE constraint failed: users.phone)
  ❌ Thread 2 ناموفق: GenericJDBCException
📊 تحلیل نتایج تست همزمانی:
  📈 ثبت نام‌های موفق: 1 از 50
  📉 ثبت نام‌های ناموفق: 49
✅ حالت ایده‌آل: فقط یک ثبت نام موفق (phone constraint کامل)
✅ همه کاربران موفق همان شماره تلفن را دارند
🎉 تست ثبت نام همزمان با موفقیت تکمیل شد
]]></system-out>
  </testcase>
  <testcase name="concurrentRestaurantStatusUpdates_ConsistentFinalState" classname="com.myapp.stress.DatabasePerformanceTest$ConcurrentDatabaseTests" time="0.008">
    <system-out><![CDATA[2025-07-03 23:43:26.445 [main] DEBUG org.hibernate.SQL - 
    delete 
    from
        notifications
Hibernate: 
    delete 
    from
        notifications
2025-07-03 23:43:26.445 [main] DEBUG org.hibernate.SQL - 
    delete 
    from
        ratings
Hibernate: 
    delete 
    from
        ratings
2025-07-03 23:43:26.445 [main] DEBUG org.hibernate.SQL - 
    delete 
    from
        order_items
Hibernate: 
    delete 
    from
        order_items
2025-07-03 23:43:26.445 [main] DEBUG org.hibernate.SQL - 
    delete 
    from
        orders
Hibernate: 
    delete 
    from
        orders
2025-07-03 23:43:26.445 [main] DEBUG org.hibernate.SQL - 
    delete 
    from
        food_items
Hibernate: 
    delete 
    from
        food_items
2025-07-03 23:43:26.445 [main] DEBUG org.hibernate.SQL - 
    delete 
    from
        restaurants
Hibernate: 
    delete 
    from
        restaurants
2025-07-03 23:43:26.445 [main] DEBUG org.hibernate.SQL - 
    delete 
    from
        users
Hibernate: 
    delete 
    from
        users
2025-07-03 23:43:26.448 [main] DEBUG c.myapp.common.TestDatabaseManager - Cleaned all test data from database
2025-07-03 23:43:26.448 [main] DEBUG c.myapp.common.TestDatabaseManager - Test database cleanup completed
2025-07-03 23:43:26.448 [main] DEBUG org.hibernate.SQL - 
    insert 
    into
        restaurants
        (address, name, owner_id, phone, status, id) 
    values
        (?, ?, ?, ?, ?, ?)
Hibernate: 
    insert 
    into
        restaurants
        (address, name, owner_id, phone, status, id) 
    values
        (?, ?, ?, ?, ?, ?)
2025-07-03 23:43:26.451 [pool-15-thread-3] DEBUG org.hibernate.SQL - 
    select
        r1_0.id,
        r1_0.address,
        r1_0.name,
        r1_0.owner_id,
        r1_0.phone,
        r1_0.status 
    from
        restaurants r1_0 
    where
        r1_0.id=?
Hibernate: 
    select
        r1_0.id,
        r1_0.address,
        r1_0.name,
        r1_0.owner_id,
        r1_0.phone,
        r1_0.status 
    from
        restaurants r1_0 
    where
        r1_0.id=?
2025-07-03 23:43:26.451 [pool-15-thread-1] DEBUG org.hibernate.SQL - 
    select
        r1_0.id,
        r1_0.address,
        r1_0.name,
        r1_0.owner_id,
        r1_0.phone,
        r1_0.status 
    from
        restaurants r1_0 
    where
        r1_0.id=?
Hibernate: 
    select
        r1_0.id,
        r1_0.address,
        r1_0.name,
        r1_0.owner_id,
        r1_0.phone,
        r1_0.status 
    from
        restaurants r1_0 
    where
        r1_0.id=?
2025-07-03 23:43:26.451 [pool-15-thread-2] DEBUG org.hibernate.SQL - 
    select
        r1_0.id,
        r1_0.address,
        r1_0.name,
        r1_0.owner_id,
        r1_0.phone,
        r1_0.status 
    from
        restaurants r1_0 
    where
        r1_0.id=?
Hibernate: 
    select
        r1_0.id,
        r1_0.address,
        r1_0.name,
        r1_0.owner_id,
        r1_0.phone,
        r1_0.status 
    from
        restaurants r1_0 
    where
        r1_0.id=?
2025-07-03 23:43:26.451 [pool-15-thread-4] DEBUG org.hibernate.SQL - 
    select
        r1_0.id,
        r1_0.address,
        r1_0.name,
        r1_0.owner_id,
        r1_0.phone,
        r1_0.status 
    from
        restaurants r1_0 
    where
        r1_0.id=?
Hibernate: 
    select
        r1_0.id,
        r1_0.address,
        r1_0.name,
        r1_0.owner_id,
        r1_0.phone,
        r1_0.status 
    from
        restaurants r1_0 
    where
        r1_0.id=?
2025-07-03 23:43:26.451 [pool-15-thread-2] DEBUG org.hibernate.SQL - 
    select
        r1_0.id,
        r1_0.address,
        r1_0.name,
        r1_0.owner_id,
        r1_0.phone,
        r1_0.status 
    from
        restaurants r1_0 
    where
        r1_0.id=?
Hibernate: 
    select
        r1_0.id,
        r1_0.address,
        r1_0.name,
        r1_0.owner_id,
        r1_0.phone,
        r1_0.status 
    from
        restaurants r1_0 
    where
        r1_0.id=?
2025-07-03 23:43:26.451 [pool-15-thread-1] DEBUG org.hibernate.SQL - 
    select
        r1_0.id,
        r1_0.address,
        r1_0.name,
        r1_0.owner_id,
        r1_0.phone,
        r1_0.status 
    from
        restaurants r1_0 
    where
        r1_0.id=?
Hibernate: 
    select
        r1_0.id,
        r1_0.address,
        r1_0.name,
        r1_0.owner_id,
        r1_0.phone,
        r1_0.status 
    from
        restaurants r1_0 
    where
        r1_0.id=?
2025-07-03 23:43:26.451 [pool-15-thread-3] DEBUG org.hibernate.SQL - 
    select
        r1_0.id,
        r1_0.address,
        r1_0.name,
        r1_0.owner_id,
        r1_0.phone,
        r1_0.status 
    from
        restaurants r1_0 
    where
        r1_0.id=?
Hibernate: 
    select
        r1_0.id,
        r1_0.address,
        r1_0.name,
        r1_0.owner_id,
        r1_0.phone,
        r1_0.status 
    from
        restaurants r1_0 
    where
        r1_0.id=?
2025-07-03 23:43:26.451 [pool-15-thread-4] DEBUG org.hibernate.SQL - 
    select
        r1_0.id,
        r1_0.address,
        r1_0.name,
        r1_0.owner_id,
        r1_0.phone,
        r1_0.status 
    from
        restaurants r1_0 
    where
        r1_0.id=?
Hibernate: 
    select
        r1_0.id,
        r1_0.address,
        r1_0.name,
        r1_0.owner_id,
        r1_0.phone,
        r1_0.status 
    from
        restaurants r1_0 
    where
        r1_0.id=?
2025-07-03 23:43:26.451 [pool-15-thread-2] DEBUG org.hibernate.SQL - 
    update
        restaurants 
    set
        address=?,
        name=?,
        owner_id=?,
        phone=?,
        status=? 
    where
        id=?
2025-07-03 23:43:26.451 [pool-15-thread-3] DEBUG org.hibernate.SQL - 
    update
        restaurants 
    set
        address=?,
        name=?,
        owner_id=?,
        phone=?,
        status=? 
    where
        id=?
Hibernate: 
    update
        restaurants 
    set
        address=?,
        name=?,
        owner_id=?,
        phone=?,
        status=? 
    where
        id=?
Hibernate: 
    update
        restaurants 
    set
        address=?,
        name=?,
        owner_id=?,
        phone=?,
        status=? 
    where
        id=?
2025-07-03 23:43:26.451 [pool-15-thread-1] DEBUG org.hibernate.SQL - 
    update
        restaurants 
    set
        address=?,
        name=?,
        owner_id=?,
        phone=?,
        status=? 
    where
        id=?
Hibernate: 
    update
        restaurants 
    set
        address=?,
        name=?,
        owner_id=?,
        phone=?,
        status=? 
    where
        id=?
2025-07-03 23:43:26.451 [pool-15-thread-1] ERROR org.hibernate.orm.jdbc.batch - HHH100501: Exception executing batch [org.sqlite.SQLiteException: [SQLITE_BUSY] The database file is locked (database is locked)], SQL: update restaurants set address=?,name=?,owner_id=?,phone=?,status=? where id=?
2025-07-03 23:43:26.451 [pool-15-thread-2] ERROR org.hibernate.orm.jdbc.batch - HHH100501: Exception executing batch [org.sqlite.SQLiteException: [SQLITE_BUSY] The database file is locked (database is locked)], SQL: update restaurants set address=?,name=?,owner_id=?,phone=?,status=? where id=?
2025-07-03 23:43:26.451 [pool-15-thread-1] WARN  o.h.e.jdbc.spi.SqlExceptionHelper - SQL Error: 5, SQLState: null
2025-07-03 23:43:26.451 [pool-15-thread-1] ERROR o.h.e.jdbc.spi.SqlExceptionHelper - [SQLITE_BUSY] The database file is locked (database is locked)
2025-07-03 23:43:26.451 [pool-15-thread-2] WARN  o.h.e.jdbc.spi.SqlExceptionHelper - SQL Error: 5, SQLState: null
2025-07-03 23:43:26.451 [pool-15-thread-2] ERROR o.h.e.jdbc.spi.SqlExceptionHelper - [SQLITE_BUSY] The database file is locked (database is locked)
2025-07-03 23:43:26.453 [main] DEBUG org.hibernate.SQL - 
    select
        r1_0.id,
        r1_0.address,
        r1_0.name,
        r1_0.owner_id,
        r1_0.phone,
        r1_0.status 
    from
        restaurants r1_0 
    where
        r1_0.id=?
Hibernate: 
    select
        r1_0.id,
        r1_0.address,
        r1_0.name,
        r1_0.owner_id,
        r1_0.phone,
        r1_0.status 
    from
        restaurants r1_0 
    where
        r1_0.id=?
]]></system-out>
  </testcase>
  <testcase name="concurrentNotificationOperations_DataConsistency" classname="com.myapp.stress.DatabasePerformanceTest$ConcurrentDatabaseTests" time="0.347">
    <system-out><![CDATA[2025-07-03 23:43:26.454 [main] DEBUG org.hibernate.SQL - 
    delete 
    from
        notifications
Hibernate: 
    delete 
    from
        notifications
2025-07-03 23:43:26.454 [main] DEBUG org.hibernate.SQL - 
    delete 
    from
        ratings
Hibernate: 
    delete 
    from
        ratings
2025-07-03 23:43:26.454 [main] DEBUG org.hibernate.SQL - 
    delete 
    from
        order_items
Hibernate: 
    delete 
    from
        order_items
2025-07-03 23:43:26.454 [main] DEBUG org.hibernate.SQL - 
    delete 
    from
        orders
Hibernate: 
    delete 
    from
        orders
2025-07-03 23:43:26.454 [main] DEBUG org.hibernate.SQL - 
    delete 
    from
        food_items
Hibernate: 
    delete 
    from
        food_items
2025-07-03 23:43:26.454 [main] DEBUG org.hibernate.SQL - 
    delete 
    from
        restaurants
Hibernate: 
    delete 
    from
        restaurants
2025-07-03 23:43:26.454 [main] DEBUG org.hibernate.SQL - 
    delete 
    from
        users
Hibernate: 
    delete 
    from
        users
2025-07-03 23:43:26.457 [main] DEBUG c.myapp.common.TestDatabaseManager - Cleaned all test data from database
2025-07-03 23:43:26.457 [main] DEBUG c.myapp.common.TestDatabaseManager - Test database cleanup completed
2025-07-03 23:43:26.457 [main] DEBUG org.hibernate.SQL - 
    select
        u1_0.id,
        u1_0.address,
        u1_0.email,
        u1_0.full_name,
        u1_0.is_active,
        u1_0.password_hash,
        u1_0.phone,
        u1_0.role 
    from
        users u1_0 
    where
        u1_0.phone=?
Hibernate: 
    select
        u1_0.id,
        u1_0.address,
        u1_0.email,
        u1_0.full_name,
        u1_0.is_active,
        u1_0.password_hash,
        u1_0.phone,
        u1_0.role 
    from
        users u1_0 
    where
        u1_0.phone=?
2025-07-03 23:43:26.457 [main] DEBUG org.hibernate.SQL - 
    insert 
    into
        users
        (address, email, full_name, is_active, password_hash, phone, role, id) 
    values
        (?, ?, ?, ?, ?, ?, ?, ?)
Hibernate: 
    insert 
    into
        users
        (address, email, full_name, is_active, password_hash, phone, role, id) 
    values
        (?, ?, ?, ?, ?, ?, ?, ?)
2025-07-03 23:43:26.459 [pool-16-thread-1] DEBUG org.hibernate.SQL - 
    select
        u1_0.id,
        u1_0.address,
        u1_0.email,
        u1_0.full_name,
        u1_0.is_active,
        u1_0.password_hash,
        u1_0.phone,
        u1_0.role 
    from
        users u1_0 
    where
        u1_0.id=?
Hibernate: 
    select
        u1_0.id,
        u1_0.address,
        u1_0.email,
        u1_0.full_name,
        u1_0.is_active,
        u1_0.password_hash,
        u1_0.phone,
        u1_0.role 
    from
        users u1_0 
    where
        u1_0.id=?
2025-07-03 23:43:26.459 [pool-16-thread-3] DEBUG org.hibernate.SQL - 
    select
        u1_0.id,
        u1_0.address,
        u1_0.email,
        u1_0.full_name,
        u1_0.is_active,
        u1_0.password_hash,
        u1_0.phone,
        u1_0.role 
    from
        users u1_0 
    where
        u1_0.id=?
Hibernate: 
    select
        u1_0.id,
        u1_0.address,
        u1_0.email,
        u1_0.full_name,
        u1_0.is_active,
        u1_0.password_hash,
        u1_0.phone,
        u1_0.role 
    from
        users u1_0 
    where
        u1_0.id=?
2025-07-03 23:43:26.459 [pool-16-thread-2] DEBUG org.hibernate.SQL - 
    select
        u1_0.id,
        u1_0.address,
        u1_0.email,
        u1_0.full_name,
        u1_0.is_active,
        u1_0.password_hash,
        u1_0.phone,
        u1_0.role 
    from
        users u1_0 
    where
        u1_0.id=?
Hibernate: 
    select
        u1_0.id,
        u1_0.address,
        u1_0.email,
        u1_0.full_name,
        u1_0.is_active,
        u1_0.password_hash,
        u1_0.phone,
        u1_0.role 
    from
        users u1_0 
    where
        u1_0.id=?
2025-07-03 23:43:26.460 [pool-16-thread-1] DEBUG org.hibernate.SQL - 
    insert 
    into
        notifications
        (created_at, deleted_at, delivery_id, isDeleted, isRead, message, metadata, order_id, priority, read_at, related_entity_id, restaurant_id, title, type, userId, id) 
    values
        (?, ?, ?, ?, ?, ?, ?, ?, ?, ?, ?, ?, ?, ?, ?, ?)
Hibernate: 
    insert 
    into
        notifications
        (created_at, deleted_at, delivery_id, isDeleted, isRead, message, metadata, order_id, priority, read_at, related_entity_id, restaurant_id, title, type, userId, id) 
    values
        (?, ?, ?, ?, ?, ?, ?, ?, ?, ?, ?, ?, ?, ?, ?, ?)
2025-07-03 23:43:26.460 [pool-16-thread-3] DEBUG org.hibernate.SQL - 
    insert 
    into
        notifications
        (created_at, deleted_at, delivery_id, isDeleted, isRead, message, metadata, order_id, priority, read_at, related_entity_id, restaurant_id, title, type, userId, id) 
    values
        (?, ?, ?, ?, ?, ?, ?, ?, ?, ?, ?, ?, ?, ?, ?, ?)
Hibernate: 
    insert 
    into
        notifications
        (created_at, deleted_at, delivery_id, isDeleted, isRead, message, metadata, order_id, priority, read_at, related_entity_id, restaurant_id, title, type, userId, id) 
    values
        (?, ?, ?, ?, ?, ?, ?, ?, ?, ?, ?, ?, ?, ?, ?, ?)
2025-07-03 23:43:26.460 [pool-16-thread-2] DEBUG org.hibernate.SQL - 
    insert 
    into
        notifications
        (created_at, deleted_at, delivery_id, isDeleted, isRead, message, metadata, order_id, priority, read_at, related_entity_id, restaurant_id, title, type, userId, id) 
    values
        (?, ?, ?, ?, ?, ?, ?, ?, ?, ?, ?, ?, ?, ?, ?, ?)
Hibernate: 
    insert 
    into
        notifications
        (created_at, deleted_at, delivery_id, isDeleted, isRead, message, metadata, order_id, priority, read_at, related_entity_id, restaurant_id, title, type, userId, id) 
    values
        (?, ?, ?, ?, ?, ?, ?, ?, ?, ?, ?, ?, ?, ?, ?, ?)
2025-07-03 23:43:26.460 [pool-16-thread-4] DEBUG org.hibernate.SQL - 
    select
        u1_0.id,
        u1_0.address,
        u1_0.email,
        u1_0.full_name,
        u1_0.is_active,
        u1_0.password_hash,
        u1_0.phone,
        u1_0.role 
    from
        users u1_0 
    where
        u1_0.id=?
Hibernate: 
    select
        u1_0.id,
        u1_0.address,
        u1_0.email,
        u1_0.full_name,
        u1_0.is_active,
        u1_0.password_hash,
        u1_0.phone,
        u1_0.role 
    from
        users u1_0 
    where
        u1_0.id=?
2025-07-03 23:43:26.460 [pool-16-thread-5] DEBUG org.hibernate.SQL - 
    select
        u1_0.id,
        u1_0.address,
        u1_0.email,
        u1_0.full_name,
        u1_0.is_active,
        u1_0.password_hash,
        u1_0.phone,
        u1_0.role 
    from
        users u1_0 
    where
        u1_0.id=?
Hibernate: 
    select
        u1_0.id,
        u1_0.address,
        u1_0.email,
        u1_0.full_name,
        u1_0.is_active,
        u1_0.password_hash,
        u1_0.phone,
        u1_0.role 
    from
        users u1_0 
    where
        u1_0.id=?
2025-07-03 23:43:26.460 [pool-16-thread-6] DEBUG org.hibernate.SQL - 
    select
        u1_0.id,
        u1_0.address,
        u1_0.email,
        u1_0.full_name,
        u1_0.is_active,
        u1_0.password_hash,
        u1_0.phone,
        u1_0.role 
    from
        users u1_0 
    where
        u1_0.id=?
Hibernate: 
    select
        u1_0.id,
        u1_0.address,
        u1_0.email,
        u1_0.full_name,
        u1_0.is_active,
        u1_0.password_hash,
        u1_0.phone,
        u1_0.role 
    from
        users u1_0 
    where
        u1_0.id=?
2025-07-03 23:43:26.460 [pool-16-thread-4] DEBUG org.hibernate.SQL - 
    insert 
    into
        notifications
        (created_at, deleted_at, delivery_id, isDeleted, isRead, message, metadata, order_id, priority, read_at, related_entity_id, restaurant_id, title, type, userId, id) 
    values
        (?, ?, ?, ?, ?, ?, ?, ?, ?, ?, ?, ?, ?, ?, ?, ?)
Hibernate: 
    insert 
    into
        notifications
        (created_at, deleted_at, delivery_id, isDeleted, isRead, message, metadata, order_id, priority, read_at, related_entity_id, restaurant_id, title, type, userId, id) 
    values
        (?, ?, ?, ?, ?, ?, ?, ?, ?, ?, ?, ?, ?, ?, ?, ?)
2025-07-03 23:43:26.460 [pool-16-thread-5] DEBUG org.hibernate.SQL - 
    insert 
    into
        notifications
        (created_at, deleted_at, delivery_id, isDeleted, isRead, message, metadata, order_id, priority, read_at, related_entity_id, restaurant_id, title, type, userId, id) 
    values
        (?, ?, ?, ?, ?, ?, ?, ?, ?, ?, ?, ?, ?, ?, ?, ?)
Hibernate: 
    insert 
    into
        notifications
        (created_at, deleted_at, delivery_id, isDeleted, isRead, message, metadata, order_id, priority, read_at, related_entity_id, restaurant_id, title, type, userId, id) 
    values
        (?, ?, ?, ?, ?, ?, ?, ?, ?, ?, ?, ?, ?, ?, ?, ?)
2025-07-03 23:43:26.460 [pool-16-thread-6] DEBUG org.hibernate.SQL - 
    insert 
    into
        notifications
        (created_at, deleted_at, delivery_id, isDeleted, isRead, message, metadata, order_id, priority, read_at, related_entity_id, restaurant_id, title, type, userId, id) 
    values
        (?, ?, ?, ?, ?, ?, ?, ?, ?, ?, ?, ?, ?, ?, ?, ?)
Hibernate: 
    insert 
    into
        notifications
        (created_at, deleted_at, delivery_id, isDeleted, isRead, message, metadata, order_id, priority, read_at, related_entity_id, restaurant_id, title, type, userId, id) 
    values
        (?, ?, ?, ?, ?, ?, ?, ?, ?, ?, ?, ?, ?, ?, ?, ?)
2025-07-03 23:43:26.460 [pool-16-thread-7] DEBUG org.hibernate.SQL - 
    select
        u1_0.id,
        u1_0.address,
        u1_0.email,
        u1_0.full_name,
        u1_0.is_active,
        u1_0.password_hash,
        u1_0.phone,
        u1_0.role 
    from
        users u1_0 
    where
        u1_0.id=?
Hibernate: 
    select
        u1_0.id,
        u1_0.address,
        u1_0.email,
        u1_0.full_name,
        u1_0.is_active,
        u1_0.password_hash,
        u1_0.phone,
        u1_0.role 
    from
        users u1_0 
    where
        u1_0.id=?
2025-07-03 23:43:26.461 [pool-16-thread-8] DEBUG org.hibernate.SQL - 
    select
        u1_0.id,
        u1_0.address,
        u1_0.email,
        u1_0.full_name,
        u1_0.is_active,
        u1_0.password_hash,
        u1_0.phone,
        u1_0.role 
    from
        users u1_0 
    where
        u1_0.id=?
Hibernate: 
    select
        u1_0.id,
        u1_0.address,
        u1_0.email,
        u1_0.full_name,
        u1_0.is_active,
        u1_0.password_hash,
        u1_0.phone,
        u1_0.role 
    from
        users u1_0 
    where
        u1_0.id=?
2025-07-03 23:43:26.461 [pool-16-thread-7] DEBUG org.hibernate.SQL - 
    insert 
    into
        notifications
        (created_at, deleted_at, delivery_id, isDeleted, isRead, message, metadata, order_id, priority, read_at, related_entity_id, restaurant_id, title, type, userId, id) 
    values
        (?, ?, ?, ?, ?, ?, ?, ?, ?, ?, ?, ?, ?, ?, ?, ?)
Hibernate: 
    insert 
    into
        notifications
        (created_at, deleted_at, delivery_id, isDeleted, isRead, message, metadata, order_id, priority, read_at, related_entity_id, restaurant_id, title, type, userId, id) 
    values
        (?, ?, ?, ?, ?, ?, ?, ?, ?, ?, ?, ?, ?, ?, ?, ?)
2025-07-03 23:43:26.461 [pool-16-thread-8] DEBUG org.hibernate.SQL - 
    insert 
    into
        notifications
        (created_at, deleted_at, delivery_id, isDeleted, isRead, message, metadata, order_id, priority, read_at, related_entity_id, restaurant_id, title, type, userId, id) 
    values
        (?, ?, ?, ?, ?, ?, ?, ?, ?, ?, ?, ?, ?, ?, ?, ?)
Hibernate: 
    insert 
    into
        notifications
        (created_at, deleted_at, delivery_id, isDeleted, isRead, message, metadata, order_id, priority, read_at, related_entity_id, restaurant_id, title, type, userId, id) 
    values
        (?, ?, ?, ?, ?, ?, ?, ?, ?, ?, ?, ?, ?, ?, ?, ?)
2025-07-03 23:43:26.461 [pool-16-thread-9] DEBUG org.hibernate.SQL - 
    select
        u1_0.id,
        u1_0.address,
        u1_0.email,
        u1_0.full_name,
        u1_0.is_active,
        u1_0.password_hash,
        u1_0.phone,
        u1_0.role 
    from
        users u1_0 
    where
        u1_0.id=?
Hibernate: 
    select
        u1_0.id,
        u1_0.address,
        u1_0.email,
        u1_0.full_name,
        u1_0.is_active,
        u1_0.password_hash,
        u1_0.phone,
        u1_0.role 
    from
        users u1_0 
    where
        u1_0.id=?
2025-07-03 23:43:26.461 [pool-16-thread-10] DEBUG org.hibernate.SQL - 
    select
        u1_0.id,
        u1_0.address,
        u1_0.email,
        u1_0.full_name,
        u1_0.is_active,
        u1_0.password_hash,
        u1_0.phone,
        u1_0.role 
    from
        users u1_0 
    where
        u1_0.id=?
Hibernate: 
    select
        u1_0.id,
        u1_0.address,
        u1_0.email,
        u1_0.full_name,
        u1_0.is_active,
        u1_0.password_hash,
        u1_0.phone,
        u1_0.role 
    from
        users u1_0 
    where
        u1_0.id=?
2025-07-03 23:43:26.461 [pool-16-thread-9] DEBUG org.hibernate.SQL - 
    insert 
    into
        notifications
        (created_at, deleted_at, delivery_id, isDeleted, isRead, message, metadata, order_id, priority, read_at, related_entity_id, restaurant_id, title, type, userId, id) 
    values
        (?, ?, ?, ?, ?, ?, ?, ?, ?, ?, ?, ?, ?, ?, ?, ?)
Hibernate: 
    insert 
    into
        notifications
        (created_at, deleted_at, delivery_id, isDeleted, isRead, message, metadata, order_id, priority, read_at, related_entity_id, restaurant_id, title, type, userId, id) 
    values
        (?, ?, ?, ?, ?, ?, ?, ?, ?, ?, ?, ?, ?, ?, ?, ?)
2025-07-03 23:43:26.461 [pool-16-thread-10] DEBUG org.hibernate.SQL - 
    insert 
    into
        notifications
        (created_at, deleted_at, delivery_id, isDeleted, isRead, message, metadata, order_id, priority, read_at, related_entity_id, restaurant_id, title, type, userId, id) 
    values
        (?, ?, ?, ?, ?, ?, ?, ?, ?, ?, ?, ?, ?, ?, ?, ?)
Hibernate: 
    insert 
    into
        notifications
        (created_at, deleted_at, delivery_id, isDeleted, isRead, message, metadata, order_id, priority, read_at, related_entity_id, restaurant_id, title, type, userId, id) 
    values
        (?, ?, ?, ?, ?, ?, ?, ?, ?, ?, ?, ?, ?, ?, ?, ?)
2025-07-03 23:43:26.462 [pool-16-thread-1] DEBUG org.hibernate.SQL - 
    select
        u1_0.id,
        u1_0.address,
        u1_0.email,
        u1_0.full_name,
        u1_0.is_active,
        u1_0.password_hash,
        u1_0.phone,
        u1_0.role 
    from
        users u1_0 
    where
        u1_0.id=?
Hibernate: 
    select
        u1_0.id,
        u1_0.address,
        u1_0.email,
        u1_0.full_name,
        u1_0.is_active,
        u1_0.password_hash,
        u1_0.phone,
        u1_0.role 
    from
        users u1_0 
    where
        u1_0.id=?
2025-07-03 23:43:26.462 [pool-16-thread-1] DEBUG org.hibernate.SQL - 
    insert 
    into
        notifications
        (created_at, deleted_at, delivery_id, isDeleted, isRead, message, metadata, order_id, priority, read_at, related_entity_id, restaurant_id, title, type, userId, id) 
    values
        (?, ?, ?, ?, ?, ?, ?, ?, ?, ?, ?, ?, ?, ?, ?, ?)
Hibernate: 
    insert 
    into
        notifications
        (created_at, deleted_at, delivery_id, isDeleted, isRead, message, metadata, order_id, priority, read_at, related_entity_id, restaurant_id, title, type, userId, id) 
    values
        (?, ?, ?, ?, ?, ?, ?, ?, ?, ?, ?, ?, ?, ?, ?, ?)
2025-07-03 23:43:26.464 [pool-16-thread-10] DEBUG org.hibernate.SQL - 
    select
        u1_0.id,
        u1_0.address,
        u1_0.email,
        u1_0.full_name,
        u1_0.is_active,
        u1_0.password_hash,
        u1_0.phone,
        u1_0.role 
    from
        users u1_0 
    where
        u1_0.id=?
Hibernate: 
    select
        u1_0.id,
        u1_0.address,
        u1_0.email,
        u1_0.full_name,
        u1_0.is_active,
        u1_0.password_hash,
        u1_0.phone,
        u1_0.role 
    from
        users u1_0 
    where
        u1_0.id=?
2025-07-03 23:43:26.464 [pool-16-thread-10] DEBUG org.hibernate.SQL - 
    insert 
    into
        notifications
        (created_at, deleted_at, delivery_id, isDeleted, isRead, message, metadata, order_id, priority, read_at, related_entity_id, restaurant_id, title, type, userId, id) 
    values
        (?, ?, ?, ?, ?, ?, ?, ?, ?, ?, ?, ?, ?, ?, ?, ?)
Hibernate: 
    insert 
    into
        notifications
        (created_at, deleted_at, delivery_id, isDeleted, isRead, message, metadata, order_id, priority, read_at, related_entity_id, restaurant_id, title, type, userId, id) 
    values
        (?, ?, ?, ?, ?, ?, ?, ?, ?, ?, ?, ?, ?, ?, ?, ?)
2025-07-03 23:43:26.466 [pool-16-thread-9] DEBUG org.hibernate.SQL - 
    select
        u1_0.id,
        u1_0.address,
        u1_0.email,
        u1_0.full_name,
        u1_0.is_active,
        u1_0.password_hash,
        u1_0.phone,
        u1_0.role 
    from
        users u1_0 
    where
        u1_0.id=?
Hibernate: 
    select
        u1_0.id,
        u1_0.address,
        u1_0.email,
        u1_0.full_name,
        u1_0.is_active,
        u1_0.password_hash,
        u1_0.phone,
        u1_0.role 
    from
        users u1_0 
    where
        u1_0.id=?
2025-07-03 23:43:26.466 [pool-16-thread-9] DEBUG org.hibernate.SQL - 
    insert 
    into
        notifications
        (created_at, deleted_at, delivery_id, isDeleted, isRead, message, metadata, order_id, priority, read_at, related_entity_id, restaurant_id, title, type, userId, id) 
    values
        (?, ?, ?, ?, ?, ?, ?, ?, ?, ?, ?, ?, ?, ?, ?, ?)
Hibernate: 
    insert 
    into
        notifications
        (created_at, deleted_at, delivery_id, isDeleted, isRead, message, metadata, order_id, priority, read_at, related_entity_id, restaurant_id, title, type, userId, id) 
    values
        (?, ?, ?, ?, ?, ?, ?, ?, ?, ?, ?, ?, ?, ?, ?, ?)
2025-07-03 23:43:26.469 [pool-16-thread-9] DEBUG org.hibernate.SQL - 
    select
        u1_0.id,
        u1_0.address,
        u1_0.email,
        u1_0.full_name,
        u1_0.is_active,
        u1_0.password_hash,
        u1_0.phone,
        u1_0.role 
    from
        users u1_0 
    where
        u1_0.id=?
Hibernate: 
    select
        u1_0.id,
        u1_0.address,
        u1_0.email,
        u1_0.full_name,
        u1_0.is_active,
        u1_0.password_hash,
        u1_0.phone,
        u1_0.role 
    from
        users u1_0 
    where
        u1_0.id=?
2025-07-03 23:43:26.469 [pool-16-thread-9] DEBUG org.hibernate.SQL - 
    insert 
    into
        notifications
        (created_at, deleted_at, delivery_id, isDeleted, isRead, message, metadata, order_id, priority, read_at, related_entity_id, restaurant_id, title, type, userId, id) 
    values
        (?, ?, ?, ?, ?, ?, ?, ?, ?, ?, ?, ?, ?, ?, ?, ?)
Hibernate: 
    insert 
    into
        notifications
        (created_at, deleted_at, delivery_id, isDeleted, isRead, message, metadata, order_id, priority, read_at, related_entity_id, restaurant_id, title, type, userId, id) 
    values
        (?, ?, ?, ?, ?, ?, ?, ?, ?, ?, ?, ?, ?, ?, ?, ?)
2025-07-03 23:43:26.471 [pool-16-thread-9] DEBUG org.hibernate.SQL - 
    select
        u1_0.id,
        u1_0.address,
        u1_0.email,
        u1_0.full_name,
        u1_0.is_active,
        u1_0.password_hash,
        u1_0.phone,
        u1_0.role 
    from
        users u1_0 
    where
        u1_0.id=?
Hibernate: 
    select
        u1_0.id,
        u1_0.address,
        u1_0.email,
        u1_0.full_name,
        u1_0.is_active,
        u1_0.password_hash,
        u1_0.phone,
        u1_0.role 
    from
        users u1_0 
    where
        u1_0.id=?
2025-07-03 23:43:26.471 [pool-16-thread-9] DEBUG org.hibernate.SQL - 
    insert 
    into
        notifications
        (created_at, deleted_at, delivery_id, isDeleted, isRead, message, metadata, order_id, priority, read_at, related_entity_id, restaurant_id, title, type, userId, id) 
    values
        (?, ?, ?, ?, ?, ?, ?, ?, ?, ?, ?, ?, ?, ?, ?, ?)
Hibernate: 
    insert 
    into
        notifications
        (created_at, deleted_at, delivery_id, isDeleted, isRead, message, metadata, order_id, priority, read_at, related_entity_id, restaurant_id, title, type, userId, id) 
    values
        (?, ?, ?, ?, ?, ?, ?, ?, ?, ?, ?, ?, ?, ?, ?, ?)
2025-07-03 23:43:26.473 [pool-16-thread-9] DEBUG org.hibernate.SQL - 
    select
        u1_0.id,
        u1_0.address,
        u1_0.email,
        u1_0.full_name,
        u1_0.is_active,
        u1_0.password_hash,
        u1_0.phone,
        u1_0.role 
    from
        users u1_0 
    where
        u1_0.id=?
Hibernate: 
    select
        u1_0.id,
        u1_0.address,
        u1_0.email,
        u1_0.full_name,
        u1_0.is_active,
        u1_0.password_hash,
        u1_0.phone,
        u1_0.role 
    from
        users u1_0 
    where
        u1_0.id=?
2025-07-03 23:43:26.473 [pool-16-thread-9] DEBUG org.hibernate.SQL - 
    insert 
    into
        notifications
        (created_at, deleted_at, delivery_id, isDeleted, isRead, message, metadata, order_id, priority, read_at, related_entity_id, restaurant_id, title, type, userId, id) 
    values
        (?, ?, ?, ?, ?, ?, ?, ?, ?, ?, ?, ?, ?, ?, ?, ?)
Hibernate: 
    insert 
    into
        notifications
        (created_at, deleted_at, delivery_id, isDeleted, isRead, message, metadata, order_id, priority, read_at, related_entity_id, restaurant_id, title, type, userId, id) 
    values
        (?, ?, ?, ?, ?, ?, ?, ?, ?, ?, ?, ?, ?, ?, ?, ?)
2025-07-03 23:43:26.475 [pool-16-thread-9] DEBUG org.hibernate.SQL - 
    select
        u1_0.id,
        u1_0.address,
        u1_0.email,
        u1_0.full_name,
        u1_0.is_active,
        u1_0.password_hash,
        u1_0.phone,
        u1_0.role 
    from
        users u1_0 
    where
        u1_0.id=?
Hibernate: 
    select
        u1_0.id,
        u1_0.address,
        u1_0.email,
        u1_0.full_name,
        u1_0.is_active,
        u1_0.password_hash,
        u1_0.phone,
        u1_0.role 
    from
        users u1_0 
    where
        u1_0.id=?
2025-07-03 23:43:26.475 [pool-16-thread-9] DEBUG org.hibernate.SQL - 
    insert 
    into
        notifications
        (created_at, deleted_at, delivery_id, isDeleted, isRead, message, metadata, order_id, priority, read_at, related_entity_id, restaurant_id, title, type, userId, id) 
    values
        (?, ?, ?, ?, ?, ?, ?, ?, ?, ?, ?, ?, ?, ?, ?, ?)
Hibernate: 
    insert 
    into
        notifications
        (created_at, deleted_at, delivery_id, isDeleted, isRead, message, metadata, order_id, priority, read_at, related_entity_id, restaurant_id, title, type, userId, id) 
    values
        (?, ?, ?, ?, ?, ?, ?, ?, ?, ?, ?, ?, ?, ?, ?, ?)
2025-07-03 23:43:26.477 [pool-16-thread-9] DEBUG org.hibernate.SQL - 
    select
        u1_0.id,
        u1_0.address,
        u1_0.email,
        u1_0.full_name,
        u1_0.is_active,
        u1_0.password_hash,
        u1_0.phone,
        u1_0.role 
    from
        users u1_0 
    where
        u1_0.id=?
Hibernate: 
    select
        u1_0.id,
        u1_0.address,
        u1_0.email,
        u1_0.full_name,
        u1_0.is_active,
        u1_0.password_hash,
        u1_0.phone,
        u1_0.role 
    from
        users u1_0 
    where
        u1_0.id=?
2025-07-03 23:43:26.477 [pool-16-thread-9] DEBUG org.hibernate.SQL - 
    insert 
    into
        notifications
        (created_at, deleted_at, delivery_id, isDeleted, isRead, message, metadata, order_id, priority, read_at, related_entity_id, restaurant_id, title, type, userId, id) 
    values
        (?, ?, ?, ?, ?, ?, ?, ?, ?, ?, ?, ?, ?, ?, ?, ?)
Hibernate: 
    insert 
    into
        notifications
        (created_at, deleted_at, delivery_id, isDeleted, isRead, message, metadata, order_id, priority, read_at, related_entity_id, restaurant_id, title, type, userId, id) 
    values
        (?, ?, ?, ?, ?, ?, ?, ?, ?, ?, ?, ?, ?, ?, ?, ?)
2025-07-03 23:43:26.479 [pool-16-thread-9] DEBUG org.hibernate.SQL - 
    select
        u1_0.id,
        u1_0.address,
        u1_0.email,
        u1_0.full_name,
        u1_0.is_active,
        u1_0.password_hash,
        u1_0.phone,
        u1_0.role 
    from
        users u1_0 
    where
        u1_0.id=?
Hibernate: 
    select
        u1_0.id,
        u1_0.address,
        u1_0.email,
        u1_0.full_name,
        u1_0.is_active,
        u1_0.password_hash,
        u1_0.phone,
        u1_0.role 
    from
        users u1_0 
    where
        u1_0.id=?
2025-07-03 23:43:26.479 [pool-16-thread-9] DEBUG org.hibernate.SQL - 
    insert 
    into
        notifications
        (created_at, deleted_at, delivery_id, isDeleted, isRead, message, metadata, order_id, priority, read_at, related_entity_id, restaurant_id, title, type, userId, id) 
    values
        (?, ?, ?, ?, ?, ?, ?, ?, ?, ?, ?, ?, ?, ?, ?, ?)
Hibernate: 
    insert 
    into
        notifications
        (created_at, deleted_at, delivery_id, isDeleted, isRead, message, metadata, order_id, priority, read_at, related_entity_id, restaurant_id, title, type, userId, id) 
    values
        (?, ?, ?, ?, ?, ?, ?, ?, ?, ?, ?, ?, ?, ?, ?, ?)
2025-07-03 23:43:26.481 [pool-16-thread-9] DEBUG org.hibernate.SQL - 
    select
        u1_0.id,
        u1_0.address,
        u1_0.email,
        u1_0.full_name,
        u1_0.is_active,
        u1_0.password_hash,
        u1_0.phone,
        u1_0.role 
    from
        users u1_0 
    where
        u1_0.id=?
Hibernate: 
    select
        u1_0.id,
        u1_0.address,
        u1_0.email,
        u1_0.full_name,
        u1_0.is_active,
        u1_0.password_hash,
        u1_0.phone,
        u1_0.role 
    from
        users u1_0 
    where
        u1_0.id=?
2025-07-03 23:43:26.481 [pool-16-thread-9] DEBUG org.hibernate.SQL - 
    insert 
    into
        notifications
        (created_at, deleted_at, delivery_id, isDeleted, isRead, message, metadata, order_id, priority, read_at, related_entity_id, restaurant_id, title, type, userId, id) 
    values
        (?, ?, ?, ?, ?, ?, ?, ?, ?, ?, ?, ?, ?, ?, ?, ?)
Hibernate: 
    insert 
    into
        notifications
        (created_at, deleted_at, delivery_id, isDeleted, isRead, message, metadata, order_id, priority, read_at, related_entity_id, restaurant_id, title, type, userId, id) 
    values
        (?, ?, ?, ?, ?, ?, ?, ?, ?, ?, ?, ?, ?, ?, ?, ?)
2025-07-03 23:43:26.483 [pool-16-thread-1] DEBUG org.hibernate.SQL - 
    select
        u1_0.id,
        u1_0.address,
        u1_0.email,
        u1_0.full_name,
        u1_0.is_active,
        u1_0.password_hash,
        u1_0.phone,
        u1_0.role 
    from
        users u1_0 
    where
        u1_0.id=?
Hibernate: 
    select
        u1_0.id,
        u1_0.address,
        u1_0.email,
        u1_0.full_name,
        u1_0.is_active,
        u1_0.password_hash,
        u1_0.phone,
        u1_0.role 
    from
        users u1_0 
    where
        u1_0.id=?
2025-07-03 23:43:26.484 [pool-16-thread-1] DEBUG org.hibernate.SQL - 
    insert 
    into
        notifications
        (created_at, deleted_at, delivery_id, isDeleted, isRead, message, metadata, order_id, priority, read_at, related_entity_id, restaurant_id, title, type, userId, id) 
    values
        (?, ?, ?, ?, ?, ?, ?, ?, ?, ?, ?, ?, ?, ?, ?, ?)
Hibernate: 
    insert 
    into
        notifications
        (created_at, deleted_at, delivery_id, isDeleted, isRead, message, metadata, order_id, priority, read_at, related_entity_id, restaurant_id, title, type, userId, id) 
    values
        (?, ?, ?, ?, ?, ?, ?, ?, ?, ?, ?, ?, ?, ?, ?, ?)
2025-07-03 23:43:26.486 [pool-16-thread-1] DEBUG org.hibernate.SQL - 
    select
        u1_0.id,
        u1_0.address,
        u1_0.email,
        u1_0.full_name,
        u1_0.is_active,
        u1_0.password_hash,
        u1_0.phone,
        u1_0.role 
    from
        users u1_0 
    where
        u1_0.id=?
Hibernate: 
    select
        u1_0.id,
        u1_0.address,
        u1_0.email,
        u1_0.full_name,
        u1_0.is_active,
        u1_0.password_hash,
        u1_0.phone,
        u1_0.role 
    from
        users u1_0 
    where
        u1_0.id=?
2025-07-03 23:43:26.486 [pool-16-thread-1] DEBUG org.hibernate.SQL - 
    insert 
    into
        notifications
        (created_at, deleted_at, delivery_id, isDeleted, isRead, message, metadata, order_id, priority, read_at, related_entity_id, restaurant_id, title, type, userId, id) 
    values
        (?, ?, ?, ?, ?, ?, ?, ?, ?, ?, ?, ?, ?, ?, ?, ?)
Hibernate: 
    insert 
    into
        notifications
        (created_at, deleted_at, delivery_id, isDeleted, isRead, message, metadata, order_id, priority, read_at, related_entity_id, restaurant_id, title, type, userId, id) 
    values
        (?, ?, ?, ?, ?, ?, ?, ?, ?, ?, ?, ?, ?, ?, ?, ?)
2025-07-03 23:43:26.488 [pool-16-thread-1] DEBUG org.hibernate.SQL - 
    select
        u1_0.id,
        u1_0.address,
        u1_0.email,
        u1_0.full_name,
        u1_0.is_active,
        u1_0.password_hash,
        u1_0.phone,
        u1_0.role 
    from
        users u1_0 
    where
        u1_0.id=?
Hibernate: 
    select
        u1_0.id,
        u1_0.address,
        u1_0.email,
        u1_0.full_name,
        u1_0.is_active,
        u1_0.password_hash,
        u1_0.phone,
        u1_0.role 
    from
        users u1_0 
    where
        u1_0.id=?
Notification creation failed: org.hibernate.resource.jdbc.internal.LogicalConnectionManagedImpl@2b898c2a is closed
2025-07-03 23:43:26.488 [pool-16-thread-1] DEBUG org.hibernate.SQL - 
    select
        u1_0.id,
        u1_0.address,
        u1_0.email,
        u1_0.full_name,
        u1_0.is_active,
        u1_0.password_hash,
        u1_0.phone,
        u1_0.role 
    from
        users u1_0 
    where
        u1_0.id=?
Hibernate: 
    select
        u1_0.id,
        u1_0.address,
        u1_0.email,
        u1_0.full_name,
        u1_0.is_active,
        u1_0.password_hash,
        u1_0.phone,
        u1_0.role 
    from
        users u1_0 
    where
        u1_0.id=?
Notification creation failed: org.hibernate.resource.jdbc.internal.LogicalConnectionManagedImpl@21e5698e is closed
2025-07-03 23:43:26.488 [pool-16-thread-1] DEBUG org.hibernate.SQL - 
    select
        u1_0.id,
        u1_0.address,
        u1_0.email,
        u1_0.full_name,
        u1_0.is_active,
        u1_0.password_hash,
        u1_0.phone,
        u1_0.role 
    from
        users u1_0 
    where
        u1_0.id=?
Hibernate: 
    select
        u1_0.id,
        u1_0.address,
        u1_0.email,
        u1_0.full_name,
        u1_0.is_active,
        u1_0.password_hash,
        u1_0.phone,
        u1_0.role 
    from
        users u1_0 
    where
        u1_0.id=?
Notification creation failed: org.hibernate.resource.jdbc.internal.LogicalConnectionManagedImpl@61eda0e3 is closed
2025-07-03 23:43:26.488 [pool-16-thread-1] DEBUG org.hibernate.SQL - 
    select
        u1_0.id,
        u1_0.address,
        u1_0.email,
        u1_0.full_name,
        u1_0.is_active,
        u1_0.password_hash,
        u1_0.phone,
        u1_0.role 
    from
        users u1_0 
    where
        u1_0.id=?
Hibernate: 
    select
        u1_0.id,
        u1_0.address,
        u1_0.email,
        u1_0.full_name,
        u1_0.is_active,
        u1_0.password_hash,
        u1_0.phone,
        u1_0.role 
    from
        users u1_0 
    where
        u1_0.id=?
Notification creation failed: org.hibernate.resource.jdbc.internal.LogicalConnectionManagedImpl@4b9a1735 is closed
2025-07-03 23:43:26.488 [pool-16-thread-1] DEBUG org.hibernate.SQL - 
    select
        u1_0.id,
        u1_0.address,
        u1_0.email,
        u1_0.full_name,
        u1_0.is_active,
        u1_0.password_hash,
        u1_0.phone,
        u1_0.role 
    from
        users u1_0 
    where
        u1_0.id=?
Hibernate: 
    select
        u1_0.id,
        u1_0.address,
        u1_0.email,
        u1_0.full_name,
        u1_0.is_active,
        u1_0.password_hash,
        u1_0.phone,
        u1_0.role 
    from
        users u1_0 
    where
        u1_0.id=?
Notification creation failed: org.hibernate.resource.jdbc.internal.LogicalConnectionManagedImpl@2a09e08 is closed
2025-07-03 23:43:26.488 [pool-16-thread-1] DEBUG org.hibernate.SQL - 
    select
        u1_0.id,
        u1_0.address,
        u1_0.email,
        u1_0.full_name,
        u1_0.is_active,
        u1_0.password_hash,
        u1_0.phone,
        u1_0.role 
    from
        users u1_0 
    where
        u1_0.id=?
Hibernate: 
    select
        u1_0.id,
        u1_0.address,
        u1_0.email,
        u1_0.full_name,
        u1_0.is_active,
        u1_0.password_hash,
        u1_0.phone,
        u1_0.role 
    from
        users u1_0 
    where
        u1_0.id=?
Notification creation failed: org.hibernate.resource.jdbc.internal.LogicalConnectionManagedImpl@60daa4ec is closed
2025-07-03 23:43:26.488 [pool-16-thread-1] DEBUG org.hibernate.SQL - 
    select
        u1_0.id,
        u1_0.address,
        u1_0.email,
        u1_0.full_name,
        u1_0.is_active,
        u1_0.password_hash,
        u1_0.phone,
        u1_0.role 
    from
        users u1_0 
    where
        u1_0.id=?
Hibernate: 
    select
        u1_0.id,
        u1_0.address,
        u1_0.email,
        u1_0.full_name,
        u1_0.is_active,
        u1_0.password_hash,
        u1_0.phone,
        u1_0.role 
    from
        users u1_0 
    where
        u1_0.id=?
Notification creation failed: org.hibernate.resource.jdbc.internal.LogicalConnectionManagedImpl@634a0271 is closed
2025-07-03 23:43:26.489 [pool-16-thread-1] DEBUG org.hibernate.SQL - 
    select
        u1_0.id,
        u1_0.address,
        u1_0.email,
        u1_0.full_name,
        u1_0.is_active,
        u1_0.password_hash,
        u1_0.phone,
        u1_0.role 
    from
        users u1_0 
    where
        u1_0.id=?
Hibernate: 
    select
        u1_0.id,
        u1_0.address,
        u1_0.email,
        u1_0.full_name,
        u1_0.is_active,
        u1_0.password_hash,
        u1_0.phone,
        u1_0.role 
    from
        users u1_0 
    where
        u1_0.id=?
Notification creation failed: org.hibernate.resource.jdbc.internal.LogicalConnectionManagedImpl@1c8c3ecb is closed
2025-07-03 23:43:26.489 [pool-16-thread-1] DEBUG org.hibernate.SQL - 
    select
        u1_0.id,
        u1_0.address,
        u1_0.email,
        u1_0.full_name,
        u1_0.is_active,
        u1_0.password_hash,
        u1_0.phone,
        u1_0.role 
    from
        users u1_0 
    where
        u1_0.id=?
Hibernate: 
    select
        u1_0.id,
        u1_0.address,
        u1_0.email,
        u1_0.full_name,
        u1_0.is_active,
        u1_0.password_hash,
        u1_0.phone,
        u1_0.role 
    from
        users u1_0 
    where
        u1_0.id=?
Notification creation failed: org.hibernate.resource.jdbc.internal.LogicalConnectionManagedImpl@3bdc723f is closed
2025-07-03 23:43:26.489 [pool-16-thread-1] DEBUG org.hibernate.SQL - 
    select
        u1_0.id,
        u1_0.address,
        u1_0.email,
        u1_0.full_name,
        u1_0.is_active,
        u1_0.password_hash,
        u1_0.phone,
        u1_0.role 
    from
        users u1_0 
    where
        u1_0.id=?
Hibernate: 
    select
        u1_0.id,
        u1_0.address,
        u1_0.email,
        u1_0.full_name,
        u1_0.is_active,
        u1_0.password_hash,
        u1_0.phone,
        u1_0.role 
    from
        users u1_0 
    where
        u1_0.id=?
Notification creation failed: org.hibernate.resource.jdbc.internal.LogicalConnectionManagedImpl@7e9b169a is closed
2025-07-03 23:43:26.489 [pool-16-thread-1] DEBUG org.hibernate.SQL - 
    select
        u1_0.id,
        u1_0.address,
        u1_0.email,
        u1_0.full_name,
        u1_0.is_active,
        u1_0.password_hash,
        u1_0.phone,
        u1_0.role 
    from
        users u1_0 
    where
        u1_0.id=?
Hibernate: 
    select
        u1_0.id,
        u1_0.address,
        u1_0.email,
        u1_0.full_name,
        u1_0.is_active,
        u1_0.password_hash,
        u1_0.phone,
        u1_0.role 
    from
        users u1_0 
    where
        u1_0.id=?
Notification creation failed: org.hibernate.resource.jdbc.internal.LogicalConnectionManagedImpl@14f795c7 is closed
2025-07-03 23:43:26.489 [pool-16-thread-1] DEBUG org.hibernate.SQL - 
    select
        u1_0.id,
        u1_0.address,
        u1_0.email,
        u1_0.full_name,
        u1_0.is_active,
        u1_0.password_hash,
        u1_0.phone,
        u1_0.role 
    from
        users u1_0 
    where
        u1_0.id=?
Hibernate: 
    select
        u1_0.id,
        u1_0.address,
        u1_0.email,
        u1_0.full_name,
        u1_0.is_active,
        u1_0.password_hash,
        u1_0.phone,
        u1_0.role 
    from
        users u1_0 
    where
        u1_0.id=?
Notification creation failed: org.hibernate.resource.jdbc.internal.LogicalConnectionManagedImpl@6baeff47 is closed
2025-07-03 23:43:26.489 [pool-16-thread-1] DEBUG org.hibernate.SQL - 
    select
        u1_0.id,
        u1_0.address,
        u1_0.email,
        u1_0.full_name,
        u1_0.is_active,
        u1_0.password_hash,
        u1_0.phone,
        u1_0.role 
    from
        users u1_0 
    where
        u1_0.id=?
Hibernate: 
    select
        u1_0.id,
        u1_0.address,
        u1_0.email,
        u1_0.full_name,
        u1_0.is_active,
        u1_0.password_hash,
        u1_0.phone,
        u1_0.role 
    from
        users u1_0 
    where
        u1_0.id=?
Notification creation failed: org.hibernate.resource.jdbc.internal.LogicalConnectionManagedImpl@20471901 is closed
2025-07-03 23:43:26.489 [pool-16-thread-1] DEBUG org.hibernate.SQL - 
    select
        u1_0.id,
        u1_0.address,
        u1_0.email,
        u1_0.full_name,
        u1_0.is_active,
        u1_0.password_hash,
        u1_0.phone,
        u1_0.role 
    from
        users u1_0 
    where
        u1_0.id=?
Hibernate: 
    select
        u1_0.id,
        u1_0.address,
        u1_0.email,
        u1_0.full_name,
        u1_0.is_active,
        u1_0.password_hash,
        u1_0.phone,
        u1_0.role 
    from
        users u1_0 
    where
        u1_0.id=?
Notification creation failed: org.hibernate.resource.jdbc.internal.LogicalConnectionManagedImpl@38e72aa4 is closed
2025-07-03 23:43:26.489 [pool-16-thread-1] DEBUG org.hibernate.SQL - 
    select
        u1_0.id,
        u1_0.address,
        u1_0.email,
        u1_0.full_name,
        u1_0.is_active,
        u1_0.password_hash,
        u1_0.phone,
        u1_0.role 
    from
        users u1_0 
    where
        u1_0.id=?
Hibernate: 
    select
        u1_0.id,
        u1_0.address,
        u1_0.email,
        u1_0.full_name,
        u1_0.is_active,
        u1_0.password_hash,
        u1_0.phone,
        u1_0.role 
    from
        users u1_0 
    where
        u1_0.id=?
Notification creation failed: org.hibernate.resource.jdbc.internal.LogicalConnectionManagedImpl@66e5bf0f is closed
2025-07-03 23:43:26.489 [pool-16-thread-1] DEBUG org.hibernate.SQL - 
    select
        u1_0.id,
        u1_0.address,
        u1_0.email,
        u1_0.full_name,
        u1_0.is_active,
        u1_0.password_hash,
        u1_0.phone,
        u1_0.role 
    from
        users u1_0 
    where
        u1_0.id=?
Hibernate: 
    select
        u1_0.id,
        u1_0.address,
        u1_0.email,
        u1_0.full_name,
        u1_0.is_active,
        u1_0.password_hash,
        u1_0.phone,
        u1_0.role 
    from
        users u1_0 
    where
        u1_0.id=?
Notification creation failed: org.hibernate.resource.jdbc.internal.LogicalConnectionManagedImpl@549610b5 is closed
2025-07-03 23:43:26.489 [pool-16-thread-1] DEBUG org.hibernate.SQL - 
    select
        u1_0.id,
        u1_0.address,
        u1_0.email,
        u1_0.full_name,
        u1_0.is_active,
        u1_0.password_hash,
        u1_0.phone,
        u1_0.role 
    from
        users u1_0 
    where
        u1_0.id=?
Hibernate: 
    select
        u1_0.id,
        u1_0.address,
        u1_0.email,
        u1_0.full_name,
        u1_0.is_active,
        u1_0.password_hash,
        u1_0.phone,
        u1_0.role 
    from
        users u1_0 
    where
        u1_0.id=?
Notification creation failed: org.hibernate.resource.jdbc.internal.LogicalConnectionManagedImpl@5e45a299 is closed
2025-07-03 23:43:26.489 [pool-16-thread-1] DEBUG org.hibernate.SQL - 
    select
        u1_0.id,
        u1_0.address,
        u1_0.email,
        u1_0.full_name,
        u1_0.is_active,
        u1_0.password_hash,
        u1_0.phone,
        u1_0.role 
    from
        users u1_0 
    where
        u1_0.id=?
Hibernate: 
    select
        u1_0.id,
        u1_0.address,
        u1_0.email,
        u1_0.full_name,
        u1_0.is_active,
        u1_0.password_hash,
        u1_0.phone,
        u1_0.role 
    from
        users u1_0 
    where
        u1_0.id=?
Notification creation failed: org.hibernate.resource.jdbc.internal.LogicalConnectionManagedImpl@346145c8 is closed
2025-07-03 23:43:26.489 [pool-16-thread-1] DEBUG org.hibernate.SQL - 
    select
        u1_0.id,
        u1_0.address,
        u1_0.email,
        u1_0.full_name,
        u1_0.is_active,
        u1_0.password_hash,
        u1_0.phone,
        u1_0.role 
    from
        users u1_0 
    where
        u1_0.id=?
Hibernate: 
    select
        u1_0.id,
        u1_0.address,
        u1_0.email,
        u1_0.full_name,
        u1_0.is_active,
        u1_0.password_hash,
        u1_0.phone,
        u1_0.role 
    from
        users u1_0 
    where
        u1_0.id=?
Notification creation failed: org.hibernate.resource.jdbc.internal.LogicalConnectionManagedImpl@7de14d70 is closed
2025-07-03 23:43:26.489 [pool-16-thread-1] DEBUG org.hibernate.SQL - 
    select
        u1_0.id,
        u1_0.address,
        u1_0.email,
        u1_0.full_name,
        u1_0.is_active,
        u1_0.password_hash,
        u1_0.phone,
        u1_0.role 
    from
        users u1_0 
    where
        u1_0.id=?
Hibernate: 
    select
        u1_0.id,
        u1_0.address,
        u1_0.email,
        u1_0.full_name,
        u1_0.is_active,
        u1_0.password_hash,
        u1_0.phone,
        u1_0.role 
    from
        users u1_0 
    where
        u1_0.id=?
Notification creation failed: org.hibernate.resource.jdbc.internal.LogicalConnectionManagedImpl@3e963179 is closed
2025-07-03 23:43:26.490 [pool-16-thread-1] DEBUG org.hibernate.SQL - 
    select
        u1_0.id,
        u1_0.address,
        u1_0.email,
        u1_0.full_name,
        u1_0.is_active,
        u1_0.password_hash,
        u1_0.phone,
        u1_0.role 
    from
        users u1_0 
    where
        u1_0.id=?
Hibernate: 
    select
        u1_0.id,
        u1_0.address,
        u1_0.email,
        u1_0.full_name,
        u1_0.is_active,
        u1_0.password_hash,
        u1_0.phone,
        u1_0.role 
    from
        users u1_0 
    where
        u1_0.id=?
Notification creation failed: org.hibernate.resource.jdbc.internal.LogicalConnectionManagedImpl@6f8017f8 is closed
2025-07-03 23:43:26.490 [pool-16-thread-1] DEBUG org.hibernate.SQL - 
    select
        u1_0.id,
        u1_0.address,
        u1_0.email,
        u1_0.full_name,
        u1_0.is_active,
        u1_0.password_hash,
        u1_0.phone,
        u1_0.role 
    from
        users u1_0 
    where
        u1_0.id=?
Hibernate: 
    select
        u1_0.id,
        u1_0.address,
        u1_0.email,
        u1_0.full_name,
        u1_0.is_active,
        u1_0.password_hash,
        u1_0.phone,
        u1_0.role 
    from
        users u1_0 
    where
        u1_0.id=?
Notification creation failed: org.hibernate.resource.jdbc.internal.LogicalConnectionManagedImpl@bf09141 is closed
2025-07-03 23:43:26.490 [pool-16-thread-1] DEBUG org.hibernate.SQL - 
    select
        u1_0.id,
        u1_0.address,
        u1_0.email,
        u1_0.full_name,
        u1_0.is_active,
        u1_0.password_hash,
        u1_0.phone,
        u1_0.role 
    from
        users u1_0 
    where
        u1_0.id=?
Hibernate: 
    select
        u1_0.id,
        u1_0.address,
        u1_0.email,
        u1_0.full_name,
        u1_0.is_active,
        u1_0.password_hash,
        u1_0.phone,
        u1_0.role 
    from
        users u1_0 
    where
        u1_0.id=?
Notification creation failed: org.hibernate.resource.jdbc.internal.LogicalConnectionManagedImpl@5c90650e is closed
2025-07-03 23:43:26.490 [pool-16-thread-1] DEBUG org.hibernate.SQL - 
    select
        u1_0.id,
        u1_0.address,
        u1_0.email,
        u1_0.full_name,
        u1_0.is_active,
        u1_0.password_hash,
        u1_0.phone,
        u1_0.role 
    from
        users u1_0 
    where
        u1_0.id=?
Hibernate: 
    select
        u1_0.id,
        u1_0.address,
        u1_0.email,
        u1_0.full_name,
        u1_0.is_active,
        u1_0.password_hash,
        u1_0.phone,
        u1_0.role 
    from
        users u1_0 
    where
        u1_0.id=?
Notification creation failed: org.hibernate.resource.jdbc.internal.LogicalConnectionManagedImpl@78a3af37 is closed
2025-07-03 23:43:26.490 [pool-16-thread-1] DEBUG org.hibernate.SQL - 
    select
        u1_0.id,
        u1_0.address,
        u1_0.email,
        u1_0.full_name,
        u1_0.is_active,
        u1_0.password_hash,
        u1_0.phone,
        u1_0.role 
    from
        users u1_0 
    where
        u1_0.id=?
Hibernate: 
    select
        u1_0.id,
        u1_0.address,
        u1_0.email,
        u1_0.full_name,
        u1_0.is_active,
        u1_0.password_hash,
        u1_0.phone,
        u1_0.role 
    from
        users u1_0 
    where
        u1_0.id=?
Notification creation failed: org.hibernate.resource.jdbc.internal.LogicalConnectionManagedImpl@258890f2 is closed
2025-07-03 23:43:26.490 [pool-16-thread-1] DEBUG org.hibernate.SQL - 
    select
        u1_0.id,
        u1_0.address,
        u1_0.email,
        u1_0.full_name,
        u1_0.is_active,
        u1_0.password_hash,
        u1_0.phone,
        u1_0.role 
    from
        users u1_0 
    where
        u1_0.id=?
Hibernate: 
    select
        u1_0.id,
        u1_0.address,
        u1_0.email,
        u1_0.full_name,
        u1_0.is_active,
        u1_0.password_hash,
        u1_0.phone,
        u1_0.role 
    from
        users u1_0 
    where
        u1_0.id=?
Notification creation failed: org.hibernate.resource.jdbc.internal.LogicalConnectionManagedImpl@2bab708a is closed
2025-07-03 23:43:26.490 [pool-16-thread-1] DEBUG org.hibernate.SQL - 
    select
        u1_0.id,
        u1_0.address,
        u1_0.email,
        u1_0.full_name,
        u1_0.is_active,
        u1_0.password_hash,
        u1_0.phone,
        u1_0.role 
    from
        users u1_0 
    where
        u1_0.id=?
Hibernate: 
    select
        u1_0.id,
        u1_0.address,
        u1_0.email,
        u1_0.full_name,
        u1_0.is_active,
        u1_0.password_hash,
        u1_0.phone,
        u1_0.role 
    from
        users u1_0 
    where
        u1_0.id=?
Notification creation failed: org.hibernate.resource.jdbc.internal.LogicalConnectionManagedImpl@7836f321 is closed
2025-07-03 23:43:26.490 [pool-16-thread-1] DEBUG org.hibernate.SQL - 
    select
        u1_0.id,
        u1_0.address,
        u1_0.email,
        u1_0.full_name,
        u1_0.is_active,
        u1_0.password_hash,
        u1_0.phone,
        u1_0.role 
    from
        users u1_0 
    where
        u1_0.id=?
Hibernate: 
    select
        u1_0.id,
        u1_0.address,
        u1_0.email,
        u1_0.full_name,
        u1_0.is_active,
        u1_0.password_hash,
        u1_0.phone,
        u1_0.role 
    from
        users u1_0 
    where
        u1_0.id=?
Notification creation failed: org.hibernate.resource.jdbc.internal.LogicalConnectionManagedImpl@3959704e is closed
2025-07-03 23:43:26.490 [pool-16-thread-1] DEBUG org.hibernate.SQL - 
    select
        u1_0.id,
        u1_0.address,
        u1_0.email,
        u1_0.full_name,
        u1_0.is_active,
        u1_0.password_hash,
        u1_0.phone,
        u1_0.role 
    from
        users u1_0 
    where
        u1_0.id=?
Hibernate: 
    select
        u1_0.id,
        u1_0.address,
        u1_0.email,
        u1_0.full_name,
        u1_0.is_active,
        u1_0.password_hash,
        u1_0.phone,
        u1_0.role 
    from
        users u1_0 
    where
        u1_0.id=?
Notification creation failed: org.hibernate.resource.jdbc.internal.LogicalConnectionManagedImpl@5ce814c7 is closed
2025-07-03 23:43:26.490 [pool-16-thread-1] DEBUG org.hibernate.SQL - 
    select
        u1_0.id,
        u1_0.address,
        u1_0.email,
        u1_0.full_name,
        u1_0.is_active,
        u1_0.password_hash,
        u1_0.phone,
        u1_0.role 
    from
        users u1_0 
    where
        u1_0.id=?
Hibernate: 
    select
        u1_0.id,
        u1_0.address,
        u1_0.email,
        u1_0.full_name,
        u1_0.is_active,
        u1_0.password_hash,
        u1_0.phone,
        u1_0.role 
    from
        users u1_0 
    where
        u1_0.id=?
Notification creation failed: org.hibernate.resource.jdbc.internal.LogicalConnectionManagedImpl@782bc2cf is closed
2025-07-03 23:43:26.490 [pool-16-thread-1] DEBUG org.hibernate.SQL - 
    select
        u1_0.id,
        u1_0.address,
        u1_0.email,
        u1_0.full_name,
        u1_0.is_active,
        u1_0.password_hash,
        u1_0.phone,
        u1_0.role 
    from
        users u1_0 
    where
        u1_0.id=?
Hibernate: 
    select
        u1_0.id,
        u1_0.address,
        u1_0.email,
        u1_0.full_name,
        u1_0.is_active,
        u1_0.password_hash,
        u1_0.phone,
        u1_0.role 
    from
        users u1_0 
    where
        u1_0.id=?
Notification creation failed: org.hibernate.resource.jdbc.internal.LogicalConnectionManagedImpl@695fb10 is closed
2025-07-03 23:43:26.490 [pool-16-thread-1] DEBUG org.hibernate.SQL - 
    select
        u1_0.id,
        u1_0.address,
        u1_0.email,
        u1_0.full_name,
        u1_0.is_active,
        u1_0.password_hash,
        u1_0.phone,
        u1_0.role 
    from
        users u1_0 
    where
        u1_0.id=?
Hibernate: 
    select
        u1_0.id,
        u1_0.address,
        u1_0.email,
        u1_0.full_name,
        u1_0.is_active,
        u1_0.password_hash,
        u1_0.phone,
        u1_0.role 
    from
        users u1_0 
    where
        u1_0.id=?
Notification creation failed: org.hibernate.resource.jdbc.internal.LogicalConnectionManagedImpl@29f24929 is closed
2025-07-03 23:43:26.490 [pool-16-thread-1] DEBUG org.hibernate.SQL - 
    select
        u1_0.id,
        u1_0.address,
        u1_0.email,
        u1_0.full_name,
        u1_0.is_active,
        u1_0.password_hash,
        u1_0.phone,
        u1_0.role 
    from
        users u1_0 
    where
        u1_0.id=?
Hibernate: 
    select
        u1_0.id,
        u1_0.address,
        u1_0.email,
        u1_0.full_name,
        u1_0.is_active,
        u1_0.password_hash,
        u1_0.phone,
        u1_0.role 
    from
        users u1_0 
    where
        u1_0.id=?
Notification creation failed: org.hibernate.resource.jdbc.internal.LogicalConnectionManagedImpl@4000c1c0 is closed
2025-07-03 23:43:26.490 [pool-16-thread-1] DEBUG org.hibernate.SQL - 
    select
        u1_0.id,
        u1_0.address,
        u1_0.email,
        u1_0.full_name,
        u1_0.is_active,
        u1_0.password_hash,
        u1_0.phone,
        u1_0.role 
    from
        users u1_0 
    where
        u1_0.id=?
Hibernate: 
    select
        u1_0.id,
        u1_0.address,
        u1_0.email,
        u1_0.full_name,
        u1_0.is_active,
        u1_0.password_hash,
        u1_0.phone,
        u1_0.role 
    from
        users u1_0 
    where
        u1_0.id=?
Notification creation failed: org.hibernate.resource.jdbc.internal.LogicalConnectionManagedImpl@25c6c2a4 is closed
2025-07-03 23:43:26.491 [pool-16-thread-1] DEBUG org.hibernate.SQL - 
    select
        u1_0.id,
        u1_0.address,
        u1_0.email,
        u1_0.full_name,
        u1_0.is_active,
        u1_0.password_hash,
        u1_0.phone,
        u1_0.role 
    from
        users u1_0 
    where
        u1_0.id=?
Hibernate: 
    select
        u1_0.id,
        u1_0.address,
        u1_0.email,
        u1_0.full_name,
        u1_0.is_active,
        u1_0.password_hash,
        u1_0.phone,
        u1_0.role 
    from
        users u1_0 
    where
        u1_0.id=?
Notification creation failed: org.hibernate.resource.jdbc.internal.LogicalConnectionManagedImpl@19c5e116 is closed
2025-07-03 23:43:26.491 [pool-16-thread-1] DEBUG org.hibernate.SQL - 
    select
        u1_0.id,
        u1_0.address,
        u1_0.email,
        u1_0.full_name,
        u1_0.is_active,
        u1_0.password_hash,
        u1_0.phone,
        u1_0.role 
    from
        users u1_0 
    where
        u1_0.id=?
Hibernate: 
    select
        u1_0.id,
        u1_0.address,
        u1_0.email,
        u1_0.full_name,
        u1_0.is_active,
        u1_0.password_hash,
        u1_0.phone,
        u1_0.role 
    from
        users u1_0 
    where
        u1_0.id=?
Notification creation failed: org.hibernate.resource.jdbc.internal.LogicalConnectionManagedImpl@2e7e8e11 is closed
2025-07-03 23:43:26.491 [pool-16-thread-1] DEBUG org.hibernate.SQL - 
    select
        u1_0.id,
        u1_0.address,
        u1_0.email,
        u1_0.full_name,
        u1_0.is_active,
        u1_0.password_hash,
        u1_0.phone,
        u1_0.role 
    from
        users u1_0 
    where
        u1_0.id=?
Hibernate: 
    select
        u1_0.id,
        u1_0.address,
        u1_0.email,
        u1_0.full_name,
        u1_0.is_active,
        u1_0.password_hash,
        u1_0.phone,
        u1_0.role 
    from
        users u1_0 
    where
        u1_0.id=?
Notification creation failed: org.hibernate.resource.jdbc.internal.LogicalConnectionManagedImpl@2ec63c25 is closed
2025-07-03 23:43:26.491 [pool-16-thread-1] DEBUG org.hibernate.SQL - 
    select
        u1_0.id,
        u1_0.address,
        u1_0.email,
        u1_0.full_name,
        u1_0.is_active,
        u1_0.password_hash,
        u1_0.phone,
        u1_0.role 
    from
        users u1_0 
    where
        u1_0.id=?
Hibernate: 
    select
        u1_0.id,
        u1_0.address,
        u1_0.email,
        u1_0.full_name,
        u1_0.is_active,
        u1_0.password_hash,
        u1_0.phone,
        u1_0.role 
    from
        users u1_0 
    where
        u1_0.id=?
Notification creation failed: org.hibernate.resource.jdbc.internal.LogicalConnectionManagedImpl@37e73c5 is closed
2025-07-03 23:43:26.491 [pool-16-thread-1] DEBUG org.hibernate.SQL - 
    select
        u1_0.id,
        u1_0.address,
        u1_0.email,
        u1_0.full_name,
        u1_0.is_active,
        u1_0.password_hash,
        u1_0.phone,
        u1_0.role 
    from
        users u1_0 
    where
        u1_0.id=?
Hibernate: 
    select
        u1_0.id,
        u1_0.address,
        u1_0.email,
        u1_0.full_name,
        u1_0.is_active,
        u1_0.password_hash,
        u1_0.phone,
        u1_0.role 
    from
        users u1_0 
    where
        u1_0.id=?
Notification creation failed: org.hibernate.resource.jdbc.internal.LogicalConnectionManagedImpl@6b1beaa3 is closed
2025-07-03 23:43:26.491 [pool-16-thread-1] DEBUG org.hibernate.SQL - 
    select
        u1_0.id,
        u1_0.address,
        u1_0.email,
        u1_0.full_name,
        u1_0.is_active,
        u1_0.password_hash,
        u1_0.phone,
        u1_0.role 
    from
        users u1_0 
    where
        u1_0.id=?
Hibernate: 
    select
        u1_0.id,
        u1_0.address,
        u1_0.email,
        u1_0.full_name,
        u1_0.is_active,
        u1_0.password_hash,
        u1_0.phone,
        u1_0.role 
    from
        users u1_0 
    where
        u1_0.id=?
Notification creation failed: org.hibernate.resource.jdbc.internal.LogicalConnectionManagedImpl@223ff867 is closed
2025-07-03 23:43:26.491 [pool-16-thread-1] DEBUG org.hibernate.SQL - 
    select
        u1_0.id,
        u1_0.address,
        u1_0.email,
        u1_0.full_name,
        u1_0.is_active,
        u1_0.password_hash,
        u1_0.phone,
        u1_0.role 
    from
        users u1_0 
    where
        u1_0.id=?
Hibernate: 
    select
        u1_0.id,
        u1_0.address,
        u1_0.email,
        u1_0.full_name,
        u1_0.is_active,
        u1_0.password_hash,
        u1_0.phone,
        u1_0.role 
    from
        users u1_0 
    where
        u1_0.id=?
Notification creation failed: org.hibernate.resource.jdbc.internal.LogicalConnectionManagedImpl@237cf154 is closed
2025-07-03 23:43:26.491 [pool-16-thread-1] DEBUG org.hibernate.SQL - 
    select
        u1_0.id,
        u1_0.address,
        u1_0.email,
        u1_0.full_name,
        u1_0.is_active,
        u1_0.password_hash,
        u1_0.phone,
        u1_0.role 
    from
        users u1_0 
    where
        u1_0.id=?
Hibernate: 
    select
        u1_0.id,
        u1_0.address,
        u1_0.email,
        u1_0.full_name,
        u1_0.is_active,
        u1_0.password_hash,
        u1_0.phone,
        u1_0.role 
    from
        users u1_0 
    where
        u1_0.id=?
Notification creation failed: org.hibernate.resource.jdbc.internal.LogicalConnectionManagedImpl@cf6eca2 is closed
2025-07-03 23:43:26.491 [pool-16-thread-1] DEBUG org.hibernate.SQL - 
    select
        u1_0.id,
        u1_0.address,
        u1_0.email,
        u1_0.full_name,
        u1_0.is_active,
        u1_0.password_hash,
        u1_0.phone,
        u1_0.role 
    from
        users u1_0 
    where
        u1_0.id=?
Hibernate: 
    select
        u1_0.id,
        u1_0.address,
        u1_0.email,
        u1_0.full_name,
        u1_0.is_active,
        u1_0.password_hash,
        u1_0.phone,
        u1_0.role 
    from
        users u1_0 
    where
        u1_0.id=?
Notification creation failed: org.hibernate.resource.jdbc.internal.LogicalConnectionManagedImpl@2f21fb72 is closed
2025-07-03 23:43:26.491 [pool-16-thread-1] DEBUG org.hibernate.SQL - 
    select
        u1_0.id,
        u1_0.address,
        u1_0.email,
        u1_0.full_name,
        u1_0.is_active,
        u1_0.password_hash,
        u1_0.phone,
        u1_0.role 
    from
        users u1_0 
    where
        u1_0.id=?
Hibernate: 
    select
        u1_0.id,
        u1_0.address,
        u1_0.email,
        u1_0.full_name,
        u1_0.is_active,
        u1_0.password_hash,
        u1_0.phone,
        u1_0.role 
    from
        users u1_0 
    where
        u1_0.id=?
Notification creation failed: org.hibernate.resource.jdbc.internal.LogicalConnectionManagedImpl@77758e1c is closed
2025-07-03 23:43:26.491 [pool-16-thread-1] DEBUG org.hibernate.SQL - 
    select
        u1_0.id,
        u1_0.address,
        u1_0.email,
        u1_0.full_name,
        u1_0.is_active,
        u1_0.password_hash,
        u1_0.phone,
        u1_0.role 
    from
        users u1_0 
    where
        u1_0.id=?
Hibernate: 
    select
        u1_0.id,
        u1_0.address,
        u1_0.email,
        u1_0.full_name,
        u1_0.is_active,
        u1_0.password_hash,
        u1_0.phone,
        u1_0.role 
    from
        users u1_0 
    where
        u1_0.id=?
Notification creation failed: org.hibernate.resource.jdbc.internal.LogicalConnectionManagedImpl@1c4bebca is closed
2025-07-03 23:43:26.491 [pool-16-thread-1] DEBUG org.hibernate.SQL - 
    select
        u1_0.id,
        u1_0.address,
        u1_0.email,
        u1_0.full_name,
        u1_0.is_active,
        u1_0.password_hash,
        u1_0.phone,
        u1_0.role 
    from
        users u1_0 
    where
        u1_0.id=?
Hibernate: 
    select
        u1_0.id,
        u1_0.address,
        u1_0.email,
        u1_0.full_name,
        u1_0.is_active,
        u1_0.password_hash,
        u1_0.phone,
        u1_0.role 
    from
        users u1_0 
    where
        u1_0.id=?
Notification creation failed: org.hibernate.resource.jdbc.internal.LogicalConnectionManagedImpl@23c04ba3 is closed
2025-07-03 23:43:26.491 [pool-16-thread-1] DEBUG org.hibernate.SQL - 
    select
        u1_0.id,
        u1_0.address,
        u1_0.email,
        u1_0.full_name,
        u1_0.is_active,
        u1_0.password_hash,
        u1_0.phone,
        u1_0.role 
    from
        users u1_0 
    where
        u1_0.id=?
Hibernate: 
    select
        u1_0.id,
        u1_0.address,
        u1_0.email,
        u1_0.full_name,
        u1_0.is_active,
        u1_0.password_hash,
        u1_0.phone,
        u1_0.role 
    from
        users u1_0 
    where
        u1_0.id=?
Notification creation failed: org.hibernate.resource.jdbc.internal.LogicalConnectionManagedImpl@7cf8db79 is closed
2025-07-03 23:43:26.492 [pool-16-thread-1] DEBUG org.hibernate.SQL - 
    select
        u1_0.id,
        u1_0.address,
        u1_0.email,
        u1_0.full_name,
        u1_0.is_active,
        u1_0.password_hash,
        u1_0.phone,
        u1_0.role 
    from
        users u1_0 
    where
        u1_0.id=?
Hibernate: 
    select
        u1_0.id,
        u1_0.address,
        u1_0.email,
        u1_0.full_name,
        u1_0.is_active,
        u1_0.password_hash,
        u1_0.phone,
        u1_0.role 
    from
        users u1_0 
    where
        u1_0.id=?
Notification creation failed: org.hibernate.resource.jdbc.internal.LogicalConnectionManagedImpl@3fc29b73 is closed
2025-07-03 23:43:26.492 [pool-16-thread-1] DEBUG org.hibernate.SQL - 
    select
        u1_0.id,
        u1_0.address,
        u1_0.email,
        u1_0.full_name,
        u1_0.is_active,
        u1_0.password_hash,
        u1_0.phone,
        u1_0.role 
    from
        users u1_0 
    where
        u1_0.id=?
Hibernate: 
    select
        u1_0.id,
        u1_0.address,
        u1_0.email,
        u1_0.full_name,
        u1_0.is_active,
        u1_0.password_hash,
        u1_0.phone,
        u1_0.role 
    from
        users u1_0 
    where
        u1_0.id=?
Notification creation failed: org.hibernate.resource.jdbc.internal.LogicalConnectionManagedImpl@2fa3ba4b is closed
2025-07-03 23:43:26.492 [pool-16-thread-1] DEBUG org.hibernate.SQL - 
    select
        u1_0.id,
        u1_0.address,
        u1_0.email,
        u1_0.full_name,
        u1_0.is_active,
        u1_0.password_hash,
        u1_0.phone,
        u1_0.role 
    from
        users u1_0 
    where
        u1_0.id=?
Hibernate: 
    select
        u1_0.id,
        u1_0.address,
        u1_0.email,
        u1_0.full_name,
        u1_0.is_active,
        u1_0.password_hash,
        u1_0.phone,
        u1_0.role 
    from
        users u1_0 
    where
        u1_0.id=?
Notification creation failed: org.hibernate.resource.jdbc.internal.LogicalConnectionManagedImpl@49535735 is closed
2025-07-03 23:43:26.492 [pool-16-thread-1] DEBUG org.hibernate.SQL - 
    select
        u1_0.id,
        u1_0.address,
        u1_0.email,
        u1_0.full_name,
        u1_0.is_active,
        u1_0.password_hash,
        u1_0.phone,
        u1_0.role 
    from
        users u1_0 
    where
        u1_0.id=?
Hibernate: 
    select
        u1_0.id,
        u1_0.address,
        u1_0.email,
        u1_0.full_name,
        u1_0.is_active,
        u1_0.password_hash,
        u1_0.phone,
        u1_0.role 
    from
        users u1_0 
    where
        u1_0.id=?
Notification creation failed: org.hibernate.resource.jdbc.internal.LogicalConnectionManagedImpl@1506105 is closed
2025-07-03 23:43:26.492 [pool-16-thread-1] DEBUG org.hibernate.SQL - 
    select
        u1_0.id,
        u1_0.address,
        u1_0.email,
        u1_0.full_name,
        u1_0.is_active,
        u1_0.password_hash,
        u1_0.phone,
        u1_0.role 
    from
        users u1_0 
    where
        u1_0.id=?
Hibernate: 
    select
        u1_0.id,
        u1_0.address,
        u1_0.email,
        u1_0.full_name,
        u1_0.is_active,
        u1_0.password_hash,
        u1_0.phone,
        u1_0.role 
    from
        users u1_0 
    where
        u1_0.id=?
Notification creation failed: org.hibernate.resource.jdbc.internal.LogicalConnectionManagedImpl@4788ad1e is closed
2025-07-03 23:43:26.492 [pool-16-thread-1] DEBUG org.hibernate.SQL - 
    select
        u1_0.id,
        u1_0.address,
        u1_0.email,
        u1_0.full_name,
        u1_0.is_active,
        u1_0.password_hash,
        u1_0.phone,
        u1_0.role 
    from
        users u1_0 
    where
        u1_0.id=?
Hibernate: 
    select
        u1_0.id,
        u1_0.address,
        u1_0.email,
        u1_0.full_name,
        u1_0.is_active,
        u1_0.password_hash,
        u1_0.phone,
        u1_0.role 
    from
        users u1_0 
    where
        u1_0.id=?
Notification creation failed: org.hibernate.resource.jdbc.internal.LogicalConnectionManagedImpl@1043b3aa is closed
2025-07-03 23:43:26.492 [pool-16-thread-1] DEBUG org.hibernate.SQL - 
    select
        u1_0.id,
        u1_0.address,
        u1_0.email,
        u1_0.full_name,
        u1_0.is_active,
        u1_0.password_hash,
        u1_0.phone,
        u1_0.role 
    from
        users u1_0 
    where
        u1_0.id=?
Hibernate: 
    select
        u1_0.id,
        u1_0.address,
        u1_0.email,
        u1_0.full_name,
        u1_0.is_active,
        u1_0.password_hash,
        u1_0.phone,
        u1_0.role 
    from
        users u1_0 
    where
        u1_0.id=?
Notification creation failed: org.hibernate.resource.jdbc.internal.LogicalConnectionManagedImpl@31f69dcf is closed
2025-07-03 23:43:26.492 [pool-16-thread-1] DEBUG org.hibernate.SQL - 
    select
        u1_0.id,
        u1_0.address,
        u1_0.email,
        u1_0.full_name,
        u1_0.is_active,
        u1_0.password_hash,
        u1_0.phone,
        u1_0.role 
    from
        users u1_0 
    where
        u1_0.id=?
Hibernate: 
    select
        u1_0.id,
        u1_0.address,
        u1_0.email,
        u1_0.full_name,
        u1_0.is_active,
        u1_0.password_hash,
        u1_0.phone,
        u1_0.role 
    from
        users u1_0 
    where
        u1_0.id=?
Notification creation failed: org.hibernate.resource.jdbc.internal.LogicalConnectionManagedImpl@26fd3761 is closed
2025-07-03 23:43:26.492 [pool-16-thread-1] DEBUG org.hibernate.SQL - 
    select
        u1_0.id,
        u1_0.address,
        u1_0.email,
        u1_0.full_name,
        u1_0.is_active,
        u1_0.password_hash,
        u1_0.phone,
        u1_0.role 
    from
        users u1_0 
    where
        u1_0.id=?
Hibernate: 
    select
        u1_0.id,
        u1_0.address,
        u1_0.email,
        u1_0.full_name,
        u1_0.is_active,
        u1_0.password_hash,
        u1_0.phone,
        u1_0.role 
    from
        users u1_0 
    where
        u1_0.id=?
Notification creation failed: org.hibernate.resource.jdbc.internal.LogicalConnectionManagedImpl@22ba4105 is closed
2025-07-03 23:43:26.492 [pool-16-thread-1] DEBUG org.hibernate.SQL - 
    select
        u1_0.id,
        u1_0.address,
        u1_0.email,
        u1_0.full_name,
        u1_0.is_active,
        u1_0.password_hash,
        u1_0.phone,
        u1_0.role 
    from
        users u1_0 
    where
        u1_0.id=?
Hibernate: 
    select
        u1_0.id,
        u1_0.address,
        u1_0.email,
        u1_0.full_name,
        u1_0.is_active,
        u1_0.password_hash,
        u1_0.phone,
        u1_0.role 
    from
        users u1_0 
    where
        u1_0.id=?
Notification creation failed: org.hibernate.resource.jdbc.internal.LogicalConnectionManagedImpl@6e39ff32 is closed
2025-07-03 23:43:26.492 [pool-16-thread-1] DEBUG org.hibernate.SQL - 
    select
        u1_0.id,
        u1_0.address,
        u1_0.email,
        u1_0.full_name,
        u1_0.is_active,
        u1_0.password_hash,
        u1_0.phone,
        u1_0.role 
    from
        users u1_0 
    where
        u1_0.id=?
Hibernate: 
    select
        u1_0.id,
        u1_0.address,
        u1_0.email,
        u1_0.full_name,
        u1_0.is_active,
        u1_0.password_hash,
        u1_0.phone,
        u1_0.role 
    from
        users u1_0 
    where
        u1_0.id=?
Notification creation failed: org.hibernate.resource.jdbc.internal.LogicalConnectionManagedImpl@864c49c is closed
2025-07-03 23:43:26.492 [pool-16-thread-1] DEBUG org.hibernate.SQL - 
    select
        u1_0.id,
        u1_0.address,
        u1_0.email,
        u1_0.full_name,
        u1_0.is_active,
        u1_0.password_hash,
        u1_0.phone,
        u1_0.role 
    from
        users u1_0 
    where
        u1_0.id=?
Hibernate: 
    select
        u1_0.id,
        u1_0.address,
        u1_0.email,
        u1_0.full_name,
        u1_0.is_active,
        u1_0.password_hash,
        u1_0.phone,
        u1_0.role 
    from
        users u1_0 
    where
        u1_0.id=?
Notification creation failed: org.hibernate.resource.jdbc.internal.LogicalConnectionManagedImpl@58c15298 is closed
2025-07-03 23:43:26.492 [pool-16-thread-1] DEBUG org.hibernate.SQL - 
    select
        u1_0.id,
        u1_0.address,
        u1_0.email,
        u1_0.full_name,
        u1_0.is_active,
        u1_0.password_hash,
        u1_0.phone,
        u1_0.role 
    from
        users u1_0 
    where
        u1_0.id=?
Hibernate: 
    select
        u1_0.id,
        u1_0.address,
        u1_0.email,
        u1_0.full_name,
        u1_0.is_active,
        u1_0.password_hash,
        u1_0.phone,
        u1_0.role 
    from
        users u1_0 
    where
        u1_0.id=?
Notification creation failed: org.hibernate.resource.jdbc.internal.LogicalConnectionManagedImpl@4db3180d is closed
2025-07-03 23:43:26.493 [pool-16-thread-1] DEBUG org.hibernate.SQL - 
    select
        u1_0.id,
        u1_0.address,
        u1_0.email,
        u1_0.full_name,
        u1_0.is_active,
        u1_0.password_hash,
        u1_0.phone,
        u1_0.role 
    from
        users u1_0 
    where
        u1_0.id=?
Hibernate: 
    select
        u1_0.id,
        u1_0.address,
        u1_0.email,
        u1_0.full_name,
        u1_0.is_active,
        u1_0.password_hash,
        u1_0.phone,
        u1_0.role 
    from
        users u1_0 
    where
        u1_0.id=?
2025-07-03 23:43:26.493 [pool-16-thread-9] DEBUG org.hibernate.SQL - 
    select
        u1_0.id,
        u1_0.address,
        u1_0.email,
        u1_0.full_name,
        u1_0.is_active,
        u1_0.password_hash,
        u1_0.phone,
        u1_0.role 
    from
        users u1_0 
    where
        u1_0.id=?
Hibernate: 
    select
        u1_0.id,
        u1_0.address,
        u1_0.email,
        u1_0.full_name,
        u1_0.is_active,
        u1_0.password_hash,
        u1_0.phone,
        u1_0.role 
    from
        users u1_0 
    where
        u1_0.id=?
Notification creation failed: org.hibernate.resource.jdbc.internal.LogicalConnectionManagedImpl@4ead041e is closed
2025-07-03 23:43:26.493 [pool-16-thread-1] DEBUG org.hibernate.SQL - 
    select
        u1_0.id,
        u1_0.address,
        u1_0.email,
        u1_0.full_name,
        u1_0.is_active,
        u1_0.password_hash,
        u1_0.phone,
        u1_0.role 
    from
        users u1_0 
    where
        u1_0.id=?
Hibernate: 
    select
        u1_0.id,
        u1_0.address,
        u1_0.email,
        u1_0.full_name,
        u1_0.is_active,
        u1_0.password_hash,
        u1_0.phone,
        u1_0.role 
    from
        users u1_0 
    where
        u1_0.id=?
2025-07-03 23:43:26.493 [pool-16-thread-9] DEBUG org.hibernate.SQL - 
    select
        next_val as id_val 
    from
        notifications_SEQ
Hibernate: 
    select
        next_val as id_val 
    from
        notifications_SEQ
2025-07-03 23:43:26.493 [pool-16-thread-9] DEBUG org.hibernate.SQL - 
    update
        notifications_SEQ 
    set
        next_val= ? 
    where
        next_val=?
Hibernate: 
    update
        notifications_SEQ 
    set
        next_val= ? 
    where
        next_val=?
Notification creation failed: The internal connection pool has reached its maximum size and no connection is currently available
2025-07-03 23:43:26.493 [pool-16-thread-1] DEBUG org.hibernate.SQL - 
    select
        u1_0.id,
        u1_0.address,
        u1_0.email,
        u1_0.full_name,
        u1_0.is_active,
        u1_0.password_hash,
        u1_0.phone,
        u1_0.role 
    from
        users u1_0 
    where
        u1_0.id=?
Hibernate: 
    select
        u1_0.id,
        u1_0.address,
        u1_0.email,
        u1_0.full_name,
        u1_0.is_active,
        u1_0.password_hash,
        u1_0.phone,
        u1_0.role 
    from
        users u1_0 
    where
        u1_0.id=?
Notification creation failed: The internal connection pool has reached its maximum size and no connection is currently available
2025-07-03 23:43:26.493 [pool-16-thread-1] DEBUG org.hibernate.SQL - 
    select
        u1_0.id,
        u1_0.address,
        u1_0.email,
        u1_0.full_name,
        u1_0.is_active,
        u1_0.password_hash,
        u1_0.phone,
        u1_0.role 
    from
        users u1_0 
    where
        u1_0.id=?
Hibernate: 
    select
        u1_0.id,
        u1_0.address,
        u1_0.email,
        u1_0.full_name,
        u1_0.is_active,
        u1_0.password_hash,
        u1_0.phone,
        u1_0.role 
    from
        users u1_0 
    where
        u1_0.id=?
Notification creation failed: The internal connection pool has reached its maximum size and no connection is currently available
2025-07-03 23:43:26.493 [pool-16-thread-1] DEBUG org.hibernate.SQL - 
    select
        u1_0.id,
        u1_0.address,
        u1_0.email,
        u1_0.full_name,
        u1_0.is_active,
        u1_0.password_hash,
        u1_0.phone,
        u1_0.role 
    from
        users u1_0 
    where
        u1_0.id=?
Hibernate: 
    select
        u1_0.id,
        u1_0.address,
        u1_0.email,
        u1_0.full_name,
        u1_0.is_active,
        u1_0.password_hash,
        u1_0.phone,
        u1_0.role 
    from
        users u1_0 
    where
        u1_0.id=?
Notification creation failed: The internal connection pool has reached its maximum size and no connection is currently available
2025-07-03 23:43:26.493 [pool-16-thread-1] DEBUG org.hibernate.SQL - 
    select
        u1_0.id,
        u1_0.address,
        u1_0.email,
        u1_0.full_name,
        u1_0.is_active,
        u1_0.password_hash,
        u1_0.phone,
        u1_0.role 
    from
        users u1_0 
    where
        u1_0.id=?
Hibernate: 
    select
        u1_0.id,
        u1_0.address,
        u1_0.email,
        u1_0.full_name,
        u1_0.is_active,
        u1_0.password_hash,
        u1_0.phone,
        u1_0.role 
    from
        users u1_0 
    where
        u1_0.id=?
Notification creation failed: The internal connection pool has reached its maximum size and no connection is currently available
2025-07-03 23:43:26.493 [pool-16-thread-1] DEBUG org.hibernate.SQL - 
    select
        u1_0.id,
        u1_0.address,
        u1_0.email,
        u1_0.full_name,
        u1_0.is_active,
        u1_0.password_hash,
        u1_0.phone,
        u1_0.role 
    from
        users u1_0 
    where
        u1_0.id=?
Hibernate: 
    select
        u1_0.id,
        u1_0.address,
        u1_0.email,
        u1_0.full_name,
        u1_0.is_active,
        u1_0.password_hash,
        u1_0.phone,
        u1_0.role 
    from
        users u1_0 
    where
        u1_0.id=?
Notification creation failed: The internal connection pool has reached its maximum size and no connection is currently available
2025-07-03 23:43:26.493 [pool-16-thread-1] DEBUG org.hibernate.SQL - 
    select
        u1_0.id,
        u1_0.address,
        u1_0.email,
        u1_0.full_name,
        u1_0.is_active,
        u1_0.password_hash,
        u1_0.phone,
        u1_0.role 
    from
        users u1_0 
    where
        u1_0.id=?
Hibernate: 
    select
        u1_0.id,
        u1_0.address,
        u1_0.email,
        u1_0.full_name,
        u1_0.is_active,
        u1_0.password_hash,
        u1_0.phone,
        u1_0.role 
    from
        users u1_0 
    where
        u1_0.id=?
Notification creation failed: The internal connection pool has reached its maximum size and no connection is currently available
2025-07-03 23:43:26.493 [pool-16-thread-1] DEBUG org.hibernate.SQL - 
    select
        u1_0.id,
        u1_0.address,
        u1_0.email,
        u1_0.full_name,
        u1_0.is_active,
        u1_0.password_hash,
        u1_0.phone,
        u1_0.role 
    from
        users u1_0 
    where
        u1_0.id=?
Hibernate: 
    select
        u1_0.id,
        u1_0.address,
        u1_0.email,
        u1_0.full_name,
        u1_0.is_active,
        u1_0.password_hash,
        u1_0.phone,
        u1_0.role 
    from
        users u1_0 
    where
        u1_0.id=?
Notification creation failed: The internal connection pool has reached its maximum size and no connection is currently available
2025-07-03 23:43:26.493 [pool-16-thread-1] DEBUG org.hibernate.SQL - 
    select
        u1_0.id,
        u1_0.address,
        u1_0.email,
        u1_0.full_name,
        u1_0.is_active,
        u1_0.password_hash,
        u1_0.phone,
        u1_0.role 
    from
        users u1_0 
    where
        u1_0.id=?
Hibernate: 
    select
        u1_0.id,
        u1_0.address,
        u1_0.email,
        u1_0.full_name,
        u1_0.is_active,
        u1_0.password_hash,
        u1_0.phone,
        u1_0.role 
    from
        users u1_0 
    where
        u1_0.id=?
Notification creation failed: The internal connection pool has reached its maximum size and no connection is currently available
2025-07-03 23:43:26.493 [pool-16-thread-1] DEBUG org.hibernate.SQL - 
    select
        u1_0.id,
        u1_0.address,
        u1_0.email,
        u1_0.full_name,
        u1_0.is_active,
        u1_0.password_hash,
        u1_0.phone,
        u1_0.role 
    from
        users u1_0 
    where
        u1_0.id=?
Hibernate: 
    select
        u1_0.id,
        u1_0.address,
        u1_0.email,
        u1_0.full_name,
        u1_0.is_active,
        u1_0.password_hash,
        u1_0.phone,
        u1_0.role 
    from
        users u1_0 
    where
        u1_0.id=?
Notification creation failed: The internal connection pool has reached its maximum size and no connection is currently available
2025-07-03 23:43:26.493 [pool-16-thread-1] DEBUG org.hibernate.SQL - 
    select
        u1_0.id,
        u1_0.address,
        u1_0.email,
        u1_0.full_name,
        u1_0.is_active,
        u1_0.password_hash,
        u1_0.phone,
        u1_0.role 
    from
        users u1_0 
    where
        u1_0.id=?
Hibernate: 
    select
        u1_0.id,
        u1_0.address,
        u1_0.email,
        u1_0.full_name,
        u1_0.is_active,
        u1_0.password_hash,
        u1_0.phone,
        u1_0.role 
    from
        users u1_0 
    where
        u1_0.id=?
Notification creation failed: The internal connection pool has reached its maximum size and no connection is currently available
2025-07-03 23:43:26.493 [pool-16-thread-1] DEBUG org.hibernate.SQL - 
    select
        u1_0.id,
        u1_0.address,
        u1_0.email,
        u1_0.full_name,
        u1_0.is_active,
        u1_0.password_hash,
        u1_0.phone,
        u1_0.role 
    from
        users u1_0 
    where
        u1_0.id=?
Hibernate: 
    select
        u1_0.id,
        u1_0.address,
        u1_0.email,
        u1_0.full_name,
        u1_0.is_active,
        u1_0.password_hash,
        u1_0.phone,
        u1_0.role 
    from
        users u1_0 
    where
        u1_0.id=?
Notification creation failed: The internal connection pool has reached its maximum size and no connection is currently available
2025-07-03 23:43:26.493 [pool-16-thread-1] DEBUG org.hibernate.SQL - 
    select
        u1_0.id,
        u1_0.address,
        u1_0.email,
        u1_0.full_name,
        u1_0.is_active,
        u1_0.password_hash,
        u1_0.phone,
        u1_0.role 
    from
        users u1_0 
    where
        u1_0.id=?
Hibernate: 
    select
        u1_0.id,
        u1_0.address,
        u1_0.email,
        u1_0.full_name,
        u1_0.is_active,
        u1_0.password_hash,
        u1_0.phone,
        u1_0.role 
    from
        users u1_0 
    where
        u1_0.id=?
Notification creation failed: The internal connection pool has reached its maximum size and no connection is currently available
2025-07-03 23:43:26.493 [pool-16-thread-1] DEBUG org.hibernate.SQL - 
    select
        u1_0.id,
        u1_0.address,
        u1_0.email,
        u1_0.full_name,
        u1_0.is_active,
        u1_0.password_hash,
        u1_0.phone,
        u1_0.role 
    from
        users u1_0 
    where
        u1_0.id=?
Hibernate: 
    select
        u1_0.id,
        u1_0.address,
        u1_0.email,
        u1_0.full_name,
        u1_0.is_active,
        u1_0.password_hash,
        u1_0.phone,
        u1_0.role 
    from
        users u1_0 
    where
        u1_0.id=?
Notification creation failed: The internal connection pool has reached its maximum size and no connection is currently available
2025-07-03 23:43:26.493 [pool-16-thread-1] DEBUG org.hibernate.SQL - 
    select
        u1_0.id,
        u1_0.address,
        u1_0.email,
        u1_0.full_name,
        u1_0.is_active,
        u1_0.password_hash,
        u1_0.phone,
        u1_0.role 
    from
        users u1_0 
    where
        u1_0.id=?
Hibernate: 
    select
        u1_0.id,
        u1_0.address,
        u1_0.email,
        u1_0.full_name,
        u1_0.is_active,
        u1_0.password_hash,
        u1_0.phone,
        u1_0.role 
    from
        users u1_0 
    where
        u1_0.id=?
Notification creation failed: The internal connection pool has reached its maximum size and no connection is currently available
2025-07-03 23:43:26.493 [pool-16-thread-1] DEBUG org.hibernate.SQL - 
    select
        u1_0.id,
        u1_0.address,
        u1_0.email,
        u1_0.full_name,
        u1_0.is_active,
        u1_0.password_hash,
        u1_0.phone,
        u1_0.role 
    from
        users u1_0 
    where
        u1_0.id=?
Hibernate: 
    select
        u1_0.id,
        u1_0.address,
        u1_0.email,
        u1_0.full_name,
        u1_0.is_active,
        u1_0.password_hash,
        u1_0.phone,
        u1_0.role 
    from
        users u1_0 
    where
        u1_0.id=?
Notification creation failed: The internal connection pool has reached its maximum size and no connection is currently available
2025-07-03 23:43:26.495 [pool-16-thread-9] DEBUG org.hibernate.SQL - 
    insert 
    into
        notifications
        (created_at, deleted_at, delivery_id, isDeleted, isRead, message, metadata, order_id, priority, read_at, related_entity_id, restaurant_id, title, type, userId, id) 
    values
        (?, ?, ?, ?, ?, ?, ?, ?, ?, ?, ?, ?, ?, ?, ?, ?)
Hibernate: 
    insert 
    into
        notifications
        (created_at, deleted_at, delivery_id, isDeleted, isRead, message, metadata, order_id, priority, read_at, related_entity_id, restaurant_id, title, type, userId, id) 
    values
        (?, ?, ?, ?, ?, ?, ?, ?, ?, ?, ?, ?, ?, ?, ?, ?)
2025-07-03 23:43:26.792 [pool-16-thread-10] DEBUG org.hibernate.SQL - 
    select
        u1_0.id,
        u1_0.address,
        u1_0.email,
        u1_0.full_name,
        u1_0.is_active,
        u1_0.password_hash,
        u1_0.phone,
        u1_0.role 
    from
        users u1_0 
    where
        u1_0.id=?
Hibernate: 
    select
        u1_0.id,
        u1_0.address,
        u1_0.email,
        u1_0.full_name,
        u1_0.is_active,
        u1_0.password_hash,
        u1_0.phone,
        u1_0.role 
    from
        users u1_0 
    where
        u1_0.id=?
2025-07-03 23:43:26.792 [pool-16-thread-3] DEBUG org.hibernate.SQL - 
    select
        u1_0.id,
        u1_0.address,
        u1_0.email,
        u1_0.full_name,
        u1_0.is_active,
        u1_0.password_hash,
        u1_0.phone,
        u1_0.role 
    from
        users u1_0 
    where
        u1_0.id=?
Hibernate: 
    select
        u1_0.id,
        u1_0.address,
        u1_0.email,
        u1_0.full_name,
        u1_0.is_active,
        u1_0.password_hash,
        u1_0.phone,
        u1_0.role 
    from
        users u1_0 
    where
        u1_0.id=?
2025-07-03 23:43:26.792 [pool-16-thread-1] DEBUG org.hibernate.SQL - 
    select
        u1_0.id,
        u1_0.address,
        u1_0.email,
        u1_0.full_name,
        u1_0.is_active,
        u1_0.password_hash,
        u1_0.phone,
        u1_0.role 
    from
        users u1_0 
    where
        u1_0.id=?
Hibernate: 
    select
        u1_0.id,
        u1_0.address,
        u1_0.email,
        u1_0.full_name,
        u1_0.is_active,
        u1_0.password_hash,
        u1_0.phone,
        u1_0.role 
    from
        users u1_0 
    where
        u1_0.id=?
2025-07-03 23:43:26.792 [pool-16-thread-2] DEBUG org.hibernate.SQL - 
    select
        u1_0.id,
        u1_0.address,
        u1_0.email,
        u1_0.full_name,
        u1_0.is_active,
        u1_0.password_hash,
        u1_0.phone,
        u1_0.role 
    from
        users u1_0 
    where
        u1_0.id=?
Hibernate: 
    select
        u1_0.id,
        u1_0.address,
        u1_0.email,
        u1_0.full_name,
        u1_0.is_active,
        u1_0.password_hash,
        u1_0.phone,
        u1_0.role 
    from
        users u1_0 
    where
        u1_0.id=?
2025-07-03 23:43:26.792 [pool-16-thread-4] DEBUG org.hibernate.SQL - 
    select
        u1_0.id,
        u1_0.address,
        u1_0.email,
        u1_0.full_name,
        u1_0.is_active,
        u1_0.password_hash,
        u1_0.phone,
        u1_0.role 
    from
        users u1_0 
    where
        u1_0.id=?
Hibernate: 
    select
        u1_0.id,
        u1_0.address,
        u1_0.email,
        u1_0.full_name,
        u1_0.is_active,
        u1_0.password_hash,
        u1_0.phone,
        u1_0.role 
    from
        users u1_0 
    where
        u1_0.id=?
2025-07-03 23:43:26.792 [pool-16-thread-9] DEBUG org.hibernate.SQL - 
    select
        u1_0.id,
        u1_0.address,
        u1_0.email,
        u1_0.full_name,
        u1_0.is_active,
        u1_0.password_hash,
        u1_0.phone,
        u1_0.role 
    from
        users u1_0 
    where
        u1_0.id=?
Hibernate: 
    select
        u1_0.id,
        u1_0.address,
        u1_0.email,
        u1_0.full_name,
        u1_0.is_active,
        u1_0.password_hash,
        u1_0.phone,
        u1_0.role 
    from
        users u1_0 
    where
        u1_0.id=?
2025-07-03 23:43:26.793 [pool-16-thread-5] DEBUG org.hibernate.SQL - 
    select
        u1_0.id,
        u1_0.address,
        u1_0.email,
        u1_0.full_name,
        u1_0.is_active,
        u1_0.password_hash,
        u1_0.phone,
        u1_0.role 
    from
        users u1_0 
    where
        u1_0.id=?
Hibernate: 
    select
        u1_0.id,
        u1_0.address,
        u1_0.email,
        u1_0.full_name,
        u1_0.is_active,
        u1_0.password_hash,
        u1_0.phone,
        u1_0.role 
    from
        users u1_0 
    where
        u1_0.id=?
2025-07-03 23:43:26.793 [pool-16-thread-6] DEBUG org.hibernate.SQL - 
    select
        u1_0.id,
        u1_0.address,
        u1_0.email,
        u1_0.full_name,
        u1_0.is_active,
        u1_0.password_hash,
        u1_0.phone,
        u1_0.role 
    from
        users u1_0 
    where
        u1_0.id=?
Hibernate: 
    select
        u1_0.id,
        u1_0.address,
        u1_0.email,
        u1_0.full_name,
        u1_0.is_active,
        u1_0.password_hash,
        u1_0.phone,
        u1_0.role 
    from
        users u1_0 
    where
        u1_0.id=?
2025-07-03 23:43:26.793 [pool-16-thread-7] DEBUG org.hibernate.SQL - 
    select
        u1_0.id,
        u1_0.address,
        u1_0.email,
        u1_0.full_name,
        u1_0.is_active,
        u1_0.password_hash,
        u1_0.phone,
        u1_0.role 
    from
        users u1_0 
    where
        u1_0.id=?
Hibernate: 
    select
        u1_0.id,
        u1_0.address,
        u1_0.email,
        u1_0.full_name,
        u1_0.is_active,
        u1_0.password_hash,
        u1_0.phone,
        u1_0.role 
    from
        users u1_0 
    where
        u1_0.id=?
2025-07-03 23:43:26.793 [pool-16-thread-8] DEBUG org.hibernate.SQL - 
    select
        u1_0.id,
        u1_0.address,
        u1_0.email,
        u1_0.full_name,
        u1_0.is_active,
        u1_0.password_hash,
        u1_0.phone,
        u1_0.role 
    from
        users u1_0 
    where
        u1_0.id=?
Hibernate: 
    select
        u1_0.id,
        u1_0.address,
        u1_0.email,
        u1_0.full_name,
        u1_0.is_active,
        u1_0.password_hash,
        u1_0.phone,
        u1_0.role 
    from
        users u1_0 
    where
        u1_0.id=?
2025-07-03 23:43:26.793 [pool-16-thread-6] DEBUG org.hibernate.SQL - 
    select
        n1_0.id,
        n1_0.created_at,
        n1_0.deleted_at,
        n1_0.delivery_id,
        n1_0.isDeleted,
        n1_0.isRead,
        n1_0.message,
        n1_0.metadata,
        n1_0.order_id,
        n1_0.priority,
        n1_0.read_at,
        n1_0.related_entity_id,
        n1_0.restaurant_id,
        n1_0.title,
        n1_0.type,
        n1_0.userId 
    from
        notifications n1_0 
    where
        n1_0.userId=? 
        and n1_0.isDeleted=0 
    order by
        n1_0.created_at desc
2025-07-03 23:43:26.793 [pool-16-thread-9] DEBUG org.hibernate.SQL - 
    select
        n1_0.id,
        n1_0.created_at,
        n1_0.deleted_at,
        n1_0.delivery_id,
        n1_0.isDeleted,
        n1_0.isRead,
        n1_0.message,
        n1_0.metadata,
        n1_0.order_id,
        n1_0.priority,
        n1_0.read_at,
        n1_0.related_entity_id,
        n1_0.restaurant_id,
        n1_0.title,
        n1_0.type,
        n1_0.userId 
    from
        notifications n1_0 
    where
        n1_0.userId=? 
        and n1_0.isDeleted=0 
    order by
        n1_0.created_at desc
Hibernate: 
    select
        n1_0.id,
        n1_0.created_at,
        n1_0.deleted_at,
        n1_0.delivery_id,
        n1_0.isDeleted,
        n1_0.isRead,
        n1_0.message,
        n1_0.metadata,
        n1_0.order_id,
        n1_0.priority,
        n1_0.read_at,
        n1_0.related_entity_id,
        n1_0.restaurant_id,
        n1_0.title,
        n1_0.type,
        n1_0.userId 
    from
        notifications n1_0 
    where
        n1_0.userId=? 
        and n1_0.isDeleted=0 
    order by
        n1_0.created_at desc
Hibernate: 
    select
        n1_0.id,
        n1_0.created_at,
        n1_0.deleted_at,
        n1_0.delivery_id,
        n1_0.isDeleted,
        n1_0.isRead,
        n1_0.message,
        n1_0.metadata,
        n1_0.order_id,
        n1_0.priority,
        n1_0.read_at,
        n1_0.related_entity_id,
        n1_0.restaurant_id,
        n1_0.title,
        n1_0.type,
        n1_0.userId 
    from
        notifications n1_0 
    where
        n1_0.userId=? 
        and n1_0.isDeleted=0 
    order by
        n1_0.created_at desc
2025-07-03 23:43:26.793 [pool-16-thread-3] DEBUG org.hibernate.SQL - 
    select
        n1_0.id,
        n1_0.created_at,
        n1_0.deleted_at,
        n1_0.delivery_id,
        n1_0.isDeleted,
        n1_0.isRead,
        n1_0.message,
        n1_0.metadata,
        n1_0.order_id,
        n1_0.priority,
        n1_0.read_at,
        n1_0.related_entity_id,
        n1_0.restaurant_id,
        n1_0.title,
        n1_0.type,
        n1_0.userId 
    from
        notifications n1_0 
    where
        n1_0.userId=? 
        and n1_0.isDeleted=0 
    order by
        n1_0.created_at desc
2025-07-03 23:43:26.793 [pool-16-thread-10] DEBUG org.hibernate.SQL - 
    select
        n1_0.id,
        n1_0.created_at,
        n1_0.deleted_at,
        n1_0.delivery_id,
        n1_0.isDeleted,
        n1_0.isRead,
        n1_0.message,
        n1_0.metadata,
        n1_0.order_id,
        n1_0.priority,
        n1_0.read_at,
        n1_0.related_entity_id,
        n1_0.restaurant_id,
        n1_0.title,
        n1_0.type,
        n1_0.userId 
    from
        notifications n1_0 
    where
        n1_0.userId=? 
        and n1_0.isDeleted=0 
    order by
        n1_0.created_at desc
2025-07-03 23:43:26.793 [pool-16-thread-1] DEBUG org.hibernate.SQL - 
    select
        n1_0.id,
        n1_0.created_at,
        n1_0.deleted_at,
        n1_0.delivery_id,
        n1_0.isDeleted,
        n1_0.isRead,
        n1_0.message,
        n1_0.metadata,
        n1_0.order_id,
        n1_0.priority,
        n1_0.read_at,
        n1_0.related_entity_id,
        n1_0.restaurant_id,
        n1_0.title,
        n1_0.type,
        n1_0.userId 
    from
        notifications n1_0 
    where
        n1_0.userId=? 
        and n1_0.isDeleted=0 
    order by
        n1_0.created_at desc
Hibernate: 
    select
        n1_0.id,
        n1_0.created_at,
        n1_0.deleted_at,
        n1_0.delivery_id,
        n1_0.isDeleted,
        n1_0.isRead,
        n1_0.message,
        n1_0.metadata,
        n1_0.order_id,
        n1_0.priority,
        n1_0.read_at,
        n1_0.related_entity_id,
        n1_0.restaurant_id,
        n1_0.title,
        n1_0.type,
        n1_0.userId 
    from
        notifications n1_0 
    where
        n1_0.userId=? 
        and n1_0.isDeleted=0 
    order by
        n1_0.created_at desc
2025-07-03 23:43:26.793 [pool-16-thread-5] DEBUG org.hibernate.SQL - 
    select
        n1_0.id,
        n1_0.created_at,
        n1_0.deleted_at,
        n1_0.delivery_id,
        n1_0.isDeleted,
        n1_0.isRead,
        n1_0.message,
        n1_0.metadata,
        n1_0.order_id,
        n1_0.priority,
        n1_0.read_at,
        n1_0.related_entity_id,
        n1_0.restaurant_id,
        n1_0.title,
        n1_0.type,
        n1_0.userId 
    from
        notifications n1_0 
    where
        n1_0.userId=? 
        and n1_0.isDeleted=0 
    order by
        n1_0.created_at desc
2025-07-03 23:43:26.793 [pool-16-thread-2] DEBUG org.hibernate.SQL - 
    select
        n1_0.id,
        n1_0.created_at,
        n1_0.deleted_at,
        n1_0.delivery_id,
        n1_0.isDeleted,
        n1_0.isRead,
        n1_0.message,
        n1_0.metadata,
        n1_0.order_id,
        n1_0.priority,
        n1_0.read_at,
        n1_0.related_entity_id,
        n1_0.restaurant_id,
        n1_0.title,
        n1_0.type,
        n1_0.userId 
    from
        notifications n1_0 
    where
        n1_0.userId=? 
        and n1_0.isDeleted=0 
    order by
        n1_0.created_at desc
2025-07-03 23:43:26.793 [pool-16-thread-8] DEBUG org.hibernate.SQL - 
    select
        n1_0.id,
        n1_0.created_at,
        n1_0.deleted_at,
        n1_0.delivery_id,
        n1_0.isDeleted,
        n1_0.isRead,
        n1_0.message,
        n1_0.metadata,
        n1_0.order_id,
        n1_0.priority,
        n1_0.read_at,
        n1_0.related_entity_id,
        n1_0.restaurant_id,
        n1_0.title,
        n1_0.type,
        n1_0.userId 
    from
        notifications n1_0 
    where
        n1_0.userId=? 
        and n1_0.isDeleted=0 
    order by
        n1_0.created_at desc
Hibernate: 
    select
        n1_0.id,
        n1_0.created_at,
        n1_0.deleted_at,
        n1_0.delivery_id,
        n1_0.isDeleted,
        n1_0.isRead,
        n1_0.message,
        n1_0.metadata,
        n1_0.order_id,
        n1_0.priority,
        n1_0.read_at,
        n1_0.related_entity_id,
        n1_0.restaurant_id,
        n1_0.title,
        n1_0.type,
        n1_0.userId 
    from
        notifications n1_0 
    where
        n1_0.userId=? 
        and n1_0.isDeleted=0 
    order by
        n1_0.created_at desc
Hibernate: 
    select
        n1_0.id,
        n1_0.created_at,
        n1_0.deleted_at,
        n1_0.delivery_id,
        n1_0.isDeleted,
        n1_0.isRead,
        n1_0.message,
        n1_0.metadata,
        n1_0.order_id,
        n1_0.priority,
        n1_0.read_at,
        n1_0.related_entity_id,
        n1_0.restaurant_id,
        n1_0.title,
        n1_0.type,
        n1_0.userId 
    from
        notifications n1_0 
    where
        n1_0.userId=? 
        and n1_0.isDeleted=0 
    order by
        n1_0.created_at desc
Hibernate: 
    select
        n1_0.id,
        n1_0.created_at,
        n1_0.deleted_at,
        n1_0.delivery_id,
        n1_0.isDeleted,
        n1_0.isRead,
        n1_0.message,
        n1_0.metadata,
        n1_0.order_id,
        n1_0.priority,
        n1_0.read_at,
        n1_0.related_entity_id,
        n1_0.restaurant_id,
        n1_0.title,
        n1_0.type,
        n1_0.userId 
    from
        notifications n1_0 
    where
        n1_0.userId=? 
        and n1_0.isDeleted=0 
    order by
        n1_0.created_at desc
2025-07-03 23:43:26.793 [pool-16-thread-7] DEBUG org.hibernate.SQL - 
    select
        n1_0.id,
        n1_0.created_at,
        n1_0.deleted_at,
        n1_0.delivery_id,
        n1_0.isDeleted,
        n1_0.isRead,
        n1_0.message,
        n1_0.metadata,
        n1_0.order_id,
        n1_0.priority,
        n1_0.read_at,
        n1_0.related_entity_id,
        n1_0.restaurant_id,
        n1_0.title,
        n1_0.type,
        n1_0.userId 
    from
        notifications n1_0 
    where
        n1_0.userId=? 
        and n1_0.isDeleted=0 
    order by
        n1_0.created_at desc
Hibernate: 
    select
        n1_0.id,
        n1_0.created_at,
        n1_0.deleted_at,
        n1_0.delivery_id,
        n1_0.isDeleted,
        n1_0.isRead,
        n1_0.message,
        n1_0.metadata,
        n1_0.order_id,
        n1_0.priority,
        n1_0.read_at,
        n1_0.related_entity_id,
        n1_0.restaurant_id,
        n1_0.title,
        n1_0.type,
        n1_0.userId 
    from
        notifications n1_0 
    where
        n1_0.userId=? 
        and n1_0.isDeleted=0 
    order by
        n1_0.created_at desc
2025-07-03 23:43:26.793 [pool-16-thread-4] DEBUG org.hibernate.SQL - 
    select
        n1_0.id,
        n1_0.created_at,
        n1_0.deleted_at,
        n1_0.delivery_id,
        n1_0.isDeleted,
        n1_0.isRead,
        n1_0.message,
        n1_0.metadata,
        n1_0.order_id,
        n1_0.priority,
        n1_0.read_at,
        n1_0.related_entity_id,
        n1_0.restaurant_id,
        n1_0.title,
        n1_0.type,
        n1_0.userId 
    from
        notifications n1_0 
    where
        n1_0.userId=? 
        and n1_0.isDeleted=0 
    order by
        n1_0.created_at desc
Hibernate: 
    select
        n1_0.id,
        n1_0.created_at,
        n1_0.deleted_at,
        n1_0.delivery_id,
        n1_0.isDeleted,
        n1_0.isRead,
        n1_0.message,
        n1_0.metadata,
        n1_0.order_id,
        n1_0.priority,
        n1_0.read_at,
        n1_0.related_entity_id,
        n1_0.restaurant_id,
        n1_0.title,
        n1_0.type,
        n1_0.userId 
    from
        notifications n1_0 
    where
        n1_0.userId=? 
        and n1_0.isDeleted=0 
    order by
        n1_0.created_at desc
Hibernate: 
    select
        n1_0.id,
        n1_0.created_at,
        n1_0.deleted_at,
        n1_0.delivery_id,
        n1_0.isDeleted,
        n1_0.isRead,
        n1_0.message,
        n1_0.metadata,
        n1_0.order_id,
        n1_0.priority,
        n1_0.read_at,
        n1_0.related_entity_id,
        n1_0.restaurant_id,
        n1_0.title,
        n1_0.type,
        n1_0.userId 
    from
        notifications n1_0 
    where
        n1_0.userId=? 
        and n1_0.isDeleted=0 
    order by
        n1_0.created_at desc
Hibernate: 
    select
        n1_0.id,
        n1_0.created_at,
        n1_0.deleted_at,
        n1_0.delivery_id,
        n1_0.isDeleted,
        n1_0.isRead,
        n1_0.message,
        n1_0.metadata,
        n1_0.order_id,
        n1_0.priority,
        n1_0.read_at,
        n1_0.related_entity_id,
        n1_0.restaurant_id,
        n1_0.title,
        n1_0.type,
        n1_0.userId 
    from
        notifications n1_0 
    where
        n1_0.userId=? 
        and n1_0.isDeleted=0 
    order by
        n1_0.created_at desc
2025-07-03 23:43:26.793 [pool-16-thread-6] DEBUG org.hibernate.SQL - 
    select
        u1_0.id,
        u1_0.address,
        u1_0.email,
        u1_0.full_name,
        u1_0.is_active,
        u1_0.password_hash,
        u1_0.phone,
        u1_0.role 
    from
        users u1_0 
    where
        u1_0.id=?
2025-07-03 23:43:26.793 [pool-16-thread-9] DEBUG org.hibernate.SQL - 
    select
        u1_0.id,
        u1_0.address,
        u1_0.email,
        u1_0.full_name,
        u1_0.is_active,
        u1_0.password_hash,
        u1_0.phone,
        u1_0.role 
    from
        users u1_0 
    where
        u1_0.id=?
Hibernate: 
    select
        u1_0.id,
        u1_0.address,
        u1_0.email,
        u1_0.full_name,
        u1_0.is_active,
        u1_0.password_hash,
        u1_0.phone,
        u1_0.role 
    from
        users u1_0 
    where
        u1_0.id=?
2025-07-03 23:43:26.793 [pool-16-thread-1] DEBUG org.hibernate.SQL - 
    select
        u1_0.id,
        u1_0.address,
        u1_0.email,
        u1_0.full_name,
        u1_0.is_active,
        u1_0.password_hash,
        u1_0.phone,
        u1_0.role 
    from
        users u1_0 
    where
        u1_0.id=?
Hibernate: 
    select
        u1_0.id,
        u1_0.address,
        u1_0.email,
        u1_0.full_name,
        u1_0.is_active,
        u1_0.password_hash,
        u1_0.phone,
        u1_0.role 
    from
        users u1_0 
    where
        u1_0.id=?
Hibernate: 
    select
        u1_0.id,
        u1_0.address,
        u1_0.email,
        u1_0.full_name,
        u1_0.is_active,
        u1_0.password_hash,
        u1_0.phone,
        u1_0.role 
    from
        users u1_0 
    where
        u1_0.id=?
2025-07-03 23:43:26.793 [pool-16-thread-4] DEBUG org.hibernate.SQL - 
    select
        u1_0.id,
        u1_0.address,
        u1_0.email,
        u1_0.full_name,
        u1_0.is_active,
        u1_0.password_hash,
        u1_0.phone,
        u1_0.role 
    from
        users u1_0 
    where
        u1_0.id=?
Hibernate: 
    select
        u1_0.id,
        u1_0.address,
        u1_0.email,
        u1_0.full_name,
        u1_0.is_active,
        u1_0.password_hash,
        u1_0.phone,
        u1_0.role 
    from
        users u1_0 
    where
        u1_0.id=?
2025-07-03 23:43:26.793 [pool-16-thread-9] DEBUG org.hibernate.SQL - 
    select
        n1_0.id,
        n1_0.created_at,
        n1_0.deleted_at,
        n1_0.delivery_id,
        n1_0.isDeleted,
        n1_0.isRead,
        n1_0.message,
        n1_0.metadata,
        n1_0.order_id,
        n1_0.priority,
        n1_0.read_at,
        n1_0.related_entity_id,
        n1_0.restaurant_id,
        n1_0.title,
        n1_0.type,
        n1_0.userId 
    from
        notifications n1_0 
    where
        n1_0.userId=? 
        and n1_0.isDeleted=0 
    order by
        n1_0.created_at desc
2025-07-03 23:43:26.793 [pool-16-thread-1] DEBUG org.hibernate.SQL - 
    select
        n1_0.id,
        n1_0.created_at,
        n1_0.deleted_at,
        n1_0.delivery_id,
        n1_0.isDeleted,
        n1_0.isRead,
        n1_0.message,
        n1_0.metadata,
        n1_0.order_id,
        n1_0.priority,
        n1_0.read_at,
        n1_0.related_entity_id,
        n1_0.restaurant_id,
        n1_0.title,
        n1_0.type,
        n1_0.userId 
    from
        notifications n1_0 
    where
        n1_0.userId=? 
        and n1_0.isDeleted=0 
    order by
        n1_0.created_at desc
Hibernate: 
    select
        n1_0.id,
        n1_0.created_at,
        n1_0.deleted_at,
        n1_0.delivery_id,
        n1_0.isDeleted,
        n1_0.isRead,
        n1_0.message,
        n1_0.metadata,
        n1_0.order_id,
        n1_0.priority,
        n1_0.read_at,
        n1_0.related_entity_id,
        n1_0.restaurant_id,
        n1_0.title,
        n1_0.type,
        n1_0.userId 
    from
        notifications n1_0 
    where
        n1_0.userId=? 
        and n1_0.isDeleted=0 
    order by
        n1_0.created_at desc
2025-07-03 23:43:26.793 [pool-16-thread-6] DEBUG org.hibernate.SQL - 
    select
        n1_0.id,
        n1_0.created_at,
        n1_0.deleted_at,
        n1_0.delivery_id,
        n1_0.isDeleted,
        n1_0.isRead,
        n1_0.message,
        n1_0.metadata,
        n1_0.order_id,
        n1_0.priority,
        n1_0.read_at,
        n1_0.related_entity_id,
        n1_0.restaurant_id,
        n1_0.title,
        n1_0.type,
        n1_0.userId 
    from
        notifications n1_0 
    where
        n1_0.userId=? 
        and n1_0.isDeleted=0 
    order by
        n1_0.created_at desc
Hibernate: 
    select
        n1_0.id,
        n1_0.created_at,
        n1_0.deleted_at,
        n1_0.delivery_id,
        n1_0.isDeleted,
        n1_0.isRead,
        n1_0.message,
        n1_0.metadata,
        n1_0.order_id,
        n1_0.priority,
        n1_0.read_at,
        n1_0.related_entity_id,
        n1_0.restaurant_id,
        n1_0.title,
        n1_0.type,
        n1_0.userId 
    from
        notifications n1_0 
    where
        n1_0.userId=? 
        and n1_0.isDeleted=0 
    order by
        n1_0.created_at desc
Hibernate: 
    select
        n1_0.id,
        n1_0.created_at,
        n1_0.deleted_at,
        n1_0.delivery_id,
        n1_0.isDeleted,
        n1_0.isRead,
        n1_0.message,
        n1_0.metadata,
        n1_0.order_id,
        n1_0.priority,
        n1_0.read_at,
        n1_0.related_entity_id,
        n1_0.restaurant_id,
        n1_0.title,
        n1_0.type,
        n1_0.userId 
    from
        notifications n1_0 
    where
        n1_0.userId=? 
        and n1_0.isDeleted=0 
    order by
        n1_0.created_at desc
2025-07-03 23:43:26.793 [pool-16-thread-4] DEBUG org.hibernate.SQL - 
    select
        n1_0.id,
        n1_0.created_at,
        n1_0.deleted_at,
        n1_0.delivery_id,
        n1_0.isDeleted,
        n1_0.isRead,
        n1_0.message,
        n1_0.metadata,
        n1_0.order_id,
        n1_0.priority,
        n1_0.read_at,
        n1_0.related_entity_id,
        n1_0.restaurant_id,
        n1_0.title,
        n1_0.type,
        n1_0.userId 
    from
        notifications n1_0 
    where
        n1_0.userId=? 
        and n1_0.isDeleted=0 
    order by
        n1_0.created_at desc
2025-07-03 23:43:26.793 [pool-16-thread-5] DEBUG org.hibernate.SQL - 
    select
        u1_0.id,
        u1_0.address,
        u1_0.email,
        u1_0.full_name,
        u1_0.is_active,
        u1_0.password_hash,
        u1_0.phone,
        u1_0.role 
    from
        users u1_0 
    where
        u1_0.id=?
Hibernate: 
    select
        u1_0.id,
        u1_0.address,
        u1_0.email,
        u1_0.full_name,
        u1_0.is_active,
        u1_0.password_hash,
        u1_0.phone,
        u1_0.role 
    from
        users u1_0 
    where
        u1_0.id=?
Hibernate: 
    select
        n1_0.id,
        n1_0.created_at,
        n1_0.deleted_at,
        n1_0.delivery_id,
        n1_0.isDeleted,
        n1_0.isRead,
        n1_0.message,
        n1_0.metadata,
        n1_0.order_id,
        n1_0.priority,
        n1_0.read_at,
        n1_0.related_entity_id,
        n1_0.restaurant_id,
        n1_0.title,
        n1_0.type,
        n1_0.userId 
    from
        notifications n1_0 
    where
        n1_0.userId=? 
        and n1_0.isDeleted=0 
    order by
        n1_0.created_at desc
2025-07-03 23:43:26.793 [pool-16-thread-2] DEBUG org.hibernate.SQL - 
    select
        u1_0.id,
        u1_0.address,
        u1_0.email,
        u1_0.full_name,
        u1_0.is_active,
        u1_0.password_hash,
        u1_0.phone,
        u1_0.role 
    from
        users u1_0 
    where
        u1_0.id=?
Hibernate: 
    select
        u1_0.id,
        u1_0.address,
        u1_0.email,
        u1_0.full_name,
        u1_0.is_active,
        u1_0.password_hash,
        u1_0.phone,
        u1_0.role 
    from
        users u1_0 
    where
        u1_0.id=?
2025-07-03 23:43:26.793 [pool-16-thread-5] DEBUG org.hibernate.SQL - 
    select
        n1_0.id,
        n1_0.created_at,
        n1_0.deleted_at,
        n1_0.delivery_id,
        n1_0.isDeleted,
        n1_0.isRead,
        n1_0.message,
        n1_0.metadata,
        n1_0.order_id,
        n1_0.priority,
        n1_0.read_at,
        n1_0.related_entity_id,
        n1_0.restaurant_id,
        n1_0.title,
        n1_0.type,
        n1_0.userId 
    from
        notifications n1_0 
    where
        n1_0.userId=? 
        and n1_0.isDeleted=0 
    order by
        n1_0.created_at desc
Hibernate: 
    select
        n1_0.id,
        n1_0.created_at,
        n1_0.deleted_at,
        n1_0.delivery_id,
        n1_0.isDeleted,
        n1_0.isRead,
        n1_0.message,
        n1_0.metadata,
        n1_0.order_id,
        n1_0.priority,
        n1_0.read_at,
        n1_0.related_entity_id,
        n1_0.restaurant_id,
        n1_0.title,
        n1_0.type,
        n1_0.userId 
    from
        notifications n1_0 
    where
        n1_0.userId=? 
        and n1_0.isDeleted=0 
    order by
        n1_0.created_at desc
2025-07-03 23:43:26.793 [pool-16-thread-2] DEBUG org.hibernate.SQL - 
    select
        n1_0.id,
        n1_0.created_at,
        n1_0.deleted_at,
        n1_0.delivery_id,
        n1_0.isDeleted,
        n1_0.isRead,
        n1_0.message,
        n1_0.metadata,
        n1_0.order_id,
        n1_0.priority,
        n1_0.read_at,
        n1_0.related_entity_id,
        n1_0.restaurant_id,
        n1_0.title,
        n1_0.type,
        n1_0.userId 
    from
        notifications n1_0 
    where
        n1_0.userId=? 
        and n1_0.isDeleted=0 
    order by
        n1_0.created_at desc
Hibernate: 
    select
        n1_0.id,
        n1_0.created_at,
        n1_0.deleted_at,
        n1_0.delivery_id,
        n1_0.isDeleted,
        n1_0.isRead,
        n1_0.message,
        n1_0.metadata,
        n1_0.order_id,
        n1_0.priority,
        n1_0.read_at,
        n1_0.related_entity_id,
        n1_0.restaurant_id,
        n1_0.title,
        n1_0.type,
        n1_0.userId 
    from
        notifications n1_0 
    where
        n1_0.userId=? 
        and n1_0.isDeleted=0 
    order by
        n1_0.created_at desc
2025-07-03 23:43:26.794 [pool-16-thread-8] DEBUG org.hibernate.SQL - 
    select
        u1_0.id,
        u1_0.address,
        u1_0.email,
        u1_0.full_name,
        u1_0.is_active,
        u1_0.password_hash,
        u1_0.phone,
        u1_0.role 
    from
        users u1_0 
    where
        u1_0.id=?
Hibernate: 
    select
        u1_0.id,
        u1_0.address,
        u1_0.email,
        u1_0.full_name,
        u1_0.is_active,
        u1_0.password_hash,
        u1_0.phone,
        u1_0.role 
    from
        users u1_0 
    where
        u1_0.id=?
2025-07-03 23:43:26.794 [pool-16-thread-8] DEBUG org.hibernate.SQL - 
    select
        n1_0.id,
        n1_0.created_at,
        n1_0.deleted_at,
        n1_0.delivery_id,
        n1_0.isDeleted,
        n1_0.isRead,
        n1_0.message,
        n1_0.metadata,
        n1_0.order_id,
        n1_0.priority,
        n1_0.read_at,
        n1_0.related_entity_id,
        n1_0.restaurant_id,
        n1_0.title,
        n1_0.type,
        n1_0.userId 
    from
        notifications n1_0 
    where
        n1_0.userId=? 
        and n1_0.isDeleted=0 
    order by
        n1_0.created_at desc
Hibernate: 
    select
        n1_0.id,
        n1_0.created_at,
        n1_0.deleted_at,
        n1_0.delivery_id,
        n1_0.isDeleted,
        n1_0.isRead,
        n1_0.message,
        n1_0.metadata,
        n1_0.order_id,
        n1_0.priority,
        n1_0.read_at,
        n1_0.related_entity_id,
        n1_0.restaurant_id,
        n1_0.title,
        n1_0.type,
        n1_0.userId 
    from
        notifications n1_0 
    where
        n1_0.userId=? 
        and n1_0.isDeleted=0 
    order by
        n1_0.created_at desc
2025-07-03 23:43:26.794 [pool-16-thread-1] DEBUG org.hibernate.SQL - 
    select
        u1_0.id,
        u1_0.address,
        u1_0.email,
        u1_0.full_name,
        u1_0.is_active,
        u1_0.password_hash,
        u1_0.phone,
        u1_0.role 
    from
        users u1_0 
    where
        u1_0.id=?
Hibernate: 
    select
        u1_0.id,
        u1_0.address,
        u1_0.email,
        u1_0.full_name,
        u1_0.is_active,
        u1_0.password_hash,
        u1_0.phone,
        u1_0.role 
    from
        users u1_0 
    where
        u1_0.id=?
2025-07-03 23:43:26.794 [pool-16-thread-6] DEBUG org.hibernate.SQL - 
    select
        u1_0.id,
        u1_0.address,
        u1_0.email,
        u1_0.full_name,
        u1_0.is_active,
        u1_0.password_hash,
        u1_0.phone,
        u1_0.role 
    from
        users u1_0 
    where
        u1_0.id=?
Hibernate: 
    select
        u1_0.id,
        u1_0.address,
        u1_0.email,
        u1_0.full_name,
        u1_0.is_active,
        u1_0.password_hash,
        u1_0.phone,
        u1_0.role 
    from
        users u1_0 
    where
        u1_0.id=?
2025-07-03 23:43:26.794 [pool-16-thread-9] DEBUG org.hibernate.SQL - 
    select
        u1_0.id,
        u1_0.address,
        u1_0.email,
        u1_0.full_name,
        u1_0.is_active,
        u1_0.password_hash,
        u1_0.phone,
        u1_0.role 
    from
        users u1_0 
    where
        u1_0.id=?
Hibernate: 
    select
        u1_0.id,
        u1_0.address,
        u1_0.email,
        u1_0.full_name,
        u1_0.is_active,
        u1_0.password_hash,
        u1_0.phone,
        u1_0.role 
    from
        users u1_0 
    where
        u1_0.id=?
2025-07-03 23:43:26.794 [pool-16-thread-4] DEBUG org.hibernate.SQL - 
    select
        u1_0.id,
        u1_0.address,
        u1_0.email,
        u1_0.full_name,
        u1_0.is_active,
        u1_0.password_hash,
        u1_0.phone,
        u1_0.role 
    from
        users u1_0 
    where
        u1_0.id=?
Hibernate: 
    select
        u1_0.id,
        u1_0.address,
        u1_0.email,
        u1_0.full_name,
        u1_0.is_active,
        u1_0.password_hash,
        u1_0.phone,
        u1_0.role 
    from
        users u1_0 
    where
        u1_0.id=?
2025-07-03 23:43:26.794 [pool-16-thread-1] DEBUG org.hibernate.SQL - 
    select
        n1_0.id,
        n1_0.created_at,
        n1_0.deleted_at,
        n1_0.delivery_id,
        n1_0.isDeleted,
        n1_0.isRead,
        n1_0.message,
        n1_0.metadata,
        n1_0.order_id,
        n1_0.priority,
        n1_0.read_at,
        n1_0.related_entity_id,
        n1_0.restaurant_id,
        n1_0.title,
        n1_0.type,
        n1_0.userId 
    from
        notifications n1_0 
    where
        n1_0.userId=? 
        and n1_0.isDeleted=0 
    order by
        n1_0.created_at desc
Hibernate: 
    select
        n1_0.id,
        n1_0.created_at,
        n1_0.deleted_at,
        n1_0.delivery_id,
        n1_0.isDeleted,
        n1_0.isRead,
        n1_0.message,
        n1_0.metadata,
        n1_0.order_id,
        n1_0.priority,
        n1_0.read_at,
        n1_0.related_entity_id,
        n1_0.restaurant_id,
        n1_0.title,
        n1_0.type,
        n1_0.userId 
    from
        notifications n1_0 
    where
        n1_0.userId=? 
        and n1_0.isDeleted=0 
    order by
        n1_0.created_at desc
2025-07-03 23:43:26.794 [pool-16-thread-6] DEBUG org.hibernate.SQL - 
    select
        n1_0.id,
        n1_0.created_at,
        n1_0.deleted_at,
        n1_0.delivery_id,
        n1_0.isDeleted,
        n1_0.isRead,
        n1_0.message,
        n1_0.metadata,
        n1_0.order_id,
        n1_0.priority,
        n1_0.read_at,
        n1_0.related_entity_id,
        n1_0.restaurant_id,
        n1_0.title,
        n1_0.type,
        n1_0.userId 
    from
        notifications n1_0 
    where
        n1_0.userId=? 
        and n1_0.isDeleted=0 
    order by
        n1_0.created_at desc
Hibernate: 
    select
        n1_0.id,
        n1_0.created_at,
        n1_0.deleted_at,
        n1_0.delivery_id,
        n1_0.isDeleted,
        n1_0.isRead,
        n1_0.message,
        n1_0.metadata,
        n1_0.order_id,
        n1_0.priority,
        n1_0.read_at,
        n1_0.related_entity_id,
        n1_0.restaurant_id,
        n1_0.title,
        n1_0.type,
        n1_0.userId 
    from
        notifications n1_0 
    where
        n1_0.userId=? 
        and n1_0.isDeleted=0 
    order by
        n1_0.created_at desc
2025-07-03 23:43:26.794 [pool-16-thread-9] DEBUG org.hibernate.SQL - 
    select
        n1_0.id,
        n1_0.created_at,
        n1_0.deleted_at,
        n1_0.delivery_id,
        n1_0.isDeleted,
        n1_0.isRead,
        n1_0.message,
        n1_0.metadata,
        n1_0.order_id,
        n1_0.priority,
        n1_0.read_at,
        n1_0.related_entity_id,
        n1_0.restaurant_id,
        n1_0.title,
        n1_0.type,
        n1_0.userId 
    from
        notifications n1_0 
    where
        n1_0.userId=? 
        and n1_0.isDeleted=0 
    order by
        n1_0.created_at desc
Hibernate: 
    select
        n1_0.id,
        n1_0.created_at,
        n1_0.deleted_at,
        n1_0.delivery_id,
        n1_0.isDeleted,
        n1_0.isRead,
        n1_0.message,
        n1_0.metadata,
        n1_0.order_id,
        n1_0.priority,
        n1_0.read_at,
        n1_0.related_entity_id,
        n1_0.restaurant_id,
        n1_0.title,
        n1_0.type,
        n1_0.userId 
    from
        notifications n1_0 
    where
        n1_0.userId=? 
        and n1_0.isDeleted=0 
    order by
        n1_0.created_at desc
2025-07-03 23:43:26.794 [pool-16-thread-4] DEBUG org.hibernate.SQL - 
    select
        n1_0.id,
        n1_0.created_at,
        n1_0.deleted_at,
        n1_0.delivery_id,
        n1_0.isDeleted,
        n1_0.isRead,
        n1_0.message,
        n1_0.metadata,
        n1_0.order_id,
        n1_0.priority,
        n1_0.read_at,
        n1_0.related_entity_id,
        n1_0.restaurant_id,
        n1_0.title,
        n1_0.type,
        n1_0.userId 
    from
        notifications n1_0 
    where
        n1_0.userId=? 
        and n1_0.isDeleted=0 
    order by
        n1_0.created_at desc
Hibernate: 
    select
        n1_0.id,
        n1_0.created_at,
        n1_0.deleted_at,
        n1_0.delivery_id,
        n1_0.isDeleted,
        n1_0.isRead,
        n1_0.message,
        n1_0.metadata,
        n1_0.order_id,
        n1_0.priority,
        n1_0.read_at,
        n1_0.related_entity_id,
        n1_0.restaurant_id,
        n1_0.title,
        n1_0.type,
        n1_0.userId 
    from
        notifications n1_0 
    where
        n1_0.userId=? 
        and n1_0.isDeleted=0 
    order by
        n1_0.created_at desc
2025-07-03 23:43:26.794 [pool-16-thread-5] DEBUG org.hibernate.SQL - 
    select
        u1_0.id,
        u1_0.address,
        u1_0.email,
        u1_0.full_name,
        u1_0.is_active,
        u1_0.password_hash,
        u1_0.phone,
        u1_0.role 
    from
        users u1_0 
    where
        u1_0.id=?
Hibernate: 
    select
        u1_0.id,
        u1_0.address,
        u1_0.email,
        u1_0.full_name,
        u1_0.is_active,
        u1_0.password_hash,
        u1_0.phone,
        u1_0.role 
    from
        users u1_0 
    where
        u1_0.id=?
2025-07-03 23:43:26.794 [pool-16-thread-2] DEBUG org.hibernate.SQL - 
    select
        u1_0.id,
        u1_0.address,
        u1_0.email,
        u1_0.full_name,
        u1_0.is_active,
        u1_0.password_hash,
        u1_0.phone,
        u1_0.role 
    from
        users u1_0 
    where
        u1_0.id=?
Hibernate: 
    select
        u1_0.id,
        u1_0.address,
        u1_0.email,
        u1_0.full_name,
        u1_0.is_active,
        u1_0.password_hash,
        u1_0.phone,
        u1_0.role 
    from
        users u1_0 
    where
        u1_0.id=?
2025-07-03 23:43:26.794 [pool-16-thread-5] DEBUG org.hibernate.SQL - 
    select
        n1_0.id,
        n1_0.created_at,
        n1_0.deleted_at,
        n1_0.delivery_id,
        n1_0.isDeleted,
        n1_0.isRead,
        n1_0.message,
        n1_0.metadata,
        n1_0.order_id,
        n1_0.priority,
        n1_0.read_at,
        n1_0.related_entity_id,
        n1_0.restaurant_id,
        n1_0.title,
        n1_0.type,
        n1_0.userId 
    from
        notifications n1_0 
    where
        n1_0.userId=? 
        and n1_0.isDeleted=0 
    order by
        n1_0.created_at desc
Hibernate: 
    select
        n1_0.id,
        n1_0.created_at,
        n1_0.deleted_at,
        n1_0.delivery_id,
        n1_0.isDeleted,
        n1_0.isRead,
        n1_0.message,
        n1_0.metadata,
        n1_0.order_id,
        n1_0.priority,
        n1_0.read_at,
        n1_0.related_entity_id,
        n1_0.restaurant_id,
        n1_0.title,
        n1_0.type,
        n1_0.userId 
    from
        notifications n1_0 
    where
        n1_0.userId=? 
        and n1_0.isDeleted=0 
    order by
        n1_0.created_at desc
2025-07-03 23:43:26.794 [pool-16-thread-2] DEBUG org.hibernate.SQL - 
    select
        n1_0.id,
        n1_0.created_at,
        n1_0.deleted_at,
        n1_0.delivery_id,
        n1_0.isDeleted,
        n1_0.isRead,
        n1_0.message,
        n1_0.metadata,
        n1_0.order_id,
        n1_0.priority,
        n1_0.read_at,
        n1_0.related_entity_id,
        n1_0.restaurant_id,
        n1_0.title,
        n1_0.type,
        n1_0.userId 
    from
        notifications n1_0 
    where
        n1_0.userId=? 
        and n1_0.isDeleted=0 
    order by
        n1_0.created_at desc
Hibernate: 
    select
        n1_0.id,
        n1_0.created_at,
        n1_0.deleted_at,
        n1_0.delivery_id,
        n1_0.isDeleted,
        n1_0.isRead,
        n1_0.message,
        n1_0.metadata,
        n1_0.order_id,
        n1_0.priority,
        n1_0.read_at,
        n1_0.related_entity_id,
        n1_0.restaurant_id,
        n1_0.title,
        n1_0.type,
        n1_0.userId 
    from
        notifications n1_0 
    where
        n1_0.userId=? 
        and n1_0.isDeleted=0 
    order by
        n1_0.created_at desc
2025-07-03 23:43:26.794 [pool-16-thread-8] DEBUG org.hibernate.SQL - 
    select
        u1_0.id,
        u1_0.address,
        u1_0.email,
        u1_0.full_name,
        u1_0.is_active,
        u1_0.password_hash,
        u1_0.phone,
        u1_0.role 
    from
        users u1_0 
    where
        u1_0.id=?
Hibernate: 
    select
        u1_0.id,
        u1_0.address,
        u1_0.email,
        u1_0.full_name,
        u1_0.is_active,
        u1_0.password_hash,
        u1_0.phone,
        u1_0.role 
    from
        users u1_0 
    where
        u1_0.id=?
2025-07-03 23:43:26.794 [pool-16-thread-1] DEBUG org.hibernate.SQL - 
    select
        u1_0.id,
        u1_0.address,
        u1_0.email,
        u1_0.full_name,
        u1_0.is_active,
        u1_0.password_hash,
        u1_0.phone,
        u1_0.role 
    from
        users u1_0 
    where
        u1_0.id=?
Hibernate: 
    select
        u1_0.id,
        u1_0.address,
        u1_0.email,
        u1_0.full_name,
        u1_0.is_active,
        u1_0.password_hash,
        u1_0.phone,
        u1_0.role 
    from
        users u1_0 
    where
        u1_0.id=?
2025-07-03 23:43:26.794 [pool-16-thread-8] DEBUG org.hibernate.SQL - 
    select
        n1_0.id,
        n1_0.created_at,
        n1_0.deleted_at,
        n1_0.delivery_id,
        n1_0.isDeleted,
        n1_0.isRead,
        n1_0.message,
        n1_0.metadata,
        n1_0.order_id,
        n1_0.priority,
        n1_0.read_at,
        n1_0.related_entity_id,
        n1_0.restaurant_id,
        n1_0.title,
        n1_0.type,
        n1_0.userId 
    from
        notifications n1_0 
    where
        n1_0.userId=? 
        and n1_0.isDeleted=0 
    order by
        n1_0.created_at desc
Hibernate: 
    select
        n1_0.id,
        n1_0.created_at,
        n1_0.deleted_at,
        n1_0.delivery_id,
        n1_0.isDeleted,
        n1_0.isRead,
        n1_0.message,
        n1_0.metadata,
        n1_0.order_id,
        n1_0.priority,
        n1_0.read_at,
        n1_0.related_entity_id,
        n1_0.restaurant_id,
        n1_0.title,
        n1_0.type,
        n1_0.userId 
    from
        notifications n1_0 
    where
        n1_0.userId=? 
        and n1_0.isDeleted=0 
    order by
        n1_0.created_at desc
2025-07-03 23:43:26.794 [pool-16-thread-6] DEBUG org.hibernate.SQL - 
    select
        u1_0.id,
        u1_0.address,
        u1_0.email,
        u1_0.full_name,
        u1_0.is_active,
        u1_0.password_hash,
        u1_0.phone,
        u1_0.role 
    from
        users u1_0 
    where
        u1_0.id=?
Hibernate: 
    select
        u1_0.id,
        u1_0.address,
        u1_0.email,
        u1_0.full_name,
        u1_0.is_active,
        u1_0.password_hash,
        u1_0.phone,
        u1_0.role 
    from
        users u1_0 
    where
        u1_0.id=?
2025-07-03 23:43:26.794 [pool-16-thread-4] DEBUG org.hibernate.SQL - 
    select
        u1_0.id,
        u1_0.address,
        u1_0.email,
        u1_0.full_name,
        u1_0.is_active,
        u1_0.password_hash,
        u1_0.phone,
        u1_0.role 
    from
        users u1_0 
    where
        u1_0.id=?
Hibernate: 
    select
        u1_0.id,
        u1_0.address,
        u1_0.email,
        u1_0.full_name,
        u1_0.is_active,
        u1_0.password_hash,
        u1_0.phone,
        u1_0.role 
    from
        users u1_0 
    where
        u1_0.id=?
2025-07-03 23:43:26.794 [pool-16-thread-9] DEBUG org.hibernate.SQL - 
    select
        u1_0.id,
        u1_0.address,
        u1_0.email,
        u1_0.full_name,
        u1_0.is_active,
        u1_0.password_hash,
        u1_0.phone,
        u1_0.role 
    from
        users u1_0 
    where
        u1_0.id=?
Hibernate: 
    select
        u1_0.id,
        u1_0.address,
        u1_0.email,
        u1_0.full_name,
        u1_0.is_active,
        u1_0.password_hash,
        u1_0.phone,
        u1_0.role 
    from
        users u1_0 
    where
        u1_0.id=?
2025-07-03 23:43:26.794 [pool-16-thread-6] DEBUG org.hibernate.SQL - 
    select
        n1_0.id,
        n1_0.created_at,
        n1_0.deleted_at,
        n1_0.delivery_id,
        n1_0.isDeleted,
        n1_0.isRead,
        n1_0.message,
        n1_0.metadata,
        n1_0.order_id,
        n1_0.priority,
        n1_0.read_at,
        n1_0.related_entity_id,
        n1_0.restaurant_id,
        n1_0.title,
        n1_0.type,
        n1_0.userId 
    from
        notifications n1_0 
    where
        n1_0.userId=? 
        and n1_0.isDeleted=0 
    order by
        n1_0.created_at desc
Hibernate: 
    select
        n1_0.id,
        n1_0.created_at,
        n1_0.deleted_at,
        n1_0.delivery_id,
        n1_0.isDeleted,
        n1_0.isRead,
        n1_0.message,
        n1_0.metadata,
        n1_0.order_id,
        n1_0.priority,
        n1_0.read_at,
        n1_0.related_entity_id,
        n1_0.restaurant_id,
        n1_0.title,
        n1_0.type,
        n1_0.userId 
    from
        notifications n1_0 
    where
        n1_0.userId=? 
        and n1_0.isDeleted=0 
    order by
        n1_0.created_at desc
2025-07-03 23:43:26.794 [pool-16-thread-4] DEBUG org.hibernate.SQL - 
    select
        n1_0.id,
        n1_0.created_at,
        n1_0.deleted_at,
        n1_0.delivery_id,
        n1_0.isDeleted,
        n1_0.isRead,
        n1_0.message,
        n1_0.metadata,
        n1_0.order_id,
        n1_0.priority,
        n1_0.read_at,
        n1_0.related_entity_id,
        n1_0.restaurant_id,
        n1_0.title,
        n1_0.type,
        n1_0.userId 
    from
        notifications n1_0 
    where
        n1_0.userId=? 
        and n1_0.isDeleted=0 
    order by
        n1_0.created_at desc
Hibernate: 
    select
        n1_0.id,
        n1_0.created_at,
        n1_0.deleted_at,
        n1_0.delivery_id,
        n1_0.isDeleted,
        n1_0.isRead,
        n1_0.message,
        n1_0.metadata,
        n1_0.order_id,
        n1_0.priority,
        n1_0.read_at,
        n1_0.related_entity_id,
        n1_0.restaurant_id,
        n1_0.title,
        n1_0.type,
        n1_0.userId 
    from
        notifications n1_0 
    where
        n1_0.userId=? 
        and n1_0.isDeleted=0 
    order by
        n1_0.created_at desc
2025-07-03 23:43:26.794 [pool-16-thread-9] DEBUG org.hibernate.SQL - 
    select
        n1_0.id,
        n1_0.created_at,
        n1_0.deleted_at,
        n1_0.delivery_id,
        n1_0.isDeleted,
        n1_0.isRead,
        n1_0.message,
        n1_0.metadata,
        n1_0.order_id,
        n1_0.priority,
        n1_0.read_at,
        n1_0.related_entity_id,
        n1_0.restaurant_id,
        n1_0.title,
        n1_0.type,
        n1_0.userId 
    from
        notifications n1_0 
    where
        n1_0.userId=? 
        and n1_0.isDeleted=0 
    order by
        n1_0.created_at desc
Hibernate: 
    select
        n1_0.id,
        n1_0.created_at,
        n1_0.deleted_at,
        n1_0.delivery_id,
        n1_0.isDeleted,
        n1_0.isRead,
        n1_0.message,
        n1_0.metadata,
        n1_0.order_id,
        n1_0.priority,
        n1_0.read_at,
        n1_0.related_entity_id,
        n1_0.restaurant_id,
        n1_0.title,
        n1_0.type,
        n1_0.userId 
    from
        notifications n1_0 
    where
        n1_0.userId=? 
        and n1_0.isDeleted=0 
    order by
        n1_0.created_at desc
2025-07-03 23:43:26.794 [pool-16-thread-5] DEBUG org.hibernate.SQL - 
    select
        u1_0.id,
        u1_0.address,
        u1_0.email,
        u1_0.full_name,
        u1_0.is_active,
        u1_0.password_hash,
        u1_0.phone,
        u1_0.role 
    from
        users u1_0 
    where
        u1_0.id=?
Hibernate: 
    select
        u1_0.id,
        u1_0.address,
        u1_0.email,
        u1_0.full_name,
        u1_0.is_active,
        u1_0.password_hash,
        u1_0.phone,
        u1_0.role 
    from
        users u1_0 
    where
        u1_0.id=?
2025-07-03 23:43:26.794 [pool-16-thread-2] DEBUG org.hibernate.SQL - 
    select
        u1_0.id,
        u1_0.address,
        u1_0.email,
        u1_0.full_name,
        u1_0.is_active,
        u1_0.password_hash,
        u1_0.phone,
        u1_0.role 
    from
        users u1_0 
    where
        u1_0.id=?
Hibernate: 
    select
        u1_0.id,
        u1_0.address,
        u1_0.email,
        u1_0.full_name,
        u1_0.is_active,
        u1_0.password_hash,
        u1_0.phone,
        u1_0.role 
    from
        users u1_0 
    where
        u1_0.id=?
2025-07-03 23:43:26.794 [pool-16-thread-5] DEBUG org.hibernate.SQL - 
    select
        n1_0.id,
        n1_0.created_at,
        n1_0.deleted_at,
        n1_0.delivery_id,
        n1_0.isDeleted,
        n1_0.isRead,
        n1_0.message,
        n1_0.metadata,
        n1_0.order_id,
        n1_0.priority,
        n1_0.read_at,
        n1_0.related_entity_id,
        n1_0.restaurant_id,
        n1_0.title,
        n1_0.type,
        n1_0.userId 
    from
        notifications n1_0 
    where
        n1_0.userId=? 
        and n1_0.isDeleted=0 
    order by
        n1_0.created_at desc
Hibernate: 
    select
        n1_0.id,
        n1_0.created_at,
        n1_0.deleted_at,
        n1_0.delivery_id,
        n1_0.isDeleted,
        n1_0.isRead,
        n1_0.message,
        n1_0.metadata,
        n1_0.order_id,
        n1_0.priority,
        n1_0.read_at,
        n1_0.related_entity_id,
        n1_0.restaurant_id,
        n1_0.title,
        n1_0.type,
        n1_0.userId 
    from
        notifications n1_0 
    where
        n1_0.userId=? 
        and n1_0.isDeleted=0 
    order by
        n1_0.created_at desc
2025-07-03 23:43:26.794 [pool-16-thread-2] DEBUG org.hibernate.SQL - 
    select
        n1_0.id,
        n1_0.created_at,
        n1_0.deleted_at,
        n1_0.delivery_id,
        n1_0.isDeleted,
        n1_0.isRead,
        n1_0.message,
        n1_0.metadata,
        n1_0.order_id,
        n1_0.priority,
        n1_0.read_at,
        n1_0.related_entity_id,
        n1_0.restaurant_id,
        n1_0.title,
        n1_0.type,
        n1_0.userId 
    from
        notifications n1_0 
    where
        n1_0.userId=? 
        and n1_0.isDeleted=0 
    order by
        n1_0.created_at desc
Hibernate: 
    select
        n1_0.id,
        n1_0.created_at,
        n1_0.deleted_at,
        n1_0.delivery_id,
        n1_0.isDeleted,
        n1_0.isRead,
        n1_0.message,
        n1_0.metadata,
        n1_0.order_id,
        n1_0.priority,
        n1_0.read_at,
        n1_0.related_entity_id,
        n1_0.restaurant_id,
        n1_0.title,
        n1_0.type,
        n1_0.userId 
    from
        notifications n1_0 
    where
        n1_0.userId=? 
        and n1_0.isDeleted=0 
    order by
        n1_0.created_at desc
2025-07-03 23:43:26.794 [pool-16-thread-3] DEBUG org.hibernate.SQL - 
    select
        u1_0.id,
        u1_0.address,
        u1_0.email,
        u1_0.full_name,
        u1_0.is_active,
        u1_0.password_hash,
        u1_0.phone,
        u1_0.role 
    from
        users u1_0 
    where
        u1_0.id=?
Hibernate: 
    select
        u1_0.id,
        u1_0.address,
        u1_0.email,
        u1_0.full_name,
        u1_0.is_active,
        u1_0.password_hash,
        u1_0.phone,
        u1_0.role 
    from
        users u1_0 
    where
        u1_0.id=?
2025-07-03 23:43:26.794 [pool-16-thread-3] DEBUG org.hibernate.SQL - 
    select
        n1_0.id,
        n1_0.created_at,
        n1_0.deleted_at,
        n1_0.delivery_id,
        n1_0.isDeleted,
        n1_0.isRead,
        n1_0.message,
        n1_0.metadata,
        n1_0.order_id,
        n1_0.priority,
        n1_0.read_at,
        n1_0.related_entity_id,
        n1_0.restaurant_id,
        n1_0.title,
        n1_0.type,
        n1_0.userId 
    from
        notifications n1_0 
    where
        n1_0.userId=? 
        and n1_0.isDeleted=0 
    order by
        n1_0.created_at desc
Hibernate: 
    select
        n1_0.id,
        n1_0.created_at,
        n1_0.deleted_at,
        n1_0.delivery_id,
        n1_0.isDeleted,
        n1_0.isRead,
        n1_0.message,
        n1_0.metadata,
        n1_0.order_id,
        n1_0.priority,
        n1_0.read_at,
        n1_0.related_entity_id,
        n1_0.restaurant_id,
        n1_0.title,
        n1_0.type,
        n1_0.userId 
    from
        notifications n1_0 
    where
        n1_0.userId=? 
        and n1_0.isDeleted=0 
    order by
        n1_0.created_at desc
2025-07-03 23:43:26.795 [pool-16-thread-8] DEBUG org.hibernate.SQL - 
    select
        u1_0.id,
        u1_0.address,
        u1_0.email,
        u1_0.full_name,
        u1_0.is_active,
        u1_0.password_hash,
        u1_0.phone,
        u1_0.role 
    from
        users u1_0 
    where
        u1_0.id=?
Hibernate: 
    select
        u1_0.id,
        u1_0.address,
        u1_0.email,
        u1_0.full_name,
        u1_0.is_active,
        u1_0.password_hash,
        u1_0.phone,
        u1_0.role 
    from
        users u1_0 
    where
        u1_0.id=?
2025-07-03 23:43:26.795 [pool-16-thread-8] DEBUG org.hibernate.SQL - 
    select
        n1_0.id,
        n1_0.created_at,
        n1_0.deleted_at,
        n1_0.delivery_id,
        n1_0.isDeleted,
        n1_0.isRead,
        n1_0.message,
        n1_0.metadata,
        n1_0.order_id,
        n1_0.priority,
        n1_0.read_at,
        n1_0.related_entity_id,
        n1_0.restaurant_id,
        n1_0.title,
        n1_0.type,
        n1_0.userId 
    from
        notifications n1_0 
    where
        n1_0.userId=? 
        and n1_0.isDeleted=0 
    order by
        n1_0.created_at desc
Hibernate: 
    select
        n1_0.id,
        n1_0.created_at,
        n1_0.deleted_at,
        n1_0.delivery_id,
        n1_0.isDeleted,
        n1_0.isRead,
        n1_0.message,
        n1_0.metadata,
        n1_0.order_id,
        n1_0.priority,
        n1_0.read_at,
        n1_0.related_entity_id,
        n1_0.restaurant_id,
        n1_0.title,
        n1_0.type,
        n1_0.userId 
    from
        notifications n1_0 
    where
        n1_0.userId=? 
        and n1_0.isDeleted=0 
    order by
        n1_0.created_at desc
2025-07-03 23:43:26.795 [pool-16-thread-6] DEBUG org.hibernate.SQL - 
    select
        u1_0.id,
        u1_0.address,
        u1_0.email,
        u1_0.full_name,
        u1_0.is_active,
        u1_0.password_hash,
        u1_0.phone,
        u1_0.role 
    from
        users u1_0 
    where
        u1_0.id=?
Hibernate: 
    select
        u1_0.id,
        u1_0.address,
        u1_0.email,
        u1_0.full_name,
        u1_0.is_active,
        u1_0.password_hash,
        u1_0.phone,
        u1_0.role 
    from
        users u1_0 
    where
        u1_0.id=?
2025-07-03 23:43:26.795 [pool-16-thread-4] DEBUG org.hibernate.SQL - 
    select
        u1_0.id,
        u1_0.address,
        u1_0.email,
        u1_0.full_name,
        u1_0.is_active,
        u1_0.password_hash,
        u1_0.phone,
        u1_0.role 
    from
        users u1_0 
    where
        u1_0.id=?
Hibernate: 
    select
        u1_0.id,
        u1_0.address,
        u1_0.email,
        u1_0.full_name,
        u1_0.is_active,
        u1_0.password_hash,
        u1_0.phone,
        u1_0.role 
    from
        users u1_0 
    where
        u1_0.id=?
2025-07-03 23:43:26.795 [pool-16-thread-6] DEBUG org.hibernate.SQL - 
    select
        n1_0.id,
        n1_0.created_at,
        n1_0.deleted_at,
        n1_0.delivery_id,
        n1_0.isDeleted,
        n1_0.isRead,
        n1_0.message,
        n1_0.metadata,
        n1_0.order_id,
        n1_0.priority,
        n1_0.read_at,
        n1_0.related_entity_id,
        n1_0.restaurant_id,
        n1_0.title,
        n1_0.type,
        n1_0.userId 
    from
        notifications n1_0 
    where
        n1_0.userId=? 
        and n1_0.isDeleted=0 
    order by
        n1_0.created_at desc
Hibernate: 
    select
        n1_0.id,
        n1_0.created_at,
        n1_0.deleted_at,
        n1_0.delivery_id,
        n1_0.isDeleted,
        n1_0.isRead,
        n1_0.message,
        n1_0.metadata,
        n1_0.order_id,
        n1_0.priority,
        n1_0.read_at,
        n1_0.related_entity_id,
        n1_0.restaurant_id,
        n1_0.title,
        n1_0.type,
        n1_0.userId 
    from
        notifications n1_0 
    where
        n1_0.userId=? 
        and n1_0.isDeleted=0 
    order by
        n1_0.created_at desc
2025-07-03 23:43:26.795 [pool-16-thread-4] DEBUG org.hibernate.SQL - 
    select
        n1_0.id,
        n1_0.created_at,
        n1_0.deleted_at,
        n1_0.delivery_id,
        n1_0.isDeleted,
        n1_0.isRead,
        n1_0.message,
        n1_0.metadata,
        n1_0.order_id,
        n1_0.priority,
        n1_0.read_at,
        n1_0.related_entity_id,
        n1_0.restaurant_id,
        n1_0.title,
        n1_0.type,
        n1_0.userId 
    from
        notifications n1_0 
    where
        n1_0.userId=? 
        and n1_0.isDeleted=0 
    order by
        n1_0.created_at desc
2025-07-03 23:43:26.793 [pool-16-thread-10] DEBUG org.hibernate.SQL - 
    select
        u1_0.id,
        u1_0.address,
        u1_0.email,
        u1_0.full_name,
        u1_0.is_active,
        u1_0.password_hash,
        u1_0.phone,
        u1_0.role 
    from
        users u1_0 
    where
        u1_0.id=?
Hibernate: 
    select
        n1_0.id,
        n1_0.created_at,
        n1_0.deleted_at,
        n1_0.delivery_id,
        n1_0.isDeleted,
        n1_0.isRead,
        n1_0.message,
        n1_0.metadata,
        n1_0.order_id,
        n1_0.priority,
        n1_0.read_at,
        n1_0.related_entity_id,
        n1_0.restaurant_id,
        n1_0.title,
        n1_0.type,
        n1_0.userId 
    from
        notifications n1_0 
    where
        n1_0.userId=? 
        and n1_0.isDeleted=0 
    order by
        n1_0.created_at desc
Hibernate: 
    select
        u1_0.id,
        u1_0.address,
        u1_0.email,
        u1_0.full_name,
        u1_0.is_active,
        u1_0.password_hash,
        u1_0.phone,
        u1_0.role 
    from
        users u1_0 
    where
        u1_0.id=?
2025-07-03 23:43:26.795 [pool-16-thread-2] DEBUG org.hibernate.SQL - 
    select
        u1_0.id,
        u1_0.address,
        u1_0.email,
        u1_0.full_name,
        u1_0.is_active,
        u1_0.password_hash,
        u1_0.phone,
        u1_0.role 
    from
        users u1_0 
    where
        u1_0.id=?
Hibernate: 
    select
        u1_0.id,
        u1_0.address,
        u1_0.email,
        u1_0.full_name,
        u1_0.is_active,
        u1_0.password_hash,
        u1_0.phone,
        u1_0.role 
    from
        users u1_0 
    where
        u1_0.id=?
2025-07-03 23:43:26.795 [pool-16-thread-2] DEBUG org.hibernate.SQL - 
    select
        n1_0.id,
        n1_0.created_at,
        n1_0.deleted_at,
        n1_0.delivery_id,
        n1_0.isDeleted,
        n1_0.isRead,
        n1_0.message,
        n1_0.metadata,
        n1_0.order_id,
        n1_0.priority,
        n1_0.read_at,
        n1_0.related_entity_id,
        n1_0.restaurant_id,
        n1_0.title,
        n1_0.type,
        n1_0.userId 
    from
        notifications n1_0 
    where
        n1_0.userId=? 
        and n1_0.isDeleted=0 
    order by
        n1_0.created_at desc
Hibernate: 
    select
        n1_0.id,
        n1_0.created_at,
        n1_0.deleted_at,
        n1_0.delivery_id,
        n1_0.isDeleted,
        n1_0.isRead,
        n1_0.message,
        n1_0.metadata,
        n1_0.order_id,
        n1_0.priority,
        n1_0.read_at,
        n1_0.related_entity_id,
        n1_0.restaurant_id,
        n1_0.title,
        n1_0.type,
        n1_0.userId 
    from
        notifications n1_0 
    where
        n1_0.userId=? 
        and n1_0.isDeleted=0 
    order by
        n1_0.created_at desc
2025-07-03 23:43:26.794 [pool-16-thread-1] DEBUG org.hibernate.SQL - 
    select
        n1_0.id,
        n1_0.created_at,
        n1_0.deleted_at,
        n1_0.delivery_id,
        n1_0.isDeleted,
        n1_0.isRead,
        n1_0.message,
        n1_0.metadata,
        n1_0.order_id,
        n1_0.priority,
        n1_0.read_at,
        n1_0.related_entity_id,
        n1_0.restaurant_id,
        n1_0.title,
        n1_0.type,
        n1_0.userId 
    from
        notifications n1_0 
    where
        n1_0.userId=? 
        and n1_0.isDeleted=0 
    order by
        n1_0.created_at desc
2025-07-03 23:43:26.795 [pool-16-thread-3] DEBUG org.hibernate.SQL - 
    select
        u1_0.id,
        u1_0.address,
        u1_0.email,
        u1_0.full_name,
        u1_0.is_active,
        u1_0.password_hash,
        u1_0.phone,
        u1_0.role 
    from
        users u1_0 
    where
        u1_0.id=?
Hibernate: 
    select
        n1_0.id,
        n1_0.created_at,
        n1_0.deleted_at,
        n1_0.delivery_id,
        n1_0.isDeleted,
        n1_0.isRead,
        n1_0.message,
        n1_0.metadata,
        n1_0.order_id,
        n1_0.priority,
        n1_0.read_at,
        n1_0.related_entity_id,
        n1_0.restaurant_id,
        n1_0.title,
        n1_0.type,
        n1_0.userId 
    from
        notifications n1_0 
    where
        n1_0.userId=? 
        and n1_0.isDeleted=0 
    order by
        n1_0.created_at desc
Hibernate: 
    select
        u1_0.id,
        u1_0.address,
        u1_0.email,
        u1_0.full_name,
        u1_0.is_active,
        u1_0.password_hash,
        u1_0.phone,
        u1_0.role 
    from
        users u1_0 
    where
        u1_0.id=?
2025-07-03 23:43:26.795 [pool-16-thread-3] DEBUG org.hibernate.SQL - 
    select
        n1_0.id,
        n1_0.created_at,
        n1_0.deleted_at,
        n1_0.delivery_id,
        n1_0.isDeleted,
        n1_0.isRead,
        n1_0.message,
        n1_0.metadata,
        n1_0.order_id,
        n1_0.priority,
        n1_0.read_at,
        n1_0.related_entity_id,
        n1_0.restaurant_id,
        n1_0.title,
        n1_0.type,
        n1_0.userId 
    from
        notifications n1_0 
    where
        n1_0.userId=? 
        and n1_0.isDeleted=0 
    order by
        n1_0.created_at desc
Hibernate: 
    select
        n1_0.id,
        n1_0.created_at,
        n1_0.deleted_at,
        n1_0.delivery_id,
        n1_0.isDeleted,
        n1_0.isRead,
        n1_0.message,
        n1_0.metadata,
        n1_0.order_id,
        n1_0.priority,
        n1_0.read_at,
        n1_0.related_entity_id,
        n1_0.restaurant_id,
        n1_0.title,
        n1_0.type,
        n1_0.userId 
    from
        notifications n1_0 
    where
        n1_0.userId=? 
        and n1_0.isDeleted=0 
    order by
        n1_0.created_at desc
2025-07-03 23:43:26.795 [pool-16-thread-8] DEBUG org.hibernate.SQL - 
    select
        u1_0.id,
        u1_0.address,
        u1_0.email,
        u1_0.full_name,
        u1_0.is_active,
        u1_0.password_hash,
        u1_0.phone,
        u1_0.role 
    from
        users u1_0 
    where
        u1_0.id=?
Hibernate: 
    select
        u1_0.id,
        u1_0.address,
        u1_0.email,
        u1_0.full_name,
        u1_0.is_active,
        u1_0.password_hash,
        u1_0.phone,
        u1_0.role 
    from
        users u1_0 
    where
        u1_0.id=?
2025-07-03 23:43:26.795 [pool-16-thread-8] DEBUG org.hibernate.SQL - 
    select
        n1_0.id,
        n1_0.created_at,
        n1_0.deleted_at,
        n1_0.delivery_id,
        n1_0.isDeleted,
        n1_0.isRead,
        n1_0.message,
        n1_0.metadata,
        n1_0.order_id,
        n1_0.priority,
        n1_0.read_at,
        n1_0.related_entity_id,
        n1_0.restaurant_id,
        n1_0.title,
        n1_0.type,
        n1_0.userId 
    from
        notifications n1_0 
    where
        n1_0.userId=? 
        and n1_0.isDeleted=0 
    order by
        n1_0.created_at desc
Hibernate: 
    select
        n1_0.id,
        n1_0.created_at,
        n1_0.deleted_at,
        n1_0.delivery_id,
        n1_0.isDeleted,
        n1_0.isRead,
        n1_0.message,
        n1_0.metadata,
        n1_0.order_id,
        n1_0.priority,
        n1_0.read_at,
        n1_0.related_entity_id,
        n1_0.restaurant_id,
        n1_0.title,
        n1_0.type,
        n1_0.userId 
    from
        notifications n1_0 
    where
        n1_0.userId=? 
        and n1_0.isDeleted=0 
    order by
        n1_0.created_at desc
2025-07-03 23:43:26.795 [pool-16-thread-6] DEBUG org.hibernate.SQL - 
    select
        u1_0.id,
        u1_0.address,
        u1_0.email,
        u1_0.full_name,
        u1_0.is_active,
        u1_0.password_hash,
        u1_0.phone,
        u1_0.role 
    from
        users u1_0 
    where
        u1_0.id=?
Hibernate: 
    select
        u1_0.id,
        u1_0.address,
        u1_0.email,
        u1_0.full_name,
        u1_0.is_active,
        u1_0.password_hash,
        u1_0.phone,
        u1_0.role 
    from
        users u1_0 
    where
        u1_0.id=?
2025-07-03 23:43:26.795 [pool-16-thread-6] DEBUG org.hibernate.SQL - 
    select
        n1_0.id,
        n1_0.created_at,
        n1_0.deleted_at,
        n1_0.delivery_id,
        n1_0.isDeleted,
        n1_0.isRead,
        n1_0.message,
        n1_0.metadata,
        n1_0.order_id,
        n1_0.priority,
        n1_0.read_at,
        n1_0.related_entity_id,
        n1_0.restaurant_id,
        n1_0.title,
        n1_0.type,
        n1_0.userId 
    from
        notifications n1_0 
    where
        n1_0.userId=? 
        and n1_0.isDeleted=0 
    order by
        n1_0.created_at desc
Hibernate: 
    select
        n1_0.id,
        n1_0.created_at,
        n1_0.deleted_at,
        n1_0.delivery_id,
        n1_0.isDeleted,
        n1_0.isRead,
        n1_0.message,
        n1_0.metadata,
        n1_0.order_id,
        n1_0.priority,
        n1_0.read_at,
        n1_0.related_entity_id,
        n1_0.restaurant_id,
        n1_0.title,
        n1_0.type,
        n1_0.userId 
    from
        notifications n1_0 
    where
        n1_0.userId=? 
        and n1_0.isDeleted=0 
    order by
        n1_0.created_at desc
2025-07-03 23:43:26.795 [pool-16-thread-2] DEBUG org.hibernate.SQL - 
    select
        u1_0.id,
        u1_0.address,
        u1_0.email,
        u1_0.full_name,
        u1_0.is_active,
        u1_0.password_hash,
        u1_0.phone,
        u1_0.role 
    from
        users u1_0 
    where
        u1_0.id=?
Hibernate: 
    select
        u1_0.id,
        u1_0.address,
        u1_0.email,
        u1_0.full_name,
        u1_0.is_active,
        u1_0.password_hash,
        u1_0.phone,
        u1_0.role 
    from
        users u1_0 
    where
        u1_0.id=?
2025-07-03 23:43:26.795 [pool-16-thread-4] DEBUG org.hibernate.SQL - 
    select
        u1_0.id,
        u1_0.address,
        u1_0.email,
        u1_0.full_name,
        u1_0.is_active,
        u1_0.password_hash,
        u1_0.phone,
        u1_0.role 
    from
        users u1_0 
    where
        u1_0.id=?
Hibernate: 
    select
        u1_0.id,
        u1_0.address,
        u1_0.email,
        u1_0.full_name,
        u1_0.is_active,
        u1_0.password_hash,
        u1_0.phone,
        u1_0.role 
    from
        users u1_0 
    where
        u1_0.id=?
2025-07-03 23:43:26.795 [pool-16-thread-2] DEBUG org.hibernate.SQL - 
    select
        n1_0.id,
        n1_0.created_at,
        n1_0.deleted_at,
        n1_0.delivery_id,
        n1_0.isDeleted,
        n1_0.isRead,
        n1_0.message,
        n1_0.metadata,
        n1_0.order_id,
        n1_0.priority,
        n1_0.read_at,
        n1_0.related_entity_id,
        n1_0.restaurant_id,
        n1_0.title,
        n1_0.type,
        n1_0.userId 
    from
        notifications n1_0 
    where
        n1_0.userId=? 
        and n1_0.isDeleted=0 
    order by
        n1_0.created_at desc
Hibernate: 
    select
        n1_0.id,
        n1_0.created_at,
        n1_0.deleted_at,
        n1_0.delivery_id,
        n1_0.isDeleted,
        n1_0.isRead,
        n1_0.message,
        n1_0.metadata,
        n1_0.order_id,
        n1_0.priority,
        n1_0.read_at,
        n1_0.related_entity_id,
        n1_0.restaurant_id,
        n1_0.title,
        n1_0.type,
        n1_0.userId 
    from
        notifications n1_0 
    where
        n1_0.userId=? 
        and n1_0.isDeleted=0 
    order by
        n1_0.created_at desc
2025-07-03 23:43:26.795 [pool-16-thread-3] DEBUG org.hibernate.SQL - 
    select
        u1_0.id,
        u1_0.address,
        u1_0.email,
        u1_0.full_name,
        u1_0.is_active,
        u1_0.password_hash,
        u1_0.phone,
        u1_0.role 
    from
        users u1_0 
    where
        u1_0.id=?
Hibernate: 
    select
        u1_0.id,
        u1_0.address,
        u1_0.email,
        u1_0.full_name,
        u1_0.is_active,
        u1_0.password_hash,
        u1_0.phone,
        u1_0.role 
    from
        users u1_0 
    where
        u1_0.id=?
2025-07-03 23:43:26.795 [pool-16-thread-4] DEBUG org.hibernate.SQL - 
    select
        n1_0.id,
        n1_0.created_at,
        n1_0.deleted_at,
        n1_0.delivery_id,
        n1_0.isDeleted,
        n1_0.isRead,
        n1_0.message,
        n1_0.metadata,
        n1_0.order_id,
        n1_0.priority,
        n1_0.read_at,
        n1_0.related_entity_id,
        n1_0.restaurant_id,
        n1_0.title,
        n1_0.type,
        n1_0.userId 
    from
        notifications n1_0 
    where
        n1_0.userId=? 
        and n1_0.isDeleted=0 
    order by
        n1_0.created_at desc
Hibernate: 
    select
        n1_0.id,
        n1_0.created_at,
        n1_0.deleted_at,
        n1_0.delivery_id,
        n1_0.isDeleted,
        n1_0.isRead,
        n1_0.message,
        n1_0.metadata,
        n1_0.order_id,
        n1_0.priority,
        n1_0.read_at,
        n1_0.related_entity_id,
        n1_0.restaurant_id,
        n1_0.title,
        n1_0.type,
        n1_0.userId 
    from
        notifications n1_0 
    where
        n1_0.userId=? 
        and n1_0.isDeleted=0 
    order by
        n1_0.created_at desc
2025-07-03 23:43:26.795 [pool-16-thread-3] DEBUG org.hibernate.SQL - 
    select
        n1_0.id,
        n1_0.created_at,
        n1_0.deleted_at,
        n1_0.delivery_id,
        n1_0.isDeleted,
        n1_0.isRead,
        n1_0.message,
        n1_0.metadata,
        n1_0.order_id,
        n1_0.priority,
        n1_0.read_at,
        n1_0.related_entity_id,
        n1_0.restaurant_id,
        n1_0.title,
        n1_0.type,
        n1_0.userId 
    from
        notifications n1_0 
    where
        n1_0.userId=? 
        and n1_0.isDeleted=0 
    order by
        n1_0.created_at desc
Hibernate: 
    select
        n1_0.id,
        n1_0.created_at,
        n1_0.deleted_at,
        n1_0.delivery_id,
        n1_0.isDeleted,
        n1_0.isRead,
        n1_0.message,
        n1_0.metadata,
        n1_0.order_id,
        n1_0.priority,
        n1_0.read_at,
        n1_0.related_entity_id,
        n1_0.restaurant_id,
        n1_0.title,
        n1_0.type,
        n1_0.userId 
    from
        notifications n1_0 
    where
        n1_0.userId=? 
        and n1_0.isDeleted=0 
    order by
        n1_0.created_at desc
2025-07-03 23:43:26.795 [pool-16-thread-8] DEBUG org.hibernate.SQL - 
    select
        u1_0.id,
        u1_0.address,
        u1_0.email,
        u1_0.full_name,
        u1_0.is_active,
        u1_0.password_hash,
        u1_0.phone,
        u1_0.role 
    from
        users u1_0 
    where
        u1_0.id=?
Hibernate: 
    select
        u1_0.id,
        u1_0.address,
        u1_0.email,
        u1_0.full_name,
        u1_0.is_active,
        u1_0.password_hash,
        u1_0.phone,
        u1_0.role 
    from
        users u1_0 
    where
        u1_0.id=?
2025-07-03 23:43:26.795 [pool-16-thread-8] DEBUG org.hibernate.SQL - 
    select
        n1_0.id,
        n1_0.created_at,
        n1_0.deleted_at,
        n1_0.delivery_id,
        n1_0.isDeleted,
        n1_0.isRead,
        n1_0.message,
        n1_0.metadata,
        n1_0.order_id,
        n1_0.priority,
        n1_0.read_at,
        n1_0.related_entity_id,
        n1_0.restaurant_id,
        n1_0.title,
        n1_0.type,
        n1_0.userId 
    from
        notifications n1_0 
    where
        n1_0.userId=? 
        and n1_0.isDeleted=0 
    order by
        n1_0.created_at desc
Hibernate: 
    select
        n1_0.id,
        n1_0.created_at,
        n1_0.deleted_at,
        n1_0.delivery_id,
        n1_0.isDeleted,
        n1_0.isRead,
        n1_0.message,
        n1_0.metadata,
        n1_0.order_id,
        n1_0.priority,
        n1_0.read_at,
        n1_0.related_entity_id,
        n1_0.restaurant_id,
        n1_0.title,
        n1_0.type,
        n1_0.userId 
    from
        notifications n1_0 
    where
        n1_0.userId=? 
        and n1_0.isDeleted=0 
    order by
        n1_0.created_at desc
2025-07-03 23:43:26.795 [pool-16-thread-7] DEBUG org.hibernate.SQL - 
    select
        u1_0.id,
        u1_0.address,
        u1_0.email,
        u1_0.full_name,
        u1_0.is_active,
        u1_0.password_hash,
        u1_0.phone,
        u1_0.role 
    from
        users u1_0 
    where
        u1_0.id=?
Hibernate: 
    select
        u1_0.id,
        u1_0.address,
        u1_0.email,
        u1_0.full_name,
        u1_0.is_active,
        u1_0.password_hash,
        u1_0.phone,
        u1_0.role 
    from
        users u1_0 
    where
        u1_0.id=?
2025-07-03 23:43:26.796 [pool-16-thread-7] DEBUG org.hibernate.SQL - 
    select
        n1_0.id,
        n1_0.created_at,
        n1_0.deleted_at,
        n1_0.delivery_id,
        n1_0.isDeleted,
        n1_0.isRead,
        n1_0.message,
        n1_0.metadata,
        n1_0.order_id,
        n1_0.priority,
        n1_0.read_at,
        n1_0.related_entity_id,
        n1_0.restaurant_id,
        n1_0.title,
        n1_0.type,
        n1_0.userId 
    from
        notifications n1_0 
    where
        n1_0.userId=? 
        and n1_0.isDeleted=0 
    order by
        n1_0.created_at desc
Hibernate: 
    select
        n1_0.id,
        n1_0.created_at,
        n1_0.deleted_at,
        n1_0.delivery_id,
        n1_0.isDeleted,
        n1_0.isRead,
        n1_0.message,
        n1_0.metadata,
        n1_0.order_id,
        n1_0.priority,
        n1_0.read_at,
        n1_0.related_entity_id,
        n1_0.restaurant_id,
        n1_0.title,
        n1_0.type,
        n1_0.userId 
    from
        notifications n1_0 
    where
        n1_0.userId=? 
        and n1_0.isDeleted=0 
    order by
        n1_0.created_at desc
2025-07-03 23:43:26.796 [pool-16-thread-6] DEBUG org.hibernate.SQL - 
    select
        u1_0.id,
        u1_0.address,
        u1_0.email,
        u1_0.full_name,
        u1_0.is_active,
        u1_0.password_hash,
        u1_0.phone,
        u1_0.role 
    from
        users u1_0 
    where
        u1_0.id=?
Hibernate: 
    select
        u1_0.id,
        u1_0.address,
        u1_0.email,
        u1_0.full_name,
        u1_0.is_active,
        u1_0.password_hash,
        u1_0.phone,
        u1_0.role 
    from
        users u1_0 
    where
        u1_0.id=?
2025-07-03 23:43:26.796 [pool-16-thread-6] DEBUG org.hibernate.SQL - 
    select
        n1_0.id,
        n1_0.created_at,
        n1_0.deleted_at,
        n1_0.delivery_id,
        n1_0.isDeleted,
        n1_0.isRead,
        n1_0.message,
        n1_0.metadata,
        n1_0.order_id,
        n1_0.priority,
        n1_0.read_at,
        n1_0.related_entity_id,
        n1_0.restaurant_id,
        n1_0.title,
        n1_0.type,
        n1_0.userId 
    from
        notifications n1_0 
    where
        n1_0.userId=? 
        and n1_0.isDeleted=0 
    order by
        n1_0.created_at desc
Hibernate: 
    select
        n1_0.id,
        n1_0.created_at,
        n1_0.deleted_at,
        n1_0.delivery_id,
        n1_0.isDeleted,
        n1_0.isRead,
        n1_0.message,
        n1_0.metadata,
        n1_0.order_id,
        n1_0.priority,
        n1_0.read_at,
        n1_0.related_entity_id,
        n1_0.restaurant_id,
        n1_0.title,
        n1_0.type,
        n1_0.userId 
    from
        notifications n1_0 
    where
        n1_0.userId=? 
        and n1_0.isDeleted=0 
    order by
        n1_0.created_at desc
2025-07-03 23:43:26.796 [pool-16-thread-2] DEBUG org.hibernate.SQL - 
    select
        u1_0.id,
        u1_0.address,
        u1_0.email,
        u1_0.full_name,
        u1_0.is_active,
        u1_0.password_hash,
        u1_0.phone,
        u1_0.role 
    from
        users u1_0 
    where
        u1_0.id=?
Hibernate: 
    select
        u1_0.id,
        u1_0.address,
        u1_0.email,
        u1_0.full_name,
        u1_0.is_active,
        u1_0.password_hash,
        u1_0.phone,
        u1_0.role 
    from
        users u1_0 
    where
        u1_0.id=?
2025-07-03 23:43:26.796 [pool-16-thread-2] DEBUG org.hibernate.SQL - 
    select
        n1_0.id,
        n1_0.created_at,
        n1_0.deleted_at,
        n1_0.delivery_id,
        n1_0.isDeleted,
        n1_0.isRead,
        n1_0.message,
        n1_0.metadata,
        n1_0.order_id,
        n1_0.priority,
        n1_0.read_at,
        n1_0.related_entity_id,
        n1_0.restaurant_id,
        n1_0.title,
        n1_0.type,
        n1_0.userId 
    from
        notifications n1_0 
    where
        n1_0.userId=? 
        and n1_0.isDeleted=0 
    order by
        n1_0.created_at desc
Hibernate: 
    select
        n1_0.id,
        n1_0.created_at,
        n1_0.deleted_at,
        n1_0.delivery_id,
        n1_0.isDeleted,
        n1_0.isRead,
        n1_0.message,
        n1_0.metadata,
        n1_0.order_id,
        n1_0.priority,
        n1_0.read_at,
        n1_0.related_entity_id,
        n1_0.restaurant_id,
        n1_0.title,
        n1_0.type,
        n1_0.userId 
    from
        notifications n1_0 
    where
        n1_0.userId=? 
        and n1_0.isDeleted=0 
    order by
        n1_0.created_at desc
2025-07-03 23:43:26.796 [pool-16-thread-1] DEBUG org.hibernate.SQL - 
    select
        u1_0.id,
        u1_0.address,
        u1_0.email,
        u1_0.full_name,
        u1_0.is_active,
        u1_0.password_hash,
        u1_0.phone,
        u1_0.role 
    from
        users u1_0 
    where
        u1_0.id=?
Hibernate: 
    select
        u1_0.id,
        u1_0.address,
        u1_0.email,
        u1_0.full_name,
        u1_0.is_active,
        u1_0.password_hash,
        u1_0.phone,
        u1_0.role 
    from
        users u1_0 
    where
        u1_0.id=?
2025-07-03 23:43:26.795 [pool-16-thread-9] DEBUG org.hibernate.SQL - 
    select
        u1_0.id,
        u1_0.address,
        u1_0.email,
        u1_0.full_name,
        u1_0.is_active,
        u1_0.password_hash,
        u1_0.phone,
        u1_0.role 
    from
        users u1_0 
    where
        u1_0.id=?
Hibernate: 
    select
        u1_0.id,
        u1_0.address,
        u1_0.email,
        u1_0.full_name,
        u1_0.is_active,
        u1_0.password_hash,
        u1_0.phone,
        u1_0.role 
    from
        users u1_0 
    where
        u1_0.id=?
2025-07-03 23:43:26.796 [pool-16-thread-3] DEBUG org.hibernate.SQL - 
    select
        u1_0.id,
        u1_0.address,
        u1_0.email,
        u1_0.full_name,
        u1_0.is_active,
        u1_0.password_hash,
        u1_0.phone,
        u1_0.role 
    from
        users u1_0 
    where
        u1_0.id=?
Hibernate: 
    select
        u1_0.id,
        u1_0.address,
        u1_0.email,
        u1_0.full_name,
        u1_0.is_active,
        u1_0.password_hash,
        u1_0.phone,
        u1_0.role 
    from
        users u1_0 
    where
        u1_0.id=?
2025-07-03 23:43:26.796 [pool-16-thread-1] DEBUG org.hibernate.SQL - 
    select
        n1_0.id,
        n1_0.created_at,
        n1_0.deleted_at,
        n1_0.delivery_id,
        n1_0.isDeleted,
        n1_0.isRead,
        n1_0.message,
        n1_0.metadata,
        n1_0.order_id,
        n1_0.priority,
        n1_0.read_at,
        n1_0.related_entity_id,
        n1_0.restaurant_id,
        n1_0.title,
        n1_0.type,
        n1_0.userId 
    from
        notifications n1_0 
    where
        n1_0.userId=? 
        and n1_0.isDeleted=0 
    order by
        n1_0.created_at desc
Hibernate: 
    select
        n1_0.id,
        n1_0.created_at,
        n1_0.deleted_at,
        n1_0.delivery_id,
        n1_0.isDeleted,
        n1_0.isRead,
        n1_0.message,
        n1_0.metadata,
        n1_0.order_id,
        n1_0.priority,
        n1_0.read_at,
        n1_0.related_entity_id,
        n1_0.restaurant_id,
        n1_0.title,
        n1_0.type,
        n1_0.userId 
    from
        notifications n1_0 
    where
        n1_0.userId=? 
        and n1_0.isDeleted=0 
    order by
        n1_0.created_at desc
2025-07-03 23:43:26.796 [pool-16-thread-9] DEBUG org.hibernate.SQL - 
    select
        n1_0.id,
        n1_0.created_at,
        n1_0.deleted_at,
        n1_0.delivery_id,
        n1_0.isDeleted,
        n1_0.isRead,
        n1_0.message,
        n1_0.metadata,
        n1_0.order_id,
        n1_0.priority,
        n1_0.read_at,
        n1_0.related_entity_id,
        n1_0.restaurant_id,
        n1_0.title,
        n1_0.type,
        n1_0.userId 
    from
        notifications n1_0 
    where
        n1_0.userId=? 
        and n1_0.isDeleted=0 
    order by
        n1_0.created_at desc
Hibernate: 
    select
        n1_0.id,
        n1_0.created_at,
        n1_0.deleted_at,
        n1_0.delivery_id,
        n1_0.isDeleted,
        n1_0.isRead,
        n1_0.message,
        n1_0.metadata,
        n1_0.order_id,
        n1_0.priority,
        n1_0.read_at,
        n1_0.related_entity_id,
        n1_0.restaurant_id,
        n1_0.title,
        n1_0.type,
        n1_0.userId 
    from
        notifications n1_0 
    where
        n1_0.userId=? 
        and n1_0.isDeleted=0 
    order by
        n1_0.created_at desc
2025-07-03 23:43:26.795 [pool-16-thread-5] DEBUG org.hibernate.SQL - 
    select
        u1_0.id,
        u1_0.address,
        u1_0.email,
        u1_0.full_name,
        u1_0.is_active,
        u1_0.password_hash,
        u1_0.phone,
        u1_0.role 
    from
        users u1_0 
    where
        u1_0.id=?
Hibernate: 
    select
        u1_0.id,
        u1_0.address,
        u1_0.email,
        u1_0.full_name,
        u1_0.is_active,
        u1_0.password_hash,
        u1_0.phone,
        u1_0.role 
    from
        users u1_0 
    where
        u1_0.id=?
2025-07-03 23:43:26.796 [pool-16-thread-8] DEBUG org.hibernate.SQL - 
    select
        u1_0.id,
        u1_0.address,
        u1_0.email,
        u1_0.full_name,
        u1_0.is_active,
        u1_0.password_hash,
        u1_0.phone,
        u1_0.role 
    from
        users u1_0 
    where
        u1_0.id=?
Hibernate: 
    select
        u1_0.id,
        u1_0.address,
        u1_0.email,
        u1_0.full_name,
        u1_0.is_active,
        u1_0.password_hash,
        u1_0.phone,
        u1_0.role 
    from
        users u1_0 
    where
        u1_0.id=?
2025-07-03 23:43:26.796 [pool-16-thread-5] DEBUG org.hibernate.SQL - 
    select
        n1_0.id,
        n1_0.created_at,
        n1_0.deleted_at,
        n1_0.delivery_id,
        n1_0.isDeleted,
        n1_0.isRead,
        n1_0.message,
        n1_0.metadata,
        n1_0.order_id,
        n1_0.priority,
        n1_0.read_at,
        n1_0.related_entity_id,
        n1_0.restaurant_id,
        n1_0.title,
        n1_0.type,
        n1_0.userId 
    from
        notifications n1_0 
    where
        n1_0.userId=? 
        and n1_0.isDeleted=0 
    order by
        n1_0.created_at desc
2025-07-03 23:43:26.796 [pool-16-thread-8] DEBUG org.hibernate.SQL - 
    select
        n1_0.id,
        n1_0.created_at,
        n1_0.deleted_at,
        n1_0.delivery_id,
        n1_0.isDeleted,
        n1_0.isRead,
        n1_0.message,
        n1_0.metadata,
        n1_0.order_id,
        n1_0.priority,
        n1_0.read_at,
        n1_0.related_entity_id,
        n1_0.restaurant_id,
        n1_0.title,
        n1_0.type,
        n1_0.userId 
    from
        notifications n1_0 
    where
        n1_0.userId=? 
        and n1_0.isDeleted=0 
    order by
        n1_0.created_at desc
Hibernate: 
    select
        n1_0.id,
        n1_0.created_at,
        n1_0.deleted_at,
        n1_0.delivery_id,
        n1_0.isDeleted,
        n1_0.isRead,
        n1_0.message,
        n1_0.metadata,
        n1_0.order_id,
        n1_0.priority,
        n1_0.read_at,
        n1_0.related_entity_id,
        n1_0.restaurant_id,
        n1_0.title,
        n1_0.type,
        n1_0.userId 
    from
        notifications n1_0 
    where
        n1_0.userId=? 
        and n1_0.isDeleted=0 
    order by
        n1_0.created_at desc
Hibernate: 
    select
        n1_0.id,
        n1_0.created_at,
        n1_0.deleted_at,
        n1_0.delivery_id,
        n1_0.isDeleted,
        n1_0.isRead,
        n1_0.message,
        n1_0.metadata,
        n1_0.order_id,
        n1_0.priority,
        n1_0.read_at,
        n1_0.related_entity_id,
        n1_0.restaurant_id,
        n1_0.title,
        n1_0.type,
        n1_0.userId 
    from
        notifications n1_0 
    where
        n1_0.userId=? 
        and n1_0.isDeleted=0 
    order by
        n1_0.created_at desc
2025-07-03 23:43:26.796 [pool-16-thread-7] DEBUG org.hibernate.SQL - 
    select
        u1_0.id,
        u1_0.address,
        u1_0.email,
        u1_0.full_name,
        u1_0.is_active,
        u1_0.password_hash,
        u1_0.phone,
        u1_0.role 
    from
        users u1_0 
    where
        u1_0.id=?
Hibernate: 
    select
        u1_0.id,
        u1_0.address,
        u1_0.email,
        u1_0.full_name,
        u1_0.is_active,
        u1_0.password_hash,
        u1_0.phone,
        u1_0.role 
    from
        users u1_0 
    where
        u1_0.id=?
2025-07-03 23:43:26.796 [pool-16-thread-6] DEBUG org.hibernate.SQL - 
    select
        u1_0.id,
        u1_0.address,
        u1_0.email,
        u1_0.full_name,
        u1_0.is_active,
        u1_0.password_hash,
        u1_0.phone,
        u1_0.role 
    from
        users u1_0 
    where
        u1_0.id=?
Hibernate: 
    select
        u1_0.id,
        u1_0.address,
        u1_0.email,
        u1_0.full_name,
        u1_0.is_active,
        u1_0.password_hash,
        u1_0.phone,
        u1_0.role 
    from
        users u1_0 
    where
        u1_0.id=?
2025-07-03 23:43:26.796 [pool-16-thread-7] DEBUG org.hibernate.SQL - 
    select
        n1_0.id,
        n1_0.created_at,
        n1_0.deleted_at,
        n1_0.delivery_id,
        n1_0.isDeleted,
        n1_0.isRead,
        n1_0.message,
        n1_0.metadata,
        n1_0.order_id,
        n1_0.priority,
        n1_0.read_at,
        n1_0.related_entity_id,
        n1_0.restaurant_id,
        n1_0.title,
        n1_0.type,
        n1_0.userId 
    from
        notifications n1_0 
    where
        n1_0.userId=? 
        and n1_0.isDeleted=0 
    order by
        n1_0.created_at desc
Hibernate: 
    select
        n1_0.id,
        n1_0.created_at,
        n1_0.deleted_at,
        n1_0.delivery_id,
        n1_0.isDeleted,
        n1_0.isRead,
        n1_0.message,
        n1_0.metadata,
        n1_0.order_id,
        n1_0.priority,
        n1_0.read_at,
        n1_0.related_entity_id,
        n1_0.restaurant_id,
        n1_0.title,
        n1_0.type,
        n1_0.userId 
    from
        notifications n1_0 
    where
        n1_0.userId=? 
        and n1_0.isDeleted=0 
    order by
        n1_0.created_at desc
2025-07-03 23:43:26.796 [pool-16-thread-6] DEBUG org.hibernate.SQL - 
    select
        n1_0.id,
        n1_0.created_at,
        n1_0.deleted_at,
        n1_0.delivery_id,
        n1_0.isDeleted,
        n1_0.isRead,
        n1_0.message,
        n1_0.metadata,
        n1_0.order_id,
        n1_0.priority,
        n1_0.read_at,
        n1_0.related_entity_id,
        n1_0.restaurant_id,
        n1_0.title,
        n1_0.type,
        n1_0.userId 
    from
        notifications n1_0 
    where
        n1_0.userId=? 
        and n1_0.isDeleted=0 
    order by
        n1_0.created_at desc
Hibernate: 
    select
        n1_0.id,
        n1_0.created_at,
        n1_0.deleted_at,
        n1_0.delivery_id,
        n1_0.isDeleted,
        n1_0.isRead,
        n1_0.message,
        n1_0.metadata,
        n1_0.order_id,
        n1_0.priority,
        n1_0.read_at,
        n1_0.related_entity_id,
        n1_0.restaurant_id,
        n1_0.title,
        n1_0.type,
        n1_0.userId 
    from
        notifications n1_0 
    where
        n1_0.userId=? 
        and n1_0.isDeleted=0 
    order by
        n1_0.created_at desc
2025-07-03 23:43:26.796 [pool-16-thread-2] DEBUG org.hibernate.SQL - 
    select
        u1_0.id,
        u1_0.address,
        u1_0.email,
        u1_0.full_name,
        u1_0.is_active,
        u1_0.password_hash,
        u1_0.phone,
        u1_0.role 
    from
        users u1_0 
    where
        u1_0.id=?
Hibernate: 
    select
        u1_0.id,
        u1_0.address,
        u1_0.email,
        u1_0.full_name,
        u1_0.is_active,
        u1_0.password_hash,
        u1_0.phone,
        u1_0.role 
    from
        users u1_0 
    where
        u1_0.id=?
2025-07-03 23:43:26.796 [pool-16-thread-2] DEBUG org.hibernate.SQL - 
    select
        n1_0.id,
        n1_0.created_at,
        n1_0.deleted_at,
        n1_0.delivery_id,
        n1_0.isDeleted,
        n1_0.isRead,
        n1_0.message,
        n1_0.metadata,
        n1_0.order_id,
        n1_0.priority,
        n1_0.read_at,
        n1_0.related_entity_id,
        n1_0.restaurant_id,
        n1_0.title,
        n1_0.type,
        n1_0.userId 
    from
        notifications n1_0 
    where
        n1_0.userId=? 
        and n1_0.isDeleted=0 
    order by
        n1_0.created_at desc
Hibernate: 
    select
        n1_0.id,
        n1_0.created_at,
        n1_0.deleted_at,
        n1_0.delivery_id,
        n1_0.isDeleted,
        n1_0.isRead,
        n1_0.message,
        n1_0.metadata,
        n1_0.order_id,
        n1_0.priority,
        n1_0.read_at,
        n1_0.related_entity_id,
        n1_0.restaurant_id,
        n1_0.title,
        n1_0.type,
        n1_0.userId 
    from
        notifications n1_0 
    where
        n1_0.userId=? 
        and n1_0.isDeleted=0 
    order by
        n1_0.created_at desc
2025-07-03 23:43:26.796 [pool-16-thread-9] DEBUG org.hibernate.SQL - 
    select
        u1_0.id,
        u1_0.address,
        u1_0.email,
        u1_0.full_name,
        u1_0.is_active,
        u1_0.password_hash,
        u1_0.phone,
        u1_0.role 
    from
        users u1_0 
    where
        u1_0.id=?
Hibernate: 
    select
        u1_0.id,
        u1_0.address,
        u1_0.email,
        u1_0.full_name,
        u1_0.is_active,
        u1_0.password_hash,
        u1_0.phone,
        u1_0.role 
    from
        users u1_0 
    where
        u1_0.id=?
2025-07-03 23:43:26.796 [pool-16-thread-1] DEBUG org.hibernate.SQL - 
    select
        u1_0.id,
        u1_0.address,
        u1_0.email,
        u1_0.full_name,
        u1_0.is_active,
        u1_0.password_hash,
        u1_0.phone,
        u1_0.role 
    from
        users u1_0 
    where
        u1_0.id=?
Hibernate: 
    select
        u1_0.id,
        u1_0.address,
        u1_0.email,
        u1_0.full_name,
        u1_0.is_active,
        u1_0.password_hash,
        u1_0.phone,
        u1_0.role 
    from
        users u1_0 
    where
        u1_0.id=?
2025-07-03 23:43:26.796 [pool-16-thread-9] DEBUG org.hibernate.SQL - 
    select
        n1_0.id,
        n1_0.created_at,
        n1_0.deleted_at,
        n1_0.delivery_id,
        n1_0.isDeleted,
        n1_0.isRead,
        n1_0.message,
        n1_0.metadata,
        n1_0.order_id,
        n1_0.priority,
        n1_0.read_at,
        n1_0.related_entity_id,
        n1_0.restaurant_id,
        n1_0.title,
        n1_0.type,
        n1_0.userId 
    from
        notifications n1_0 
    where
        n1_0.userId=? 
        and n1_0.isDeleted=0 
    order by
        n1_0.created_at desc
Hibernate: 
    select
        n1_0.id,
        n1_0.created_at,
        n1_0.deleted_at,
        n1_0.delivery_id,
        n1_0.isDeleted,
        n1_0.isRead,
        n1_0.message,
        n1_0.metadata,
        n1_0.order_id,
        n1_0.priority,
        n1_0.read_at,
        n1_0.related_entity_id,
        n1_0.restaurant_id,
        n1_0.title,
        n1_0.type,
        n1_0.userId 
    from
        notifications n1_0 
    where
        n1_0.userId=? 
        and n1_0.isDeleted=0 
    order by
        n1_0.created_at desc
2025-07-03 23:43:26.796 [pool-16-thread-1] DEBUG org.hibernate.SQL - 
    select
        n1_0.id,
        n1_0.created_at,
        n1_0.deleted_at,
        n1_0.delivery_id,
        n1_0.isDeleted,
        n1_0.isRead,
        n1_0.message,
        n1_0.metadata,
        n1_0.order_id,
        n1_0.priority,
        n1_0.read_at,
        n1_0.related_entity_id,
        n1_0.restaurant_id,
        n1_0.title,
        n1_0.type,
        n1_0.userId 
    from
        notifications n1_0 
    where
        n1_0.userId=? 
        and n1_0.isDeleted=0 
    order by
        n1_0.created_at desc
Hibernate: 
    select
        n1_0.id,
        n1_0.created_at,
        n1_0.deleted_at,
        n1_0.delivery_id,
        n1_0.isDeleted,
        n1_0.isRead,
        n1_0.message,
        n1_0.metadata,
        n1_0.order_id,
        n1_0.priority,
        n1_0.read_at,
        n1_0.related_entity_id,
        n1_0.restaurant_id,
        n1_0.title,
        n1_0.type,
        n1_0.userId 
    from
        notifications n1_0 
    where
        n1_0.userId=? 
        and n1_0.isDeleted=0 
    order by
        n1_0.created_at desc
2025-07-03 23:43:26.796 [pool-16-thread-5] DEBUG org.hibernate.SQL - 
    select
        u1_0.id,
        u1_0.address,
        u1_0.email,
        u1_0.full_name,
        u1_0.is_active,
        u1_0.password_hash,
        u1_0.phone,
        u1_0.role 
    from
        users u1_0 
    where
        u1_0.id=?
Hibernate: 
    select
        u1_0.id,
        u1_0.address,
        u1_0.email,
        u1_0.full_name,
        u1_0.is_active,
        u1_0.password_hash,
        u1_0.phone,
        u1_0.role 
    from
        users u1_0 
    where
        u1_0.id=?
2025-07-03 23:43:26.796 [pool-16-thread-5] DEBUG org.hibernate.SQL - 
    select
        n1_0.id,
        n1_0.created_at,
        n1_0.deleted_at,
        n1_0.delivery_id,
        n1_0.isDeleted,
        n1_0.isRead,
        n1_0.message,
        n1_0.metadata,
        n1_0.order_id,
        n1_0.priority,
        n1_0.read_at,
        n1_0.related_entity_id,
        n1_0.restaurant_id,
        n1_0.title,
        n1_0.type,
        n1_0.userId 
    from
        notifications n1_0 
    where
        n1_0.userId=? 
        and n1_0.isDeleted=0 
    order by
        n1_0.created_at desc
Hibernate: 
    select
        n1_0.id,
        n1_0.created_at,
        n1_0.deleted_at,
        n1_0.delivery_id,
        n1_0.isDeleted,
        n1_0.isRead,
        n1_0.message,
        n1_0.metadata,
        n1_0.order_id,
        n1_0.priority,
        n1_0.read_at,
        n1_0.related_entity_id,
        n1_0.restaurant_id,
        n1_0.title,
        n1_0.type,
        n1_0.userId 
    from
        notifications n1_0 
    where
        n1_0.userId=? 
        and n1_0.isDeleted=0 
    order by
        n1_0.created_at desc
2025-07-03 23:43:26.796 [pool-16-thread-8] DEBUG org.hibernate.SQL - 
    select
        u1_0.id,
        u1_0.address,
        u1_0.email,
        u1_0.full_name,
        u1_0.is_active,
        u1_0.password_hash,
        u1_0.phone,
        u1_0.role 
    from
        users u1_0 
    where
        u1_0.id=?
Hibernate: 
    select
        u1_0.id,
        u1_0.address,
        u1_0.email,
        u1_0.full_name,
        u1_0.is_active,
        u1_0.password_hash,
        u1_0.phone,
        u1_0.role 
    from
        users u1_0 
    where
        u1_0.id=?
2025-07-03 23:43:26.796 [pool-16-thread-8] DEBUG org.hibernate.SQL - 
    select
        n1_0.id,
        n1_0.created_at,
        n1_0.deleted_at,
        n1_0.delivery_id,
        n1_0.isDeleted,
        n1_0.isRead,
        n1_0.message,
        n1_0.metadata,
        n1_0.order_id,
        n1_0.priority,
        n1_0.read_at,
        n1_0.related_entity_id,
        n1_0.restaurant_id,
        n1_0.title,
        n1_0.type,
        n1_0.userId 
    from
        notifications n1_0 
    where
        n1_0.userId=? 
        and n1_0.isDeleted=0 
    order by
        n1_0.created_at desc
Hibernate: 
    select
        n1_0.id,
        n1_0.created_at,
        n1_0.deleted_at,
        n1_0.delivery_id,
        n1_0.isDeleted,
        n1_0.isRead,
        n1_0.message,
        n1_0.metadata,
        n1_0.order_id,
        n1_0.priority,
        n1_0.read_at,
        n1_0.related_entity_id,
        n1_0.restaurant_id,
        n1_0.title,
        n1_0.type,
        n1_0.userId 
    from
        notifications n1_0 
    where
        n1_0.userId=? 
        and n1_0.isDeleted=0 
    order by
        n1_0.created_at desc
2025-07-03 23:43:26.796 [pool-16-thread-7] DEBUG org.hibernate.SQL - 
    select
        u1_0.id,
        u1_0.address,
        u1_0.email,
        u1_0.full_name,
        u1_0.is_active,
        u1_0.password_hash,
        u1_0.phone,
        u1_0.role 
    from
        users u1_0 
    where
        u1_0.id=?
Hibernate: 
    select
        u1_0.id,
        u1_0.address,
        u1_0.email,
        u1_0.full_name,
        u1_0.is_active,
        u1_0.password_hash,
        u1_0.phone,
        u1_0.role 
    from
        users u1_0 
    where
        u1_0.id=?
2025-07-03 23:43:26.796 [pool-16-thread-6] DEBUG org.hibernate.SQL - 
    select
        u1_0.id,
        u1_0.address,
        u1_0.email,
        u1_0.full_name,
        u1_0.is_active,
        u1_0.password_hash,
        u1_0.phone,
        u1_0.role 
    from
        users u1_0 
    where
        u1_0.id=?
Hibernate: 
    select
        u1_0.id,
        u1_0.address,
        u1_0.email,
        u1_0.full_name,
        u1_0.is_active,
        u1_0.password_hash,
        u1_0.phone,
        u1_0.role 
    from
        users u1_0 
    where
        u1_0.id=?
2025-07-03 23:43:26.796 [pool-16-thread-7] DEBUG org.hibernate.SQL - 
    select
        n1_0.id,
        n1_0.created_at,
        n1_0.deleted_at,
        n1_0.delivery_id,
        n1_0.isDeleted,
        n1_0.isRead,
        n1_0.message,
        n1_0.metadata,
        n1_0.order_id,
        n1_0.priority,
        n1_0.read_at,
        n1_0.related_entity_id,
        n1_0.restaurant_id,
        n1_0.title,
        n1_0.type,
        n1_0.userId 
    from
        notifications n1_0 
    where
        n1_0.userId=? 
        and n1_0.isDeleted=0 
    order by
        n1_0.created_at desc
Hibernate: 
    select
        n1_0.id,
        n1_0.created_at,
        n1_0.deleted_at,
        n1_0.delivery_id,
        n1_0.isDeleted,
        n1_0.isRead,
        n1_0.message,
        n1_0.metadata,
        n1_0.order_id,
        n1_0.priority,
        n1_0.read_at,
        n1_0.related_entity_id,
        n1_0.restaurant_id,
        n1_0.title,
        n1_0.type,
        n1_0.userId 
    from
        notifications n1_0 
    where
        n1_0.userId=? 
        and n1_0.isDeleted=0 
    order by
        n1_0.created_at desc
2025-07-03 23:43:26.796 [pool-16-thread-6] DEBUG org.hibernate.SQL - 
    select
        n1_0.id,
        n1_0.created_at,
        n1_0.deleted_at,
        n1_0.delivery_id,
        n1_0.isDeleted,
        n1_0.isRead,
        n1_0.message,
        n1_0.metadata,
        n1_0.order_id,
        n1_0.priority,
        n1_0.read_at,
        n1_0.related_entity_id,
        n1_0.restaurant_id,
        n1_0.title,
        n1_0.type,
        n1_0.userId 
    from
        notifications n1_0 
    where
        n1_0.userId=? 
        and n1_0.isDeleted=0 
    order by
        n1_0.created_at desc
Hibernate: 
    select
        n1_0.id,
        n1_0.created_at,
        n1_0.deleted_at,
        n1_0.delivery_id,
        n1_0.isDeleted,
        n1_0.isRead,
        n1_0.message,
        n1_0.metadata,
        n1_0.order_id,
        n1_0.priority,
        n1_0.read_at,
        n1_0.related_entity_id,
        n1_0.restaurant_id,
        n1_0.title,
        n1_0.type,
        n1_0.userId 
    from
        notifications n1_0 
    where
        n1_0.userId=? 
        and n1_0.isDeleted=0 
    order by
        n1_0.created_at desc
2025-07-03 23:43:26.796 [pool-16-thread-2] DEBUG org.hibernate.SQL - 
    select
        u1_0.id,
        u1_0.address,
        u1_0.email,
        u1_0.full_name,
        u1_0.is_active,
        u1_0.password_hash,
        u1_0.phone,
        u1_0.role 
    from
        users u1_0 
    where
        u1_0.id=?
Hibernate: 
    select
        u1_0.id,
        u1_0.address,
        u1_0.email,
        u1_0.full_name,
        u1_0.is_active,
        u1_0.password_hash,
        u1_0.phone,
        u1_0.role 
    from
        users u1_0 
    where
        u1_0.id=?
2025-07-03 23:43:26.797 [pool-16-thread-2] DEBUG org.hibernate.SQL - 
    select
        n1_0.id,
        n1_0.created_at,
        n1_0.deleted_at,
        n1_0.delivery_id,
        n1_0.isDeleted,
        n1_0.isRead,
        n1_0.message,
        n1_0.metadata,
        n1_0.order_id,
        n1_0.priority,
        n1_0.read_at,
        n1_0.related_entity_id,
        n1_0.restaurant_id,
        n1_0.title,
        n1_0.type,
        n1_0.userId 
    from
        notifications n1_0 
    where
        n1_0.userId=? 
        and n1_0.isDeleted=0 
    order by
        n1_0.created_at desc
Hibernate: 
    select
        n1_0.id,
        n1_0.created_at,
        n1_0.deleted_at,
        n1_0.delivery_id,
        n1_0.isDeleted,
        n1_0.isRead,
        n1_0.message,
        n1_0.metadata,
        n1_0.order_id,
        n1_0.priority,
        n1_0.read_at,
        n1_0.related_entity_id,
        n1_0.restaurant_id,
        n1_0.title,
        n1_0.type,
        n1_0.userId 
    from
        notifications n1_0 
    where
        n1_0.userId=? 
        and n1_0.isDeleted=0 
    order by
        n1_0.created_at desc
2025-07-03 23:43:26.797 [pool-16-thread-9] DEBUG org.hibernate.SQL - 
    select
        u1_0.id,
        u1_0.address,
        u1_0.email,
        u1_0.full_name,
        u1_0.is_active,
        u1_0.password_hash,
        u1_0.phone,
        u1_0.role 
    from
        users u1_0 
    where
        u1_0.id=?
Hibernate: 
    select
        u1_0.id,
        u1_0.address,
        u1_0.email,
        u1_0.full_name,
        u1_0.is_active,
        u1_0.password_hash,
        u1_0.phone,
        u1_0.role 
    from
        users u1_0 
    where
        u1_0.id=?
2025-07-03 23:43:26.795 [pool-16-thread-10] DEBUG org.hibernate.SQL - 
    select
        n1_0.id,
        n1_0.created_at,
        n1_0.deleted_at,
        n1_0.delivery_id,
        n1_0.isDeleted,
        n1_0.isRead,
        n1_0.message,
        n1_0.metadata,
        n1_0.order_id,
        n1_0.priority,
        n1_0.read_at,
        n1_0.related_entity_id,
        n1_0.restaurant_id,
        n1_0.title,
        n1_0.type,
        n1_0.userId 
    from
        notifications n1_0 
    where
        n1_0.userId=? 
        and n1_0.isDeleted=0 
    order by
        n1_0.created_at desc
Hibernate: 
    select
        n1_0.id,
        n1_0.created_at,
        n1_0.deleted_at,
        n1_0.delivery_id,
        n1_0.isDeleted,
        n1_0.isRead,
        n1_0.message,
        n1_0.metadata,
        n1_0.order_id,
        n1_0.priority,
        n1_0.read_at,
        n1_0.related_entity_id,
        n1_0.restaurant_id,
        n1_0.title,
        n1_0.type,
        n1_0.userId 
    from
        notifications n1_0 
    where
        n1_0.userId=? 
        and n1_0.isDeleted=0 
    order by
        n1_0.created_at desc
2025-07-03 23:43:26.797 [pool-16-thread-9] DEBUG org.hibernate.SQL - 
    select
        n1_0.id,
        n1_0.created_at,
        n1_0.deleted_at,
        n1_0.delivery_id,
        n1_0.isDeleted,
        n1_0.isRead,
        n1_0.message,
        n1_0.metadata,
        n1_0.order_id,
        n1_0.priority,
        n1_0.read_at,
        n1_0.related_entity_id,
        n1_0.restaurant_id,
        n1_0.title,
        n1_0.type,
        n1_0.userId 
    from
        notifications n1_0 
    where
        n1_0.userId=? 
        and n1_0.isDeleted=0 
    order by
        n1_0.created_at desc
Hibernate: 
    select
        n1_0.id,
        n1_0.created_at,
        n1_0.deleted_at,
        n1_0.delivery_id,
        n1_0.isDeleted,
        n1_0.isRead,
        n1_0.message,
        n1_0.metadata,
        n1_0.order_id,
        n1_0.priority,
        n1_0.read_at,
        n1_0.related_entity_id,
        n1_0.restaurant_id,
        n1_0.title,
        n1_0.type,
        n1_0.userId 
    from
        notifications n1_0 
    where
        n1_0.userId=? 
        and n1_0.isDeleted=0 
    order by
        n1_0.created_at desc
2025-07-03 23:43:26.797 [pool-16-thread-5] DEBUG org.hibernate.SQL - 
    select
        u1_0.id,
        u1_0.address,
        u1_0.email,
        u1_0.full_name,
        u1_0.is_active,
        u1_0.password_hash,
        u1_0.phone,
        u1_0.role 
    from
        users u1_0 
    where
        u1_0.id=?
Hibernate: 
    select
        u1_0.id,
        u1_0.address,
        u1_0.email,
        u1_0.full_name,
        u1_0.is_active,
        u1_0.password_hash,
        u1_0.phone,
        u1_0.role 
    from
        users u1_0 
    where
        u1_0.id=?
2025-07-03 23:43:26.797 [pool-16-thread-5] DEBUG org.hibernate.SQL - 
    select
        n1_0.id,
        n1_0.created_at,
        n1_0.deleted_at,
        n1_0.delivery_id,
        n1_0.isDeleted,
        n1_0.isRead,
        n1_0.message,
        n1_0.metadata,
        n1_0.order_id,
        n1_0.priority,
        n1_0.read_at,
        n1_0.related_entity_id,
        n1_0.restaurant_id,
        n1_0.title,
        n1_0.type,
        n1_0.userId 
    from
        notifications n1_0 
    where
        n1_0.userId=? 
        and n1_0.isDeleted=0 
    order by
        n1_0.created_at desc
Hibernate: 
    select
        n1_0.id,
        n1_0.created_at,
        n1_0.deleted_at,
        n1_0.delivery_id,
        n1_0.isDeleted,
        n1_0.isRead,
        n1_0.message,
        n1_0.metadata,
        n1_0.order_id,
        n1_0.priority,
        n1_0.read_at,
        n1_0.related_entity_id,
        n1_0.restaurant_id,
        n1_0.title,
        n1_0.type,
        n1_0.userId 
    from
        notifications n1_0 
    where
        n1_0.userId=? 
        and n1_0.isDeleted=0 
    order by
        n1_0.created_at desc
2025-07-03 23:43:26.797 [pool-16-thread-7] DEBUG org.hibernate.SQL - 
    select
        u1_0.id,
        u1_0.address,
        u1_0.email,
        u1_0.full_name,
        u1_0.is_active,
        u1_0.password_hash,
        u1_0.phone,
        u1_0.role 
    from
        users u1_0 
    where
        u1_0.id=?
Hibernate: 
    select
        u1_0.id,
        u1_0.address,
        u1_0.email,
        u1_0.full_name,
        u1_0.is_active,
        u1_0.password_hash,
        u1_0.phone,
        u1_0.role 
    from
        users u1_0 
    where
        u1_0.id=?
2025-07-03 23:43:26.797 [pool-16-thread-6] DEBUG org.hibernate.SQL - 
    select
        u1_0.id,
        u1_0.address,
        u1_0.email,
        u1_0.full_name,
        u1_0.is_active,
        u1_0.password_hash,
        u1_0.phone,
        u1_0.role 
    from
        users u1_0 
    where
        u1_0.id=?
Hibernate: 
    select
        u1_0.id,
        u1_0.address,
        u1_0.email,
        u1_0.full_name,
        u1_0.is_active,
        u1_0.password_hash,
        u1_0.phone,
        u1_0.role 
    from
        users u1_0 
    where
        u1_0.id=?
2025-07-03 23:43:26.797 [pool-16-thread-7] DEBUG org.hibernate.SQL - 
    select
        n1_0.id,
        n1_0.created_at,
        n1_0.deleted_at,
        n1_0.delivery_id,
        n1_0.isDeleted,
        n1_0.isRead,
        n1_0.message,
        n1_0.metadata,
        n1_0.order_id,
        n1_0.priority,
        n1_0.read_at,
        n1_0.related_entity_id,
        n1_0.restaurant_id,
        n1_0.title,
        n1_0.type,
        n1_0.userId 
    from
        notifications n1_0 
    where
        n1_0.userId=? 
        and n1_0.isDeleted=0 
    order by
        n1_0.created_at desc
Hibernate: 
    select
        n1_0.id,
        n1_0.created_at,
        n1_0.deleted_at,
        n1_0.delivery_id,
        n1_0.isDeleted,
        n1_0.isRead,
        n1_0.message,
        n1_0.metadata,
        n1_0.order_id,
        n1_0.priority,
        n1_0.read_at,
        n1_0.related_entity_id,
        n1_0.restaurant_id,
        n1_0.title,
        n1_0.type,
        n1_0.userId 
    from
        notifications n1_0 
    where
        n1_0.userId=? 
        and n1_0.isDeleted=0 
    order by
        n1_0.created_at desc
2025-07-03 23:43:26.797 [pool-16-thread-6] DEBUG org.hibernate.SQL - 
    select
        n1_0.id,
        n1_0.created_at,
        n1_0.deleted_at,
        n1_0.delivery_id,
        n1_0.isDeleted,
        n1_0.isRead,
        n1_0.message,
        n1_0.metadata,
        n1_0.order_id,
        n1_0.priority,
        n1_0.read_at,
        n1_0.related_entity_id,
        n1_0.restaurant_id,
        n1_0.title,
        n1_0.type,
        n1_0.userId 
    from
        notifications n1_0 
    where
        n1_0.userId=? 
        and n1_0.isDeleted=0 
    order by
        n1_0.created_at desc
Hibernate: 
    select
        n1_0.id,
        n1_0.created_at,
        n1_0.deleted_at,
        n1_0.delivery_id,
        n1_0.isDeleted,
        n1_0.isRead,
        n1_0.message,
        n1_0.metadata,
        n1_0.order_id,
        n1_0.priority,
        n1_0.read_at,
        n1_0.related_entity_id,
        n1_0.restaurant_id,
        n1_0.title,
        n1_0.type,
        n1_0.userId 
    from
        notifications n1_0 
    where
        n1_0.userId=? 
        and n1_0.isDeleted=0 
    order by
        n1_0.created_at desc
2025-07-03 23:43:26.797 [pool-16-thread-2] DEBUG org.hibernate.SQL - 
    select
        u1_0.id,
        u1_0.address,
        u1_0.email,
        u1_0.full_name,
        u1_0.is_active,
        u1_0.password_hash,
        u1_0.phone,
        u1_0.role 
    from
        users u1_0 
    where
        u1_0.id=?
Hibernate: 
    select
        u1_0.id,
        u1_0.address,
        u1_0.email,
        u1_0.full_name,
        u1_0.is_active,
        u1_0.password_hash,
        u1_0.phone,
        u1_0.role 
    from
        users u1_0 
    where
        u1_0.id=?
2025-07-03 23:43:26.797 [pool-16-thread-2] DEBUG org.hibernate.SQL - 
    select
        n1_0.id,
        n1_0.created_at,
        n1_0.deleted_at,
        n1_0.delivery_id,
        n1_0.isDeleted,
        n1_0.isRead,
        n1_0.message,
        n1_0.metadata,
        n1_0.order_id,
        n1_0.priority,
        n1_0.read_at,
        n1_0.related_entity_id,
        n1_0.restaurant_id,
        n1_0.title,
        n1_0.type,
        n1_0.userId 
    from
        notifications n1_0 
    where
        n1_0.userId=? 
        and n1_0.isDeleted=0 
    order by
        n1_0.created_at desc
Hibernate: 
    select
        n1_0.id,
        n1_0.created_at,
        n1_0.deleted_at,
        n1_0.delivery_id,
        n1_0.isDeleted,
        n1_0.isRead,
        n1_0.message,
        n1_0.metadata,
        n1_0.order_id,
        n1_0.priority,
        n1_0.read_at,
        n1_0.related_entity_id,
        n1_0.restaurant_id,
        n1_0.title,
        n1_0.type,
        n1_0.userId 
    from
        notifications n1_0 
    where
        n1_0.userId=? 
        and n1_0.isDeleted=0 
    order by
        n1_0.created_at desc
2025-07-03 23:43:26.797 [pool-16-thread-9] DEBUG org.hibernate.SQL - 
    select
        u1_0.id,
        u1_0.address,
        u1_0.email,
        u1_0.full_name,
        u1_0.is_active,
        u1_0.password_hash,
        u1_0.phone,
        u1_0.role 
    from
        users u1_0 
    where
        u1_0.id=?
Hibernate: 
    select
        u1_0.id,
        u1_0.address,
        u1_0.email,
        u1_0.full_name,
        u1_0.is_active,
        u1_0.password_hash,
        u1_0.phone,
        u1_0.role 
    from
        users u1_0 
    where
        u1_0.id=?
2025-07-03 23:43:26.797 [pool-16-thread-10] DEBUG org.hibernate.SQL - 
    select
        u1_0.id,
        u1_0.address,
        u1_0.email,
        u1_0.full_name,
        u1_0.is_active,
        u1_0.password_hash,
        u1_0.phone,
        u1_0.role 
    from
        users u1_0 
    where
        u1_0.id=?
Hibernate: 
    select
        u1_0.id,
        u1_0.address,
        u1_0.email,
        u1_0.full_name,
        u1_0.is_active,
        u1_0.password_hash,
        u1_0.phone,
        u1_0.role 
    from
        users u1_0 
    where
        u1_0.id=?
2025-07-03 23:43:26.796 [pool-16-thread-4] DEBUG org.hibernate.SQL - 
    select
        u1_0.id,
        u1_0.address,
        u1_0.email,
        u1_0.full_name,
        u1_0.is_active,
        u1_0.password_hash,
        u1_0.phone,
        u1_0.role 
    from
        users u1_0 
    where
        u1_0.id=?
Hibernate: 
    select
        u1_0.id,
        u1_0.address,
        u1_0.email,
        u1_0.full_name,
        u1_0.is_active,
        u1_0.password_hash,
        u1_0.phone,
        u1_0.role 
    from
        users u1_0 
    where
        u1_0.id=?
2025-07-03 23:43:26.797 [pool-16-thread-10] DEBUG org.hibernate.SQL - 
    select
        n1_0.id,
        n1_0.created_at,
        n1_0.deleted_at,
        n1_0.delivery_id,
        n1_0.isDeleted,
        n1_0.isRead,
        n1_0.message,
        n1_0.metadata,
        n1_0.order_id,
        n1_0.priority,
        n1_0.read_at,
        n1_0.related_entity_id,
        n1_0.restaurant_id,
        n1_0.title,
        n1_0.type,
        n1_0.userId 
    from
        notifications n1_0 
    where
        n1_0.userId=? 
        and n1_0.isDeleted=0 
    order by
        n1_0.created_at desc
2025-07-03 23:43:26.797 [pool-16-thread-4] DEBUG org.hibernate.SQL - 
    select
        n1_0.id,
        n1_0.created_at,
        n1_0.deleted_at,
        n1_0.delivery_id,
        n1_0.isDeleted,
        n1_0.isRead,
        n1_0.message,
        n1_0.metadata,
        n1_0.order_id,
        n1_0.priority,
        n1_0.read_at,
        n1_0.related_entity_id,
        n1_0.restaurant_id,
        n1_0.title,
        n1_0.type,
        n1_0.userId 
    from
        notifications n1_0 
    where
        n1_0.userId=? 
        and n1_0.isDeleted=0 
    order by
        n1_0.created_at desc
Hibernate: 
    select
        n1_0.id,
        n1_0.created_at,
        n1_0.deleted_at,
        n1_0.delivery_id,
        n1_0.isDeleted,
        n1_0.isRead,
        n1_0.message,
        n1_0.metadata,
        n1_0.order_id,
        n1_0.priority,
        n1_0.read_at,
        n1_0.related_entity_id,
        n1_0.restaurant_id,
        n1_0.title,
        n1_0.type,
        n1_0.userId 
    from
        notifications n1_0 
    where
        n1_0.userId=? 
        and n1_0.isDeleted=0 
    order by
        n1_0.created_at desc
Hibernate: 
    select
        n1_0.id,
        n1_0.created_at,
        n1_0.deleted_at,
        n1_0.delivery_id,
        n1_0.isDeleted,
        n1_0.isRead,
        n1_0.message,
        n1_0.metadata,
        n1_0.order_id,
        n1_0.priority,
        n1_0.read_at,
        n1_0.related_entity_id,
        n1_0.restaurant_id,
        n1_0.title,
        n1_0.type,
        n1_0.userId 
    from
        notifications n1_0 
    where
        n1_0.userId=? 
        and n1_0.isDeleted=0 
    order by
        n1_0.created_at desc
2025-07-03 23:43:26.797 [pool-16-thread-6] DEBUG org.hibernate.SQL - 
    select
        u1_0.id,
        u1_0.address,
        u1_0.email,
        u1_0.full_name,
        u1_0.is_active,
        u1_0.password_hash,
        u1_0.phone,
        u1_0.role 
    from
        users u1_0 
    where
        u1_0.id=?
Hibernate: 
    select
        u1_0.id,
        u1_0.address,
        u1_0.email,
        u1_0.full_name,
        u1_0.is_active,
        u1_0.password_hash,
        u1_0.phone,
        u1_0.role 
    from
        users u1_0 
    where
        u1_0.id=?
2025-07-03 23:43:26.796 [pool-16-thread-3] DEBUG org.hibernate.SQL - 
    select
        n1_0.id,
        n1_0.created_at,
        n1_0.deleted_at,
        n1_0.delivery_id,
        n1_0.isDeleted,
        n1_0.isRead,
        n1_0.message,
        n1_0.metadata,
        n1_0.order_id,
        n1_0.priority,
        n1_0.read_at,
        n1_0.related_entity_id,
        n1_0.restaurant_id,
        n1_0.title,
        n1_0.type,
        n1_0.userId 
    from
        notifications n1_0 
    where
        n1_0.userId=? 
        and n1_0.isDeleted=0 
    order by
        n1_0.created_at desc
Hibernate: 
    select
        n1_0.id,
        n1_0.created_at,
        n1_0.deleted_at,
        n1_0.delivery_id,
        n1_0.isDeleted,
        n1_0.isRead,
        n1_0.message,
        n1_0.metadata,
        n1_0.order_id,
        n1_0.priority,
        n1_0.read_at,
        n1_0.related_entity_id,
        n1_0.restaurant_id,
        n1_0.title,
        n1_0.type,
        n1_0.userId 
    from
        notifications n1_0 
    where
        n1_0.userId=? 
        and n1_0.isDeleted=0 
    order by
        n1_0.created_at desc
2025-07-03 23:43:26.797 [pool-16-thread-2] DEBUG org.hibernate.SQL - 
    select
        u1_0.id,
        u1_0.address,
        u1_0.email,
        u1_0.full_name,
        u1_0.is_active,
        u1_0.password_hash,
        u1_0.phone,
        u1_0.role 
    from
        users u1_0 
    where
        u1_0.id=?
Hibernate: 
    select
        u1_0.id,
        u1_0.address,
        u1_0.email,
        u1_0.full_name,
        u1_0.is_active,
        u1_0.password_hash,
        u1_0.phone,
        u1_0.role 
    from
        users u1_0 
    where
        u1_0.id=?
2025-07-03 23:43:26.797 [pool-16-thread-1] DEBUG org.hibernate.SQL - 
    select
        u1_0.id,
        u1_0.address,
        u1_0.email,
        u1_0.full_name,
        u1_0.is_active,
        u1_0.password_hash,
        u1_0.phone,
        u1_0.role 
    from
        users u1_0 
    where
        u1_0.id=?
Hibernate: 
    select
        u1_0.id,
        u1_0.address,
        u1_0.email,
        u1_0.full_name,
        u1_0.is_active,
        u1_0.password_hash,
        u1_0.phone,
        u1_0.role 
    from
        users u1_0 
    where
        u1_0.id=?
2025-07-03 23:43:26.797 [pool-16-thread-2] DEBUG org.hibernate.SQL - 
    select
        n1_0.id,
        n1_0.created_at,
        n1_0.deleted_at,
        n1_0.delivery_id,
        n1_0.isDeleted,
        n1_0.isRead,
        n1_0.message,
        n1_0.metadata,
        n1_0.order_id,
        n1_0.priority,
        n1_0.read_at,
        n1_0.related_entity_id,
        n1_0.restaurant_id,
        n1_0.title,
        n1_0.type,
        n1_0.userId 
    from
        notifications n1_0 
    where
        n1_0.userId=? 
        and n1_0.isDeleted=0 
    order by
        n1_0.created_at desc
2025-07-03 23:43:26.797 [pool-16-thread-6] DEBUG org.hibernate.SQL - 
    select
        n1_0.id,
        n1_0.created_at,
        n1_0.deleted_at,
        n1_0.delivery_id,
        n1_0.isDeleted,
        n1_0.isRead,
        n1_0.message,
        n1_0.metadata,
        n1_0.order_id,
        n1_0.priority,
        n1_0.read_at,
        n1_0.related_entity_id,
        n1_0.restaurant_id,
        n1_0.title,
        n1_0.type,
        n1_0.userId 
    from
        notifications n1_0 
    where
        n1_0.userId=? 
        and n1_0.isDeleted=0 
    order by
        n1_0.created_at desc
Hibernate: 
    select
        n1_0.id,
        n1_0.created_at,
        n1_0.deleted_at,
        n1_0.delivery_id,
        n1_0.isDeleted,
        n1_0.isRead,
        n1_0.message,
        n1_0.metadata,
        n1_0.order_id,
        n1_0.priority,
        n1_0.read_at,
        n1_0.related_entity_id,
        n1_0.restaurant_id,
        n1_0.title,
        n1_0.type,
        n1_0.userId 
    from
        notifications n1_0 
    where
        n1_0.userId=? 
        and n1_0.isDeleted=0 
    order by
        n1_0.created_at desc
Hibernate: 
    select
        n1_0.id,
        n1_0.created_at,
        n1_0.deleted_at,
        n1_0.delivery_id,
        n1_0.isDeleted,
        n1_0.isRead,
        n1_0.message,
        n1_0.metadata,
        n1_0.order_id,
        n1_0.priority,
        n1_0.read_at,
        n1_0.related_entity_id,
        n1_0.restaurant_id,
        n1_0.title,
        n1_0.type,
        n1_0.userId 
    from
        notifications n1_0 
    where
        n1_0.userId=? 
        and n1_0.isDeleted=0 
    order by
        n1_0.created_at desc
2025-07-03 23:43:26.797 [pool-16-thread-8] DEBUG org.hibernate.SQL - 
    select
        u1_0.id,
        u1_0.address,
        u1_0.email,
        u1_0.full_name,
        u1_0.is_active,
        u1_0.password_hash,
        u1_0.phone,
        u1_0.role 
    from
        users u1_0 
    where
        u1_0.id=?
Hibernate: 
    select
        u1_0.id,
        u1_0.address,
        u1_0.email,
        u1_0.full_name,
        u1_0.is_active,
        u1_0.password_hash,
        u1_0.phone,
        u1_0.role 
    from
        users u1_0 
    where
        u1_0.id=?
2025-07-03 23:43:26.797 [pool-16-thread-1] DEBUG org.hibernate.SQL - 
    select
        n1_0.id,
        n1_0.created_at,
        n1_0.deleted_at,
        n1_0.delivery_id,
        n1_0.isDeleted,
        n1_0.isRead,
        n1_0.message,
        n1_0.metadata,
        n1_0.order_id,
        n1_0.priority,
        n1_0.read_at,
        n1_0.related_entity_id,
        n1_0.restaurant_id,
        n1_0.title,
        n1_0.type,
        n1_0.userId 
    from
        notifications n1_0 
    where
        n1_0.userId=? 
        and n1_0.isDeleted=0 
    order by
        n1_0.created_at desc
Hibernate: 
    select
        n1_0.id,
        n1_0.created_at,
        n1_0.deleted_at,
        n1_0.delivery_id,
        n1_0.isDeleted,
        n1_0.isRead,
        n1_0.message,
        n1_0.metadata,
        n1_0.order_id,
        n1_0.priority,
        n1_0.read_at,
        n1_0.related_entity_id,
        n1_0.restaurant_id,
        n1_0.title,
        n1_0.type,
        n1_0.userId 
    from
        notifications n1_0 
    where
        n1_0.userId=? 
        and n1_0.isDeleted=0 
    order by
        n1_0.created_at desc
2025-07-03 23:43:26.798 [pool-16-thread-8] DEBUG org.hibernate.SQL - 
    select
        n1_0.id,
        n1_0.created_at,
        n1_0.deleted_at,
        n1_0.delivery_id,
        n1_0.isDeleted,
        n1_0.isRead,
        n1_0.message,
        n1_0.metadata,
        n1_0.order_id,
        n1_0.priority,
        n1_0.read_at,
        n1_0.related_entity_id,
        n1_0.restaurant_id,
        n1_0.title,
        n1_0.type,
        n1_0.userId 
    from
        notifications n1_0 
    where
        n1_0.userId=? 
        and n1_0.isDeleted=0 
    order by
        n1_0.created_at desc
Hibernate: 
    select
        n1_0.id,
        n1_0.created_at,
        n1_0.deleted_at,
        n1_0.delivery_id,
        n1_0.isDeleted,
        n1_0.isRead,
        n1_0.message,
        n1_0.metadata,
        n1_0.order_id,
        n1_0.priority,
        n1_0.read_at,
        n1_0.related_entity_id,
        n1_0.restaurant_id,
        n1_0.title,
        n1_0.type,
        n1_0.userId 
    from
        notifications n1_0 
    where
        n1_0.userId=? 
        and n1_0.isDeleted=0 
    order by
        n1_0.created_at desc
2025-07-03 23:43:26.798 [pool-16-thread-4] DEBUG org.hibernate.SQL - 
    select
        u1_0.id,
        u1_0.address,
        u1_0.email,
        u1_0.full_name,
        u1_0.is_active,
        u1_0.password_hash,
        u1_0.phone,
        u1_0.role 
    from
        users u1_0 
    where
        u1_0.id=?
Hibernate: 
    select
        u1_0.id,
        u1_0.address,
        u1_0.email,
        u1_0.full_name,
        u1_0.is_active,
        u1_0.password_hash,
        u1_0.phone,
        u1_0.role 
    from
        users u1_0 
    where
        u1_0.id=?
2025-07-03 23:43:26.798 [pool-16-thread-10] DEBUG org.hibernate.SQL - 
    select
        u1_0.id,
        u1_0.address,
        u1_0.email,
        u1_0.full_name,
        u1_0.is_active,
        u1_0.password_hash,
        u1_0.phone,
        u1_0.role 
    from
        users u1_0 
    where
        u1_0.id=?
Hibernate: 
    select
        u1_0.id,
        u1_0.address,
        u1_0.email,
        u1_0.full_name,
        u1_0.is_active,
        u1_0.password_hash,
        u1_0.phone,
        u1_0.role 
    from
        users u1_0 
    where
        u1_0.id=?
2025-07-03 23:43:26.798 [pool-16-thread-4] DEBUG org.hibernate.SQL - 
    select
        n1_0.id,
        n1_0.created_at,
        n1_0.deleted_at,
        n1_0.delivery_id,
        n1_0.isDeleted,
        n1_0.isRead,
        n1_0.message,
        n1_0.metadata,
        n1_0.order_id,
        n1_0.priority,
        n1_0.read_at,
        n1_0.related_entity_id,
        n1_0.restaurant_id,
        n1_0.title,
        n1_0.type,
        n1_0.userId 
    from
        notifications n1_0 
    where
        n1_0.userId=? 
        and n1_0.isDeleted=0 
    order by
        n1_0.created_at desc
2025-07-03 23:43:26.798 [pool-16-thread-10] DEBUG org.hibernate.SQL - 
    select
        n1_0.id,
        n1_0.created_at,
        n1_0.deleted_at,
        n1_0.delivery_id,
        n1_0.isDeleted,
        n1_0.isRead,
        n1_0.message,
        n1_0.metadata,
        n1_0.order_id,
        n1_0.priority,
        n1_0.read_at,
        n1_0.related_entity_id,
        n1_0.restaurant_id,
        n1_0.title,
        n1_0.type,
        n1_0.userId 
    from
        notifications n1_0 
    where
        n1_0.userId=? 
        and n1_0.isDeleted=0 
    order by
        n1_0.created_at desc
Hibernate: 
    select
        n1_0.id,
        n1_0.created_at,
        n1_0.deleted_at,
        n1_0.delivery_id,
        n1_0.isDeleted,
        n1_0.isRead,
        n1_0.message,
        n1_0.metadata,
        n1_0.order_id,
        n1_0.priority,
        n1_0.read_at,
        n1_0.related_entity_id,
        n1_0.restaurant_id,
        n1_0.title,
        n1_0.type,
        n1_0.userId 
    from
        notifications n1_0 
    where
        n1_0.userId=? 
        and n1_0.isDeleted=0 
    order by
        n1_0.created_at desc
Hibernate: 
    select
        n1_0.id,
        n1_0.created_at,
        n1_0.deleted_at,
        n1_0.delivery_id,
        n1_0.isDeleted,
        n1_0.isRead,
        n1_0.message,
        n1_0.metadata,
        n1_0.order_id,
        n1_0.priority,
        n1_0.read_at,
        n1_0.related_entity_id,
        n1_0.restaurant_id,
        n1_0.title,
        n1_0.type,
        n1_0.userId 
    from
        notifications n1_0 
    where
        n1_0.userId=? 
        and n1_0.isDeleted=0 
    order by
        n1_0.created_at desc
2025-07-03 23:43:26.798 [pool-16-thread-6] DEBUG org.hibernate.SQL - 
    select
        u1_0.id,
        u1_0.address,
        u1_0.email,
        u1_0.full_name,
        u1_0.is_active,
        u1_0.password_hash,
        u1_0.phone,
        u1_0.role 
    from
        users u1_0 
    where
        u1_0.id=?
Hibernate: 
    select
        u1_0.id,
        u1_0.address,
        u1_0.email,
        u1_0.full_name,
        u1_0.is_active,
        u1_0.password_hash,
        u1_0.phone,
        u1_0.role 
    from
        users u1_0 
    where
        u1_0.id=?
2025-07-03 23:43:26.798 [pool-16-thread-6] DEBUG org.hibernate.SQL - 
    select
        n1_0.id,
        n1_0.created_at,
        n1_0.deleted_at,
        n1_0.delivery_id,
        n1_0.isDeleted,
        n1_0.isRead,
        n1_0.message,
        n1_0.metadata,
        n1_0.order_id,
        n1_0.priority,
        n1_0.read_at,
        n1_0.related_entity_id,
        n1_0.restaurant_id,
        n1_0.title,
        n1_0.type,
        n1_0.userId 
    from
        notifications n1_0 
    where
        n1_0.userId=? 
        and n1_0.isDeleted=0 
    order by
        n1_0.created_at desc
Hibernate: 
    select
        n1_0.id,
        n1_0.created_at,
        n1_0.deleted_at,
        n1_0.delivery_id,
        n1_0.isDeleted,
        n1_0.isRead,
        n1_0.message,
        n1_0.metadata,
        n1_0.order_id,
        n1_0.priority,
        n1_0.read_at,
        n1_0.related_entity_id,
        n1_0.restaurant_id,
        n1_0.title,
        n1_0.type,
        n1_0.userId 
    from
        notifications n1_0 
    where
        n1_0.userId=? 
        and n1_0.isDeleted=0 
    order by
        n1_0.created_at desc
2025-07-03 23:43:26.798 [pool-16-thread-2] DEBUG org.hibernate.SQL - 
    select
        u1_0.id,
        u1_0.address,
        u1_0.email,
        u1_0.full_name,
        u1_0.is_active,
        u1_0.password_hash,
        u1_0.phone,
        u1_0.role 
    from
        users u1_0 
    where
        u1_0.id=?
Hibernate: 
    select
        u1_0.id,
        u1_0.address,
        u1_0.email,
        u1_0.full_name,
        u1_0.is_active,
        u1_0.password_hash,
        u1_0.phone,
        u1_0.role 
    from
        users u1_0 
    where
        u1_0.id=?
2025-07-03 23:43:26.798 [pool-16-thread-1] DEBUG org.hibernate.SQL - 
    select
        u1_0.id,
        u1_0.address,
        u1_0.email,
        u1_0.full_name,
        u1_0.is_active,
        u1_0.password_hash,
        u1_0.phone,
        u1_0.role 
    from
        users u1_0 
    where
        u1_0.id=?
Hibernate: 
    select
        u1_0.id,
        u1_0.address,
        u1_0.email,
        u1_0.full_name,
        u1_0.is_active,
        u1_0.password_hash,
        u1_0.phone,
        u1_0.role 
    from
        users u1_0 
    where
        u1_0.id=?
2025-07-03 23:43:26.798 [pool-16-thread-8] DEBUG org.hibernate.SQL - 
    select
        u1_0.id,
        u1_0.address,
        u1_0.email,
        u1_0.full_name,
        u1_0.is_active,
        u1_0.password_hash,
        u1_0.phone,
        u1_0.role 
    from
        users u1_0 
    where
        u1_0.id=?
Hibernate: 
    select
        u1_0.id,
        u1_0.address,
        u1_0.email,
        u1_0.full_name,
        u1_0.is_active,
        u1_0.password_hash,
        u1_0.phone,
        u1_0.role 
    from
        users u1_0 
    where
        u1_0.id=?
2025-07-03 23:43:26.798 [pool-16-thread-2] DEBUG org.hibernate.SQL - 
    select
        n1_0.id,
        n1_0.created_at,
        n1_0.deleted_at,
        n1_0.delivery_id,
        n1_0.isDeleted,
        n1_0.isRead,
        n1_0.message,
        n1_0.metadata,
        n1_0.order_id,
        n1_0.priority,
        n1_0.read_at,
        n1_0.related_entity_id,
        n1_0.restaurant_id,
        n1_0.title,
        n1_0.type,
        n1_0.userId 
    from
        notifications n1_0 
    where
        n1_0.userId=? 
        and n1_0.isDeleted=0 
    order by
        n1_0.created_at desc
Hibernate: 
    select
        n1_0.id,
        n1_0.created_at,
        n1_0.deleted_at,
        n1_0.delivery_id,
        n1_0.isDeleted,
        n1_0.isRead,
        n1_0.message,
        n1_0.metadata,
        n1_0.order_id,
        n1_0.priority,
        n1_0.read_at,
        n1_0.related_entity_id,
        n1_0.restaurant_id,
        n1_0.title,
        n1_0.type,
        n1_0.userId 
    from
        notifications n1_0 
    where
        n1_0.userId=? 
        and n1_0.isDeleted=0 
    order by
        n1_0.created_at desc
2025-07-03 23:43:26.798 [pool-16-thread-1] DEBUG org.hibernate.SQL - 
    select
        n1_0.id,
        n1_0.created_at,
        n1_0.deleted_at,
        n1_0.delivery_id,
        n1_0.isDeleted,
        n1_0.isRead,
        n1_0.message,
        n1_0.metadata,
        n1_0.order_id,
        n1_0.priority,
        n1_0.read_at,
        n1_0.related_entity_id,
        n1_0.restaurant_id,
        n1_0.title,
        n1_0.type,
        n1_0.userId 
    from
        notifications n1_0 
    where
        n1_0.userId=? 
        and n1_0.isDeleted=0 
    order by
        n1_0.created_at desc
Hibernate: 
    select
        n1_0.id,
        n1_0.created_at,
        n1_0.deleted_at,
        n1_0.delivery_id,
        n1_0.isDeleted,
        n1_0.isRead,
        n1_0.message,
        n1_0.metadata,
        n1_0.order_id,
        n1_0.priority,
        n1_0.read_at,
        n1_0.related_entity_id,
        n1_0.restaurant_id,
        n1_0.title,
        n1_0.type,
        n1_0.userId 
    from
        notifications n1_0 
    where
        n1_0.userId=? 
        and n1_0.isDeleted=0 
    order by
        n1_0.created_at desc
2025-07-03 23:43:26.797 [pool-16-thread-9] DEBUG org.hibernate.SQL - 
    select
        n1_0.id,
        n1_0.created_at,
        n1_0.deleted_at,
        n1_0.delivery_id,
        n1_0.isDeleted,
        n1_0.isRead,
        n1_0.message,
        n1_0.metadata,
        n1_0.order_id,
        n1_0.priority,
        n1_0.read_at,
        n1_0.related_entity_id,
        n1_0.restaurant_id,
        n1_0.title,
        n1_0.type,
        n1_0.userId 
    from
        notifications n1_0 
    where
        n1_0.userId=? 
        and n1_0.isDeleted=0 
    order by
        n1_0.created_at desc
Hibernate: 
    select
        n1_0.id,
        n1_0.created_at,
        n1_0.deleted_at,
        n1_0.delivery_id,
        n1_0.isDeleted,
        n1_0.isRead,
        n1_0.message,
        n1_0.metadata,
        n1_0.order_id,
        n1_0.priority,
        n1_0.read_at,
        n1_0.related_entity_id,
        n1_0.restaurant_id,
        n1_0.title,
        n1_0.type,
        n1_0.userId 
    from
        notifications n1_0 
    where
        n1_0.userId=? 
        and n1_0.isDeleted=0 
    order by
        n1_0.created_at desc
2025-07-03 23:43:26.798 [pool-16-thread-10] DEBUG org.hibernate.SQL - 
    select
        u1_0.id,
        u1_0.address,
        u1_0.email,
        u1_0.full_name,
        u1_0.is_active,
        u1_0.password_hash,
        u1_0.phone,
        u1_0.role 
    from
        users u1_0 
    where
        u1_0.id=?
Hibernate: 
    select
        u1_0.id,
        u1_0.address,
        u1_0.email,
        u1_0.full_name,
        u1_0.is_active,
        u1_0.password_hash,
        u1_0.phone,
        u1_0.role 
    from
        users u1_0 
    where
        u1_0.id=?
2025-07-03 23:43:26.798 [pool-16-thread-4] DEBUG org.hibernate.SQL - 
    select
        u1_0.id,
        u1_0.address,
        u1_0.email,
        u1_0.full_name,
        u1_0.is_active,
        u1_0.password_hash,
        u1_0.phone,
        u1_0.role 
    from
        users u1_0 
    where
        u1_0.id=?
Hibernate: 
    select
        u1_0.id,
        u1_0.address,
        u1_0.email,
        u1_0.full_name,
        u1_0.is_active,
        u1_0.password_hash,
        u1_0.phone,
        u1_0.role 
    from
        users u1_0 
    where
        u1_0.id=?
2025-07-03 23:43:26.798 [pool-16-thread-10] DEBUG org.hibernate.SQL - 
    select
        n1_0.id,
        n1_0.created_at,
        n1_0.deleted_at,
        n1_0.delivery_id,
        n1_0.isDeleted,
        n1_0.isRead,
        n1_0.message,
        n1_0.metadata,
        n1_0.order_id,
        n1_0.priority,
        n1_0.read_at,
        n1_0.related_entity_id,
        n1_0.restaurant_id,
        n1_0.title,
        n1_0.type,
        n1_0.userId 
    from
        notifications n1_0 
    where
        n1_0.userId=? 
        and n1_0.isDeleted=0 
    order by
        n1_0.created_at desc
2025-07-03 23:43:26.798 [pool-16-thread-4] DEBUG org.hibernate.SQL - 
    select
        n1_0.id,
        n1_0.created_at,
        n1_0.deleted_at,
        n1_0.delivery_id,
        n1_0.isDeleted,
        n1_0.isRead,
        n1_0.message,
        n1_0.metadata,
        n1_0.order_id,
        n1_0.priority,
        n1_0.read_at,
        n1_0.related_entity_id,
        n1_0.restaurant_id,
        n1_0.title,
        n1_0.type,
        n1_0.userId 
    from
        notifications n1_0 
    where
        n1_0.userId=? 
        and n1_0.isDeleted=0 
    order by
        n1_0.created_at desc
Hibernate: 
    select
        n1_0.id,
        n1_0.created_at,
        n1_0.deleted_at,
        n1_0.delivery_id,
        n1_0.isDeleted,
        n1_0.isRead,
        n1_0.message,
        n1_0.metadata,
        n1_0.order_id,
        n1_0.priority,
        n1_0.read_at,
        n1_0.related_entity_id,
        n1_0.restaurant_id,
        n1_0.title,
        n1_0.type,
        n1_0.userId 
    from
        notifications n1_0 
    where
        n1_0.userId=? 
        and n1_0.isDeleted=0 
    order by
        n1_0.created_at desc
Hibernate: 
    select
        n1_0.id,
        n1_0.created_at,
        n1_0.deleted_at,
        n1_0.delivery_id,
        n1_0.isDeleted,
        n1_0.isRead,
        n1_0.message,
        n1_0.metadata,
        n1_0.order_id,
        n1_0.priority,
        n1_0.read_at,
        n1_0.related_entity_id,
        n1_0.restaurant_id,
        n1_0.title,
        n1_0.type,
        n1_0.userId 
    from
        notifications n1_0 
    where
        n1_0.userId=? 
        and n1_0.isDeleted=0 
    order by
        n1_0.created_at desc
2025-07-03 23:43:26.798 [pool-16-thread-6] DEBUG org.hibernate.SQL - 
    select
        u1_0.id,
        u1_0.address,
        u1_0.email,
        u1_0.full_name,
        u1_0.is_active,
        u1_0.password_hash,
        u1_0.phone,
        u1_0.role 
    from
        users u1_0 
    where
        u1_0.id=?
Hibernate: 
    select
        u1_0.id,
        u1_0.address,
        u1_0.email,
        u1_0.full_name,
        u1_0.is_active,
        u1_0.password_hash,
        u1_0.phone,
        u1_0.role 
    from
        users u1_0 
    where
        u1_0.id=?
2025-07-03 23:43:26.797 [pool-16-thread-5] DEBUG org.hibernate.SQL - 
    select
        u1_0.id,
        u1_0.address,
        u1_0.email,
        u1_0.full_name,
        u1_0.is_active,
        u1_0.password_hash,
        u1_0.phone,
        u1_0.role 
    from
        users u1_0 
    where
        u1_0.id=?
Hibernate: 
    select
        u1_0.id,
        u1_0.address,
        u1_0.email,
        u1_0.full_name,
        u1_0.is_active,
        u1_0.password_hash,
        u1_0.phone,
        u1_0.role 
    from
        users u1_0 
    where
        u1_0.id=?
2025-07-03 23:43:26.798 [pool-16-thread-6] DEBUG org.hibernate.SQL - 
    select
        n1_0.id,
        n1_0.created_at,
        n1_0.deleted_at,
        n1_0.delivery_id,
        n1_0.isDeleted,
        n1_0.isRead,
        n1_0.message,
        n1_0.metadata,
        n1_0.order_id,
        n1_0.priority,
        n1_0.read_at,
        n1_0.related_entity_id,
        n1_0.restaurant_id,
        n1_0.title,
        n1_0.type,
        n1_0.userId 
    from
        notifications n1_0 
    where
        n1_0.userId=? 
        and n1_0.isDeleted=0 
    order by
        n1_0.created_at desc
Hibernate: 
    select
        n1_0.id,
        n1_0.created_at,
        n1_0.deleted_at,
        n1_0.delivery_id,
        n1_0.isDeleted,
        n1_0.isRead,
        n1_0.message,
        n1_0.metadata,
        n1_0.order_id,
        n1_0.priority,
        n1_0.read_at,
        n1_0.related_entity_id,
        n1_0.restaurant_id,
        n1_0.title,
        n1_0.type,
        n1_0.userId 
    from
        notifications n1_0 
    where
        n1_0.userId=? 
        and n1_0.isDeleted=0 
    order by
        n1_0.created_at desc
2025-07-03 23:43:26.798 [pool-16-thread-5] DEBUG org.hibernate.SQL - 
    select
        n1_0.id,
        n1_0.created_at,
        n1_0.deleted_at,
        n1_0.delivery_id,
        n1_0.isDeleted,
        n1_0.isRead,
        n1_0.message,
        n1_0.metadata,
        n1_0.order_id,
        n1_0.priority,
        n1_0.read_at,
        n1_0.related_entity_id,
        n1_0.restaurant_id,
        n1_0.title,
        n1_0.type,
        n1_0.userId 
    from
        notifications n1_0 
    where
        n1_0.userId=? 
        and n1_0.isDeleted=0 
    order by
        n1_0.created_at desc
Hibernate: 
    select
        n1_0.id,
        n1_0.created_at,
        n1_0.deleted_at,
        n1_0.delivery_id,
        n1_0.isDeleted,
        n1_0.isRead,
        n1_0.message,
        n1_0.metadata,
        n1_0.order_id,
        n1_0.priority,
        n1_0.read_at,
        n1_0.related_entity_id,
        n1_0.restaurant_id,
        n1_0.title,
        n1_0.type,
        n1_0.userId 
    from
        notifications n1_0 
    where
        n1_0.userId=? 
        and n1_0.isDeleted=0 
    order by
        n1_0.created_at desc
2025-07-03 23:43:26.798 [pool-16-thread-2] DEBUG org.hibernate.SQL - 
    select
        u1_0.id,
        u1_0.address,
        u1_0.email,
        u1_0.full_name,
        u1_0.is_active,
        u1_0.password_hash,
        u1_0.phone,
        u1_0.role 
    from
        users u1_0 
    where
        u1_0.id=?
Hibernate: 
    select
        u1_0.id,
        u1_0.address,
        u1_0.email,
        u1_0.full_name,
        u1_0.is_active,
        u1_0.password_hash,
        u1_0.phone,
        u1_0.role 
    from
        users u1_0 
    where
        u1_0.id=?
2025-07-03 23:43:26.798 [pool-16-thread-1] DEBUG org.hibernate.SQL - 
    select
        u1_0.id,
        u1_0.address,
        u1_0.email,
        u1_0.full_name,
        u1_0.is_active,
        u1_0.password_hash,
        u1_0.phone,
        u1_0.role 
    from
        users u1_0 
    where
        u1_0.id=?
Hibernate: 
    select
        u1_0.id,
        u1_0.address,
        u1_0.email,
        u1_0.full_name,
        u1_0.is_active,
        u1_0.password_hash,
        u1_0.phone,
        u1_0.role 
    from
        users u1_0 
    where
        u1_0.id=?
2025-07-03 23:43:26.798 [pool-16-thread-2] DEBUG org.hibernate.SQL - 
    select
        n1_0.id,
        n1_0.created_at,
        n1_0.deleted_at,
        n1_0.delivery_id,
        n1_0.isDeleted,
        n1_0.isRead,
        n1_0.message,
        n1_0.metadata,
        n1_0.order_id,
        n1_0.priority,
        n1_0.read_at,
        n1_0.related_entity_id,
        n1_0.restaurant_id,
        n1_0.title,
        n1_0.type,
        n1_0.userId 
    from
        notifications n1_0 
    where
        n1_0.userId=? 
        and n1_0.isDeleted=0 
    order by
        n1_0.created_at desc
Hibernate: 
    select
        n1_0.id,
        n1_0.created_at,
        n1_0.deleted_at,
        n1_0.delivery_id,
        n1_0.isDeleted,
        n1_0.isRead,
        n1_0.message,
        n1_0.metadata,
        n1_0.order_id,
        n1_0.priority,
        n1_0.read_at,
        n1_0.related_entity_id,
        n1_0.restaurant_id,
        n1_0.title,
        n1_0.type,
        n1_0.userId 
    from
        notifications n1_0 
    where
        n1_0.userId=? 
        and n1_0.isDeleted=0 
    order by
        n1_0.created_at desc
2025-07-03 23:43:26.798 [pool-16-thread-9] DEBUG org.hibernate.SQL - 
    select
        u1_0.id,
        u1_0.address,
        u1_0.email,
        u1_0.full_name,
        u1_0.is_active,
        u1_0.password_hash,
        u1_0.phone,
        u1_0.role 
    from
        users u1_0 
    where
        u1_0.id=?
Hibernate: 
    select
        u1_0.id,
        u1_0.address,
        u1_0.email,
        u1_0.full_name,
        u1_0.is_active,
        u1_0.password_hash,
        u1_0.phone,
        u1_0.role 
    from
        users u1_0 
    where
        u1_0.id=?
2025-07-03 23:43:26.798 [pool-16-thread-1] DEBUG org.hibernate.SQL - 
    select
        n1_0.id,
        n1_0.created_at,
        n1_0.deleted_at,
        n1_0.delivery_id,
        n1_0.isDeleted,
        n1_0.isRead,
        n1_0.message,
        n1_0.metadata,
        n1_0.order_id,
        n1_0.priority,
        n1_0.read_at,
        n1_0.related_entity_id,
        n1_0.restaurant_id,
        n1_0.title,
        n1_0.type,
        n1_0.userId 
    from
        notifications n1_0 
    where
        n1_0.userId=? 
        and n1_0.isDeleted=0 
    order by
        n1_0.created_at desc
Hibernate: 
    select
        n1_0.id,
        n1_0.created_at,
        n1_0.deleted_at,
        n1_0.delivery_id,
        n1_0.isDeleted,
        n1_0.isRead,
        n1_0.message,
        n1_0.metadata,
        n1_0.order_id,
        n1_0.priority,
        n1_0.read_at,
        n1_0.related_entity_id,
        n1_0.restaurant_id,
        n1_0.title,
        n1_0.type,
        n1_0.userId 
    from
        notifications n1_0 
    where
        n1_0.userId=? 
        and n1_0.isDeleted=0 
    order by
        n1_0.created_at desc
2025-07-03 23:43:26.798 [pool-16-thread-9] DEBUG org.hibernate.SQL - 
    select
        n1_0.id,
        n1_0.created_at,
        n1_0.deleted_at,
        n1_0.delivery_id,
        n1_0.isDeleted,
        n1_0.isRead,
        n1_0.message,
        n1_0.metadata,
        n1_0.order_id,
        n1_0.priority,
        n1_0.read_at,
        n1_0.related_entity_id,
        n1_0.restaurant_id,
        n1_0.title,
        n1_0.type,
        n1_0.userId 
    from
        notifications n1_0 
    where
        n1_0.userId=? 
        and n1_0.isDeleted=0 
    order by
        n1_0.created_at desc
Hibernate: 
    select
        n1_0.id,
        n1_0.created_at,
        n1_0.deleted_at,
        n1_0.delivery_id,
        n1_0.isDeleted,
        n1_0.isRead,
        n1_0.message,
        n1_0.metadata,
        n1_0.order_id,
        n1_0.priority,
        n1_0.read_at,
        n1_0.related_entity_id,
        n1_0.restaurant_id,
        n1_0.title,
        n1_0.type,
        n1_0.userId 
    from
        notifications n1_0 
    where
        n1_0.userId=? 
        and n1_0.isDeleted=0 
    order by
        n1_0.created_at desc
2025-07-03 23:43:26.799 [pool-16-thread-3] DEBUG org.hibernate.SQL - 
    select
        u1_0.id,
        u1_0.address,
        u1_0.email,
        u1_0.full_name,
        u1_0.is_active,
        u1_0.password_hash,
        u1_0.phone,
        u1_0.role 
    from
        users u1_0 
    where
        u1_0.id=?
Hibernate: 
    select
        u1_0.id,
        u1_0.address,
        u1_0.email,
        u1_0.full_name,
        u1_0.is_active,
        u1_0.password_hash,
        u1_0.phone,
        u1_0.role 
    from
        users u1_0 
    where
        u1_0.id=?
2025-07-03 23:43:26.799 [pool-16-thread-3] DEBUG org.hibernate.SQL - 
    select
        n1_0.id,
        n1_0.created_at,
        n1_0.deleted_at,
        n1_0.delivery_id,
        n1_0.isDeleted,
        n1_0.isRead,
        n1_0.message,
        n1_0.metadata,
        n1_0.order_id,
        n1_0.priority,
        n1_0.read_at,
        n1_0.related_entity_id,
        n1_0.restaurant_id,
        n1_0.title,
        n1_0.type,
        n1_0.userId 
    from
        notifications n1_0 
    where
        n1_0.userId=? 
        and n1_0.isDeleted=0 
    order by
        n1_0.created_at desc
Hibernate: 
    select
        n1_0.id,
        n1_0.created_at,
        n1_0.deleted_at,
        n1_0.delivery_id,
        n1_0.isDeleted,
        n1_0.isRead,
        n1_0.message,
        n1_0.metadata,
        n1_0.order_id,
        n1_0.priority,
        n1_0.read_at,
        n1_0.related_entity_id,
        n1_0.restaurant_id,
        n1_0.title,
        n1_0.type,
        n1_0.userId 
    from
        notifications n1_0 
    where
        n1_0.userId=? 
        and n1_0.isDeleted=0 
    order by
        n1_0.created_at desc
2025-07-03 23:43:26.799 [pool-16-thread-6] DEBUG org.hibernate.SQL - 
    select
        u1_0.id,
        u1_0.address,
        u1_0.email,
        u1_0.full_name,
        u1_0.is_active,
        u1_0.password_hash,
        u1_0.phone,
        u1_0.role 
    from
        users u1_0 
    where
        u1_0.id=?
Hibernate: 
    select
        u1_0.id,
        u1_0.address,
        u1_0.email,
        u1_0.full_name,
        u1_0.is_active,
        u1_0.password_hash,
        u1_0.phone,
        u1_0.role 
    from
        users u1_0 
    where
        u1_0.id=?
2025-07-03 23:43:26.799 [pool-16-thread-6] DEBUG org.hibernate.SQL - 
    select
        n1_0.id,
        n1_0.created_at,
        n1_0.deleted_at,
        n1_0.delivery_id,
        n1_0.isDeleted,
        n1_0.isRead,
        n1_0.message,
        n1_0.metadata,
        n1_0.order_id,
        n1_0.priority,
        n1_0.read_at,
        n1_0.related_entity_id,
        n1_0.restaurant_id,
        n1_0.title,
        n1_0.type,
        n1_0.userId 
    from
        notifications n1_0 
    where
        n1_0.userId=? 
        and n1_0.isDeleted=0 
    order by
        n1_0.created_at desc
Hibernate: 
    select
        n1_0.id,
        n1_0.created_at,
        n1_0.deleted_at,
        n1_0.delivery_id,
        n1_0.isDeleted,
        n1_0.isRead,
        n1_0.message,
        n1_0.metadata,
        n1_0.order_id,
        n1_0.priority,
        n1_0.read_at,
        n1_0.related_entity_id,
        n1_0.restaurant_id,
        n1_0.title,
        n1_0.type,
        n1_0.userId 
    from
        notifications n1_0 
    where
        n1_0.userId=? 
        and n1_0.isDeleted=0 
    order by
        n1_0.created_at desc
2025-07-03 23:43:26.799 [pool-16-thread-5] DEBUG org.hibernate.SQL - 
    select
        u1_0.id,
        u1_0.address,
        u1_0.email,
        u1_0.full_name,
        u1_0.is_active,
        u1_0.password_hash,
        u1_0.phone,
        u1_0.role 
    from
        users u1_0 
    where
        u1_0.id=?
Hibernate: 
    select
        u1_0.id,
        u1_0.address,
        u1_0.email,
        u1_0.full_name,
        u1_0.is_active,
        u1_0.password_hash,
        u1_0.phone,
        u1_0.role 
    from
        users u1_0 
    where
        u1_0.id=?
2025-07-03 23:43:26.799 [pool-16-thread-5] DEBUG org.hibernate.SQL - 
    select
        n1_0.id,
        n1_0.created_at,
        n1_0.deleted_at,
        n1_0.delivery_id,
        n1_0.isDeleted,
        n1_0.isRead,
        n1_0.message,
        n1_0.metadata,
        n1_0.order_id,
        n1_0.priority,
        n1_0.read_at,
        n1_0.related_entity_id,
        n1_0.restaurant_id,
        n1_0.title,
        n1_0.type,
        n1_0.userId 
    from
        notifications n1_0 
    where
        n1_0.userId=? 
        and n1_0.isDeleted=0 
    order by
        n1_0.created_at desc
Hibernate: 
    select
        n1_0.id,
        n1_0.created_at,
        n1_0.deleted_at,
        n1_0.delivery_id,
        n1_0.isDeleted,
        n1_0.isRead,
        n1_0.message,
        n1_0.metadata,
        n1_0.order_id,
        n1_0.priority,
        n1_0.read_at,
        n1_0.related_entity_id,
        n1_0.restaurant_id,
        n1_0.title,
        n1_0.type,
        n1_0.userId 
    from
        notifications n1_0 
    where
        n1_0.userId=? 
        and n1_0.isDeleted=0 
    order by
        n1_0.created_at desc
2025-07-03 23:43:26.799 [pool-16-thread-2] DEBUG org.hibernate.SQL - 
    select
        u1_0.id,
        u1_0.address,
        u1_0.email,
        u1_0.full_name,
        u1_0.is_active,
        u1_0.password_hash,
        u1_0.phone,
        u1_0.role 
    from
        users u1_0 
    where
        u1_0.id=?
Hibernate: 
    select
        u1_0.id,
        u1_0.address,
        u1_0.email,
        u1_0.full_name,
        u1_0.is_active,
        u1_0.password_hash,
        u1_0.phone,
        u1_0.role 
    from
        users u1_0 
    where
        u1_0.id=?
2025-07-03 23:43:26.799 [pool-16-thread-1] DEBUG org.hibernate.SQL - 
    select
        u1_0.id,
        u1_0.address,
        u1_0.email,
        u1_0.full_name,
        u1_0.is_active,
        u1_0.password_hash,
        u1_0.phone,
        u1_0.role 
    from
        users u1_0 
    where
        u1_0.id=?
Hibernate: 
    select
        u1_0.id,
        u1_0.address,
        u1_0.email,
        u1_0.full_name,
        u1_0.is_active,
        u1_0.password_hash,
        u1_0.phone,
        u1_0.role 
    from
        users u1_0 
    where
        u1_0.id=?
2025-07-03 23:43:26.799 [pool-16-thread-2] DEBUG org.hibernate.SQL - 
    select
        n1_0.id,
        n1_0.created_at,
        n1_0.deleted_at,
        n1_0.delivery_id,
        n1_0.isDeleted,
        n1_0.isRead,
        n1_0.message,
        n1_0.metadata,
        n1_0.order_id,
        n1_0.priority,
        n1_0.read_at,
        n1_0.related_entity_id,
        n1_0.restaurant_id,
        n1_0.title,
        n1_0.type,
        n1_0.userId 
    from
        notifications n1_0 
    where
        n1_0.userId=? 
        and n1_0.isDeleted=0 
    order by
        n1_0.created_at desc
Hibernate: 
    select
        n1_0.id,
        n1_0.created_at,
        n1_0.deleted_at,
        n1_0.delivery_id,
        n1_0.isDeleted,
        n1_0.isRead,
        n1_0.message,
        n1_0.metadata,
        n1_0.order_id,
        n1_0.priority,
        n1_0.read_at,
        n1_0.related_entity_id,
        n1_0.restaurant_id,
        n1_0.title,
        n1_0.type,
        n1_0.userId 
    from
        notifications n1_0 
    where
        n1_0.userId=? 
        and n1_0.isDeleted=0 
    order by
        n1_0.created_at desc
2025-07-03 23:43:26.799 [pool-16-thread-9] DEBUG org.hibernate.SQL - 
    select
        u1_0.id,
        u1_0.address,
        u1_0.email,
        u1_0.full_name,
        u1_0.is_active,
        u1_0.password_hash,
        u1_0.phone,
        u1_0.role 
    from
        users u1_0 
    where
        u1_0.id=?
Hibernate: 
    select
        u1_0.id,
        u1_0.address,
        u1_0.email,
        u1_0.full_name,
        u1_0.is_active,
        u1_0.password_hash,
        u1_0.phone,
        u1_0.role 
    from
        users u1_0 
    where
        u1_0.id=?
2025-07-03 23:43:26.799 [pool-16-thread-1] DEBUG org.hibernate.SQL - 
    select
        n1_0.id,
        n1_0.created_at,
        n1_0.deleted_at,
        n1_0.delivery_id,
        n1_0.isDeleted,
        n1_0.isRead,
        n1_0.message,
        n1_0.metadata,
        n1_0.order_id,
        n1_0.priority,
        n1_0.read_at,
        n1_0.related_entity_id,
        n1_0.restaurant_id,
        n1_0.title,
        n1_0.type,
        n1_0.userId 
    from
        notifications n1_0 
    where
        n1_0.userId=? 
        and n1_0.isDeleted=0 
    order by
        n1_0.created_at desc
Hibernate: 
    select
        n1_0.id,
        n1_0.created_at,
        n1_0.deleted_at,
        n1_0.delivery_id,
        n1_0.isDeleted,
        n1_0.isRead,
        n1_0.message,
        n1_0.metadata,
        n1_0.order_id,
        n1_0.priority,
        n1_0.read_at,
        n1_0.related_entity_id,
        n1_0.restaurant_id,
        n1_0.title,
        n1_0.type,
        n1_0.userId 
    from
        notifications n1_0 
    where
        n1_0.userId=? 
        and n1_0.isDeleted=0 
    order by
        n1_0.created_at desc
2025-07-03 23:43:26.799 [pool-16-thread-9] DEBUG org.hibernate.SQL - 
    select
        n1_0.id,
        n1_0.created_at,
        n1_0.deleted_at,
        n1_0.delivery_id,
        n1_0.isDeleted,
        n1_0.isRead,
        n1_0.message,
        n1_0.metadata,
        n1_0.order_id,
        n1_0.priority,
        n1_0.read_at,
        n1_0.related_entity_id,
        n1_0.restaurant_id,
        n1_0.title,
        n1_0.type,
        n1_0.userId 
    from
        notifications n1_0 
    where
        n1_0.userId=? 
        and n1_0.isDeleted=0 
    order by
        n1_0.created_at desc
Hibernate: 
    select
        n1_0.id,
        n1_0.created_at,
        n1_0.deleted_at,
        n1_0.delivery_id,
        n1_0.isDeleted,
        n1_0.isRead,
        n1_0.message,
        n1_0.metadata,
        n1_0.order_id,
        n1_0.priority,
        n1_0.read_at,
        n1_0.related_entity_id,
        n1_0.restaurant_id,
        n1_0.title,
        n1_0.type,
        n1_0.userId 
    from
        notifications n1_0 
    where
        n1_0.userId=? 
        and n1_0.isDeleted=0 
    order by
        n1_0.created_at desc
2025-07-03 23:43:26.799 [pool-16-thread-3] DEBUG org.hibernate.SQL - 
    select
        u1_0.id,
        u1_0.address,
        u1_0.email,
        u1_0.full_name,
        u1_0.is_active,
        u1_0.password_hash,
        u1_0.phone,
        u1_0.role 
    from
        users u1_0 
    where
        u1_0.id=?
Hibernate: 
    select
        u1_0.id,
        u1_0.address,
        u1_0.email,
        u1_0.full_name,
        u1_0.is_active,
        u1_0.password_hash,
        u1_0.phone,
        u1_0.role 
    from
        users u1_0 
    where
        u1_0.id=?
2025-07-03 23:43:26.799 [pool-16-thread-3] DEBUG org.hibernate.SQL - 
    select
        n1_0.id,
        n1_0.created_at,
        n1_0.deleted_at,
        n1_0.delivery_id,
        n1_0.isDeleted,
        n1_0.isRead,
        n1_0.message,
        n1_0.metadata,
        n1_0.order_id,
        n1_0.priority,
        n1_0.read_at,
        n1_0.related_entity_id,
        n1_0.restaurant_id,
        n1_0.title,
        n1_0.type,
        n1_0.userId 
    from
        notifications n1_0 
    where
        n1_0.userId=? 
        and n1_0.isDeleted=0 
    order by
        n1_0.created_at desc
Hibernate: 
    select
        n1_0.id,
        n1_0.created_at,
        n1_0.deleted_at,
        n1_0.delivery_id,
        n1_0.isDeleted,
        n1_0.isRead,
        n1_0.message,
        n1_0.metadata,
        n1_0.order_id,
        n1_0.priority,
        n1_0.read_at,
        n1_0.related_entity_id,
        n1_0.restaurant_id,
        n1_0.title,
        n1_0.type,
        n1_0.userId 
    from
        notifications n1_0 
    where
        n1_0.userId=? 
        and n1_0.isDeleted=0 
    order by
        n1_0.created_at desc
2025-07-03 23:43:26.799 [pool-16-thread-6] DEBUG org.hibernate.SQL - 
    select
        u1_0.id,
        u1_0.address,
        u1_0.email,
        u1_0.full_name,
        u1_0.is_active,
        u1_0.password_hash,
        u1_0.phone,
        u1_0.role 
    from
        users u1_0 
    where
        u1_0.id=?
Hibernate: 
    select
        u1_0.id,
        u1_0.address,
        u1_0.email,
        u1_0.full_name,
        u1_0.is_active,
        u1_0.password_hash,
        u1_0.phone,
        u1_0.role 
    from
        users u1_0 
    where
        u1_0.id=?
2025-07-03 23:43:26.799 [pool-16-thread-6] DEBUG org.hibernate.SQL - 
    select
        n1_0.id,
        n1_0.created_at,
        n1_0.deleted_at,
        n1_0.delivery_id,
        n1_0.isDeleted,
        n1_0.isRead,
        n1_0.message,
        n1_0.metadata,
        n1_0.order_id,
        n1_0.priority,
        n1_0.read_at,
        n1_0.related_entity_id,
        n1_0.restaurant_id,
        n1_0.title,
        n1_0.type,
        n1_0.userId 
    from
        notifications n1_0 
    where
        n1_0.userId=? 
        and n1_0.isDeleted=0 
    order by
        n1_0.created_at desc
Hibernate: 
    select
        n1_0.id,
        n1_0.created_at,
        n1_0.deleted_at,
        n1_0.delivery_id,
        n1_0.isDeleted,
        n1_0.isRead,
        n1_0.message,
        n1_0.metadata,
        n1_0.order_id,
        n1_0.priority,
        n1_0.read_at,
        n1_0.related_entity_id,
        n1_0.restaurant_id,
        n1_0.title,
        n1_0.type,
        n1_0.userId 
    from
        notifications n1_0 
    where
        n1_0.userId=? 
        and n1_0.isDeleted=0 
    order by
        n1_0.created_at desc
2025-07-03 23:43:26.797 [pool-16-thread-7] DEBUG org.hibernate.SQL - 
    select
        u1_0.id,
        u1_0.address,
        u1_0.email,
        u1_0.full_name,
        u1_0.is_active,
        u1_0.password_hash,
        u1_0.phone,
        u1_0.role 
    from
        users u1_0 
    where
        u1_0.id=?
Hibernate: 
    select
        u1_0.id,
        u1_0.address,
        u1_0.email,
        u1_0.full_name,
        u1_0.is_active,
        u1_0.password_hash,
        u1_0.phone,
        u1_0.role 
    from
        users u1_0 
    where
        u1_0.id=?
2025-07-03 23:43:26.799 [pool-16-thread-2] DEBUG org.hibernate.SQL - 
    select
        u1_0.id,
        u1_0.address,
        u1_0.email,
        u1_0.full_name,
        u1_0.is_active,
        u1_0.password_hash,
        u1_0.phone,
        u1_0.role 
    from
        users u1_0 
    where
        u1_0.id=?
Hibernate: 
    select
        u1_0.id,
        u1_0.address,
        u1_0.email,
        u1_0.full_name,
        u1_0.is_active,
        u1_0.password_hash,
        u1_0.phone,
        u1_0.role 
    from
        users u1_0 
    where
        u1_0.id=?
2025-07-03 23:43:26.799 [pool-16-thread-7] DEBUG org.hibernate.SQL - 
    select
        n1_0.id,
        n1_0.created_at,
        n1_0.deleted_at,
        n1_0.delivery_id,
        n1_0.isDeleted,
        n1_0.isRead,
        n1_0.message,
        n1_0.metadata,
        n1_0.order_id,
        n1_0.priority,
        n1_0.read_at,
        n1_0.related_entity_id,
        n1_0.restaurant_id,
        n1_0.title,
        n1_0.type,
        n1_0.userId 
    from
        notifications n1_0 
    where
        n1_0.userId=? 
        and n1_0.isDeleted=0 
    order by
        n1_0.created_at desc
Hibernate: 
    select
        n1_0.id,
        n1_0.created_at,
        n1_0.deleted_at,
        n1_0.delivery_id,
        n1_0.isDeleted,
        n1_0.isRead,
        n1_0.message,
        n1_0.metadata,
        n1_0.order_id,
        n1_0.priority,
        n1_0.read_at,
        n1_0.related_entity_id,
        n1_0.restaurant_id,
        n1_0.title,
        n1_0.type,
        n1_0.userId 
    from
        notifications n1_0 
    where
        n1_0.userId=? 
        and n1_0.isDeleted=0 
    order by
        n1_0.created_at desc
2025-07-03 23:43:26.799 [pool-16-thread-1] DEBUG org.hibernate.SQL - 
    select
        u1_0.id,
        u1_0.address,
        u1_0.email,
        u1_0.full_name,
        u1_0.is_active,
        u1_0.password_hash,
        u1_0.phone,
        u1_0.role 
    from
        users u1_0 
    where
        u1_0.id=?
Hibernate: 
    select
        u1_0.id,
        u1_0.address,
        u1_0.email,
        u1_0.full_name,
        u1_0.is_active,
        u1_0.password_hash,
        u1_0.phone,
        u1_0.role 
    from
        users u1_0 
    where
        u1_0.id=?
2025-07-03 23:43:26.799 [pool-16-thread-2] DEBUG org.hibernate.SQL - 
    select
        n1_0.id,
        n1_0.created_at,
        n1_0.deleted_at,
        n1_0.delivery_id,
        n1_0.isDeleted,
        n1_0.isRead,
        n1_0.message,
        n1_0.metadata,
        n1_0.order_id,
        n1_0.priority,
        n1_0.read_at,
        n1_0.related_entity_id,
        n1_0.restaurant_id,
        n1_0.title,
        n1_0.type,
        n1_0.userId 
    from
        notifications n1_0 
    where
        n1_0.userId=? 
        and n1_0.isDeleted=0 
    order by
        n1_0.created_at desc
Hibernate: 
    select
        n1_0.id,
        n1_0.created_at,
        n1_0.deleted_at,
        n1_0.delivery_id,
        n1_0.isDeleted,
        n1_0.isRead,
        n1_0.message,
        n1_0.metadata,
        n1_0.order_id,
        n1_0.priority,
        n1_0.read_at,
        n1_0.related_entity_id,
        n1_0.restaurant_id,
        n1_0.title,
        n1_0.type,
        n1_0.userId 
    from
        notifications n1_0 
    where
        n1_0.userId=? 
        and n1_0.isDeleted=0 
    order by
        n1_0.created_at desc
2025-07-03 23:43:26.799 [pool-16-thread-9] DEBUG org.hibernate.SQL - 
    select
        u1_0.id,
        u1_0.address,
        u1_0.email,
        u1_0.full_name,
        u1_0.is_active,
        u1_0.password_hash,
        u1_0.phone,
        u1_0.role 
    from
        users u1_0 
    where
        u1_0.id=?
Hibernate: 
    select
        u1_0.id,
        u1_0.address,
        u1_0.email,
        u1_0.full_name,
        u1_0.is_active,
        u1_0.password_hash,
        u1_0.phone,
        u1_0.role 
    from
        users u1_0 
    where
        u1_0.id=?
2025-07-03 23:43:26.799 [pool-16-thread-1] DEBUG org.hibernate.SQL - 
    select
        n1_0.id,
        n1_0.created_at,
        n1_0.deleted_at,
        n1_0.delivery_id,
        n1_0.isDeleted,
        n1_0.isRead,
        n1_0.message,
        n1_0.metadata,
        n1_0.order_id,
        n1_0.priority,
        n1_0.read_at,
        n1_0.related_entity_id,
        n1_0.restaurant_id,
        n1_0.title,
        n1_0.type,
        n1_0.userId 
    from
        notifications n1_0 
    where
        n1_0.userId=? 
        and n1_0.isDeleted=0 
    order by
        n1_0.created_at desc
Hibernate: 
    select
        n1_0.id,
        n1_0.created_at,
        n1_0.deleted_at,
        n1_0.delivery_id,
        n1_0.isDeleted,
        n1_0.isRead,
        n1_0.message,
        n1_0.metadata,
        n1_0.order_id,
        n1_0.priority,
        n1_0.read_at,
        n1_0.related_entity_id,
        n1_0.restaurant_id,
        n1_0.title,
        n1_0.type,
        n1_0.userId 
    from
        notifications n1_0 
    where
        n1_0.userId=? 
        and n1_0.isDeleted=0 
    order by
        n1_0.created_at desc
2025-07-03 23:43:26.799 [pool-16-thread-9] DEBUG org.hibernate.SQL - 
    select
        n1_0.id,
        n1_0.created_at,
        n1_0.deleted_at,
        n1_0.delivery_id,
        n1_0.isDeleted,
        n1_0.isRead,
        n1_0.message,
        n1_0.metadata,
        n1_0.order_id,
        n1_0.priority,
        n1_0.read_at,
        n1_0.related_entity_id,
        n1_0.restaurant_id,
        n1_0.title,
        n1_0.type,
        n1_0.userId 
    from
        notifications n1_0 
    where
        n1_0.userId=? 
        and n1_0.isDeleted=0 
    order by
        n1_0.created_at desc
Hibernate: 
    select
        n1_0.id,
        n1_0.created_at,
        n1_0.deleted_at,
        n1_0.delivery_id,
        n1_0.isDeleted,
        n1_0.isRead,
        n1_0.message,
        n1_0.metadata,
        n1_0.order_id,
        n1_0.priority,
        n1_0.read_at,
        n1_0.related_entity_id,
        n1_0.restaurant_id,
        n1_0.title,
        n1_0.type,
        n1_0.userId 
    from
        notifications n1_0 
    where
        n1_0.userId=? 
        and n1_0.isDeleted=0 
    order by
        n1_0.created_at desc
2025-07-03 23:43:26.799 [pool-16-thread-3] DEBUG org.hibernate.SQL - 
    select
        u1_0.id,
        u1_0.address,
        u1_0.email,
        u1_0.full_name,
        u1_0.is_active,
        u1_0.password_hash,
        u1_0.phone,
        u1_0.role 
    from
        users u1_0 
    where
        u1_0.id=?
Hibernate: 
    select
        u1_0.id,
        u1_0.address,
        u1_0.email,
        u1_0.full_name,
        u1_0.is_active,
        u1_0.password_hash,
        u1_0.phone,
        u1_0.role 
    from
        users u1_0 
    where
        u1_0.id=?
2025-07-03 23:43:26.799 [pool-16-thread-3] DEBUG org.hibernate.SQL - 
    select
        n1_0.id,
        n1_0.created_at,
        n1_0.deleted_at,
        n1_0.delivery_id,
        n1_0.isDeleted,
        n1_0.isRead,
        n1_0.message,
        n1_0.metadata,
        n1_0.order_id,
        n1_0.priority,
        n1_0.read_at,
        n1_0.related_entity_id,
        n1_0.restaurant_id,
        n1_0.title,
        n1_0.type,
        n1_0.userId 
    from
        notifications n1_0 
    where
        n1_0.userId=? 
        and n1_0.isDeleted=0 
    order by
        n1_0.created_at desc
Hibernate: 
    select
        n1_0.id,
        n1_0.created_at,
        n1_0.deleted_at,
        n1_0.delivery_id,
        n1_0.isDeleted,
        n1_0.isRead,
        n1_0.message,
        n1_0.metadata,
        n1_0.order_id,
        n1_0.priority,
        n1_0.read_at,
        n1_0.related_entity_id,
        n1_0.restaurant_id,
        n1_0.title,
        n1_0.type,
        n1_0.userId 
    from
        notifications n1_0 
    where
        n1_0.userId=? 
        and n1_0.isDeleted=0 
    order by
        n1_0.created_at desc
2025-07-03 23:43:26.798 [pool-16-thread-8] DEBUG org.hibernate.SQL - 
    select
        n1_0.id,
        n1_0.created_at,
        n1_0.deleted_at,
        n1_0.delivery_id,
        n1_0.isDeleted,
        n1_0.isRead,
        n1_0.message,
        n1_0.metadata,
        n1_0.order_id,
        n1_0.priority,
        n1_0.read_at,
        n1_0.related_entity_id,
        n1_0.restaurant_id,
        n1_0.title,
        n1_0.type,
        n1_0.userId 
    from
        notifications n1_0 
    where
        n1_0.userId=? 
        and n1_0.isDeleted=0 
    order by
        n1_0.created_at desc
Hibernate: 
    select
        n1_0.id,
        n1_0.created_at,
        n1_0.deleted_at,
        n1_0.delivery_id,
        n1_0.isDeleted,
        n1_0.isRead,
        n1_0.message,
        n1_0.metadata,
        n1_0.order_id,
        n1_0.priority,
        n1_0.read_at,
        n1_0.related_entity_id,
        n1_0.restaurant_id,
        n1_0.title,
        n1_0.type,
        n1_0.userId 
    from
        notifications n1_0 
    where
        n1_0.userId=? 
        and n1_0.isDeleted=0 
    order by
        n1_0.created_at desc
2025-07-03 23:43:26.799 [pool-16-thread-5] DEBUG org.hibernate.SQL - 
    select
        u1_0.id,
        u1_0.address,
        u1_0.email,
        u1_0.full_name,
        u1_0.is_active,
        u1_0.password_hash,
        u1_0.phone,
        u1_0.role 
    from
        users u1_0 
    where
        u1_0.id=?
Hibernate: 
    select
        u1_0.id,
        u1_0.address,
        u1_0.email,
        u1_0.full_name,
        u1_0.is_active,
        u1_0.password_hash,
        u1_0.phone,
        u1_0.role 
    from
        users u1_0 
    where
        u1_0.id=?
2025-07-03 23:43:26.800 [pool-16-thread-5] DEBUG org.hibernate.SQL - 
    select
        n1_0.id,
        n1_0.created_at,
        n1_0.deleted_at,
        n1_0.delivery_id,
        n1_0.isDeleted,
        n1_0.isRead,
        n1_0.message,
        n1_0.metadata,
        n1_0.order_id,
        n1_0.priority,
        n1_0.read_at,
        n1_0.related_entity_id,
        n1_0.restaurant_id,
        n1_0.title,
        n1_0.type,
        n1_0.userId 
    from
        notifications n1_0 
    where
        n1_0.userId=? 
        and n1_0.isDeleted=0 
    order by
        n1_0.created_at desc
Hibernate: 
    select
        n1_0.id,
        n1_0.created_at,
        n1_0.deleted_at,
        n1_0.delivery_id,
        n1_0.isDeleted,
        n1_0.isRead,
        n1_0.message,
        n1_0.metadata,
        n1_0.order_id,
        n1_0.priority,
        n1_0.read_at,
        n1_0.related_entity_id,
        n1_0.restaurant_id,
        n1_0.title,
        n1_0.type,
        n1_0.userId 
    from
        notifications n1_0 
    where
        n1_0.userId=? 
        and n1_0.isDeleted=0 
    order by
        n1_0.created_at desc
2025-07-03 23:43:26.800 [main] DEBUG org.hibernate.SQL - 
    select
        u1_0.id,
        u1_0.address,
        u1_0.email,
        u1_0.full_name,
        u1_0.is_active,
        u1_0.password_hash,
        u1_0.phone,
        u1_0.role 
    from
        users u1_0 
    where
        u1_0.id=?
Hibernate: 
    select
        u1_0.id,
        u1_0.address,
        u1_0.email,
        u1_0.full_name,
        u1_0.is_active,
        u1_0.password_hash,
        u1_0.phone,
        u1_0.role 
    from
        users u1_0 
    where
        u1_0.id=?
2025-07-03 23:43:26.800 [main] DEBUG org.hibernate.SQL - 
    select
        n1_0.id,
        n1_0.created_at,
        n1_0.deleted_at,
        n1_0.delivery_id,
        n1_0.isDeleted,
        n1_0.isRead,
        n1_0.message,
        n1_0.metadata,
        n1_0.order_id,
        n1_0.priority,
        n1_0.read_at,
        n1_0.related_entity_id,
        n1_0.restaurant_id,
        n1_0.title,
        n1_0.type,
        n1_0.userId 
    from
        notifications n1_0 
    where
        n1_0.userId=? 
        and n1_0.isDeleted=0 
    order by
        n1_0.created_at desc
Hibernate: 
    select
        n1_0.id,
        n1_0.created_at,
        n1_0.deleted_at,
        n1_0.delivery_id,
        n1_0.isDeleted,
        n1_0.isRead,
        n1_0.message,
        n1_0.metadata,
        n1_0.order_id,
        n1_0.priority,
        n1_0.read_at,
        n1_0.related_entity_id,
        n1_0.restaurant_id,
        n1_0.title,
        n1_0.type,
        n1_0.userId 
    from
        notifications n1_0 
    where
        n1_0.userId=? 
        and n1_0.isDeleted=0 
    order by
        n1_0.created_at desc
Final notification count: 23
]]></system-out>
  </testcase>
</testsuite>