<?xml version="1.0" encoding="UTF-8"?>
<testsuite xmlns:xsi="http://www.w3.org/2001/XMLSchema-instance" xsi:noNamespaceSchemaLocation="https://maven.apache.org/surefire/maven-surefire-plugin/xsd/surefire-test-report-3.0.xsd" version="3.0" name="com.myapp.api.RegistrationApiTest$EdgeCases" time="0.27" tests="3" errors="0" skipped="0" failures="0">
  <properties>
    <property name="java.specification.version" value="21"/>
    <property name="sun.jnu.encoding" value="UTF-8"/>
    <property name="java.class.path" value="/workspace/backend/target/test-classes:/workspace/backend/target/classes:/home/ubuntu/.m2/repository/org/hibernate/orm/hibernate-core/6.4.0.Final/hibernate-core-6.4.0.Final.jar:/home/ubuntu/.m2/repository/jakarta/persistence/jakarta.persistence-api/3.1.0/jakarta.persistence-api-3.1.0.jar:/home/ubuntu/.m2/repository/jakarta/transaction/jakarta.transaction-api/2.0.1/jakarta.transaction-api-2.0.1.jar:/home/ubuntu/.m2/repository/org/jboss/logging/jboss-logging/3.5.0.Final/jboss-logging-3.5.0.Final.jar:/home/ubuntu/.m2/repository/org/hibernate/common/hibernate-commons-annotations/6.0.6.Final/hibernate-commons-annotations-6.0.6.Final.jar:/home/ubuntu/.m2/repository/io/smallrye/jandex/3.1.2/jandex-3.1.2.jar:/home/ubuntu/.m2/repository/com/fasterxml/classmate/1.5.1/classmate-1.5.1.jar:/home/ubuntu/.m2/repository/net/bytebuddy/byte-buddy/1.14.7/byte-buddy-1.14.7.jar:/home/ubuntu/.m2/repository/jakarta/xml/bind/jakarta.xml.bind-api/4.0.0/jakarta.xml.bind-api-4.0.0.jar:/home/ubuntu/.m2/repository/jakarta/activation/jakarta.activation-api/2.1.0/jakarta.activation-api-2.1.0.jar:/home/ubuntu/.m2/repository/org/glassfish/jaxb/jaxb-runtime/4.0.2/jaxb-runtime-4.0.2.jar:/home/ubuntu/.m2/repository/org/glassfish/jaxb/jaxb-core/4.0.2/jaxb-core-4.0.2.jar:/home/ubuntu/.m2/repository/org/eclipse/angus/angus-activation/2.0.0/angus-activation-2.0.0.jar:/home/ubuntu/.m2/repository/org/glassfish/jaxb/txw2/4.0.2/txw2-4.0.2.jar:/home/ubuntu/.m2/repository/com/sun/istack/istack-commons-runtime/4.1.1/istack-commons-runtime-4.1.1.jar:/home/ubuntu/.m2/repository/jakarta/inject/jakarta.inject-api/2.0.1/jakarta.inject-api-2.0.1.jar:/home/ubuntu/.m2/repository/org/antlr/antlr4-runtime/4.13.0/antlr4-runtime-4.13.0.jar:/home/ubuntu/.m2/repository/org/hibernate/orm/hibernate-community-dialects/6.2.13.Final/hibernate-community-dialects-6.2.13.Final.jar:/home/ubuntu/.m2/repository/org/xerial/sqlite-jdbc/3.44.0.0/sqlite-jdbc-3.44.0.0.jar:/home/ubuntu/.m2/repository/com/fasterxml/jackson/core/jackson-core/2.15.2/jackson-core-2.15.2.jar:/home/ubuntu/.m2/repository/com/fasterxml/jackson/core/jackson-databind/2.15.2/jackson-databind-2.15.2.jar:/home/ubuntu/.m2/repository/com/fasterxml/jackson/core/jackson-annotations/2.15.2/jackson-annotations-2.15.2.jar:/home/ubuntu/.m2/repository/org/slf4j/slf4j-api/2.0.9/slf4j-api-2.0.9.jar:/home/ubuntu/.m2/repository/ch/qos/logback/logback-classic/1.4.11/logback-classic-1.4.11.jar:/home/ubuntu/.m2/repository/ch/qos/logback/logback-core/1.4.11/logback-core-1.4.11.jar:/home/ubuntu/.m2/repository/org/mindrot/jbcrypt/0.4/jbcrypt-0.4.jar:/home/ubuntu/.m2/repository/io/jsonwebtoken/jjwt-api/0.12.3/jjwt-api-0.12.3.jar:/home/ubuntu/.m2/repository/io/jsonwebtoken/jjwt-impl/0.12.3/jjwt-impl-0.12.3.jar:/home/ubuntu/.m2/repository/io/jsonwebtoken/jjwt-jackson/0.12.3/jjwt-jackson-0.12.3.jar:/home/ubuntu/.m2/repository/org/junit/jupiter/junit-jupiter/5.10.0/junit-jupiter-5.10.0.jar:/home/ubuntu/.m2/repository/org/junit/jupiter/junit-jupiter-api/5.10.0/junit-jupiter-api-5.10.0.jar:/home/ubuntu/.m2/repository/org/opentest4j/opentest4j/1.3.0/opentest4j-1.3.0.jar:/home/ubuntu/.m2/repository/org/junit/platform/junit-platform-commons/1.10.0/junit-platform-commons-1.10.0.jar:/home/ubuntu/.m2/repository/org/apiguardian/apiguardian-api/1.1.2/apiguardian-api-1.1.2.jar:/home/ubuntu/.m2/repository/org/junit/jupiter/junit-jupiter-params/5.10.0/junit-jupiter-params-5.10.0.jar:/home/ubuntu/.m2/repository/org/junit/jupiter/junit-jupiter-engine/5.10.0/junit-jupiter-engine-5.10.0.jar:/home/ubuntu/.m2/repository/org/junit/platform/junit-platform-engine/1.10.0/junit-platform-engine-1.10.0.jar:/home/ubuntu/.m2/repository/org/mockito/mockito-core/5.7.0/mockito-core-5.7.0.jar:/home/ubuntu/.m2/repository/net/bytebuddy/byte-buddy-agent/1.14.9/byte-buddy-agent-1.14.9.jar:/home/ubuntu/.m2/repository/org/objenesis/objenesis/3.3/objenesis-3.3.jar:/home/ubuntu/.m2/repository/org/assertj/assertj-core/3.24.2/assertj-core-3.24.2.jar:/home/ubuntu/.m2/repository/com/h2database/h2/2.2.224/h2-2.2.224.jar:/home/ubuntu/.m2/repository/org/testcontainers/junit-jupiter/1.19.3/junit-jupiter-1.19.3.jar:/home/ubuntu/.m2/repository/org/testcontainers/testcontainers/1.19.3/testcontainers-1.19.3.jar:/home/ubuntu/.m2/repository/junit/junit/4.13.2/junit-4.13.2.jar:/home/ubuntu/.m2/repository/org/hamcrest/hamcrest-core/1.3/hamcrest-core-1.3.jar:/home/ubuntu/.m2/repository/org/apache/commons/commons-compress/1.24.0/commons-compress-1.24.0.jar:/home/ubuntu/.m2/repository/org/rnorth/duct-tape/duct-tape/1.0.8/duct-tape-1.0.8.jar:/home/ubuntu/.m2/repository/org/jetbrains/annotations/17.0.0/annotations-17.0.0.jar:/home/ubuntu/.m2/repository/com/github/docker-java/docker-java-api/3.3.4/docker-java-api-3.3.4.jar:/home/ubuntu/.m2/repository/com/github/docker-java/docker-java-transport-zerodep/3.3.4/docker-java-transport-zerodep-3.3.4.jar:/home/ubuntu/.m2/repository/com/github/docker-java/docker-java-transport/3.3.4/docker-java-transport-3.3.4.jar:/home/ubuntu/.m2/repository/net/java/dev/jna/jna/5.13.0/jna-5.13.0.jar:/home/ubuntu/.m2/repository/com/squareup/okhttp3/mockwebserver/4.11.0/mockwebserver-4.11.0.jar:/home/ubuntu/.m2/repository/com/squareup/okhttp3/okhttp/4.11.0/okhttp-4.11.0.jar:/home/ubuntu/.m2/repository/com/squareup/okio/okio/3.2.0/okio-3.2.0.jar:/home/ubuntu/.m2/repository/com/squareup/okio/okio-jvm/3.2.0/okio-jvm-3.2.0.jar:/home/ubuntu/.m2/repository/org/jetbrains/kotlin/kotlin-stdlib/1.6.20/kotlin-stdlib-1.6.20.jar:/home/ubuntu/.m2/repository/org/jetbrains/kotlin/kotlin-stdlib-common/1.6.20/kotlin-stdlib-common-1.6.20.jar:/home/ubuntu/.m2/repository/org/jetbrains/kotlin/kotlin-stdlib-jdk8/1.6.10/kotlin-stdlib-jdk8-1.6.10.jar:/home/ubuntu/.m2/repository/org/jetbrains/kotlin/kotlin-stdlib-jdk7/1.6.10/kotlin-stdlib-jdk7-1.6.10.jar:/home/ubuntu/.m2/repository/com/fasterxml/jackson/datatype/jackson-datatype-jsr310/2.15.2/jackson-datatype-jsr310-2.15.2.jar:"/>
    <property name="java.vm.vendor" value="Ubuntu"/>
    <property name="sun.arch.data.model" value="64"/>
    <property name="java.vendor.url" value="https://ubuntu.com/"/>
    <property name="user.timezone" value="UTC"/>
    <property name="os.name" value="Linux"/>
    <property name="java.vm.specification.version" value="21"/>
    <property name="sun.java.launcher" value="SUN_STANDARD"/>
    <property name="user.country" value="US"/>
    <property name="sun.boot.library.path" value="/usr/lib/jvm/java-21-openjdk-amd64/lib"/>
    <property name="sun.java.command" value="/workspace/backend/target/surefire/surefirebooter-20250703234215266_3.jar /workspace/backend/target/surefire 2025-07-03T23-42-09_523-jvmRun1 surefire-20250703234215266_1tmp surefire_0-20250703234215266_2tmp"/>
    <property name="jdk.debug" value="release"/>
    <property name="surefire.test.class.path" value="/workspace/backend/target/test-classes:/workspace/backend/target/classes:/home/ubuntu/.m2/repository/org/hibernate/orm/hibernate-core/6.4.0.Final/hibernate-core-6.4.0.Final.jar:/home/ubuntu/.m2/repository/jakarta/persistence/jakarta.persistence-api/3.1.0/jakarta.persistence-api-3.1.0.jar:/home/ubuntu/.m2/repository/jakarta/transaction/jakarta.transaction-api/2.0.1/jakarta.transaction-api-2.0.1.jar:/home/ubuntu/.m2/repository/org/jboss/logging/jboss-logging/3.5.0.Final/jboss-logging-3.5.0.Final.jar:/home/ubuntu/.m2/repository/org/hibernate/common/hibernate-commons-annotations/6.0.6.Final/hibernate-commons-annotations-6.0.6.Final.jar:/home/ubuntu/.m2/repository/io/smallrye/jandex/3.1.2/jandex-3.1.2.jar:/home/ubuntu/.m2/repository/com/fasterxml/classmate/1.5.1/classmate-1.5.1.jar:/home/ubuntu/.m2/repository/net/bytebuddy/byte-buddy/1.14.7/byte-buddy-1.14.7.jar:/home/ubuntu/.m2/repository/jakarta/xml/bind/jakarta.xml.bind-api/4.0.0/jakarta.xml.bind-api-4.0.0.jar:/home/ubuntu/.m2/repository/jakarta/activation/jakarta.activation-api/2.1.0/jakarta.activation-api-2.1.0.jar:/home/ubuntu/.m2/repository/org/glassfish/jaxb/jaxb-runtime/4.0.2/jaxb-runtime-4.0.2.jar:/home/ubuntu/.m2/repository/org/glassfish/jaxb/jaxb-core/4.0.2/jaxb-core-4.0.2.jar:/home/ubuntu/.m2/repository/org/eclipse/angus/angus-activation/2.0.0/angus-activation-2.0.0.jar:/home/ubuntu/.m2/repository/org/glassfish/jaxb/txw2/4.0.2/txw2-4.0.2.jar:/home/ubuntu/.m2/repository/com/sun/istack/istack-commons-runtime/4.1.1/istack-commons-runtime-4.1.1.jar:/home/ubuntu/.m2/repository/jakarta/inject/jakarta.inject-api/2.0.1/jakarta.inject-api-2.0.1.jar:/home/ubuntu/.m2/repository/org/antlr/antlr4-runtime/4.13.0/antlr4-runtime-4.13.0.jar:/home/ubuntu/.m2/repository/org/hibernate/orm/hibernate-community-dialects/6.2.13.Final/hibernate-community-dialects-6.2.13.Final.jar:/home/ubuntu/.m2/repository/org/xerial/sqlite-jdbc/3.44.0.0/sqlite-jdbc-3.44.0.0.jar:/home/ubuntu/.m2/repository/com/fasterxml/jackson/core/jackson-core/2.15.2/jackson-core-2.15.2.jar:/home/ubuntu/.m2/repository/com/fasterxml/jackson/core/jackson-databind/2.15.2/jackson-databind-2.15.2.jar:/home/ubuntu/.m2/repository/com/fasterxml/jackson/core/jackson-annotations/2.15.2/jackson-annotations-2.15.2.jar:/home/ubuntu/.m2/repository/org/slf4j/slf4j-api/2.0.9/slf4j-api-2.0.9.jar:/home/ubuntu/.m2/repository/ch/qos/logback/logback-classic/1.4.11/logback-classic-1.4.11.jar:/home/ubuntu/.m2/repository/ch/qos/logback/logback-core/1.4.11/logback-core-1.4.11.jar:/home/ubuntu/.m2/repository/org/mindrot/jbcrypt/0.4/jbcrypt-0.4.jar:/home/ubuntu/.m2/repository/io/jsonwebtoken/jjwt-api/0.12.3/jjwt-api-0.12.3.jar:/home/ubuntu/.m2/repository/io/jsonwebtoken/jjwt-impl/0.12.3/jjwt-impl-0.12.3.jar:/home/ubuntu/.m2/repository/io/jsonwebtoken/jjwt-jackson/0.12.3/jjwt-jackson-0.12.3.jar:/home/ubuntu/.m2/repository/org/junit/jupiter/junit-jupiter/5.10.0/junit-jupiter-5.10.0.jar:/home/ubuntu/.m2/repository/org/junit/jupiter/junit-jupiter-api/5.10.0/junit-jupiter-api-5.10.0.jar:/home/ubuntu/.m2/repository/org/opentest4j/opentest4j/1.3.0/opentest4j-1.3.0.jar:/home/ubuntu/.m2/repository/org/junit/platform/junit-platform-commons/1.10.0/junit-platform-commons-1.10.0.jar:/home/ubuntu/.m2/repository/org/apiguardian/apiguardian-api/1.1.2/apiguardian-api-1.1.2.jar:/home/ubuntu/.m2/repository/org/junit/jupiter/junit-jupiter-params/5.10.0/junit-jupiter-params-5.10.0.jar:/home/ubuntu/.m2/repository/org/junit/jupiter/junit-jupiter-engine/5.10.0/junit-jupiter-engine-5.10.0.jar:/home/ubuntu/.m2/repository/org/junit/platform/junit-platform-engine/1.10.0/junit-platform-engine-1.10.0.jar:/home/ubuntu/.m2/repository/org/mockito/mockito-core/5.7.0/mockito-core-5.7.0.jar:/home/ubuntu/.m2/repository/net/bytebuddy/byte-buddy-agent/1.14.9/byte-buddy-agent-1.14.9.jar:/home/ubuntu/.m2/repository/org/objenesis/objenesis/3.3/objenesis-3.3.jar:/home/ubuntu/.m2/repository/org/assertj/assertj-core/3.24.2/assertj-core-3.24.2.jar:/home/ubuntu/.m2/repository/com/h2database/h2/2.2.224/h2-2.2.224.jar:/home/ubuntu/.m2/repository/org/testcontainers/junit-jupiter/1.19.3/junit-jupiter-1.19.3.jar:/home/ubuntu/.m2/repository/org/testcontainers/testcontainers/1.19.3/testcontainers-1.19.3.jar:/home/ubuntu/.m2/repository/junit/junit/4.13.2/junit-4.13.2.jar:/home/ubuntu/.m2/repository/org/hamcrest/hamcrest-core/1.3/hamcrest-core-1.3.jar:/home/ubuntu/.m2/repository/org/apache/commons/commons-compress/1.24.0/commons-compress-1.24.0.jar:/home/ubuntu/.m2/repository/org/rnorth/duct-tape/duct-tape/1.0.8/duct-tape-1.0.8.jar:/home/ubuntu/.m2/repository/org/jetbrains/annotations/17.0.0/annotations-17.0.0.jar:/home/ubuntu/.m2/repository/com/github/docker-java/docker-java-api/3.3.4/docker-java-api-3.3.4.jar:/home/ubuntu/.m2/repository/com/github/docker-java/docker-java-transport-zerodep/3.3.4/docker-java-transport-zerodep-3.3.4.jar:/home/ubuntu/.m2/repository/com/github/docker-java/docker-java-transport/3.3.4/docker-java-transport-3.3.4.jar:/home/ubuntu/.m2/repository/net/java/dev/jna/jna/5.13.0/jna-5.13.0.jar:/home/ubuntu/.m2/repository/com/squareup/okhttp3/mockwebserver/4.11.0/mockwebserver-4.11.0.jar:/home/ubuntu/.m2/repository/com/squareup/okhttp3/okhttp/4.11.0/okhttp-4.11.0.jar:/home/ubuntu/.m2/repository/com/squareup/okio/okio/3.2.0/okio-3.2.0.jar:/home/ubuntu/.m2/repository/com/squareup/okio/okio-jvm/3.2.0/okio-jvm-3.2.0.jar:/home/ubuntu/.m2/repository/org/jetbrains/kotlin/kotlin-stdlib/1.6.20/kotlin-stdlib-1.6.20.jar:/home/ubuntu/.m2/repository/org/jetbrains/kotlin/kotlin-stdlib-common/1.6.20/kotlin-stdlib-common-1.6.20.jar:/home/ubuntu/.m2/repository/org/jetbrains/kotlin/kotlin-stdlib-jdk8/1.6.10/kotlin-stdlib-jdk8-1.6.10.jar:/home/ubuntu/.m2/repository/org/jetbrains/kotlin/kotlin-stdlib-jdk7/1.6.10/kotlin-stdlib-jdk7-1.6.10.jar:/home/ubuntu/.m2/repository/com/fasterxml/jackson/datatype/jackson-datatype-jsr310/2.15.2/jackson-datatype-jsr310-2.15.2.jar:"/>
    <property name="sun.cpu.endian" value="little"/>
    <property name="user.home" value="/home/ubuntu"/>
    <property name="user.language" value="en"/>
    <property name="java.specification.vendor" value="Oracle Corporation"/>
    <property name="java.version.date" value="2025-04-15"/>
    <property name="java.home" value="/usr/lib/jvm/java-21-openjdk-amd64"/>
    <property name="file.separator" value="/"/>
    <property name="basedir" value="/workspace/backend"/>
    <property name="java.vm.compressedOopsMode" value="32-bit"/>
    <property name="line.separator" value="&#10;"/>
    <property name="java.specification.name" value="Java Platform API Specification"/>
    <property name="java.vm.specification.vendor" value="Oracle Corporation"/>
    <property name="java.awt.headless" value="true"/>
    <property name="surefire.real.class.path" value="/workspace/backend/target/surefire/surefirebooter-20250703234215266_3.jar"/>
    <property name="sun.management.compiler" value="HotSpot 64-Bit Tiered Compilers"/>
    <property name="java.runtime.version" value="21.0.7+6-Ubuntu-0ubuntu125.04"/>
    <property name="user.name" value="ubuntu"/>
    <property name="stdout.encoding" value="UTF-8"/>
    <property name="path.separator" value=":"/>
    <property name="os.version" value="6.8.0-1024-aws"/>
    <property name="java.runtime.name" value="OpenJDK Runtime Environment"/>
    <property name="file.encoding" value="UTF-8"/>
    <property name="java.vm.name" value="OpenJDK 64-Bit Server VM"/>
    <property name="localRepository" value="/home/ubuntu/.m2/repository"/>
    <property name="java.vendor.url.bug" value="https://bugs.launchpad.net/ubuntu/+source/openjdk-21"/>
    <property name="java.io.tmpdir" value="/tmp"/>
    <property name="java.version" value="21.0.7"/>
    <property name="user.dir" value="/workspace/backend"/>
    <property name="os.arch" value="amd64"/>
    <property name="java.vm.specification.name" value="Java Virtual Machine Specification"/>
    <property name="native.encoding" value="UTF-8"/>
    <property name="java.library.path" value="/usr/java/packages/lib:/usr/lib/x86_64-linux-gnu/jni:/lib/x86_64-linux-gnu:/usr/lib/x86_64-linux-gnu:/usr/lib/jni:/lib:/usr/lib"/>
    <property name="java.vm.info" value="mixed mode, sharing"/>
    <property name="stderr.encoding" value="UTF-8"/>
    <property name="java.vendor" value="Ubuntu"/>
    <property name="java.vm.version" value="21.0.7+6-Ubuntu-0ubuntu125.04"/>
    <property name="sun.io.unicode.encoding" value="UnicodeLittle"/>
    <property name="java.class.version" value="65.0"/>
    <property name="app.profiles.active" value="test"/>
  </properties>
  <testcase name="registerUser_numericName_handled" classname="com.myapp.api.RegistrationApiTest$EdgeCases" time="0.253">
    <system-out><![CDATA[23:42:17,086 |-INFO in ch.qos.logback.classic.LoggerContext[default] - This is logback-classic version 1.4.11
23:42:17,087 |-INFO in ch.qos.logback.classic.util.ContextInitializer@521ba38f - No custom configurators were discovered as a service.
23:42:17,087 |-INFO in ch.qos.logback.classic.util.ContextInitializer@521ba38f - Trying to configure with ch.qos.logback.classic.joran.SerializedModelConfigurator
23:42:17,088 |-INFO in ch.qos.logback.classic.util.ContextInitializer@521ba38f - Constructed configurator of type class ch.qos.logback.classic.joran.SerializedModelConfigurator
23:42:17,099 |-INFO in ch.qos.logback.classic.LoggerContext[default] - Could NOT find resource [logback-test.scmo]
23:42:17,100 |-INFO in ch.qos.logback.classic.LoggerContext[default] - Could NOT find resource [logback.scmo]
23:42:17,104 |-INFO in ch.qos.logback.classic.util.ContextInitializer@521ba38f - ch.qos.logback.classic.joran.SerializedModelConfigurator.configure() call lasted 12 milliseconds. ExecutionStatus=INVOKE_NEXT_IF_ANY
23:42:17,104 |-INFO in ch.qos.logback.classic.util.ContextInitializer@521ba38f - Trying to configure with ch.qos.logback.classic.util.DefaultJoranConfigurator
23:42:17,104 |-INFO in ch.qos.logback.classic.util.ContextInitializer@521ba38f - Constructed configurator of type class ch.qos.logback.classic.util.DefaultJoranConfigurator
23:42:17,104 |-INFO in ch.qos.logback.classic.LoggerContext[default] - Could NOT find resource [logback-test.xml]
23:42:17,105 |-INFO in ch.qos.logback.classic.LoggerContext[default] - Found resource [logback.xml] at [file:/workspace/backend/target/classes/logback.xml]
23:42:17,165 |-INFO in ch.qos.logback.core.model.processor.AppenderModelHandler - Processing appender named [CONSOLE]
23:42:17,165 |-INFO in ch.qos.logback.core.model.processor.AppenderModelHandler - About to instantiate appender of type [ch.qos.logback.core.ConsoleAppender]
23:42:17,168 |-INFO in ch.qos.logback.core.model.processor.ImplicitModelHandler - Assuming default type [ch.qos.logback.classic.encoder.PatternLayoutEncoder] for [encoder] property
23:42:17,178 |-INFO in ch.qos.logback.core.model.processor.AppenderModelHandler - Processing appender named [FILE]
23:42:17,178 |-INFO in ch.qos.logback.core.model.processor.AppenderModelHandler - About to instantiate appender of type [ch.qos.logback.core.rolling.RollingFileAppender]
23:42:17,181 |-WARN in ch.qos.logback.core.model.processor.ImplicitModelHandler - Ignoring unknown property [maxFileSize] in [ch.qos.logback.core.rolling.TimeBasedRollingPolicy]
23:42:17,183 |-INFO in c.q.l.core.rolling.TimeBasedRollingPolicy@545707113 - setting totalSizeCap to 300 MB
23:42:17,184 |-INFO in c.q.l.core.rolling.TimeBasedRollingPolicy@545707113 - No compression will be used
23:42:17,184 |-INFO in c.q.l.core.rolling.TimeBasedRollingPolicy@545707113 - Will use the pattern logs/food-ordering-app.%d{yyyy-MM-dd}.%i.log for the active file
23:42:17,186 |-INFO in c.q.l.core.rolling.DefaultTimeBasedFileNamingAndTriggeringPolicy - The date pattern is 'yyyy-MM-dd' from file name pattern 'logs/food-ordering-app.%d{yyyy-MM-dd}.%i.log'.
23:42:17,186 |-INFO in c.q.l.core.rolling.DefaultTimeBasedFileNamingAndTriggeringPolicy - Roll-over at midnight.
23:42:17,187 |-INFO in c.q.l.core.rolling.DefaultTimeBasedFileNamingAndTriggeringPolicy - Setting initial period to 2025-07-03T23:42:17.186Z
23:42:17,187 |-ERROR in c.q.l.core.rolling.DefaultTimeBasedFileNamingAndTriggeringPolicy - Filename pattern [logs/food-ordering-app.%d{yyyy-MM-dd}.%i.log] contains an integer token converter, i.e. %i, INCOMPATIBLE with this configuration. Remove it.
23:42:17,187 |-WARN in c.q.l.core.rolling.TimeBasedRollingPolicy@545707113 - Subcomponent did not start. TimeBasedRollingPolicy will not start.
23:42:17,187 |-INFO in ch.qos.logback.core.model.processor.ImplicitModelHandler - Assuming default type [ch.qos.logback.classic.encoder.PatternLayoutEncoder] for [encoder] property
23:42:17,187 |-WARN in ch.qos.logback.core.rolling.RollingFileAppender[FILE] - TriggeringPolicy has not started. RollingFileAppender will not start
23:42:17,187 |-INFO in ch.qos.logback.core.model.processor.AppenderModelHandler - Processing appender named [ERROR_FILE]
23:42:17,187 |-INFO in ch.qos.logback.core.model.processor.AppenderModelHandler - About to instantiate appender of type [ch.qos.logback.core.rolling.RollingFileAppender]
23:42:17,188 |-WARN in ch.qos.logback.core.model.processor.ImplicitModelHandler - Ignoring unknown property [maxFileSize] in [ch.qos.logback.core.rolling.TimeBasedRollingPolicy]
23:42:17,188 |-INFO in c.q.l.core.rolling.TimeBasedRollingPolicy@186456575 - No compression will be used
23:42:17,188 |-INFO in c.q.l.core.rolling.TimeBasedRollingPolicy@186456575 - Will use the pattern logs/food-ordering-app-error.%d{yyyy-MM-dd}.%i.log for the active file
23:42:17,188 |-INFO in c.q.l.core.rolling.DefaultTimeBasedFileNamingAndTriggeringPolicy - The date pattern is 'yyyy-MM-dd' from file name pattern 'logs/food-ordering-app-error.%d{yyyy-MM-dd}.%i.log'.
23:42:17,188 |-INFO in c.q.l.core.rolling.DefaultTimeBasedFileNamingAndTriggeringPolicy - Roll-over at midnight.
23:42:17,189 |-INFO in c.q.l.core.rolling.DefaultTimeBasedFileNamingAndTriggeringPolicy - Setting initial period to 2025-07-03T23:42:17.189Z
23:42:17,189 |-ERROR in c.q.l.core.rolling.DefaultTimeBasedFileNamingAndTriggeringPolicy - Filename pattern [logs/food-ordering-app-error.%d{yyyy-MM-dd}.%i.log] contains an integer token converter, i.e. %i, INCOMPATIBLE with this configuration. Remove it.
23:42:17,189 |-WARN in c.q.l.core.rolling.TimeBasedRollingPolicy@186456575 - Subcomponent did not start. TimeBasedRollingPolicy will not start.
23:42:17,189 |-INFO in ch.qos.logback.core.model.processor.ImplicitModelHandler - Assuming default type [ch.qos.logback.classic.encoder.PatternLayoutEncoder] for [encoder] property
23:42:17,189 |-WARN in ch.qos.logback.core.rolling.RollingFileAppender[ERROR_FILE] - TriggeringPolicy has not started. RollingFileAppender will not start
23:42:17,189 |-INFO in ch.qos.logback.core.model.processor.AppenderModelHandler - Processing appender named [TEST_FILE]
23:42:17,189 |-INFO in ch.qos.logback.core.model.processor.AppenderModelHandler - About to instantiate appender of type [ch.qos.logback.core.rolling.RollingFileAppender]
23:42:17,189 |-INFO in c.q.l.core.rolling.TimeBasedRollingPolicy@398802427 - No compression will be used
23:42:17,189 |-INFO in c.q.l.core.rolling.TimeBasedRollingPolicy@398802427 - Will use the pattern logs/tests.%d{yyyy-MM-dd}.log for the active file
23:42:17,189 |-INFO in c.q.l.core.rolling.DefaultTimeBasedFileNamingAndTriggeringPolicy - The date pattern is 'yyyy-MM-dd' from file name pattern 'logs/tests.%d{yyyy-MM-dd}.log'.
23:42:17,189 |-INFO in c.q.l.core.rolling.DefaultTimeBasedFileNamingAndTriggeringPolicy - Roll-over at midnight.
23:42:17,189 |-INFO in c.q.l.core.rolling.DefaultTimeBasedFileNamingAndTriggeringPolicy - Setting initial period to 2025-07-03T23:37:48.313Z
23:42:17,190 |-INFO in ch.qos.logback.core.model.processor.ImplicitModelHandler - Assuming default type [ch.qos.logback.classic.encoder.PatternLayoutEncoder] for [encoder] property
23:42:17,191 |-INFO in ch.qos.logback.core.rolling.RollingFileAppender[TEST_FILE] - Active log file name: logs/tests.log
23:42:17,192 |-INFO in ch.qos.logback.core.rolling.RollingFileAppender[TEST_FILE] - File property is set to [logs/tests.log]
23:42:17,192 |-INFO in ch.qos.logback.core.model.processor.AppenderModelHandler - Processing appender named [PERFORMANCE_FILE]
23:42:17,192 |-INFO in ch.qos.logback.core.model.processor.AppenderModelHandler - About to instantiate appender of type [ch.qos.logback.core.rolling.RollingFileAppender]
23:42:17,192 |-INFO in c.q.l.core.rolling.TimeBasedRollingPolicy@407757655 - No compression will be used
23:42:17,192 |-INFO in c.q.l.core.rolling.TimeBasedRollingPolicy@407757655 - Will use the pattern logs/performance.%d{yyyy-MM-dd}.log for the active file
23:42:17,192 |-INFO in c.q.l.core.rolling.DefaultTimeBasedFileNamingAndTriggeringPolicy - The date pattern is 'yyyy-MM-dd' from file name pattern 'logs/performance.%d{yyyy-MM-dd}.log'.
23:42:17,192 |-INFO in c.q.l.core.rolling.DefaultTimeBasedFileNamingAndTriggeringPolicy - Roll-over at midnight.
23:42:17,193 |-INFO in c.q.l.core.rolling.DefaultTimeBasedFileNamingAndTriggeringPolicy - Setting initial period to 2025-07-03T23:37:48.313Z
23:42:17,193 |-INFO in ch.qos.logback.core.model.processor.ImplicitModelHandler - Assuming default type [ch.qos.logback.classic.encoder.PatternLayoutEncoder] for [encoder] property
23:42:17,193 |-INFO in ch.qos.logback.core.rolling.RollingFileAppender[PERFORMANCE_FILE] - Active log file name: logs/performance.log
23:42:17,193 |-INFO in ch.qos.logback.core.rolling.RollingFileAppender[PERFORMANCE_FILE] - File property is set to [logs/performance.log]
23:42:17,193 |-INFO in ch.qos.logback.core.model.processor.AppenderModelHandler - Processing appender named [SECURITY_FILE]
23:42:17,193 |-INFO in ch.qos.logback.core.model.processor.AppenderModelHandler - About to instantiate appender of type [ch.qos.logback.core.rolling.RollingFileAppender]
23:42:17,193 |-INFO in c.q.l.core.rolling.TimeBasedRollingPolicy@251546027 - No compression will be used
23:42:17,193 |-INFO in c.q.l.core.rolling.TimeBasedRollingPolicy@251546027 - Will use the pattern logs/security.%d{yyyy-MM-dd}.log for the active file
23:42:17,193 |-INFO in c.q.l.core.rolling.DefaultTimeBasedFileNamingAndTriggeringPolicy - The date pattern is 'yyyy-MM-dd' from file name pattern 'logs/security.%d{yyyy-MM-dd}.log'.
23:42:17,193 |-INFO in c.q.l.core.rolling.DefaultTimeBasedFileNamingAndTriggeringPolicy - Roll-over at midnight.
23:42:17,194 |-INFO in c.q.l.core.rolling.DefaultTimeBasedFileNamingAndTriggeringPolicy - Setting initial period to 2025-07-03T23:37:48.313Z
23:42:17,194 |-INFO in ch.qos.logback.core.model.processor.ImplicitModelHandler - Assuming default type [ch.qos.logback.classic.encoder.PatternLayoutEncoder] for [encoder] property
23:42:17,194 |-INFO in ch.qos.logback.core.rolling.RollingFileAppender[SECURITY_FILE] - Active log file name: logs/security.log
23:42:17,194 |-INFO in ch.qos.logback.core.rolling.RollingFileAppender[SECURITY_FILE] - File property is set to [logs/security.log]
23:42:17,194 |-INFO in ch.qos.logback.core.model.processor.AppenderModelHandler - Processing appender named [ASYNC_FILE]
23:42:17,194 |-INFO in ch.qos.logback.core.model.processor.AppenderModelHandler - About to instantiate appender of type [ch.qos.logback.classic.AsyncAppender]
23:42:17,195 |-INFO in ch.qos.logback.core.model.processor.AppenderRefModelHandler - Attaching appender named [FILE] to ch.qos.logback.classic.AsyncAppender[ASYNC_FILE]
23:42:17,195 |-INFO in ch.qos.logback.classic.AsyncAppender[ASYNC_FILE] - Attaching appender named [FILE] to AsyncAppender.
23:42:17,195 |-INFO in ch.qos.logback.classic.AsyncAppender[ASYNC_FILE] - Setting discardingThreshold to 0
23:42:17,196 |-INFO in ch.qos.logback.classic.model.processor.RootLoggerModelHandler - Setting level of ROOT logger to INFO
23:42:17,196 |-INFO in ch.qos.logback.core.model.processor.AppenderRefModelHandler - Attaching appender named [CONSOLE] to Logger[ROOT]
23:42:17,196 |-INFO in ch.qos.logback.core.model.processor.AppenderRefModelHandler - Attaching appender named [ASYNC_FILE] to Logger[ROOT]
23:42:17,196 |-INFO in ch.qos.logback.core.model.processor.AppenderRefModelHandler - Attaching appender named [ERROR_FILE] to Logger[ROOT]
23:42:17,196 |-INFO in ch.qos.logback.classic.model.processor.LoggerModelHandler - Setting level of logger [com.myapp] to DEBUG
23:42:17,197 |-INFO in ch.qos.logback.classic.model.processor.LoggerModelHandler - Setting additivity of logger [com.myapp] to false
23:42:17,197 |-INFO in ch.qos.logback.core.model.processor.AppenderRefModelHandler - Attaching appender named [CONSOLE] to Logger[com.myapp]
23:42:17,197 |-INFO in ch.qos.logback.core.model.processor.AppenderRefModelHandler - Attaching appender named [ASYNC_FILE] to Logger[com.myapp]
23:42:17,197 |-INFO in ch.qos.logback.core.model.processor.AppenderRefModelHandler - Attaching appender named [ERROR_FILE] to Logger[com.myapp]
23:42:17,197 |-INFO in ch.qos.logback.classic.model.processor.LoggerModelHandler - Setting level of logger [com.myapp.auth.JWTEndToEndTest] to INFO
23:42:17,197 |-INFO in ch.qos.logback.classic.model.processor.LoggerModelHandler - Setting additivity of logger [com.myapp.auth.JWTEndToEndTest] to false
23:42:17,197 |-INFO in ch.qos.logback.core.model.processor.AppenderRefModelHandler - Attaching appender named [TEST_FILE] to Logger[com.myapp.auth.JWTEndToEndTest]
23:42:17,197 |-INFO in ch.qos.logback.core.model.processor.AppenderRefModelHandler - Attaching appender named [CONSOLE] to Logger[com.myapp.auth.JWTEndToEndTest]
23:42:17,197 |-INFO in ch.qos.logback.classic.model.processor.LoggerModelHandler - Setting level of logger [com.myapp.auth.JWTMissingScenarios] to INFO
23:42:17,197 |-INFO in ch.qos.logback.classic.model.processor.LoggerModelHandler - Setting additivity of logger [com.myapp.auth.JWTMissingScenarios] to false
23:42:17,197 |-INFO in ch.qos.logback.core.model.processor.AppenderRefModelHandler - Attaching appender named [TEST_FILE] to Logger[com.myapp.auth.JWTMissingScenarios]
23:42:17,197 |-INFO in ch.qos.logback.core.model.processor.AppenderRefModelHandler - Attaching appender named [CONSOLE] to Logger[com.myapp.auth.JWTMissingScenarios]
23:42:17,197 |-INFO in ch.qos.logback.classic.model.processor.LoggerModelHandler - Setting level of logger [com.myapp.auth.JWTComprehensiveTest] to INFO
23:42:17,197 |-INFO in ch.qos.logback.classic.model.processor.LoggerModelHandler - Setting additivity of logger [com.myapp.auth.JWTComprehensiveTest] to false
23:42:17,197 |-INFO in ch.qos.logback.core.model.processor.AppenderRefModelHandler - Attaching appender named [TEST_FILE] to Logger[com.myapp.auth.JWTComprehensiveTest]
23:42:17,197 |-INFO in ch.qos.logback.core.model.processor.AppenderRefModelHandler - Attaching appender named [CONSOLE] to Logger[com.myapp.auth.JWTComprehensiveTest]
23:42:17,197 |-INFO in ch.qos.logback.classic.model.processor.LoggerModelHandler - Setting level of logger [performance] to INFO
23:42:17,197 |-INFO in ch.qos.logback.classic.model.processor.LoggerModelHandler - Setting additivity of logger [performance] to false
23:42:17,197 |-INFO in ch.qos.logback.core.model.processor.AppenderRefModelHandler - Attaching appender named [PERFORMANCE_FILE] to Logger[performance]
23:42:17,197 |-INFO in ch.qos.logback.classic.model.processor.LoggerModelHandler - Setting level of logger [security] to INFO
23:42:17,197 |-INFO in ch.qos.logback.classic.model.processor.LoggerModelHandler - Setting additivity of logger [security] to false
23:42:17,197 |-INFO in ch.qos.logback.core.model.processor.AppenderRefModelHandler - Attaching appender named [SECURITY_FILE] to Logger[security]
23:42:17,197 |-INFO in ch.qos.logback.core.model.processor.AppenderRefModelHandler - Attaching appender named [CONSOLE] to Logger[security]
23:42:17,197 |-INFO in ch.qos.logback.classic.model.processor.LoggerModelHandler - Setting level of logger [com.myapp.common.utils.DatabaseUtil] to DEBUG
23:42:17,197 |-INFO in ch.qos.logback.classic.model.processor.LoggerModelHandler - Setting additivity of logger [com.myapp.common.utils.DatabaseUtil] to false
23:42:17,197 |-INFO in ch.qos.logback.core.model.processor.AppenderRefModelHandler - Attaching appender named [CONSOLE] to Logger[com.myapp.common.utils.DatabaseUtil]
23:42:17,197 |-INFO in ch.qos.logback.core.model.processor.AppenderRefModelHandler - Attaching appender named [ASYNC_FILE] to Logger[com.myapp.common.utils.DatabaseUtil]
23:42:17,198 |-INFO in ch.qos.logback.classic.model.processor.LoggerModelHandler - Setting level of logger [com.sun.net.httpserver] to WARN
23:42:17,198 |-INFO in ch.qos.logback.classic.model.processor.LoggerModelHandler - Setting level of logger [org.hibernate] to WARN
23:42:17,198 |-INFO in ch.qos.logback.classic.model.processor.LoggerModelHandler - Setting level of logger [org.hibernate.SQL] to DEBUG
23:42:17,198 |-INFO in ch.qos.logback.classic.model.processor.LoggerModelHandler - Setting level of logger [org.hibernate.type.descriptor.sql.BasicBinder] to TRACE
23:42:17,198 |-INFO in ch.qos.logback.classic.model.processor.LoggerModelHandler - Setting level of logger [org.sqlite] to WARN
23:42:17,198 |-INFO in ch.qos.logback.classic.model.processor.LoggerModelHandler - Setting level of logger [com.fasterxml.jackson] to WARN
23:42:17,198 |-INFO in ch.qos.logback.classic.model.processor.LoggerModelHandler - Setting level of logger [org.testfx] to WARN
23:42:17,198 |-INFO in ch.qos.logback.classic.model.processor.LoggerModelHandler - Setting level of logger [org.springframework] to WARN
23:42:17,198 |-INFO in ch.qos.logback.classic.model.processor.LoggerModelHandler - Setting level of logger [io.netty] to WARN
23:42:17,198 |-INFO in ch.qos.logback.core.model.processor.DefaultProcessor@6dcf7b6a - End of configuration.
23:42:17,198 |-INFO in ch.qos.logback.classic.joran.JoranConfigurator@53dba9cd - Registering current configuration as safe fallback point
23:42:17,198 |-INFO in ch.qos.logback.classic.util.ContextInitializer@521ba38f - ch.qos.logback.classic.util.DefaultJoranConfigurator.configure() call lasted 94 milliseconds. ExecutionStatus=DO_NOT_INVOKE_NEXT_IF_ANY

2025-07-03 23:42:17.240 [main] WARN  org.hibernate.orm.deprecation - HHH90000012: Recognized obsolete hibernate namespace http://hibernate.sourceforge.net/hibernate-configuration. Use namespace http://www.hibernate.org/dtd/hibernate-configuration instead.  Support for obsolete DTD/XSD namespaces may be removed at any time.
2025-07-03 23:42:17.432 [main] WARN  o.hibernate.orm.connections.pooling - HHH10001002: Using built-in connection pool (not intended for production use)
2025-07-03 23:42:17.940 [main] DEBUG org.hibernate.SQL - 
    create table HTE_ratings(helpful_count integer, is_verified boolean, rating_score integer, rn_ integer not null, created_at timestamp, id bigint, restaurant_id bigint, updated_at timestamp, user_id bigint, hib_sess_id char(36) not null, review_text varchar(1000), primary key (rn_, hib_sess_id))
Hibernate: 
    create table HTE_ratings(helpful_count integer, is_verified boolean, rating_score integer, rn_ integer not null, created_at timestamp, id bigint, restaurant_id bigint, updated_at timestamp, user_id bigint, hib_sess_id char(36) not null, review_text varchar(1000), primary key (rn_, hib_sess_id))
2025-07-03 23:42:17.944 [main] DEBUG org.hibernate.SQL - 
    create table HTE_notifications(isDeleted boolean, isRead boolean, rn_ integer not null, created_at timestamp, deleted_at timestamp, delivery_id bigint, id bigint, order_id bigint, read_at timestamp, related_entity_id bigint, restaurant_id bigint, userId bigint, hib_sess_id char(36) not null, title varchar(100), message varchar(500), metadata varchar(1000), priority varchar(255), type varchar(255), primary key (rn_, hib_sess_id))
Hibernate: 
    create table HTE_notifications(isDeleted boolean, isRead boolean, rn_ integer not null, created_at timestamp, deleted_at timestamp, delivery_id bigint, id bigint, order_id bigint, read_at timestamp, related_entity_id bigint, restaurant_id bigint, userId bigint, hib_sess_id char(36) not null, title varchar(100), message varchar(500), metadata varchar(1000), priority varchar(255), type varchar(255), primary key (rn_, hib_sess_id))
2025-07-03 23:42:17.945 [main] DEBUG org.hibernate.SQL - 
    create table HTE_deliveries(rn_ integer not null, assigned_at timestamp, courier_id bigint, delivered_at timestamp, delivery_fee float, distance_km float, estimated_delivery_time timestamp, estimated_pickup_time timestamp, id bigint, order_id bigint, picked_up_at timestamp, hib_sess_id char(36) not null, courier_notes varchar(1000), delivery_notes varchar(1000), status varchar(255), primary key (rn_, hib_sess_id))
Hibernate: 
    create table HTE_deliveries(rn_ integer not null, assigned_at timestamp, courier_id bigint, delivered_at timestamp, delivery_fee float, distance_km float, estimated_delivery_time timestamp, estimated_pickup_time timestamp, id bigint, order_id bigint, picked_up_at timestamp, hib_sess_id char(36) not null, courier_notes varchar(1000), delivery_notes varchar(1000), status varchar(255), primary key (rn_, hib_sess_id))
2025-07-03 23:42:17.945 [main] DEBUG org.hibernate.SQL - 
    create table HTE_restaurants(rn_ integer not null, id bigint, owner_id bigint, hib_sess_id char(36) not null, address varchar(255), name varchar(255), phone varchar(255), status varchar(255), primary key (rn_, hib_sess_id))
Hibernate: 
    create table HTE_restaurants(rn_ integer not null, id bigint, owner_id bigint, hib_sess_id char(36) not null, address varchar(255), name varchar(255), phone varchar(255), status varchar(255), primary key (rn_, hib_sess_id))
2025-07-03 23:42:17.945 [main] DEBUG org.hibernate.SQL - 
    create table HTE_favorites(rn_ integer not null, created_at timestamp, id bigint, restaurant_id bigint, user_id bigint, hib_sess_id char(36) not null, notes varchar(500), primary key (rn_, hib_sess_id))
Hibernate: 
    create table HTE_favorites(rn_ integer not null, created_at timestamp, id bigint, restaurant_id bigint, user_id bigint, hib_sess_id char(36) not null, notes varchar(500), primary key (rn_, hib_sess_id))
2025-07-03 23:42:17.946 [main] DEBUG org.hibernate.SQL - 
    create table HTE_order_items(quantity integer, rn_ integer not null, food_item_id bigint, id bigint, order_id bigint, price float, hib_sess_id char(36) not null, primary key (rn_, hib_sess_id))
Hibernate: 
    create table HTE_order_items(quantity integer, rn_ integer not null, food_item_id bigint, id bigint, order_id bigint, price float, hib_sess_id char(36) not null, primary key (rn_, hib_sess_id))
2025-07-03 23:42:17.946 [main] DEBUG org.hibernate.SQL - 
    create table HTE_orders(rn_ integer not null, actual_delivery_time timestamp, customer_id bigint, estimated_delivery_time timestamp, id bigint, order_date timestamp, restaurant_id bigint, total_amount float, phone varchar(15), status varchar(20), hib_sess_id char(36) not null, delivery_address varchar(500), notes varchar(500), primary key (rn_, hib_sess_id))
Hibernate: 
    create table HTE_orders(rn_ integer not null, actual_delivery_time timestamp, customer_id bigint, estimated_delivery_time timestamp, id bigint, order_date timestamp, restaurant_id bigint, total_amount float, phone varchar(15), status varchar(20), hib_sess_id char(36) not null, delivery_address varchar(500), notes varchar(500), primary key (rn_, hib_sess_id))
2025-07-03 23:42:17.947 [main] DEBUG org.hibernate.SQL - 
    create table HTE_users(is_active boolean, rn_ integer not null, id bigint, hib_sess_id char(36) not null, address varchar(255), email varchar(255), full_name varchar(255), password_hash varchar(255), phone varchar(255), role varchar(255), primary key (rn_, hib_sess_id))
Hibernate: 
    create table HTE_users(is_active boolean, rn_ integer not null, id bigint, hib_sess_id char(36) not null, address varchar(255), email varchar(255), full_name varchar(255), password_hash varchar(255), phone varchar(255), role varchar(255), primary key (rn_, hib_sess_id))
2025-07-03 23:42:17.947 [main] DEBUG org.hibernate.SQL - 
    create table HTE_coupon_usage(is_active boolean, rn_ integer not null, coupon_id bigint, discount_amount float, id bigint, order_amount float, order_id bigint, reverted_at timestamp, used_at timestamp, user_id bigint, hib_sess_id char(36) not null, primary key (rn_, hib_sess_id))
Hibernate: 
    create table HTE_coupon_usage(is_active boolean, rn_ integer not null, coupon_id bigint, discount_amount float, id bigint, order_amount float, order_id bigint, reverted_at timestamp, used_at timestamp, user_id bigint, hib_sess_id char(36) not null, primary key (rn_, hib_sess_id))
2025-07-03 23:42:17.947 [main] DEBUG org.hibernate.SQL - 
    create table HTE_food_items(available boolean, quantity integer, rn_ integer not null, id bigint, price float, restaurant_id bigint, hib_sess_id char(36) not null, category varchar(50), name varchar(100), description varchar(500), image_url varchar(255), keywords varchar(255), primary key (rn_, hib_sess_id))
Hibernate: 
    create table HTE_food_items(available boolean, quantity integer, rn_ integer not null, id bigint, price float, restaurant_id bigint, hib_sess_id char(36) not null, category varchar(50), name varchar(100), description varchar(500), image_url varchar(255), keywords varchar(255), primary key (rn_, hib_sess_id))
2025-07-03 23:42:17.948 [main] DEBUG org.hibernate.SQL - 
    create table HTE_coupons(is_active boolean, per_user_limit integer, rn_ integer not null, usage_limit integer, used_count integer, created_at timestamp, created_by bigint, id bigint, max_discount_amount float, min_order_amount float, restaurant_id bigint, updated_at timestamp, valid_from timestamp, valid_until timestamp, value float, hib_sess_id char(36) not null, code varchar(50), description varchar(255), type varchar(255), primary key (rn_, hib_sess_id))
Hibernate: 
    create table HTE_coupons(is_active boolean, per_user_limit integer, rn_ integer not null, usage_limit integer, used_count integer, created_at timestamp, created_by bigint, id bigint, max_discount_amount float, min_order_amount float, restaurant_id bigint, updated_at timestamp, valid_from timestamp, valid_until timestamp, value float, hib_sess_id char(36) not null, code varchar(50), description varchar(255), type varchar(255), primary key (rn_, hib_sess_id))
2025-07-03 23:42:17.948 [main] DEBUG org.hibernate.SQL - 
    create table HTE_transactions(rn_ integer not null, amount float, created_at timestamp, id bigint, order_id bigint, processed_at timestamp, updated_at timestamp, user_id bigint, hib_sess_id char(36) not null, payment_method varchar(50), reference_id varchar(100), description varchar(500), status varchar(255), type varchar(255), primary key (rn_, hib_sess_id))
Hibernate: 
    create table HTE_transactions(rn_ integer not null, amount float, created_at timestamp, id bigint, order_id bigint, processed_at timestamp, updated_at timestamp, user_id bigint, hib_sess_id char(36) not null, payment_method varchar(50), reference_id varchar(100), description varchar(500), status varchar(255), type varchar(255), primary key (rn_, hib_sess_id))
2025-07-03 23:42:18.191 [main] DEBUG org.hibernate.SQL - 
    delete 
    from
        users
Hibernate: 
    delete 
    from
        users
2025-07-03 23:42:18.253 [main] DEBUG org.hibernate.SQL - 
    select
        u1_0.id,
        u1_0.address,
        u1_0.email,
        u1_0.full_name,
        u1_0.is_active,
        u1_0.password_hash,
        u1_0.phone,
        u1_0.role 
    from
        users u1_0 
    where
        u1_0.phone=?
Hibernate: 
    select
        u1_0.id,
        u1_0.address,
        u1_0.email,
        u1_0.full_name,
        u1_0.is_active,
        u1_0.password_hash,
        u1_0.phone,
        u1_0.role 
    from
        users u1_0 
    where
        u1_0.phone=?
2025-07-03 23:42:18.258 [main] DEBUG org.hibernate.SQL - 
    select
        next_val as id_val 
    from
        users_SEQ
Hibernate: 
    select
        next_val as id_val 
    from
        users_SEQ
2025-07-03 23:42:18.259 [main] DEBUG org.hibernate.SQL - 
    update
        users_SEQ 
    set
        next_val= ? 
    where
        next_val=?
Hibernate: 
    update
        users_SEQ 
    set
        next_val= ? 
    where
        next_val=?
2025-07-03 23:42:18.273 [main] DEBUG org.hibernate.SQL - 
    insert 
    into
        users
        (address, email, full_name, is_active, password_hash, phone, role, id) 
    values
        (?, ?, ?, ?, ?, ?, ?, ?)
Hibernate: 
    insert 
    into
        users
        (address, email, full_name, is_active, password_hash, phone, role, id) 
    values
        (?, ?, ?, ?, ?, ?, ?, ?)
]]></system-out>
  </testcase>
  <testcase name="registerUser_whitespaceOnlyFields_handled" classname="com.myapp.api.RegistrationApiTest$EdgeCases" time="0.008">
    <system-out><![CDATA[2025-07-03 23:42:18.304 [main] DEBUG org.hibernate.SQL - 
    delete 
    from
        users
Hibernate: 
    delete 
    from
        users
2025-07-03 23:42:18.308 [main] DEBUG org.hibernate.SQL - 
    select
        u1_0.id,
        u1_0.address,
        u1_0.email,
        u1_0.full_name,
        u1_0.is_active,
        u1_0.password_hash,
        u1_0.phone,
        u1_0.role 
    from
        users u1_0 
    where
        u1_0.phone=?
Hibernate: 
    select
        u1_0.id,
        u1_0.address,
        u1_0.email,
        u1_0.full_name,
        u1_0.is_active,
        u1_0.password_hash,
        u1_0.phone,
        u1_0.role 
    from
        users u1_0 
    where
        u1_0.phone=?
2025-07-03 23:42:18.309 [main] DEBUG org.hibernate.SQL - 
    insert 
    into
        users
        (address, email, full_name, is_active, password_hash, phone, role, id) 
    values
        (?, ?, ?, ?, ?, ?, ?, ?)
Hibernate: 
    insert 
    into
        users
        (address, email, full_name, is_active, password_hash, phone, role, id) 
    values
        (?, ?, ?, ?, ?, ?, ?, ?)
]]></system-out>
  </testcase>
  <testcase name="registerUser_internationalEmail_handled" classname="com.myapp.api.RegistrationApiTest$EdgeCases" time="0.007">
    <system-out><![CDATA[2025-07-03 23:42:18.312 [main] DEBUG org.hibernate.SQL - 
    delete 
    from
        users
Hibernate: 
    delete 
    from
        users
2025-07-03 23:42:18.315 [main] DEBUG org.hibernate.SQL - 
    select
        u1_0.id,
        u1_0.address,
        u1_0.email,
        u1_0.full_name,
        u1_0.is_active,
        u1_0.password_hash,
        u1_0.phone,
        u1_0.role 
    from
        users u1_0 
    where
        u1_0.phone=?
Hibernate: 
    select
        u1_0.id,
        u1_0.address,
        u1_0.email,
        u1_0.full_name,
        u1_0.is_active,
        u1_0.password_hash,
        u1_0.phone,
        u1_0.role 
    from
        users u1_0 
    where
        u1_0.phone=?
2025-07-03 23:42:18.316 [main] DEBUG org.hibernate.SQL - 
    insert 
    into
        users
        (address, email, full_name, is_active, password_hash, phone, role, id) 
    values
        (?, ?, ?, ?, ?, ?, ?, ?)
Hibernate: 
    insert 
    into
        users
        (address, email, full_name, is_active, password_hash, phone, role, id) 
    values
        (?, ?, ?, ?, ?, ?, ?, ?)
]]></system-out>
  </testcase>
</testsuite>