<?xml version="1.0" encoding="UTF-8"?>
<testsuite xmlns:xsi="http://www.w3.org/2001/XMLSchema-instance" xsi:noNamespaceSchemaLocation="https://maven.apache.org/surefire/maven-surefire-plugin/xsd/surefire-test-report-3.0.xsd" version="3.0" name="com.myapp.stress.DatabasePerformanceTest$ConcurrentDatabaseTests" time="0.54" tests="3" errors="0" skipped="0" failures="0">
  <properties>
    <property name="java.specification.version" value="17"/>
    <property name="sun.cpu.isalist" value="amd64"/>
    <property name="sun.jnu.encoding" value="Cp1252"/>
    <property name="java.class.path" value="C:\Users\USER\Desktop\work space\food-ordering-project\backend\target\test-classes;C:\Users\USER\Desktop\work space\food-ordering-project\backend\target\classes;C:\Users\USER\.m2\repository\org\hibernate\orm\hibernate-core\6.4.0.Final\hibernate-core-6.4.0.Final.jar;C:\Users\USER\.m2\repository\jakarta\persistence\jakarta.persistence-api\3.1.0\jakarta.persistence-api-3.1.0.jar;C:\Users\USER\.m2\repository\jakarta\transaction\jakarta.transaction-api\2.0.1\jakarta.transaction-api-2.0.1.jar;C:\Users\USER\.m2\repository\org\jboss\logging\jboss-logging\3.5.0.Final\jboss-logging-3.5.0.Final.jar;C:\Users\USER\.m2\repository\org\hibernate\common\hibernate-commons-annotations\6.0.6.Final\hibernate-commons-annotations-6.0.6.Final.jar;C:\Users\USER\.m2\repository\io\smallrye\jandex\3.1.2\jandex-3.1.2.jar;C:\Users\USER\.m2\repository\com\fasterxml\classmate\1.5.1\classmate-1.5.1.jar;C:\Users\USER\.m2\repository\net\bytebuddy\byte-buddy\1.14.7\byte-buddy-1.14.7.jar;C:\Users\USER\.m2\repository\jakarta\xml\bind\jakarta.xml.bind-api\4.0.0\jakarta.xml.bind-api-4.0.0.jar;C:\Users\USER\.m2\repository\jakarta\activation\jakarta.activation-api\2.1.0\jakarta.activation-api-2.1.0.jar;C:\Users\USER\.m2\repository\org\glassfish\jaxb\jaxb-runtime\4.0.2\jaxb-runtime-4.0.2.jar;C:\Users\USER\.m2\repository\org\glassfish\jaxb\jaxb-core\4.0.2\jaxb-core-4.0.2.jar;C:\Users\USER\.m2\repository\org\eclipse\angus\angus-activation\2.0.0\angus-activation-2.0.0.jar;C:\Users\USER\.m2\repository\org\glassfish\jaxb\txw2\4.0.2\txw2-4.0.2.jar;C:\Users\USER\.m2\repository\com\sun\istack\istack-commons-runtime\4.1.1\istack-commons-runtime-4.1.1.jar;C:\Users\USER\.m2\repository\jakarta\inject\jakarta.inject-api\2.0.1\jakarta.inject-api-2.0.1.jar;C:\Users\USER\.m2\repository\org\antlr\antlr4-runtime\4.13.0\antlr4-runtime-4.13.0.jar;C:\Users\USER\.m2\repository\org\hibernate\orm\hibernate-community-dialects\6.2.13.Final\hibernate-community-dialects-6.2.13.Final.jar;C:\Users\USER\.m2\repository\org\xerial\sqlite-jdbc\3.44.0.0\sqlite-jdbc-3.44.0.0.jar;C:\Users\USER\.m2\repository\com\fasterxml\jackson\core\jackson-core\2.15.2\jackson-core-2.15.2.jar;C:\Users\USER\.m2\repository\com\fasterxml\jackson\core\jackson-databind\2.15.2\jackson-databind-2.15.2.jar;C:\Users\USER\.m2\repository\com\fasterxml\jackson\core\jackson-annotations\2.15.2\jackson-annotations-2.15.2.jar;C:\Users\USER\.m2\repository\org\slf4j\slf4j-api\2.0.9\slf4j-api-2.0.9.jar;C:\Users\USER\.m2\repository\ch\qos\logback\logback-classic\1.4.11\logback-classic-1.4.11.jar;C:\Users\USER\.m2\repository\ch\qos\logback\logback-core\1.4.11\logback-core-1.4.11.jar;C:\Users\USER\.m2\repository\org\mindrot\jbcrypt\0.4\jbcrypt-0.4.jar;C:\Users\USER\.m2\repository\io\jsonwebtoken\jjwt-api\0.12.3\jjwt-api-0.12.3.jar;C:\Users\USER\.m2\repository\io\jsonwebtoken\jjwt-impl\0.12.3\jjwt-impl-0.12.3.jar;C:\Users\USER\.m2\repository\io\jsonwebtoken\jjwt-jackson\0.12.3\jjwt-jackson-0.12.3.jar;C:\Users\USER\.m2\repository\org\junit\jupiter\junit-jupiter\5.10.0\junit-jupiter-5.10.0.jar;C:\Users\USER\.m2\repository\org\junit\jupiter\junit-jupiter-api\5.10.0\junit-jupiter-api-5.10.0.jar;C:\Users\USER\.m2\repository\org\opentest4j\opentest4j\1.3.0\opentest4j-1.3.0.jar;C:\Users\USER\.m2\repository\org\junit\platform\junit-platform-commons\1.10.0\junit-platform-commons-1.10.0.jar;C:\Users\USER\.m2\repository\org\apiguardian\apiguardian-api\1.1.2\apiguardian-api-1.1.2.jar;C:\Users\USER\.m2\repository\org\junit\jupiter\junit-jupiter-params\5.10.0\junit-jupiter-params-5.10.0.jar;C:\Users\USER\.m2\repository\org\junit\jupiter\junit-jupiter-engine\5.10.0\junit-jupiter-engine-5.10.0.jar;C:\Users\USER\.m2\repository\org\junit\platform\junit-platform-engine\1.10.0\junit-platform-engine-1.10.0.jar;C:\Users\USER\.m2\repository\org\mockito\mockito-core\5.7.0\mockito-core-5.7.0.jar;C:\Users\USER\.m2\repository\net\bytebuddy\byte-buddy-agent\1.14.9\byte-buddy-agent-1.14.9.jar;C:\Users\USER\.m2\repository\org\objenesis\objenesis\3.3\objenesis-3.3.jar;C:\Users\USER\.m2\repository\org\assertj\assertj-core\3.24.2\assertj-core-3.24.2.jar;C:\Users\USER\.m2\repository\com\h2database\h2\2.2.224\h2-2.2.224.jar;C:\Users\USER\.m2\repository\org\testcontainers\junit-jupiter\1.19.3\junit-jupiter-1.19.3.jar;C:\Users\USER\.m2\repository\org\testcontainers\testcontainers\1.19.3\testcontainers-1.19.3.jar;C:\Users\USER\.m2\repository\junit\junit\4.13.2\junit-4.13.2.jar;C:\Users\USER\.m2\repository\org\hamcrest\hamcrest-core\1.3\hamcrest-core-1.3.jar;C:\Users\USER\.m2\repository\org\apache\commons\commons-compress\1.24.0\commons-compress-1.24.0.jar;C:\Users\USER\.m2\repository\org\rnorth\duct-tape\duct-tape\1.0.8\duct-tape-1.0.8.jar;C:\Users\USER\.m2\repository\org\jetbrains\annotations\17.0.0\annotations-17.0.0.jar;C:\Users\USER\.m2\repository\com\github\docker-java\docker-java-api\3.3.4\docker-java-api-3.3.4.jar;C:\Users\USER\.m2\repository\com\github\docker-java\docker-java-transport-zerodep\3.3.4\docker-java-transport-zerodep-3.3.4.jar;C:\Users\USER\.m2\repository\com\github\docker-java\docker-java-transport\3.3.4\docker-java-transport-3.3.4.jar;C:\Users\USER\.m2\repository\net\java\dev\jna\jna\5.13.0\jna-5.13.0.jar;C:\Users\USER\.m2\repository\com\squareup\okhttp3\mockwebserver\4.11.0\mockwebserver-4.11.0.jar;C:\Users\USER\.m2\repository\com\squareup\okhttp3\okhttp\4.11.0\okhttp-4.11.0.jar;C:\Users\USER\.m2\repository\com\squareup\okio\okio\3.2.0\okio-3.2.0.jar;C:\Users\USER\.m2\repository\com\squareup\okio\okio-jvm\3.2.0\okio-jvm-3.2.0.jar;C:\Users\USER\.m2\repository\org\jetbrains\kotlin\kotlin-stdlib\1.6.20\kotlin-stdlib-1.6.20.jar;C:\Users\USER\.m2\repository\org\jetbrains\kotlin\kotlin-stdlib-common\1.6.20\kotlin-stdlib-common-1.6.20.jar;C:\Users\USER\.m2\repository\org\jetbrains\kotlin\kotlin-stdlib-jdk8\1.6.10\kotlin-stdlib-jdk8-1.6.10.jar;C:\Users\USER\.m2\repository\org\jetbrains\kotlin\kotlin-stdlib-jdk7\1.6.10\kotlin-stdlib-jdk7-1.6.10.jar;C:\Users\USER\.m2\repository\com\fasterxml\jackson\datatype\jackson-datatype-jsr310\2.15.2\jackson-datatype-jsr310-2.15.2.jar;"/>
    <property name="java.vm.vendor" value="Eclipse Adoptium"/>
    <property name="sun.arch.data.model" value="64"/>
    <property name="user.variant" value=""/>
    <property name="java.vendor.url" value="https://adoptium.net/"/>
    <property name="user.timezone" value="Asia/Tehran"/>
    <property name="os.name" value="Windows 11"/>
    <property name="java.vm.specification.version" value="17"/>
    <property name="sun.java.launcher" value="SUN_STANDARD"/>
    <property name="user.country" value="US"/>
    <property name="sun.boot.library.path" value="C:\Program Files\Eclipse Adoptium\jdk-17.0.14.7-hotspot\bin"/>
    <property name="sun.java.command" value="C:\Users\USER\AppData\Local\Temp\surefire8236851155724109824\surefirebooter-20250703070855672_3.jar C:\Users\USER\AppData\Local\Temp\surefire8236851155724109824 2025-07-03T07-08-55_112-jvmRun1 surefire-20250703070855672_1tmp surefire_0-20250703070855672_2tmp"/>
    <property name="jdk.debug" value="release"/>
    <property name="surefire.test.class.path" value="C:\Users\USER\Desktop\work space\food-ordering-project\backend\target\test-classes;C:\Users\USER\Desktop\work space\food-ordering-project\backend\target\classes;C:\Users\USER\.m2\repository\org\hibernate\orm\hibernate-core\6.4.0.Final\hibernate-core-6.4.0.Final.jar;C:\Users\USER\.m2\repository\jakarta\persistence\jakarta.persistence-api\3.1.0\jakarta.persistence-api-3.1.0.jar;C:\Users\USER\.m2\repository\jakarta\transaction\jakarta.transaction-api\2.0.1\jakarta.transaction-api-2.0.1.jar;C:\Users\USER\.m2\repository\org\jboss\logging\jboss-logging\3.5.0.Final\jboss-logging-3.5.0.Final.jar;C:\Users\USER\.m2\repository\org\hibernate\common\hibernate-commons-annotations\6.0.6.Final\hibernate-commons-annotations-6.0.6.Final.jar;C:\Users\USER\.m2\repository\io\smallrye\jandex\3.1.2\jandex-3.1.2.jar;C:\Users\USER\.m2\repository\com\fasterxml\classmate\1.5.1\classmate-1.5.1.jar;C:\Users\USER\.m2\repository\net\bytebuddy\byte-buddy\1.14.7\byte-buddy-1.14.7.jar;C:\Users\USER\.m2\repository\jakarta\xml\bind\jakarta.xml.bind-api\4.0.0\jakarta.xml.bind-api-4.0.0.jar;C:\Users\USER\.m2\repository\jakarta\activation\jakarta.activation-api\2.1.0\jakarta.activation-api-2.1.0.jar;C:\Users\USER\.m2\repository\org\glassfish\jaxb\jaxb-runtime\4.0.2\jaxb-runtime-4.0.2.jar;C:\Users\USER\.m2\repository\org\glassfish\jaxb\jaxb-core\4.0.2\jaxb-core-4.0.2.jar;C:\Users\USER\.m2\repository\org\eclipse\angus\angus-activation\2.0.0\angus-activation-2.0.0.jar;C:\Users\USER\.m2\repository\org\glassfish\jaxb\txw2\4.0.2\txw2-4.0.2.jar;C:\Users\USER\.m2\repository\com\sun\istack\istack-commons-runtime\4.1.1\istack-commons-runtime-4.1.1.jar;C:\Users\USER\.m2\repository\jakarta\inject\jakarta.inject-api\2.0.1\jakarta.inject-api-2.0.1.jar;C:\Users\USER\.m2\repository\org\antlr\antlr4-runtime\4.13.0\antlr4-runtime-4.13.0.jar;C:\Users\USER\.m2\repository\org\hibernate\orm\hibernate-community-dialects\6.2.13.Final\hibernate-community-dialects-6.2.13.Final.jar;C:\Users\USER\.m2\repository\org\xerial\sqlite-jdbc\3.44.0.0\sqlite-jdbc-3.44.0.0.jar;C:\Users\USER\.m2\repository\com\fasterxml\jackson\core\jackson-core\2.15.2\jackson-core-2.15.2.jar;C:\Users\USER\.m2\repository\com\fasterxml\jackson\core\jackson-databind\2.15.2\jackson-databind-2.15.2.jar;C:\Users\USER\.m2\repository\com\fasterxml\jackson\core\jackson-annotations\2.15.2\jackson-annotations-2.15.2.jar;C:\Users\USER\.m2\repository\org\slf4j\slf4j-api\2.0.9\slf4j-api-2.0.9.jar;C:\Users\USER\.m2\repository\ch\qos\logback\logback-classic\1.4.11\logback-classic-1.4.11.jar;C:\Users\USER\.m2\repository\ch\qos\logback\logback-core\1.4.11\logback-core-1.4.11.jar;C:\Users\USER\.m2\repository\org\mindrot\jbcrypt\0.4\jbcrypt-0.4.jar;C:\Users\USER\.m2\repository\io\jsonwebtoken\jjwt-api\0.12.3\jjwt-api-0.12.3.jar;C:\Users\USER\.m2\repository\io\jsonwebtoken\jjwt-impl\0.12.3\jjwt-impl-0.12.3.jar;C:\Users\USER\.m2\repository\io\jsonwebtoken\jjwt-jackson\0.12.3\jjwt-jackson-0.12.3.jar;C:\Users\USER\.m2\repository\org\junit\jupiter\junit-jupiter\5.10.0\junit-jupiter-5.10.0.jar;C:\Users\USER\.m2\repository\org\junit\jupiter\junit-jupiter-api\5.10.0\junit-jupiter-api-5.10.0.jar;C:\Users\USER\.m2\repository\org\opentest4j\opentest4j\1.3.0\opentest4j-1.3.0.jar;C:\Users\USER\.m2\repository\org\junit\platform\junit-platform-commons\1.10.0\junit-platform-commons-1.10.0.jar;C:\Users\USER\.m2\repository\org\apiguardian\apiguardian-api\1.1.2\apiguardian-api-1.1.2.jar;C:\Users\USER\.m2\repository\org\junit\jupiter\junit-jupiter-params\5.10.0\junit-jupiter-params-5.10.0.jar;C:\Users\USER\.m2\repository\org\junit\jupiter\junit-jupiter-engine\5.10.0\junit-jupiter-engine-5.10.0.jar;C:\Users\USER\.m2\repository\org\junit\platform\junit-platform-engine\1.10.0\junit-platform-engine-1.10.0.jar;C:\Users\USER\.m2\repository\org\mockito\mockito-core\5.7.0\mockito-core-5.7.0.jar;C:\Users\USER\.m2\repository\net\bytebuddy\byte-buddy-agent\1.14.9\byte-buddy-agent-1.14.9.jar;C:\Users\USER\.m2\repository\org\objenesis\objenesis\3.3\objenesis-3.3.jar;C:\Users\USER\.m2\repository\org\assertj\assertj-core\3.24.2\assertj-core-3.24.2.jar;C:\Users\USER\.m2\repository\com\h2database\h2\2.2.224\h2-2.2.224.jar;C:\Users\USER\.m2\repository\org\testcontainers\junit-jupiter\1.19.3\junit-jupiter-1.19.3.jar;C:\Users\USER\.m2\repository\org\testcontainers\testcontainers\1.19.3\testcontainers-1.19.3.jar;C:\Users\USER\.m2\repository\junit\junit\4.13.2\junit-4.13.2.jar;C:\Users\USER\.m2\repository\org\hamcrest\hamcrest-core\1.3\hamcrest-core-1.3.jar;C:\Users\USER\.m2\repository\org\apache\commons\commons-compress\1.24.0\commons-compress-1.24.0.jar;C:\Users\USER\.m2\repository\org\rnorth\duct-tape\duct-tape\1.0.8\duct-tape-1.0.8.jar;C:\Users\USER\.m2\repository\org\jetbrains\annotations\17.0.0\annotations-17.0.0.jar;C:\Users\USER\.m2\repository\com\github\docker-java\docker-java-api\3.3.4\docker-java-api-3.3.4.jar;C:\Users\USER\.m2\repository\com\github\docker-java\docker-java-transport-zerodep\3.3.4\docker-java-transport-zerodep-3.3.4.jar;C:\Users\USER\.m2\repository\com\github\docker-java\docker-java-transport\3.3.4\docker-java-transport-3.3.4.jar;C:\Users\USER\.m2\repository\net\java\dev\jna\jna\5.13.0\jna-5.13.0.jar;C:\Users\USER\.m2\repository\com\squareup\okhttp3\mockwebserver\4.11.0\mockwebserver-4.11.0.jar;C:\Users\USER\.m2\repository\com\squareup\okhttp3\okhttp\4.11.0\okhttp-4.11.0.jar;C:\Users\USER\.m2\repository\com\squareup\okio\okio\3.2.0\okio-3.2.0.jar;C:\Users\USER\.m2\repository\com\squareup\okio\okio-jvm\3.2.0\okio-jvm-3.2.0.jar;C:\Users\USER\.m2\repository\org\jetbrains\kotlin\kotlin-stdlib\1.6.20\kotlin-stdlib-1.6.20.jar;C:\Users\USER\.m2\repository\org\jetbrains\kotlin\kotlin-stdlib-common\1.6.20\kotlin-stdlib-common-1.6.20.jar;C:\Users\USER\.m2\repository\org\jetbrains\kotlin\kotlin-stdlib-jdk8\1.6.10\kotlin-stdlib-jdk8-1.6.10.jar;C:\Users\USER\.m2\repository\org\jetbrains\kotlin\kotlin-stdlib-jdk7\1.6.10\kotlin-stdlib-jdk7-1.6.10.jar;C:\Users\USER\.m2\repository\com\fasterxml\jackson\datatype\jackson-datatype-jsr310\2.15.2\jackson-datatype-jsr310-2.15.2.jar;"/>
    <property name="sun.cpu.endian" value="little"/>
    <property name="user.home" value="C:\Users\USER"/>
    <property name="user.language" value="en"/>
    <property name="java.specification.vendor" value="Oracle Corporation"/>
    <property name="java.version.date" value="2025-01-21"/>
    <property name="java.home" value="C:\Program Files\Eclipse Adoptium\jdk-17.0.14.7-hotspot"/>
    <property name="spring.profiles.active" value="test"/>
    <property name="file.separator" value="\"/>
    <property name="basedir" value="C:\Users\USER\Desktop\work space\food-ordering-project\backend"/>
    <property name="java.vm.compressedOopsMode" value="32-bit"/>
    <property name="line.separator" value="&#10;"/>
    <property name="java.vm.specification.vendor" value="Oracle Corporation"/>
    <property name="java.specification.name" value="Java Platform API Specification"/>
    <property name="java.awt.headless" value="true"/>
    <property name="surefire.real.class.path" value="C:\Users\USER\AppData\Local\Temp\surefire8236851155724109824\surefirebooter-20250703070855672_3.jar"/>
    <property name="user.script" value=""/>
    <property name="sun.management.compiler" value="HotSpot 64-Bit Tiered Compilers"/>
    <property name="java.runtime.version" value="17.0.14+7"/>
    <property name="user.name" value="USER"/>
    <property name="path.separator" value=";"/>
    <property name="os.version" value="10.0"/>
    <property name="java.runtime.name" value="OpenJDK Runtime Environment"/>
    <property name="file.encoding" value="UTF-8"/>
    <property name="java.vm.name" value="OpenJDK 64-Bit Server VM"/>
    <property name="java.vendor.version" value="Temurin-17.0.14+7"/>
    <property name="localRepository" value="C:\Users\USER\.m2\repository"/>
    <property name="java.vendor.url.bug" value="https://github.com/adoptium/adoptium-support/issues"/>
    <property name="java.io.tmpdir" value="C:\Users\USER\AppData\Local\Temp\"/>
    <property name="java.version" value="17.0.14"/>
    <property name="user.dir" value="C:\Users\USER\Desktop\work space\food-ordering-project\backend"/>
    <property name="os.arch" value="amd64"/>
    <property name="java.vm.specification.name" value="Java Virtual Machine Specification"/>
    <property name="sun.os.patch.level" value=""/>
    <property name="native.encoding" value="Cp1252"/>
    <property name="java.library.path" value="C:\Program Files\Eclipse Adoptium\jdk-17.0.14.7-hotspot\bin;C:\WINDOWS\Sun\Java\bin;C:\WINDOWS\system32;C:\WINDOWS;C:\mingw64\mingw64\bin;C:\Program Files\Common Files\Oracle\Java\javapath;C:\Program Files\Eclipse Adoptium\jdk-17.0.14.7-hotspot\bin;C:\Windows\system32;C:\Windows;C:\Windows\System32\Wbem;C:\Windows\System32\WindowsPowerShell\v1.0\;C:\Windows\System32\OpenSSH\;C:\Program Files (x86)\NVIDIA Corporation\PhysX\Common;C:\Program Files\dotnet\;C:\Program Files (x86)\AOMEI;C:\WINDOWS\system32;C:\WINDOWS;C:\WINDOWS\System32\Wbem;C:\WINDOWS\System32\WindowsPowerShell\v1.0\;C:\WINDOWS\System32\OpenSSH\;C:\Program Files\Microsoft VS Code\bin;C:\mingw64\mingw64\bin;C:\raylib-master\src;C:\Program Files\Git\cmd;C:\Program Files\Redis\;C:\Users\USER\AppData\Local\Programs\Python\Python313\Scripts\;C:\Users\USER\AppData\Local\Programs\Python\Python313\;C:\Users\USER\AppData\Local\Programs\Python\Launcher\;C:\Users\USER\AppData\Local\Programs\Python\Python312\Scripts\;C:\Users\USER\AppData\Local\Programs\Python\Python312\;C:\Users\USER\AppData\Local\Microsoft\WindowsApps;C:\mingw64\mingw64\bin;C:\raylib-master\src;C:\Program Files\Java\jdk-23\bin;C:\modeltech64_2020.4\win64;C:\apache-maven\apache-maven-3.9.9\bin;C:\Program Files\JetBrains\IntelliJ IDEA 2025.1.1.1\bin;;C:\Users\USER\AppData\Local\Programs\cursor\resources\app\bin;;."/>
    <property name="java.vm.info" value="mixed mode, sharing"/>
    <property name="java.vendor" value="Eclipse Adoptium"/>
    <property name="java.vm.version" value="17.0.14+7"/>
    <property name="java.specification.maintenance.version" value="1"/>
    <property name="sun.io.unicode.encoding" value="UnicodeLittle"/>
    <property name="java.class.version" value="61.0"/>
  </properties>
  <testcase name="concurrentUserRegistration_SamePhone_PreventsDuplicates" classname="com.myapp.stress.DatabasePerformanceTest$ConcurrentDatabaseTests" time="0.21">
    <system-out><![CDATA[2025-07-03 07:12:25.587 [main] DEBUG org.hibernate.SQL - 
    delete 
    from
        notifications
Hibernate: 
    delete 
    from
        notifications
2025-07-03 07:12:25.588 [main] DEBUG org.hibernate.SQL - 
    delete 
    from
        ratings
Hibernate: 
    delete 
    from
        ratings
2025-07-03 07:12:25.588 [main] DEBUG org.hibernate.SQL - 
    delete 
    from
        order_items
Hibernate: 
    delete 
    from
        order_items
2025-07-03 07:12:25.588 [main] DEBUG org.hibernate.SQL - 
    delete 
    from
        orders
Hibernate: 
    delete 
    from
        orders
2025-07-03 07:12:25.588 [main] DEBUG org.hibernate.SQL - 
    delete 
    from
        food_items
Hibernate: 
    delete 
    from
        food_items
2025-07-03 07:12:25.588 [main] DEBUG org.hibernate.SQL - 
    delete 
    from
        restaurants
Hibernate: 
    delete 
    from
        restaurants
2025-07-03 07:12:25.588 [main] DEBUG org.hibernate.SQL - 
    delete 
    from
        users
Hibernate: 
    delete 
    from
        users
2025-07-03 07:12:25.589 [main] DEBUG c.myapp.common.TestDatabaseManager - Cleaned all test data from database
2025-07-03 07:12:25.589 [main] DEBUG c.myapp.common.TestDatabaseManager - Test database cleanup completed
🚀 شروع تست ثبت نام همزمان با شماره تلفن یکسان
📱 تلاش برای ثبت نام 50 کاربر با شماره تلفن یکسان: +989123456789
2025-07-03 07:12:25.592 [pool-14-thread-1] DEBUG org.hibernate.SQL - 
    select
        u1_0.id,
        u1_0.address,
        u1_0.email,
        u1_0.full_name,
        u1_0.is_active,
        u1_0.password_hash,
        u1_0.phone,
        u1_0.role 
    from
        users u1_0 
    where
        u1_0.phone=?
2025-07-03 07:12:25.592 [pool-14-thread-2] DEBUG org.hibernate.SQL - 
    select
        u1_0.id,
        u1_0.address,
        u1_0.email,
        u1_0.full_name,
        u1_0.is_active,
        u1_0.password_hash,
        u1_0.phone,
        u1_0.role 
    from
        users u1_0 
    where
        u1_0.phone=?
Hibernate: 
    select
        u1_0.id,
        u1_0.address,
        u1_0.email,
        u1_0.full_name,
        u1_0.is_active,
        u1_0.password_hash,
        u1_0.phone,
        u1_0.role 
    from
        users u1_0 
    where
        u1_0.phone=?
2025-07-03 07:12:25.592 [pool-14-thread-3] DEBUG org.hibernate.SQL - 
    select
        u1_0.id,
        u1_0.address,
        u1_0.email,
        u1_0.full_name,
        u1_0.is_active,
        u1_0.password_hash,
        u1_0.phone,
        u1_0.role 
    from
        users u1_0 
    where
        u1_0.phone=?
Hibernate: 
    select
        u1_0.id,
        u1_0.address,
        u1_0.email,
        u1_0.full_name,
        u1_0.is_active,
        u1_0.password_hash,
        u1_0.phone,
        u1_0.role 
    from
        users u1_0 
    where
        u1_0.phone=?
Hibernate: 
    select
        u1_0.id,
        u1_0.address,
        u1_0.email,
        u1_0.full_name,
        u1_0.is_active,
        u1_0.password_hash,
        u1_0.phone,
        u1_0.role 
    from
        users u1_0 
    where
        u1_0.phone=?
2025-07-03 07:12:25.592 [pool-14-thread-4] DEBUG org.hibernate.SQL - 
    select
        u1_0.id,
        u1_0.address,
        u1_0.email,
        u1_0.full_name,
        u1_0.is_active,
        u1_0.password_hash,
        u1_0.phone,
        u1_0.role 
    from
        users u1_0 
    where
        u1_0.phone=?
Hibernate: 
    select
        u1_0.id,
        u1_0.address,
        u1_0.email,
        u1_0.full_name,
        u1_0.is_active,
        u1_0.password_hash,
        u1_0.phone,
        u1_0.role 
    from
        users u1_0 
    where
        u1_0.phone=?
2025-07-03 07:12:25.592 [pool-14-thread-5] DEBUG org.hibernate.SQL - 
    select
        u1_0.id,
        u1_0.address,
        u1_0.email,
        u1_0.full_name,
        u1_0.is_active,
        u1_0.password_hash,
        u1_0.phone,
        u1_0.role 
    from
        users u1_0 
    where
        u1_0.phone=?
Hibernate: 
    select
        u1_0.id,
        u1_0.address,
        u1_0.email,
        u1_0.full_name,
        u1_0.is_active,
        u1_0.password_hash,
        u1_0.phone,
        u1_0.role 
    from
        users u1_0 
    where
        u1_0.phone=?
2025-07-03 07:12:25.592 [pool-14-thread-9] DEBUG org.hibernate.SQL - 
    select
        u1_0.id,
        u1_0.address,
        u1_0.email,
        u1_0.full_name,
        u1_0.is_active,
        u1_0.password_hash,
        u1_0.phone,
        u1_0.role 
    from
        users u1_0 
    where
        u1_0.phone=?
Hibernate: 
    select
        u1_0.id,
        u1_0.address,
        u1_0.email,
        u1_0.full_name,
        u1_0.is_active,
        u1_0.password_hash,
        u1_0.phone,
        u1_0.role 
    from
        users u1_0 
    where
        u1_0.phone=?
2025-07-03 07:12:25.592 [pool-14-thread-7] DEBUG org.hibernate.SQL - 
    select
        u1_0.id,
        u1_0.address,
        u1_0.email,
        u1_0.full_name,
        u1_0.is_active,
        u1_0.password_hash,
        u1_0.phone,
        u1_0.role 
    from
        users u1_0 
    where
        u1_0.phone=?
Hibernate: 
    select
        u1_0.id,
        u1_0.address,
        u1_0.email,
        u1_0.full_name,
        u1_0.is_active,
        u1_0.password_hash,
        u1_0.phone,
        u1_0.role 
    from
        users u1_0 
    where
        u1_0.phone=?
2025-07-03 07:12:25.592 [pool-14-thread-2] DEBUG org.hibernate.SQL - 
    insert 
    into
        users
        (address, email, full_name, is_active, password_hash, phone, role, id) 
    values
        (?, ?, ?, ?, ?, ?, ?, ?)
Hibernate: 
    insert 
    into
        users
        (address, email, full_name, is_active, password_hash, phone, role, id) 
    values
        (?, ?, ?, ?, ?, ?, ?, ?)
2025-07-03 07:12:25.592 [pool-14-thread-3] DEBUG org.hibernate.SQL - 
    insert 
    into
        users
        (address, email, full_name, is_active, password_hash, phone, role, id) 
    values
        (?, ?, ?, ?, ?, ?, ?, ?)
Hibernate: 
    insert 
    into
        users
        (address, email, full_name, is_active, password_hash, phone, role, id) 
    values
        (?, ?, ?, ?, ?, ?, ?, ?)
2025-07-03 07:12:25.592 [pool-14-thread-4] DEBUG org.hibernate.SQL - 
    insert 
    into
        users
        (address, email, full_name, is_active, password_hash, phone, role, id) 
    values
        (?, ?, ?, ?, ?, ?, ?, ?)
2025-07-03 07:12:25.593 [pool-14-thread-5] DEBUG org.hibernate.SQL - 
    insert 
    into
        users
        (address, email, full_name, is_active, password_hash, phone, role, id) 
    values
        (?, ?, ?, ?, ?, ?, ?, ?)
Hibernate: 
    insert 
    into
        users
        (address, email, full_name, is_active, password_hash, phone, role, id) 
    values
        (?, ?, ?, ?, ?, ?, ?, ?)
Hibernate: 
    insert 
    into
        users
        (address, email, full_name, is_active, password_hash, phone, role, id) 
    values
        (?, ?, ?, ?, ?, ?, ?, ?)
2025-07-03 07:12:25.593 [pool-14-thread-1] DEBUG org.hibernate.SQL - 
    insert 
    into
        users
        (address, email, full_name, is_active, password_hash, phone, role, id) 
    values
        (?, ?, ?, ?, ?, ?, ?, ?)
Hibernate: 
    insert 
    into
        users
        (address, email, full_name, is_active, password_hash, phone, role, id) 
    values
        (?, ?, ?, ?, ?, ?, ?, ?)
2025-07-03 07:12:25.593 [pool-14-thread-8] DEBUG org.hibernate.SQL - 
    select
        u1_0.id,
        u1_0.address,
        u1_0.email,
        u1_0.full_name,
        u1_0.is_active,
        u1_0.password_hash,
        u1_0.phone,
        u1_0.role 
    from
        users u1_0 
    where
        u1_0.phone=?
Hibernate: 
    select
        u1_0.id,
        u1_0.address,
        u1_0.email,
        u1_0.full_name,
        u1_0.is_active,
        u1_0.password_hash,
        u1_0.phone,
        u1_0.role 
    from
        users u1_0 
    where
        u1_0.phone=?
2025-07-03 07:12:25.593 [pool-14-thread-9] DEBUG org.hibernate.SQL - 
    insert 
    into
        users
        (address, email, full_name, is_active, password_hash, phone, role, id) 
    values
        (?, ?, ?, ?, ?, ?, ?, ?)
Hibernate: 
    insert 
    into
        users
        (address, email, full_name, is_active, password_hash, phone, role, id) 
    values
        (?, ?, ?, ?, ?, ?, ?, ?)
2025-07-03 07:12:25.593 [pool-14-thread-6] DEBUG org.hibernate.SQL - 
    select
        u1_0.id,
        u1_0.address,
        u1_0.email,
        u1_0.full_name,
        u1_0.is_active,
        u1_0.password_hash,
        u1_0.phone,
        u1_0.role 
    from
        users u1_0 
    where
        u1_0.phone=?
Hibernate: 
    select
        u1_0.id,
        u1_0.address,
        u1_0.email,
        u1_0.full_name,
        u1_0.is_active,
        u1_0.password_hash,
        u1_0.phone,
        u1_0.role 
    from
        users u1_0 
    where
        u1_0.phone=?
2025-07-03 07:12:25.593 [pool-14-thread-7] DEBUG org.hibernate.SQL - 
    insert 
    into
        users
        (address, email, full_name, is_active, password_hash, phone, role, id) 
    values
        (?, ?, ?, ?, ?, ?, ?, ?)
Hibernate: 
    insert 
    into
        users
        (address, email, full_name, is_active, password_hash, phone, role, id) 
    values
        (?, ?, ?, ?, ?, ?, ?, ?)
2025-07-03 07:12:25.593 [pool-14-thread-14] DEBUG org.hibernate.SQL - 
    select
        u1_0.id,
        u1_0.address,
        u1_0.email,
        u1_0.full_name,
        u1_0.is_active,
        u1_0.password_hash,
        u1_0.phone,
        u1_0.role 
    from
        users u1_0 
    where
        u1_0.phone=?
Hibernate: 
    select
        u1_0.id,
        u1_0.address,
        u1_0.email,
        u1_0.full_name,
        u1_0.is_active,
        u1_0.password_hash,
        u1_0.phone,
        u1_0.role 
    from
        users u1_0 
    where
        u1_0.phone=?
2025-07-03 07:12:25.593 [pool-14-thread-8] DEBUG org.hibernate.SQL - 
    insert 
    into
        users
        (address, email, full_name, is_active, password_hash, phone, role, id) 
    values
        (?, ?, ?, ?, ?, ?, ?, ?)
Hibernate: 
    insert 
    into
        users
        (address, email, full_name, is_active, password_hash, phone, role, id) 
    values
        (?, ?, ?, ?, ?, ?, ?, ?)
2025-07-03 07:12:25.593 [pool-14-thread-6] DEBUG org.hibernate.SQL - 
    insert 
    into
        users
        (address, email, full_name, is_active, password_hash, phone, role, id) 
    values
        (?, ?, ?, ?, ?, ?, ?, ?)
Hibernate: 
    insert 
    into
        users
        (address, email, full_name, is_active, password_hash, phone, role, id) 
    values
        (?, ?, ?, ?, ?, ?, ?, ?)
2025-07-03 07:12:25.593 [pool-14-thread-11] DEBUG org.hibernate.SQL - 
    select
        u1_0.id,
        u1_0.address,
        u1_0.email,
        u1_0.full_name,
        u1_0.is_active,
        u1_0.password_hash,
        u1_0.phone,
        u1_0.role 
    from
        users u1_0 
    where
        u1_0.phone=?
Hibernate: 
    select
        u1_0.id,
        u1_0.address,
        u1_0.email,
        u1_0.full_name,
        u1_0.is_active,
        u1_0.password_hash,
        u1_0.phone,
        u1_0.role 
    from
        users u1_0 
    where
        u1_0.phone=?
2025-07-03 07:12:25.593 [pool-14-thread-14] DEBUG org.hibernate.SQL - 
    insert 
    into
        users
        (address, email, full_name, is_active, password_hash, phone, role, id) 
    values
        (?, ?, ?, ?, ?, ?, ?, ?)
Hibernate: 
    insert 
    into
        users
        (address, email, full_name, is_active, password_hash, phone, role, id) 
    values
        (?, ?, ?, ?, ?, ?, ?, ?)
  ❌ Thread 10 ناموفق: HibernateException
2025-07-03 07:12:25.593 [pool-14-thread-12] DEBUG org.hibernate.SQL - 
    select
        u1_0.id,
        u1_0.address,
        u1_0.email,
        u1_0.full_name,
        u1_0.is_active,
        u1_0.password_hash,
        u1_0.phone,
        u1_0.role 
    from
        users u1_0 
    where
        u1_0.phone=?
Hibernate: 
    select
        u1_0.id,
        u1_0.address,
        u1_0.email,
        u1_0.full_name,
        u1_0.is_active,
        u1_0.password_hash,
        u1_0.phone,
        u1_0.role 
    from
        users u1_0 
    where
        u1_0.phone=?
  ❌ Thread 11 ناموفق: HibernateException
2025-07-03 07:12:25.593 [pool-14-thread-13] DEBUG org.hibernate.SQL - 
    select
        u1_0.id,
        u1_0.address,
        u1_0.email,
        u1_0.full_name,
        u1_0.is_active,
        u1_0.password_hash,
        u1_0.phone,
        u1_0.role 
    from
        users u1_0 
    where
        u1_0.phone=?
Hibernate: 
    select
        u1_0.id,
        u1_0.address,
        u1_0.email,
        u1_0.full_name,
        u1_0.is_active,
        u1_0.password_hash,
        u1_0.phone,
        u1_0.role 
    from
        users u1_0 
    where
        u1_0.phone=?
  ❌ Thread 12 ناموفق: HibernateException
2025-07-03 07:12:25.593 [pool-14-thread-17] DEBUG org.hibernate.SQL - 
    select
        u1_0.id,
        u1_0.address,
        u1_0.email,
        u1_0.full_name,
        u1_0.is_active,
        u1_0.password_hash,
        u1_0.phone,
        u1_0.role 
    from
        users u1_0 
    where
        u1_0.phone=?
Hibernate: 
    select
        u1_0.id,
        u1_0.address,
        u1_0.email,
        u1_0.full_name,
        u1_0.is_active,
        u1_0.password_hash,
        u1_0.phone,
        u1_0.role 
    from
        users u1_0 
    where
        u1_0.phone=?
  ❌ Thread 16 ناموفق: HibernateException
2025-07-03 07:12:25.593 [pool-14-thread-18] DEBUG org.hibernate.SQL - 
    select
        u1_0.id,
        u1_0.address,
        u1_0.email,
        u1_0.full_name,
        u1_0.is_active,
        u1_0.password_hash,
        u1_0.phone,
        u1_0.role 
    from
        users u1_0 
    where
        u1_0.phone=?
Hibernate: 
    select
        u1_0.id,
        u1_0.address,
        u1_0.email,
        u1_0.full_name,
        u1_0.is_active,
        u1_0.password_hash,
        u1_0.phone,
        u1_0.role 
    from
        users u1_0 
    where
        u1_0.phone=?
  ❌ Thread 17 ناموفق: HibernateException
  ✅ Thread 4 موفق شد
2025-07-03 07:12:25.594 [pool-14-thread-19] DEBUG org.hibernate.SQL - 
    select
        u1_0.id,
        u1_0.address,
        u1_0.email,
        u1_0.full_name,
        u1_0.is_active,
        u1_0.password_hash,
        u1_0.phone,
        u1_0.role 
    from
        users u1_0 
    where
        u1_0.phone=?
Hibernate: 
    select
        u1_0.id,
        u1_0.address,
        u1_0.email,
        u1_0.full_name,
        u1_0.is_active,
        u1_0.password_hash,
        u1_0.phone,
        u1_0.role 
    from
        users u1_0 
    where
        u1_0.phone=?
2025-07-03 07:12:25.594 [pool-14-thread-10] DEBUG org.hibernate.SQL - 
    select
        u1_0.id,
        u1_0.address,
        u1_0.email,
        u1_0.full_name,
        u1_0.is_active,
        u1_0.password_hash,
        u1_0.phone,
        u1_0.role 
    from
        users u1_0 
    where
        u1_0.phone=?
Hibernate: 
    select
        u1_0.id,
        u1_0.address,
        u1_0.email,
        u1_0.full_name,
        u1_0.is_active,
        u1_0.password_hash,
        u1_0.phone,
        u1_0.role 
    from
        users u1_0 
    where
        u1_0.phone=?
  ❌ Thread 9 ناموفق: HibernateException
2025-07-03 07:12:25.594 [pool-14-thread-15] DEBUG org.hibernate.SQL - 
    select
        u1_0.id,
        u1_0.address,
        u1_0.email,
        u1_0.full_name,
        u1_0.is_active,
        u1_0.password_hash,
        u1_0.phone,
        u1_0.role 
    from
        users u1_0 
    where
        u1_0.phone=?
Hibernate: 
    select
        u1_0.id,
        u1_0.address,
        u1_0.email,
        u1_0.full_name,
        u1_0.is_active,
        u1_0.password_hash,
        u1_0.phone,
        u1_0.role 
    from
        users u1_0 
    where
        u1_0.phone=?
  ❌ Thread 14 ناموفق: HibernateException
  ❌ Thread 18 ناموفق: 2025-07-03 07:12:25.594 [pool-14-thread-16] DEBUG org.hibernate.SQL - 
    select
        u1_0.id,
        u1_0.address,
        u1_0.email,
        u1_0.full_name,
        u1_0.is_active,
        u1_0.password_hash,
        u1_0.phone,
        u1_0.role 
    from
        users u1_0 
    where
        u1_0.phone=?
DuplicatePhoneException
Hibernate: 
    select
        u1_0.id,
        u1_0.address,
        u1_0.email,
        u1_0.full_name,
        u1_0.is_active,
        u1_0.password_hash,
        u1_0.phone,
        u1_0.role 
    from
        users u1_0 
    where
        u1_0.phone=?
2025-07-03 07:12:25.594 [pool-14-thread-20] DEBUG org.hibernate.SQL - 
    select
        u1_0.id,
        u1_0.address,
        u1_0.email,
        u1_0.full_name,
        u1_0.is_active,
        u1_0.password_hash,
        u1_0.phone,
        u1_0.role 
    from
        users u1_0 
    where
        u1_0.phone=?
Hibernate: 
    select
        u1_0.id,
        u1_0.address,
        u1_0.email,
        u1_0.full_name,
        u1_0.is_active,
        u1_0.password_hash,
        u1_0.phone,
        u1_0.role 
    from
        users u1_0 
    where
        u1_0.phone=?
  ❌ Thread 19 ناموفق: HibernateException
2025-07-03 07:12:25.594 [pool-14-thread-21] DEBUG org.hibernate.SQL - 
    select
        u1_0.id,
        u1_0.address,
        u1_0.email,
        u1_0.full_name,
        u1_0.is_active,
        u1_0.password_hash,
        u1_0.phone,
        u1_0.role 
    from
        users u1_0 
    where
        u1_0.phone=?
Hibernate: 
    select
        u1_0.id,
        u1_0.address,
        u1_0.email,
        u1_0.full_name,
        u1_0.is_active,
        u1_0.password_hash,
        u1_0.phone,
        u1_0.role 
    from
        users u1_0 
    where
        u1_0.phone=?
  ❌ Thread 15 ناموفق: DuplicatePhoneException
2025-07-03 07:12:25.594 [pool-14-thread-22] DEBUG org.hibernate.SQL - 
    select
        u1_0.id,
        u1_0.address,
        u1_0.email,
        u1_0.full_name,
        u1_0.is_active,
        u1_0.password_hash,
        u1_0.phone,
        u1_0.role 
    from
        users u1_0 
    where
        u1_0.phone=?
  ❌ Thread Hibernate: 
    select
        u1_0.id,
        u1_0.address,
        u1_0.email,
        u1_0.full_name,
        u1_0.is_active,
        u1_0.password_hash,
        u1_0.phone,
        u1_0.role 
    from
        users u1_0 
    where
        u1_0.phone=?
20 ناموفق: DuplicatePhoneException
2025-07-03 07:12:25.594 [pool-14-thread-23] DEBUG org.hibernate.SQL - 
    select
        u1_0.id,
        u1_0.address,
        u1_0.email,
        u1_0.full_name,
        u1_0.is_active,
        u1_0.password_hash,
        u1_0.phone,
        u1_0.role 
    from
        users u1_0 
    where
        u1_0.phone=?
Hibernate: 
    select
        u1_0.id,
        u1_0.address,
        u1_0.email,
        u1_0.full_name,
        u1_0.is_active,
        u1_0.password_hash,
        u1_0.phone,
        u1_0.role 
    from
        users u1_0 
    where
        u1_0.phone=?
  ❌ Thread 22 ناموفق: HibernateException
  ❌ Thread 21 ناموفق: DuplicatePhoneException
2025-07-03 07:12:25.594 [pool-14-thread-24] DEBUG org.hibernate.SQL - 
    select
        u1_0.id,
        u1_0.address,
        u1_0.email,
        u1_0.full_name,
        u1_0.is_active,
        u1_0.password_hash,
        u1_0.phone,
        u1_0.role 
    from
        users u1_0 
    where
        u1_0.phone=?
Hibernate: 
    select
        u1_0.id,
        u1_0.address,
        u1_0.email,
        u1_0.full_name,
        u1_0.is_active,
        u1_0.password_hash,
        u1_0.phone,
        u1_0.role 
    from
        users u1_0 
    where
        u1_0.phone=?
2025-07-03 07:12:25.594 [pool-14-thread-25] DEBUG org.hibernate.SQL - 
    select
        u1_0.id,
        u1_0.address,
        u1_0.email,
        u1_0.full_name,
        u1_0.is_active,
        u1_0.password_hash,
        u1_0.phone,
        u1_0.role 
    from
        users u1_0 
    where
        u1_0.phone=?
Hibernate: 
    select
        u1_0.id,
        u1_0.address,
        u1_0.email,
        u1_0.full_name,
        u1_0.is_active,
        u1_0.password_hash,
        u1_0.phone,
        u1_0.role 
    from
        users u1_0 
    where
        u1_0.phone=?
  ❌ Thread 24 ناموفق: HibernateException
2025-07-03 07:12:25.594 [pool-14-thread-29] DEBUG org.hibernate.SQL - 
    select
        u1_0.id,
        u1_0.address,
        u1_0.email,
        u1_0.full_name,
        u1_0.is_active,
        u1_0.password_hash,
        u1_0.phone,
        u1_0.role 
    from
        users u1_0 
    where
        u1_0.phone=?
Hibernate: 
    select
        u1_0.id,
        u1_0.address,
        u1_0.email,
        u1_0.full_name,
        u1_0.is_active,
        u1_0.password_hash,
        u1_0.phone,
        u1_0.role 
    from
        users u1_0 
    where
        u1_0.phone=?
  ❌ Thread 23 ناموفق: DuplicatePhoneException
  ❌ Thread 2025-07-03 07:12:25.595 [pool-14-thread-27] DEBUG org.hibernate.SQL - 
    select
        u1_0.id,
        u1_0.address,
        u1_0.email,
        u1_0.full_name,
        u1_0.is_active,
        u1_0.password_hash,
        u1_0.phone,
        u1_0.role 
    from
        users u1_0 
    where
        u1_0.phone=?
28 ناموفق: DuplicatePhoneException
Hibernate: 
    select
        u1_0.id,
        u1_0.address,
        u1_0.email,
        u1_0.full_name,
        u1_0.is_active,
        u1_0.password_hash,
        u1_0.phone,
        u1_0.role 
    from
        users u1_0 
    where
        u1_0.phone=?
2025-07-03 07:12:25.595 [pool-14-thread-28] DEBUG org.hibernate.SQL - 
    select
        u1_0.id,
        u1_0.address,
        u1_0.email,
        u1_0.full_name,
        u1_0.is_active,
        u1_0.password_hash,
        u1_0.phone,
        u1_0.role 
    from
        users u1_0 
    where
        u1_0.phone=?
Hibernate: 
    select
        u1_0.id,
        u1_0.address,
        u1_0.email,
        u1_0.full_name,
        u1_0.is_active,
        u1_0.password_hash,
        u1_0.phone,
        u1_0.role 
    from
        users u1_0 
    where
        u1_0.phone=?
  ❌ Thread 27 ناموفق: HibernateException
2025-07-03 07:12:25.595 [pool-14-thread-26] DEBUG org.hibernate.SQL - 
    select
        u1_0.id,
        u1_0.address,
        u1_0.email,
        u1_0.full_name,
        u1_0.is_active,
        u1_0.password_hash,
        u1_0.phone,
        u1_0.role 
    from
        users u1_0 
    where
        u1_0.phone=?
Hibernate: 
    select
        u1_0.id,
        u1_0.address,
        u1_0.email,
        u1_0.full_name,
        u1_0.is_active,
        u1_0.password_hash,
        u1_0.phone,
        u1_0.role 
    from
        users u1_0 
    where
        u1_0.phone=?
  ❌ Thread 25 ناموفق: HibernateException
  ❌ Thread 26 ناموفق: DuplicatePhoneException
2025-07-03 07:12:25.595 [pool-14-thread-30] DEBUG org.hibernate.SQL - 
    select
        u1_0.id,
        u1_0.address,
        u1_0.email,
        u1_0.full_name,
        u1_0.is_active,
        u1_0.password_hash,
        u1_0.phone,
        u1_0.role 
    from
        users u1_0 
    where
        u1_0.phone=?
Hibernate: 
    select
        u1_0.id,
        u1_0.address,
        u1_0.email,
        u1_0.full_name,
        u1_0.is_active,
        u1_0.password_hash,
        u1_0.phone,
        u1_0.role 
    from
        users u1_0 
    where
        u1_0.phone=?
2025-07-03 07:12:25.595 [pool-14-thread-31] DEBUG org.hibernate.SQL - 
    select
        u1_0.id,
        u1_0.address,
        u1_0.email,
        u1_0.full_name,
        u1_0.is_active,
        u1_0.password_hash,
        u1_0.phone,
        u1_0.role 
    from
        users u1_0 
    where
        u1_0.phone=?
Hibernate: 
    select
        u1_0.id,
        u1_0.address,
        u1_0.email,
        u1_0.full_name,
        u1_0.is_active,
        u1_0.password_hash,
        u1_0.phone,
        u1_0.role 
    from
        users u1_0 
    where
        u1_0.phone=?
  ❌ Thread 30 ناموفق: HibernateException
2025-07-03 07:12:25.595 [pool-14-thread-32] DEBUG org.hibernate.SQL - 
    select
        u1_0.id,
        u1_0.address,
        u1_0.email,
        u1_0.full_name,
        u1_0.is_active,
        u1_0.password_hash,
        u1_0.phone,
        u1_0.role 
    from
        users u1_0 
    where
        u1_0.phone=?
Hibernate: 
    select
        u1_0.id,
        u1_0.address,
        u1_0.email,
        u1_0.full_name,
        u1_0.is_active,
        u1_0.password_hash,
        u1_0.phone,
        u1_0.role 
    from
        users u1_0 
    where
        u1_0.phone=?
  ❌ Thread 29 ناموفق: DuplicatePhoneException
2025-07-03 07:12:25.595 [pool-14-thread-33] DEBUG org.hibernate.SQL - 
    select
        u1_0.id,
        u1_0.address,
        u1_0.email,
        u1_0.full_name,
        u1_0.is_active,
        u1_0.password_hash,
        u1_0.phone,
        u1_0.role 
    from
        users u1_0 
    where
        u1_0.phone=?
Hibernate: 
    select
        u1_0.id,
        u1_0.address,
        u1_0.email,
        u1_0.full_name,
        u1_0.is_active,
        u1_0.password_hash,
        u1_0.phone,
        u1_0.role 
    from
        users u1_0 
    where
        u1_0.phone=?
  ❌ Thread 32 ناموفق: HibernateException
  ❌ Thread 31 ناموفق: DuplicatePhoneException
2025-07-03 07:12:25.595 [pool-14-thread-34] DEBUG org.hibernate.SQL - 
    select
        u1_0.id,
        u1_0.address,
        u1_0.email,
        u1_0.full_name,
        u1_0.is_active,
        u1_0.password_hash,
        u1_0.phone,
        u1_0.role 
    from
        users u1_0 
    where
        u1_0.phone=?
Hibernate: 
    select
        u1_0.id,
        u1_0.address,
        u1_0.email,
        u1_0.full_name,
        u1_0.is_active,
        u1_0.password_hash,
        u1_0.phone,
        u1_0.role 
    from
        users u1_0 
    where
        u1_0.phone=?
2025-07-03 07:12:25.596 [pool-14-thread-35] DEBUG org.hibernate.SQL - 
    select
        u1_0.id,
        u1_0.address,
        u1_0.email,
        u1_0.full_name,
        u1_0.is_active,
        u1_0.password_hash,
        u1_0.phone,
        u1_0.role 
    from
        users u1_0 
    where
        u1_0.phone=?
Hibernate: 
    select
        u1_0.id,
        u1_0.address,
        u1_0.email,
        u1_0.full_name,
        u1_0.is_active,
        u1_0.password_hash,
        u1_0.phone,
        u1_0.role 
    from
        users u1_0 
    where
        u1_0.phone=?
  ❌ Thread 34 ناموفق: HibernateException
  ❌ Thread 33 ناموفق: DuplicatePhoneException
2025-07-03 07:12:25.596 [pool-14-thread-36] DEBUG org.hibernate.SQL - 
    select
        u1_0.id,
        u1_0.address,
        u1_0.email,
        u1_0.full_name,
        u1_0.is_active,
        u1_0.password_hash,
        u1_0.phone,
        u1_0.role 
    from
        users u1_0 
    where
        u1_0.phone=?
Hibernate: 
    select
        u1_0.id,
        u1_0.address,
        u1_0.email,
        u1_0.full_name,
        u1_0.is_active,
        u1_0.password_hash,
        u1_0.phone,
        u1_0.role 
    from
        users u1_0 
    where
        u1_0.phone=?
2025-07-03 07:12:25.596 [pool-14-thread-37] DEBUG org.hibernate.SQL - 
    select
        u1_0.id,
        u1_0.address,
        u1_0.email,
        u1_0.full_name,
        u1_0.is_active,
        u1_0.password_hash,
        u1_0.phone,
        u1_0.role 
    from
        users u1_0 
    where
        u1_0.phone=?
Hibernate: 
    select
        u1_0.id,
        u1_0.address,
        u1_0.email,
        u1_0.full_name,
        u1_0.is_active,
        u1_0.password_hash,
        u1_0.phone,
        u1_0.role 
    from
        users u1_0 
    where
        u1_0.phone=?
  ❌ Thread 36 ناموفق: HibernateException
  ❌ Thread 35 ناموفق: DuplicatePhoneException
2025-07-03 07:12:25.596 [pool-14-thread-39] DEBUG org.hibernate.SQL - 
    select
        u1_0.id,
        u1_0.address,
        u1_0.email,
        u1_0.full_name,
        u1_0.is_active,
        u1_0.password_hash,
        u1_0.phone,
        u1_0.role 
    from
        users u1_0 
    where
        u1_0.phone=?
Hibernate: 
    select
        u1_0.id,
        u1_0.address,
        u1_0.email,
        u1_0.full_name,
        u1_0.is_active,
        u1_0.password_hash,
        u1_0.phone,
        u1_0.role 
    from
        users u1_0 
    where
        u1_0.phone=?
2025-07-03 07:12:25.596 [pool-14-thread-38] DEBUG org.hibernate.SQL - 
    select
        u1_0.id,
        u1_0.address,
        u1_0.email,
        u1_0.full_name,
        u1_0.is_active,
        u1_0.password_hash,
        u1_0.phone,
        u1_0.role 
    from
        users u1_0 
    where
        u1_0.phone=?
Hibernate: 
    select
        u1_0.id,
        u1_0.address,
        u1_0.email,
        u1_0.full_name,
        u1_0.is_active,
        u1_0.password_hash,
        u1_0.phone,
        u1_0.role 
    from
        users u1_0 
    where
        u1_0.phone=?
  ❌ Thread 37 ناموفق: HibernateException
2025-07-03 07:12:25.596 [pool-14-thread-40] DEBUG org.hibernate.SQL - 
    select
        u1_0.id,
        u1_0.address,
        u1_0.email,
        u1_0.full_name,
        u1_0.is_active,
        u1_0.password_hash,
        u1_0.phone,
        u1_0.role 
    from
        users u1_0 
    where
        u1_0.phone=?
Hibernate: 
    select
        u1_0.id,
        u1_0.address,
        u1_0.email,
        u1_0.full_name,
        u1_0.is_active,
        u1_0.password_hash,
        u1_0.phone,
        u1_0.role 
    from
        users u1_0 
    where
        u1_0.phone=?
  ❌ Thread 38 ناموفق: DuplicatePhoneException
  ❌ Thread 39 ناموفق: DuplicatePhoneException
2025-07-03 07:12:25.596 [pool-14-thread-41] DEBUG org.hibernate.SQL - 
    select
        u1_0.id,
        u1_0.address,
        u1_0.email,
        u1_0.full_name,
        u1_0.is_active,
        u1_0.password_hash,
        u1_0.phone,
        u1_0.role 
    from
        users u1_0 
    where
        u1_0.phone=?
Hibernate: 
    select
        u1_0.id,
        u1_0.address,
        u1_0.email,
        u1_0.full_name,
        u1_0.is_active,
        u1_0.password_hash,
        u1_0.phone,
        u1_0.role 
    from
        users u1_0 
    where
        u1_0.phone=?
2025-07-03 07:12:25.596 [pool-14-thread-42] DEBUG org.hibernate.SQL - 
    select
        u1_0.id,
        u1_0.address,
        u1_0.email,
        u1_0.full_name,
        u1_0.is_active,
        u1_0.password_hash,
        u1_0.phone,
        u1_0.role 
    from
        users u1_0 
    where
        u1_0.phone=?
Hibernate: 
    select
        u1_0.id,
        u1_0.address,
        u1_0.email,
        u1_0.full_name,
        u1_0.is_active,
        u1_0.password_hash,
        u1_0.phone,
        u1_0.role 
    from
        users u1_0 
    where
        u1_0.phone=?
  ❌ Thread 41 ناموفق: HibernateException
2025-07-03 07:12:25.597 [pool-14-thread-43] DEBUG org.hibernate.SQL - 
    select
        u1_0.id,
        u1_0.address,
        u1_0.email,
        u1_0.full_name,
        u1_0.is_active,
        u1_0.password_hash,
        u1_0.phone,
        u1_0.role 
    from
        users u1_0 
    where
        u1_0.phone=?
  ❌ Thread 2025-07-03 07:12:25.597 [pool-14-thread-44] DEBUG org.hibernate.SQL - 
    select
        u1_0.id,
        u1_0.address,
        u1_0.email,
        u1_0.full_name,
        u1_0.is_active,
        u1_0.password_hash,
        u1_0.phone,
        u1_0.role 
    from
        users u1_0 
    where
        u1_0.phone=?
40Hibernate: 
    select
        u1_0.id,
        u1_0.address,
        u1_0.email,
        u1_0.full_name,
        u1_0.is_active,
        u1_0.password_hash,
        u1_0.phone,
        u1_0.role 
    from
        users u1_0 
    where
        u1_0.phone=?
 ناموفق: Hibernate: 
    select
        u1_0.id,
        u1_0.address,
        u1_0.email,
        u1_0.full_name,
        u1_0.is_active,
        u1_0.password_hash,
        u1_0.phone,
        u1_0.role 
    from
        users u1_0 
    where
        u1_0.phone=?
DuplicatePhoneException
  ❌ Thread 42 ناموفق: HibernateException
2025-07-03 07:12:25.597 [pool-14-thread-45] DEBUG org.hibernate.SQL - 
    select
        u1_0.id,
        u1_0.address,
        u1_0.email,
        u1_0.full_name,
        u1_0.is_active,
        u1_0.password_hash,
        u1_0.phone,
        u1_0.role 
    from
        users u1_0 
    where
        u1_0.phone=?
Hibernate: 
    select
        u1_0.id,
        u1_0.address,
        u1_0.email,
        u1_0.full_name,
        u1_0.is_active,
        u1_0.password_hash,
        u1_0.phone,
        u1_0.role 
    from
        users u1_0 
    where
        u1_0.phone=?
  ❌ Thread 44 ناموفق: HibernateException
2025-07-03 07:12:25.597 [pool-14-thread-46] DEBUG org.hibernate.SQL - 
    select
        u1_0.id,
        u1_0.address,
        u1_0.email,
        u1_0.full_name,
        u1_0.is_active,
        u1_0.password_hash,
        u1_0.phone,
        u1_0.role 
    from
        users u1_0 
    where
        u1_0.phone=?
  ❌ Thread Hibernate: 
    select
        u1_0.id,
        u1_0.address,
        u1_0.email,
        u1_0.full_name,
        u1_0.is_active,
        u1_0.password_hash,
        u1_0.phone,
        u1_0.role 
    from
        users u1_0 
    where
        u1_0.phone=?
43 ناموفق: DuplicatePhoneException
  ❌ Thread 45 ناموفق: DuplicatePhoneException
2025-07-03 07:12:25.597 [pool-14-thread-47] DEBUG org.hibernate.SQL - 
    select
        u1_0.id,
        u1_0.address,
        u1_0.email,
        u1_0.full_name,
        u1_0.is_active,
        u1_0.password_hash,
        u1_0.phone,
        u1_0.role 
    from
        users u1_0 
    where
        u1_0.phone=?
Hibernate: 
    select
        u1_0.id,
        u1_0.address,
        u1_0.email,
        u1_0.full_name,
        u1_0.is_active,
        u1_0.password_hash,
        u1_0.phone,
        u1_0.role 
    from
        users u1_0 
    where
        u1_0.phone=?
2025-07-03 07:12:25.597 [pool-14-thread-48] DEBUG org.hibernate.SQL - 
    select
        u1_0.id,
        u1_0.address,
        u1_0.email,
        u1_0.full_name,
        u1_0.is_active,
        u1_0.password_hash,
        u1_0.phone,
        u1_0.role 
    from
        users u1_0 
    where
        u1_0.phone=?
Hibernate: 
    select
        u1_0.id,
        u1_0.address,
        u1_0.email,
        u1_0.full_name,
        u1_0.is_active,
        u1_0.password_hash,
        u1_0.phone,
        u1_0.role 
    from
        users u1_0 
    where
        u1_0.phone=?
  ❌ Thread 47 ناموفق: HibernateException
  ❌ Thread 46 ناموفق: DuplicatePhoneException
2025-07-03 07:12:25.597 [pool-14-thread-49] DEBUG org.hibernate.SQL - 
    select
        u1_0.id,
        u1_0.address,
        u1_0.email,
        u1_0.full_name,
        u1_0.is_active,
        u1_0.password_hash,
        u1_0.phone,
        u1_0.role 
    from
        users u1_0 
    where
        u1_0.phone=?
Hibernate: 
    select
        u1_0.id,
        u1_0.address,
        u1_0.email,
        u1_0.full_name,
        u1_0.is_active,
        u1_0.password_hash,
        u1_0.phone,
        u1_0.role 
    from
        users u1_0 
    where
        u1_0.phone=?
  ❌ Thread 48 ناموفق: DuplicatePhoneException
2025-07-03 07:12:25.597 [pool-14-thread-50] DEBUG org.hibernate.SQL - 
    select
        u1_0.id,
        u1_0.address,
        u1_0.email,
        u1_0.full_name,
        u1_0.is_active,
        u1_0.password_hash,
        u1_0.phone,
        u1_0.role 
    from
        users u1_0 
    where
        u1_0.phone=?
Hibernate: 
    select
        u1_0.id,
        u1_0.address,
        u1_0.email,
        u1_0.full_name,
        u1_0.is_active,
        u1_0.password_hash,
        u1_0.phone,
        u1_0.role 
    from
        users u1_0 
    where
        u1_0.phone=?
  ❌ Thread 49 ناموفق: DuplicatePhoneException
2025-07-03 07:12:25.609 [pool-14-thread-3] ERROR org.hibernate.orm.jdbc.batch - HHH100501: Exception executing batch [org.sqlite.SQLiteException: [SQLITE_CONSTRAINT_UNIQUE] A UNIQUE constraint failed (UNIQUE constraint failed: users.phone)], SQL: insert into users (address,email,full_name,is_active,password_hash,phone,role,id) values (?,?,?,?,?,?,?,?)
2025-07-03 07:12:25.609 [pool-14-thread-3] WARN  o.h.e.jdbc.spi.SqlExceptionHelper - SQL Error: 19, SQLState: null
2025-07-03 07:12:25.609 [pool-14-thread-3] ERROR o.h.e.jdbc.spi.SqlExceptionHelper - [SQLITE_CONSTRAINT_UNIQUE] A UNIQUE constraint failed (UNIQUE constraint failed: users.phone)
  ❌ Thread 2 ناموفق: GenericJDBCException
2025-07-03 07:12:25.619 [pool-14-thread-7] ERROR org.hibernate.orm.jdbc.batch - HHH100501: Exception executing batch [org.sqlite.SQLiteException: [SQLITE_CONSTRAINT_UNIQUE] A UNIQUE constraint failed (UNIQUE constraint failed: users.phone)], SQL: insert into users (address,email,full_name,is_active,password_hash,phone,role,id) values (?,?,?,?,?,?,?,?)
2025-07-03 07:12:25.619 [pool-14-thread-7] WARN  o.h.e.jdbc.spi.SqlExceptionHelper - SQL Error: 19, SQLState: null
2025-07-03 07:12:25.619 [pool-14-thread-7] ERROR o.h.e.jdbc.spi.SqlExceptionHelper - [SQLITE_CONSTRAINT_UNIQUE] A UNIQUE constraint failed (UNIQUE constraint failed: users.phone)
  ❌ Thread 6 ناموفق: GenericJDBCException
2025-07-03 07:12:25.627 [pool-14-thread-2] ERROR org.hibernate.orm.jdbc.batch - HHH100501: Exception executing batch [org.sqlite.SQLiteException: [SQLITE_CONSTRAINT_UNIQUE] A UNIQUE constraint failed (UNIQUE constraint failed: users.phone)], SQL: insert into users (address,email,full_name,is_active,password_hash,phone,role,id) values (?,?,?,?,?,?,?,?)
2025-07-03 07:12:25.627 [pool-14-thread-2] WARN  o.h.e.jdbc.spi.SqlExceptionHelper - SQL Error: 19, SQLState: null
2025-07-03 07:12:25.627 [pool-14-thread-2] ERROR o.h.e.jdbc.spi.SqlExceptionHelper - [SQLITE_CONSTRAINT_UNIQUE] A UNIQUE constraint failed (UNIQUE constraint failed: users.phone)
  ❌ Thread 1 ناموفق: GenericJDBCException
2025-07-03 07:12:25.642 [pool-14-thread-6] ERROR org.hibernate.orm.jdbc.batch - HHH100501: Exception executing batch [org.sqlite.SQLiteException: [SQLITE_CONSTRAINT_UNIQUE] A UNIQUE constraint failed (UNIQUE constraint failed: users.phone)], SQL: insert into users (address,email,full_name,is_active,password_hash,phone,role,id) values (?,?,?,?,?,?,?,?)
2025-07-03 07:12:25.642 [pool-14-thread-6] WARN  o.h.e.jdbc.spi.SqlExceptionHelper - SQL Error: 19, SQLState: null
2025-07-03 07:12:25.642 [pool-14-thread-6] ERROR o.h.e.jdbc.spi.SqlExceptionHelper - [SQLITE_CONSTRAINT_UNIQUE] A UNIQUE constraint failed (UNIQUE constraint failed: users.phone)
  ❌ Thread 5 ناموفق: GenericJDBCException
2025-07-03 07:12:25.661 [pool-14-thread-1] ERROR org.hibernate.orm.jdbc.batch - HHH100501: Exception executing batch [org.sqlite.SQLiteException: [SQLITE_CONSTRAINT_UNIQUE] A UNIQUE constraint failed (UNIQUE constraint failed: users.phone)], SQL: insert into users (address,email,full_name,is_active,password_hash,phone,role,id) values (?,?,?,?,?,?,?,?)
2025-07-03 07:12:25.661 [pool-14-thread-1] WARN  o.h.e.jdbc.spi.SqlExceptionHelper - SQL Error: 19, SQLState: null
2025-07-03 07:12:25.661 [pool-14-thread-1] ERROR o.h.e.jdbc.spi.SqlExceptionHelper - [SQLITE_CONSTRAINT_UNIQUE] A UNIQUE constraint failed (UNIQUE constraint failed: users.phone)
  ❌ Thread 0 ناموفق: GenericJDBCException
2025-07-03 07:12:25.693 [pool-14-thread-4] ERROR org.hibernate.orm.jdbc.batch - HHH100501: Exception executing batch [org.sqlite.SQLiteException: [SQLITE_CONSTRAINT_UNIQUE] A UNIQUE constraint failed (UNIQUE constraint failed: users.phone)], SQL: insert into users (address,email,full_name,is_active,password_hash,phone,role,id) values (?,?,?,?,?,?,?,?)
2025-07-03 07:12:25.693 [pool-14-thread-4] WARN  o.h.e.jdbc.spi.SqlExceptionHelper - SQL Error: 19, SQLState: null
2025-07-03 07:12:25.693 [pool-14-thread-4] ERROR o.h.e.jdbc.spi.SqlExceptionHelper - [SQLITE_CONSTRAINT_UNIQUE] A UNIQUE constraint failed (UNIQUE constraint failed: users.phone)
  ❌ Thread 3 ناموفق: GenericJDBCException
2025-07-03 07:12:25.727 [pool-14-thread-14] ERROR org.hibernate.orm.jdbc.batch - HHH100501: Exception executing batch [org.sqlite.SQLiteException: [SQLITE_CONSTRAINT_UNIQUE] A UNIQUE constraint failed (UNIQUE constraint failed: users.phone)], SQL: insert into users (address,email,full_name,is_active,password_hash,phone,role,id) values (?,?,?,?,?,?,?,?)
2025-07-03 07:12:25.727 [pool-14-thread-14] WARN  o.h.e.jdbc.spi.SqlExceptionHelper - SQL Error: 19, SQLState: null
2025-07-03 07:12:25.727 [pool-14-thread-14] ERROR o.h.e.jdbc.spi.SqlExceptionHelper - [SQLITE_CONSTRAINT_UNIQUE] A UNIQUE constraint failed (UNIQUE constraint failed: users.phone)
  ❌ Thread 13 ناموفق: GenericJDBCException
2025-07-03 07:12:25.761 [pool-14-thread-8] ERROR org.hibernate.orm.jdbc.batch - HHH100501: Exception executing batch [org.sqlite.SQLiteException: [SQLITE_CONSTRAINT_UNIQUE] A UNIQUE constraint failed (UNIQUE constraint failed: users.phone)], SQL: insert into users (address,email,full_name,is_active,password_hash,phone,role,id) values (?,?,?,?,?,?,?,?)
2025-07-03 07:12:25.761 [pool-14-thread-8] WARN  o.h.e.jdbc.spi.SqlExceptionHelper - SQL Error: 19, SQLState: null
2025-07-03 07:12:25.761 [pool-14-thread-8] ERROR o.h.e.jdbc.spi.SqlExceptionHelper - [SQLITE_CONSTRAINT_UNIQUE] A UNIQUE constraint failed (UNIQUE constraint failed: users.phone)
  ❌ Thread 7 ناموفق: GenericJDBCException
2025-07-03 07:12:25.792 [pool-14-thread-9] ERROR org.hibernate.orm.jdbc.batch - HHH100501: Exception executing batch [org.sqlite.SQLiteException: [SQLITE_CONSTRAINT_UNIQUE] A UNIQUE constraint failed (UNIQUE constraint failed: users.phone)], SQL: insert into users (address,email,full_name,is_active,password_hash,phone,role,id) values (?,?,?,?,?,?,?,?)
2025-07-03 07:12:25.792 [pool-14-thread-9] WARN  o.h.e.jdbc.spi.SqlExceptionHelper - SQL Error: 19, SQLState: null
2025-07-03 07:12:25.792 [pool-14-thread-9] ERROR o.h.e.jdbc.spi.SqlExceptionHelper - [SQLITE_CONSTRAINT_UNIQUE] A UNIQUE constraint failed (UNIQUE constraint failed: users.phone)
  ❌ Thread 8 ناموفق: GenericJDBCException
📊 تحلیل نتایج تست همزمانی:
  📈 ثبت نام‌های موفق: 1 از 50
  📉 ثبت نام‌های ناموفق: 49
✅ حالت ایده‌آل: فقط یک ثبت نام موفق (phone constraint کامل)
✅ همه کاربران موفق همان شماره تلفن را دارند
🎉 تست ثبت نام همزمان با موفقیت تکمیل شد
]]></system-out>
  </testcase>
  <testcase name="concurrentRestaurantStatusUpdates_ConsistentFinalState" classname="com.myapp.stress.DatabasePerformanceTest$ConcurrentDatabaseTests" time="0.007">
    <system-out><![CDATA[2025-07-03 07:12:25.798 [main] DEBUG org.hibernate.SQL - 
    delete 
    from
        notifications
Hibernate: 
    delete 
    from
        notifications
2025-07-03 07:12:25.798 [main] DEBUG org.hibernate.SQL - 
    delete 
    from
        ratings
Hibernate: 
    delete 
    from
        ratings
2025-07-03 07:12:25.798 [main] DEBUG org.hibernate.SQL - 
    delete 
    from
        order_items
Hibernate: 
    delete 
    from
        order_items
2025-07-03 07:12:25.798 [main] DEBUG org.hibernate.SQL - 
    delete 
    from
        orders
Hibernate: 
    delete 
    from
        orders
2025-07-03 07:12:25.798 [main] DEBUG org.hibernate.SQL - 
    delete 
    from
        food_items
Hibernate: 
    delete 
    from
        food_items
2025-07-03 07:12:25.798 [main] DEBUG org.hibernate.SQL - 
    delete 
    from
        restaurants
Hibernate: 
    delete 
    from
        restaurants
2025-07-03 07:12:25.798 [main] DEBUG org.hibernate.SQL - 
    delete 
    from
        users
Hibernate: 
    delete 
    from
        users
2025-07-03 07:12:25.800 [main] DEBUG c.myapp.common.TestDatabaseManager - Cleaned all test data from database
2025-07-03 07:12:25.800 [main] DEBUG c.myapp.common.TestDatabaseManager - Test database cleanup completed
2025-07-03 07:12:25.800 [main] DEBUG org.hibernate.SQL - 
    insert 
    into
        restaurants
        (address, name, owner_id, phone, status, id) 
    values
        (?, ?, ?, ?, ?, ?)
Hibernate: 
    insert 
    into
        restaurants
        (address, name, owner_id, phone, status, id) 
    values
        (?, ?, ?, ?, ?, ?)
2025-07-03 07:12:25.802 [pool-15-thread-2] DEBUG org.hibernate.SQL - 
    select
        r1_0.id,
        r1_0.address,
        r1_0.name,
        r1_0.owner_id,
        r1_0.phone,
        r1_0.status 
    from
        restaurants r1_0 
    where
        r1_0.id=?
Hibernate: 
    select
        r1_0.id,
        r1_0.address,
        r1_0.name,
        r1_0.owner_id,
        r1_0.phone,
        r1_0.status 
    from
        restaurants r1_0 
    where
        r1_0.id=?
2025-07-03 07:12:25.802 [pool-15-thread-1] DEBUG org.hibernate.SQL - 
    select
        r1_0.id,
        r1_0.address,
        r1_0.name,
        r1_0.owner_id,
        r1_0.phone,
        r1_0.status 
    from
        restaurants r1_0 
    where
        r1_0.id=?
Hibernate: 
    select
        r1_0.id,
        r1_0.address,
        r1_0.name,
        r1_0.owner_id,
        r1_0.phone,
        r1_0.status 
    from
        restaurants r1_0 
    where
        r1_0.id=?
2025-07-03 07:12:25.802 [pool-15-thread-4] DEBUG org.hibernate.SQL - 
    select
        r1_0.id,
        r1_0.address,
        r1_0.name,
        r1_0.owner_id,
        r1_0.phone,
        r1_0.status 
    from
        restaurants r1_0 
    where
        r1_0.id=?
Hibernate: 
    select
        r1_0.id,
        r1_0.address,
        r1_0.name,
        r1_0.owner_id,
        r1_0.phone,
        r1_0.status 
    from
        restaurants r1_0 
    where
        r1_0.id=?
2025-07-03 07:12:25.802 [pool-15-thread-3] DEBUG org.hibernate.SQL - 
    select
        r1_0.id,
        r1_0.address,
        r1_0.name,
        r1_0.owner_id,
        r1_0.phone,
        r1_0.status 
    from
        restaurants r1_0 
    where
        r1_0.id=?
Hibernate: 
    select
        r1_0.id,
        r1_0.address,
        r1_0.name,
        r1_0.owner_id,
        r1_0.phone,
        r1_0.status 
    from
        restaurants r1_0 
    where
        r1_0.id=?
2025-07-03 07:12:25.803 [pool-15-thread-4] DEBUG org.hibernate.SQL - 
    select
        r1_0.id,
        r1_0.address,
        r1_0.name,
        r1_0.owner_id,
        r1_0.phone,
        r1_0.status 
    from
        restaurants r1_0 
    where
        r1_0.id=?
2025-07-03 07:12:25.803 [pool-15-thread-1] DEBUG org.hibernate.SQL - 
    select
        r1_0.id,
        r1_0.address,
        r1_0.name,
        r1_0.owner_id,
        r1_0.phone,
        r1_0.status 
    from
        restaurants r1_0 
    where
        r1_0.id=?
Hibernate: 
    select
        r1_0.id,
        r1_0.address,
        r1_0.name,
        r1_0.owner_id,
        r1_0.phone,
        r1_0.status 
    from
        restaurants r1_0 
    where
        r1_0.id=?
Hibernate: 
    select
        r1_0.id,
        r1_0.address,
        r1_0.name,
        r1_0.owner_id,
        r1_0.phone,
        r1_0.status 
    from
        restaurants r1_0 
    where
        r1_0.id=?
2025-07-03 07:12:25.803 [pool-15-thread-2] DEBUG org.hibernate.SQL - 
    select
        r1_0.id,
        r1_0.address,
        r1_0.name,
        r1_0.owner_id,
        r1_0.phone,
        r1_0.status 
    from
        restaurants r1_0 
    where
        r1_0.id=?
Hibernate: 
    select
        r1_0.id,
        r1_0.address,
        r1_0.name,
        r1_0.owner_id,
        r1_0.phone,
        r1_0.status 
    from
        restaurants r1_0 
    where
        r1_0.id=?
2025-07-03 07:12:25.803 [pool-15-thread-3] DEBUG org.hibernate.SQL - 
    select
        r1_0.id,
        r1_0.address,
        r1_0.name,
        r1_0.owner_id,
        r1_0.phone,
        r1_0.status 
    from
        restaurants r1_0 
    where
        r1_0.id=?
Hibernate: 
    select
        r1_0.id,
        r1_0.address,
        r1_0.name,
        r1_0.owner_id,
        r1_0.phone,
        r1_0.status 
    from
        restaurants r1_0 
    where
        r1_0.id=?
2025-07-03 07:12:25.803 [pool-15-thread-2] DEBUG org.hibernate.SQL - 
    update
        restaurants 
    set
        address=?,
        name=?,
        owner_id=?,
        phone=?,
        status=? 
    where
        id=?
Hibernate: 
    update
        restaurants 
    set
        address=?,
        name=?,
        owner_id=?,
        phone=?,
        status=? 
    where
        id=?
2025-07-03 07:12:25.803 [pool-15-thread-1] DEBUG org.hibernate.SQL - 
    update
        restaurants 
    set
        address=?,
        name=?,
        owner_id=?,
        phone=?,
        status=? 
    where
        id=?
Hibernate: 
    update
        restaurants 
    set
        address=?,
        name=?,
        owner_id=?,
        phone=?,
        status=? 
    where
        id=?
2025-07-03 07:12:25.803 [pool-15-thread-3] DEBUG org.hibernate.SQL - 
    update
        restaurants 
    set
        address=?,
        name=?,
        owner_id=?,
        phone=?,
        status=? 
    where
        id=?
Hibernate: 
    update
        restaurants 
    set
        address=?,
        name=?,
        owner_id=?,
        phone=?,
        status=? 
    where
        id=?
2025-07-03 07:12:25.803 [pool-15-thread-1] ERROR org.hibernate.orm.jdbc.batch - HHH100501: Exception executing batch [org.sqlite.SQLiteException: [SQLITE_BUSY] The database file is locked (database is locked)], SQL: update restaurants set address=?,name=?,owner_id=?,phone=?,status=? where id=?
2025-07-03 07:12:25.803 [pool-15-thread-3] ERROR org.hibernate.orm.jdbc.batch - HHH100501: Exception executing batch [org.sqlite.SQLiteException: [SQLITE_BUSY] The database file is locked (database is locked)], SQL: update restaurants set address=?,name=?,owner_id=?,phone=?,status=? where id=?
2025-07-03 07:12:25.803 [pool-15-thread-1] WARN  o.h.e.jdbc.spi.SqlExceptionHelper - SQL Error: 5, SQLState: null
2025-07-03 07:12:25.803 [pool-15-thread-1] ERROR o.h.e.jdbc.spi.SqlExceptionHelper - [SQLITE_BUSY] The database file is locked (database is locked)
2025-07-03 07:12:25.803 [pool-15-thread-3] WARN  o.h.e.jdbc.spi.SqlExceptionHelper - SQL Error: 5, SQLState: null
2025-07-03 07:12:25.803 [pool-15-thread-3] ERROR o.h.e.jdbc.spi.SqlExceptionHelper - [SQLITE_BUSY] The database file is locked (database is locked)
2025-07-03 07:12:25.804 [main] DEBUG org.hibernate.SQL - 
    select
        r1_0.id,
        r1_0.address,
        r1_0.name,
        r1_0.owner_id,
        r1_0.phone,
        r1_0.status 
    from
        restaurants r1_0 
    where
        r1_0.id=?
Hibernate: 
    select
        r1_0.id,
        r1_0.address,
        r1_0.name,
        r1_0.owner_id,
        r1_0.phone,
        r1_0.status 
    from
        restaurants r1_0 
    where
        r1_0.id=?
]]></system-out>
  </testcase>
  <testcase name="concurrentNotificationOperations_DataConsistency" classname="com.myapp.stress.DatabasePerformanceTest$ConcurrentDatabaseTests" time="0.321">
    <system-out><![CDATA[2025-07-03 07:12:25.805 [main] DEBUG org.hibernate.SQL - 
    delete 
    from
        notifications
Hibernate: 
    delete 
    from
        notifications
2025-07-03 07:12:25.805 [main] DEBUG org.hibernate.SQL - 
    delete 
    from
        ratings
Hibernate: 
    delete 
    from
        ratings
2025-07-03 07:12:25.805 [main] DEBUG org.hibernate.SQL - 
    delete 
    from
        order_items
Hibernate: 
    delete 
    from
        order_items
2025-07-03 07:12:25.805 [main] DEBUG org.hibernate.SQL - 
    delete 
    from
        orders
Hibernate: 
    delete 
    from
        orders
2025-07-03 07:12:25.805 [main] DEBUG org.hibernate.SQL - 
    delete 
    from
        food_items
Hibernate: 
    delete 
    from
        food_items
2025-07-03 07:12:25.805 [main] DEBUG org.hibernate.SQL - 
    delete 
    from
        restaurants
Hibernate: 
    delete 
    from
        restaurants
2025-07-03 07:12:25.806 [main] DEBUG org.hibernate.SQL - 
    delete 
    from
        users
Hibernate: 
    delete 
    from
        users
2025-07-03 07:12:25.807 [main] DEBUG c.myapp.common.TestDatabaseManager - Cleaned all test data from database
2025-07-03 07:12:25.807 [main] DEBUG c.myapp.common.TestDatabaseManager - Test database cleanup completed
2025-07-03 07:12:25.807 [main] DEBUG org.hibernate.SQL - 
    select
        u1_0.id,
        u1_0.address,
        u1_0.email,
        u1_0.full_name,
        u1_0.is_active,
        u1_0.password_hash,
        u1_0.phone,
        u1_0.role 
    from
        users u1_0 
    where
        u1_0.phone=?
Hibernate: 
    select
        u1_0.id,
        u1_0.address,
        u1_0.email,
        u1_0.full_name,
        u1_0.is_active,
        u1_0.password_hash,
        u1_0.phone,
        u1_0.role 
    from
        users u1_0 
    where
        u1_0.phone=?
2025-07-03 07:12:25.807 [main] DEBUG org.hibernate.SQL - 
    insert 
    into
        users
        (address, email, full_name, is_active, password_hash, phone, role, id) 
    values
        (?, ?, ?, ?, ?, ?, ?, ?)
Hibernate: 
    insert 
    into
        users
        (address, email, full_name, is_active, password_hash, phone, role, id) 
    values
        (?, ?, ?, ?, ?, ?, ?, ?)
2025-07-03 07:12:25.809 [pool-16-thread-2] DEBUG org.hibernate.SQL - 
    select
        u1_0.id,
        u1_0.address,
        u1_0.email,
        u1_0.full_name,
        u1_0.is_active,
        u1_0.password_hash,
        u1_0.phone,
        u1_0.role 
    from
        users u1_0 
    where
        u1_0.id=?
2025-07-03 07:12:25.809 [pool-16-thread-1] DEBUG org.hibernate.SQL - 
    select
        u1_0.id,
        u1_0.address,
        u1_0.email,
        u1_0.full_name,
        u1_0.is_active,
        u1_0.password_hash,
        u1_0.phone,
        u1_0.role 
    from
        users u1_0 
    where
        u1_0.id=?
Hibernate: 
    select
        u1_0.id,
        u1_0.address,
        u1_0.email,
        u1_0.full_name,
        u1_0.is_active,
        u1_0.password_hash,
        u1_0.phone,
        u1_0.role 
    from
        users u1_0 
    where
        u1_0.id=?
Hibernate: 
    select
        u1_0.id,
        u1_0.address,
        u1_0.email,
        u1_0.full_name,
        u1_0.is_active,
        u1_0.password_hash,
        u1_0.phone,
        u1_0.role 
    from
        users u1_0 
    where
        u1_0.id=?
2025-07-03 07:12:25.809 [pool-16-thread-3] DEBUG org.hibernate.SQL - 
    select
        u1_0.id,
        u1_0.address,
        u1_0.email,
        u1_0.full_name,
        u1_0.is_active,
        u1_0.password_hash,
        u1_0.phone,
        u1_0.role 
    from
        users u1_0 
    where
        u1_0.id=?
Hibernate: 
    select
        u1_0.id,
        u1_0.address,
        u1_0.email,
        u1_0.full_name,
        u1_0.is_active,
        u1_0.password_hash,
        u1_0.phone,
        u1_0.role 
    from
        users u1_0 
    where
        u1_0.id=?
2025-07-03 07:12:25.809 [pool-16-thread-4] DEBUG org.hibernate.SQL - 
    select
        u1_0.id,
        u1_0.address,
        u1_0.email,
        u1_0.full_name,
        u1_0.is_active,
        u1_0.password_hash,
        u1_0.phone,
        u1_0.role 
    from
        users u1_0 
    where
        u1_0.id=?
Hibernate: 
    select
        u1_0.id,
        u1_0.address,
        u1_0.email,
        u1_0.full_name,
        u1_0.is_active,
        u1_0.password_hash,
        u1_0.phone,
        u1_0.role 
    from
        users u1_0 
    where
        u1_0.id=?
2025-07-03 07:12:25.809 [pool-16-thread-5] DEBUG org.hibernate.SQL - 
    select
        u1_0.id,
        u1_0.address,
        u1_0.email,
        u1_0.full_name,
        u1_0.is_active,
        u1_0.password_hash,
        u1_0.phone,
        u1_0.role 
    from
        users u1_0 
    where
        u1_0.id=?
Hibernate: 
    select
        u1_0.id,
        u1_0.address,
        u1_0.email,
        u1_0.full_name,
        u1_0.is_active,
        u1_0.password_hash,
        u1_0.phone,
        u1_0.role 
    from
        users u1_0 
    where
        u1_0.id=?
2025-07-03 07:12:25.809 [pool-16-thread-6] DEBUG org.hibernate.SQL - 
    select
        u1_0.id,
        u1_0.address,
        u1_0.email,
        u1_0.full_name,
        u1_0.is_active,
        u1_0.password_hash,
        u1_0.phone,
        u1_0.role 
    from
        users u1_0 
    where
        u1_0.id=?
Hibernate: 
    select
        u1_0.id,
        u1_0.address,
        u1_0.email,
        u1_0.full_name,
        u1_0.is_active,
        u1_0.password_hash,
        u1_0.phone,
        u1_0.role 
    from
        users u1_0 
    where
        u1_0.id=?
2025-07-03 07:12:25.809 [pool-16-thread-7] DEBUG org.hibernate.SQL - 
    select
        u1_0.id,
        u1_0.address,
        u1_0.email,
        u1_0.full_name,
        u1_0.is_active,
        u1_0.password_hash,
        u1_0.phone,
        u1_0.role 
    from
        users u1_0 
    where
        u1_0.id=?
Hibernate: 
    select
        u1_0.id,
        u1_0.address,
        u1_0.email,
        u1_0.full_name,
        u1_0.is_active,
        u1_0.password_hash,
        u1_0.phone,
        u1_0.role 
    from
        users u1_0 
    where
        u1_0.id=?
2025-07-03 07:12:25.810 [pool-16-thread-1] DEBUG org.hibernate.SQL - 
    insert 
    into
        notifications
        (created_at, deleted_at, delivery_id, isDeleted, isRead, message, metadata, order_id, priority, read_at, related_entity_id, restaurant_id, title, type, userId, id) 
    values
        (?, ?, ?, ?, ?, ?, ?, ?, ?, ?, ?, ?, ?, ?, ?, ?)
2025-07-03 07:12:25.810 [pool-16-thread-5] DEBUG org.hibernate.SQL - 
    insert 
    into
        notifications
        (created_at, deleted_at, delivery_id, isDeleted, isRead, message, metadata, order_id, priority, read_at, related_entity_id, restaurant_id, title, type, userId, id) 
    values
        (?, ?, ?, ?, ?, ?, ?, ?, ?, ?, ?, ?, ?, ?, ?, ?)
Hibernate: 
    insert 
    into
        notifications
        (created_at, deleted_at, delivery_id, isDeleted, isRead, message, metadata, order_id, priority, read_at, related_entity_id, restaurant_id, title, type, userId, id) 
    values
        (?, ?, ?, ?, ?, ?, ?, ?, ?, ?, ?, ?, ?, ?, ?, ?)
Hibernate: 
    insert 
    into
        notifications
        (created_at, deleted_at, delivery_id, isDeleted, isRead, message, metadata, order_id, priority, read_at, related_entity_id, restaurant_id, title, type, userId, id) 
    values
        (?, ?, ?, ?, ?, ?, ?, ?, ?, ?, ?, ?, ?, ?, ?, ?)
2025-07-03 07:12:25.810 [pool-16-thread-2] DEBUG org.hibernate.SQL - 
    insert 
    into
        notifications
        (created_at, deleted_at, delivery_id, isDeleted, isRead, message, metadata, order_id, priority, read_at, related_entity_id, restaurant_id, title, type, userId, id) 
    values
        (?, ?, ?, ?, ?, ?, ?, ?, ?, ?, ?, ?, ?, ?, ?, ?)
2025-07-03 07:12:25.810 [pool-16-thread-8] DEBUG org.hibernate.SQL - 
    select
        u1_0.id,
        u1_0.address,
        u1_0.email,
        u1_0.full_name,
        u1_0.is_active,
        u1_0.password_hash,
        u1_0.phone,
        u1_0.role 
    from
        users u1_0 
    where
        u1_0.id=?
Hibernate: 
    select
        u1_0.id,
        u1_0.address,
        u1_0.email,
        u1_0.full_name,
        u1_0.is_active,
        u1_0.password_hash,
        u1_0.phone,
        u1_0.role 
    from
        users u1_0 
    where
        u1_0.id=?
Hibernate: 
    insert 
    into
        notifications
        (created_at, deleted_at, delivery_id, isDeleted, isRead, message, metadata, order_id, priority, read_at, related_entity_id, restaurant_id, title, type, userId, id) 
    values
        (?, ?, ?, ?, ?, ?, ?, ?, ?, ?, ?, ?, ?, ?, ?, ?)
2025-07-03 07:12:25.810 [pool-16-thread-4] DEBUG org.hibernate.SQL - 
    insert 
    into
        notifications
        (created_at, deleted_at, delivery_id, isDeleted, isRead, message, metadata, order_id, priority, read_at, related_entity_id, restaurant_id, title, type, userId, id) 
    values
        (?, ?, ?, ?, ?, ?, ?, ?, ?, ?, ?, ?, ?, ?, ?, ?)
Hibernate: 
    insert 
    into
        notifications
        (created_at, deleted_at, delivery_id, isDeleted, isRead, message, metadata, order_id, priority, read_at, related_entity_id, restaurant_id, title, type, userId, id) 
    values
        (?, ?, ?, ?, ?, ?, ?, ?, ?, ?, ?, ?, ?, ?, ?, ?)
2025-07-03 07:12:25.810 [pool-16-thread-3] DEBUG org.hibernate.SQL - 
    insert 
    into
        notifications
        (created_at, deleted_at, delivery_id, isDeleted, isRead, message, metadata, order_id, priority, read_at, related_entity_id, restaurant_id, title, type, userId, id) 
    values
        (?, ?, ?, ?, ?, ?, ?, ?, ?, ?, ?, ?, ?, ?, ?, ?)
Hibernate: 
    insert 
    into
        notifications
        (created_at, deleted_at, delivery_id, isDeleted, isRead, message, metadata, order_id, priority, read_at, related_entity_id, restaurant_id, title, type, userId, id) 
    values
        (?, ?, ?, ?, ?, ?, ?, ?, ?, ?, ?, ?, ?, ?, ?, ?)
2025-07-03 07:12:25.810 [pool-16-thread-9] DEBUG org.hibernate.SQL - 
    select
        u1_0.id,
        u1_0.address,
        u1_0.email,
        u1_0.full_name,
        u1_0.is_active,
        u1_0.password_hash,
        u1_0.phone,
        u1_0.role 
    from
        users u1_0 
    where
        u1_0.id=?
Hibernate: 
    select
        u1_0.id,
        u1_0.address,
        u1_0.email,
        u1_0.full_name,
        u1_0.is_active,
        u1_0.password_hash,
        u1_0.phone,
        u1_0.role 
    from
        users u1_0 
    where
        u1_0.id=?
2025-07-03 07:12:25.810 [pool-16-thread-6] DEBUG org.hibernate.SQL - 
    insert 
    into
        notifications
        (created_at, deleted_at, delivery_id, isDeleted, isRead, message, metadata, order_id, priority, read_at, related_entity_id, restaurant_id, title, type, userId, id) 
    values
        (?, ?, ?, ?, ?, ?, ?, ?, ?, ?, ?, ?, ?, ?, ?, ?)
Hibernate: 
    insert 
    into
        notifications
        (created_at, deleted_at, delivery_id, isDeleted, isRead, message, metadata, order_id, priority, read_at, related_entity_id, restaurant_id, title, type, userId, id) 
    values
        (?, ?, ?, ?, ?, ?, ?, ?, ?, ?, ?, ?, ?, ?, ?, ?)
2025-07-03 07:12:25.810 [pool-16-thread-7] DEBUG org.hibernate.SQL - 
    insert 
    into
        notifications
        (created_at, deleted_at, delivery_id, isDeleted, isRead, message, metadata, order_id, priority, read_at, related_entity_id, restaurant_id, title, type, userId, id) 
    values
        (?, ?, ?, ?, ?, ?, ?, ?, ?, ?, ?, ?, ?, ?, ?, ?)
2025-07-03 07:12:25.810 [pool-16-thread-10] DEBUG org.hibernate.SQL - 
    select
        u1_0.id,
        u1_0.address,
        u1_0.email,
        u1_0.full_name,
        u1_0.is_active,
        u1_0.password_hash,
        u1_0.phone,
        u1_0.role 
    from
        users u1_0 
    where
        u1_0.id=?
Hibernate: 
    insert 
    into
        notifications
        (created_at, deleted_at, delivery_id, isDeleted, isRead, message, metadata, order_id, priority, read_at, related_entity_id, restaurant_id, title, type, userId, id) 
    values
        (?, ?, ?, ?, ?, ?, ?, ?, ?, ?, ?, ?, ?, ?, ?, ?)
Hibernate: 
    select
        u1_0.id,
        u1_0.address,
        u1_0.email,
        u1_0.full_name,
        u1_0.is_active,
        u1_0.password_hash,
        u1_0.phone,
        u1_0.role 
    from
        users u1_0 
    where
        u1_0.id=?
2025-07-03 07:12:25.810 [pool-16-thread-8] DEBUG org.hibernate.SQL - 
    insert 
    into
        notifications
        (created_at, deleted_at, delivery_id, isDeleted, isRead, message, metadata, order_id, priority, read_at, related_entity_id, restaurant_id, title, type, userId, id) 
    values
        (?, ?, ?, ?, ?, ?, ?, ?, ?, ?, ?, ?, ?, ?, ?, ?)
Hibernate: 
    insert 
    into
        notifications
        (created_at, deleted_at, delivery_id, isDeleted, isRead, message, metadata, order_id, priority, read_at, related_entity_id, restaurant_id, title, type, userId, id) 
    values
        (?, ?, ?, ?, ?, ?, ?, ?, ?, ?, ?, ?, ?, ?, ?, ?)
2025-07-03 07:12:25.810 [pool-16-thread-9] DEBUG org.hibernate.SQL - 
    insert 
    into
        notifications
        (created_at, deleted_at, delivery_id, isDeleted, isRead, message, metadata, order_id, priority, read_at, related_entity_id, restaurant_id, title, type, userId, id) 
    values
        (?, ?, ?, ?, ?, ?, ?, ?, ?, ?, ?, ?, ?, ?, ?, ?)
Hibernate: 
    insert 
    into
        notifications
        (created_at, deleted_at, delivery_id, isDeleted, isRead, message, metadata, order_id, priority, read_at, related_entity_id, restaurant_id, title, type, userId, id) 
    values
        (?, ?, ?, ?, ?, ?, ?, ?, ?, ?, ?, ?, ?, ?, ?, ?)
2025-07-03 07:12:25.810 [pool-16-thread-10] DEBUG org.hibernate.SQL - 
    insert 
    into
        notifications
        (created_at, deleted_at, delivery_id, isDeleted, isRead, message, metadata, order_id, priority, read_at, related_entity_id, restaurant_id, title, type, userId, id) 
    values
        (?, ?, ?, ?, ?, ?, ?, ?, ?, ?, ?, ?, ?, ?, ?, ?)
Hibernate: 
    insert 
    into
        notifications
        (created_at, deleted_at, delivery_id, isDeleted, isRead, message, metadata, order_id, priority, read_at, related_entity_id, restaurant_id, title, type, userId, id) 
    values
        (?, ?, ?, ?, ?, ?, ?, ?, ?, ?, ?, ?, ?, ?, ?, ?)
2025-07-03 07:12:25.810 [pool-16-thread-4] DEBUG org.hibernate.SQL - 
    select
        u1_0.id,
        u1_0.address,
        u1_0.email,
        u1_0.full_name,
        u1_0.is_active,
        u1_0.password_hash,
        u1_0.phone,
        u1_0.role 
    from
        users u1_0 
    where
        u1_0.id=?
Hibernate: 
    select
        u1_0.id,
        u1_0.address,
        u1_0.email,
        u1_0.full_name,
        u1_0.is_active,
        u1_0.password_hash,
        u1_0.phone,
        u1_0.role 
    from
        users u1_0 
    where
        u1_0.id=?
2025-07-03 07:12:25.812 [pool-16-thread-4] DEBUG org.hibernate.SQL - 
    insert 
    into
        notifications
        (created_at, deleted_at, delivery_id, isDeleted, isRead, message, metadata, order_id, priority, read_at, related_entity_id, restaurant_id, title, type, userId, id) 
    values
        (?, ?, ?, ?, ?, ?, ?, ?, ?, ?, ?, ?, ?, ?, ?, ?)
Hibernate: 
    insert 
    into
        notifications
        (created_at, deleted_at, delivery_id, isDeleted, isRead, message, metadata, order_id, priority, read_at, related_entity_id, restaurant_id, title, type, userId, id) 
    values
        (?, ?, ?, ?, ?, ?, ?, ?, ?, ?, ?, ?, ?, ?, ?, ?)
2025-07-03 07:12:25.812 [pool-16-thread-4] DEBUG org.hibernate.SQL - 
    select
        u1_0.id,
        u1_0.address,
        u1_0.email,
        u1_0.full_name,
        u1_0.is_active,
        u1_0.password_hash,
        u1_0.phone,
        u1_0.role 
    from
        users u1_0 
    where
        u1_0.id=?
Hibernate: 
    select
        u1_0.id,
        u1_0.address,
        u1_0.email,
        u1_0.full_name,
        u1_0.is_active,
        u1_0.password_hash,
        u1_0.phone,
        u1_0.role 
    from
        users u1_0 
    where
        u1_0.id=?
2025-07-03 07:12:25.813 [pool-16-thread-4] DEBUG org.hibernate.SQL - 
    insert 
    into
        notifications
        (created_at, deleted_at, delivery_id, isDeleted, isRead, message, metadata, order_id, priority, read_at, related_entity_id, restaurant_id, title, type, userId, id) 
    values
        (?, ?, ?, ?, ?, ?, ?, ?, ?, ?, ?, ?, ?, ?, ?, ?)
Hibernate: 
    insert 
    into
        notifications
        (created_at, deleted_at, delivery_id, isDeleted, isRead, message, metadata, order_id, priority, read_at, related_entity_id, restaurant_id, title, type, userId, id) 
    values
        (?, ?, ?, ?, ?, ?, ?, ?, ?, ?, ?, ?, ?, ?, ?, ?)
2025-07-03 07:12:25.814 [pool-16-thread-4] DEBUG org.hibernate.SQL - 
    select
        u1_0.id,
        u1_0.address,
        u1_0.email,
        u1_0.full_name,
        u1_0.is_active,
        u1_0.password_hash,
        u1_0.phone,
        u1_0.role 
    from
        users u1_0 
    where
        u1_0.id=?
Hibernate: 
    select
        u1_0.id,
        u1_0.address,
        u1_0.email,
        u1_0.full_name,
        u1_0.is_active,
        u1_0.password_hash,
        u1_0.phone,
        u1_0.role 
    from
        users u1_0 
    where
        u1_0.id=?
2025-07-03 07:12:25.814 [pool-16-thread-4] DEBUG org.hibernate.SQL - 
    insert 
    into
        notifications
        (created_at, deleted_at, delivery_id, isDeleted, isRead, message, metadata, order_id, priority, read_at, related_entity_id, restaurant_id, title, type, userId, id) 
    values
        (?, ?, ?, ?, ?, ?, ?, ?, ?, ?, ?, ?, ?, ?, ?, ?)
Hibernate: 
    insert 
    into
        notifications
        (created_at, deleted_at, delivery_id, isDeleted, isRead, message, metadata, order_id, priority, read_at, related_entity_id, restaurant_id, title, type, userId, id) 
    values
        (?, ?, ?, ?, ?, ?, ?, ?, ?, ?, ?, ?, ?, ?, ?, ?)
2025-07-03 07:12:25.815 [pool-16-thread-4] DEBUG org.hibernate.SQL - 
    select
        u1_0.id,
        u1_0.address,
        u1_0.email,
        u1_0.full_name,
        u1_0.is_active,
        u1_0.password_hash,
        u1_0.phone,
        u1_0.role 
    from
        users u1_0 
    where
        u1_0.id=?
Hibernate: 
    select
        u1_0.id,
        u1_0.address,
        u1_0.email,
        u1_0.full_name,
        u1_0.is_active,
        u1_0.password_hash,
        u1_0.phone,
        u1_0.role 
    from
        users u1_0 
    where
        u1_0.id=?
2025-07-03 07:12:25.815 [pool-16-thread-4] DEBUG org.hibernate.SQL - 
    insert 
    into
        notifications
        (created_at, deleted_at, delivery_id, isDeleted, isRead, message, metadata, order_id, priority, read_at, related_entity_id, restaurant_id, title, type, userId, id) 
    values
        (?, ?, ?, ?, ?, ?, ?, ?, ?, ?, ?, ?, ?, ?, ?, ?)
Hibernate: 
    insert 
    into
        notifications
        (created_at, deleted_at, delivery_id, isDeleted, isRead, message, metadata, order_id, priority, read_at, related_entity_id, restaurant_id, title, type, userId, id) 
    values
        (?, ?, ?, ?, ?, ?, ?, ?, ?, ?, ?, ?, ?, ?, ?, ?)
2025-07-03 07:12:25.816 [pool-16-thread-4] DEBUG org.hibernate.SQL - 
    select
        u1_0.id,
        u1_0.address,
        u1_0.email,
        u1_0.full_name,
        u1_0.is_active,
        u1_0.password_hash,
        u1_0.phone,
        u1_0.role 
    from
        users u1_0 
    where
        u1_0.id=?
Hibernate: 
    select
        u1_0.id,
        u1_0.address,
        u1_0.email,
        u1_0.full_name,
        u1_0.is_active,
        u1_0.password_hash,
        u1_0.phone,
        u1_0.role 
    from
        users u1_0 
    where
        u1_0.id=?
2025-07-03 07:12:25.816 [pool-16-thread-4] DEBUG org.hibernate.SQL - 
    insert 
    into
        notifications
        (created_at, deleted_at, delivery_id, isDeleted, isRead, message, metadata, order_id, priority, read_at, related_entity_id, restaurant_id, title, type, userId, id) 
    values
        (?, ?, ?, ?, ?, ?, ?, ?, ?, ?, ?, ?, ?, ?, ?, ?)
Hibernate: 
    insert 
    into
        notifications
        (created_at, deleted_at, delivery_id, isDeleted, isRead, message, metadata, order_id, priority, read_at, related_entity_id, restaurant_id, title, type, userId, id) 
    values
        (?, ?, ?, ?, ?, ?, ?, ?, ?, ?, ?, ?, ?, ?, ?, ?)
2025-07-03 07:12:25.817 [pool-16-thread-4] DEBUG org.hibernate.SQL - 
    select
        u1_0.id,
        u1_0.address,
        u1_0.email,
        u1_0.full_name,
        u1_0.is_active,
        u1_0.password_hash,
        u1_0.phone,
        u1_0.role 
    from
        users u1_0 
    where
        u1_0.id=?
Hibernate: 
    select
        u1_0.id,
        u1_0.address,
        u1_0.email,
        u1_0.full_name,
        u1_0.is_active,
        u1_0.password_hash,
        u1_0.phone,
        u1_0.role 
    from
        users u1_0 
    where
        u1_0.id=?
2025-07-03 07:12:25.817 [pool-16-thread-4] DEBUG org.hibernate.SQL - 
    insert 
    into
        notifications
        (created_at, deleted_at, delivery_id, isDeleted, isRead, message, metadata, order_id, priority, read_at, related_entity_id, restaurant_id, title, type, userId, id) 
    values
        (?, ?, ?, ?, ?, ?, ?, ?, ?, ?, ?, ?, ?, ?, ?, ?)
Hibernate: 
    insert 
    into
        notifications
        (created_at, deleted_at, delivery_id, isDeleted, isRead, message, metadata, order_id, priority, read_at, related_entity_id, restaurant_id, title, type, userId, id) 
    values
        (?, ?, ?, ?, ?, ?, ?, ?, ?, ?, ?, ?, ?, ?, ?, ?)
2025-07-03 07:12:25.818 [pool-16-thread-4] DEBUG org.hibernate.SQL - 
    select
        u1_0.id,
        u1_0.address,
        u1_0.email,
        u1_0.full_name,
        u1_0.is_active,
        u1_0.password_hash,
        u1_0.phone,
        u1_0.role 
    from
        users u1_0 
    where
        u1_0.id=?
Hibernate: 
    select
        u1_0.id,
        u1_0.address,
        u1_0.email,
        u1_0.full_name,
        u1_0.is_active,
        u1_0.password_hash,
        u1_0.phone,
        u1_0.role 
    from
        users u1_0 
    where
        u1_0.id=?
2025-07-03 07:12:25.818 [pool-16-thread-4] DEBUG org.hibernate.SQL - 
    insert 
    into
        notifications
        (created_at, deleted_at, delivery_id, isDeleted, isRead, message, metadata, order_id, priority, read_at, related_entity_id, restaurant_id, title, type, userId, id) 
    values
        (?, ?, ?, ?, ?, ?, ?, ?, ?, ?, ?, ?, ?, ?, ?, ?)
Hibernate: 
    insert 
    into
        notifications
        (created_at, deleted_at, delivery_id, isDeleted, isRead, message, metadata, order_id, priority, read_at, related_entity_id, restaurant_id, title, type, userId, id) 
    values
        (?, ?, ?, ?, ?, ?, ?, ?, ?, ?, ?, ?, ?, ?, ?, ?)
2025-07-03 07:12:25.819 [pool-16-thread-4] DEBUG org.hibernate.SQL - 
    select
        u1_0.id,
        u1_0.address,
        u1_0.email,
        u1_0.full_name,
        u1_0.is_active,
        u1_0.password_hash,
        u1_0.phone,
        u1_0.role 
    from
        users u1_0 
    where
        u1_0.id=?
Hibernate: 
    select
        u1_0.id,
        u1_0.address,
        u1_0.email,
        u1_0.full_name,
        u1_0.is_active,
        u1_0.password_hash,
        u1_0.phone,
        u1_0.role 
    from
        users u1_0 
    where
        u1_0.id=?
2025-07-03 07:12:25.819 [pool-16-thread-4] DEBUG org.hibernate.SQL - 
    insert 
    into
        notifications
        (created_at, deleted_at, delivery_id, isDeleted, isRead, message, metadata, order_id, priority, read_at, related_entity_id, restaurant_id, title, type, userId, id) 
    values
        (?, ?, ?, ?, ?, ?, ?, ?, ?, ?, ?, ?, ?, ?, ?, ?)
Hibernate: 
    insert 
    into
        notifications
        (created_at, deleted_at, delivery_id, isDeleted, isRead, message, metadata, order_id, priority, read_at, related_entity_id, restaurant_id, title, type, userId, id) 
    values
        (?, ?, ?, ?, ?, ?, ?, ?, ?, ?, ?, ?, ?, ?, ?, ?)
2025-07-03 07:12:25.820 [pool-16-thread-4] DEBUG org.hibernate.SQL - 
    select
        u1_0.id,
        u1_0.address,
        u1_0.email,
        u1_0.full_name,
        u1_0.is_active,
        u1_0.password_hash,
        u1_0.phone,
        u1_0.role 
    from
        users u1_0 
    where
        u1_0.id=?
Hibernate: 
    select
        u1_0.id,
        u1_0.address,
        u1_0.email,
        u1_0.full_name,
        u1_0.is_active,
        u1_0.password_hash,
        u1_0.phone,
        u1_0.role 
    from
        users u1_0 
    where
        u1_0.id=?
2025-07-03 07:12:25.820 [pool-16-thread-4] DEBUG org.hibernate.SQL - 
    insert 
    into
        notifications
        (created_at, deleted_at, delivery_id, isDeleted, isRead, message, metadata, order_id, priority, read_at, related_entity_id, restaurant_id, title, type, userId, id) 
    values
        (?, ?, ?, ?, ?, ?, ?, ?, ?, ?, ?, ?, ?, ?, ?, ?)
Hibernate: 
    insert 
    into
        notifications
        (created_at, deleted_at, delivery_id, isDeleted, isRead, message, metadata, order_id, priority, read_at, related_entity_id, restaurant_id, title, type, userId, id) 
    values
        (?, ?, ?, ?, ?, ?, ?, ?, ?, ?, ?, ?, ?, ?, ?, ?)
2025-07-03 07:12:25.821 [pool-16-thread-4] DEBUG org.hibernate.SQL - 
    select
        u1_0.id,
        u1_0.address,
        u1_0.email,
        u1_0.full_name,
        u1_0.is_active,
        u1_0.password_hash,
        u1_0.phone,
        u1_0.role 
    from
        users u1_0 
    where
        u1_0.id=?
Hibernate: 
    select
        u1_0.id,
        u1_0.address,
        u1_0.email,
        u1_0.full_name,
        u1_0.is_active,
        u1_0.password_hash,
        u1_0.phone,
        u1_0.role 
    from
        users u1_0 
    where
        u1_0.id=?
2025-07-03 07:12:25.821 [pool-16-thread-4] DEBUG org.hibernate.SQL - 
    insert 
    into
        notifications
        (created_at, deleted_at, delivery_id, isDeleted, isRead, message, metadata, order_id, priority, read_at, related_entity_id, restaurant_id, title, type, userId, id) 
    values
        (?, ?, ?, ?, ?, ?, ?, ?, ?, ?, ?, ?, ?, ?, ?, ?)
Hibernate: 
    insert 
    into
        notifications
        (created_at, deleted_at, delivery_id, isDeleted, isRead, message, metadata, order_id, priority, read_at, related_entity_id, restaurant_id, title, type, userId, id) 
    values
        (?, ?, ?, ?, ?, ?, ?, ?, ?, ?, ?, ?, ?, ?, ?, ?)
2025-07-03 07:12:25.822 [pool-16-thread-4] DEBUG org.hibernate.SQL - 
    select
        u1_0.id,
        u1_0.address,
        u1_0.email,
        u1_0.full_name,
        u1_0.is_active,
        u1_0.password_hash,
        u1_0.phone,
        u1_0.role 
    from
        users u1_0 
    where
        u1_0.id=?
Hibernate: 
    select
        u1_0.id,
        u1_0.address,
        u1_0.email,
        u1_0.full_name,
        u1_0.is_active,
        u1_0.password_hash,
        u1_0.phone,
        u1_0.role 
    from
        users u1_0 
    where
        u1_0.id=?
2025-07-03 07:12:25.822 [pool-16-thread-4] DEBUG org.hibernate.SQL - 
    insert 
    into
        notifications
        (created_at, deleted_at, delivery_id, isDeleted, isRead, message, metadata, order_id, priority, read_at, related_entity_id, restaurant_id, title, type, userId, id) 
    values
        (?, ?, ?, ?, ?, ?, ?, ?, ?, ?, ?, ?, ?, ?, ?, ?)
Hibernate: 
    insert 
    into
        notifications
        (created_at, deleted_at, delivery_id, isDeleted, isRead, message, metadata, order_id, priority, read_at, related_entity_id, restaurant_id, title, type, userId, id) 
    values
        (?, ?, ?, ?, ?, ?, ?, ?, ?, ?, ?, ?, ?, ?, ?, ?)
2025-07-03 07:12:25.823 [pool-16-thread-4] DEBUG org.hibernate.SQL - 
    select
        u1_0.id,
        u1_0.address,
        u1_0.email,
        u1_0.full_name,
        u1_0.is_active,
        u1_0.password_hash,
        u1_0.phone,
        u1_0.role 
    from
        users u1_0 
    where
        u1_0.id=?
Hibernate: 
    select
        u1_0.id,
        u1_0.address,
        u1_0.email,
        u1_0.full_name,
        u1_0.is_active,
        u1_0.password_hash,
        u1_0.phone,
        u1_0.role 
    from
        users u1_0 
    where
        u1_0.id=?
2025-07-03 07:12:25.823 [pool-16-thread-4] DEBUG org.hibernate.SQL - 
    insert 
    into
        notifications
        (created_at, deleted_at, delivery_id, isDeleted, isRead, message, metadata, order_id, priority, read_at, related_entity_id, restaurant_id, title, type, userId, id) 
    values
        (?, ?, ?, ?, ?, ?, ?, ?, ?, ?, ?, ?, ?, ?, ?, ?)
Hibernate: 
    insert 
    into
        notifications
        (created_at, deleted_at, delivery_id, isDeleted, isRead, message, metadata, order_id, priority, read_at, related_entity_id, restaurant_id, title, type, userId, id) 
    values
        (?, ?, ?, ?, ?, ?, ?, ?, ?, ?, ?, ?, ?, ?, ?, ?)
2025-07-03 07:12:25.824 [pool-16-thread-4] DEBUG org.hibernate.SQL - 
    select
        u1_0.id,
        u1_0.address,
        u1_0.email,
        u1_0.full_name,
        u1_0.is_active,
        u1_0.password_hash,
        u1_0.phone,
        u1_0.role 
    from
        users u1_0 
    where
        u1_0.id=?
Hibernate: 
    select
        u1_0.id,
        u1_0.address,
        u1_0.email,
        u1_0.full_name,
        u1_0.is_active,
        u1_0.password_hash,
        u1_0.phone,
        u1_0.role 
    from
        users u1_0 
    where
        u1_0.id=?
Notification creation failed: org.hibernate.resource.jdbc.internal.LogicalConnectionManagedImpl@489316f is closed
2025-07-03 07:12:25.825 [pool-16-thread-4] DEBUG org.hibernate.SQL - 
    select
        u1_0.id,
        u1_0.address,
        u1_0.email,
        u1_0.full_name,
        u1_0.is_active,
        u1_0.password_hash,
        u1_0.phone,
        u1_0.role 
    from
        users u1_0 
    where
        u1_0.id=?
Hibernate: 
    select
        u1_0.id,
        u1_0.address,
        u1_0.email,
        u1_0.full_name,
        u1_0.is_active,
        u1_0.password_hash,
        u1_0.phone,
        u1_0.role 
    from
        users u1_0 
    where
        u1_0.id=?
Notification creation failed: org.hibernate.resource.jdbc.internal.LogicalConnectionManagedImpl@69e0fd8a is closed
2025-07-03 07:12:25.825 [pool-16-thread-4] DEBUG org.hibernate.SQL - 
    select
        u1_0.id,
        u1_0.address,
        u1_0.email,
        u1_0.full_name,
        u1_0.is_active,
        u1_0.password_hash,
        u1_0.phone,
        u1_0.role 
    from
        users u1_0 
    where
        u1_0.id=?
Hibernate: 
    select
        u1_0.id,
        u1_0.address,
        u1_0.email,
        u1_0.full_name,
        u1_0.is_active,
        u1_0.password_hash,
        u1_0.phone,
        u1_0.role 
    from
        users u1_0 
    where
        u1_0.id=?
Notification creation failed: org.hibernate.resource.jdbc.internal.LogicalConnectionManagedImpl@62d4fbae is closed
2025-07-03 07:12:25.825 [pool-16-thread-4] DEBUG org.hibernate.SQL - 
    select
        u1_0.id,
        u1_0.address,
        u1_0.email,
        u1_0.full_name,
        u1_0.is_active,
        u1_0.password_hash,
        u1_0.phone,
        u1_0.role 
    from
        users u1_0 
    where
        u1_0.id=?
Hibernate: 
    select
        u1_0.id,
        u1_0.address,
        u1_0.email,
        u1_0.full_name,
        u1_0.is_active,
        u1_0.password_hash,
        u1_0.phone,
        u1_0.role 
    from
        users u1_0 
    where
        u1_0.id=?
Notification creation failed: org.hibernate.resource.jdbc.internal.LogicalConnectionManagedImpl@642c2813 is closed
2025-07-03 07:12:25.825 [pool-16-thread-4] DEBUG org.hibernate.SQL - 
    select
        u1_0.id,
        u1_0.address,
        u1_0.email,
        u1_0.full_name,
        u1_0.is_active,
        u1_0.password_hash,
        u1_0.phone,
        u1_0.role 
    from
        users u1_0 
    where
        u1_0.id=?
Hibernate: 
    select
        u1_0.id,
        u1_0.address,
        u1_0.email,
        u1_0.full_name,
        u1_0.is_active,
        u1_0.password_hash,
        u1_0.phone,
        u1_0.role 
    from
        users u1_0 
    where
        u1_0.id=?
Notification creation failed: org.hibernate.resource.jdbc.internal.LogicalConnectionManagedImpl@70496cb is closed
2025-07-03 07:12:25.825 [pool-16-thread-4] DEBUG org.hibernate.SQL - 
    select
        u1_0.id,
        u1_0.address,
        u1_0.email,
        u1_0.full_name,
        u1_0.is_active,
        u1_0.password_hash,
        u1_0.phone,
        u1_0.role 
    from
        users u1_0 
    where
        u1_0.id=?
Hibernate: 
    select
        u1_0.id,
        u1_0.address,
        u1_0.email,
        u1_0.full_name,
        u1_0.is_active,
        u1_0.password_hash,
        u1_0.phone,
        u1_0.role 
    from
        users u1_0 
    where
        u1_0.id=?
Notification creation failed: org.hibernate.resource.jdbc.internal.LogicalConnectionManagedImpl@68e1c069 is closed
2025-07-03 07:12:25.826 [pool-16-thread-4] DEBUG org.hibernate.SQL - 
    select
        u1_0.id,
        u1_0.address,
        u1_0.email,
        u1_0.full_name,
        u1_0.is_active,
        u1_0.password_hash,
        u1_0.phone,
        u1_0.role 
    from
        users u1_0 
    where
        u1_0.id=?
Hibernate: 
    select
        u1_0.id,
        u1_0.address,
        u1_0.email,
        u1_0.full_name,
        u1_0.is_active,
        u1_0.password_hash,
        u1_0.phone,
        u1_0.role 
    from
        users u1_0 
    where
        u1_0.id=?
Notification creation failed: org.hibernate.resource.jdbc.internal.LogicalConnectionManagedImpl@785cc804 is closed
2025-07-03 07:12:25.826 [pool-16-thread-4] DEBUG org.hibernate.SQL - 
    select
        u1_0.id,
        u1_0.address,
        u1_0.email,
        u1_0.full_name,
        u1_0.is_active,
        u1_0.password_hash,
        u1_0.phone,
        u1_0.role 
    from
        users u1_0 
    where
        u1_0.id=?
Hibernate: 
    select
        u1_0.id,
        u1_0.address,
        u1_0.email,
        u1_0.full_name,
        u1_0.is_active,
        u1_0.password_hash,
        u1_0.phone,
        u1_0.role 
    from
        users u1_0 
    where
        u1_0.id=?
Notification creation failed: org.hibernate.resource.jdbc.internal.LogicalConnectionManagedImpl@266475f0 is closed
2025-07-03 07:12:25.826 [pool-16-thread-4] DEBUG org.hibernate.SQL - 
    select
        u1_0.id,
        u1_0.address,
        u1_0.email,
        u1_0.full_name,
        u1_0.is_active,
        u1_0.password_hash,
        u1_0.phone,
        u1_0.role 
    from
        users u1_0 
    where
        u1_0.id=?
Hibernate: 
    select
        u1_0.id,
        u1_0.address,
        u1_0.email,
        u1_0.full_name,
        u1_0.is_active,
        u1_0.password_hash,
        u1_0.phone,
        u1_0.role 
    from
        users u1_0 
    where
        u1_0.id=?
Notification creation failed: org.hibernate.resource.jdbc.internal.LogicalConnectionManagedImpl@1e52bf7b is closed
2025-07-03 07:12:25.826 [pool-16-thread-4] DEBUG org.hibernate.SQL - 
    select
        u1_0.id,
        u1_0.address,
        u1_0.email,
        u1_0.full_name,
        u1_0.is_active,
        u1_0.password_hash,
        u1_0.phone,
        u1_0.role 
    from
        users u1_0 
    where
        u1_0.id=?
Hibernate: 
    select
        u1_0.id,
        u1_0.address,
        u1_0.email,
        u1_0.full_name,
        u1_0.is_active,
        u1_0.password_hash,
        u1_0.phone,
        u1_0.role 
    from
        users u1_0 
    where
        u1_0.id=?
Notification creation failed: org.hibernate.resource.jdbc.internal.LogicalConnectionManagedImpl@7fd3ff6c is closed
2025-07-03 07:12:25.827 [pool-16-thread-4] DEBUG org.hibernate.SQL - 
    select
        u1_0.id,
        u1_0.address,
        u1_0.email,
        u1_0.full_name,
        u1_0.is_active,
        u1_0.password_hash,
        u1_0.phone,
        u1_0.role 
    from
        users u1_0 
    where
        u1_0.id=?
Hibernate: 
    select
        u1_0.id,
        u1_0.address,
        u1_0.email,
        u1_0.full_name,
        u1_0.is_active,
        u1_0.password_hash,
        u1_0.phone,
        u1_0.role 
    from
        users u1_0 
    where
        u1_0.id=?
Notification creation failed: org.hibernate.resource.jdbc.internal.LogicalConnectionManagedImpl@84b0da1 is closed
2025-07-03 07:12:25.827 [pool-16-thread-4] DEBUG org.hibernate.SQL - 
    select
        u1_0.id,
        u1_0.address,
        u1_0.email,
        u1_0.full_name,
        u1_0.is_active,
        u1_0.password_hash,
        u1_0.phone,
        u1_0.role 
    from
        users u1_0 
    where
        u1_0.id=?
Hibernate: 
    select
        u1_0.id,
        u1_0.address,
        u1_0.email,
        u1_0.full_name,
        u1_0.is_active,
        u1_0.password_hash,
        u1_0.phone,
        u1_0.role 
    from
        users u1_0 
    where
        u1_0.id=?
Notification creation failed: org.hibernate.resource.jdbc.internal.LogicalConnectionManagedImpl@6bd100b1 is closed
2025-07-03 07:12:25.827 [pool-16-thread-4] DEBUG org.hibernate.SQL - 
    select
        u1_0.id,
        u1_0.address,
        u1_0.email,
        u1_0.full_name,
        u1_0.is_active,
        u1_0.password_hash,
        u1_0.phone,
        u1_0.role 
    from
        users u1_0 
    where
        u1_0.id=?
Hibernate: 
    select
        u1_0.id,
        u1_0.address,
        u1_0.email,
        u1_0.full_name,
        u1_0.is_active,
        u1_0.password_hash,
        u1_0.phone,
        u1_0.role 
    from
        users u1_0 
    where
        u1_0.id=?
Notification creation failed: org.hibernate.resource.jdbc.internal.LogicalConnectionManagedImpl@dfd47bd is closed
2025-07-03 07:12:25.827 [pool-16-thread-4] DEBUG org.hibernate.SQL - 
    select
        u1_0.id,
        u1_0.address,
        u1_0.email,
        u1_0.full_name,
        u1_0.is_active,
        u1_0.password_hash,
        u1_0.phone,
        u1_0.role 
    from
        users u1_0 
    where
        u1_0.id=?
Hibernate: 
    select
        u1_0.id,
        u1_0.address,
        u1_0.email,
        u1_0.full_name,
        u1_0.is_active,
        u1_0.password_hash,
        u1_0.phone,
        u1_0.role 
    from
        users u1_0 
    where
        u1_0.id=?
Notification creation failed: org.hibernate.resource.jdbc.internal.LogicalConnectionManagedImpl@8a7cf46 is closed
2025-07-03 07:12:25.827 [pool-16-thread-4] DEBUG org.hibernate.SQL - 
    select
        u1_0.id,
        u1_0.address,
        u1_0.email,
        u1_0.full_name,
        u1_0.is_active,
        u1_0.password_hash,
        u1_0.phone,
        u1_0.role 
    from
        users u1_0 
    where
        u1_0.id=?
Hibernate: 
    select
        u1_0.id,
        u1_0.address,
        u1_0.email,
        u1_0.full_name,
        u1_0.is_active,
        u1_0.password_hash,
        u1_0.phone,
        u1_0.role 
    from
        users u1_0 
    where
        u1_0.id=?
Notification creation failed: org.hibernate.resource.jdbc.internal.LogicalConnectionManagedImpl@72b609ba is closed
2025-07-03 07:12:25.827 [pool-16-thread-4] DEBUG org.hibernate.SQL - 
    select
        u1_0.id,
        u1_0.address,
        u1_0.email,
        u1_0.full_name,
        u1_0.is_active,
        u1_0.password_hash,
        u1_0.phone,
        u1_0.role 
    from
        users u1_0 
    where
        u1_0.id=?
Hibernate: 
    select
        u1_0.id,
        u1_0.address,
        u1_0.email,
        u1_0.full_name,
        u1_0.is_active,
        u1_0.password_hash,
        u1_0.phone,
        u1_0.role 
    from
        users u1_0 
    where
        u1_0.id=?
2025-07-03 07:12:25.827 [pool-16-thread-3] DEBUG org.hibernate.SQL - 
    select
        u1_0.id,
        u1_0.address,
        u1_0.email,
        u1_0.full_name,
        u1_0.is_active,
        u1_0.password_hash,
        u1_0.phone,
        u1_0.role 
    from
        users u1_0 
    where
        u1_0.id=?
Hibernate: 
    select
        u1_0.id,
        u1_0.address,
        u1_0.email,
        u1_0.full_name,
        u1_0.is_active,
        u1_0.password_hash,
        u1_0.phone,
        u1_0.role 
    from
        users u1_0 
    where
        u1_0.id=?
Notification creation failed: org.hibernate.resource.jdbc.internal.LogicalConnectionManagedImpl@44742abb is closed
2025-07-03 07:12:25.828 [pool-16-thread-3] DEBUG org.hibernate.SQL - 
    select
        next_val as id_val 
    from
        notifications_SEQ
2025-07-03 07:12:25.828 [pool-16-thread-4] DEBUG org.hibernate.SQL - 
    select
        u1_0.id,
        u1_0.address,
        u1_0.email,
        u1_0.full_name,
        u1_0.is_active,
        u1_0.password_hash,
        u1_0.phone,
        u1_0.role 
    from
        users u1_0 
    where
        u1_0.id=?
Hibernate: 
    select
        u1_0.id,
        u1_0.address,
        u1_0.email,
        u1_0.full_name,
        u1_0.is_active,
        u1_0.password_hash,
        u1_0.phone,
        u1_0.role 
    from
        users u1_0 
    where
        u1_0.id=?
Hibernate: 
    select
        next_val as id_val 
    from
        notifications_SEQ
2025-07-03 07:12:25.828 [pool-16-thread-3] DEBUG org.hibernate.SQL - 
    update
        notifications_SEQ 
    set
        next_val= ? 
    where
        next_val=?
Hibernate: 
    update
        notifications_SEQ 
    set
        next_val= ? 
    where
        next_val=?
Notification creation failed: The internal connection pool has reached its maximum size and no connection is currently available
2025-07-03 07:12:25.828 [pool-16-thread-4] DEBUG org.hibernate.SQL - 
    select
        u1_0.id,
        u1_0.address,
        u1_0.email,
        u1_0.full_name,
        u1_0.is_active,
        u1_0.password_hash,
        u1_0.phone,
        u1_0.role 
    from
        users u1_0 
    where
        u1_0.id=?
Hibernate: 
    select
        u1_0.id,
        u1_0.address,
        u1_0.email,
        u1_0.full_name,
        u1_0.is_active,
        u1_0.password_hash,
        u1_0.phone,
        u1_0.role 
    from
        users u1_0 
    where
        u1_0.id=?
Notification creation failed: The internal connection pool has reached its maximum size and no connection is currently available
2025-07-03 07:12:25.828 [pool-16-thread-4] DEBUG org.hibernate.SQL - 
    select
        u1_0.id,
        u1_0.address,
        u1_0.email,
        u1_0.full_name,
        u1_0.is_active,
        u1_0.password_hash,
        u1_0.phone,
        u1_0.role 
    from
        users u1_0 
    where
        u1_0.id=?
Hibernate: 
    select
        u1_0.id,
        u1_0.address,
        u1_0.email,
        u1_0.full_name,
        u1_0.is_active,
        u1_0.password_hash,
        u1_0.phone,
        u1_0.role 
    from
        users u1_0 
    where
        u1_0.id=?
Notification creation failed: The internal connection pool has reached its maximum size and no connection is currently available
2025-07-03 07:12:25.828 [pool-16-thread-4] DEBUG org.hibernate.SQL - 
    select
        u1_0.id,
        u1_0.address,
        u1_0.email,
        u1_0.full_name,
        u1_0.is_active,
        u1_0.password_hash,
        u1_0.phone,
        u1_0.role 
    from
        users u1_0 
    where
        u1_0.id=?
Hibernate: 
    select
        u1_0.id,
        u1_0.address,
        u1_0.email,
        u1_0.full_name,
        u1_0.is_active,
        u1_0.password_hash,
        u1_0.phone,
        u1_0.role 
    from
        users u1_0 
    where
        u1_0.id=?
Notification creation failed: The internal connection pool has reached its maximum size and no connection is currently available
2025-07-03 07:12:25.828 [pool-16-thread-4] DEBUG org.hibernate.SQL - 
    select
        u1_0.id,
        u1_0.address,
        u1_0.email,
        u1_0.full_name,
        u1_0.is_active,
        u1_0.password_hash,
        u1_0.phone,
        u1_0.role 
    from
        users u1_0 
    where
        u1_0.id=?
Hibernate: 
    select
        u1_0.id,
        u1_0.address,
        u1_0.email,
        u1_0.full_name,
        u1_0.is_active,
        u1_0.password_hash,
        u1_0.phone,
        u1_0.role 
    from
        users u1_0 
    where
        u1_0.id=?
Notification creation failed: The internal connection pool has reached its maximum size and no connection is currently available
2025-07-03 07:12:25.828 [pool-16-thread-4] DEBUG org.hibernate.SQL - 
    select
        u1_0.id,
        u1_0.address,
        u1_0.email,
        u1_0.full_name,
        u1_0.is_active,
        u1_0.password_hash,
        u1_0.phone,
        u1_0.role 
    from
        users u1_0 
    where
        u1_0.id=?
Hibernate: 
    select
        u1_0.id,
        u1_0.address,
        u1_0.email,
        u1_0.full_name,
        u1_0.is_active,
        u1_0.password_hash,
        u1_0.phone,
        u1_0.role 
    from
        users u1_0 
    where
        u1_0.id=?
Notification creation failed: The internal connection pool has reached its maximum size and no connection is currently available
2025-07-03 07:12:25.828 [pool-16-thread-4] DEBUG org.hibernate.SQL - 
    select
        u1_0.id,
        u1_0.address,
        u1_0.email,
        u1_0.full_name,
        u1_0.is_active,
        u1_0.password_hash,
        u1_0.phone,
        u1_0.role 
    from
        users u1_0 
    where
        u1_0.id=?
Hibernate: 
    select
        u1_0.id,
        u1_0.address,
        u1_0.email,
        u1_0.full_name,
        u1_0.is_active,
        u1_0.password_hash,
        u1_0.phone,
        u1_0.role 
    from
        users u1_0 
    where
        u1_0.id=?
Notification creation failed: The internal connection pool has reached its maximum size and no connection is currently available
2025-07-03 07:12:25.828 [pool-16-thread-4] DEBUG org.hibernate.SQL - 
    select
        u1_0.id,
        u1_0.address,
        u1_0.email,
        u1_0.full_name,
        u1_0.is_active,
        u1_0.password_hash,
        u1_0.phone,
        u1_0.role 
    from
        users u1_0 
    where
        u1_0.id=?
Hibernate: 
    select
        u1_0.id,
        u1_0.address,
        u1_0.email,
        u1_0.full_name,
        u1_0.is_active,
        u1_0.password_hash,
        u1_0.phone,
        u1_0.role 
    from
        users u1_0 
    where
        u1_0.id=?
Notification creation failed: The internal connection pool has reached its maximum size and no connection is currently available
2025-07-03 07:12:25.828 [pool-16-thread-4] DEBUG org.hibernate.SQL - 
    select
        u1_0.id,
        u1_0.address,
        u1_0.email,
        u1_0.full_name,
        u1_0.is_active,
        u1_0.password_hash,
        u1_0.phone,
        u1_0.role 
    from
        users u1_0 
    where
        u1_0.id=?
Hibernate: 
    select
        u1_0.id,
        u1_0.address,
        u1_0.email,
        u1_0.full_name,
        u1_0.is_active,
        u1_0.password_hash,
        u1_0.phone,
        u1_0.role 
    from
        users u1_0 
    where
        u1_0.id=?
Notification creation failed: The internal connection pool has reached its maximum size and no connection is currently available
2025-07-03 07:12:25.828 [pool-16-thread-4] DEBUG org.hibernate.SQL - 
    select
        u1_0.id,
        u1_0.address,
        u1_0.email,
        u1_0.full_name,
        u1_0.is_active,
        u1_0.password_hash,
        u1_0.phone,
        u1_0.role 
    from
        users u1_0 
    where
        u1_0.id=?
Hibernate: 
    select
        u1_0.id,
        u1_0.address,
        u1_0.email,
        u1_0.full_name,
        u1_0.is_active,
        u1_0.password_hash,
        u1_0.phone,
        u1_0.role 
    from
        users u1_0 
    where
        u1_0.id=?
Notification creation failed: The internal connection pool has reached its maximum size and no connection is currently available
2025-07-03 07:12:25.828 [pool-16-thread-4] DEBUG org.hibernate.SQL - 
    select
        u1_0.id,
        u1_0.address,
        u1_0.email,
        u1_0.full_name,
        u1_0.is_active,
        u1_0.password_hash,
        u1_0.phone,
        u1_0.role 
    from
        users u1_0 
    where
        u1_0.id=?
Hibernate: 
    select
        u1_0.id,
        u1_0.address,
        u1_0.email,
        u1_0.full_name,
        u1_0.is_active,
        u1_0.password_hash,
        u1_0.phone,
        u1_0.role 
    from
        users u1_0 
    where
        u1_0.id=?
2025-07-03 07:12:25.828 [pool-16-thread-3] DEBUG org.hibernate.SQL - 
    insert 
    into
        notifications
        (created_at, deleted_at, delivery_id, isDeleted, isRead, message, metadata, order_id, priority, read_at, related_entity_id, restaurant_id, title, type, userId, id) 
    values
        (?, ?, ?, ?, ?, ?, ?, ?, ?, ?, ?, ?, ?, ?, ?, ?)
Hibernate: 
    insert 
    into
        notifications
        (created_at, deleted_at, delivery_id, isDeleted, isRead, message, metadata, order_id, priority, read_at, related_entity_id, restaurant_id, title, type, userId, id) 
    values
        (?, ?, ?, ?, ?, ?, ?, ?, ?, ?, ?, ?, ?, ?, ?, ?)
2025-07-03 07:12:25.829 [pool-16-thread-4] DEBUG org.hibernate.SQL - 
    insert 
    into
        notifications
        (created_at, deleted_at, delivery_id, isDeleted, isRead, message, metadata, order_id, priority, read_at, related_entity_id, restaurant_id, title, type, userId, id) 
    values
        (?, ?, ?, ?, ?, ?, ?, ?, ?, ?, ?, ?, ?, ?, ?, ?)
Hibernate: 
    insert 
    into
        notifications
        (created_at, deleted_at, delivery_id, isDeleted, isRead, message, metadata, order_id, priority, read_at, related_entity_id, restaurant_id, title, type, userId, id) 
    values
        (?, ?, ?, ?, ?, ?, ?, ?, ?, ?, ?, ?, ?, ?, ?, ?)
2025-07-03 07:12:25.829 [pool-16-thread-3] DEBUG org.hibernate.SQL - 
    select
        u1_0.id,
        u1_0.address,
        u1_0.email,
        u1_0.full_name,
        u1_0.is_active,
        u1_0.password_hash,
        u1_0.phone,
        u1_0.role 
    from
        users u1_0 
    where
        u1_0.id=?
Hibernate: 
    select
        u1_0.id,
        u1_0.address,
        u1_0.email,
        u1_0.full_name,
        u1_0.is_active,
        u1_0.password_hash,
        u1_0.phone,
        u1_0.role 
    from
        users u1_0 
    where
        u1_0.id=?
2025-07-03 07:12:25.830 [pool-16-thread-3] DEBUG org.hibernate.SQL - 
    insert 
    into
        notifications
        (created_at, deleted_at, delivery_id, isDeleted, isRead, message, metadata, order_id, priority, read_at, related_entity_id, restaurant_id, title, type, userId, id) 
    values
        (?, ?, ?, ?, ?, ?, ?, ?, ?, ?, ?, ?, ?, ?, ?, ?)
Hibernate: 
    insert 
    into
        notifications
        (created_at, deleted_at, delivery_id, isDeleted, isRead, message, metadata, order_id, priority, read_at, related_entity_id, restaurant_id, title, type, userId, id) 
    values
        (?, ?, ?, ?, ?, ?, ?, ?, ?, ?, ?, ?, ?, ?, ?, ?)
2025-07-03 07:12:25.831 [pool-16-thread-3] DEBUG org.hibernate.SQL - 
    select
        u1_0.id,
        u1_0.address,
        u1_0.email,
        u1_0.full_name,
        u1_0.is_active,
        u1_0.password_hash,
        u1_0.phone,
        u1_0.role 
    from
        users u1_0 
    where
        u1_0.id=?
Hibernate: 
    select
        u1_0.id,
        u1_0.address,
        u1_0.email,
        u1_0.full_name,
        u1_0.is_active,
        u1_0.password_hash,
        u1_0.phone,
        u1_0.role 
    from
        users u1_0 
    where
        u1_0.id=?
2025-07-03 07:12:25.831 [pool-16-thread-3] DEBUG org.hibernate.SQL - 
    insert 
    into
        notifications
        (created_at, deleted_at, delivery_id, isDeleted, isRead, message, metadata, order_id, priority, read_at, related_entity_id, restaurant_id, title, type, userId, id) 
    values
        (?, ?, ?, ?, ?, ?, ?, ?, ?, ?, ?, ?, ?, ?, ?, ?)
Hibernate: 
    insert 
    into
        notifications
        (created_at, deleted_at, delivery_id, isDeleted, isRead, message, metadata, order_id, priority, read_at, related_entity_id, restaurant_id, title, type, userId, id) 
    values
        (?, ?, ?, ?, ?, ?, ?, ?, ?, ?, ?, ?, ?, ?, ?, ?)
2025-07-03 07:12:25.832 [pool-16-thread-3] DEBUG org.hibernate.SQL - 
    select
        u1_0.id,
        u1_0.address,
        u1_0.email,
        u1_0.full_name,
        u1_0.is_active,
        u1_0.password_hash,
        u1_0.phone,
        u1_0.role 
    from
        users u1_0 
    where
        u1_0.id=?
Hibernate: 
    select
        u1_0.id,
        u1_0.address,
        u1_0.email,
        u1_0.full_name,
        u1_0.is_active,
        u1_0.password_hash,
        u1_0.phone,
        u1_0.role 
    from
        users u1_0 
    where
        u1_0.id=?
2025-07-03 07:12:25.832 [pool-16-thread-3] DEBUG org.hibernate.SQL - 
    insert 
    into
        notifications
        (created_at, deleted_at, delivery_id, isDeleted, isRead, message, metadata, order_id, priority, read_at, related_entity_id, restaurant_id, title, type, userId, id) 
    values
        (?, ?, ?, ?, ?, ?, ?, ?, ?, ?, ?, ?, ?, ?, ?, ?)
Hibernate: 
    insert 
    into
        notifications
        (created_at, deleted_at, delivery_id, isDeleted, isRead, message, metadata, order_id, priority, read_at, related_entity_id, restaurant_id, title, type, userId, id) 
    values
        (?, ?, ?, ?, ?, ?, ?, ?, ?, ?, ?, ?, ?, ?, ?, ?)
2025-07-03 07:12:25.833 [pool-16-thread-3] DEBUG org.hibernate.SQL - 
    select
        u1_0.id,
        u1_0.address,
        u1_0.email,
        u1_0.full_name,
        u1_0.is_active,
        u1_0.password_hash,
        u1_0.phone,
        u1_0.role 
    from
        users u1_0 
    where
        u1_0.id=?
Hibernate: 
    select
        u1_0.id,
        u1_0.address,
        u1_0.email,
        u1_0.full_name,
        u1_0.is_active,
        u1_0.password_hash,
        u1_0.phone,
        u1_0.role 
    from
        users u1_0 
    where
        u1_0.id=?
2025-07-03 07:12:25.833 [pool-16-thread-3] DEBUG org.hibernate.SQL - 
    insert 
    into
        notifications
        (created_at, deleted_at, delivery_id, isDeleted, isRead, message, metadata, order_id, priority, read_at, related_entity_id, restaurant_id, title, type, userId, id) 
    values
        (?, ?, ?, ?, ?, ?, ?, ?, ?, ?, ?, ?, ?, ?, ?, ?)
Hibernate: 
    insert 
    into
        notifications
        (created_at, deleted_at, delivery_id, isDeleted, isRead, message, metadata, order_id, priority, read_at, related_entity_id, restaurant_id, title, type, userId, id) 
    values
        (?, ?, ?, ?, ?, ?, ?, ?, ?, ?, ?, ?, ?, ?, ?, ?)
2025-07-03 07:12:25.834 [pool-16-thread-3] DEBUG org.hibernate.SQL - 
    select
        u1_0.id,
        u1_0.address,
        u1_0.email,
        u1_0.full_name,
        u1_0.is_active,
        u1_0.password_hash,
        u1_0.phone,
        u1_0.role 
    from
        users u1_0 
    where
        u1_0.id=?
Hibernate: 
    select
        u1_0.id,
        u1_0.address,
        u1_0.email,
        u1_0.full_name,
        u1_0.is_active,
        u1_0.password_hash,
        u1_0.phone,
        u1_0.role 
    from
        users u1_0 
    where
        u1_0.id=?
2025-07-03 07:12:25.834 [pool-16-thread-3] DEBUG org.hibernate.SQL - 
    insert 
    into
        notifications
        (created_at, deleted_at, delivery_id, isDeleted, isRead, message, metadata, order_id, priority, read_at, related_entity_id, restaurant_id, title, type, userId, id) 
    values
        (?, ?, ?, ?, ?, ?, ?, ?, ?, ?, ?, ?, ?, ?, ?, ?)
Hibernate: 
    insert 
    into
        notifications
        (created_at, deleted_at, delivery_id, isDeleted, isRead, message, metadata, order_id, priority, read_at, related_entity_id, restaurant_id, title, type, userId, id) 
    values
        (?, ?, ?, ?, ?, ?, ?, ?, ?, ?, ?, ?, ?, ?, ?, ?)
2025-07-03 07:12:25.835 [pool-16-thread-3] DEBUG org.hibernate.SQL - 
    select
        u1_0.id,
        u1_0.address,
        u1_0.email,
        u1_0.full_name,
        u1_0.is_active,
        u1_0.password_hash,
        u1_0.phone,
        u1_0.role 
    from
        users u1_0 
    where
        u1_0.id=?
Hibernate: 
    select
        u1_0.id,
        u1_0.address,
        u1_0.email,
        u1_0.full_name,
        u1_0.is_active,
        u1_0.password_hash,
        u1_0.phone,
        u1_0.role 
    from
        users u1_0 
    where
        u1_0.id=?
2025-07-03 07:12:25.836 [pool-16-thread-3] DEBUG org.hibernate.SQL - 
    insert 
    into
        notifications
        (created_at, deleted_at, delivery_id, isDeleted, isRead, message, metadata, order_id, priority, read_at, related_entity_id, restaurant_id, title, type, userId, id) 
    values
        (?, ?, ?, ?, ?, ?, ?, ?, ?, ?, ?, ?, ?, ?, ?, ?)
Hibernate: 
    insert 
    into
        notifications
        (created_at, deleted_at, delivery_id, isDeleted, isRead, message, metadata, order_id, priority, read_at, related_entity_id, restaurant_id, title, type, userId, id) 
    values
        (?, ?, ?, ?, ?, ?, ?, ?, ?, ?, ?, ?, ?, ?, ?, ?)
2025-07-03 07:12:25.836 [pool-16-thread-7] DEBUG org.hibernate.SQL - 
    select
        u1_0.id,
        u1_0.address,
        u1_0.email,
        u1_0.full_name,
        u1_0.is_active,
        u1_0.password_hash,
        u1_0.phone,
        u1_0.role 
    from
        users u1_0 
    where
        u1_0.id=?
Hibernate: 
    select
        u1_0.id,
        u1_0.address,
        u1_0.email,
        u1_0.full_name,
        u1_0.is_active,
        u1_0.password_hash,
        u1_0.phone,
        u1_0.role 
    from
        users u1_0 
    where
        u1_0.id=?
2025-07-03 07:12:25.837 [pool-16-thread-7] DEBUG org.hibernate.SQL - 
    insert 
    into
        notifications
        (created_at, deleted_at, delivery_id, isDeleted, isRead, message, metadata, order_id, priority, read_at, related_entity_id, restaurant_id, title, type, userId, id) 
    values
        (?, ?, ?, ?, ?, ?, ?, ?, ?, ?, ?, ?, ?, ?, ?, ?)
Hibernate: 
    insert 
    into
        notifications
        (created_at, deleted_at, delivery_id, isDeleted, isRead, message, metadata, order_id, priority, read_at, related_entity_id, restaurant_id, title, type, userId, id) 
    values
        (?, ?, ?, ?, ?, ?, ?, ?, ?, ?, ?, ?, ?, ?, ?, ?)
2025-07-03 07:12:25.837 [pool-16-thread-7] DEBUG org.hibernate.SQL - 
    select
        u1_0.id,
        u1_0.address,
        u1_0.email,
        u1_0.full_name,
        u1_0.is_active,
        u1_0.password_hash,
        u1_0.phone,
        u1_0.role 
    from
        users u1_0 
    where
        u1_0.id=?
Hibernate: 
    select
        u1_0.id,
        u1_0.address,
        u1_0.email,
        u1_0.full_name,
        u1_0.is_active,
        u1_0.password_hash,
        u1_0.phone,
        u1_0.role 
    from
        users u1_0 
    where
        u1_0.id=?
2025-07-03 07:12:25.838 [pool-16-thread-7] DEBUG org.hibernate.SQL - 
    insert 
    into
        notifications
        (created_at, deleted_at, delivery_id, isDeleted, isRead, message, metadata, order_id, priority, read_at, related_entity_id, restaurant_id, title, type, userId, id) 
    values
        (?, ?, ?, ?, ?, ?, ?, ?, ?, ?, ?, ?, ?, ?, ?, ?)
Hibernate: 
    insert 
    into
        notifications
        (created_at, deleted_at, delivery_id, isDeleted, isRead, message, metadata, order_id, priority, read_at, related_entity_id, restaurant_id, title, type, userId, id) 
    values
        (?, ?, ?, ?, ?, ?, ?, ?, ?, ?, ?, ?, ?, ?, ?, ?)
2025-07-03 07:12:25.838 [pool-16-thread-7] DEBUG org.hibernate.SQL - 
    select
        u1_0.id,
        u1_0.address,
        u1_0.email,
        u1_0.full_name,
        u1_0.is_active,
        u1_0.password_hash,
        u1_0.phone,
        u1_0.role 
    from
        users u1_0 
    where
        u1_0.id=?
Hibernate: 
    select
        u1_0.id,
        u1_0.address,
        u1_0.email,
        u1_0.full_name,
        u1_0.is_active,
        u1_0.password_hash,
        u1_0.phone,
        u1_0.role 
    from
        users u1_0 
    where
        u1_0.id=?
2025-07-03 07:12:25.839 [pool-16-thread-7] DEBUG org.hibernate.SQL - 
    insert 
    into
        notifications
        (created_at, deleted_at, delivery_id, isDeleted, isRead, message, metadata, order_id, priority, read_at, related_entity_id, restaurant_id, title, type, userId, id) 
    values
        (?, ?, ?, ?, ?, ?, ?, ?, ?, ?, ?, ?, ?, ?, ?, ?)
Hibernate: 
    insert 
    into
        notifications
        (created_at, deleted_at, delivery_id, isDeleted, isRead, message, metadata, order_id, priority, read_at, related_entity_id, restaurant_id, title, type, userId, id) 
    values
        (?, ?, ?, ?, ?, ?, ?, ?, ?, ?, ?, ?, ?, ?, ?, ?)
2025-07-03 07:12:25.839 [pool-16-thread-7] DEBUG org.hibernate.SQL - 
    select
        u1_0.id,
        u1_0.address,
        u1_0.email,
        u1_0.full_name,
        u1_0.is_active,
        u1_0.password_hash,
        u1_0.phone,
        u1_0.role 
    from
        users u1_0 
    where
        u1_0.id=?
Hibernate: 
    select
        u1_0.id,
        u1_0.address,
        u1_0.email,
        u1_0.full_name,
        u1_0.is_active,
        u1_0.password_hash,
        u1_0.phone,
        u1_0.role 
    from
        users u1_0 
    where
        u1_0.id=?
2025-07-03 07:12:25.840 [pool-16-thread-7] DEBUG org.hibernate.SQL - 
    insert 
    into
        notifications
        (created_at, deleted_at, delivery_id, isDeleted, isRead, message, metadata, order_id, priority, read_at, related_entity_id, restaurant_id, title, type, userId, id) 
    values
        (?, ?, ?, ?, ?, ?, ?, ?, ?, ?, ?, ?, ?, ?, ?, ?)
Hibernate: 
    insert 
    into
        notifications
        (created_at, deleted_at, delivery_id, isDeleted, isRead, message, metadata, order_id, priority, read_at, related_entity_id, restaurant_id, title, type, userId, id) 
    values
        (?, ?, ?, ?, ?, ?, ?, ?, ?, ?, ?, ?, ?, ?, ?, ?)
2025-07-03 07:12:25.840 [pool-16-thread-7] DEBUG org.hibernate.SQL - 
    select
        u1_0.id,
        u1_0.address,
        u1_0.email,
        u1_0.full_name,
        u1_0.is_active,
        u1_0.password_hash,
        u1_0.phone,
        u1_0.role 
    from
        users u1_0 
    where
        u1_0.id=?
Hibernate: 
    select
        u1_0.id,
        u1_0.address,
        u1_0.email,
        u1_0.full_name,
        u1_0.is_active,
        u1_0.password_hash,
        u1_0.phone,
        u1_0.role 
    from
        users u1_0 
    where
        u1_0.id=?
2025-07-03 07:12:25.841 [pool-16-thread-7] DEBUG org.hibernate.SQL - 
    insert 
    into
        notifications
        (created_at, deleted_at, delivery_id, isDeleted, isRead, message, metadata, order_id, priority, read_at, related_entity_id, restaurant_id, title, type, userId, id) 
    values
        (?, ?, ?, ?, ?, ?, ?, ?, ?, ?, ?, ?, ?, ?, ?, ?)
Hibernate: 
    insert 
    into
        notifications
        (created_at, deleted_at, delivery_id, isDeleted, isRead, message, metadata, order_id, priority, read_at, related_entity_id, restaurant_id, title, type, userId, id) 
    values
        (?, ?, ?, ?, ?, ?, ?, ?, ?, ?, ?, ?, ?, ?, ?, ?)
2025-07-03 07:12:25.841 [pool-16-thread-7] DEBUG org.hibernate.SQL - 
    select
        u1_0.id,
        u1_0.address,
        u1_0.email,
        u1_0.full_name,
        u1_0.is_active,
        u1_0.password_hash,
        u1_0.phone,
        u1_0.role 
    from
        users u1_0 
    where
        u1_0.id=?
Hibernate: 
    select
        u1_0.id,
        u1_0.address,
        u1_0.email,
        u1_0.full_name,
        u1_0.is_active,
        u1_0.password_hash,
        u1_0.phone,
        u1_0.role 
    from
        users u1_0 
    where
        u1_0.id=?
2025-07-03 07:12:25.842 [pool-16-thread-7] DEBUG org.hibernate.SQL - 
    insert 
    into
        notifications
        (created_at, deleted_at, delivery_id, isDeleted, isRead, message, metadata, order_id, priority, read_at, related_entity_id, restaurant_id, title, type, userId, id) 
    values
        (?, ?, ?, ?, ?, ?, ?, ?, ?, ?, ?, ?, ?, ?, ?, ?)
Hibernate: 
    insert 
    into
        notifications
        (created_at, deleted_at, delivery_id, isDeleted, isRead, message, metadata, order_id, priority, read_at, related_entity_id, restaurant_id, title, type, userId, id) 
    values
        (?, ?, ?, ?, ?, ?, ?, ?, ?, ?, ?, ?, ?, ?, ?, ?)
2025-07-03 07:12:25.842 [pool-16-thread-7] DEBUG org.hibernate.SQL - 
    select
        u1_0.id,
        u1_0.address,
        u1_0.email,
        u1_0.full_name,
        u1_0.is_active,
        u1_0.password_hash,
        u1_0.phone,
        u1_0.role 
    from
        users u1_0 
    where
        u1_0.id=?
Hibernate: 
    select
        u1_0.id,
        u1_0.address,
        u1_0.email,
        u1_0.full_name,
        u1_0.is_active,
        u1_0.password_hash,
        u1_0.phone,
        u1_0.role 
    from
        users u1_0 
    where
        u1_0.id=?
2025-07-03 07:12:25.843 [pool-16-thread-7] DEBUG org.hibernate.SQL - 
    insert 
    into
        notifications
        (created_at, deleted_at, delivery_id, isDeleted, isRead, message, metadata, order_id, priority, read_at, related_entity_id, restaurant_id, title, type, userId, id) 
    values
        (?, ?, ?, ?, ?, ?, ?, ?, ?, ?, ?, ?, ?, ?, ?, ?)
Hibernate: 
    insert 
    into
        notifications
        (created_at, deleted_at, delivery_id, isDeleted, isRead, message, metadata, order_id, priority, read_at, related_entity_id, restaurant_id, title, type, userId, id) 
    values
        (?, ?, ?, ?, ?, ?, ?, ?, ?, ?, ?, ?, ?, ?, ?, ?)
2025-07-03 07:12:25.843 [pool-16-thread-7] DEBUG org.hibernate.SQL - 
    select
        u1_0.id,
        u1_0.address,
        u1_0.email,
        u1_0.full_name,
        u1_0.is_active,
        u1_0.password_hash,
        u1_0.phone,
        u1_0.role 
    from
        users u1_0 
    where
        u1_0.id=?
Hibernate: 
    select
        u1_0.id,
        u1_0.address,
        u1_0.email,
        u1_0.full_name,
        u1_0.is_active,
        u1_0.password_hash,
        u1_0.phone,
        u1_0.role 
    from
        users u1_0 
    where
        u1_0.id=?
2025-07-03 07:12:25.844 [pool-16-thread-7] DEBUG org.hibernate.SQL - 
    insert 
    into
        notifications
        (created_at, deleted_at, delivery_id, isDeleted, isRead, message, metadata, order_id, priority, read_at, related_entity_id, restaurant_id, title, type, userId, id) 
    values
        (?, ?, ?, ?, ?, ?, ?, ?, ?, ?, ?, ?, ?, ?, ?, ?)
Hibernate: 
    insert 
    into
        notifications
        (created_at, deleted_at, delivery_id, isDeleted, isRead, message, metadata, order_id, priority, read_at, related_entity_id, restaurant_id, title, type, userId, id) 
    values
        (?, ?, ?, ?, ?, ?, ?, ?, ?, ?, ?, ?, ?, ?, ?, ?)
2025-07-03 07:12:25.844 [pool-16-thread-4] DEBUG org.hibernate.SQL - 
    select
        u1_0.id,
        u1_0.address,
        u1_0.email,
        u1_0.full_name,
        u1_0.is_active,
        u1_0.password_hash,
        u1_0.phone,
        u1_0.role 
    from
        users u1_0 
    where
        u1_0.id=?
Hibernate: 
    select
        u1_0.id,
        u1_0.address,
        u1_0.email,
        u1_0.full_name,
        u1_0.is_active,
        u1_0.password_hash,
        u1_0.phone,
        u1_0.role 
    from
        users u1_0 
    where
        u1_0.id=?
2025-07-03 07:12:25.845 [pool-16-thread-4] DEBUG org.hibernate.SQL - 
    insert 
    into
        notifications
        (created_at, deleted_at, delivery_id, isDeleted, isRead, message, metadata, order_id, priority, read_at, related_entity_id, restaurant_id, title, type, userId, id) 
    values
        (?, ?, ?, ?, ?, ?, ?, ?, ?, ?, ?, ?, ?, ?, ?, ?)
Hibernate: 
    insert 
    into
        notifications
        (created_at, deleted_at, delivery_id, isDeleted, isRead, message, metadata, order_id, priority, read_at, related_entity_id, restaurant_id, title, type, userId, id) 
    values
        (?, ?, ?, ?, ?, ?, ?, ?, ?, ?, ?, ?, ?, ?, ?, ?)
2025-07-03 07:12:25.845 [pool-16-thread-4] DEBUG org.hibernate.SQL - 
    select
        u1_0.id,
        u1_0.address,
        u1_0.email,
        u1_0.full_name,
        u1_0.is_active,
        u1_0.password_hash,
        u1_0.phone,
        u1_0.role 
    from
        users u1_0 
    where
        u1_0.id=?
Hibernate: 
    select
        u1_0.id,
        u1_0.address,
        u1_0.email,
        u1_0.full_name,
        u1_0.is_active,
        u1_0.password_hash,
        u1_0.phone,
        u1_0.role 
    from
        users u1_0 
    where
        u1_0.id=?
2025-07-03 07:12:25.846 [pool-16-thread-4] DEBUG org.hibernate.SQL - 
    insert 
    into
        notifications
        (created_at, deleted_at, delivery_id, isDeleted, isRead, message, metadata, order_id, priority, read_at, related_entity_id, restaurant_id, title, type, userId, id) 
    values
        (?, ?, ?, ?, ?, ?, ?, ?, ?, ?, ?, ?, ?, ?, ?, ?)
Hibernate: 
    insert 
    into
        notifications
        (created_at, deleted_at, delivery_id, isDeleted, isRead, message, metadata, order_id, priority, read_at, related_entity_id, restaurant_id, title, type, userId, id) 
    values
        (?, ?, ?, ?, ?, ?, ?, ?, ?, ?, ?, ?, ?, ?, ?, ?)
2025-07-03 07:12:25.847 [pool-16-thread-4] DEBUG org.hibernate.SQL - 
    select
        u1_0.id,
        u1_0.address,
        u1_0.email,
        u1_0.full_name,
        u1_0.is_active,
        u1_0.password_hash,
        u1_0.phone,
        u1_0.role 
    from
        users u1_0 
    where
        u1_0.id=?
Hibernate: 
    select
        u1_0.id,
        u1_0.address,
        u1_0.email,
        u1_0.full_name,
        u1_0.is_active,
        u1_0.password_hash,
        u1_0.phone,
        u1_0.role 
    from
        users u1_0 
    where
        u1_0.id=?
2025-07-03 07:12:25.847 [pool-16-thread-4] DEBUG org.hibernate.SQL - 
    insert 
    into
        notifications
        (created_at, deleted_at, delivery_id, isDeleted, isRead, message, metadata, order_id, priority, read_at, related_entity_id, restaurant_id, title, type, userId, id) 
    values
        (?, ?, ?, ?, ?, ?, ?, ?, ?, ?, ?, ?, ?, ?, ?, ?)
Hibernate: 
    insert 
    into
        notifications
        (created_at, deleted_at, delivery_id, isDeleted, isRead, message, metadata, order_id, priority, read_at, related_entity_id, restaurant_id, title, type, userId, id) 
    values
        (?, ?, ?, ?, ?, ?, ?, ?, ?, ?, ?, ?, ?, ?, ?, ?)
2025-07-03 07:12:25.848 [pool-16-thread-4] DEBUG org.hibernate.SQL - 
    select
        u1_0.id,
        u1_0.address,
        u1_0.email,
        u1_0.full_name,
        u1_0.is_active,
        u1_0.password_hash,
        u1_0.phone,
        u1_0.role 
    from
        users u1_0 
    where
        u1_0.id=?
Hibernate: 
    select
        u1_0.id,
        u1_0.address,
        u1_0.email,
        u1_0.full_name,
        u1_0.is_active,
        u1_0.password_hash,
        u1_0.phone,
        u1_0.role 
    from
        users u1_0 
    where
        u1_0.id=?
2025-07-03 07:12:25.848 [pool-16-thread-4] DEBUG org.hibernate.SQL - 
    insert 
    into
        notifications
        (created_at, deleted_at, delivery_id, isDeleted, isRead, message, metadata, order_id, priority, read_at, related_entity_id, restaurant_id, title, type, userId, id) 
    values
        (?, ?, ?, ?, ?, ?, ?, ?, ?, ?, ?, ?, ?, ?, ?, ?)
Hibernate: 
    insert 
    into
        notifications
        (created_at, deleted_at, delivery_id, isDeleted, isRead, message, metadata, order_id, priority, read_at, related_entity_id, restaurant_id, title, type, userId, id) 
    values
        (?, ?, ?, ?, ?, ?, ?, ?, ?, ?, ?, ?, ?, ?, ?, ?)
2025-07-03 07:12:25.849 [pool-16-thread-4] DEBUG org.hibernate.SQL - 
    select
        u1_0.id,
        u1_0.address,
        u1_0.email,
        u1_0.full_name,
        u1_0.is_active,
        u1_0.password_hash,
        u1_0.phone,
        u1_0.role 
    from
        users u1_0 
    where
        u1_0.id=?
Hibernate: 
    select
        u1_0.id,
        u1_0.address,
        u1_0.email,
        u1_0.full_name,
        u1_0.is_active,
        u1_0.password_hash,
        u1_0.phone,
        u1_0.role 
    from
        users u1_0 
    where
        u1_0.id=?
2025-07-03 07:12:25.849 [pool-16-thread-4] DEBUG org.hibernate.SQL - 
    insert 
    into
        notifications
        (created_at, deleted_at, delivery_id, isDeleted, isRead, message, metadata, order_id, priority, read_at, related_entity_id, restaurant_id, title, type, userId, id) 
    values
        (?, ?, ?, ?, ?, ?, ?, ?, ?, ?, ?, ?, ?, ?, ?, ?)
Hibernate: 
    insert 
    into
        notifications
        (created_at, deleted_at, delivery_id, isDeleted, isRead, message, metadata, order_id, priority, read_at, related_entity_id, restaurant_id, title, type, userId, id) 
    values
        (?, ?, ?, ?, ?, ?, ?, ?, ?, ?, ?, ?, ?, ?, ?, ?)
2025-07-03 07:12:25.850 [pool-16-thread-4] DEBUG org.hibernate.SQL - 
    select
        u1_0.id,
        u1_0.address,
        u1_0.email,
        u1_0.full_name,
        u1_0.is_active,
        u1_0.password_hash,
        u1_0.phone,
        u1_0.role 
    from
        users u1_0 
    where
        u1_0.id=?
Hibernate: 
    select
        u1_0.id,
        u1_0.address,
        u1_0.email,
        u1_0.full_name,
        u1_0.is_active,
        u1_0.password_hash,
        u1_0.phone,
        u1_0.role 
    from
        users u1_0 
    where
        u1_0.id=?
2025-07-03 07:12:25.850 [pool-16-thread-4] DEBUG org.hibernate.SQL - 
    insert 
    into
        notifications
        (created_at, deleted_at, delivery_id, isDeleted, isRead, message, metadata, order_id, priority, read_at, related_entity_id, restaurant_id, title, type, userId, id) 
    values
        (?, ?, ?, ?, ?, ?, ?, ?, ?, ?, ?, ?, ?, ?, ?, ?)
Hibernate: 
    insert 
    into
        notifications
        (created_at, deleted_at, delivery_id, isDeleted, isRead, message, metadata, order_id, priority, read_at, related_entity_id, restaurant_id, title, type, userId, id) 
    values
        (?, ?, ?, ?, ?, ?, ?, ?, ?, ?, ?, ?, ?, ?, ?, ?)
2025-07-03 07:12:25.851 [pool-16-thread-4] DEBUG org.hibernate.SQL - 
    select
        u1_0.id,
        u1_0.address,
        u1_0.email,
        u1_0.full_name,
        u1_0.is_active,
        u1_0.password_hash,
        u1_0.phone,
        u1_0.role 
    from
        users u1_0 
    where
        u1_0.id=?
Hibernate: 
    select
        u1_0.id,
        u1_0.address,
        u1_0.email,
        u1_0.full_name,
        u1_0.is_active,
        u1_0.password_hash,
        u1_0.phone,
        u1_0.role 
    from
        users u1_0 
    where
        u1_0.id=?
2025-07-03 07:12:25.851 [pool-16-thread-4] DEBUG org.hibernate.SQL - 
    insert 
    into
        notifications
        (created_at, deleted_at, delivery_id, isDeleted, isRead, message, metadata, order_id, priority, read_at, related_entity_id, restaurant_id, title, type, userId, id) 
    values
        (?, ?, ?, ?, ?, ?, ?, ?, ?, ?, ?, ?, ?, ?, ?, ?)
Hibernate: 
    insert 
    into
        notifications
        (created_at, deleted_at, delivery_id, isDeleted, isRead, message, metadata, order_id, priority, read_at, related_entity_id, restaurant_id, title, type, userId, id) 
    values
        (?, ?, ?, ?, ?, ?, ?, ?, ?, ?, ?, ?, ?, ?, ?, ?)
2025-07-03 07:12:25.852 [pool-16-thread-4] DEBUG org.hibernate.SQL - 
    select
        u1_0.id,
        u1_0.address,
        u1_0.email,
        u1_0.full_name,
        u1_0.is_active,
        u1_0.password_hash,
        u1_0.phone,
        u1_0.role 
    from
        users u1_0 
    where
        u1_0.id=?
Hibernate: 
    select
        u1_0.id,
        u1_0.address,
        u1_0.email,
        u1_0.full_name,
        u1_0.is_active,
        u1_0.password_hash,
        u1_0.phone,
        u1_0.role 
    from
        users u1_0 
    where
        u1_0.id=?
2025-07-03 07:12:25.852 [pool-16-thread-4] DEBUG org.hibernate.SQL - 
    insert 
    into
        notifications
        (created_at, deleted_at, delivery_id, isDeleted, isRead, message, metadata, order_id, priority, read_at, related_entity_id, restaurant_id, title, type, userId, id) 
    values
        (?, ?, ?, ?, ?, ?, ?, ?, ?, ?, ?, ?, ?, ?, ?, ?)
Hibernate: 
    insert 
    into
        notifications
        (created_at, deleted_at, delivery_id, isDeleted, isRead, message, metadata, order_id, priority, read_at, related_entity_id, restaurant_id, title, type, userId, id) 
    values
        (?, ?, ?, ?, ?, ?, ?, ?, ?, ?, ?, ?, ?, ?, ?, ?)
2025-07-03 07:12:25.852 [pool-16-thread-2] DEBUG org.hibernate.SQL - 
    select
        u1_0.id,
        u1_0.address,
        u1_0.email,
        u1_0.full_name,
        u1_0.is_active,
        u1_0.password_hash,
        u1_0.phone,
        u1_0.role 
    from
        users u1_0 
    where
        u1_0.id=?
Hibernate: 
    select
        u1_0.id,
        u1_0.address,
        u1_0.email,
        u1_0.full_name,
        u1_0.is_active,
        u1_0.password_hash,
        u1_0.phone,
        u1_0.role 
    from
        users u1_0 
    where
        u1_0.id=?
2025-07-03 07:12:25.853 [pool-16-thread-2] DEBUG org.hibernate.SQL - 
    insert 
    into
        notifications
        (created_at, deleted_at, delivery_id, isDeleted, isRead, message, metadata, order_id, priority, read_at, related_entity_id, restaurant_id, title, type, userId, id) 
    values
        (?, ?, ?, ?, ?, ?, ?, ?, ?, ?, ?, ?, ?, ?, ?, ?)
Hibernate: 
    insert 
    into
        notifications
        (created_at, deleted_at, delivery_id, isDeleted, isRead, message, metadata, order_id, priority, read_at, related_entity_id, restaurant_id, title, type, userId, id) 
    values
        (?, ?, ?, ?, ?, ?, ?, ?, ?, ?, ?, ?, ?, ?, ?, ?)
2025-07-03 07:12:25.854 [pool-16-thread-2] DEBUG org.hibernate.SQL - 
    select
        u1_0.id,
        u1_0.address,
        u1_0.email,
        u1_0.full_name,
        u1_0.is_active,
        u1_0.password_hash,
        u1_0.phone,
        u1_0.role 
    from
        users u1_0 
    where
        u1_0.id=?
Hibernate: 
    select
        u1_0.id,
        u1_0.address,
        u1_0.email,
        u1_0.full_name,
        u1_0.is_active,
        u1_0.password_hash,
        u1_0.phone,
        u1_0.role 
    from
        users u1_0 
    where
        u1_0.id=?
2025-07-03 07:12:25.854 [pool-16-thread-2] DEBUG org.hibernate.SQL - 
    insert 
    into
        notifications
        (created_at, deleted_at, delivery_id, isDeleted, isRead, message, metadata, order_id, priority, read_at, related_entity_id, restaurant_id, title, type, userId, id) 
    values
        (?, ?, ?, ?, ?, ?, ?, ?, ?, ?, ?, ?, ?, ?, ?, ?)
Hibernate: 
    insert 
    into
        notifications
        (created_at, deleted_at, delivery_id, isDeleted, isRead, message, metadata, order_id, priority, read_at, related_entity_id, restaurant_id, title, type, userId, id) 
    values
        (?, ?, ?, ?, ?, ?, ?, ?, ?, ?, ?, ?, ?, ?, ?, ?)
2025-07-03 07:12:25.855 [pool-16-thread-2] DEBUG org.hibernate.SQL - 
    select
        u1_0.id,
        u1_0.address,
        u1_0.email,
        u1_0.full_name,
        u1_0.is_active,
        u1_0.password_hash,
        u1_0.phone,
        u1_0.role 
    from
        users u1_0 
    where
        u1_0.id=?
Hibernate: 
    select
        u1_0.id,
        u1_0.address,
        u1_0.email,
        u1_0.full_name,
        u1_0.is_active,
        u1_0.password_hash,
        u1_0.phone,
        u1_0.role 
    from
        users u1_0 
    where
        u1_0.id=?
2025-07-03 07:12:25.855 [pool-16-thread-2] DEBUG org.hibernate.SQL - 
    insert 
    into
        notifications
        (created_at, deleted_at, delivery_id, isDeleted, isRead, message, metadata, order_id, priority, read_at, related_entity_id, restaurant_id, title, type, userId, id) 
    values
        (?, ?, ?, ?, ?, ?, ?, ?, ?, ?, ?, ?, ?, ?, ?, ?)
Hibernate: 
    insert 
    into
        notifications
        (created_at, deleted_at, delivery_id, isDeleted, isRead, message, metadata, order_id, priority, read_at, related_entity_id, restaurant_id, title, type, userId, id) 
    values
        (?, ?, ?, ?, ?, ?, ?, ?, ?, ?, ?, ?, ?, ?, ?, ?)
2025-07-03 07:12:25.856 [pool-16-thread-2] DEBUG org.hibernate.SQL - 
    select
        u1_0.id,
        u1_0.address,
        u1_0.email,
        u1_0.full_name,
        u1_0.is_active,
        u1_0.password_hash,
        u1_0.phone,
        u1_0.role 
    from
        users u1_0 
    where
        u1_0.id=?
Hibernate: 
    select
        u1_0.id,
        u1_0.address,
        u1_0.email,
        u1_0.full_name,
        u1_0.is_active,
        u1_0.password_hash,
        u1_0.phone,
        u1_0.role 
    from
        users u1_0 
    where
        u1_0.id=?
2025-07-03 07:12:25.856 [pool-16-thread-2] DEBUG org.hibernate.SQL - 
    insert 
    into
        notifications
        (created_at, deleted_at, delivery_id, isDeleted, isRead, message, metadata, order_id, priority, read_at, related_entity_id, restaurant_id, title, type, userId, id) 
    values
        (?, ?, ?, ?, ?, ?, ?, ?, ?, ?, ?, ?, ?, ?, ?, ?)
Hibernate: 
    insert 
    into
        notifications
        (created_at, deleted_at, delivery_id, isDeleted, isRead, message, metadata, order_id, priority, read_at, related_entity_id, restaurant_id, title, type, userId, id) 
    values
        (?, ?, ?, ?, ?, ?, ?, ?, ?, ?, ?, ?, ?, ?, ?, ?)
2025-07-03 07:12:25.857 [pool-16-thread-2] DEBUG org.hibernate.SQL - 
    select
        u1_0.id,
        u1_0.address,
        u1_0.email,
        u1_0.full_name,
        u1_0.is_active,
        u1_0.password_hash,
        u1_0.phone,
        u1_0.role 
    from
        users u1_0 
    where
        u1_0.id=?
Hibernate: 
    select
        u1_0.id,
        u1_0.address,
        u1_0.email,
        u1_0.full_name,
        u1_0.is_active,
        u1_0.password_hash,
        u1_0.phone,
        u1_0.role 
    from
        users u1_0 
    where
        u1_0.id=?
2025-07-03 07:12:25.857 [pool-16-thread-2] DEBUG org.hibernate.SQL - 
    insert 
    into
        notifications
        (created_at, deleted_at, delivery_id, isDeleted, isRead, message, metadata, order_id, priority, read_at, related_entity_id, restaurant_id, title, type, userId, id) 
    values
        (?, ?, ?, ?, ?, ?, ?, ?, ?, ?, ?, ?, ?, ?, ?, ?)
Hibernate: 
    insert 
    into
        notifications
        (created_at, deleted_at, delivery_id, isDeleted, isRead, message, metadata, order_id, priority, read_at, related_entity_id, restaurant_id, title, type, userId, id) 
    values
        (?, ?, ?, ?, ?, ?, ?, ?, ?, ?, ?, ?, ?, ?, ?, ?)
2025-07-03 07:12:25.858 [pool-16-thread-2] DEBUG org.hibernate.SQL - 
    select
        u1_0.id,
        u1_0.address,
        u1_0.email,
        u1_0.full_name,
        u1_0.is_active,
        u1_0.password_hash,
        u1_0.phone,
        u1_0.role 
    from
        users u1_0 
    where
        u1_0.id=?
Hibernate: 
    select
        u1_0.id,
        u1_0.address,
        u1_0.email,
        u1_0.full_name,
        u1_0.is_active,
        u1_0.password_hash,
        u1_0.phone,
        u1_0.role 
    from
        users u1_0 
    where
        u1_0.id=?
2025-07-03 07:12:25.858 [pool-16-thread-2] DEBUG org.hibernate.SQL - 
    insert 
    into
        notifications
        (created_at, deleted_at, delivery_id, isDeleted, isRead, message, metadata, order_id, priority, read_at, related_entity_id, restaurant_id, title, type, userId, id) 
    values
        (?, ?, ?, ?, ?, ?, ?, ?, ?, ?, ?, ?, ?, ?, ?, ?)
Hibernate: 
    insert 
    into
        notifications
        (created_at, deleted_at, delivery_id, isDeleted, isRead, message, metadata, order_id, priority, read_at, related_entity_id, restaurant_id, title, type, userId, id) 
    values
        (?, ?, ?, ?, ?, ?, ?, ?, ?, ?, ?, ?, ?, ?, ?, ?)
2025-07-03 07:12:25.859 [pool-16-thread-2] DEBUG org.hibernate.SQL - 
    select
        u1_0.id,
        u1_0.address,
        u1_0.email,
        u1_0.full_name,
        u1_0.is_active,
        u1_0.password_hash,
        u1_0.phone,
        u1_0.role 
    from
        users u1_0 
    where
        u1_0.id=?
Hibernate: 
    select
        u1_0.id,
        u1_0.address,
        u1_0.email,
        u1_0.full_name,
        u1_0.is_active,
        u1_0.password_hash,
        u1_0.phone,
        u1_0.role 
    from
        users u1_0 
    where
        u1_0.id=?
2025-07-03 07:12:25.859 [pool-16-thread-2] DEBUG org.hibernate.SQL - 
    insert 
    into
        notifications
        (created_at, deleted_at, delivery_id, isDeleted, isRead, message, metadata, order_id, priority, read_at, related_entity_id, restaurant_id, title, type, userId, id) 
    values
        (?, ?, ?, ?, ?, ?, ?, ?, ?, ?, ?, ?, ?, ?, ?, ?)
Hibernate: 
    insert 
    into
        notifications
        (created_at, deleted_at, delivery_id, isDeleted, isRead, message, metadata, order_id, priority, read_at, related_entity_id, restaurant_id, title, type, userId, id) 
    values
        (?, ?, ?, ?, ?, ?, ?, ?, ?, ?, ?, ?, ?, ?, ?, ?)
2025-07-03 07:12:25.861 [pool-16-thread-2] DEBUG org.hibernate.SQL - 
    select
        u1_0.id,
        u1_0.address,
        u1_0.email,
        u1_0.full_name,
        u1_0.is_active,
        u1_0.password_hash,
        u1_0.phone,
        u1_0.role 
    from
        users u1_0 
    where
        u1_0.id=?
Hibernate: 
    select
        u1_0.id,
        u1_0.address,
        u1_0.email,
        u1_0.full_name,
        u1_0.is_active,
        u1_0.password_hash,
        u1_0.phone,
        u1_0.role 
    from
        users u1_0 
    where
        u1_0.id=?
2025-07-03 07:12:25.861 [pool-16-thread-2] DEBUG org.hibernate.SQL - 
    insert 
    into
        notifications
        (created_at, deleted_at, delivery_id, isDeleted, isRead, message, metadata, order_id, priority, read_at, related_entity_id, restaurant_id, title, type, userId, id) 
    values
        (?, ?, ?, ?, ?, ?, ?, ?, ?, ?, ?, ?, ?, ?, ?, ?)
Hibernate: 
    insert 
    into
        notifications
        (created_at, deleted_at, delivery_id, isDeleted, isRead, message, metadata, order_id, priority, read_at, related_entity_id, restaurant_id, title, type, userId, id) 
    values
        (?, ?, ?, ?, ?, ?, ?, ?, ?, ?, ?, ?, ?, ?, ?, ?)
2025-07-03 07:12:25.862 [pool-16-thread-2] DEBUG org.hibernate.SQL - 
    select
        u1_0.id,
        u1_0.address,
        u1_0.email,
        u1_0.full_name,
        u1_0.is_active,
        u1_0.password_hash,
        u1_0.phone,
        u1_0.role 
    from
        users u1_0 
    where
        u1_0.id=?
Hibernate: 
    select
        u1_0.id,
        u1_0.address,
        u1_0.email,
        u1_0.full_name,
        u1_0.is_active,
        u1_0.password_hash,
        u1_0.phone,
        u1_0.role 
    from
        users u1_0 
    where
        u1_0.id=?
2025-07-03 07:12:25.862 [pool-16-thread-2] DEBUG org.hibernate.SQL - 
    insert 
    into
        notifications
        (created_at, deleted_at, delivery_id, isDeleted, isRead, message, metadata, order_id, priority, read_at, related_entity_id, restaurant_id, title, type, userId, id) 
    values
        (?, ?, ?, ?, ?, ?, ?, ?, ?, ?, ?, ?, ?, ?, ?, ?)
Hibernate: 
    insert 
    into
        notifications
        (created_at, deleted_at, delivery_id, isDeleted, isRead, message, metadata, order_id, priority, read_at, related_entity_id, restaurant_id, title, type, userId, id) 
    values
        (?, ?, ?, ?, ?, ?, ?, ?, ?, ?, ?, ?, ?, ?, ?, ?)
2025-07-03 07:12:25.863 [pool-16-thread-2] DEBUG org.hibernate.SQL - 
    select
        u1_0.id,
        u1_0.address,
        u1_0.email,
        u1_0.full_name,
        u1_0.is_active,
        u1_0.password_hash,
        u1_0.phone,
        u1_0.role 
    from
        users u1_0 
    where
        u1_0.id=?
Hibernate: 
    select
        u1_0.id,
        u1_0.address,
        u1_0.email,
        u1_0.full_name,
        u1_0.is_active,
        u1_0.password_hash,
        u1_0.phone,
        u1_0.role 
    from
        users u1_0 
    where
        u1_0.id=?
2025-07-03 07:12:25.863 [pool-16-thread-2] DEBUG org.hibernate.SQL - 
    insert 
    into
        notifications
        (created_at, deleted_at, delivery_id, isDeleted, isRead, message, metadata, order_id, priority, read_at, related_entity_id, restaurant_id, title, type, userId, id) 
    values
        (?, ?, ?, ?, ?, ?, ?, ?, ?, ?, ?, ?, ?, ?, ?, ?)
Hibernate: 
    insert 
    into
        notifications
        (created_at, deleted_at, delivery_id, isDeleted, isRead, message, metadata, order_id, priority, read_at, related_entity_id, restaurant_id, title, type, userId, id) 
    values
        (?, ?, ?, ?, ?, ?, ?, ?, ?, ?, ?, ?, ?, ?, ?, ?)
2025-07-03 07:12:25.864 [pool-16-thread-2] DEBUG org.hibernate.SQL - 
    select
        u1_0.id,
        u1_0.address,
        u1_0.email,
        u1_0.full_name,
        u1_0.is_active,
        u1_0.password_hash,
        u1_0.phone,
        u1_0.role 
    from
        users u1_0 
    where
        u1_0.id=?
Hibernate: 
    select
        u1_0.id,
        u1_0.address,
        u1_0.email,
        u1_0.full_name,
        u1_0.is_active,
        u1_0.password_hash,
        u1_0.phone,
        u1_0.role 
    from
        users u1_0 
    where
        u1_0.id=?
2025-07-03 07:12:25.864 [pool-16-thread-2] DEBUG org.hibernate.SQL - 
    insert 
    into
        notifications
        (created_at, deleted_at, delivery_id, isDeleted, isRead, message, metadata, order_id, priority, read_at, related_entity_id, restaurant_id, title, type, userId, id) 
    values
        (?, ?, ?, ?, ?, ?, ?, ?, ?, ?, ?, ?, ?, ?, ?, ?)
Hibernate: 
    insert 
    into
        notifications
        (created_at, deleted_at, delivery_id, isDeleted, isRead, message, metadata, order_id, priority, read_at, related_entity_id, restaurant_id, title, type, userId, id) 
    values
        (?, ?, ?, ?, ?, ?, ?, ?, ?, ?, ?, ?, ?, ?, ?, ?)
2025-07-03 07:12:25.865 [pool-16-thread-2] DEBUG org.hibernate.SQL - 
    select
        u1_0.id,
        u1_0.address,
        u1_0.email,
        u1_0.full_name,
        u1_0.is_active,
        u1_0.password_hash,
        u1_0.phone,
        u1_0.role 
    from
        users u1_0 
    where
        u1_0.id=?
Hibernate: 
    select
        u1_0.id,
        u1_0.address,
        u1_0.email,
        u1_0.full_name,
        u1_0.is_active,
        u1_0.password_hash,
        u1_0.phone,
        u1_0.role 
    from
        users u1_0 
    where
        u1_0.id=?
2025-07-03 07:12:25.865 [pool-16-thread-2] DEBUG org.hibernate.SQL - 
    insert 
    into
        notifications
        (created_at, deleted_at, delivery_id, isDeleted, isRead, message, metadata, order_id, priority, read_at, related_entity_id, restaurant_id, title, type, userId, id) 
    values
        (?, ?, ?, ?, ?, ?, ?, ?, ?, ?, ?, ?, ?, ?, ?, ?)
Hibernate: 
    insert 
    into
        notifications
        (created_at, deleted_at, delivery_id, isDeleted, isRead, message, metadata, order_id, priority, read_at, related_entity_id, restaurant_id, title, type, userId, id) 
    values
        (?, ?, ?, ?, ?, ?, ?, ?, ?, ?, ?, ?, ?, ?, ?, ?)
2025-07-03 07:12:25.866 [pool-16-thread-2] DEBUG org.hibernate.SQL - 
    select
        u1_0.id,
        u1_0.address,
        u1_0.email,
        u1_0.full_name,
        u1_0.is_active,
        u1_0.password_hash,
        u1_0.phone,
        u1_0.role 
    from
        users u1_0 
    where
        u1_0.id=?
Hibernate: 
    select
        u1_0.id,
        u1_0.address,
        u1_0.email,
        u1_0.full_name,
        u1_0.is_active,
        u1_0.password_hash,
        u1_0.phone,
        u1_0.role 
    from
        users u1_0 
    where
        u1_0.id=?
2025-07-03 07:12:25.866 [pool-16-thread-2] DEBUG org.hibernate.SQL - 
    insert 
    into
        notifications
        (created_at, deleted_at, delivery_id, isDeleted, isRead, message, metadata, order_id, priority, read_at, related_entity_id, restaurant_id, title, type, userId, id) 
    values
        (?, ?, ?, ?, ?, ?, ?, ?, ?, ?, ?, ?, ?, ?, ?, ?)
Hibernate: 
    insert 
    into
        notifications
        (created_at, deleted_at, delivery_id, isDeleted, isRead, message, metadata, order_id, priority, read_at, related_entity_id, restaurant_id, title, type, userId, id) 
    values
        (?, ?, ?, ?, ?, ?, ?, ?, ?, ?, ?, ?, ?, ?, ?, ?)
2025-07-03 07:12:25.867 [pool-16-thread-2] DEBUG org.hibernate.SQL - 
    select
        u1_0.id,
        u1_0.address,
        u1_0.email,
        u1_0.full_name,
        u1_0.is_active,
        u1_0.password_hash,
        u1_0.phone,
        u1_0.role 
    from
        users u1_0 
    where
        u1_0.id=?
Hibernate: 
    select
        u1_0.id,
        u1_0.address,
        u1_0.email,
        u1_0.full_name,
        u1_0.is_active,
        u1_0.password_hash,
        u1_0.phone,
        u1_0.role 
    from
        users u1_0 
    where
        u1_0.id=?
2025-07-03 07:12:25.867 [pool-16-thread-2] DEBUG org.hibernate.SQL - 
    insert 
    into
        notifications
        (created_at, deleted_at, delivery_id, isDeleted, isRead, message, metadata, order_id, priority, read_at, related_entity_id, restaurant_id, title, type, userId, id) 
    values
        (?, ?, ?, ?, ?, ?, ?, ?, ?, ?, ?, ?, ?, ?, ?, ?)
Hibernate: 
    insert 
    into
        notifications
        (created_at, deleted_at, delivery_id, isDeleted, isRead, message, metadata, order_id, priority, read_at, related_entity_id, restaurant_id, title, type, userId, id) 
    values
        (?, ?, ?, ?, ?, ?, ?, ?, ?, ?, ?, ?, ?, ?, ?, ?)
2025-07-03 07:12:25.868 [pool-16-thread-2] DEBUG org.hibernate.SQL - 
    select
        u1_0.id,
        u1_0.address,
        u1_0.email,
        u1_0.full_name,
        u1_0.is_active,
        u1_0.password_hash,
        u1_0.phone,
        u1_0.role 
    from
        users u1_0 
    where
        u1_0.id=?
Hibernate: 
    select
        u1_0.id,
        u1_0.address,
        u1_0.email,
        u1_0.full_name,
        u1_0.is_active,
        u1_0.password_hash,
        u1_0.phone,
        u1_0.role 
    from
        users u1_0 
    where
        u1_0.id=?
2025-07-03 07:12:25.868 [pool-16-thread-2] DEBUG org.hibernate.SQL - 
    insert 
    into
        notifications
        (created_at, deleted_at, delivery_id, isDeleted, isRead, message, metadata, order_id, priority, read_at, related_entity_id, restaurant_id, title, type, userId, id) 
    values
        (?, ?, ?, ?, ?, ?, ?, ?, ?, ?, ?, ?, ?, ?, ?, ?)
Hibernate: 
    insert 
    into
        notifications
        (created_at, deleted_at, delivery_id, isDeleted, isRead, message, metadata, order_id, priority, read_at, related_entity_id, restaurant_id, title, type, userId, id) 
    values
        (?, ?, ?, ?, ?, ?, ?, ?, ?, ?, ?, ?, ?, ?, ?, ?)
2025-07-03 07:12:25.869 [pool-16-thread-2] DEBUG org.hibernate.SQL - 
    select
        u1_0.id,
        u1_0.address,
        u1_0.email,
        u1_0.full_name,
        u1_0.is_active,
        u1_0.password_hash,
        u1_0.phone,
        u1_0.role 
    from
        users u1_0 
    where
        u1_0.id=?
Hibernate: 
    select
        u1_0.id,
        u1_0.address,
        u1_0.email,
        u1_0.full_name,
        u1_0.is_active,
        u1_0.password_hash,
        u1_0.phone,
        u1_0.role 
    from
        users u1_0 
    where
        u1_0.id=?
2025-07-03 07:12:25.869 [pool-16-thread-2] DEBUG org.hibernate.SQL - 
    insert 
    into
        notifications
        (created_at, deleted_at, delivery_id, isDeleted, isRead, message, metadata, order_id, priority, read_at, related_entity_id, restaurant_id, title, type, userId, id) 
    values
        (?, ?, ?, ?, ?, ?, ?, ?, ?, ?, ?, ?, ?, ?, ?, ?)
Hibernate: 
    insert 
    into
        notifications
        (created_at, deleted_at, delivery_id, isDeleted, isRead, message, metadata, order_id, priority, read_at, related_entity_id, restaurant_id, title, type, userId, id) 
    values
        (?, ?, ?, ?, ?, ?, ?, ?, ?, ?, ?, ?, ?, ?, ?, ?)
2025-07-03 07:12:25.870 [pool-16-thread-2] DEBUG org.hibernate.SQL - 
    select
        u1_0.id,
        u1_0.address,
        u1_0.email,
        u1_0.full_name,
        u1_0.is_active,
        u1_0.password_hash,
        u1_0.phone,
        u1_0.role 
    from
        users u1_0 
    where
        u1_0.id=?
Hibernate: 
    select
        u1_0.id,
        u1_0.address,
        u1_0.email,
        u1_0.full_name,
        u1_0.is_active,
        u1_0.password_hash,
        u1_0.phone,
        u1_0.role 
    from
        users u1_0 
    where
        u1_0.id=?
2025-07-03 07:12:25.870 [pool-16-thread-2] DEBUG org.hibernate.SQL - 
    insert 
    into
        notifications
        (created_at, deleted_at, delivery_id, isDeleted, isRead, message, metadata, order_id, priority, read_at, related_entity_id, restaurant_id, title, type, userId, id) 
    values
        (?, ?, ?, ?, ?, ?, ?, ?, ?, ?, ?, ?, ?, ?, ?, ?)
Hibernate: 
    insert 
    into
        notifications
        (created_at, deleted_at, delivery_id, isDeleted, isRead, message, metadata, order_id, priority, read_at, related_entity_id, restaurant_id, title, type, userId, id) 
    values
        (?, ?, ?, ?, ?, ?, ?, ?, ?, ?, ?, ?, ?, ?, ?, ?)
2025-07-03 07:12:25.871 [pool-16-thread-2] DEBUG org.hibernate.SQL - 
    select
        u1_0.id,
        u1_0.address,
        u1_0.email,
        u1_0.full_name,
        u1_0.is_active,
        u1_0.password_hash,
        u1_0.phone,
        u1_0.role 
    from
        users u1_0 
    where
        u1_0.id=?
Hibernate: 
    select
        u1_0.id,
        u1_0.address,
        u1_0.email,
        u1_0.full_name,
        u1_0.is_active,
        u1_0.password_hash,
        u1_0.phone,
        u1_0.role 
    from
        users u1_0 
    where
        u1_0.id=?
2025-07-03 07:12:25.871 [pool-16-thread-2] DEBUG org.hibernate.SQL - 
    insert 
    into
        notifications
        (created_at, deleted_at, delivery_id, isDeleted, isRead, message, metadata, order_id, priority, read_at, related_entity_id, restaurant_id, title, type, userId, id) 
    values
        (?, ?, ?, ?, ?, ?, ?, ?, ?, ?, ?, ?, ?, ?, ?, ?)
Hibernate: 
    insert 
    into
        notifications
        (created_at, deleted_at, delivery_id, isDeleted, isRead, message, metadata, order_id, priority, read_at, related_entity_id, restaurant_id, title, type, userId, id) 
    values
        (?, ?, ?, ?, ?, ?, ?, ?, ?, ?, ?, ?, ?, ?, ?, ?)
2025-07-03 07:12:25.872 [pool-16-thread-2] DEBUG org.hibernate.SQL - 
    select
        u1_0.id,
        u1_0.address,
        u1_0.email,
        u1_0.full_name,
        u1_0.is_active,
        u1_0.password_hash,
        u1_0.phone,
        u1_0.role 
    from
        users u1_0 
    where
        u1_0.id=?
Hibernate: 
    select
        u1_0.id,
        u1_0.address,
        u1_0.email,
        u1_0.full_name,
        u1_0.is_active,
        u1_0.password_hash,
        u1_0.phone,
        u1_0.role 
    from
        users u1_0 
    where
        u1_0.id=?
2025-07-03 07:12:25.873 [pool-16-thread-2] DEBUG org.hibernate.SQL - 
    insert 
    into
        notifications
        (created_at, deleted_at, delivery_id, isDeleted, isRead, message, metadata, order_id, priority, read_at, related_entity_id, restaurant_id, title, type, userId, id) 
    values
        (?, ?, ?, ?, ?, ?, ?, ?, ?, ?, ?, ?, ?, ?, ?, ?)
Hibernate: 
    insert 
    into
        notifications
        (created_at, deleted_at, delivery_id, isDeleted, isRead, message, metadata, order_id, priority, read_at, related_entity_id, restaurant_id, title, type, userId, id) 
    values
        (?, ?, ?, ?, ?, ?, ?, ?, ?, ?, ?, ?, ?, ?, ?, ?)
2025-07-03 07:12:25.873 [pool-16-thread-2] DEBUG org.hibernate.SQL - 
    select
        u1_0.id,
        u1_0.address,
        u1_0.email,
        u1_0.full_name,
        u1_0.is_active,
        u1_0.password_hash,
        u1_0.phone,
        u1_0.role 
    from
        users u1_0 
    where
        u1_0.id=?
Hibernate: 
    select
        u1_0.id,
        u1_0.address,
        u1_0.email,
        u1_0.full_name,
        u1_0.is_active,
        u1_0.password_hash,
        u1_0.phone,
        u1_0.role 
    from
        users u1_0 
    where
        u1_0.id=?
2025-07-03 07:12:25.874 [pool-16-thread-2] DEBUG org.hibernate.SQL - 
    insert 
    into
        notifications
        (created_at, deleted_at, delivery_id, isDeleted, isRead, message, metadata, order_id, priority, read_at, related_entity_id, restaurant_id, title, type, userId, id) 
    values
        (?, ?, ?, ?, ?, ?, ?, ?, ?, ?, ?, ?, ?, ?, ?, ?)
Hibernate: 
    insert 
    into
        notifications
        (created_at, deleted_at, delivery_id, isDeleted, isRead, message, metadata, order_id, priority, read_at, related_entity_id, restaurant_id, title, type, userId, id) 
    values
        (?, ?, ?, ?, ?, ?, ?, ?, ?, ?, ?, ?, ?, ?, ?, ?)
2025-07-03 07:12:25.875 [pool-16-thread-2] DEBUG org.hibernate.SQL - 
    select
        u1_0.id,
        u1_0.address,
        u1_0.email,
        u1_0.full_name,
        u1_0.is_active,
        u1_0.password_hash,
        u1_0.phone,
        u1_0.role 
    from
        users u1_0 
    where
        u1_0.id=?
Hibernate: 
    select
        u1_0.id,
        u1_0.address,
        u1_0.email,
        u1_0.full_name,
        u1_0.is_active,
        u1_0.password_hash,
        u1_0.phone,
        u1_0.role 
    from
        users u1_0 
    where
        u1_0.id=?
2025-07-03 07:12:25.875 [pool-16-thread-2] DEBUG org.hibernate.SQL - 
    insert 
    into
        notifications
        (created_at, deleted_at, delivery_id, isDeleted, isRead, message, metadata, order_id, priority, read_at, related_entity_id, restaurant_id, title, type, userId, id) 
    values
        (?, ?, ?, ?, ?, ?, ?, ?, ?, ?, ?, ?, ?, ?, ?, ?)
Hibernate: 
    insert 
    into
        notifications
        (created_at, deleted_at, delivery_id, isDeleted, isRead, message, metadata, order_id, priority, read_at, related_entity_id, restaurant_id, title, type, userId, id) 
    values
        (?, ?, ?, ?, ?, ?, ?, ?, ?, ?, ?, ?, ?, ?, ?, ?)
2025-07-03 07:12:25.876 [pool-16-thread-2] DEBUG org.hibernate.SQL - 
    select
        u1_0.id,
        u1_0.address,
        u1_0.email,
        u1_0.full_name,
        u1_0.is_active,
        u1_0.password_hash,
        u1_0.phone,
        u1_0.role 
    from
        users u1_0 
    where
        u1_0.id=?
Hibernate: 
    select
        u1_0.id,
        u1_0.address,
        u1_0.email,
        u1_0.full_name,
        u1_0.is_active,
        u1_0.password_hash,
        u1_0.phone,
        u1_0.role 
    from
        users u1_0 
    where
        u1_0.id=?
2025-07-03 07:12:25.876 [pool-16-thread-2] DEBUG org.hibernate.SQL - 
    insert 
    into
        notifications
        (created_at, deleted_at, delivery_id, isDeleted, isRead, message, metadata, order_id, priority, read_at, related_entity_id, restaurant_id, title, type, userId, id) 
    values
        (?, ?, ?, ?, ?, ?, ?, ?, ?, ?, ?, ?, ?, ?, ?, ?)
Hibernate: 
    insert 
    into
        notifications
        (created_at, deleted_at, delivery_id, isDeleted, isRead, message, metadata, order_id, priority, read_at, related_entity_id, restaurant_id, title, type, userId, id) 
    values
        (?, ?, ?, ?, ?, ?, ?, ?, ?, ?, ?, ?, ?, ?, ?, ?)
2025-07-03 07:12:25.876 [pool-16-thread-9] DEBUG org.hibernate.SQL - 
    select
        u1_0.id,
        u1_0.address,
        u1_0.email,
        u1_0.full_name,
        u1_0.is_active,
        u1_0.password_hash,
        u1_0.phone,
        u1_0.role 
    from
        users u1_0 
    where
        u1_0.id=?
Hibernate: 
    select
        u1_0.id,
        u1_0.address,
        u1_0.email,
        u1_0.full_name,
        u1_0.is_active,
        u1_0.password_hash,
        u1_0.phone,
        u1_0.role 
    from
        users u1_0 
    where
        u1_0.id=?
2025-07-03 07:12:25.877 [pool-16-thread-9] DEBUG org.hibernate.SQL - 
    insert 
    into
        notifications
        (created_at, deleted_at, delivery_id, isDeleted, isRead, message, metadata, order_id, priority, read_at, related_entity_id, restaurant_id, title, type, userId, id) 
    values
        (?, ?, ?, ?, ?, ?, ?, ?, ?, ?, ?, ?, ?, ?, ?, ?)
Hibernate: 
    insert 
    into
        notifications
        (created_at, deleted_at, delivery_id, isDeleted, isRead, message, metadata, order_id, priority, read_at, related_entity_id, restaurant_id, title, type, userId, id) 
    values
        (?, ?, ?, ?, ?, ?, ?, ?, ?, ?, ?, ?, ?, ?, ?, ?)
2025-07-03 07:12:25.877 [pool-16-thread-9] DEBUG org.hibernate.SQL - 
    select
        u1_0.id,
        u1_0.address,
        u1_0.email,
        u1_0.full_name,
        u1_0.is_active,
        u1_0.password_hash,
        u1_0.phone,
        u1_0.role 
    from
        users u1_0 
    where
        u1_0.id=?
Hibernate: 
    select
        u1_0.id,
        u1_0.address,
        u1_0.email,
        u1_0.full_name,
        u1_0.is_active,
        u1_0.password_hash,
        u1_0.phone,
        u1_0.role 
    from
        users u1_0 
    where
        u1_0.id=?
2025-07-03 07:12:25.877 [pool-16-thread-9] DEBUG org.hibernate.SQL - 
    insert 
    into
        notifications
        (created_at, deleted_at, delivery_id, isDeleted, isRead, message, metadata, order_id, priority, read_at, related_entity_id, restaurant_id, title, type, userId, id) 
    values
        (?, ?, ?, ?, ?, ?, ?, ?, ?, ?, ?, ?, ?, ?, ?, ?)
Hibernate: 
    insert 
    into
        notifications
        (created_at, deleted_at, delivery_id, isDeleted, isRead, message, metadata, order_id, priority, read_at, related_entity_id, restaurant_id, title, type, userId, id) 
    values
        (?, ?, ?, ?, ?, ?, ?, ?, ?, ?, ?, ?, ?, ?, ?, ?)
2025-07-03 07:12:25.878 [pool-16-thread-9] DEBUG org.hibernate.SQL - 
    select
        u1_0.id,
        u1_0.address,
        u1_0.email,
        u1_0.full_name,
        u1_0.is_active,
        u1_0.password_hash,
        u1_0.phone,
        u1_0.role 
    from
        users u1_0 
    where
        u1_0.id=?
Hibernate: 
    select
        u1_0.id,
        u1_0.address,
        u1_0.email,
        u1_0.full_name,
        u1_0.is_active,
        u1_0.password_hash,
        u1_0.phone,
        u1_0.role 
    from
        users u1_0 
    where
        u1_0.id=?
2025-07-03 07:12:25.879 [pool-16-thread-9] DEBUG org.hibernate.SQL - 
    insert 
    into
        notifications
        (created_at, deleted_at, delivery_id, isDeleted, isRead, message, metadata, order_id, priority, read_at, related_entity_id, restaurant_id, title, type, userId, id) 
    values
        (?, ?, ?, ?, ?, ?, ?, ?, ?, ?, ?, ?, ?, ?, ?, ?)
Hibernate: 
    insert 
    into
        notifications
        (created_at, deleted_at, delivery_id, isDeleted, isRead, message, metadata, order_id, priority, read_at, related_entity_id, restaurant_id, title, type, userId, id) 
    values
        (?, ?, ?, ?, ?, ?, ?, ?, ?, ?, ?, ?, ?, ?, ?, ?)
2025-07-03 07:12:25.879 [pool-16-thread-9] DEBUG org.hibernate.SQL - 
    select
        u1_0.id,
        u1_0.address,
        u1_0.email,
        u1_0.full_name,
        u1_0.is_active,
        u1_0.password_hash,
        u1_0.phone,
        u1_0.role 
    from
        users u1_0 
    where
        u1_0.id=?
Hibernate: 
    select
        u1_0.id,
        u1_0.address,
        u1_0.email,
        u1_0.full_name,
        u1_0.is_active,
        u1_0.password_hash,
        u1_0.phone,
        u1_0.role 
    from
        users u1_0 
    where
        u1_0.id=?
2025-07-03 07:12:25.880 [pool-16-thread-9] DEBUG org.hibernate.SQL - 
    insert 
    into
        notifications
        (created_at, deleted_at, delivery_id, isDeleted, isRead, message, metadata, order_id, priority, read_at, related_entity_id, restaurant_id, title, type, userId, id) 
    values
        (?, ?, ?, ?, ?, ?, ?, ?, ?, ?, ?, ?, ?, ?, ?, ?)
Hibernate: 
    insert 
    into
        notifications
        (created_at, deleted_at, delivery_id, isDeleted, isRead, message, metadata, order_id, priority, read_at, related_entity_id, restaurant_id, title, type, userId, id) 
    values
        (?, ?, ?, ?, ?, ?, ?, ?, ?, ?, ?, ?, ?, ?, ?, ?)
2025-07-03 07:12:25.880 [pool-16-thread-9] DEBUG org.hibernate.SQL - 
    select
        u1_0.id,
        u1_0.address,
        u1_0.email,
        u1_0.full_name,
        u1_0.is_active,
        u1_0.password_hash,
        u1_0.phone,
        u1_0.role 
    from
        users u1_0 
    where
        u1_0.id=?
Hibernate: 
    select
        u1_0.id,
        u1_0.address,
        u1_0.email,
        u1_0.full_name,
        u1_0.is_active,
        u1_0.password_hash,
        u1_0.phone,
        u1_0.role 
    from
        users u1_0 
    where
        u1_0.id=?
Notification creation failed: org.hibernate.resource.jdbc.internal.LogicalConnectionManagedImpl@70b06bef is closed
2025-07-03 07:12:25.881 [pool-16-thread-9] DEBUG org.hibernate.SQL - 
    select
        u1_0.id,
        u1_0.address,
        u1_0.email,
        u1_0.full_name,
        u1_0.is_active,
        u1_0.password_hash,
        u1_0.phone,
        u1_0.role 
    from
        users u1_0 
    where
        u1_0.id=?
Hibernate: 
    select
        u1_0.id,
        u1_0.address,
        u1_0.email,
        u1_0.full_name,
        u1_0.is_active,
        u1_0.password_hash,
        u1_0.phone,
        u1_0.role 
    from
        users u1_0 
    where
        u1_0.id=?
Notification creation failed: org.hibernate.resource.jdbc.internal.LogicalConnectionManagedImpl@7a62fcbe is closed
2025-07-03 07:12:26.111 [pool-16-thread-4] DEBUG org.hibernate.SQL - 
    select
        u1_0.id,
        u1_0.address,
        u1_0.email,
        u1_0.full_name,
        u1_0.is_active,
        u1_0.password_hash,
        u1_0.phone,
        u1_0.role 
    from
        users u1_0 
    where
        u1_0.id=?
2025-07-03 07:12:26.111 [pool-16-thread-9] DEBUG org.hibernate.SQL - 
    select
        u1_0.id,
        u1_0.address,
        u1_0.email,
        u1_0.full_name,
        u1_0.is_active,
        u1_0.password_hash,
        u1_0.phone,
        u1_0.role 
    from
        users u1_0 
    where
        u1_0.id=?
Hibernate: 
    select
        u1_0.id,
        u1_0.address,
        u1_0.email,
        u1_0.full_name,
        u1_0.is_active,
        u1_0.password_hash,
        u1_0.phone,
        u1_0.role 
    from
        users u1_0 
    where
        u1_0.id=?
Hibernate: 
    select
        u1_0.id,
        u1_0.address,
        u1_0.email,
        u1_0.full_name,
        u1_0.is_active,
        u1_0.password_hash,
        u1_0.phone,
        u1_0.role 
    from
        users u1_0 
    where
        u1_0.id=?
2025-07-03 07:12:26.111 [pool-16-thread-3] DEBUG org.hibernate.SQL - 
    select
        u1_0.id,
        u1_0.address,
        u1_0.email,
        u1_0.full_name,
        u1_0.is_active,
        u1_0.password_hash,
        u1_0.phone,
        u1_0.role 
    from
        users u1_0 
    where
        u1_0.id=?
Hibernate: 
    select
        u1_0.id,
        u1_0.address,
        u1_0.email,
        u1_0.full_name,
        u1_0.is_active,
        u1_0.password_hash,
        u1_0.phone,
        u1_0.role 
    from
        users u1_0 
    where
        u1_0.id=?
2025-07-03 07:12:26.111 [pool-16-thread-8] DEBUG org.hibernate.SQL - 
    select
        u1_0.id,
        u1_0.address,
        u1_0.email,
        u1_0.full_name,
        u1_0.is_active,
        u1_0.password_hash,
        u1_0.phone,
        u1_0.role 
    from
        users u1_0 
    where
        u1_0.id=?
Hibernate: 
    select
        u1_0.id,
        u1_0.address,
        u1_0.email,
        u1_0.full_name,
        u1_0.is_active,
        u1_0.password_hash,
        u1_0.phone,
        u1_0.role 
    from
        users u1_0 
    where
        u1_0.id=?
2025-07-03 07:12:26.111 [pool-16-thread-2] DEBUG org.hibernate.SQL - 
    select
        u1_0.id,
        u1_0.address,
        u1_0.email,
        u1_0.full_name,
        u1_0.is_active,
        u1_0.password_hash,
        u1_0.phone,
        u1_0.role 
    from
        users u1_0 
    where
        u1_0.id=?
Hibernate: 
    select
        u1_0.id,
        u1_0.address,
        u1_0.email,
        u1_0.full_name,
        u1_0.is_active,
        u1_0.password_hash,
        u1_0.phone,
        u1_0.role 
    from
        users u1_0 
    where
        u1_0.id=?
2025-07-03 07:12:26.111 [pool-16-thread-1] DEBUG org.hibernate.SQL - 
    select
        u1_0.id,
        u1_0.address,
        u1_0.email,
        u1_0.full_name,
        u1_0.is_active,
        u1_0.password_hash,
        u1_0.phone,
        u1_0.role 
    from
        users u1_0 
    where
        u1_0.id=?
Hibernate: 
    select
        u1_0.id,
        u1_0.address,
        u1_0.email,
        u1_0.full_name,
        u1_0.is_active,
        u1_0.password_hash,
        u1_0.phone,
        u1_0.role 
    from
        users u1_0 
    where
        u1_0.id=?
2025-07-03 07:12:26.111 [pool-16-thread-7] DEBUG org.hibernate.SQL - 
    select
        u1_0.id,
        u1_0.address,
        u1_0.email,
        u1_0.full_name,
        u1_0.is_active,
        u1_0.password_hash,
        u1_0.phone,
        u1_0.role 
    from
        users u1_0 
    where
        u1_0.id=?
Hibernate: 
    select
        u1_0.id,
        u1_0.address,
        u1_0.email,
        u1_0.full_name,
        u1_0.is_active,
        u1_0.password_hash,
        u1_0.phone,
        u1_0.role 
    from
        users u1_0 
    where
        u1_0.id=?
2025-07-03 07:12:26.111 [pool-16-thread-10] DEBUG org.hibernate.SQL - 
    select
        u1_0.id,
        u1_0.address,
        u1_0.email,
        u1_0.full_name,
        u1_0.is_active,
        u1_0.password_hash,
        u1_0.phone,
        u1_0.role 
    from
        users u1_0 
    where
        u1_0.id=?
Hibernate: 
    select
        u1_0.id,
        u1_0.address,
        u1_0.email,
        u1_0.full_name,
        u1_0.is_active,
        u1_0.password_hash,
        u1_0.phone,
        u1_0.role 
    from
        users u1_0 
    where
        u1_0.id=?
2025-07-03 07:12:26.112 [pool-16-thread-5] DEBUG org.hibernate.SQL - 
    select
        u1_0.id,
        u1_0.address,
        u1_0.email,
        u1_0.full_name,
        u1_0.is_active,
        u1_0.password_hash,
        u1_0.phone,
        u1_0.role 
    from
        users u1_0 
    where
        u1_0.id=?
Hibernate: 
    select
        u1_0.id,
        u1_0.address,
        u1_0.email,
        u1_0.full_name,
        u1_0.is_active,
        u1_0.password_hash,
        u1_0.phone,
        u1_0.role 
    from
        users u1_0 
    where
        u1_0.id=?
2025-07-03 07:12:26.112 [pool-16-thread-6] DEBUG org.hibernate.SQL - 
    select
        u1_0.id,
        u1_0.address,
        u1_0.email,
        u1_0.full_name,
        u1_0.is_active,
        u1_0.password_hash,
        u1_0.phone,
        u1_0.role 
    from
        users u1_0 
    where
        u1_0.id=?
Hibernate: 
    select
        u1_0.id,
        u1_0.address,
        u1_0.email,
        u1_0.full_name,
        u1_0.is_active,
        u1_0.password_hash,
        u1_0.phone,
        u1_0.role 
    from
        users u1_0 
    where
        u1_0.id=?
2025-07-03 07:12:26.112 [pool-16-thread-8] DEBUG org.hibernate.SQL - 
    select
        n1_0.id,
        n1_0.created_at,
        n1_0.deleted_at,
        n1_0.delivery_id,
        n1_0.isDeleted,
        n1_0.isRead,
        n1_0.message,
        n1_0.metadata,
        n1_0.order_id,
        n1_0.priority,
        n1_0.read_at,
        n1_0.related_entity_id,
        n1_0.restaurant_id,
        n1_0.title,
        n1_0.type,
        n1_0.userId 
    from
        notifications n1_0 
    where
        n1_0.userId=? 
        and n1_0.isDeleted=0 
    order by
        n1_0.created_at desc
2025-07-03 07:12:26.112 [pool-16-thread-3] DEBUG org.hibernate.SQL - 
    select
        n1_0.id,
        n1_0.created_at,
        n1_0.deleted_at,
        n1_0.delivery_id,
        n1_0.isDeleted,
        n1_0.isRead,
        n1_0.message,
        n1_0.metadata,
        n1_0.order_id,
        n1_0.priority,
        n1_0.read_at,
        n1_0.related_entity_id,
        n1_0.restaurant_id,
        n1_0.title,
        n1_0.type,
        n1_0.userId 
    from
        notifications n1_0 
    where
        n1_0.userId=? 
        and n1_0.isDeleted=0 
    order by
        n1_0.created_at desc
Hibernate: 
    select
        n1_0.id,
        n1_0.created_at,
        n1_0.deleted_at,
        n1_0.delivery_id,
        n1_0.isDeleted,
        n1_0.isRead,
        n1_0.message,
        n1_0.metadata,
        n1_0.order_id,
        n1_0.priority,
        n1_0.read_at,
        n1_0.related_entity_id,
        n1_0.restaurant_id,
        n1_0.title,
        n1_0.type,
        n1_0.userId 
    from
        notifications n1_0 
    where
        n1_0.userId=? 
        and n1_0.isDeleted=0 
    order by
        n1_0.created_at desc
Hibernate: 
    select
        n1_0.id,
        n1_0.created_at,
        n1_0.deleted_at,
        n1_0.delivery_id,
        n1_0.isDeleted,
        n1_0.isRead,
        n1_0.message,
        n1_0.metadata,
        n1_0.order_id,
        n1_0.priority,
        n1_0.read_at,
        n1_0.related_entity_id,
        n1_0.restaurant_id,
        n1_0.title,
        n1_0.type,
        n1_0.userId 
    from
        notifications n1_0 
    where
        n1_0.userId=? 
        and n1_0.isDeleted=0 
    order by
        n1_0.created_at desc
2025-07-03 07:12:26.112 [pool-16-thread-4] DEBUG org.hibernate.SQL - 
    select
        n1_0.id,
        n1_0.created_at,
        n1_0.deleted_at,
        n1_0.delivery_id,
        n1_0.isDeleted,
        n1_0.isRead,
        n1_0.message,
        n1_0.metadata,
        n1_0.order_id,
        n1_0.priority,
        n1_0.read_at,
        n1_0.related_entity_id,
        n1_0.restaurant_id,
        n1_0.title,
        n1_0.type,
        n1_0.userId 
    from
        notifications n1_0 
    where
        n1_0.userId=? 
        and n1_0.isDeleted=0 
    order by
        n1_0.created_at desc
2025-07-03 07:12:26.112 [pool-16-thread-9] DEBUG org.hibernate.SQL - 
    select
        n1_0.id,
        n1_0.created_at,
        n1_0.deleted_at,
        n1_0.delivery_id,
        n1_0.isDeleted,
        n1_0.isRead,
        n1_0.message,
        n1_0.metadata,
        n1_0.order_id,
        n1_0.priority,
        n1_0.read_at,
        n1_0.related_entity_id,
        n1_0.restaurant_id,
        n1_0.title,
        n1_0.type,
        n1_0.userId 
    from
        notifications n1_0 
    where
        n1_0.userId=? 
        and n1_0.isDeleted=0 
    order by
        n1_0.created_at desc
Hibernate: 
    select
        n1_0.id,
        n1_0.created_at,
        n1_0.deleted_at,
        n1_0.delivery_id,
        n1_0.isDeleted,
        n1_0.isRead,
        n1_0.message,
        n1_0.metadata,
        n1_0.order_id,
        n1_0.priority,
        n1_0.read_at,
        n1_0.related_entity_id,
        n1_0.restaurant_id,
        n1_0.title,
        n1_0.type,
        n1_0.userId 
    from
        notifications n1_0 
    where
        n1_0.userId=? 
        and n1_0.isDeleted=0 
    order by
        n1_0.created_at desc
Hibernate: 
    select
        n1_0.id,
        n1_0.created_at,
        n1_0.deleted_at,
        n1_0.delivery_id,
        n1_0.isDeleted,
        n1_0.isRead,
        n1_0.message,
        n1_0.metadata,
        n1_0.order_id,
        n1_0.priority,
        n1_0.read_at,
        n1_0.related_entity_id,
        n1_0.restaurant_id,
        n1_0.title,
        n1_0.type,
        n1_0.userId 
    from
        notifications n1_0 
    where
        n1_0.userId=? 
        and n1_0.isDeleted=0 
    order by
        n1_0.created_at desc
2025-07-03 07:12:26.112 [pool-16-thread-1] DEBUG org.hibernate.SQL - 
    select
        n1_0.id,
        n1_0.created_at,
        n1_0.deleted_at,
        n1_0.delivery_id,
        n1_0.isDeleted,
        n1_0.isRead,
        n1_0.message,
        n1_0.metadata,
        n1_0.order_id,
        n1_0.priority,
        n1_0.read_at,
        n1_0.related_entity_id,
        n1_0.restaurant_id,
        n1_0.title,
        n1_0.type,
        n1_0.userId 
    from
        notifications n1_0 
    where
        n1_0.userId=? 
        and n1_0.isDeleted=0 
    order by
        n1_0.created_at desc
Hibernate: 
    select
        n1_0.id,
        n1_0.created_at,
        n1_0.deleted_at,
        n1_0.delivery_id,
        n1_0.isDeleted,
        n1_0.isRead,
        n1_0.message,
        n1_0.metadata,
        n1_0.order_id,
        n1_0.priority,
        n1_0.read_at,
        n1_0.related_entity_id,
        n1_0.restaurant_id,
        n1_0.title,
        n1_0.type,
        n1_0.userId 
    from
        notifications n1_0 
    where
        n1_0.userId=? 
        and n1_0.isDeleted=0 
    order by
        n1_0.created_at desc
2025-07-03 07:12:26.112 [pool-16-thread-7] DEBUG org.hibernate.SQL - 
    select
        n1_0.id,
        n1_0.created_at,
        n1_0.deleted_at,
        n1_0.delivery_id,
        n1_0.isDeleted,
        n1_0.isRead,
        n1_0.message,
        n1_0.metadata,
        n1_0.order_id,
        n1_0.priority,
        n1_0.read_at,
        n1_0.related_entity_id,
        n1_0.restaurant_id,
        n1_0.title,
        n1_0.type,
        n1_0.userId 
    from
        notifications n1_0 
    where
        n1_0.userId=? 
        and n1_0.isDeleted=0 
    order by
        n1_0.created_at desc
2025-07-03 07:12:26.112 [pool-16-thread-10] DEBUG org.hibernate.SQL - 
    select
        n1_0.id,
        n1_0.created_at,
        n1_0.deleted_at,
        n1_0.delivery_id,
        n1_0.isDeleted,
        n1_0.isRead,
        n1_0.message,
        n1_0.metadata,
        n1_0.order_id,
        n1_0.priority,
        n1_0.read_at,
        n1_0.related_entity_id,
        n1_0.restaurant_id,
        n1_0.title,
        n1_0.type,
        n1_0.userId 
    from
        notifications n1_0 
    where
        n1_0.userId=? 
        and n1_0.isDeleted=0 
    order by
        n1_0.created_at desc
Hibernate: 
    select
        n1_0.id,
        n1_0.created_at,
        n1_0.deleted_at,
        n1_0.delivery_id,
        n1_0.isDeleted,
        n1_0.isRead,
        n1_0.message,
        n1_0.metadata,
        n1_0.order_id,
        n1_0.priority,
        n1_0.read_at,
        n1_0.related_entity_id,
        n1_0.restaurant_id,
        n1_0.title,
        n1_0.type,
        n1_0.userId 
    from
        notifications n1_0 
    where
        n1_0.userId=? 
        and n1_0.isDeleted=0 
    order by
        n1_0.created_at desc
Hibernate: 
    select
        n1_0.id,
        n1_0.created_at,
        n1_0.deleted_at,
        n1_0.delivery_id,
        n1_0.isDeleted,
        n1_0.isRead,
        n1_0.message,
        n1_0.metadata,
        n1_0.order_id,
        n1_0.priority,
        n1_0.read_at,
        n1_0.related_entity_id,
        n1_0.restaurant_id,
        n1_0.title,
        n1_0.type,
        n1_0.userId 
    from
        notifications n1_0 
    where
        n1_0.userId=? 
        and n1_0.isDeleted=0 
    order by
        n1_0.created_at desc
2025-07-03 07:12:26.112 [pool-16-thread-2] DEBUG org.hibernate.SQL - 
    select
        n1_0.id,
        n1_0.created_at,
        n1_0.deleted_at,
        n1_0.delivery_id,
        n1_0.isDeleted,
        n1_0.isRead,
        n1_0.message,
        n1_0.metadata,
        n1_0.order_id,
        n1_0.priority,
        n1_0.read_at,
        n1_0.related_entity_id,
        n1_0.restaurant_id,
        n1_0.title,
        n1_0.type,
        n1_0.userId 
    from
        notifications n1_0 
    where
        n1_0.userId=? 
        and n1_0.isDeleted=0 
    order by
        n1_0.created_at desc
Hibernate: 
    select
        n1_0.id,
        n1_0.created_at,
        n1_0.deleted_at,
        n1_0.delivery_id,
        n1_0.isDeleted,
        n1_0.isRead,
        n1_0.message,
        n1_0.metadata,
        n1_0.order_id,
        n1_0.priority,
        n1_0.read_at,
        n1_0.related_entity_id,
        n1_0.restaurant_id,
        n1_0.title,
        n1_0.type,
        n1_0.userId 
    from
        notifications n1_0 
    where
        n1_0.userId=? 
        and n1_0.isDeleted=0 
    order by
        n1_0.created_at desc
2025-07-03 07:12:26.112 [pool-16-thread-5] DEBUG org.hibernate.SQL - 
    select
        n1_0.id,
        n1_0.created_at,
        n1_0.deleted_at,
        n1_0.delivery_id,
        n1_0.isDeleted,
        n1_0.isRead,
        n1_0.message,
        n1_0.metadata,
        n1_0.order_id,
        n1_0.priority,
        n1_0.read_at,
        n1_0.related_entity_id,
        n1_0.restaurant_id,
        n1_0.title,
        n1_0.type,
        n1_0.userId 
    from
        notifications n1_0 
    where
        n1_0.userId=? 
        and n1_0.isDeleted=0 
    order by
        n1_0.created_at desc
Hibernate: 
    select
        n1_0.id,
        n1_0.created_at,
        n1_0.deleted_at,
        n1_0.delivery_id,
        n1_0.isDeleted,
        n1_0.isRead,
        n1_0.message,
        n1_0.metadata,
        n1_0.order_id,
        n1_0.priority,
        n1_0.read_at,
        n1_0.related_entity_id,
        n1_0.restaurant_id,
        n1_0.title,
        n1_0.type,
        n1_0.userId 
    from
        notifications n1_0 
    where
        n1_0.userId=? 
        and n1_0.isDeleted=0 
    order by
        n1_0.created_at desc
2025-07-03 07:12:26.112 [pool-16-thread-6] DEBUG org.hibernate.SQL - 
    select
        n1_0.id,
        n1_0.created_at,
        n1_0.deleted_at,
        n1_0.delivery_id,
        n1_0.isDeleted,
        n1_0.isRead,
        n1_0.message,
        n1_0.metadata,
        n1_0.order_id,
        n1_0.priority,
        n1_0.read_at,
        n1_0.related_entity_id,
        n1_0.restaurant_id,
        n1_0.title,
        n1_0.type,
        n1_0.userId 
    from
        notifications n1_0 
    where
        n1_0.userId=? 
        and n1_0.isDeleted=0 
    order by
        n1_0.created_at desc
Hibernate: 
    select
        n1_0.id,
        n1_0.created_at,
        n1_0.deleted_at,
        n1_0.delivery_id,
        n1_0.isDeleted,
        n1_0.isRead,
        n1_0.message,
        n1_0.metadata,
        n1_0.order_id,
        n1_0.priority,
        n1_0.read_at,
        n1_0.related_entity_id,
        n1_0.restaurant_id,
        n1_0.title,
        n1_0.type,
        n1_0.userId 
    from
        notifications n1_0 
    where
        n1_0.userId=? 
        and n1_0.isDeleted=0 
    order by
        n1_0.created_at desc
2025-07-03 07:12:26.113 [pool-16-thread-8] DEBUG org.hibernate.SQL - 
    select
        u1_0.id,
        u1_0.address,
        u1_0.email,
        u1_0.full_name,
        u1_0.is_active,
        u1_0.password_hash,
        u1_0.phone,
        u1_0.role 
    from
        users u1_0 
    where
        u1_0.id=?
Hibernate: 
    select
        u1_0.id,
        u1_0.address,
        u1_0.email,
        u1_0.full_name,
        u1_0.is_active,
        u1_0.password_hash,
        u1_0.phone,
        u1_0.role 
    from
        users u1_0 
    where
        u1_0.id=?
2025-07-03 07:12:26.113 [pool-16-thread-3] DEBUG org.hibernate.SQL - 
    select
        u1_0.id,
        u1_0.address,
        u1_0.email,
        u1_0.full_name,
        u1_0.is_active,
        u1_0.password_hash,
        u1_0.phone,
        u1_0.role 
    from
        users u1_0 
    where
        u1_0.id=?
2025-07-03 07:12:26.113 [pool-16-thread-4] DEBUG org.hibernate.SQL - 
    select
        u1_0.id,
        u1_0.address,
        u1_0.email,
        u1_0.full_name,
        u1_0.is_active,
        u1_0.password_hash,
        u1_0.phone,
        u1_0.role 
    from
        users u1_0 
    where
        u1_0.id=?
Hibernate: 
    select
        u1_0.id,
        u1_0.address,
        u1_0.email,
        u1_0.full_name,
        u1_0.is_active,
        u1_0.password_hash,
        u1_0.phone,
        u1_0.role 
    from
        users u1_0 
    where
        u1_0.id=?
Hibernate: 
    select
        u1_0.id,
        u1_0.address,
        u1_0.email,
        u1_0.full_name,
        u1_0.is_active,
        u1_0.password_hash,
        u1_0.phone,
        u1_0.role 
    from
        users u1_0 
    where
        u1_0.id=?
2025-07-03 07:12:26.113 [pool-16-thread-8] DEBUG org.hibernate.SQL - 
    select
        n1_0.id,
        n1_0.created_at,
        n1_0.deleted_at,
        n1_0.delivery_id,
        n1_0.isDeleted,
        n1_0.isRead,
        n1_0.message,
        n1_0.metadata,
        n1_0.order_id,
        n1_0.priority,
        n1_0.read_at,
        n1_0.related_entity_id,
        n1_0.restaurant_id,
        n1_0.title,
        n1_0.type,
        n1_0.userId 
    from
        notifications n1_0 
    where
        n1_0.userId=? 
        and n1_0.isDeleted=0 
    order by
        n1_0.created_at desc
Hibernate: 
    select
        n1_0.id,
        n1_0.created_at,
        n1_0.deleted_at,
        n1_0.delivery_id,
        n1_0.isDeleted,
        n1_0.isRead,
        n1_0.message,
        n1_0.metadata,
        n1_0.order_id,
        n1_0.priority,
        n1_0.read_at,
        n1_0.related_entity_id,
        n1_0.restaurant_id,
        n1_0.title,
        n1_0.type,
        n1_0.userId 
    from
        notifications n1_0 
    where
        n1_0.userId=? 
        and n1_0.isDeleted=0 
    order by
        n1_0.created_at desc
2025-07-03 07:12:26.113 [pool-16-thread-3] DEBUG org.hibernate.SQL - 
    select
        n1_0.id,
        n1_0.created_at,
        n1_0.deleted_at,
        n1_0.delivery_id,
        n1_0.isDeleted,
        n1_0.isRead,
        n1_0.message,
        n1_0.metadata,
        n1_0.order_id,
        n1_0.priority,
        n1_0.read_at,
        n1_0.related_entity_id,
        n1_0.restaurant_id,
        n1_0.title,
        n1_0.type,
        n1_0.userId 
    from
        notifications n1_0 
    where
        n1_0.userId=? 
        and n1_0.isDeleted=0 
    order by
        n1_0.created_at desc
2025-07-03 07:12:26.113 [pool-16-thread-4] DEBUG org.hibernate.SQL - 
    select
        n1_0.id,
        n1_0.created_at,
        n1_0.deleted_at,
        n1_0.delivery_id,
        n1_0.isDeleted,
        n1_0.isRead,
        n1_0.message,
        n1_0.metadata,
        n1_0.order_id,
        n1_0.priority,
        n1_0.read_at,
        n1_0.related_entity_id,
        n1_0.restaurant_id,
        n1_0.title,
        n1_0.type,
        n1_0.userId 
    from
        notifications n1_0 
    where
        n1_0.userId=? 
        and n1_0.isDeleted=0 
    order by
        n1_0.created_at desc
Hibernate: 
    select
        n1_0.id,
        n1_0.created_at,
        n1_0.deleted_at,
        n1_0.delivery_id,
        n1_0.isDeleted,
        n1_0.isRead,
        n1_0.message,
        n1_0.metadata,
        n1_0.order_id,
        n1_0.priority,
        n1_0.read_at,
        n1_0.related_entity_id,
        n1_0.restaurant_id,
        n1_0.title,
        n1_0.type,
        n1_0.userId 
    from
        notifications n1_0 
    where
        n1_0.userId=? 
        and n1_0.isDeleted=0 
    order by
        n1_0.created_at desc
Hibernate: 
    select
        n1_0.id,
        n1_0.created_at,
        n1_0.deleted_at,
        n1_0.delivery_id,
        n1_0.isDeleted,
        n1_0.isRead,
        n1_0.message,
        n1_0.metadata,
        n1_0.order_id,
        n1_0.priority,
        n1_0.read_at,
        n1_0.related_entity_id,
        n1_0.restaurant_id,
        n1_0.title,
        n1_0.type,
        n1_0.userId 
    from
        notifications n1_0 
    where
        n1_0.userId=? 
        and n1_0.isDeleted=0 
    order by
        n1_0.created_at desc
2025-07-03 07:12:26.113 [pool-16-thread-5] DEBUG org.hibernate.SQL - 
    select
        u1_0.id,
        u1_0.address,
        u1_0.email,
        u1_0.full_name,
        u1_0.is_active,
        u1_0.password_hash,
        u1_0.phone,
        u1_0.role 
    from
        users u1_0 
    where
        u1_0.id=?
2025-07-03 07:12:26.113 [pool-16-thread-7] DEBUG org.hibernate.SQL - 
    select
        u1_0.id,
        u1_0.address,
        u1_0.email,
        u1_0.full_name,
        u1_0.is_active,
        u1_0.password_hash,
        u1_0.phone,
        u1_0.role 
    from
        users u1_0 
    where
        u1_0.id=?
Hibernate: 
    select
        u1_0.id,
        u1_0.address,
        u1_0.email,
        u1_0.full_name,
        u1_0.is_active,
        u1_0.password_hash,
        u1_0.phone,
        u1_0.role 
    from
        users u1_0 
    where
        u1_0.id=?
Hibernate: 
    select
        u1_0.id,
        u1_0.address,
        u1_0.email,
        u1_0.full_name,
        u1_0.is_active,
        u1_0.password_hash,
        u1_0.phone,
        u1_0.role 
    from
        users u1_0 
    where
        u1_0.id=?
2025-07-03 07:12:26.113 [pool-16-thread-9] DEBUG org.hibernate.SQL - 
    select
        u1_0.id,
        u1_0.address,
        u1_0.email,
        u1_0.full_name,
        u1_0.is_active,
        u1_0.password_hash,
        u1_0.phone,
        u1_0.role 
    from
        users u1_0 
    where
        u1_0.id=?
2025-07-03 07:12:26.113 [pool-16-thread-10] DEBUG org.hibernate.SQL - 
    select
        u1_0.id,
        u1_0.address,
        u1_0.email,
        u1_0.full_name,
        u1_0.is_active,
        u1_0.password_hash,
        u1_0.phone,
        u1_0.role 
    from
        users u1_0 
    where
        u1_0.id=?
Hibernate: 
    select
        u1_0.id,
        u1_0.address,
        u1_0.email,
        u1_0.full_name,
        u1_0.is_active,
        u1_0.password_hash,
        u1_0.phone,
        u1_0.role 
    from
        users u1_0 
    where
        u1_0.id=?
Hibernate: 
    select
        u1_0.id,
        u1_0.address,
        u1_0.email,
        u1_0.full_name,
        u1_0.is_active,
        u1_0.password_hash,
        u1_0.phone,
        u1_0.role 
    from
        users u1_0 
    where
        u1_0.id=?
2025-07-03 07:12:26.113 [pool-16-thread-6] DEBUG org.hibernate.SQL - 
    select
        u1_0.id,
        u1_0.address,
        u1_0.email,
        u1_0.full_name,
        u1_0.is_active,
        u1_0.password_hash,
        u1_0.phone,
        u1_0.role 
    from
        users u1_0 
    where
        u1_0.id=?
Hibernate: 
    select
        u1_0.id,
        u1_0.address,
        u1_0.email,
        u1_0.full_name,
        u1_0.is_active,
        u1_0.password_hash,
        u1_0.phone,
        u1_0.role 
    from
        users u1_0 
    where
        u1_0.id=?
2025-07-03 07:12:26.113 [pool-16-thread-2] DEBUG org.hibernate.SQL - 
    select
        u1_0.id,
        u1_0.address,
        u1_0.email,
        u1_0.full_name,
        u1_0.is_active,
        u1_0.password_hash,
        u1_0.phone,
        u1_0.role 
    from
        users u1_0 
    where
        u1_0.id=?
2025-07-03 07:12:26.113 [pool-16-thread-1] DEBUG org.hibernate.SQL - 
    select
        u1_0.id,
        u1_0.address,
        u1_0.email,
        u1_0.full_name,
        u1_0.is_active,
        u1_0.password_hash,
        u1_0.phone,
        u1_0.role 
    from
        users u1_0 
    where
        u1_0.id=?
Hibernate: 
    select
        u1_0.id,
        u1_0.address,
        u1_0.email,
        u1_0.full_name,
        u1_0.is_active,
        u1_0.password_hash,
        u1_0.phone,
        u1_0.role 
    from
        users u1_0 
    where
        u1_0.id=?
Hibernate: 
    select
        u1_0.id,
        u1_0.address,
        u1_0.email,
        u1_0.full_name,
        u1_0.is_active,
        u1_0.password_hash,
        u1_0.phone,
        u1_0.role 
    from
        users u1_0 
    where
        u1_0.id=?
2025-07-03 07:12:26.113 [pool-16-thread-7] DEBUG org.hibernate.SQL - 
    select
        n1_0.id,
        n1_0.created_at,
        n1_0.deleted_at,
        n1_0.delivery_id,
        n1_0.isDeleted,
        n1_0.isRead,
        n1_0.message,
        n1_0.metadata,
        n1_0.order_id,
        n1_0.priority,
        n1_0.read_at,
        n1_0.related_entity_id,
        n1_0.restaurant_id,
        n1_0.title,
        n1_0.type,
        n1_0.userId 
    from
        notifications n1_0 
    where
        n1_0.userId=? 
        and n1_0.isDeleted=0 
    order by
        n1_0.created_at desc
2025-07-03 07:12:26.113 [pool-16-thread-10] DEBUG org.hibernate.SQL - 
    select
        n1_0.id,
        n1_0.created_at,
        n1_0.deleted_at,
        n1_0.delivery_id,
        n1_0.isDeleted,
        n1_0.isRead,
        n1_0.message,
        n1_0.metadata,
        n1_0.order_id,
        n1_0.priority,
        n1_0.read_at,
        n1_0.related_entity_id,
        n1_0.restaurant_id,
        n1_0.title,
        n1_0.type,
        n1_0.userId 
    from
        notifications n1_0 
    where
        n1_0.userId=? 
        and n1_0.isDeleted=0 
    order by
        n1_0.created_at desc
2025-07-03 07:12:26.113 [pool-16-thread-5] DEBUG org.hibernate.SQL - 
    select
        n1_0.id,
        n1_0.created_at,
        n1_0.deleted_at,
        n1_0.delivery_id,
        n1_0.isDeleted,
        n1_0.isRead,
        n1_0.message,
        n1_0.metadata,
        n1_0.order_id,
        n1_0.priority,
        n1_0.read_at,
        n1_0.related_entity_id,
        n1_0.restaurant_id,
        n1_0.title,
        n1_0.type,
        n1_0.userId 
    from
        notifications n1_0 
    where
        n1_0.userId=? 
        and n1_0.isDeleted=0 
    order by
        n1_0.created_at desc
Hibernate: 
    select
        n1_0.id,
        n1_0.created_at,
        n1_0.deleted_at,
        n1_0.delivery_id,
        n1_0.isDeleted,
        n1_0.isRead,
        n1_0.message,
        n1_0.metadata,
        n1_0.order_id,
        n1_0.priority,
        n1_0.read_at,
        n1_0.related_entity_id,
        n1_0.restaurant_id,
        n1_0.title,
        n1_0.type,
        n1_0.userId 
    from
        notifications n1_0 
    where
        n1_0.userId=? 
        and n1_0.isDeleted=0 
    order by
        n1_0.created_at desc
Hibernate: 
    select
        n1_0.id,
        n1_0.created_at,
        n1_0.deleted_at,
        n1_0.delivery_id,
        n1_0.isDeleted,
        n1_0.isRead,
        n1_0.message,
        n1_0.metadata,
        n1_0.order_id,
        n1_0.priority,
        n1_0.read_at,
        n1_0.related_entity_id,
        n1_0.restaurant_id,
        n1_0.title,
        n1_0.type,
        n1_0.userId 
    from
        notifications n1_0 
    where
        n1_0.userId=? 
        and n1_0.isDeleted=0 
    order by
        n1_0.created_at desc
2025-07-03 07:12:26.113 [pool-16-thread-9] DEBUG org.hibernate.SQL - 
    select
        n1_0.id,
        n1_0.created_at,
        n1_0.deleted_at,
        n1_0.delivery_id,
        n1_0.isDeleted,
        n1_0.isRead,
        n1_0.message,
        n1_0.metadata,
        n1_0.order_id,
        n1_0.priority,
        n1_0.read_at,
        n1_0.related_entity_id,
        n1_0.restaurant_id,
        n1_0.title,
        n1_0.type,
        n1_0.userId 
    from
        notifications n1_0 
    where
        n1_0.userId=? 
        and n1_0.isDeleted=0 
    order by
        n1_0.created_at desc
Hibernate: 
    select
        n1_0.id,
        n1_0.created_at,
        n1_0.deleted_at,
        n1_0.delivery_id,
        n1_0.isDeleted,
        n1_0.isRead,
        n1_0.message,
        n1_0.metadata,
        n1_0.order_id,
        n1_0.priority,
        n1_0.read_at,
        n1_0.related_entity_id,
        n1_0.restaurant_id,
        n1_0.title,
        n1_0.type,
        n1_0.userId 
    from
        notifications n1_0 
    where
        n1_0.userId=? 
        and n1_0.isDeleted=0 
    order by
        n1_0.created_at desc
2025-07-03 07:12:26.113 [pool-16-thread-6] DEBUG org.hibernate.SQL - 
    select
        n1_0.id,
        n1_0.created_at,
        n1_0.deleted_at,
        n1_0.delivery_id,
        n1_0.isDeleted,
        n1_0.isRead,
        n1_0.message,
        n1_0.metadata,
        n1_0.order_id,
        n1_0.priority,
        n1_0.read_at,
        n1_0.related_entity_id,
        n1_0.restaurant_id,
        n1_0.title,
        n1_0.type,
        n1_0.userId 
    from
        notifications n1_0 
    where
        n1_0.userId=? 
        and n1_0.isDeleted=0 
    order by
        n1_0.created_at desc
Hibernate: 
    select
        n1_0.id,
        n1_0.created_at,
        n1_0.deleted_at,
        n1_0.delivery_id,
        n1_0.isDeleted,
        n1_0.isRead,
        n1_0.message,
        n1_0.metadata,
        n1_0.order_id,
        n1_0.priority,
        n1_0.read_at,
        n1_0.related_entity_id,
        n1_0.restaurant_id,
        n1_0.title,
        n1_0.type,
        n1_0.userId 
    from
        notifications n1_0 
    where
        n1_0.userId=? 
        and n1_0.isDeleted=0 
    order by
        n1_0.created_at desc
Hibernate: 
    select
        n1_0.id,
        n1_0.created_at,
        n1_0.deleted_at,
        n1_0.delivery_id,
        n1_0.isDeleted,
        n1_0.isRead,
        n1_0.message,
        n1_0.metadata,
        n1_0.order_id,
        n1_0.priority,
        n1_0.read_at,
        n1_0.related_entity_id,
        n1_0.restaurant_id,
        n1_0.title,
        n1_0.type,
        n1_0.userId 
    from
        notifications n1_0 
    where
        n1_0.userId=? 
        and n1_0.isDeleted=0 
    order by
        n1_0.created_at desc
2025-07-03 07:12:26.113 [pool-16-thread-1] DEBUG org.hibernate.SQL - 
    select
        n1_0.id,
        n1_0.created_at,
        n1_0.deleted_at,
        n1_0.delivery_id,
        n1_0.isDeleted,
        n1_0.isRead,
        n1_0.message,
        n1_0.metadata,
        n1_0.order_id,
        n1_0.priority,
        n1_0.read_at,
        n1_0.related_entity_id,
        n1_0.restaurant_id,
        n1_0.title,
        n1_0.type,
        n1_0.userId 
    from
        notifications n1_0 
    where
        n1_0.userId=? 
        and n1_0.isDeleted=0 
    order by
        n1_0.created_at desc
Hibernate: 
    select
        n1_0.id,
        n1_0.created_at,
        n1_0.deleted_at,
        n1_0.delivery_id,
        n1_0.isDeleted,
        n1_0.isRead,
        n1_0.message,
        n1_0.metadata,
        n1_0.order_id,
        n1_0.priority,
        n1_0.read_at,
        n1_0.related_entity_id,
        n1_0.restaurant_id,
        n1_0.title,
        n1_0.type,
        n1_0.userId 
    from
        notifications n1_0 
    where
        n1_0.userId=? 
        and n1_0.isDeleted=0 
    order by
        n1_0.created_at desc
2025-07-03 07:12:26.113 [pool-16-thread-2] DEBUG org.hibernate.SQL - 
    select
        n1_0.id,
        n1_0.created_at,
        n1_0.deleted_at,
        n1_0.delivery_id,
        n1_0.isDeleted,
        n1_0.isRead,
        n1_0.message,
        n1_0.metadata,
        n1_0.order_id,
        n1_0.priority,
        n1_0.read_at,
        n1_0.related_entity_id,
        n1_0.restaurant_id,
        n1_0.title,
        n1_0.type,
        n1_0.userId 
    from
        notifications n1_0 
    where
        n1_0.userId=? 
        and n1_0.isDeleted=0 
    order by
        n1_0.created_at desc
2025-07-03 07:12:26.113 [pool-16-thread-8] DEBUG org.hibernate.SQL - 
    select
        u1_0.id,
        u1_0.address,
        u1_0.email,
        u1_0.full_name,
        u1_0.is_active,
        u1_0.password_hash,
        u1_0.phone,
        u1_0.role 
    from
        users u1_0 
    where
        u1_0.id=?
Hibernate: 
    select
        u1_0.id,
        u1_0.address,
        u1_0.email,
        u1_0.full_name,
        u1_0.is_active,
        u1_0.password_hash,
        u1_0.phone,
        u1_0.role 
    from
        users u1_0 
    where
        u1_0.id=?
Hibernate: 
    select
        n1_0.id,
        n1_0.created_at,
        n1_0.deleted_at,
        n1_0.delivery_id,
        n1_0.isDeleted,
        n1_0.isRead,
        n1_0.message,
        n1_0.metadata,
        n1_0.order_id,
        n1_0.priority,
        n1_0.read_at,
        n1_0.related_entity_id,
        n1_0.restaurant_id,
        n1_0.title,
        n1_0.type,
        n1_0.userId 
    from
        notifications n1_0 
    where
        n1_0.userId=? 
        and n1_0.isDeleted=0 
    order by
        n1_0.created_at desc
2025-07-03 07:12:26.114 [pool-16-thread-8] DEBUG org.hibernate.SQL - 
    select
        n1_0.id,
        n1_0.created_at,
        n1_0.deleted_at,
        n1_0.delivery_id,
        n1_0.isDeleted,
        n1_0.isRead,
        n1_0.message,
        n1_0.metadata,
        n1_0.order_id,
        n1_0.priority,
        n1_0.read_at,
        n1_0.related_entity_id,
        n1_0.restaurant_id,
        n1_0.title,
        n1_0.type,
        n1_0.userId 
    from
        notifications n1_0 
    where
        n1_0.userId=? 
        and n1_0.isDeleted=0 
    order by
        n1_0.created_at desc
Hibernate: 
    select
        n1_0.id,
        n1_0.created_at,
        n1_0.deleted_at,
        n1_0.delivery_id,
        n1_0.isDeleted,
        n1_0.isRead,
        n1_0.message,
        n1_0.metadata,
        n1_0.order_id,
        n1_0.priority,
        n1_0.read_at,
        n1_0.related_entity_id,
        n1_0.restaurant_id,
        n1_0.title,
        n1_0.type,
        n1_0.userId 
    from
        notifications n1_0 
    where
        n1_0.userId=? 
        and n1_0.isDeleted=0 
    order by
        n1_0.created_at desc
2025-07-03 07:12:26.114 [pool-16-thread-3] DEBUG org.hibernate.SQL - 
    select
        u1_0.id,
        u1_0.address,
        u1_0.email,
        u1_0.full_name,
        u1_0.is_active,
        u1_0.password_hash,
        u1_0.phone,
        u1_0.role 
    from
        users u1_0 
    where
        u1_0.id=?
Hibernate: 
    select
        u1_0.id,
        u1_0.address,
        u1_0.email,
        u1_0.full_name,
        u1_0.is_active,
        u1_0.password_hash,
        u1_0.phone,
        u1_0.role 
    from
        users u1_0 
    where
        u1_0.id=?
2025-07-03 07:12:26.114 [pool-16-thread-3] DEBUG org.hibernate.SQL - 
    select
        n1_0.id,
        n1_0.created_at,
        n1_0.deleted_at,
        n1_0.delivery_id,
        n1_0.isDeleted,
        n1_0.isRead,
        n1_0.message,
        n1_0.metadata,
        n1_0.order_id,
        n1_0.priority,
        n1_0.read_at,
        n1_0.related_entity_id,
        n1_0.restaurant_id,
        n1_0.title,
        n1_0.type,
        n1_0.userId 
    from
        notifications n1_0 
    where
        n1_0.userId=? 
        and n1_0.isDeleted=0 
    order by
        n1_0.created_at desc
Hibernate: 
    select
        n1_0.id,
        n1_0.created_at,
        n1_0.deleted_at,
        n1_0.delivery_id,
        n1_0.isDeleted,
        n1_0.isRead,
        n1_0.message,
        n1_0.metadata,
        n1_0.order_id,
        n1_0.priority,
        n1_0.read_at,
        n1_0.related_entity_id,
        n1_0.restaurant_id,
        n1_0.title,
        n1_0.type,
        n1_0.userId 
    from
        notifications n1_0 
    where
        n1_0.userId=? 
        and n1_0.isDeleted=0 
    order by
        n1_0.created_at desc
2025-07-03 07:12:26.114 [pool-16-thread-4] DEBUG org.hibernate.SQL - 
    select
        u1_0.id,
        u1_0.address,
        u1_0.email,
        u1_0.full_name,
        u1_0.is_active,
        u1_0.password_hash,
        u1_0.phone,
        u1_0.role 
    from
        users u1_0 
    where
        u1_0.id=?
Hibernate: 
    select
        u1_0.id,
        u1_0.address,
        u1_0.email,
        u1_0.full_name,
        u1_0.is_active,
        u1_0.password_hash,
        u1_0.phone,
        u1_0.role 
    from
        users u1_0 
    where
        u1_0.id=?
2025-07-03 07:12:26.114 [pool-16-thread-4] DEBUG org.hibernate.SQL - 
    select
        n1_0.id,
        n1_0.created_at,
        n1_0.deleted_at,
        n1_0.delivery_id,
        n1_0.isDeleted,
        n1_0.isRead,
        n1_0.message,
        n1_0.metadata,
        n1_0.order_id,
        n1_0.priority,
        n1_0.read_at,
        n1_0.related_entity_id,
        n1_0.restaurant_id,
        n1_0.title,
        n1_0.type,
        n1_0.userId 
    from
        notifications n1_0 
    where
        n1_0.userId=? 
        and n1_0.isDeleted=0 
    order by
        n1_0.created_at desc
Hibernate: 
    select
        n1_0.id,
        n1_0.created_at,
        n1_0.deleted_at,
        n1_0.delivery_id,
        n1_0.isDeleted,
        n1_0.isRead,
        n1_0.message,
        n1_0.metadata,
        n1_0.order_id,
        n1_0.priority,
        n1_0.read_at,
        n1_0.related_entity_id,
        n1_0.restaurant_id,
        n1_0.title,
        n1_0.type,
        n1_0.userId 
    from
        notifications n1_0 
    where
        n1_0.userId=? 
        and n1_0.isDeleted=0 
    order by
        n1_0.created_at desc
2025-07-03 07:12:26.114 [pool-16-thread-6] DEBUG org.hibernate.SQL - 
    select
        u1_0.id,
        u1_0.address,
        u1_0.email,
        u1_0.full_name,
        u1_0.is_active,
        u1_0.password_hash,
        u1_0.phone,
        u1_0.role 
    from
        users u1_0 
    where
        u1_0.id=?
Hibernate: 
    select
        u1_0.id,
        u1_0.address,
        u1_0.email,
        u1_0.full_name,
        u1_0.is_active,
        u1_0.password_hash,
        u1_0.phone,
        u1_0.role 
    from
        users u1_0 
    where
        u1_0.id=?
2025-07-03 07:12:26.114 [pool-16-thread-8] DEBUG org.hibernate.SQL - 
    select
        u1_0.id,
        u1_0.address,
        u1_0.email,
        u1_0.full_name,
        u1_0.is_active,
        u1_0.password_hash,
        u1_0.phone,
        u1_0.role 
    from
        users u1_0 
    where
        u1_0.id=?
Hibernate: 
    select
        u1_0.id,
        u1_0.address,
        u1_0.email,
        u1_0.full_name,
        u1_0.is_active,
        u1_0.password_hash,
        u1_0.phone,
        u1_0.role 
    from
        users u1_0 
    where
        u1_0.id=?
2025-07-03 07:12:26.115 [pool-16-thread-6] DEBUG org.hibernate.SQL - 
    select
        n1_0.id,
        n1_0.created_at,
        n1_0.deleted_at,
        n1_0.delivery_id,
        n1_0.isDeleted,
        n1_0.isRead,
        n1_0.message,
        n1_0.metadata,
        n1_0.order_id,
        n1_0.priority,
        n1_0.read_at,
        n1_0.related_entity_id,
        n1_0.restaurant_id,
        n1_0.title,
        n1_0.type,
        n1_0.userId 
    from
        notifications n1_0 
    where
        n1_0.userId=? 
        and n1_0.isDeleted=0 
    order by
        n1_0.created_at desc
2025-07-03 07:12:26.115 [pool-16-thread-8] DEBUG org.hibernate.SQL - 
    select
        n1_0.id,
        n1_0.created_at,
        n1_0.deleted_at,
        n1_0.delivery_id,
        n1_0.isDeleted,
        n1_0.isRead,
        n1_0.message,
        n1_0.metadata,
        n1_0.order_id,
        n1_0.priority,
        n1_0.read_at,
        n1_0.related_entity_id,
        n1_0.restaurant_id,
        n1_0.title,
        n1_0.type,
        n1_0.userId 
    from
        notifications n1_0 
    where
        n1_0.userId=? 
        and n1_0.isDeleted=0 
    order by
        n1_0.created_at desc
Hibernate: 
    select
        n1_0.id,
        n1_0.created_at,
        n1_0.deleted_at,
        n1_0.delivery_id,
        n1_0.isDeleted,
        n1_0.isRead,
        n1_0.message,
        n1_0.metadata,
        n1_0.order_id,
        n1_0.priority,
        n1_0.read_at,
        n1_0.related_entity_id,
        n1_0.restaurant_id,
        n1_0.title,
        n1_0.type,
        n1_0.userId 
    from
        notifications n1_0 
    where
        n1_0.userId=? 
        and n1_0.isDeleted=0 
    order by
        n1_0.created_at desc
Hibernate: 
    select
        n1_0.id,
        n1_0.created_at,
        n1_0.deleted_at,
        n1_0.delivery_id,
        n1_0.isDeleted,
        n1_0.isRead,
        n1_0.message,
        n1_0.metadata,
        n1_0.order_id,
        n1_0.priority,
        n1_0.read_at,
        n1_0.related_entity_id,
        n1_0.restaurant_id,
        n1_0.title,
        n1_0.type,
        n1_0.userId 
    from
        notifications n1_0 
    where
        n1_0.userId=? 
        and n1_0.isDeleted=0 
    order by
        n1_0.created_at desc
2025-07-03 07:12:26.115 [pool-16-thread-3] DEBUG org.hibernate.SQL - 
    select
        u1_0.id,
        u1_0.address,
        u1_0.email,
        u1_0.full_name,
        u1_0.is_active,
        u1_0.password_hash,
        u1_0.phone,
        u1_0.role 
    from
        users u1_0 
    where
        u1_0.id=?
Hibernate: 
    select
        u1_0.id,
        u1_0.address,
        u1_0.email,
        u1_0.full_name,
        u1_0.is_active,
        u1_0.password_hash,
        u1_0.phone,
        u1_0.role 
    from
        users u1_0 
    where
        u1_0.id=?
2025-07-03 07:12:26.115 [pool-16-thread-7] DEBUG org.hibernate.SQL - 
    select
        u1_0.id,
        u1_0.address,
        u1_0.email,
        u1_0.full_name,
        u1_0.is_active,
        u1_0.password_hash,
        u1_0.phone,
        u1_0.role 
    from
        users u1_0 
    where
        u1_0.id=?
Hibernate: 
    select
        u1_0.id,
        u1_0.address,
        u1_0.email,
        u1_0.full_name,
        u1_0.is_active,
        u1_0.password_hash,
        u1_0.phone,
        u1_0.role 
    from
        users u1_0 
    where
        u1_0.id=?
2025-07-03 07:12:26.115 [pool-16-thread-5] DEBUG org.hibernate.SQL - 
    select
        u1_0.id,
        u1_0.address,
        u1_0.email,
        u1_0.full_name,
        u1_0.is_active,
        u1_0.password_hash,
        u1_0.phone,
        u1_0.role 
    from
        users u1_0 
    where
        u1_0.id=?
2025-07-03 07:12:26.115 [pool-16-thread-10] DEBUG org.hibernate.SQL - 
    select
        u1_0.id,
        u1_0.address,
        u1_0.email,
        u1_0.full_name,
        u1_0.is_active,
        u1_0.password_hash,
        u1_0.phone,
        u1_0.role 
    from
        users u1_0 
    where
        u1_0.id=?
Hibernate: 
    select
        u1_0.id,
        u1_0.address,
        u1_0.email,
        u1_0.full_name,
        u1_0.is_active,
        u1_0.password_hash,
        u1_0.phone,
        u1_0.role 
    from
        users u1_0 
    where
        u1_0.id=?
2025-07-03 07:12:26.115 [pool-16-thread-3] DEBUG org.hibernate.SQL - 
    select
        n1_0.id,
        n1_0.created_at,
        n1_0.deleted_at,
        n1_0.delivery_id,
        n1_0.isDeleted,
        n1_0.isRead,
        n1_0.message,
        n1_0.metadata,
        n1_0.order_id,
        n1_0.priority,
        n1_0.read_at,
        n1_0.related_entity_id,
        n1_0.restaurant_id,
        n1_0.title,
        n1_0.type,
        n1_0.userId 
    from
        notifications n1_0 
    where
        n1_0.userId=? 
        and n1_0.isDeleted=0 
    order by
        n1_0.created_at desc
Hibernate: 
    select
        n1_0.id,
        n1_0.created_at,
        n1_0.deleted_at,
        n1_0.delivery_id,
        n1_0.isDeleted,
        n1_0.isRead,
        n1_0.message,
        n1_0.metadata,
        n1_0.order_id,
        n1_0.priority,
        n1_0.read_at,
        n1_0.related_entity_id,
        n1_0.restaurant_id,
        n1_0.title,
        n1_0.type,
        n1_0.userId 
    from
        notifications n1_0 
    where
        n1_0.userId=? 
        and n1_0.isDeleted=0 
    order by
        n1_0.created_at desc
Hibernate: 
    select
        u1_0.id,
        u1_0.address,
        u1_0.email,
        u1_0.full_name,
        u1_0.is_active,
        u1_0.password_hash,
        u1_0.phone,
        u1_0.role 
    from
        users u1_0 
    where
        u1_0.id=?
2025-07-03 07:12:26.115 [pool-16-thread-9] DEBUG org.hibernate.SQL - 
    select
        u1_0.id,
        u1_0.address,
        u1_0.email,
        u1_0.full_name,
        u1_0.is_active,
        u1_0.password_hash,
        u1_0.phone,
        u1_0.role 
    from
        users u1_0 
    where
        u1_0.id=?
Hibernate: 
    select
        u1_0.id,
        u1_0.address,
        u1_0.email,
        u1_0.full_name,
        u1_0.is_active,
        u1_0.password_hash,
        u1_0.phone,
        u1_0.role 
    from
        users u1_0 
    where
        u1_0.id=?
2025-07-03 07:12:26.115 [pool-16-thread-7] DEBUG org.hibernate.SQL - 
    select
        n1_0.id,
        n1_0.created_at,
        n1_0.deleted_at,
        n1_0.delivery_id,
        n1_0.isDeleted,
        n1_0.isRead,
        n1_0.message,
        n1_0.metadata,
        n1_0.order_id,
        n1_0.priority,
        n1_0.read_at,
        n1_0.related_entity_id,
        n1_0.restaurant_id,
        n1_0.title,
        n1_0.type,
        n1_0.userId 
    from
        notifications n1_0 
    where
        n1_0.userId=? 
        and n1_0.isDeleted=0 
    order by
        n1_0.created_at desc
Hibernate: 
    select
        n1_0.id,
        n1_0.created_at,
        n1_0.deleted_at,
        n1_0.delivery_id,
        n1_0.isDeleted,
        n1_0.isRead,
        n1_0.message,
        n1_0.metadata,
        n1_0.order_id,
        n1_0.priority,
        n1_0.read_at,
        n1_0.related_entity_id,
        n1_0.restaurant_id,
        n1_0.title,
        n1_0.type,
        n1_0.userId 
    from
        notifications n1_0 
    where
        n1_0.userId=? 
        and n1_0.isDeleted=0 
    order by
        n1_0.created_at desc
2025-07-03 07:12:26.115 [pool-16-thread-1] DEBUG org.hibernate.SQL - 
    select
        u1_0.id,
        u1_0.address,
        u1_0.email,
        u1_0.full_name,
        u1_0.is_active,
        u1_0.password_hash,
        u1_0.phone,
        u1_0.role 
    from
        users u1_0 
    where
        u1_0.id=?
2025-07-03 07:12:26.115 [pool-16-thread-2] DEBUG org.hibernate.SQL - 
    select
        u1_0.id,
        u1_0.address,
        u1_0.email,
        u1_0.full_name,
        u1_0.is_active,
        u1_0.password_hash,
        u1_0.phone,
        u1_0.role 
    from
        users u1_0 
    where
        u1_0.id=?
Hibernate: 
    select
        u1_0.id,
        u1_0.address,
        u1_0.email,
        u1_0.full_name,
        u1_0.is_active,
        u1_0.password_hash,
        u1_0.phone,
        u1_0.role 
    from
        users u1_0 
    where
        u1_0.id=?
Hibernate: 
    select
        u1_0.id,
        u1_0.address,
        u1_0.email,
        u1_0.full_name,
        u1_0.is_active,
        u1_0.password_hash,
        u1_0.phone,
        u1_0.role 
    from
        users u1_0 
    where
        u1_0.id=?
2025-07-03 07:12:26.115 [pool-16-thread-5] DEBUG org.hibernate.SQL - 
    select
        n1_0.id,
        n1_0.created_at,
        n1_0.deleted_at,
        n1_0.delivery_id,
        n1_0.isDeleted,
        n1_0.isRead,
        n1_0.message,
        n1_0.metadata,
        n1_0.order_id,
        n1_0.priority,
        n1_0.read_at,
        n1_0.related_entity_id,
        n1_0.restaurant_id,
        n1_0.title,
        n1_0.type,
        n1_0.userId 
    from
        notifications n1_0 
    where
        n1_0.userId=? 
        and n1_0.isDeleted=0 
    order by
        n1_0.created_at desc
2025-07-03 07:12:26.115 [pool-16-thread-9] DEBUG org.hibernate.SQL - 
    select
        n1_0.id,
        n1_0.created_at,
        n1_0.deleted_at,
        n1_0.delivery_id,
        n1_0.isDeleted,
        n1_0.isRead,
        n1_0.message,
        n1_0.metadata,
        n1_0.order_id,
        n1_0.priority,
        n1_0.read_at,
        n1_0.related_entity_id,
        n1_0.restaurant_id,
        n1_0.title,
        n1_0.type,
        n1_0.userId 
    from
        notifications n1_0 
    where
        n1_0.userId=? 
        and n1_0.isDeleted=0 
    order by
        n1_0.created_at desc
Hibernate: 
    select
        n1_0.id,
        n1_0.created_at,
        n1_0.deleted_at,
        n1_0.delivery_id,
        n1_0.isDeleted,
        n1_0.isRead,
        n1_0.message,
        n1_0.metadata,
        n1_0.order_id,
        n1_0.priority,
        n1_0.read_at,
        n1_0.related_entity_id,
        n1_0.restaurant_id,
        n1_0.title,
        n1_0.type,
        n1_0.userId 
    from
        notifications n1_0 
    where
        n1_0.userId=? 
        and n1_0.isDeleted=0 
    order by
        n1_0.created_at desc
Hibernate: 
    select
        n1_0.id,
        n1_0.created_at,
        n1_0.deleted_at,
        n1_0.delivery_id,
        n1_0.isDeleted,
        n1_0.isRead,
        n1_0.message,
        n1_0.metadata,
        n1_0.order_id,
        n1_0.priority,
        n1_0.read_at,
        n1_0.related_entity_id,
        n1_0.restaurant_id,
        n1_0.title,
        n1_0.type,
        n1_0.userId 
    from
        notifications n1_0 
    where
        n1_0.userId=? 
        and n1_0.isDeleted=0 
    order by
        n1_0.created_at desc
2025-07-03 07:12:26.115 [pool-16-thread-10] DEBUG org.hibernate.SQL - 
    select
        n1_0.id,
        n1_0.created_at,
        n1_0.deleted_at,
        n1_0.delivery_id,
        n1_0.isDeleted,
        n1_0.isRead,
        n1_0.message,
        n1_0.metadata,
        n1_0.order_id,
        n1_0.priority,
        n1_0.read_at,
        n1_0.related_entity_id,
        n1_0.restaurant_id,
        n1_0.title,
        n1_0.type,
        n1_0.userId 
    from
        notifications n1_0 
    where
        n1_0.userId=? 
        and n1_0.isDeleted=0 
    order by
        n1_0.created_at desc
Hibernate: 
    select
        n1_0.id,
        n1_0.created_at,
        n1_0.deleted_at,
        n1_0.delivery_id,
        n1_0.isDeleted,
        n1_0.isRead,
        n1_0.message,
        n1_0.metadata,
        n1_0.order_id,
        n1_0.priority,
        n1_0.read_at,
        n1_0.related_entity_id,
        n1_0.restaurant_id,
        n1_0.title,
        n1_0.type,
        n1_0.userId 
    from
        notifications n1_0 
    where
        n1_0.userId=? 
        and n1_0.isDeleted=0 
    order by
        n1_0.created_at desc
2025-07-03 07:12:26.115 [pool-16-thread-1] DEBUG org.hibernate.SQL - 
    select
        n1_0.id,
        n1_0.created_at,
        n1_0.deleted_at,
        n1_0.delivery_id,
        n1_0.isDeleted,
        n1_0.isRead,
        n1_0.message,
        n1_0.metadata,
        n1_0.order_id,
        n1_0.priority,
        n1_0.read_at,
        n1_0.related_entity_id,
        n1_0.restaurant_id,
        n1_0.title,
        n1_0.type,
        n1_0.userId 
    from
        notifications n1_0 
    where
        n1_0.userId=? 
        and n1_0.isDeleted=0 
    order by
        n1_0.created_at desc
2025-07-03 07:12:26.115 [pool-16-thread-4] DEBUG org.hibernate.SQL - 
    select
        u1_0.id,
        u1_0.address,
        u1_0.email,
        u1_0.full_name,
        u1_0.is_active,
        u1_0.password_hash,
        u1_0.phone,
        u1_0.role 
    from
        users u1_0 
    where
        u1_0.id=?
Hibernate: 
    select
        u1_0.id,
        u1_0.address,
        u1_0.email,
        u1_0.full_name,
        u1_0.is_active,
        u1_0.password_hash,
        u1_0.phone,
        u1_0.role 
    from
        users u1_0 
    where
        u1_0.id=?
Hibernate: 
    select
        n1_0.id,
        n1_0.created_at,
        n1_0.deleted_at,
        n1_0.delivery_id,
        n1_0.isDeleted,
        n1_0.isRead,
        n1_0.message,
        n1_0.metadata,
        n1_0.order_id,
        n1_0.priority,
        n1_0.read_at,
        n1_0.related_entity_id,
        n1_0.restaurant_id,
        n1_0.title,
        n1_0.type,
        n1_0.userId 
    from
        notifications n1_0 
    where
        n1_0.userId=? 
        and n1_0.isDeleted=0 
    order by
        n1_0.created_at desc
2025-07-03 07:12:26.115 [pool-16-thread-2] DEBUG org.hibernate.SQL - 
    select
        n1_0.id,
        n1_0.created_at,
        n1_0.deleted_at,
        n1_0.delivery_id,
        n1_0.isDeleted,
        n1_0.isRead,
        n1_0.message,
        n1_0.metadata,
        n1_0.order_id,
        n1_0.priority,
        n1_0.read_at,
        n1_0.related_entity_id,
        n1_0.restaurant_id,
        n1_0.title,
        n1_0.type,
        n1_0.userId 
    from
        notifications n1_0 
    where
        n1_0.userId=? 
        and n1_0.isDeleted=0 
    order by
        n1_0.created_at desc
Hibernate: 
    select
        n1_0.id,
        n1_0.created_at,
        n1_0.deleted_at,
        n1_0.delivery_id,
        n1_0.isDeleted,
        n1_0.isRead,
        n1_0.message,
        n1_0.metadata,
        n1_0.order_id,
        n1_0.priority,
        n1_0.read_at,
        n1_0.related_entity_id,
        n1_0.restaurant_id,
        n1_0.title,
        n1_0.type,
        n1_0.userId 
    from
        notifications n1_0 
    where
        n1_0.userId=? 
        and n1_0.isDeleted=0 
    order by
        n1_0.created_at desc
2025-07-03 07:12:26.115 [pool-16-thread-4] DEBUG org.hibernate.SQL - 
    select
        n1_0.id,
        n1_0.created_at,
        n1_0.deleted_at,
        n1_0.delivery_id,
        n1_0.isDeleted,
        n1_0.isRead,
        n1_0.message,
        n1_0.metadata,
        n1_0.order_id,
        n1_0.priority,
        n1_0.read_at,
        n1_0.related_entity_id,
        n1_0.restaurant_id,
        n1_0.title,
        n1_0.type,
        n1_0.userId 
    from
        notifications n1_0 
    where
        n1_0.userId=? 
        and n1_0.isDeleted=0 
    order by
        n1_0.created_at desc
2025-07-03 07:12:26.115 [pool-16-thread-8] DEBUG org.hibernate.SQL - 
    select
        u1_0.id,
        u1_0.address,
        u1_0.email,
        u1_0.full_name,
        u1_0.is_active,
        u1_0.password_hash,
        u1_0.phone,
        u1_0.role 
    from
        users u1_0 
    where
        u1_0.id=?
Hibernate: 
    select
        u1_0.id,
        u1_0.address,
        u1_0.email,
        u1_0.full_name,
        u1_0.is_active,
        u1_0.password_hash,
        u1_0.phone,
        u1_0.role 
    from
        users u1_0 
    where
        u1_0.id=?
Hibernate: 
    select
        n1_0.id,
        n1_0.created_at,
        n1_0.deleted_at,
        n1_0.delivery_id,
        n1_0.isDeleted,
        n1_0.isRead,
        n1_0.message,
        n1_0.metadata,
        n1_0.order_id,
        n1_0.priority,
        n1_0.read_at,
        n1_0.related_entity_id,
        n1_0.restaurant_id,
        n1_0.title,
        n1_0.type,
        n1_0.userId 
    from
        notifications n1_0 
    where
        n1_0.userId=? 
        and n1_0.isDeleted=0 
    order by
        n1_0.created_at desc
2025-07-03 07:12:26.115 [pool-16-thread-8] DEBUG org.hibernate.SQL - 
    select
        n1_0.id,
        n1_0.created_at,
        n1_0.deleted_at,
        n1_0.delivery_id,
        n1_0.isDeleted,
        n1_0.isRead,
        n1_0.message,
        n1_0.metadata,
        n1_0.order_id,
        n1_0.priority,
        n1_0.read_at,
        n1_0.related_entity_id,
        n1_0.restaurant_id,
        n1_0.title,
        n1_0.type,
        n1_0.userId 
    from
        notifications n1_0 
    where
        n1_0.userId=? 
        and n1_0.isDeleted=0 
    order by
        n1_0.created_at desc
Hibernate: 
    select
        n1_0.id,
        n1_0.created_at,
        n1_0.deleted_at,
        n1_0.delivery_id,
        n1_0.isDeleted,
        n1_0.isRead,
        n1_0.message,
        n1_0.metadata,
        n1_0.order_id,
        n1_0.priority,
        n1_0.read_at,
        n1_0.related_entity_id,
        n1_0.restaurant_id,
        n1_0.title,
        n1_0.type,
        n1_0.userId 
    from
        notifications n1_0 
    where
        n1_0.userId=? 
        and n1_0.isDeleted=0 
    order by
        n1_0.created_at desc
2025-07-03 07:12:26.115 [pool-16-thread-3] DEBUG org.hibernate.SQL - 
    select
        u1_0.id,
        u1_0.address,
        u1_0.email,
        u1_0.full_name,
        u1_0.is_active,
        u1_0.password_hash,
        u1_0.phone,
        u1_0.role 
    from
        users u1_0 
    where
        u1_0.id=?
Hibernate: 
    select
        u1_0.id,
        u1_0.address,
        u1_0.email,
        u1_0.full_name,
        u1_0.is_active,
        u1_0.password_hash,
        u1_0.phone,
        u1_0.role 
    from
        users u1_0 
    where
        u1_0.id=?
2025-07-03 07:12:26.116 [pool-16-thread-6] DEBUG org.hibernate.SQL - 
    select
        u1_0.id,
        u1_0.address,
        u1_0.email,
        u1_0.full_name,
        u1_0.is_active,
        u1_0.password_hash,
        u1_0.phone,
        u1_0.role 
    from
        users u1_0 
    where
        u1_0.id=?
Hibernate: 
    select
        u1_0.id,
        u1_0.address,
        u1_0.email,
        u1_0.full_name,
        u1_0.is_active,
        u1_0.password_hash,
        u1_0.phone,
        u1_0.role 
    from
        users u1_0 
    where
        u1_0.id=?
2025-07-03 07:12:26.116 [pool-16-thread-3] DEBUG org.hibernate.SQL - 
    select
        n1_0.id,
        n1_0.created_at,
        n1_0.deleted_at,
        n1_0.delivery_id,
        n1_0.isDeleted,
        n1_0.isRead,
        n1_0.message,
        n1_0.metadata,
        n1_0.order_id,
        n1_0.priority,
        n1_0.read_at,
        n1_0.related_entity_id,
        n1_0.restaurant_id,
        n1_0.title,
        n1_0.type,
        n1_0.userId 
    from
        notifications n1_0 
    where
        n1_0.userId=? 
        and n1_0.isDeleted=0 
    order by
        n1_0.created_at desc
Hibernate: 
    select
        n1_0.id,
        n1_0.created_at,
        n1_0.deleted_at,
        n1_0.delivery_id,
        n1_0.isDeleted,
        n1_0.isRead,
        n1_0.message,
        n1_0.metadata,
        n1_0.order_id,
        n1_0.priority,
        n1_0.read_at,
        n1_0.related_entity_id,
        n1_0.restaurant_id,
        n1_0.title,
        n1_0.type,
        n1_0.userId 
    from
        notifications n1_0 
    where
        n1_0.userId=? 
        and n1_0.isDeleted=0 
    order by
        n1_0.created_at desc
2025-07-03 07:12:26.116 [pool-16-thread-6] DEBUG org.hibernate.SQL - 
    select
        n1_0.id,
        n1_0.created_at,
        n1_0.deleted_at,
        n1_0.delivery_id,
        n1_0.isDeleted,
        n1_0.isRead,
        n1_0.message,
        n1_0.metadata,
        n1_0.order_id,
        n1_0.priority,
        n1_0.read_at,
        n1_0.related_entity_id,
        n1_0.restaurant_id,
        n1_0.title,
        n1_0.type,
        n1_0.userId 
    from
        notifications n1_0 
    where
        n1_0.userId=? 
        and n1_0.isDeleted=0 
    order by
        n1_0.created_at desc
Hibernate: 
    select
        n1_0.id,
        n1_0.created_at,
        n1_0.deleted_at,
        n1_0.delivery_id,
        n1_0.isDeleted,
        n1_0.isRead,
        n1_0.message,
        n1_0.metadata,
        n1_0.order_id,
        n1_0.priority,
        n1_0.read_at,
        n1_0.related_entity_id,
        n1_0.restaurant_id,
        n1_0.title,
        n1_0.type,
        n1_0.userId 
    from
        notifications n1_0 
    where
        n1_0.userId=? 
        and n1_0.isDeleted=0 
    order by
        n1_0.created_at desc
2025-07-03 07:12:26.116 [pool-16-thread-7] DEBUG org.hibernate.SQL - 
    select
        u1_0.id,
        u1_0.address,
        u1_0.email,
        u1_0.full_name,
        u1_0.is_active,
        u1_0.password_hash,
        u1_0.phone,
        u1_0.role 
    from
        users u1_0 
    where
        u1_0.id=?
Hibernate: 
    select
        u1_0.id,
        u1_0.address,
        u1_0.email,
        u1_0.full_name,
        u1_0.is_active,
        u1_0.password_hash,
        u1_0.phone,
        u1_0.role 
    from
        users u1_0 
    where
        u1_0.id=?
2025-07-03 07:12:26.116 [pool-16-thread-7] DEBUG org.hibernate.SQL - 
    select
        n1_0.id,
        n1_0.created_at,
        n1_0.deleted_at,
        n1_0.delivery_id,
        n1_0.isDeleted,
        n1_0.isRead,
        n1_0.message,
        n1_0.metadata,
        n1_0.order_id,
        n1_0.priority,
        n1_0.read_at,
        n1_0.related_entity_id,
        n1_0.restaurant_id,
        n1_0.title,
        n1_0.type,
        n1_0.userId 
    from
        notifications n1_0 
    where
        n1_0.userId=? 
        and n1_0.isDeleted=0 
    order by
        n1_0.created_at desc
Hibernate: 
    select
        n1_0.id,
        n1_0.created_at,
        n1_0.deleted_at,
        n1_0.delivery_id,
        n1_0.isDeleted,
        n1_0.isRead,
        n1_0.message,
        n1_0.metadata,
        n1_0.order_id,
        n1_0.priority,
        n1_0.read_at,
        n1_0.related_entity_id,
        n1_0.restaurant_id,
        n1_0.title,
        n1_0.type,
        n1_0.userId 
    from
        notifications n1_0 
    where
        n1_0.userId=? 
        and n1_0.isDeleted=0 
    order by
        n1_0.created_at desc
2025-07-03 07:12:26.116 [pool-16-thread-8] DEBUG org.hibernate.SQL - 
    select
        u1_0.id,
        u1_0.address,
        u1_0.email,
        u1_0.full_name,
        u1_0.is_active,
        u1_0.password_hash,
        u1_0.phone,
        u1_0.role 
    from
        users u1_0 
    where
        u1_0.id=?
Hibernate: 
    select
        u1_0.id,
        u1_0.address,
        u1_0.email,
        u1_0.full_name,
        u1_0.is_active,
        u1_0.password_hash,
        u1_0.phone,
        u1_0.role 
    from
        users u1_0 
    where
        u1_0.id=?
2025-07-03 07:12:26.116 [pool-16-thread-8] DEBUG org.hibernate.SQL - 
    select
        n1_0.id,
        n1_0.created_at,
        n1_0.deleted_at,
        n1_0.delivery_id,
        n1_0.isDeleted,
        n1_0.isRead,
        n1_0.message,
        n1_0.metadata,
        n1_0.order_id,
        n1_0.priority,
        n1_0.read_at,
        n1_0.related_entity_id,
        n1_0.restaurant_id,
        n1_0.title,
        n1_0.type,
        n1_0.userId 
    from
        notifications n1_0 
    where
        n1_0.userId=? 
        and n1_0.isDeleted=0 
    order by
        n1_0.created_at desc
Hibernate: 
    select
        n1_0.id,
        n1_0.created_at,
        n1_0.deleted_at,
        n1_0.delivery_id,
        n1_0.isDeleted,
        n1_0.isRead,
        n1_0.message,
        n1_0.metadata,
        n1_0.order_id,
        n1_0.priority,
        n1_0.read_at,
        n1_0.related_entity_id,
        n1_0.restaurant_id,
        n1_0.title,
        n1_0.type,
        n1_0.userId 
    from
        notifications n1_0 
    where
        n1_0.userId=? 
        and n1_0.isDeleted=0 
    order by
        n1_0.created_at desc
2025-07-03 07:12:26.116 [pool-16-thread-5] DEBUG org.hibernate.SQL - 
    select
        u1_0.id,
        u1_0.address,
        u1_0.email,
        u1_0.full_name,
        u1_0.is_active,
        u1_0.password_hash,
        u1_0.phone,
        u1_0.role 
    from
        users u1_0 
    where
        u1_0.id=?
Hibernate: 
    select
        u1_0.id,
        u1_0.address,
        u1_0.email,
        u1_0.full_name,
        u1_0.is_active,
        u1_0.password_hash,
        u1_0.phone,
        u1_0.role 
    from
        users u1_0 
    where
        u1_0.id=?
2025-07-03 07:12:26.116 [pool-16-thread-10] DEBUG org.hibernate.SQL - 
    select
        u1_0.id,
        u1_0.address,
        u1_0.email,
        u1_0.full_name,
        u1_0.is_active,
        u1_0.password_hash,
        u1_0.phone,
        u1_0.role 
    from
        users u1_0 
    where
        u1_0.id=?
2025-07-03 07:12:26.116 [pool-16-thread-9] DEBUG org.hibernate.SQL - 
    select
        u1_0.id,
        u1_0.address,
        u1_0.email,
        u1_0.full_name,
        u1_0.is_active,
        u1_0.password_hash,
        u1_0.phone,
        u1_0.role 
    from
        users u1_0 
    where
        u1_0.id=?
Hibernate: 
    select
        u1_0.id,
        u1_0.address,
        u1_0.email,
        u1_0.full_name,
        u1_0.is_active,
        u1_0.password_hash,
        u1_0.phone,
        u1_0.role 
    from
        users u1_0 
    where
        u1_0.id=?
Hibernate: 
    select
        u1_0.id,
        u1_0.address,
        u1_0.email,
        u1_0.full_name,
        u1_0.is_active,
        u1_0.password_hash,
        u1_0.phone,
        u1_0.role 
    from
        users u1_0 
    where
        u1_0.id=?
2025-07-03 07:12:26.116 [pool-16-thread-3] DEBUG org.hibernate.SQL - 
    select
        u1_0.id,
        u1_0.address,
        u1_0.email,
        u1_0.full_name,
        u1_0.is_active,
        u1_0.password_hash,
        u1_0.phone,
        u1_0.role 
    from
        users u1_0 
    where
        u1_0.id=?
Hibernate: 
    select
        u1_0.id,
        u1_0.address,
        u1_0.email,
        u1_0.full_name,
        u1_0.is_active,
        u1_0.password_hash,
        u1_0.phone,
        u1_0.role 
    from
        users u1_0 
    where
        u1_0.id=?
2025-07-03 07:12:26.116 [pool-16-thread-1] DEBUG org.hibernate.SQL - 
    select
        u1_0.id,
        u1_0.address,
        u1_0.email,
        u1_0.full_name,
        u1_0.is_active,
        u1_0.password_hash,
        u1_0.phone,
        u1_0.role 
    from
        users u1_0 
    where
        u1_0.id=?
Hibernate: 
    select
        u1_0.id,
        u1_0.address,
        u1_0.email,
        u1_0.full_name,
        u1_0.is_active,
        u1_0.password_hash,
        u1_0.phone,
        u1_0.role 
    from
        users u1_0 
    where
        u1_0.id=?
2025-07-03 07:12:26.116 [pool-16-thread-2] DEBUG org.hibernate.SQL - 
    select
        u1_0.id,
        u1_0.address,
        u1_0.email,
        u1_0.full_name,
        u1_0.is_active,
        u1_0.password_hash,
        u1_0.phone,
        u1_0.role 
    from
        users u1_0 
    where
        u1_0.id=?
Hibernate: 
    select
        u1_0.id,
        u1_0.address,
        u1_0.email,
        u1_0.full_name,
        u1_0.is_active,
        u1_0.password_hash,
        u1_0.phone,
        u1_0.role 
    from
        users u1_0 
    where
        u1_0.id=?
2025-07-03 07:12:26.117 [pool-16-thread-3] DEBUG org.hibernate.SQL - 
    select
        n1_0.id,
        n1_0.created_at,
        n1_0.deleted_at,
        n1_0.delivery_id,
        n1_0.isDeleted,
        n1_0.isRead,
        n1_0.message,
        n1_0.metadata,
        n1_0.order_id,
        n1_0.priority,
        n1_0.read_at,
        n1_0.related_entity_id,
        n1_0.restaurant_id,
        n1_0.title,
        n1_0.type,
        n1_0.userId 
    from
        notifications n1_0 
    where
        n1_0.userId=? 
        and n1_0.isDeleted=0 
    order by
        n1_0.created_at desc
Hibernate: 
    select
        n1_0.id,
        n1_0.created_at,
        n1_0.deleted_at,
        n1_0.delivery_id,
        n1_0.isDeleted,
        n1_0.isRead,
        n1_0.message,
        n1_0.metadata,
        n1_0.order_id,
        n1_0.priority,
        n1_0.read_at,
        n1_0.related_entity_id,
        n1_0.restaurant_id,
        n1_0.title,
        n1_0.type,
        n1_0.userId 
    from
        notifications n1_0 
    where
        n1_0.userId=? 
        and n1_0.isDeleted=0 
    order by
        n1_0.created_at desc
2025-07-03 07:12:26.117 [pool-16-thread-5] DEBUG org.hibernate.SQL - 
    select
        n1_0.id,
        n1_0.created_at,
        n1_0.deleted_at,
        n1_0.delivery_id,
        n1_0.isDeleted,
        n1_0.isRead,
        n1_0.message,
        n1_0.metadata,
        n1_0.order_id,
        n1_0.priority,
        n1_0.read_at,
        n1_0.related_entity_id,
        n1_0.restaurant_id,
        n1_0.title,
        n1_0.type,
        n1_0.userId 
    from
        notifications n1_0 
    where
        n1_0.userId=? 
        and n1_0.isDeleted=0 
    order by
        n1_0.created_at desc
Hibernate: 
    select
        n1_0.id,
        n1_0.created_at,
        n1_0.deleted_at,
        n1_0.delivery_id,
        n1_0.isDeleted,
        n1_0.isRead,
        n1_0.message,
        n1_0.metadata,
        n1_0.order_id,
        n1_0.priority,
        n1_0.read_at,
        n1_0.related_entity_id,
        n1_0.restaurant_id,
        n1_0.title,
        n1_0.type,
        n1_0.userId 
    from
        notifications n1_0 
    where
        n1_0.userId=? 
        and n1_0.isDeleted=0 
    order by
        n1_0.created_at desc
2025-07-03 07:12:26.117 [pool-16-thread-10] DEBUG org.hibernate.SQL - 
    select
        n1_0.id,
        n1_0.created_at,
        n1_0.deleted_at,
        n1_0.delivery_id,
        n1_0.isDeleted,
        n1_0.isRead,
        n1_0.message,
        n1_0.metadata,
        n1_0.order_id,
        n1_0.priority,
        n1_0.read_at,
        n1_0.related_entity_id,
        n1_0.restaurant_id,
        n1_0.title,
        n1_0.type,
        n1_0.userId 
    from
        notifications n1_0 
    where
        n1_0.userId=? 
        and n1_0.isDeleted=0 
    order by
        n1_0.created_at desc
2025-07-03 07:12:26.117 [pool-16-thread-9] DEBUG org.hibernate.SQL - 
    select
        n1_0.id,
        n1_0.created_at,
        n1_0.deleted_at,
        n1_0.delivery_id,
        n1_0.isDeleted,
        n1_0.isRead,
        n1_0.message,
        n1_0.metadata,
        n1_0.order_id,
        n1_0.priority,
        n1_0.read_at,
        n1_0.related_entity_id,
        n1_0.restaurant_id,
        n1_0.title,
        n1_0.type,
        n1_0.userId 
    from
        notifications n1_0 
    where
        n1_0.userId=? 
        and n1_0.isDeleted=0 
    order by
        n1_0.created_at desc
Hibernate: 
    select
        n1_0.id,
        n1_0.created_at,
        n1_0.deleted_at,
        n1_0.delivery_id,
        n1_0.isDeleted,
        n1_0.isRead,
        n1_0.message,
        n1_0.metadata,
        n1_0.order_id,
        n1_0.priority,
        n1_0.read_at,
        n1_0.related_entity_id,
        n1_0.restaurant_id,
        n1_0.title,
        n1_0.type,
        n1_0.userId 
    from
        notifications n1_0 
    where
        n1_0.userId=? 
        and n1_0.isDeleted=0 
    order by
        n1_0.created_at desc
Hibernate: 
    select
        n1_0.id,
        n1_0.created_at,
        n1_0.deleted_at,
        n1_0.delivery_id,
        n1_0.isDeleted,
        n1_0.isRead,
        n1_0.message,
        n1_0.metadata,
        n1_0.order_id,
        n1_0.priority,
        n1_0.read_at,
        n1_0.related_entity_id,
        n1_0.restaurant_id,
        n1_0.title,
        n1_0.type,
        n1_0.userId 
    from
        notifications n1_0 
    where
        n1_0.userId=? 
        and n1_0.isDeleted=0 
    order by
        n1_0.created_at desc
2025-07-03 07:12:26.117 [pool-16-thread-4] DEBUG org.hibernate.SQL - 
    select
        u1_0.id,
        u1_0.address,
        u1_0.email,
        u1_0.full_name,
        u1_0.is_active,
        u1_0.password_hash,
        u1_0.phone,
        u1_0.role 
    from
        users u1_0 
    where
        u1_0.id=?
Hibernate: 
    select
        u1_0.id,
        u1_0.address,
        u1_0.email,
        u1_0.full_name,
        u1_0.is_active,
        u1_0.password_hash,
        u1_0.phone,
        u1_0.role 
    from
        users u1_0 
    where
        u1_0.id=?
2025-07-03 07:12:26.117 [pool-16-thread-1] DEBUG org.hibernate.SQL - 
    select
        n1_0.id,
        n1_0.created_at,
        n1_0.deleted_at,
        n1_0.delivery_id,
        n1_0.isDeleted,
        n1_0.isRead,
        n1_0.message,
        n1_0.metadata,
        n1_0.order_id,
        n1_0.priority,
        n1_0.read_at,
        n1_0.related_entity_id,
        n1_0.restaurant_id,
        n1_0.title,
        n1_0.type,
        n1_0.userId 
    from
        notifications n1_0 
    where
        n1_0.userId=? 
        and n1_0.isDeleted=0 
    order by
        n1_0.created_at desc
Hibernate: 
    select
        n1_0.id,
        n1_0.created_at,
        n1_0.deleted_at,
        n1_0.delivery_id,
        n1_0.isDeleted,
        n1_0.isRead,
        n1_0.message,
        n1_0.metadata,
        n1_0.order_id,
        n1_0.priority,
        n1_0.read_at,
        n1_0.related_entity_id,
        n1_0.restaurant_id,
        n1_0.title,
        n1_0.type,
        n1_0.userId 
    from
        notifications n1_0 
    where
        n1_0.userId=? 
        and n1_0.isDeleted=0 
    order by
        n1_0.created_at desc
2025-07-03 07:12:26.117 [pool-16-thread-2] DEBUG org.hibernate.SQL - 
    select
        n1_0.id,
        n1_0.created_at,
        n1_0.deleted_at,
        n1_0.delivery_id,
        n1_0.isDeleted,
        n1_0.isRead,
        n1_0.message,
        n1_0.metadata,
        n1_0.order_id,
        n1_0.priority,
        n1_0.read_at,
        n1_0.related_entity_id,
        n1_0.restaurant_id,
        n1_0.title,
        n1_0.type,
        n1_0.userId 
    from
        notifications n1_0 
    where
        n1_0.userId=? 
        and n1_0.isDeleted=0 
    order by
        n1_0.created_at desc
Hibernate: 
    select
        n1_0.id,
        n1_0.created_at,
        n1_0.deleted_at,
        n1_0.delivery_id,
        n1_0.isDeleted,
        n1_0.isRead,
        n1_0.message,
        n1_0.metadata,
        n1_0.order_id,
        n1_0.priority,
        n1_0.read_at,
        n1_0.related_entity_id,
        n1_0.restaurant_id,
        n1_0.title,
        n1_0.type,
        n1_0.userId 
    from
        notifications n1_0 
    where
        n1_0.userId=? 
        and n1_0.isDeleted=0 
    order by
        n1_0.created_at desc
2025-07-03 07:12:26.117 [pool-16-thread-7] DEBUG org.hibernate.SQL - 
    select
        u1_0.id,
        u1_0.address,
        u1_0.email,
        u1_0.full_name,
        u1_0.is_active,
        u1_0.password_hash,
        u1_0.phone,
        u1_0.role 
    from
        users u1_0 
    where
        u1_0.id=?
Hibernate: 
    select
        u1_0.id,
        u1_0.address,
        u1_0.email,
        u1_0.full_name,
        u1_0.is_active,
        u1_0.password_hash,
        u1_0.phone,
        u1_0.role 
    from
        users u1_0 
    where
        u1_0.id=?
2025-07-03 07:12:26.117 [pool-16-thread-6] DEBUG org.hibernate.SQL - 
    select
        u1_0.id,
        u1_0.address,
        u1_0.email,
        u1_0.full_name,
        u1_0.is_active,
        u1_0.password_hash,
        u1_0.phone,
        u1_0.role 
    from
        users u1_0 
    where
        u1_0.id=?
Hibernate: 
    select
        u1_0.id,
        u1_0.address,
        u1_0.email,
        u1_0.full_name,
        u1_0.is_active,
        u1_0.password_hash,
        u1_0.phone,
        u1_0.role 
    from
        users u1_0 
    where
        u1_0.id=?
2025-07-03 07:12:26.117 [pool-16-thread-4] DEBUG org.hibernate.SQL - 
    select
        n1_0.id,
        n1_0.created_at,
        n1_0.deleted_at,
        n1_0.delivery_id,
        n1_0.isDeleted,
        n1_0.isRead,
        n1_0.message,
        n1_0.metadata,
        n1_0.order_id,
        n1_0.priority,
        n1_0.read_at,
        n1_0.related_entity_id,
        n1_0.restaurant_id,
        n1_0.title,
        n1_0.type,
        n1_0.userId 
    from
        notifications n1_0 
    where
        n1_0.userId=? 
        and n1_0.isDeleted=0 
    order by
        n1_0.created_at desc
Hibernate: 
    select
        n1_0.id,
        n1_0.created_at,
        n1_0.deleted_at,
        n1_0.delivery_id,
        n1_0.isDeleted,
        n1_0.isRead,
        n1_0.message,
        n1_0.metadata,
        n1_0.order_id,
        n1_0.priority,
        n1_0.read_at,
        n1_0.related_entity_id,
        n1_0.restaurant_id,
        n1_0.title,
        n1_0.type,
        n1_0.userId 
    from
        notifications n1_0 
    where
        n1_0.userId=? 
        and n1_0.isDeleted=0 
    order by
        n1_0.created_at desc
2025-07-03 07:12:26.117 [pool-16-thread-7] DEBUG org.hibernate.SQL - 
    select
        n1_0.id,
        n1_0.created_at,
        n1_0.deleted_at,
        n1_0.delivery_id,
        n1_0.isDeleted,
        n1_0.isRead,
        n1_0.message,
        n1_0.metadata,
        n1_0.order_id,
        n1_0.priority,
        n1_0.read_at,
        n1_0.related_entity_id,
        n1_0.restaurant_id,
        n1_0.title,
        n1_0.type,
        n1_0.userId 
    from
        notifications n1_0 
    where
        n1_0.userId=? 
        and n1_0.isDeleted=0 
    order by
        n1_0.created_at desc
Hibernate: 
    select
        n1_0.id,
        n1_0.created_at,
        n1_0.deleted_at,
        n1_0.delivery_id,
        n1_0.isDeleted,
        n1_0.isRead,
        n1_0.message,
        n1_0.metadata,
        n1_0.order_id,
        n1_0.priority,
        n1_0.read_at,
        n1_0.related_entity_id,
        n1_0.restaurant_id,
        n1_0.title,
        n1_0.type,
        n1_0.userId 
    from
        notifications n1_0 
    where
        n1_0.userId=? 
        and n1_0.isDeleted=0 
    order by
        n1_0.created_at desc
2025-07-03 07:12:26.117 [pool-16-thread-6] DEBUG org.hibernate.SQL - 
    select
        n1_0.id,
        n1_0.created_at,
        n1_0.deleted_at,
        n1_0.delivery_id,
        n1_0.isDeleted,
        n1_0.isRead,
        n1_0.message,
        n1_0.metadata,
        n1_0.order_id,
        n1_0.priority,
        n1_0.read_at,
        n1_0.related_entity_id,
        n1_0.restaurant_id,
        n1_0.title,
        n1_0.type,
        n1_0.userId 
    from
        notifications n1_0 
    where
        n1_0.userId=? 
        and n1_0.isDeleted=0 
    order by
        n1_0.created_at desc
Hibernate: 
    select
        n1_0.id,
        n1_0.created_at,
        n1_0.deleted_at,
        n1_0.delivery_id,
        n1_0.isDeleted,
        n1_0.isRead,
        n1_0.message,
        n1_0.metadata,
        n1_0.order_id,
        n1_0.priority,
        n1_0.read_at,
        n1_0.related_entity_id,
        n1_0.restaurant_id,
        n1_0.title,
        n1_0.type,
        n1_0.userId 
    from
        notifications n1_0 
    where
        n1_0.userId=? 
        and n1_0.isDeleted=0 
    order by
        n1_0.created_at desc
2025-07-03 07:12:26.117 [pool-16-thread-8] DEBUG org.hibernate.SQL - 
    select
        u1_0.id,
        u1_0.address,
        u1_0.email,
        u1_0.full_name,
        u1_0.is_active,
        u1_0.password_hash,
        u1_0.phone,
        u1_0.role 
    from
        users u1_0 
    where
        u1_0.id=?
Hibernate: 
    select
        u1_0.id,
        u1_0.address,
        u1_0.email,
        u1_0.full_name,
        u1_0.is_active,
        u1_0.password_hash,
        u1_0.phone,
        u1_0.role 
    from
        users u1_0 
    where
        u1_0.id=?
2025-07-03 07:12:26.117 [pool-16-thread-8] DEBUG org.hibernate.SQL - 
    select
        n1_0.id,
        n1_0.created_at,
        n1_0.deleted_at,
        n1_0.delivery_id,
        n1_0.isDeleted,
        n1_0.isRead,
        n1_0.message,
        n1_0.metadata,
        n1_0.order_id,
        n1_0.priority,
        n1_0.read_at,
        n1_0.related_entity_id,
        n1_0.restaurant_id,
        n1_0.title,
        n1_0.type,
        n1_0.userId 
    from
        notifications n1_0 
    where
        n1_0.userId=? 
        and n1_0.isDeleted=0 
    order by
        n1_0.created_at desc
Hibernate: 
    select
        n1_0.id,
        n1_0.created_at,
        n1_0.deleted_at,
        n1_0.delivery_id,
        n1_0.isDeleted,
        n1_0.isRead,
        n1_0.message,
        n1_0.metadata,
        n1_0.order_id,
        n1_0.priority,
        n1_0.read_at,
        n1_0.related_entity_id,
        n1_0.restaurant_id,
        n1_0.title,
        n1_0.type,
        n1_0.userId 
    from
        notifications n1_0 
    where
        n1_0.userId=? 
        and n1_0.isDeleted=0 
    order by
        n1_0.created_at desc
2025-07-03 07:12:26.117 [pool-16-thread-3] DEBUG org.hibernate.SQL - 
    select
        u1_0.id,
        u1_0.address,
        u1_0.email,
        u1_0.full_name,
        u1_0.is_active,
        u1_0.password_hash,
        u1_0.phone,
        u1_0.role 
    from
        users u1_0 
    where
        u1_0.id=?
Hibernate: 
    select
        u1_0.id,
        u1_0.address,
        u1_0.email,
        u1_0.full_name,
        u1_0.is_active,
        u1_0.password_hash,
        u1_0.phone,
        u1_0.role 
    from
        users u1_0 
    where
        u1_0.id=?
2025-07-03 07:12:26.117 [pool-16-thread-3] DEBUG org.hibernate.SQL - 
    select
        n1_0.id,
        n1_0.created_at,
        n1_0.deleted_at,
        n1_0.delivery_id,
        n1_0.isDeleted,
        n1_0.isRead,
        n1_0.message,
        n1_0.metadata,
        n1_0.order_id,
        n1_0.priority,
        n1_0.read_at,
        n1_0.related_entity_id,
        n1_0.restaurant_id,
        n1_0.title,
        n1_0.type,
        n1_0.userId 
    from
        notifications n1_0 
    where
        n1_0.userId=? 
        and n1_0.isDeleted=0 
    order by
        n1_0.created_at desc
Hibernate: 
    select
        n1_0.id,
        n1_0.created_at,
        n1_0.deleted_at,
        n1_0.delivery_id,
        n1_0.isDeleted,
        n1_0.isRead,
        n1_0.message,
        n1_0.metadata,
        n1_0.order_id,
        n1_0.priority,
        n1_0.read_at,
        n1_0.related_entity_id,
        n1_0.restaurant_id,
        n1_0.title,
        n1_0.type,
        n1_0.userId 
    from
        notifications n1_0 
    where
        n1_0.userId=? 
        and n1_0.isDeleted=0 
    order by
        n1_0.created_at desc
2025-07-03 07:12:26.118 [pool-16-thread-7] DEBUG org.hibernate.SQL - 
    select
        u1_0.id,
        u1_0.address,
        u1_0.email,
        u1_0.full_name,
        u1_0.is_active,
        u1_0.password_hash,
        u1_0.phone,
        u1_0.role 
    from
        users u1_0 
    where
        u1_0.id=?
Hibernate: 
    select
        u1_0.id,
        u1_0.address,
        u1_0.email,
        u1_0.full_name,
        u1_0.is_active,
        u1_0.password_hash,
        u1_0.phone,
        u1_0.role 
    from
        users u1_0 
    where
        u1_0.id=?
2025-07-03 07:12:26.118 [pool-16-thread-7] DEBUG org.hibernate.SQL - 
    select
        n1_0.id,
        n1_0.created_at,
        n1_0.deleted_at,
        n1_0.delivery_id,
        n1_0.isDeleted,
        n1_0.isRead,
        n1_0.message,
        n1_0.metadata,
        n1_0.order_id,
        n1_0.priority,
        n1_0.read_at,
        n1_0.related_entity_id,
        n1_0.restaurant_id,
        n1_0.title,
        n1_0.type,
        n1_0.userId 
    from
        notifications n1_0 
    where
        n1_0.userId=? 
        and n1_0.isDeleted=0 
    order by
        n1_0.created_at desc
Hibernate: 
    select
        n1_0.id,
        n1_0.created_at,
        n1_0.deleted_at,
        n1_0.delivery_id,
        n1_0.isDeleted,
        n1_0.isRead,
        n1_0.message,
        n1_0.metadata,
        n1_0.order_id,
        n1_0.priority,
        n1_0.read_at,
        n1_0.related_entity_id,
        n1_0.restaurant_id,
        n1_0.title,
        n1_0.type,
        n1_0.userId 
    from
        notifications n1_0 
    where
        n1_0.userId=? 
        and n1_0.isDeleted=0 
    order by
        n1_0.created_at desc
2025-07-03 07:12:26.118 [pool-16-thread-6] DEBUG org.hibernate.SQL - 
    select
        u1_0.id,
        u1_0.address,
        u1_0.email,
        u1_0.full_name,
        u1_0.is_active,
        u1_0.password_hash,
        u1_0.phone,
        u1_0.role 
    from
        users u1_0 
    where
        u1_0.id=?
Hibernate: 
    select
        u1_0.id,
        u1_0.address,
        u1_0.email,
        u1_0.full_name,
        u1_0.is_active,
        u1_0.password_hash,
        u1_0.phone,
        u1_0.role 
    from
        users u1_0 
    where
        u1_0.id=?
2025-07-03 07:12:26.118 [pool-16-thread-5] DEBUG org.hibernate.SQL - 
    select
        u1_0.id,
        u1_0.address,
        u1_0.email,
        u1_0.full_name,
        u1_0.is_active,
        u1_0.password_hash,
        u1_0.phone,
        u1_0.role 
    from
        users u1_0 
    where
        u1_0.id=?
Hibernate: 
    select
        u1_0.id,
        u1_0.address,
        u1_0.email,
        u1_0.full_name,
        u1_0.is_active,
        u1_0.password_hash,
        u1_0.phone,
        u1_0.role 
    from
        users u1_0 
    where
        u1_0.id=?
2025-07-03 07:12:26.118 [pool-16-thread-8] DEBUG org.hibernate.SQL - 
    select
        u1_0.id,
        u1_0.address,
        u1_0.email,
        u1_0.full_name,
        u1_0.is_active,
        u1_0.password_hash,
        u1_0.phone,
        u1_0.role 
    from
        users u1_0 
    where
        u1_0.id=?
2025-07-03 07:12:26.118 [pool-16-thread-10] DEBUG org.hibernate.SQL - 
    select
        u1_0.id,
        u1_0.address,
        u1_0.email,
        u1_0.full_name,
        u1_0.is_active,
        u1_0.password_hash,
        u1_0.phone,
        u1_0.role 
    from
        users u1_0 
    where
        u1_0.id=?
Hibernate: 
    select
        u1_0.id,
        u1_0.address,
        u1_0.email,
        u1_0.full_name,
        u1_0.is_active,
        u1_0.password_hash,
        u1_0.phone,
        u1_0.role 
    from
        users u1_0 
    where
        u1_0.id=?
Hibernate: 
    select
        u1_0.id,
        u1_0.address,
        u1_0.email,
        u1_0.full_name,
        u1_0.is_active,
        u1_0.password_hash,
        u1_0.phone,
        u1_0.role 
    from
        users u1_0 
    where
        u1_0.id=?
2025-07-03 07:12:26.118 [pool-16-thread-9] DEBUG org.hibernate.SQL - 
    select
        u1_0.id,
        u1_0.address,
        u1_0.email,
        u1_0.full_name,
        u1_0.is_active,
        u1_0.password_hash,
        u1_0.phone,
        u1_0.role 
    from
        users u1_0 
    where
        u1_0.id=?
Hibernate: 
    select
        u1_0.id,
        u1_0.address,
        u1_0.email,
        u1_0.full_name,
        u1_0.is_active,
        u1_0.password_hash,
        u1_0.phone,
        u1_0.role 
    from
        users u1_0 
    where
        u1_0.id=?
2025-07-03 07:12:26.118 [pool-16-thread-1] DEBUG org.hibernate.SQL - 
    select
        u1_0.id,
        u1_0.address,
        u1_0.email,
        u1_0.full_name,
        u1_0.is_active,
        u1_0.password_hash,
        u1_0.phone,
        u1_0.role 
    from
        users u1_0 
    where
        u1_0.id=?
2025-07-03 07:12:26.118 [pool-16-thread-8] DEBUG org.hibernate.SQL - 
    select
        n1_0.id,
        n1_0.created_at,
        n1_0.deleted_at,
        n1_0.delivery_id,
        n1_0.isDeleted,
        n1_0.isRead,
        n1_0.message,
        n1_0.metadata,
        n1_0.order_id,
        n1_0.priority,
        n1_0.read_at,
        n1_0.related_entity_id,
        n1_0.restaurant_id,
        n1_0.title,
        n1_0.type,
        n1_0.userId 
    from
        notifications n1_0 
    where
        n1_0.userId=? 
        and n1_0.isDeleted=0 
    order by
        n1_0.created_at desc
Hibernate: 
    select
        u1_0.id,
        u1_0.address,
        u1_0.email,
        u1_0.full_name,
        u1_0.is_active,
        u1_0.password_hash,
        u1_0.phone,
        u1_0.role 
    from
        users u1_0 
    where
        u1_0.id=?
Hibernate: 
    select
        n1_0.id,
        n1_0.created_at,
        n1_0.deleted_at,
        n1_0.delivery_id,
        n1_0.isDeleted,
        n1_0.isRead,
        n1_0.message,
        n1_0.metadata,
        n1_0.order_id,
        n1_0.priority,
        n1_0.read_at,
        n1_0.related_entity_id,
        n1_0.restaurant_id,
        n1_0.title,
        n1_0.type,
        n1_0.userId 
    from
        notifications n1_0 
    where
        n1_0.userId=? 
        and n1_0.isDeleted=0 
    order by
        n1_0.created_at desc
2025-07-03 07:12:26.118 [pool-16-thread-6] DEBUG org.hibernate.SQL - 
    select
        n1_0.id,
        n1_0.created_at,
        n1_0.deleted_at,
        n1_0.delivery_id,
        n1_0.isDeleted,
        n1_0.isRead,
        n1_0.message,
        n1_0.metadata,
        n1_0.order_id,
        n1_0.priority,
        n1_0.read_at,
        n1_0.related_entity_id,
        n1_0.restaurant_id,
        n1_0.title,
        n1_0.type,
        n1_0.userId 
    from
        notifications n1_0 
    where
        n1_0.userId=? 
        and n1_0.isDeleted=0 
    order by
        n1_0.created_at desc
Hibernate: 
    select
        n1_0.id,
        n1_0.created_at,
        n1_0.deleted_at,
        n1_0.delivery_id,
        n1_0.isDeleted,
        n1_0.isRead,
        n1_0.message,
        n1_0.metadata,
        n1_0.order_id,
        n1_0.priority,
        n1_0.read_at,
        n1_0.related_entity_id,
        n1_0.restaurant_id,
        n1_0.title,
        n1_0.type,
        n1_0.userId 
    from
        notifications n1_0 
    where
        n1_0.userId=? 
        and n1_0.isDeleted=0 
    order by
        n1_0.created_at desc
2025-07-03 07:12:26.118 [pool-16-thread-5] DEBUG org.hibernate.SQL - 
    select
        n1_0.id,
        n1_0.created_at,
        n1_0.deleted_at,
        n1_0.delivery_id,
        n1_0.isDeleted,
        n1_0.isRead,
        n1_0.message,
        n1_0.metadata,
        n1_0.order_id,
        n1_0.priority,
        n1_0.read_at,
        n1_0.related_entity_id,
        n1_0.restaurant_id,
        n1_0.title,
        n1_0.type,
        n1_0.userId 
    from
        notifications n1_0 
    where
        n1_0.userId=? 
        and n1_0.isDeleted=0 
    order by
        n1_0.created_at desc
2025-07-03 07:12:26.118 [pool-16-thread-2] DEBUG org.hibernate.SQL - 
    select
        u1_0.id,
        u1_0.address,
        u1_0.email,
        u1_0.full_name,
        u1_0.is_active,
        u1_0.password_hash,
        u1_0.phone,
        u1_0.role 
    from
        users u1_0 
    where
        u1_0.id=?
Hibernate: 
    select
        u1_0.id,
        u1_0.address,
        u1_0.email,
        u1_0.full_name,
        u1_0.is_active,
        u1_0.password_hash,
        u1_0.phone,
        u1_0.role 
    from
        users u1_0 
    where
        u1_0.id=?
Hibernate: 
    select
        n1_0.id,
        n1_0.created_at,
        n1_0.deleted_at,
        n1_0.delivery_id,
        n1_0.isDeleted,
        n1_0.isRead,
        n1_0.message,
        n1_0.metadata,
        n1_0.order_id,
        n1_0.priority,
        n1_0.read_at,
        n1_0.related_entity_id,
        n1_0.restaurant_id,
        n1_0.title,
        n1_0.type,
        n1_0.userId 
    from
        notifications n1_0 
    where
        n1_0.userId=? 
        and n1_0.isDeleted=0 
    order by
        n1_0.created_at desc
2025-07-03 07:12:26.118 [pool-16-thread-9] DEBUG org.hibernate.SQL - 
    select
        n1_0.id,
        n1_0.created_at,
        n1_0.deleted_at,
        n1_0.delivery_id,
        n1_0.isDeleted,
        n1_0.isRead,
        n1_0.message,
        n1_0.metadata,
        n1_0.order_id,
        n1_0.priority,
        n1_0.read_at,
        n1_0.related_entity_id,
        n1_0.restaurant_id,
        n1_0.title,
        n1_0.type,
        n1_0.userId 
    from
        notifications n1_0 
    where
        n1_0.userId=? 
        and n1_0.isDeleted=0 
    order by
        n1_0.created_at desc
2025-07-03 07:12:26.118 [pool-16-thread-10] DEBUG org.hibernate.SQL - 
    select
        n1_0.id,
        n1_0.created_at,
        n1_0.deleted_at,
        n1_0.delivery_id,
        n1_0.isDeleted,
        n1_0.isRead,
        n1_0.message,
        n1_0.metadata,
        n1_0.order_id,
        n1_0.priority,
        n1_0.read_at,
        n1_0.related_entity_id,
        n1_0.restaurant_id,
        n1_0.title,
        n1_0.type,
        n1_0.userId 
    from
        notifications n1_0 
    where
        n1_0.userId=? 
        and n1_0.isDeleted=0 
    order by
        n1_0.created_at desc
Hibernate: 
    select
        n1_0.id,
        n1_0.created_at,
        n1_0.deleted_at,
        n1_0.delivery_id,
        n1_0.isDeleted,
        n1_0.isRead,
        n1_0.message,
        n1_0.metadata,
        n1_0.order_id,
        n1_0.priority,
        n1_0.read_at,
        n1_0.related_entity_id,
        n1_0.restaurant_id,
        n1_0.title,
        n1_0.type,
        n1_0.userId 
    from
        notifications n1_0 
    where
        n1_0.userId=? 
        and n1_0.isDeleted=0 
    order by
        n1_0.created_at desc
Hibernate: 
    select
        n1_0.id,
        n1_0.created_at,
        n1_0.deleted_at,
        n1_0.delivery_id,
        n1_0.isDeleted,
        n1_0.isRead,
        n1_0.message,
        n1_0.metadata,
        n1_0.order_id,
        n1_0.priority,
        n1_0.read_at,
        n1_0.related_entity_id,
        n1_0.restaurant_id,
        n1_0.title,
        n1_0.type,
        n1_0.userId 
    from
        notifications n1_0 
    where
        n1_0.userId=? 
        and n1_0.isDeleted=0 
    order by
        n1_0.created_at desc
2025-07-03 07:12:26.118 [pool-16-thread-3] DEBUG org.hibernate.SQL - 
    select
        u1_0.id,
        u1_0.address,
        u1_0.email,
        u1_0.full_name,
        u1_0.is_active,
        u1_0.password_hash,
        u1_0.phone,
        u1_0.role 
    from
        users u1_0 
    where
        u1_0.id=?
Hibernate: 
    select
        u1_0.id,
        u1_0.address,
        u1_0.email,
        u1_0.full_name,
        u1_0.is_active,
        u1_0.password_hash,
        u1_0.phone,
        u1_0.role 
    from
        users u1_0 
    where
        u1_0.id=?
2025-07-03 07:12:26.118 [pool-16-thread-4] DEBUG org.hibernate.SQL - 
    select
        u1_0.id,
        u1_0.address,
        u1_0.email,
        u1_0.full_name,
        u1_0.is_active,
        u1_0.password_hash,
        u1_0.phone,
        u1_0.role 
    from
        users u1_0 
    where
        u1_0.id=?
Hibernate: 
    select
        u1_0.id,
        u1_0.address,
        u1_0.email,
        u1_0.full_name,
        u1_0.is_active,
        u1_0.password_hash,
        u1_0.phone,
        u1_0.role 
    from
        users u1_0 
    where
        u1_0.id=?
2025-07-03 07:12:26.118 [pool-16-thread-1] DEBUG org.hibernate.SQL - 
    select
        n1_0.id,
        n1_0.created_at,
        n1_0.deleted_at,
        n1_0.delivery_id,
        n1_0.isDeleted,
        n1_0.isRead,
        n1_0.message,
        n1_0.metadata,
        n1_0.order_id,
        n1_0.priority,
        n1_0.read_at,
        n1_0.related_entity_id,
        n1_0.restaurant_id,
        n1_0.title,
        n1_0.type,
        n1_0.userId 
    from
        notifications n1_0 
    where
        n1_0.userId=? 
        and n1_0.isDeleted=0 
    order by
        n1_0.created_at desc
Hibernate: 
    select
        n1_0.id,
        n1_0.created_at,
        n1_0.deleted_at,
        n1_0.delivery_id,
        n1_0.isDeleted,
        n1_0.isRead,
        n1_0.message,
        n1_0.metadata,
        n1_0.order_id,
        n1_0.priority,
        n1_0.read_at,
        n1_0.related_entity_id,
        n1_0.restaurant_id,
        n1_0.title,
        n1_0.type,
        n1_0.userId 
    from
        notifications n1_0 
    where
        n1_0.userId=? 
        and n1_0.isDeleted=0 
    order by
        n1_0.created_at desc
2025-07-03 07:12:26.118 [pool-16-thread-2] DEBUG org.hibernate.SQL - 
    select
        n1_0.id,
        n1_0.created_at,
        n1_0.deleted_at,
        n1_0.delivery_id,
        n1_0.isDeleted,
        n1_0.isRead,
        n1_0.message,
        n1_0.metadata,
        n1_0.order_id,
        n1_0.priority,
        n1_0.read_at,
        n1_0.related_entity_id,
        n1_0.restaurant_id,
        n1_0.title,
        n1_0.type,
        n1_0.userId 
    from
        notifications n1_0 
    where
        n1_0.userId=? 
        and n1_0.isDeleted=0 
    order by
        n1_0.created_at desc
Hibernate: 
    select
        n1_0.id,
        n1_0.created_at,
        n1_0.deleted_at,
        n1_0.delivery_id,
        n1_0.isDeleted,
        n1_0.isRead,
        n1_0.message,
        n1_0.metadata,
        n1_0.order_id,
        n1_0.priority,
        n1_0.read_at,
        n1_0.related_entity_id,
        n1_0.restaurant_id,
        n1_0.title,
        n1_0.type,
        n1_0.userId 
    from
        notifications n1_0 
    where
        n1_0.userId=? 
        and n1_0.isDeleted=0 
    order by
        n1_0.created_at desc
2025-07-03 07:12:26.118 [pool-16-thread-3] DEBUG org.hibernate.SQL - 
    select
        n1_0.id,
        n1_0.created_at,
        n1_0.deleted_at,
        n1_0.delivery_id,
        n1_0.isDeleted,
        n1_0.isRead,
        n1_0.message,
        n1_0.metadata,
        n1_0.order_id,
        n1_0.priority,
        n1_0.read_at,
        n1_0.related_entity_id,
        n1_0.restaurant_id,
        n1_0.title,
        n1_0.type,
        n1_0.userId 
    from
        notifications n1_0 
    where
        n1_0.userId=? 
        and n1_0.isDeleted=0 
    order by
        n1_0.created_at desc
Hibernate: 
    select
        n1_0.id,
        n1_0.created_at,
        n1_0.deleted_at,
        n1_0.delivery_id,
        n1_0.isDeleted,
        n1_0.isRead,
        n1_0.message,
        n1_0.metadata,
        n1_0.order_id,
        n1_0.priority,
        n1_0.read_at,
        n1_0.related_entity_id,
        n1_0.restaurant_id,
        n1_0.title,
        n1_0.type,
        n1_0.userId 
    from
        notifications n1_0 
    where
        n1_0.userId=? 
        and n1_0.isDeleted=0 
    order by
        n1_0.created_at desc
2025-07-03 07:12:26.118 [pool-16-thread-4] DEBUG org.hibernate.SQL - 
    select
        n1_0.id,
        n1_0.created_at,
        n1_0.deleted_at,
        n1_0.delivery_id,
        n1_0.isDeleted,
        n1_0.isRead,
        n1_0.message,
        n1_0.metadata,
        n1_0.order_id,
        n1_0.priority,
        n1_0.read_at,
        n1_0.related_entity_id,
        n1_0.restaurant_id,
        n1_0.title,
        n1_0.type,
        n1_0.userId 
    from
        notifications n1_0 
    where
        n1_0.userId=? 
        and n1_0.isDeleted=0 
    order by
        n1_0.created_at desc
Hibernate: 
    select
        n1_0.id,
        n1_0.created_at,
        n1_0.deleted_at,
        n1_0.delivery_id,
        n1_0.isDeleted,
        n1_0.isRead,
        n1_0.message,
        n1_0.metadata,
        n1_0.order_id,
        n1_0.priority,
        n1_0.read_at,
        n1_0.related_entity_id,
        n1_0.restaurant_id,
        n1_0.title,
        n1_0.type,
        n1_0.userId 
    from
        notifications n1_0 
    where
        n1_0.userId=? 
        and n1_0.isDeleted=0 
    order by
        n1_0.created_at desc
2025-07-03 07:12:26.119 [pool-16-thread-7] DEBUG org.hibernate.SQL - 
    select
        u1_0.id,
        u1_0.address,
        u1_0.email,
        u1_0.full_name,
        u1_0.is_active,
        u1_0.password_hash,
        u1_0.phone,
        u1_0.role 
    from
        users u1_0 
    where
        u1_0.id=?
Hibernate: 
    select
        u1_0.id,
        u1_0.address,
        u1_0.email,
        u1_0.full_name,
        u1_0.is_active,
        u1_0.password_hash,
        u1_0.phone,
        u1_0.role 
    from
        users u1_0 
    where
        u1_0.id=?
2025-07-03 07:12:26.119 [pool-16-thread-7] DEBUG org.hibernate.SQL - 
    select
        n1_0.id,
        n1_0.created_at,
        n1_0.deleted_at,
        n1_0.delivery_id,
        n1_0.isDeleted,
        n1_0.isRead,
        n1_0.message,
        n1_0.metadata,
        n1_0.order_id,
        n1_0.priority,
        n1_0.read_at,
        n1_0.related_entity_id,
        n1_0.restaurant_id,
        n1_0.title,
        n1_0.type,
        n1_0.userId 
    from
        notifications n1_0 
    where
        n1_0.userId=? 
        and n1_0.isDeleted=0 
    order by
        n1_0.created_at desc
Hibernate: 
    select
        n1_0.id,
        n1_0.created_at,
        n1_0.deleted_at,
        n1_0.delivery_id,
        n1_0.isDeleted,
        n1_0.isRead,
        n1_0.message,
        n1_0.metadata,
        n1_0.order_id,
        n1_0.priority,
        n1_0.read_at,
        n1_0.related_entity_id,
        n1_0.restaurant_id,
        n1_0.title,
        n1_0.type,
        n1_0.userId 
    from
        notifications n1_0 
    where
        n1_0.userId=? 
        and n1_0.isDeleted=0 
    order by
        n1_0.created_at desc
2025-07-03 07:12:26.119 [pool-16-thread-8] DEBUG org.hibernate.SQL - 
    select
        u1_0.id,
        u1_0.address,
        u1_0.email,
        u1_0.full_name,
        u1_0.is_active,
        u1_0.password_hash,
        u1_0.phone,
        u1_0.role 
    from
        users u1_0 
    where
        u1_0.id=?
Hibernate: 
    select
        u1_0.id,
        u1_0.address,
        u1_0.email,
        u1_0.full_name,
        u1_0.is_active,
        u1_0.password_hash,
        u1_0.phone,
        u1_0.role 
    from
        users u1_0 
    where
        u1_0.id=?
2025-07-03 07:12:26.119 [pool-16-thread-8] DEBUG org.hibernate.SQL - 
    select
        n1_0.id,
        n1_0.created_at,
        n1_0.deleted_at,
        n1_0.delivery_id,
        n1_0.isDeleted,
        n1_0.isRead,
        n1_0.message,
        n1_0.metadata,
        n1_0.order_id,
        n1_0.priority,
        n1_0.read_at,
        n1_0.related_entity_id,
        n1_0.restaurant_id,
        n1_0.title,
        n1_0.type,
        n1_0.userId 
    from
        notifications n1_0 
    where
        n1_0.userId=? 
        and n1_0.isDeleted=0 
    order by
        n1_0.created_at desc
Hibernate: 
    select
        n1_0.id,
        n1_0.created_at,
        n1_0.deleted_at,
        n1_0.delivery_id,
        n1_0.isDeleted,
        n1_0.isRead,
        n1_0.message,
        n1_0.metadata,
        n1_0.order_id,
        n1_0.priority,
        n1_0.read_at,
        n1_0.related_entity_id,
        n1_0.restaurant_id,
        n1_0.title,
        n1_0.type,
        n1_0.userId 
    from
        notifications n1_0 
    where
        n1_0.userId=? 
        and n1_0.isDeleted=0 
    order by
        n1_0.created_at desc
2025-07-03 07:12:26.119 [pool-16-thread-5] DEBUG org.hibernate.SQL - 
    select
        u1_0.id,
        u1_0.address,
        u1_0.email,
        u1_0.full_name,
        u1_0.is_active,
        u1_0.password_hash,
        u1_0.phone,
        u1_0.role 
    from
        users u1_0 
    where
        u1_0.id=?
Hibernate: 
    select
        u1_0.id,
        u1_0.address,
        u1_0.email,
        u1_0.full_name,
        u1_0.is_active,
        u1_0.password_hash,
        u1_0.phone,
        u1_0.role 
    from
        users u1_0 
    where
        u1_0.id=?
2025-07-03 07:12:26.119 [pool-16-thread-3] DEBUG org.hibernate.SQL - 
    select
        u1_0.id,
        u1_0.address,
        u1_0.email,
        u1_0.full_name,
        u1_0.is_active,
        u1_0.password_hash,
        u1_0.phone,
        u1_0.role 
    from
        users u1_0 
    where
        u1_0.id=?
Hibernate: 
    select
        u1_0.id,
        u1_0.address,
        u1_0.email,
        u1_0.full_name,
        u1_0.is_active,
        u1_0.password_hash,
        u1_0.phone,
        u1_0.role 
    from
        users u1_0 
    where
        u1_0.id=?
2025-07-03 07:12:26.119 [pool-16-thread-5] DEBUG org.hibernate.SQL - 
    select
        n1_0.id,
        n1_0.created_at,
        n1_0.deleted_at,
        n1_0.delivery_id,
        n1_0.isDeleted,
        n1_0.isRead,
        n1_0.message,
        n1_0.metadata,
        n1_0.order_id,
        n1_0.priority,
        n1_0.read_at,
        n1_0.related_entity_id,
        n1_0.restaurant_id,
        n1_0.title,
        n1_0.type,
        n1_0.userId 
    from
        notifications n1_0 
    where
        n1_0.userId=? 
        and n1_0.isDeleted=0 
    order by
        n1_0.created_at desc
2025-07-03 07:12:26.119 [pool-16-thread-3] DEBUG org.hibernate.SQL - 
    select
        n1_0.id,
        n1_0.created_at,
        n1_0.deleted_at,
        n1_0.delivery_id,
        n1_0.isDeleted,
        n1_0.isRead,
        n1_0.message,
        n1_0.metadata,
        n1_0.order_id,
        n1_0.priority,
        n1_0.read_at,
        n1_0.related_entity_id,
        n1_0.restaurant_id,
        n1_0.title,
        n1_0.type,
        n1_0.userId 
    from
        notifications n1_0 
    where
        n1_0.userId=? 
        and n1_0.isDeleted=0 
    order by
        n1_0.created_at desc
Hibernate: 
    select
        n1_0.id,
        n1_0.created_at,
        n1_0.deleted_at,
        n1_0.delivery_id,
        n1_0.isDeleted,
        n1_0.isRead,
        n1_0.message,
        n1_0.metadata,
        n1_0.order_id,
        n1_0.priority,
        n1_0.read_at,
        n1_0.related_entity_id,
        n1_0.restaurant_id,
        n1_0.title,
        n1_0.type,
        n1_0.userId 
    from
        notifications n1_0 
    where
        n1_0.userId=? 
        and n1_0.isDeleted=0 
    order by
        n1_0.created_at desc
Hibernate: 
    select
        n1_0.id,
        n1_0.created_at,
        n1_0.deleted_at,
        n1_0.delivery_id,
        n1_0.isDeleted,
        n1_0.isRead,
        n1_0.message,
        n1_0.metadata,
        n1_0.order_id,
        n1_0.priority,
        n1_0.read_at,
        n1_0.related_entity_id,
        n1_0.restaurant_id,
        n1_0.title,
        n1_0.type,
        n1_0.userId 
    from
        notifications n1_0 
    where
        n1_0.userId=? 
        and n1_0.isDeleted=0 
    order by
        n1_0.created_at desc
2025-07-03 07:12:26.119 [pool-16-thread-6] DEBUG org.hibernate.SQL - 
    select
        u1_0.id,
        u1_0.address,
        u1_0.email,
        u1_0.full_name,
        u1_0.is_active,
        u1_0.password_hash,
        u1_0.phone,
        u1_0.role 
    from
        users u1_0 
    where
        u1_0.id=?
Hibernate: 
    select
        u1_0.id,
        u1_0.address,
        u1_0.email,
        u1_0.full_name,
        u1_0.is_active,
        u1_0.password_hash,
        u1_0.phone,
        u1_0.role 
    from
        users u1_0 
    where
        u1_0.id=?
2025-07-03 07:12:26.119 [pool-16-thread-9] DEBUG org.hibernate.SQL - 
    select
        u1_0.id,
        u1_0.address,
        u1_0.email,
        u1_0.full_name,
        u1_0.is_active,
        u1_0.password_hash,
        u1_0.phone,
        u1_0.role 
    from
        users u1_0 
    where
        u1_0.id=?
Hibernate: 
    select
        u1_0.id,
        u1_0.address,
        u1_0.email,
        u1_0.full_name,
        u1_0.is_active,
        u1_0.password_hash,
        u1_0.phone,
        u1_0.role 
    from
        users u1_0 
    where
        u1_0.id=?
2025-07-03 07:12:26.119 [pool-16-thread-1] DEBUG org.hibernate.SQL - 
    select
        u1_0.id,
        u1_0.address,
        u1_0.email,
        u1_0.full_name,
        u1_0.is_active,
        u1_0.password_hash,
        u1_0.phone,
        u1_0.role 
    from
        users u1_0 
    where
        u1_0.id=?
Hibernate: 
    select
        u1_0.id,
        u1_0.address,
        u1_0.email,
        u1_0.full_name,
        u1_0.is_active,
        u1_0.password_hash,
        u1_0.phone,
        u1_0.role 
    from
        users u1_0 
    where
        u1_0.id=?
2025-07-03 07:12:26.119 [pool-16-thread-10] DEBUG org.hibernate.SQL - 
    select
        u1_0.id,
        u1_0.address,
        u1_0.email,
        u1_0.full_name,
        u1_0.is_active,
        u1_0.password_hash,
        u1_0.phone,
        u1_0.role 
    from
        users u1_0 
    where
        u1_0.id=?
Hibernate: 
    select
        u1_0.id,
        u1_0.address,
        u1_0.email,
        u1_0.full_name,
        u1_0.is_active,
        u1_0.password_hash,
        u1_0.phone,
        u1_0.role 
    from
        users u1_0 
    where
        u1_0.id=?
2025-07-03 07:12:26.119 [pool-16-thread-6] DEBUG org.hibernate.SQL - 
    select
        n1_0.id,
        n1_0.created_at,
        n1_0.deleted_at,
        n1_0.delivery_id,
        n1_0.isDeleted,
        n1_0.isRead,
        n1_0.message,
        n1_0.metadata,
        n1_0.order_id,
        n1_0.priority,
        n1_0.read_at,
        n1_0.related_entity_id,
        n1_0.restaurant_id,
        n1_0.title,
        n1_0.type,
        n1_0.userId 
    from
        notifications n1_0 
    where
        n1_0.userId=? 
        and n1_0.isDeleted=0 
    order by
        n1_0.created_at desc
Hibernate: 
    select
        n1_0.id,
        n1_0.created_at,
        n1_0.deleted_at,
        n1_0.delivery_id,
        n1_0.isDeleted,
        n1_0.isRead,
        n1_0.message,
        n1_0.metadata,
        n1_0.order_id,
        n1_0.priority,
        n1_0.read_at,
        n1_0.related_entity_id,
        n1_0.restaurant_id,
        n1_0.title,
        n1_0.type,
        n1_0.userId 
    from
        notifications n1_0 
    where
        n1_0.userId=? 
        and n1_0.isDeleted=0 
    order by
        n1_0.created_at desc
2025-07-03 07:12:26.120 [pool-16-thread-2] DEBUG org.hibernate.SQL - 
    select
        u1_0.id,
        u1_0.address,
        u1_0.email,
        u1_0.full_name,
        u1_0.is_active,
        u1_0.password_hash,
        u1_0.phone,
        u1_0.role 
    from
        users u1_0 
    where
        u1_0.id=?
Hibernate: 
    select
        u1_0.id,
        u1_0.address,
        u1_0.email,
        u1_0.full_name,
        u1_0.is_active,
        u1_0.password_hash,
        u1_0.phone,
        u1_0.role 
    from
        users u1_0 
    where
        u1_0.id=?
2025-07-03 07:12:26.120 [pool-16-thread-1] DEBUG org.hibernate.SQL - 
    select
        n1_0.id,
        n1_0.created_at,
        n1_0.deleted_at,
        n1_0.delivery_id,
        n1_0.isDeleted,
        n1_0.isRead,
        n1_0.message,
        n1_0.metadata,
        n1_0.order_id,
        n1_0.priority,
        n1_0.read_at,
        n1_0.related_entity_id,
        n1_0.restaurant_id,
        n1_0.title,
        n1_0.type,
        n1_0.userId 
    from
        notifications n1_0 
    where
        n1_0.userId=? 
        and n1_0.isDeleted=0 
    order by
        n1_0.created_at desc
2025-07-03 07:12:26.120 [pool-16-thread-10] DEBUG org.hibernate.SQL - 
    select
        n1_0.id,
        n1_0.created_at,
        n1_0.deleted_at,
        n1_0.delivery_id,
        n1_0.isDeleted,
        n1_0.isRead,
        n1_0.message,
        n1_0.metadata,
        n1_0.order_id,
        n1_0.priority,
        n1_0.read_at,
        n1_0.related_entity_id,
        n1_0.restaurant_id,
        n1_0.title,
        n1_0.type,
        n1_0.userId 
    from
        notifications n1_0 
    where
        n1_0.userId=? 
        and n1_0.isDeleted=0 
    order by
        n1_0.created_at desc
Hibernate: 
    select
        n1_0.id,
        n1_0.created_at,
        n1_0.deleted_at,
        n1_0.delivery_id,
        n1_0.isDeleted,
        n1_0.isRead,
        n1_0.message,
        n1_0.metadata,
        n1_0.order_id,
        n1_0.priority,
        n1_0.read_at,
        n1_0.related_entity_id,
        n1_0.restaurant_id,
        n1_0.title,
        n1_0.type,
        n1_0.userId 
    from
        notifications n1_0 
    where
        n1_0.userId=? 
        and n1_0.isDeleted=0 
    order by
        n1_0.created_at desc
Hibernate: 
    select
        n1_0.id,
        n1_0.created_at,
        n1_0.deleted_at,
        n1_0.delivery_id,
        n1_0.isDeleted,
        n1_0.isRead,
        n1_0.message,
        n1_0.metadata,
        n1_0.order_id,
        n1_0.priority,
        n1_0.read_at,
        n1_0.related_entity_id,
        n1_0.restaurant_id,
        n1_0.title,
        n1_0.type,
        n1_0.userId 
    from
        notifications n1_0 
    where
        n1_0.userId=? 
        and n1_0.isDeleted=0 
    order by
        n1_0.created_at desc
2025-07-03 07:12:26.120 [pool-16-thread-9] DEBUG org.hibernate.SQL - 
    select
        n1_0.id,
        n1_0.created_at,
        n1_0.deleted_at,
        n1_0.delivery_id,
        n1_0.isDeleted,
        n1_0.isRead,
        n1_0.message,
        n1_0.metadata,
        n1_0.order_id,
        n1_0.priority,
        n1_0.read_at,
        n1_0.related_entity_id,
        n1_0.restaurant_id,
        n1_0.title,
        n1_0.type,
        n1_0.userId 
    from
        notifications n1_0 
    where
        n1_0.userId=? 
        and n1_0.isDeleted=0 
    order by
        n1_0.created_at desc
Hibernate: 
    select
        n1_0.id,
        n1_0.created_at,
        n1_0.deleted_at,
        n1_0.delivery_id,
        n1_0.isDeleted,
        n1_0.isRead,
        n1_0.message,
        n1_0.metadata,
        n1_0.order_id,
        n1_0.priority,
        n1_0.read_at,
        n1_0.related_entity_id,
        n1_0.restaurant_id,
        n1_0.title,
        n1_0.type,
        n1_0.userId 
    from
        notifications n1_0 
    where
        n1_0.userId=? 
        and n1_0.isDeleted=0 
    order by
        n1_0.created_at desc
2025-07-03 07:12:26.120 [pool-16-thread-4] DEBUG org.hibernate.SQL - 
    select
        u1_0.id,
        u1_0.address,
        u1_0.email,
        u1_0.full_name,
        u1_0.is_active,
        u1_0.password_hash,
        u1_0.phone,
        u1_0.role 
    from
        users u1_0 
    where
        u1_0.id=?
Hibernate: 
    select
        u1_0.id,
        u1_0.address,
        u1_0.email,
        u1_0.full_name,
        u1_0.is_active,
        u1_0.password_hash,
        u1_0.phone,
        u1_0.role 
    from
        users u1_0 
    where
        u1_0.id=?
2025-07-03 07:12:26.120 [pool-16-thread-7] DEBUG org.hibernate.SQL - 
    select
        u1_0.id,
        u1_0.address,
        u1_0.email,
        u1_0.full_name,
        u1_0.is_active,
        u1_0.password_hash,
        u1_0.phone,
        u1_0.role 
    from
        users u1_0 
    where
        u1_0.id=?
2025-07-03 07:12:26.120 [pool-16-thread-8] DEBUG org.hibernate.SQL - 
    select
        u1_0.id,
        u1_0.address,
        u1_0.email,
        u1_0.full_name,
        u1_0.is_active,
        u1_0.password_hash,
        u1_0.phone,
        u1_0.role 
    from
        users u1_0 
    where
        u1_0.id=?
Hibernate: 
    select
        u1_0.id,
        u1_0.address,
        u1_0.email,
        u1_0.full_name,
        u1_0.is_active,
        u1_0.password_hash,
        u1_0.phone,
        u1_0.role 
    from
        users u1_0 
    where
        u1_0.id=?
Hibernate: 
    select
        u1_0.id,
        u1_0.address,
        u1_0.email,
        u1_0.full_name,
        u1_0.is_active,
        u1_0.password_hash,
        u1_0.phone,
        u1_0.role 
    from
        users u1_0 
    where
        u1_0.id=?
2025-07-03 07:12:26.120 [pool-16-thread-2] DEBUG org.hibernate.SQL - 
    select
        n1_0.id,
        n1_0.created_at,
        n1_0.deleted_at,
        n1_0.delivery_id,
        n1_0.isDeleted,
        n1_0.isRead,
        n1_0.message,
        n1_0.metadata,
        n1_0.order_id,
        n1_0.priority,
        n1_0.read_at,
        n1_0.related_entity_id,
        n1_0.restaurant_id,
        n1_0.title,
        n1_0.type,
        n1_0.userId 
    from
        notifications n1_0 
    where
        n1_0.userId=? 
        and n1_0.isDeleted=0 
    order by
        n1_0.created_at desc
Hibernate: 
    select
        n1_0.id,
        n1_0.created_at,
        n1_0.deleted_at,
        n1_0.delivery_id,
        n1_0.isDeleted,
        n1_0.isRead,
        n1_0.message,
        n1_0.metadata,
        n1_0.order_id,
        n1_0.priority,
        n1_0.read_at,
        n1_0.related_entity_id,
        n1_0.restaurant_id,
        n1_0.title,
        n1_0.type,
        n1_0.userId 
    from
        notifications n1_0 
    where
        n1_0.userId=? 
        and n1_0.isDeleted=0 
    order by
        n1_0.created_at desc
2025-07-03 07:12:26.120 [pool-16-thread-4] DEBUG org.hibernate.SQL - 
    select
        n1_0.id,
        n1_0.created_at,
        n1_0.deleted_at,
        n1_0.delivery_id,
        n1_0.isDeleted,
        n1_0.isRead,
        n1_0.message,
        n1_0.metadata,
        n1_0.order_id,
        n1_0.priority,
        n1_0.read_at,
        n1_0.related_entity_id,
        n1_0.restaurant_id,
        n1_0.title,
        n1_0.type,
        n1_0.userId 
    from
        notifications n1_0 
    where
        n1_0.userId=? 
        and n1_0.isDeleted=0 
    order by
        n1_0.created_at desc
Hibernate: 
    select
        n1_0.id,
        n1_0.created_at,
        n1_0.deleted_at,
        n1_0.delivery_id,
        n1_0.isDeleted,
        n1_0.isRead,
        n1_0.message,
        n1_0.metadata,
        n1_0.order_id,
        n1_0.priority,
        n1_0.read_at,
        n1_0.related_entity_id,
        n1_0.restaurant_id,
        n1_0.title,
        n1_0.type,
        n1_0.userId 
    from
        notifications n1_0 
    where
        n1_0.userId=? 
        and n1_0.isDeleted=0 
    order by
        n1_0.created_at desc
2025-07-03 07:12:26.120 [pool-16-thread-8] DEBUG org.hibernate.SQL - 
    select
        n1_0.id,
        n1_0.created_at,
        n1_0.deleted_at,
        n1_0.delivery_id,
        n1_0.isDeleted,
        n1_0.isRead,
        n1_0.message,
        n1_0.metadata,
        n1_0.order_id,
        n1_0.priority,
        n1_0.read_at,
        n1_0.related_entity_id,
        n1_0.restaurant_id,
        n1_0.title,
        n1_0.type,
        n1_0.userId 
    from
        notifications n1_0 
    where
        n1_0.userId=? 
        and n1_0.isDeleted=0 
    order by
        n1_0.created_at desc
2025-07-03 07:12:26.120 [pool-16-thread-3] DEBUG org.hibernate.SQL - 
    select
        u1_0.id,
        u1_0.address,
        u1_0.email,
        u1_0.full_name,
        u1_0.is_active,
        u1_0.password_hash,
        u1_0.phone,
        u1_0.role 
    from
        users u1_0 
    where
        u1_0.id=?
Hibernate: 
    select
        u1_0.id,
        u1_0.address,
        u1_0.email,
        u1_0.full_name,
        u1_0.is_active,
        u1_0.password_hash,
        u1_0.phone,
        u1_0.role 
    from
        users u1_0 
    where
        u1_0.id=?
Hibernate: 
    select
        n1_0.id,
        n1_0.created_at,
        n1_0.deleted_at,
        n1_0.delivery_id,
        n1_0.isDeleted,
        n1_0.isRead,
        n1_0.message,
        n1_0.metadata,
        n1_0.order_id,
        n1_0.priority,
        n1_0.read_at,
        n1_0.related_entity_id,
        n1_0.restaurant_id,
        n1_0.title,
        n1_0.type,
        n1_0.userId 
    from
        notifications n1_0 
    where
        n1_0.userId=? 
        and n1_0.isDeleted=0 
    order by
        n1_0.created_at desc
2025-07-03 07:12:26.120 [pool-16-thread-7] DEBUG org.hibernate.SQL - 
    select
        n1_0.id,
        n1_0.created_at,
        n1_0.deleted_at,
        n1_0.delivery_id,
        n1_0.isDeleted,
        n1_0.isRead,
        n1_0.message,
        n1_0.metadata,
        n1_0.order_id,
        n1_0.priority,
        n1_0.read_at,
        n1_0.related_entity_id,
        n1_0.restaurant_id,
        n1_0.title,
        n1_0.type,
        n1_0.userId 
    from
        notifications n1_0 
    where
        n1_0.userId=? 
        and n1_0.isDeleted=0 
    order by
        n1_0.created_at desc
Hibernate: 
    select
        n1_0.id,
        n1_0.created_at,
        n1_0.deleted_at,
        n1_0.delivery_id,
        n1_0.isDeleted,
        n1_0.isRead,
        n1_0.message,
        n1_0.metadata,
        n1_0.order_id,
        n1_0.priority,
        n1_0.read_at,
        n1_0.related_entity_id,
        n1_0.restaurant_id,
        n1_0.title,
        n1_0.type,
        n1_0.userId 
    from
        notifications n1_0 
    where
        n1_0.userId=? 
        and n1_0.isDeleted=0 
    order by
        n1_0.created_at desc
2025-07-03 07:12:26.120 [pool-16-thread-3] DEBUG org.hibernate.SQL - 
    select
        n1_0.id,
        n1_0.created_at,
        n1_0.deleted_at,
        n1_0.delivery_id,
        n1_0.isDeleted,
        n1_0.isRead,
        n1_0.message,
        n1_0.metadata,
        n1_0.order_id,
        n1_0.priority,
        n1_0.read_at,
        n1_0.related_entity_id,
        n1_0.restaurant_id,
        n1_0.title,
        n1_0.type,
        n1_0.userId 
    from
        notifications n1_0 
    where
        n1_0.userId=? 
        and n1_0.isDeleted=0 
    order by
        n1_0.created_at desc
Hibernate: 
    select
        n1_0.id,
        n1_0.created_at,
        n1_0.deleted_at,
        n1_0.delivery_id,
        n1_0.isDeleted,
        n1_0.isRead,
        n1_0.message,
        n1_0.metadata,
        n1_0.order_id,
        n1_0.priority,
        n1_0.read_at,
        n1_0.related_entity_id,
        n1_0.restaurant_id,
        n1_0.title,
        n1_0.type,
        n1_0.userId 
    from
        notifications n1_0 
    where
        n1_0.userId=? 
        and n1_0.isDeleted=0 
    order by
        n1_0.created_at desc
2025-07-03 07:12:26.120 [pool-16-thread-5] DEBUG org.hibernate.SQL - 
    select
        u1_0.id,
        u1_0.address,
        u1_0.email,
        u1_0.full_name,
        u1_0.is_active,
        u1_0.password_hash,
        u1_0.phone,
        u1_0.role 
    from
        users u1_0 
    where
        u1_0.id=?
Hibernate: 
    select
        u1_0.id,
        u1_0.address,
        u1_0.email,
        u1_0.full_name,
        u1_0.is_active,
        u1_0.password_hash,
        u1_0.phone,
        u1_0.role 
    from
        users u1_0 
    where
        u1_0.id=?
2025-07-03 07:12:26.120 [pool-16-thread-5] DEBUG org.hibernate.SQL - 
    select
        n1_0.id,
        n1_0.created_at,
        n1_0.deleted_at,
        n1_0.delivery_id,
        n1_0.isDeleted,
        n1_0.isRead,
        n1_0.message,
        n1_0.metadata,
        n1_0.order_id,
        n1_0.priority,
        n1_0.read_at,
        n1_0.related_entity_id,
        n1_0.restaurant_id,
        n1_0.title,
        n1_0.type,
        n1_0.userId 
    from
        notifications n1_0 
    where
        n1_0.userId=? 
        and n1_0.isDeleted=0 
    order by
        n1_0.created_at desc
Hibernate: 
    select
        n1_0.id,
        n1_0.created_at,
        n1_0.deleted_at,
        n1_0.delivery_id,
        n1_0.isDeleted,
        n1_0.isRead,
        n1_0.message,
        n1_0.metadata,
        n1_0.order_id,
        n1_0.priority,
        n1_0.read_at,
        n1_0.related_entity_id,
        n1_0.restaurant_id,
        n1_0.title,
        n1_0.type,
        n1_0.userId 
    from
        notifications n1_0 
    where
        n1_0.userId=? 
        and n1_0.isDeleted=0 
    order by
        n1_0.created_at desc
2025-07-03 07:12:26.121 [pool-16-thread-8] DEBUG org.hibernate.SQL - 
    select
        u1_0.id,
        u1_0.address,
        u1_0.email,
        u1_0.full_name,
        u1_0.is_active,
        u1_0.password_hash,
        u1_0.phone,
        u1_0.role 
    from
        users u1_0 
    where
        u1_0.id=?
Hibernate: 
    select
        u1_0.id,
        u1_0.address,
        u1_0.email,
        u1_0.full_name,
        u1_0.is_active,
        u1_0.password_hash,
        u1_0.phone,
        u1_0.role 
    from
        users u1_0 
    where
        u1_0.id=?
2025-07-03 07:12:26.121 [pool-16-thread-7] DEBUG org.hibernate.SQL - 
    select
        u1_0.id,
        u1_0.address,
        u1_0.email,
        u1_0.full_name,
        u1_0.is_active,
        u1_0.password_hash,
        u1_0.phone,
        u1_0.role 
    from
        users u1_0 
    where
        u1_0.id=?
Hibernate: 
    select
        u1_0.id,
        u1_0.address,
        u1_0.email,
        u1_0.full_name,
        u1_0.is_active,
        u1_0.password_hash,
        u1_0.phone,
        u1_0.role 
    from
        users u1_0 
    where
        u1_0.id=?
2025-07-03 07:12:26.121 [pool-16-thread-4] DEBUG org.hibernate.SQL - 
    select
        u1_0.id,
        u1_0.address,
        u1_0.email,
        u1_0.full_name,
        u1_0.is_active,
        u1_0.password_hash,
        u1_0.phone,
        u1_0.role 
    from
        users u1_0 
    where
        u1_0.id=?
2025-07-03 07:12:26.121 [pool-16-thread-7] DEBUG org.hibernate.SQL - 
    select
        n1_0.id,
        n1_0.created_at,
        n1_0.deleted_at,
        n1_0.delivery_id,
        n1_0.isDeleted,
        n1_0.isRead,
        n1_0.message,
        n1_0.metadata,
        n1_0.order_id,
        n1_0.priority,
        n1_0.read_at,
        n1_0.related_entity_id,
        n1_0.restaurant_id,
        n1_0.title,
        n1_0.type,
        n1_0.userId 
    from
        notifications n1_0 
    where
        n1_0.userId=? 
        and n1_0.isDeleted=0 
    order by
        n1_0.created_at desc
Hibernate: 
    select
        n1_0.id,
        n1_0.created_at,
        n1_0.deleted_at,
        n1_0.delivery_id,
        n1_0.isDeleted,
        n1_0.isRead,
        n1_0.message,
        n1_0.metadata,
        n1_0.order_id,
        n1_0.priority,
        n1_0.read_at,
        n1_0.related_entity_id,
        n1_0.restaurant_id,
        n1_0.title,
        n1_0.type,
        n1_0.userId 
    from
        notifications n1_0 
    where
        n1_0.userId=? 
        and n1_0.isDeleted=0 
    order by
        n1_0.created_at desc
Hibernate: 
    select
        u1_0.id,
        u1_0.address,
        u1_0.email,
        u1_0.full_name,
        u1_0.is_active,
        u1_0.password_hash,
        u1_0.phone,
        u1_0.role 
    from
        users u1_0 
    where
        u1_0.id=?
2025-07-03 07:12:26.121 [pool-16-thread-8] DEBUG org.hibernate.SQL - 
    select
        n1_0.id,
        n1_0.created_at,
        n1_0.deleted_at,
        n1_0.delivery_id,
        n1_0.isDeleted,
        n1_0.isRead,
        n1_0.message,
        n1_0.metadata,
        n1_0.order_id,
        n1_0.priority,
        n1_0.read_at,
        n1_0.related_entity_id,
        n1_0.restaurant_id,
        n1_0.title,
        n1_0.type,
        n1_0.userId 
    from
        notifications n1_0 
    where
        n1_0.userId=? 
        and n1_0.isDeleted=0 
    order by
        n1_0.created_at desc
2025-07-03 07:12:26.121 [pool-16-thread-3] DEBUG org.hibernate.SQL - 
    select
        u1_0.id,
        u1_0.address,
        u1_0.email,
        u1_0.full_name,
        u1_0.is_active,
        u1_0.password_hash,
        u1_0.phone,
        u1_0.role 
    from
        users u1_0 
    where
        u1_0.id=?
Hibernate: 
    select
        n1_0.id,
        n1_0.created_at,
        n1_0.deleted_at,
        n1_0.delivery_id,
        n1_0.isDeleted,
        n1_0.isRead,
        n1_0.message,
        n1_0.metadata,
        n1_0.order_id,
        n1_0.priority,
        n1_0.read_at,
        n1_0.related_entity_id,
        n1_0.restaurant_id,
        n1_0.title,
        n1_0.type,
        n1_0.userId 
    from
        notifications n1_0 
    where
        n1_0.userId=? 
        and n1_0.isDeleted=0 
    order by
        n1_0.created_at desc
Hibernate: 
    select
        u1_0.id,
        u1_0.address,
        u1_0.email,
        u1_0.full_name,
        u1_0.is_active,
        u1_0.password_hash,
        u1_0.phone,
        u1_0.role 
    from
        users u1_0 
    where
        u1_0.id=?
2025-07-03 07:12:26.121 [pool-16-thread-6] DEBUG org.hibernate.SQL - 
    select
        u1_0.id,
        u1_0.address,
        u1_0.email,
        u1_0.full_name,
        u1_0.is_active,
        u1_0.password_hash,
        u1_0.phone,
        u1_0.role 
    from
        users u1_0 
    where
        u1_0.id=?
2025-07-03 07:12:26.121 [pool-16-thread-9] DEBUG org.hibernate.SQL - 
    select
        u1_0.id,
        u1_0.address,
        u1_0.email,
        u1_0.full_name,
        u1_0.is_active,
        u1_0.password_hash,
        u1_0.phone,
        u1_0.role 
    from
        users u1_0 
    where
        u1_0.id=?
Hibernate: 
    select
        u1_0.id,
        u1_0.address,
        u1_0.email,
        u1_0.full_name,
        u1_0.is_active,
        u1_0.password_hash,
        u1_0.phone,
        u1_0.role 
    from
        users u1_0 
    where
        u1_0.id=?
Hibernate: 
    select
        u1_0.id,
        u1_0.address,
        u1_0.email,
        u1_0.full_name,
        u1_0.is_active,
        u1_0.password_hash,
        u1_0.phone,
        u1_0.role 
    from
        users u1_0 
    where
        u1_0.id=?
2025-07-03 07:12:26.121 [pool-16-thread-4] DEBUG org.hibernate.SQL - 
    select
        n1_0.id,
        n1_0.created_at,
        n1_0.deleted_at,
        n1_0.delivery_id,
        n1_0.isDeleted,
        n1_0.isRead,
        n1_0.message,
        n1_0.metadata,
        n1_0.order_id,
        n1_0.priority,
        n1_0.read_at,
        n1_0.related_entity_id,
        n1_0.restaurant_id,
        n1_0.title,
        n1_0.type,
        n1_0.userId 
    from
        notifications n1_0 
    where
        n1_0.userId=? 
        and n1_0.isDeleted=0 
    order by
        n1_0.created_at desc
Hibernate: 
    select
        n1_0.id,
        n1_0.created_at,
        n1_0.deleted_at,
        n1_0.delivery_id,
        n1_0.isDeleted,
        n1_0.isRead,
        n1_0.message,
        n1_0.metadata,
        n1_0.order_id,
        n1_0.priority,
        n1_0.read_at,
        n1_0.related_entity_id,
        n1_0.restaurant_id,
        n1_0.title,
        n1_0.type,
        n1_0.userId 
    from
        notifications n1_0 
    where
        n1_0.userId=? 
        and n1_0.isDeleted=0 
    order by
        n1_0.created_at desc
2025-07-03 07:12:26.121 [pool-16-thread-3] DEBUG org.hibernate.SQL - 
    select
        n1_0.id,
        n1_0.created_at,
        n1_0.deleted_at,
        n1_0.delivery_id,
        n1_0.isDeleted,
        n1_0.isRead,
        n1_0.message,
        n1_0.metadata,
        n1_0.order_id,
        n1_0.priority,
        n1_0.read_at,
        n1_0.related_entity_id,
        n1_0.restaurant_id,
        n1_0.title,
        n1_0.type,
        n1_0.userId 
    from
        notifications n1_0 
    where
        n1_0.userId=? 
        and n1_0.isDeleted=0 
    order by
        n1_0.created_at desc
2025-07-03 07:12:26.121 [pool-16-thread-1] DEBUG org.hibernate.SQL - 
    select
        u1_0.id,
        u1_0.address,
        u1_0.email,
        u1_0.full_name,
        u1_0.is_active,
        u1_0.password_hash,
        u1_0.phone,
        u1_0.role 
    from
        users u1_0 
    where
        u1_0.id=?
Hibernate: 
    select
        n1_0.id,
        n1_0.created_at,
        n1_0.deleted_at,
        n1_0.delivery_id,
        n1_0.isDeleted,
        n1_0.isRead,
        n1_0.message,
        n1_0.metadata,
        n1_0.order_id,
        n1_0.priority,
        n1_0.read_at,
        n1_0.related_entity_id,
        n1_0.restaurant_id,
        n1_0.title,
        n1_0.type,
        n1_0.userId 
    from
        notifications n1_0 
    where
        n1_0.userId=? 
        and n1_0.isDeleted=0 
    order by
        n1_0.created_at desc
Hibernate: 
    select
        u1_0.id,
        u1_0.address,
        u1_0.email,
        u1_0.full_name,
        u1_0.is_active,
        u1_0.password_hash,
        u1_0.phone,
        u1_0.role 
    from
        users u1_0 
    where
        u1_0.id=?
2025-07-03 07:12:26.121 [pool-16-thread-10] DEBUG org.hibernate.SQL - 
    select
        u1_0.id,
        u1_0.address,
        u1_0.email,
        u1_0.full_name,
        u1_0.is_active,
        u1_0.password_hash,
        u1_0.phone,
        u1_0.role 
    from
        users u1_0 
    where
        u1_0.id=?
Hibernate: 
    select
        u1_0.id,
        u1_0.address,
        u1_0.email,
        u1_0.full_name,
        u1_0.is_active,
        u1_0.password_hash,
        u1_0.phone,
        u1_0.role 
    from
        users u1_0 
    where
        u1_0.id=?
2025-07-03 07:12:26.121 [pool-16-thread-2] DEBUG org.hibernate.SQL - 
    select
        u1_0.id,
        u1_0.address,
        u1_0.email,
        u1_0.full_name,
        u1_0.is_active,
        u1_0.password_hash,
        u1_0.phone,
        u1_0.role 
    from
        users u1_0 
    where
        u1_0.id=?
2025-07-03 07:12:26.121 [pool-16-thread-6] DEBUG org.hibernate.SQL - 
    select
        n1_0.id,
        n1_0.created_at,
        n1_0.deleted_at,
        n1_0.delivery_id,
        n1_0.isDeleted,
        n1_0.isRead,
        n1_0.message,
        n1_0.metadata,
        n1_0.order_id,
        n1_0.priority,
        n1_0.read_at,
        n1_0.related_entity_id,
        n1_0.restaurant_id,
        n1_0.title,
        n1_0.type,
        n1_0.userId 
    from
        notifications n1_0 
    where
        n1_0.userId=? 
        and n1_0.isDeleted=0 
    order by
        n1_0.created_at desc
Hibernate: 
    select
        u1_0.id,
        u1_0.address,
        u1_0.email,
        u1_0.full_name,
        u1_0.is_active,
        u1_0.password_hash,
        u1_0.phone,
        u1_0.role 
    from
        users u1_0 
    where
        u1_0.id=?
Hibernate: 
    select
        n1_0.id,
        n1_0.created_at,
        n1_0.deleted_at,
        n1_0.delivery_id,
        n1_0.isDeleted,
        n1_0.isRead,
        n1_0.message,
        n1_0.metadata,
        n1_0.order_id,
        n1_0.priority,
        n1_0.read_at,
        n1_0.related_entity_id,
        n1_0.restaurant_id,
        n1_0.title,
        n1_0.type,
        n1_0.userId 
    from
        notifications n1_0 
    where
        n1_0.userId=? 
        and n1_0.isDeleted=0 
    order by
        n1_0.created_at desc
2025-07-03 07:12:26.121 [pool-16-thread-9] DEBUG org.hibernate.SQL - 
    select
        n1_0.id,
        n1_0.created_at,
        n1_0.deleted_at,
        n1_0.delivery_id,
        n1_0.isDeleted,
        n1_0.isRead,
        n1_0.message,
        n1_0.metadata,
        n1_0.order_id,
        n1_0.priority,
        n1_0.read_at,
        n1_0.related_entity_id,
        n1_0.restaurant_id,
        n1_0.title,
        n1_0.type,
        n1_0.userId 
    from
        notifications n1_0 
    where
        n1_0.userId=? 
        and n1_0.isDeleted=0 
    order by
        n1_0.created_at desc
2025-07-03 07:12:26.121 [pool-16-thread-10] DEBUG org.hibernate.SQL - 
    select
        n1_0.id,
        n1_0.created_at,
        n1_0.deleted_at,
        n1_0.delivery_id,
        n1_0.isDeleted,
        n1_0.isRead,
        n1_0.message,
        n1_0.metadata,
        n1_0.order_id,
        n1_0.priority,
        n1_0.read_at,
        n1_0.related_entity_id,
        n1_0.restaurant_id,
        n1_0.title,
        n1_0.type,
        n1_0.userId 
    from
        notifications n1_0 
    where
        n1_0.userId=? 
        and n1_0.isDeleted=0 
    order by
        n1_0.created_at desc
Hibernate: 
    select
        n1_0.id,
        n1_0.created_at,
        n1_0.deleted_at,
        n1_0.delivery_id,
        n1_0.isDeleted,
        n1_0.isRead,
        n1_0.message,
        n1_0.metadata,
        n1_0.order_id,
        n1_0.priority,
        n1_0.read_at,
        n1_0.related_entity_id,
        n1_0.restaurant_id,
        n1_0.title,
        n1_0.type,
        n1_0.userId 
    from
        notifications n1_0 
    where
        n1_0.userId=? 
        and n1_0.isDeleted=0 
    order by
        n1_0.created_at desc
Hibernate: 
    select
        n1_0.id,
        n1_0.created_at,
        n1_0.deleted_at,
        n1_0.delivery_id,
        n1_0.isDeleted,
        n1_0.isRead,
        n1_0.message,
        n1_0.metadata,
        n1_0.order_id,
        n1_0.priority,
        n1_0.read_at,
        n1_0.related_entity_id,
        n1_0.restaurant_id,
        n1_0.title,
        n1_0.type,
        n1_0.userId 
    from
        notifications n1_0 
    where
        n1_0.userId=? 
        and n1_0.isDeleted=0 
    order by
        n1_0.created_at desc
2025-07-03 07:12:26.121 [pool-16-thread-1] DEBUG org.hibernate.SQL - 
    select
        n1_0.id,
        n1_0.created_at,
        n1_0.deleted_at,
        n1_0.delivery_id,
        n1_0.isDeleted,
        n1_0.isRead,
        n1_0.message,
        n1_0.metadata,
        n1_0.order_id,
        n1_0.priority,
        n1_0.read_at,
        n1_0.related_entity_id,
        n1_0.restaurant_id,
        n1_0.title,
        n1_0.type,
        n1_0.userId 
    from
        notifications n1_0 
    where
        n1_0.userId=? 
        and n1_0.isDeleted=0 
    order by
        n1_0.created_at desc
Hibernate: 
    select
        n1_0.id,
        n1_0.created_at,
        n1_0.deleted_at,
        n1_0.delivery_id,
        n1_0.isDeleted,
        n1_0.isRead,
        n1_0.message,
        n1_0.metadata,
        n1_0.order_id,
        n1_0.priority,
        n1_0.read_at,
        n1_0.related_entity_id,
        n1_0.restaurant_id,
        n1_0.title,
        n1_0.type,
        n1_0.userId 
    from
        notifications n1_0 
    where
        n1_0.userId=? 
        and n1_0.isDeleted=0 
    order by
        n1_0.created_at desc
2025-07-03 07:12:26.121 [pool-16-thread-2] DEBUG org.hibernate.SQL - 
    select
        n1_0.id,
        n1_0.created_at,
        n1_0.deleted_at,
        n1_0.delivery_id,
        n1_0.isDeleted,
        n1_0.isRead,
        n1_0.message,
        n1_0.metadata,
        n1_0.order_id,
        n1_0.priority,
        n1_0.read_at,
        n1_0.related_entity_id,
        n1_0.restaurant_id,
        n1_0.title,
        n1_0.type,
        n1_0.userId 
    from
        notifications n1_0 
    where
        n1_0.userId=? 
        and n1_0.isDeleted=0 
    order by
        n1_0.created_at desc
Hibernate: 
    select
        n1_0.id,
        n1_0.created_at,
        n1_0.deleted_at,
        n1_0.delivery_id,
        n1_0.isDeleted,
        n1_0.isRead,
        n1_0.message,
        n1_0.metadata,
        n1_0.order_id,
        n1_0.priority,
        n1_0.read_at,
        n1_0.related_entity_id,
        n1_0.restaurant_id,
        n1_0.title,
        n1_0.type,
        n1_0.userId 
    from
        notifications n1_0 
    where
        n1_0.userId=? 
        and n1_0.isDeleted=0 
    order by
        n1_0.created_at desc
2025-07-03 07:12:26.122 [pool-16-thread-8] DEBUG org.hibernate.SQL - 
    select
        u1_0.id,
        u1_0.address,
        u1_0.email,
        u1_0.full_name,
        u1_0.is_active,
        u1_0.password_hash,
        u1_0.phone,
        u1_0.role 
    from
        users u1_0 
    where
        u1_0.id=?
Hibernate: 
    select
        u1_0.id,
        u1_0.address,
        u1_0.email,
        u1_0.full_name,
        u1_0.is_active,
        u1_0.password_hash,
        u1_0.phone,
        u1_0.role 
    from
        users u1_0 
    where
        u1_0.id=?
2025-07-03 07:12:26.122 [pool-16-thread-8] DEBUG org.hibernate.SQL - 
    select
        n1_0.id,
        n1_0.created_at,
        n1_0.deleted_at,
        n1_0.delivery_id,
        n1_0.isDeleted,
        n1_0.isRead,
        n1_0.message,
        n1_0.metadata,
        n1_0.order_id,
        n1_0.priority,
        n1_0.read_at,
        n1_0.related_entity_id,
        n1_0.restaurant_id,
        n1_0.title,
        n1_0.type,
        n1_0.userId 
    from
        notifications n1_0 
    where
        n1_0.userId=? 
        and n1_0.isDeleted=0 
    order by
        n1_0.created_at desc
Hibernate: 
    select
        n1_0.id,
        n1_0.created_at,
        n1_0.deleted_at,
        n1_0.delivery_id,
        n1_0.isDeleted,
        n1_0.isRead,
        n1_0.message,
        n1_0.metadata,
        n1_0.order_id,
        n1_0.priority,
        n1_0.read_at,
        n1_0.related_entity_id,
        n1_0.restaurant_id,
        n1_0.title,
        n1_0.type,
        n1_0.userId 
    from
        notifications n1_0 
    where
        n1_0.userId=? 
        and n1_0.isDeleted=0 
    order by
        n1_0.created_at desc
2025-07-03 07:12:26.122 [pool-16-thread-5] DEBUG org.hibernate.SQL - 
    select
        u1_0.id,
        u1_0.address,
        u1_0.email,
        u1_0.full_name,
        u1_0.is_active,
        u1_0.password_hash,
        u1_0.phone,
        u1_0.role 
    from
        users u1_0 
    where
        u1_0.id=?
2025-07-03 07:12:26.122 [pool-16-thread-7] DEBUG org.hibernate.SQL - 
    select
        u1_0.id,
        u1_0.address,
        u1_0.email,
        u1_0.full_name,
        u1_0.is_active,
        u1_0.password_hash,
        u1_0.phone,
        u1_0.role 
    from
        users u1_0 
    where
        u1_0.id=?
Hibernate: 
    select
        u1_0.id,
        u1_0.address,
        u1_0.email,
        u1_0.full_name,
        u1_0.is_active,
        u1_0.password_hash,
        u1_0.phone,
        u1_0.role 
    from
        users u1_0 
    where
        u1_0.id=?
Hibernate: 
    select
        u1_0.id,
        u1_0.address,
        u1_0.email,
        u1_0.full_name,
        u1_0.is_active,
        u1_0.password_hash,
        u1_0.phone,
        u1_0.role 
    from
        users u1_0 
    where
        u1_0.id=?
2025-07-03 07:12:26.122 [pool-16-thread-7] DEBUG org.hibernate.SQL - 
    select
        n1_0.id,
        n1_0.created_at,
        n1_0.deleted_at,
        n1_0.delivery_id,
        n1_0.isDeleted,
        n1_0.isRead,
        n1_0.message,
        n1_0.metadata,
        n1_0.order_id,
        n1_0.priority,
        n1_0.read_at,
        n1_0.related_entity_id,
        n1_0.restaurant_id,
        n1_0.title,
        n1_0.type,
        n1_0.userId 
    from
        notifications n1_0 
    where
        n1_0.userId=? 
        and n1_0.isDeleted=0 
    order by
        n1_0.created_at desc
Hibernate: 
    select
        n1_0.id,
        n1_0.created_at,
        n1_0.deleted_at,
        n1_0.delivery_id,
        n1_0.isDeleted,
        n1_0.isRead,
        n1_0.message,
        n1_0.metadata,
        n1_0.order_id,
        n1_0.priority,
        n1_0.read_at,
        n1_0.related_entity_id,
        n1_0.restaurant_id,
        n1_0.title,
        n1_0.type,
        n1_0.userId 
    from
        notifications n1_0 
    where
        n1_0.userId=? 
        and n1_0.isDeleted=0 
    order by
        n1_0.created_at desc
2025-07-03 07:12:26.122 [pool-16-thread-5] DEBUG org.hibernate.SQL - 
    select
        n1_0.id,
        n1_0.created_at,
        n1_0.deleted_at,
        n1_0.delivery_id,
        n1_0.isDeleted,
        n1_0.isRead,
        n1_0.message,
        n1_0.metadata,
        n1_0.order_id,
        n1_0.priority,
        n1_0.read_at,
        n1_0.related_entity_id,
        n1_0.restaurant_id,
        n1_0.title,
        n1_0.type,
        n1_0.userId 
    from
        notifications n1_0 
    where
        n1_0.userId=? 
        and n1_0.isDeleted=0 
    order by
        n1_0.created_at desc
Hibernate: 
    select
        n1_0.id,
        n1_0.created_at,
        n1_0.deleted_at,
        n1_0.delivery_id,
        n1_0.isDeleted,
        n1_0.isRead,
        n1_0.message,
        n1_0.metadata,
        n1_0.order_id,
        n1_0.priority,
        n1_0.read_at,
        n1_0.related_entity_id,
        n1_0.restaurant_id,
        n1_0.title,
        n1_0.type,
        n1_0.userId 
    from
        notifications n1_0 
    where
        n1_0.userId=? 
        and n1_0.isDeleted=0 
    order by
        n1_0.created_at desc
2025-07-03 07:12:26.122 [pool-16-thread-4] DEBUG org.hibernate.SQL - 
    select
        u1_0.id,
        u1_0.address,
        u1_0.email,
        u1_0.full_name,
        u1_0.is_active,
        u1_0.password_hash,
        u1_0.phone,
        u1_0.role 
    from
        users u1_0 
    where
        u1_0.id=?
2025-07-03 07:12:26.122 [pool-16-thread-3] DEBUG org.hibernate.SQL - 
    select
        u1_0.id,
        u1_0.address,
        u1_0.email,
        u1_0.full_name,
        u1_0.is_active,
        u1_0.password_hash,
        u1_0.phone,
        u1_0.role 
    from
        users u1_0 
    where
        u1_0.id=?
Hibernate: 
    select
        u1_0.id,
        u1_0.address,
        u1_0.email,
        u1_0.full_name,
        u1_0.is_active,
        u1_0.password_hash,
        u1_0.phone,
        u1_0.role 
    from
        users u1_0 
    where
        u1_0.id=?
Hibernate: 
    select
        u1_0.id,
        u1_0.address,
        u1_0.email,
        u1_0.full_name,
        u1_0.is_active,
        u1_0.password_hash,
        u1_0.phone,
        u1_0.role 
    from
        users u1_0 
    where
        u1_0.id=?
2025-07-03 07:12:26.122 [pool-16-thread-4] DEBUG org.hibernate.SQL - 
    select
        n1_0.id,
        n1_0.created_at,
        n1_0.deleted_at,
        n1_0.delivery_id,
        n1_0.isDeleted,
        n1_0.isRead,
        n1_0.message,
        n1_0.metadata,
        n1_0.order_id,
        n1_0.priority,
        n1_0.read_at,
        n1_0.related_entity_id,
        n1_0.restaurant_id,
        n1_0.title,
        n1_0.type,
        n1_0.userId 
    from
        notifications n1_0 
    where
        n1_0.userId=? 
        and n1_0.isDeleted=0 
    order by
        n1_0.created_at desc
Hibernate: 
    select
        n1_0.id,
        n1_0.created_at,
        n1_0.deleted_at,
        n1_0.delivery_id,
        n1_0.isDeleted,
        n1_0.isRead,
        n1_0.message,
        n1_0.metadata,
        n1_0.order_id,
        n1_0.priority,
        n1_0.read_at,
        n1_0.related_entity_id,
        n1_0.restaurant_id,
        n1_0.title,
        n1_0.type,
        n1_0.userId 
    from
        notifications n1_0 
    where
        n1_0.userId=? 
        and n1_0.isDeleted=0 
    order by
        n1_0.created_at desc
2025-07-03 07:12:26.122 [pool-16-thread-3] DEBUG org.hibernate.SQL - 
    select
        n1_0.id,
        n1_0.created_at,
        n1_0.deleted_at,
        n1_0.delivery_id,
        n1_0.isDeleted,
        n1_0.isRead,
        n1_0.message,
        n1_0.metadata,
        n1_0.order_id,
        n1_0.priority,
        n1_0.read_at,
        n1_0.related_entity_id,
        n1_0.restaurant_id,
        n1_0.title,
        n1_0.type,
        n1_0.userId 
    from
        notifications n1_0 
    where
        n1_0.userId=? 
        and n1_0.isDeleted=0 
    order by
        n1_0.created_at desc
Hibernate: 
    select
        n1_0.id,
        n1_0.created_at,
        n1_0.deleted_at,
        n1_0.delivery_id,
        n1_0.isDeleted,
        n1_0.isRead,
        n1_0.message,
        n1_0.metadata,
        n1_0.order_id,
        n1_0.priority,
        n1_0.read_at,
        n1_0.related_entity_id,
        n1_0.restaurant_id,
        n1_0.title,
        n1_0.type,
        n1_0.userId 
    from
        notifications n1_0 
    where
        n1_0.userId=? 
        and n1_0.isDeleted=0 
    order by
        n1_0.created_at desc
2025-07-03 07:12:26.122 [pool-16-thread-6] DEBUG org.hibernate.SQL - 
    select
        u1_0.id,
        u1_0.address,
        u1_0.email,
        u1_0.full_name,
        u1_0.is_active,
        u1_0.password_hash,
        u1_0.phone,
        u1_0.role 
    from
        users u1_0 
    where
        u1_0.id=?
Hibernate: 
    select
        u1_0.id,
        u1_0.address,
        u1_0.email,
        u1_0.full_name,
        u1_0.is_active,
        u1_0.password_hash,
        u1_0.phone,
        u1_0.role 
    from
        users u1_0 
    where
        u1_0.id=?
2025-07-03 07:12:26.123 [pool-16-thread-8] DEBUG org.hibernate.SQL - 
    select
        u1_0.id,
        u1_0.address,
        u1_0.email,
        u1_0.full_name,
        u1_0.is_active,
        u1_0.password_hash,
        u1_0.phone,
        u1_0.role 
    from
        users u1_0 
    where
        u1_0.id=?
Hibernate: 
    select
        u1_0.id,
        u1_0.address,
        u1_0.email,
        u1_0.full_name,
        u1_0.is_active,
        u1_0.password_hash,
        u1_0.phone,
        u1_0.role 
    from
        users u1_0 
    where
        u1_0.id=?
2025-07-03 07:12:26.123 [pool-16-thread-9] DEBUG org.hibernate.SQL - 
    select
        u1_0.id,
        u1_0.address,
        u1_0.email,
        u1_0.full_name,
        u1_0.is_active,
        u1_0.password_hash,
        u1_0.phone,
        u1_0.role 
    from
        users u1_0 
    where
        u1_0.id=?
Hibernate: 
    select
        u1_0.id,
        u1_0.address,
        u1_0.email,
        u1_0.full_name,
        u1_0.is_active,
        u1_0.password_hash,
        u1_0.phone,
        u1_0.role 
    from
        users u1_0 
    where
        u1_0.id=?
2025-07-03 07:12:26.123 [pool-16-thread-10] DEBUG org.hibernate.SQL - 
    select
        u1_0.id,
        u1_0.address,
        u1_0.email,
        u1_0.full_name,
        u1_0.is_active,
        u1_0.password_hash,
        u1_0.phone,
        u1_0.role 
    from
        users u1_0 
    where
        u1_0.id=?
2025-07-03 07:12:26.123 [pool-16-thread-1] DEBUG org.hibernate.SQL - 
    select
        u1_0.id,
        u1_0.address,
        u1_0.email,
        u1_0.full_name,
        u1_0.is_active,
        u1_0.password_hash,
        u1_0.phone,
        u1_0.role 
    from
        users u1_0 
    where
        u1_0.id=?
Hibernate: 
    select
        u1_0.id,
        u1_0.address,
        u1_0.email,
        u1_0.full_name,
        u1_0.is_active,
        u1_0.password_hash,
        u1_0.phone,
        u1_0.role 
    from
        users u1_0 
    where
        u1_0.id=?
Hibernate: 
    select
        u1_0.id,
        u1_0.address,
        u1_0.email,
        u1_0.full_name,
        u1_0.is_active,
        u1_0.password_hash,
        u1_0.phone,
        u1_0.role 
    from
        users u1_0 
    where
        u1_0.id=?
2025-07-03 07:12:26.123 [pool-16-thread-8] DEBUG org.hibernate.SQL - 
    select
        n1_0.id,
        n1_0.created_at,
        n1_0.deleted_at,
        n1_0.delivery_id,
        n1_0.isDeleted,
        n1_0.isRead,
        n1_0.message,
        n1_0.metadata,
        n1_0.order_id,
        n1_0.priority,
        n1_0.read_at,
        n1_0.related_entity_id,
        n1_0.restaurant_id,
        n1_0.title,
        n1_0.type,
        n1_0.userId 
    from
        notifications n1_0 
    where
        n1_0.userId=? 
        and n1_0.isDeleted=0 
    order by
        n1_0.created_at desc
2025-07-03 07:12:26.123 [pool-16-thread-2] DEBUG org.hibernate.SQL - 
    select
        u1_0.id,
        u1_0.address,
        u1_0.email,
        u1_0.full_name,
        u1_0.is_active,
        u1_0.password_hash,
        u1_0.phone,
        u1_0.role 
    from
        users u1_0 
    where
        u1_0.id=?
Hibernate: 
    select
        u1_0.id,
        u1_0.address,
        u1_0.email,
        u1_0.full_name,
        u1_0.is_active,
        u1_0.password_hash,
        u1_0.phone,
        u1_0.role 
    from
        users u1_0 
    where
        u1_0.id=?
Hibernate: 
    select
        n1_0.id,
        n1_0.created_at,
        n1_0.deleted_at,
        n1_0.delivery_id,
        n1_0.isDeleted,
        n1_0.isRead,
        n1_0.message,
        n1_0.metadata,
        n1_0.order_id,
        n1_0.priority,
        n1_0.read_at,
        n1_0.related_entity_id,
        n1_0.restaurant_id,
        n1_0.title,
        n1_0.type,
        n1_0.userId 
    from
        notifications n1_0 
    where
        n1_0.userId=? 
        and n1_0.isDeleted=0 
    order by
        n1_0.created_at desc
2025-07-03 07:12:26.123 [pool-16-thread-9] DEBUG org.hibernate.SQL - 
    select
        n1_0.id,
        n1_0.created_at,
        n1_0.deleted_at,
        n1_0.delivery_id,
        n1_0.isDeleted,
        n1_0.isRead,
        n1_0.message,
        n1_0.metadata,
        n1_0.order_id,
        n1_0.priority,
        n1_0.read_at,
        n1_0.related_entity_id,
        n1_0.restaurant_id,
        n1_0.title,
        n1_0.type,
        n1_0.userId 
    from
        notifications n1_0 
    where
        n1_0.userId=? 
        and n1_0.isDeleted=0 
    order by
        n1_0.created_at desc
2025-07-03 07:12:26.123 [pool-16-thread-6] DEBUG org.hibernate.SQL - 
    select
        n1_0.id,
        n1_0.created_at,
        n1_0.deleted_at,
        n1_0.delivery_id,
        n1_0.isDeleted,
        n1_0.isRead,
        n1_0.message,
        n1_0.metadata,
        n1_0.order_id,
        n1_0.priority,
        n1_0.read_at,
        n1_0.related_entity_id,
        n1_0.restaurant_id,
        n1_0.title,
        n1_0.type,
        n1_0.userId 
    from
        notifications n1_0 
    where
        n1_0.userId=? 
        and n1_0.isDeleted=0 
    order by
        n1_0.created_at desc
Hibernate: 
    select
        n1_0.id,
        n1_0.created_at,
        n1_0.deleted_at,
        n1_0.delivery_id,
        n1_0.isDeleted,
        n1_0.isRead,
        n1_0.message,
        n1_0.metadata,
        n1_0.order_id,
        n1_0.priority,
        n1_0.read_at,
        n1_0.related_entity_id,
        n1_0.restaurant_id,
        n1_0.title,
        n1_0.type,
        n1_0.userId 
    from
        notifications n1_0 
    where
        n1_0.userId=? 
        and n1_0.isDeleted=0 
    order by
        n1_0.created_at desc
Hibernate: 
    select
        n1_0.id,
        n1_0.created_at,
        n1_0.deleted_at,
        n1_0.delivery_id,
        n1_0.isDeleted,
        n1_0.isRead,
        n1_0.message,
        n1_0.metadata,
        n1_0.order_id,
        n1_0.priority,
        n1_0.read_at,
        n1_0.related_entity_id,
        n1_0.restaurant_id,
        n1_0.title,
        n1_0.type,
        n1_0.userId 
    from
        notifications n1_0 
    where
        n1_0.userId=? 
        and n1_0.isDeleted=0 
    order by
        n1_0.created_at desc
2025-07-03 07:12:26.123 [pool-16-thread-1] DEBUG org.hibernate.SQL - 
    select
        n1_0.id,
        n1_0.created_at,
        n1_0.deleted_at,
        n1_0.delivery_id,
        n1_0.isDeleted,
        n1_0.isRead,
        n1_0.message,
        n1_0.metadata,
        n1_0.order_id,
        n1_0.priority,
        n1_0.read_at,
        n1_0.related_entity_id,
        n1_0.restaurant_id,
        n1_0.title,
        n1_0.type,
        n1_0.userId 
    from
        notifications n1_0 
    where
        n1_0.userId=? 
        and n1_0.isDeleted=0 
    order by
        n1_0.created_at desc
Hibernate: 
    select
        n1_0.id,
        n1_0.created_at,
        n1_0.deleted_at,
        n1_0.delivery_id,
        n1_0.isDeleted,
        n1_0.isRead,
        n1_0.message,
        n1_0.metadata,
        n1_0.order_id,
        n1_0.priority,
        n1_0.read_at,
        n1_0.related_entity_id,
        n1_0.restaurant_id,
        n1_0.title,
        n1_0.type,
        n1_0.userId 
    from
        notifications n1_0 
    where
        n1_0.userId=? 
        and n1_0.isDeleted=0 
    order by
        n1_0.created_at desc
2025-07-03 07:12:26.123 [pool-16-thread-10] DEBUG org.hibernate.SQL - 
    select
        n1_0.id,
        n1_0.created_at,
        n1_0.deleted_at,
        n1_0.delivery_id,
        n1_0.isDeleted,
        n1_0.isRead,
        n1_0.message,
        n1_0.metadata,
        n1_0.order_id,
        n1_0.priority,
        n1_0.read_at,
        n1_0.related_entity_id,
        n1_0.restaurant_id,
        n1_0.title,
        n1_0.type,
        n1_0.userId 
    from
        notifications n1_0 
    where
        n1_0.userId=? 
        and n1_0.isDeleted=0 
    order by
        n1_0.created_at desc
Hibernate: 
    select
        n1_0.id,
        n1_0.created_at,
        n1_0.deleted_at,
        n1_0.delivery_id,
        n1_0.isDeleted,
        n1_0.isRead,
        n1_0.message,
        n1_0.metadata,
        n1_0.order_id,
        n1_0.priority,
        n1_0.read_at,
        n1_0.related_entity_id,
        n1_0.restaurant_id,
        n1_0.title,
        n1_0.type,
        n1_0.userId 
    from
        notifications n1_0 
    where
        n1_0.userId=? 
        and n1_0.isDeleted=0 
    order by
        n1_0.created_at desc
2025-07-03 07:12:26.123 [pool-16-thread-2] DEBUG org.hibernate.SQL - 
    select
        n1_0.id,
        n1_0.created_at,
        n1_0.deleted_at,
        n1_0.delivery_id,
        n1_0.isDeleted,
        n1_0.isRead,
        n1_0.message,
        n1_0.metadata,
        n1_0.order_id,
        n1_0.priority,
        n1_0.read_at,
        n1_0.related_entity_id,
        n1_0.restaurant_id,
        n1_0.title,
        n1_0.type,
        n1_0.userId 
    from
        notifications n1_0 
    where
        n1_0.userId=? 
        and n1_0.isDeleted=0 
    order by
        n1_0.created_at desc
Hibernate: 
    select
        n1_0.id,
        n1_0.created_at,
        n1_0.deleted_at,
        n1_0.delivery_id,
        n1_0.isDeleted,
        n1_0.isRead,
        n1_0.message,
        n1_0.metadata,
        n1_0.order_id,
        n1_0.priority,
        n1_0.read_at,
        n1_0.related_entity_id,
        n1_0.restaurant_id,
        n1_0.title,
        n1_0.type,
        n1_0.userId 
    from
        notifications n1_0 
    where
        n1_0.userId=? 
        and n1_0.isDeleted=0 
    order by
        n1_0.created_at desc
2025-07-03 07:12:26.123 [pool-16-thread-7] DEBUG org.hibernate.SQL - 
    select
        u1_0.id,
        u1_0.address,
        u1_0.email,
        u1_0.full_name,
        u1_0.is_active,
        u1_0.password_hash,
        u1_0.phone,
        u1_0.role 
    from
        users u1_0 
    where
        u1_0.id=?
Hibernate: 
    select
        u1_0.id,
        u1_0.address,
        u1_0.email,
        u1_0.full_name,
        u1_0.is_active,
        u1_0.password_hash,
        u1_0.phone,
        u1_0.role 
    from
        users u1_0 
    where
        u1_0.id=?
2025-07-03 07:12:26.123 [pool-16-thread-7] DEBUG org.hibernate.SQL - 
    select
        n1_0.id,
        n1_0.created_at,
        n1_0.deleted_at,
        n1_0.delivery_id,
        n1_0.isDeleted,
        n1_0.isRead,
        n1_0.message,
        n1_0.metadata,
        n1_0.order_id,
        n1_0.priority,
        n1_0.read_at,
        n1_0.related_entity_id,
        n1_0.restaurant_id,
        n1_0.title,
        n1_0.type,
        n1_0.userId 
    from
        notifications n1_0 
    where
        n1_0.userId=? 
        and n1_0.isDeleted=0 
    order by
        n1_0.created_at desc
Hibernate: 
    select
        n1_0.id,
        n1_0.created_at,
        n1_0.deleted_at,
        n1_0.delivery_id,
        n1_0.isDeleted,
        n1_0.isRead,
        n1_0.message,
        n1_0.metadata,
        n1_0.order_id,
        n1_0.priority,
        n1_0.read_at,
        n1_0.related_entity_id,
        n1_0.restaurant_id,
        n1_0.title,
        n1_0.type,
        n1_0.userId 
    from
        notifications n1_0 
    where
        n1_0.userId=? 
        and n1_0.isDeleted=0 
    order by
        n1_0.created_at desc
2025-07-03 07:12:26.123 [pool-16-thread-3] DEBUG org.hibernate.SQL - 
    select
        u1_0.id,
        u1_0.address,
        u1_0.email,
        u1_0.full_name,
        u1_0.is_active,
        u1_0.password_hash,
        u1_0.phone,
        u1_0.role 
    from
        users u1_0 
    where
        u1_0.id=?
Hibernate: 
    select
        u1_0.id,
        u1_0.address,
        u1_0.email,
        u1_0.full_name,
        u1_0.is_active,
        u1_0.password_hash,
        u1_0.phone,
        u1_0.role 
    from
        users u1_0 
    where
        u1_0.id=?
2025-07-03 07:12:26.123 [pool-16-thread-3] DEBUG org.hibernate.SQL - 
    select
        n1_0.id,
        n1_0.created_at,
        n1_0.deleted_at,
        n1_0.delivery_id,
        n1_0.isDeleted,
        n1_0.isRead,
        n1_0.message,
        n1_0.metadata,
        n1_0.order_id,
        n1_0.priority,
        n1_0.read_at,
        n1_0.related_entity_id,
        n1_0.restaurant_id,
        n1_0.title,
        n1_0.type,
        n1_0.userId 
    from
        notifications n1_0 
    where
        n1_0.userId=? 
        and n1_0.isDeleted=0 
    order by
        n1_0.created_at desc
2025-07-03 07:12:26.123 [pool-16-thread-5] DEBUG org.hibernate.SQL - 
    select
        u1_0.id,
        u1_0.address,
        u1_0.email,
        u1_0.full_name,
        u1_0.is_active,
        u1_0.password_hash,
        u1_0.phone,
        u1_0.role 
    from
        users u1_0 
    where
        u1_0.id=?
Hibernate: 
    select
        n1_0.id,
        n1_0.created_at,
        n1_0.deleted_at,
        n1_0.delivery_id,
        n1_0.isDeleted,
        n1_0.isRead,
        n1_0.message,
        n1_0.metadata,
        n1_0.order_id,
        n1_0.priority,
        n1_0.read_at,
        n1_0.related_entity_id,
        n1_0.restaurant_id,
        n1_0.title,
        n1_0.type,
        n1_0.userId 
    from
        notifications n1_0 
    where
        n1_0.userId=? 
        and n1_0.isDeleted=0 
    order by
        n1_0.created_at desc
2025-07-03 07:12:26.123 [pool-16-thread-4] DEBUG org.hibernate.SQL - 
    select
        u1_0.id,
        u1_0.address,
        u1_0.email,
        u1_0.full_name,
        u1_0.is_active,
        u1_0.password_hash,
        u1_0.phone,
        u1_0.role 
    from
        users u1_0 
    where
        u1_0.id=?
Hibernate: 
    select
        u1_0.id,
        u1_0.address,
        u1_0.email,
        u1_0.full_name,
        u1_0.is_active,
        u1_0.password_hash,
        u1_0.phone,
        u1_0.role 
    from
        users u1_0 
    where
        u1_0.id=?
Hibernate: 
    select
        u1_0.id,
        u1_0.address,
        u1_0.email,
        u1_0.full_name,
        u1_0.is_active,
        u1_0.password_hash,
        u1_0.phone,
        u1_0.role 
    from
        users u1_0 
    where
        u1_0.id=?
2025-07-03 07:12:26.123 [pool-16-thread-8] DEBUG org.hibernate.SQL - 
    select
        u1_0.id,
        u1_0.address,
        u1_0.email,
        u1_0.full_name,
        u1_0.is_active,
        u1_0.password_hash,
        u1_0.phone,
        u1_0.role 
    from
        users u1_0 
    where
        u1_0.id=?
Hibernate: 
    select
        u1_0.id,
        u1_0.address,
        u1_0.email,
        u1_0.full_name,
        u1_0.is_active,
        u1_0.password_hash,
        u1_0.phone,
        u1_0.role 
    from
        users u1_0 
    where
        u1_0.id=?
2025-07-03 07:12:26.123 [pool-16-thread-9] DEBUG org.hibernate.SQL - 
    select
        u1_0.id,
        u1_0.address,
        u1_0.email,
        u1_0.full_name,
        u1_0.is_active,
        u1_0.password_hash,
        u1_0.phone,
        u1_0.role 
    from
        users u1_0 
    where
        u1_0.id=?
Hibernate: 
    select
        u1_0.id,
        u1_0.address,
        u1_0.email,
        u1_0.full_name,
        u1_0.is_active,
        u1_0.password_hash,
        u1_0.phone,
        u1_0.role 
    from
        users u1_0 
    where
        u1_0.id=?
2025-07-03 07:12:26.124 [pool-16-thread-4] DEBUG org.hibernate.SQL - 
    select
        n1_0.id,
        n1_0.created_at,
        n1_0.deleted_at,
        n1_0.delivery_id,
        n1_0.isDeleted,
        n1_0.isRead,
        n1_0.message,
        n1_0.metadata,
        n1_0.order_id,
        n1_0.priority,
        n1_0.read_at,
        n1_0.related_entity_id,
        n1_0.restaurant_id,
        n1_0.title,
        n1_0.type,
        n1_0.userId 
    from
        notifications n1_0 
    where
        n1_0.userId=? 
        and n1_0.isDeleted=0 
    order by
        n1_0.created_at desc
Hibernate: 
    select
        n1_0.id,
        n1_0.created_at,
        n1_0.deleted_at,
        n1_0.delivery_id,
        n1_0.isDeleted,
        n1_0.isRead,
        n1_0.message,
        n1_0.metadata,
        n1_0.order_id,
        n1_0.priority,
        n1_0.read_at,
        n1_0.related_entity_id,
        n1_0.restaurant_id,
        n1_0.title,
        n1_0.type,
        n1_0.userId 
    from
        notifications n1_0 
    where
        n1_0.userId=? 
        and n1_0.isDeleted=0 
    order by
        n1_0.created_at desc
2025-07-03 07:12:26.124 [pool-16-thread-5] DEBUG org.hibernate.SQL - 
    select
        n1_0.id,
        n1_0.created_at,
        n1_0.deleted_at,
        n1_0.delivery_id,
        n1_0.isDeleted,
        n1_0.isRead,
        n1_0.message,
        n1_0.metadata,
        n1_0.order_id,
        n1_0.priority,
        n1_0.read_at,
        n1_0.related_entity_id,
        n1_0.restaurant_id,
        n1_0.title,
        n1_0.type,
        n1_0.userId 
    from
        notifications n1_0 
    where
        n1_0.userId=? 
        and n1_0.isDeleted=0 
    order by
        n1_0.created_at desc
Hibernate: 
    select
        n1_0.id,
        n1_0.created_at,
        n1_0.deleted_at,
        n1_0.delivery_id,
        n1_0.isDeleted,
        n1_0.isRead,
        n1_0.message,
        n1_0.metadata,
        n1_0.order_id,
        n1_0.priority,
        n1_0.read_at,
        n1_0.related_entity_id,
        n1_0.restaurant_id,
        n1_0.title,
        n1_0.type,
        n1_0.userId 
    from
        notifications n1_0 
    where
        n1_0.userId=? 
        and n1_0.isDeleted=0 
    order by
        n1_0.created_at desc
2025-07-03 07:12:26.124 [pool-16-thread-9] DEBUG org.hibernate.SQL - 
    select
        n1_0.id,
        n1_0.created_at,
        n1_0.deleted_at,
        n1_0.delivery_id,
        n1_0.isDeleted,
        n1_0.isRead,
        n1_0.message,
        n1_0.metadata,
        n1_0.order_id,
        n1_0.priority,
        n1_0.read_at,
        n1_0.related_entity_id,
        n1_0.restaurant_id,
        n1_0.title,
        n1_0.type,
        n1_0.userId 
    from
        notifications n1_0 
    where
        n1_0.userId=? 
        and n1_0.isDeleted=0 
    order by
        n1_0.created_at desc
2025-07-03 07:12:26.124 [pool-16-thread-8] DEBUG org.hibernate.SQL - 
    select
        n1_0.id,
        n1_0.created_at,
        n1_0.deleted_at,
        n1_0.delivery_id,
        n1_0.isDeleted,
        n1_0.isRead,
        n1_0.message,
        n1_0.metadata,
        n1_0.order_id,
        n1_0.priority,
        n1_0.read_at,
        n1_0.related_entity_id,
        n1_0.restaurant_id,
        n1_0.title,
        n1_0.type,
        n1_0.userId 
    from
        notifications n1_0 
    where
        n1_0.userId=? 
        and n1_0.isDeleted=0 
    order by
        n1_0.created_at desc
Hibernate: 
    select
        n1_0.id,
        n1_0.created_at,
        n1_0.deleted_at,
        n1_0.delivery_id,
        n1_0.isDeleted,
        n1_0.isRead,
        n1_0.message,
        n1_0.metadata,
        n1_0.order_id,
        n1_0.priority,
        n1_0.read_at,
        n1_0.related_entity_id,
        n1_0.restaurant_id,
        n1_0.title,
        n1_0.type,
        n1_0.userId 
    from
        notifications n1_0 
    where
        n1_0.userId=? 
        and n1_0.isDeleted=0 
    order by
        n1_0.created_at desc
Hibernate: 
    select
        n1_0.id,
        n1_0.created_at,
        n1_0.deleted_at,
        n1_0.delivery_id,
        n1_0.isDeleted,
        n1_0.isRead,
        n1_0.message,
        n1_0.metadata,
        n1_0.order_id,
        n1_0.priority,
        n1_0.read_at,
        n1_0.related_entity_id,
        n1_0.restaurant_id,
        n1_0.title,
        n1_0.type,
        n1_0.userId 
    from
        notifications n1_0 
    where
        n1_0.userId=? 
        and n1_0.isDeleted=0 
    order by
        n1_0.created_at desc
2025-07-03 07:12:26.124 [pool-16-thread-6] DEBUG org.hibernate.SQL - 
    select
        u1_0.id,
        u1_0.address,
        u1_0.email,
        u1_0.full_name,
        u1_0.is_active,
        u1_0.password_hash,
        u1_0.phone,
        u1_0.role 
    from
        users u1_0 
    where
        u1_0.id=?
Hibernate: 
    select
        u1_0.id,
        u1_0.address,
        u1_0.email,
        u1_0.full_name,
        u1_0.is_active,
        u1_0.password_hash,
        u1_0.phone,
        u1_0.role 
    from
        users u1_0 
    where
        u1_0.id=?
2025-07-03 07:12:26.124 [pool-16-thread-6] DEBUG org.hibernate.SQL - 
    select
        n1_0.id,
        n1_0.created_at,
        n1_0.deleted_at,
        n1_0.delivery_id,
        n1_0.isDeleted,
        n1_0.isRead,
        n1_0.message,
        n1_0.metadata,
        n1_0.order_id,
        n1_0.priority,
        n1_0.read_at,
        n1_0.related_entity_id,
        n1_0.restaurant_id,
        n1_0.title,
        n1_0.type,
        n1_0.userId 
    from
        notifications n1_0 
    where
        n1_0.userId=? 
        and n1_0.isDeleted=0 
    order by
        n1_0.created_at desc
Hibernate: 
    select
        n1_0.id,
        n1_0.created_at,
        n1_0.deleted_at,
        n1_0.delivery_id,
        n1_0.isDeleted,
        n1_0.isRead,
        n1_0.message,
        n1_0.metadata,
        n1_0.order_id,
        n1_0.priority,
        n1_0.read_at,
        n1_0.related_entity_id,
        n1_0.restaurant_id,
        n1_0.title,
        n1_0.type,
        n1_0.userId 
    from
        notifications n1_0 
    where
        n1_0.userId=? 
        and n1_0.isDeleted=0 
    order by
        n1_0.created_at desc
2025-07-03 07:12:26.125 [main] DEBUG org.hibernate.SQL - 
    select
        u1_0.id,
        u1_0.address,
        u1_0.email,
        u1_0.full_name,
        u1_0.is_active,
        u1_0.password_hash,
        u1_0.phone,
        u1_0.role 
    from
        users u1_0 
    where
        u1_0.id=?
Hibernate: 
    select
        u1_0.id,
        u1_0.address,
        u1_0.email,
        u1_0.full_name,
        u1_0.is_active,
        u1_0.password_hash,
        u1_0.phone,
        u1_0.role 
    from
        users u1_0 
    where
        u1_0.id=?
2025-07-03 07:12:26.125 [main] DEBUG org.hibernate.SQL - 
    select
        n1_0.id,
        n1_0.created_at,
        n1_0.deleted_at,
        n1_0.delivery_id,
        n1_0.isDeleted,
        n1_0.isRead,
        n1_0.message,
        n1_0.metadata,
        n1_0.order_id,
        n1_0.priority,
        n1_0.read_at,
        n1_0.related_entity_id,
        n1_0.restaurant_id,
        n1_0.title,
        n1_0.type,
        n1_0.userId 
    from
        notifications n1_0 
    where
        n1_0.userId=? 
        and n1_0.isDeleted=0 
    order by
        n1_0.created_at desc
Hibernate: 
    select
        n1_0.id,
        n1_0.created_at,
        n1_0.deleted_at,
        n1_0.delivery_id,
        n1_0.isDeleted,
        n1_0.isRead,
        n1_0.message,
        n1_0.metadata,
        n1_0.order_id,
        n1_0.priority,
        n1_0.read_at,
        n1_0.related_entity_id,
        n1_0.restaurant_id,
        n1_0.title,
        n1_0.type,
        n1_0.userId 
    from
        notifications n1_0 
    where
        n1_0.userId=? 
        and n1_0.isDeleted=0 
    order by
        n1_0.created_at desc
Final notification count: 72
]]></system-out>
  </testcase>
</testsuite>