<?xml version="1.0" encoding="UTF-8"?>
<testsuite xmlns:xsi="http://www.w3.org/2001/XMLSchema-instance" xsi:noNamespaceSchemaLocation="https://maven.apache.org/surefire/maven-surefire-plugin/xsd/surefire-test-report-3.0.xsd" version="3.0" name="com.myapp.payment.PaymentEdgeCaseTest$PaymentMethodValidationTests" time="1.379" tests="17" errors="0" skipped="0" failures="0">
  <properties>
    <property name="java.specification.version" value="17"/>
    <property name="sun.cpu.isalist" value="amd64"/>
    <property name="sun.jnu.encoding" value="Cp1252"/>
    <property name="java.class.path" value="C:\Users\USER\Desktop\work space\food-ordering-project\backend\target\test-classes;C:\Users\USER\Desktop\work space\food-ordering-project\backend\target\classes;C:\Users\USER\.m2\repository\org\hibernate\orm\hibernate-core\6.4.0.Final\hibernate-core-6.4.0.Final.jar;C:\Users\USER\.m2\repository\jakarta\persistence\jakarta.persistence-api\3.1.0\jakarta.persistence-api-3.1.0.jar;C:\Users\USER\.m2\repository\jakarta\transaction\jakarta.transaction-api\2.0.1\jakarta.transaction-api-2.0.1.jar;C:\Users\USER\.m2\repository\org\jboss\logging\jboss-logging\3.5.0.Final\jboss-logging-3.5.0.Final.jar;C:\Users\USER\.m2\repository\org\hibernate\common\hibernate-commons-annotations\6.0.6.Final\hibernate-commons-annotations-6.0.6.Final.jar;C:\Users\USER\.m2\repository\io\smallrye\jandex\3.1.2\jandex-3.1.2.jar;C:\Users\USER\.m2\repository\com\fasterxml\classmate\1.5.1\classmate-1.5.1.jar;C:\Users\USER\.m2\repository\net\bytebuddy\byte-buddy\1.14.7\byte-buddy-1.14.7.jar;C:\Users\USER\.m2\repository\jakarta\xml\bind\jakarta.xml.bind-api\4.0.0\jakarta.xml.bind-api-4.0.0.jar;C:\Users\USER\.m2\repository\jakarta\activation\jakarta.activation-api\2.1.0\jakarta.activation-api-2.1.0.jar;C:\Users\USER\.m2\repository\org\glassfish\jaxb\jaxb-runtime\4.0.2\jaxb-runtime-4.0.2.jar;C:\Users\USER\.m2\repository\org\glassfish\jaxb\jaxb-core\4.0.2\jaxb-core-4.0.2.jar;C:\Users\USER\.m2\repository\org\eclipse\angus\angus-activation\2.0.0\angus-activation-2.0.0.jar;C:\Users\USER\.m2\repository\org\glassfish\jaxb\txw2\4.0.2\txw2-4.0.2.jar;C:\Users\USER\.m2\repository\com\sun\istack\istack-commons-runtime\4.1.1\istack-commons-runtime-4.1.1.jar;C:\Users\USER\.m2\repository\jakarta\inject\jakarta.inject-api\2.0.1\jakarta.inject-api-2.0.1.jar;C:\Users\USER\.m2\repository\org\antlr\antlr4-runtime\4.13.0\antlr4-runtime-4.13.0.jar;C:\Users\USER\.m2\repository\org\hibernate\orm\hibernate-community-dialects\6.2.13.Final\hibernate-community-dialects-6.2.13.Final.jar;C:\Users\USER\.m2\repository\org\xerial\sqlite-jdbc\3.44.0.0\sqlite-jdbc-3.44.0.0.jar;C:\Users\USER\.m2\repository\com\fasterxml\jackson\core\jackson-core\2.15.2\jackson-core-2.15.2.jar;C:\Users\USER\.m2\repository\com\fasterxml\jackson\core\jackson-databind\2.15.2\jackson-databind-2.15.2.jar;C:\Users\USER\.m2\repository\com\fasterxml\jackson\core\jackson-annotations\2.15.2\jackson-annotations-2.15.2.jar;C:\Users\USER\.m2\repository\org\slf4j\slf4j-api\2.0.9\slf4j-api-2.0.9.jar;C:\Users\USER\.m2\repository\ch\qos\logback\logback-classic\1.4.11\logback-classic-1.4.11.jar;C:\Users\USER\.m2\repository\ch\qos\logback\logback-core\1.4.11\logback-core-1.4.11.jar;C:\Users\USER\.m2\repository\org\mindrot\jbcrypt\0.4\jbcrypt-0.4.jar;C:\Users\USER\.m2\repository\io\jsonwebtoken\jjwt-api\0.12.3\jjwt-api-0.12.3.jar;C:\Users\USER\.m2\repository\io\jsonwebtoken\jjwt-impl\0.12.3\jjwt-impl-0.12.3.jar;C:\Users\USER\.m2\repository\io\jsonwebtoken\jjwt-jackson\0.12.3\jjwt-jackson-0.12.3.jar;C:\Users\USER\.m2\repository\org\junit\jupiter\junit-jupiter\5.10.0\junit-jupiter-5.10.0.jar;C:\Users\USER\.m2\repository\org\junit\jupiter\junit-jupiter-api\5.10.0\junit-jupiter-api-5.10.0.jar;C:\Users\USER\.m2\repository\org\opentest4j\opentest4j\1.3.0\opentest4j-1.3.0.jar;C:\Users\USER\.m2\repository\org\junit\platform\junit-platform-commons\1.10.0\junit-platform-commons-1.10.0.jar;C:\Users\USER\.m2\repository\org\apiguardian\apiguardian-api\1.1.2\apiguardian-api-1.1.2.jar;C:\Users\USER\.m2\repository\org\junit\jupiter\junit-jupiter-params\5.10.0\junit-jupiter-params-5.10.0.jar;C:\Users\USER\.m2\repository\org\junit\jupiter\junit-jupiter-engine\5.10.0\junit-jupiter-engine-5.10.0.jar;C:\Users\USER\.m2\repository\org\junit\platform\junit-platform-engine\1.10.0\junit-platform-engine-1.10.0.jar;C:\Users\USER\.m2\repository\org\mockito\mockito-core\5.7.0\mockito-core-5.7.0.jar;C:\Users\USER\.m2\repository\net\bytebuddy\byte-buddy-agent\1.14.9\byte-buddy-agent-1.14.9.jar;C:\Users\USER\.m2\repository\org\objenesis\objenesis\3.3\objenesis-3.3.jar;C:\Users\USER\.m2\repository\org\assertj\assertj-core\3.24.2\assertj-core-3.24.2.jar;C:\Users\USER\.m2\repository\com\h2database\h2\2.2.224\h2-2.2.224.jar;C:\Users\USER\.m2\repository\org\testcontainers\junit-jupiter\1.19.3\junit-jupiter-1.19.3.jar;C:\Users\USER\.m2\repository\org\testcontainers\testcontainers\1.19.3\testcontainers-1.19.3.jar;C:\Users\USER\.m2\repository\junit\junit\4.13.2\junit-4.13.2.jar;C:\Users\USER\.m2\repository\org\hamcrest\hamcrest-core\1.3\hamcrest-core-1.3.jar;C:\Users\USER\.m2\repository\org\apache\commons\commons-compress\1.24.0\commons-compress-1.24.0.jar;C:\Users\USER\.m2\repository\org\rnorth\duct-tape\duct-tape\1.0.8\duct-tape-1.0.8.jar;C:\Users\USER\.m2\repository\org\jetbrains\annotations\17.0.0\annotations-17.0.0.jar;C:\Users\USER\.m2\repository\com\github\docker-java\docker-java-api\3.3.4\docker-java-api-3.3.4.jar;C:\Users\USER\.m2\repository\com\github\docker-java\docker-java-transport-zerodep\3.3.4\docker-java-transport-zerodep-3.3.4.jar;C:\Users\USER\.m2\repository\com\github\docker-java\docker-java-transport\3.3.4\docker-java-transport-3.3.4.jar;C:\Users\USER\.m2\repository\net\java\dev\jna\jna\5.13.0\jna-5.13.0.jar;C:\Users\USER\.m2\repository\com\squareup\okhttp3\mockwebserver\4.11.0\mockwebserver-4.11.0.jar;C:\Users\USER\.m2\repository\com\squareup\okhttp3\okhttp\4.11.0\okhttp-4.11.0.jar;C:\Users\USER\.m2\repository\com\squareup\okio\okio\3.2.0\okio-3.2.0.jar;C:\Users\USER\.m2\repository\com\squareup\okio\okio-jvm\3.2.0\okio-jvm-3.2.0.jar;C:\Users\USER\.m2\repository\org\jetbrains\kotlin\kotlin-stdlib\1.6.20\kotlin-stdlib-1.6.20.jar;C:\Users\USER\.m2\repository\org\jetbrains\kotlin\kotlin-stdlib-common\1.6.20\kotlin-stdlib-common-1.6.20.jar;C:\Users\USER\.m2\repository\org\jetbrains\kotlin\kotlin-stdlib-jdk8\1.6.10\kotlin-stdlib-jdk8-1.6.10.jar;C:\Users\USER\.m2\repository\org\jetbrains\kotlin\kotlin-stdlib-jdk7\1.6.10\kotlin-stdlib-jdk7-1.6.10.jar;C:\Users\USER\.m2\repository\com\fasterxml\jackson\datatype\jackson-datatype-jsr310\2.15.2\jackson-datatype-jsr310-2.15.2.jar;"/>
    <property name="java.vm.vendor" value="Eclipse Adoptium"/>
    <property name="sun.arch.data.model" value="64"/>
    <property name="user.variant" value=""/>
    <property name="java.vendor.url" value="https://adoptium.net/"/>
    <property name="user.timezone" value="Asia/Tehran"/>
    <property name="os.name" value="Windows 11"/>
    <property name="java.vm.specification.version" value="17"/>
    <property name="sun.java.launcher" value="SUN_STANDARD"/>
    <property name="user.country" value="US"/>
    <property name="sun.boot.library.path" value="C:\Program Files\Eclipse Adoptium\jdk-17.0.14.7-hotspot\bin"/>
    <property name="sun.java.command" value="C:\Users\USER\AppData\Local\Temp\surefire8236851155724109824\surefirebooter-20250703070855672_3.jar C:\Users\USER\AppData\Local\Temp\surefire8236851155724109824 2025-07-03T07-08-55_112-jvmRun1 surefire-20250703070855672_1tmp surefire_0-20250703070855672_2tmp"/>
    <property name="jdk.debug" value="release"/>
    <property name="surefire.test.class.path" value="C:\Users\USER\Desktop\work space\food-ordering-project\backend\target\test-classes;C:\Users\USER\Desktop\work space\food-ordering-project\backend\target\classes;C:\Users\USER\.m2\repository\org\hibernate\orm\hibernate-core\6.4.0.Final\hibernate-core-6.4.0.Final.jar;C:\Users\USER\.m2\repository\jakarta\persistence\jakarta.persistence-api\3.1.0\jakarta.persistence-api-3.1.0.jar;C:\Users\USER\.m2\repository\jakarta\transaction\jakarta.transaction-api\2.0.1\jakarta.transaction-api-2.0.1.jar;C:\Users\USER\.m2\repository\org\jboss\logging\jboss-logging\3.5.0.Final\jboss-logging-3.5.0.Final.jar;C:\Users\USER\.m2\repository\org\hibernate\common\hibernate-commons-annotations\6.0.6.Final\hibernate-commons-annotations-6.0.6.Final.jar;C:\Users\USER\.m2\repository\io\smallrye\jandex\3.1.2\jandex-3.1.2.jar;C:\Users\USER\.m2\repository\com\fasterxml\classmate\1.5.1\classmate-1.5.1.jar;C:\Users\USER\.m2\repository\net\bytebuddy\byte-buddy\1.14.7\byte-buddy-1.14.7.jar;C:\Users\USER\.m2\repository\jakarta\xml\bind\jakarta.xml.bind-api\4.0.0\jakarta.xml.bind-api-4.0.0.jar;C:\Users\USER\.m2\repository\jakarta\activation\jakarta.activation-api\2.1.0\jakarta.activation-api-2.1.0.jar;C:\Users\USER\.m2\repository\org\glassfish\jaxb\jaxb-runtime\4.0.2\jaxb-runtime-4.0.2.jar;C:\Users\USER\.m2\repository\org\glassfish\jaxb\jaxb-core\4.0.2\jaxb-core-4.0.2.jar;C:\Users\USER\.m2\repository\org\eclipse\angus\angus-activation\2.0.0\angus-activation-2.0.0.jar;C:\Users\USER\.m2\repository\org\glassfish\jaxb\txw2\4.0.2\txw2-4.0.2.jar;C:\Users\USER\.m2\repository\com\sun\istack\istack-commons-runtime\4.1.1\istack-commons-runtime-4.1.1.jar;C:\Users\USER\.m2\repository\jakarta\inject\jakarta.inject-api\2.0.1\jakarta.inject-api-2.0.1.jar;C:\Users\USER\.m2\repository\org\antlr\antlr4-runtime\4.13.0\antlr4-runtime-4.13.0.jar;C:\Users\USER\.m2\repository\org\hibernate\orm\hibernate-community-dialects\6.2.13.Final\hibernate-community-dialects-6.2.13.Final.jar;C:\Users\USER\.m2\repository\org\xerial\sqlite-jdbc\3.44.0.0\sqlite-jdbc-3.44.0.0.jar;C:\Users\USER\.m2\repository\com\fasterxml\jackson\core\jackson-core\2.15.2\jackson-core-2.15.2.jar;C:\Users\USER\.m2\repository\com\fasterxml\jackson\core\jackson-databind\2.15.2\jackson-databind-2.15.2.jar;C:\Users\USER\.m2\repository\com\fasterxml\jackson\core\jackson-annotations\2.15.2\jackson-annotations-2.15.2.jar;C:\Users\USER\.m2\repository\org\slf4j\slf4j-api\2.0.9\slf4j-api-2.0.9.jar;C:\Users\USER\.m2\repository\ch\qos\logback\logback-classic\1.4.11\logback-classic-1.4.11.jar;C:\Users\USER\.m2\repository\ch\qos\logback\logback-core\1.4.11\logback-core-1.4.11.jar;C:\Users\USER\.m2\repository\org\mindrot\jbcrypt\0.4\jbcrypt-0.4.jar;C:\Users\USER\.m2\repository\io\jsonwebtoken\jjwt-api\0.12.3\jjwt-api-0.12.3.jar;C:\Users\USER\.m2\repository\io\jsonwebtoken\jjwt-impl\0.12.3\jjwt-impl-0.12.3.jar;C:\Users\USER\.m2\repository\io\jsonwebtoken\jjwt-jackson\0.12.3\jjwt-jackson-0.12.3.jar;C:\Users\USER\.m2\repository\org\junit\jupiter\junit-jupiter\5.10.0\junit-jupiter-5.10.0.jar;C:\Users\USER\.m2\repository\org\junit\jupiter\junit-jupiter-api\5.10.0\junit-jupiter-api-5.10.0.jar;C:\Users\USER\.m2\repository\org\opentest4j\opentest4j\1.3.0\opentest4j-1.3.0.jar;C:\Users\USER\.m2\repository\org\junit\platform\junit-platform-commons\1.10.0\junit-platform-commons-1.10.0.jar;C:\Users\USER\.m2\repository\org\apiguardian\apiguardian-api\1.1.2\apiguardian-api-1.1.2.jar;C:\Users\USER\.m2\repository\org\junit\jupiter\junit-jupiter-params\5.10.0\junit-jupiter-params-5.10.0.jar;C:\Users\USER\.m2\repository\org\junit\jupiter\junit-jupiter-engine\5.10.0\junit-jupiter-engine-5.10.0.jar;C:\Users\USER\.m2\repository\org\junit\platform\junit-platform-engine\1.10.0\junit-platform-engine-1.10.0.jar;C:\Users\USER\.m2\repository\org\mockito\mockito-core\5.7.0\mockito-core-5.7.0.jar;C:\Users\USER\.m2\repository\net\bytebuddy\byte-buddy-agent\1.14.9\byte-buddy-agent-1.14.9.jar;C:\Users\USER\.m2\repository\org\objenesis\objenesis\3.3\objenesis-3.3.jar;C:\Users\USER\.m2\repository\org\assertj\assertj-core\3.24.2\assertj-core-3.24.2.jar;C:\Users\USER\.m2\repository\com\h2database\h2\2.2.224\h2-2.2.224.jar;C:\Users\USER\.m2\repository\org\testcontainers\junit-jupiter\1.19.3\junit-jupiter-1.19.3.jar;C:\Users\USER\.m2\repository\org\testcontainers\testcontainers\1.19.3\testcontainers-1.19.3.jar;C:\Users\USER\.m2\repository\junit\junit\4.13.2\junit-4.13.2.jar;C:\Users\USER\.m2\repository\org\hamcrest\hamcrest-core\1.3\hamcrest-core-1.3.jar;C:\Users\USER\.m2\repository\org\apache\commons\commons-compress\1.24.0\commons-compress-1.24.0.jar;C:\Users\USER\.m2\repository\org\rnorth\duct-tape\duct-tape\1.0.8\duct-tape-1.0.8.jar;C:\Users\USER\.m2\repository\org\jetbrains\annotations\17.0.0\annotations-17.0.0.jar;C:\Users\USER\.m2\repository\com\github\docker-java\docker-java-api\3.3.4\docker-java-api-3.3.4.jar;C:\Users\USER\.m2\repository\com\github\docker-java\docker-java-transport-zerodep\3.3.4\docker-java-transport-zerodep-3.3.4.jar;C:\Users\USER\.m2\repository\com\github\docker-java\docker-java-transport\3.3.4\docker-java-transport-3.3.4.jar;C:\Users\USER\.m2\repository\net\java\dev\jna\jna\5.13.0\jna-5.13.0.jar;C:\Users\USER\.m2\repository\com\squareup\okhttp3\mockwebserver\4.11.0\mockwebserver-4.11.0.jar;C:\Users\USER\.m2\repository\com\squareup\okhttp3\okhttp\4.11.0\okhttp-4.11.0.jar;C:\Users\USER\.m2\repository\com\squareup\okio\okio\3.2.0\okio-3.2.0.jar;C:\Users\USER\.m2\repository\com\squareup\okio\okio-jvm\3.2.0\okio-jvm-3.2.0.jar;C:\Users\USER\.m2\repository\org\jetbrains\kotlin\kotlin-stdlib\1.6.20\kotlin-stdlib-1.6.20.jar;C:\Users\USER\.m2\repository\org\jetbrains\kotlin\kotlin-stdlib-common\1.6.20\kotlin-stdlib-common-1.6.20.jar;C:\Users\USER\.m2\repository\org\jetbrains\kotlin\kotlin-stdlib-jdk8\1.6.10\kotlin-stdlib-jdk8-1.6.10.jar;C:\Users\USER\.m2\repository\org\jetbrains\kotlin\kotlin-stdlib-jdk7\1.6.10\kotlin-stdlib-jdk7-1.6.10.jar;C:\Users\USER\.m2\repository\com\fasterxml\jackson\datatype\jackson-datatype-jsr310\2.15.2\jackson-datatype-jsr310-2.15.2.jar;"/>
    <property name="sun.cpu.endian" value="little"/>
    <property name="user.home" value="C:\Users\USER"/>
    <property name="user.language" value="en"/>
    <property name="java.specification.vendor" value="Oracle Corporation"/>
    <property name="java.version.date" value="2025-01-21"/>
    <property name="java.home" value="C:\Program Files\Eclipse Adoptium\jdk-17.0.14.7-hotspot"/>
    <property name="spring.profiles.active" value="test"/>
    <property name="file.separator" value="\"/>
    <property name="basedir" value="C:\Users\USER\Desktop\work space\food-ordering-project\backend"/>
    <property name="java.vm.compressedOopsMode" value="32-bit"/>
    <property name="line.separator" value="&#10;"/>
    <property name="java.vm.specification.vendor" value="Oracle Corporation"/>
    <property name="java.specification.name" value="Java Platform API Specification"/>
    <property name="java.awt.headless" value="true"/>
    <property name="surefire.real.class.path" value="C:\Users\USER\AppData\Local\Temp\surefire8236851155724109824\surefirebooter-20250703070855672_3.jar"/>
    <property name="user.script" value=""/>
    <property name="sun.management.compiler" value="HotSpot 64-Bit Tiered Compilers"/>
    <property name="java.runtime.version" value="17.0.14+7"/>
    <property name="user.name" value="USER"/>
    <property name="path.separator" value=";"/>
    <property name="os.version" value="10.0"/>
    <property name="java.runtime.name" value="OpenJDK Runtime Environment"/>
    <property name="file.encoding" value="UTF-8"/>
    <property name="java.vm.name" value="OpenJDK 64-Bit Server VM"/>
    <property name="java.vendor.version" value="Temurin-17.0.14+7"/>
    <property name="localRepository" value="C:\Users\USER\.m2\repository"/>
    <property name="java.vendor.url.bug" value="https://github.com/adoptium/adoptium-support/issues"/>
    <property name="java.io.tmpdir" value="C:\Users\USER\AppData\Local\Temp\"/>
    <property name="java.version" value="17.0.14"/>
    <property name="user.dir" value="C:\Users\USER\Desktop\work space\food-ordering-project\backend"/>
    <property name="os.arch" value="amd64"/>
    <property name="java.vm.specification.name" value="Java Virtual Machine Specification"/>
    <property name="sun.os.patch.level" value=""/>
    <property name="native.encoding" value="Cp1252"/>
    <property name="java.library.path" value="C:\Program Files\Eclipse Adoptium\jdk-17.0.14.7-hotspot\bin;C:\WINDOWS\Sun\Java\bin;C:\WINDOWS\system32;C:\WINDOWS;C:\mingw64\mingw64\bin;C:\Program Files\Common Files\Oracle\Java\javapath;C:\Program Files\Eclipse Adoptium\jdk-17.0.14.7-hotspot\bin;C:\Windows\system32;C:\Windows;C:\Windows\System32\Wbem;C:\Windows\System32\WindowsPowerShell\v1.0\;C:\Windows\System32\OpenSSH\;C:\Program Files (x86)\NVIDIA Corporation\PhysX\Common;C:\Program Files\dotnet\;C:\Program Files (x86)\AOMEI;C:\WINDOWS\system32;C:\WINDOWS;C:\WINDOWS\System32\Wbem;C:\WINDOWS\System32\WindowsPowerShell\v1.0\;C:\WINDOWS\System32\OpenSSH\;C:\Program Files\Microsoft VS Code\bin;C:\mingw64\mingw64\bin;C:\raylib-master\src;C:\Program Files\Git\cmd;C:\Program Files\Redis\;C:\Users\USER\AppData\Local\Programs\Python\Python313\Scripts\;C:\Users\USER\AppData\Local\Programs\Python\Python313\;C:\Users\USER\AppData\Local\Programs\Python\Launcher\;C:\Users\USER\AppData\Local\Programs\Python\Python312\Scripts\;C:\Users\USER\AppData\Local\Programs\Python\Python312\;C:\Users\USER\AppData\Local\Microsoft\WindowsApps;C:\mingw64\mingw64\bin;C:\raylib-master\src;C:\Program Files\Java\jdk-23\bin;C:\modeltech64_2020.4\win64;C:\apache-maven\apache-maven-3.9.9\bin;C:\Program Files\JetBrains\IntelliJ IDEA 2025.1.1.1\bin;;C:\Users\USER\AppData\Local\Programs\cursor\resources\app\bin;;."/>
    <property name="java.vm.info" value="mixed mode, sharing"/>
    <property name="java.vendor" value="Eclipse Adoptium"/>
    <property name="java.vm.version" value="17.0.14+7"/>
    <property name="java.specification.maintenance.version" value="1"/>
    <property name="sun.io.unicode.encoding" value="UnicodeLittle"/>
    <property name="java.class.version" value="61.0"/>
  </properties>
  <testcase name="validPaymentMethodFormats_VariousCases_AcceptedCorrectly(String)[1]" classname="com.myapp.payment.PaymentEdgeCaseTest$PaymentMethodValidationTests" time="0.076">
    <system-out><![CDATA[🧹 Cleaning up all transactions...
2025-07-03 07:10:06.387 [main] DEBUG org.hibernate.SQL - 
    delete 
    from
        notifications
Hibernate: 
    delete 
    from
        notifications
2025-07-03 07:10:06.387 [main] DEBUG org.hibernate.SQL - 
    delete 
    from
        ratings
Hibernate: 
    delete 
    from
        ratings
2025-07-03 07:10:06.388 [main] DEBUG org.hibernate.SQL - 
    delete 
    from
        order_items
Hibernate: 
    delete 
    from
        order_items
2025-07-03 07:10:06.388 [main] DEBUG org.hibernate.SQL - 
    delete 
    from
        orders
Hibernate: 
    delete 
    from
        orders
2025-07-03 07:10:06.388 [main] DEBUG org.hibernate.SQL - 
    delete 
    from
        food_items
Hibernate: 
    delete 
    from
        food_items
2025-07-03 07:10:06.388 [main] DEBUG org.hibernate.SQL - 
    delete 
    from
        restaurants
Hibernate: 
    delete 
    from
        restaurants
2025-07-03 07:10:06.388 [main] DEBUG org.hibernate.SQL - 
    delete 
    from
        users
Hibernate: 
    delete 
    from
        users
2025-07-03 07:10:06.389 [main] DEBUG c.myapp.common.TestDatabaseManager - Cleaned all test data from database
2025-07-03 07:10:06.389 [main] DEBUG c.myapp.common.TestDatabaseManager - Test database cleanup completed
✅ Database cleaned via TestDatabaseManager
2025-07-03 07:10:06.444 [main] DEBUG org.hibernate.SQL - 
    select
        u1_0.id,
        u1_0.address,
        u1_0.email,
        u1_0.full_name,
        u1_0.is_active,
        u1_0.password_hash,
        u1_0.phone,
        u1_0.role 
    from
        users u1_0 
    where
        u1_0.phone=?
Hibernate: 
    select
        u1_0.id,
        u1_0.address,
        u1_0.email,
        u1_0.full_name,
        u1_0.is_active,
        u1_0.password_hash,
        u1_0.phone,
        u1_0.role 
    from
        users u1_0 
    where
        u1_0.phone=?
2025-07-03 07:10:06.445 [main] DEBUG org.hibernate.SQL - 
    insert 
    into
        users
        (address, email, full_name, is_active, password_hash, phone, role, id) 
    values
        (?, ?, ?, ?, ?, ?, ?, ?)
Hibernate: 
    insert 
    into
        users
        (address, email, full_name, is_active, password_hash, phone, role, id) 
    values
        (?, ?, ?, ?, ?, ?, ?, ?)
2025-07-03 07:10:06.446 [main] DEBUG org.hibernate.SQL - 
    insert 
    into
        transactions
        (amount, created_at, description, order_id, payment_method, processed_at, reference_id, status, type, updated_at, user_id, id) 
    values
        (?, ?, ?, ?, ?, ?, ?, ?, ?, ?, ?, ?)
Hibernate: 
    insert 
    into
        transactions
        (amount, created_at, description, order_id, payment_method, processed_at, reference_id, status, type, updated_at, user_id, id) 
    values
        (?, ?, ?, ?, ?, ?, ?, ?, ?, ?, ?, ?)
2025-07-03 07:10:06.448 [main] DEBUG org.hibernate.SQL - 
    select
        r1_0.id,
        r1_0.address,
        r1_0.name,
        r1_0.owner_id,
        r1_0.phone,
        r1_0.status 
    from
        restaurants r1_0 
    where
        r1_0.id=?
Hibernate: 
    select
        r1_0.id,
        r1_0.address,
        r1_0.name,
        r1_0.owner_id,
        r1_0.phone,
        r1_0.status 
    from
        restaurants r1_0 
    where
        r1_0.id=?
2025-07-03 07:10:06.448 [main] DEBUG org.hibernate.SQL - 
    insert 
    into
        restaurants
        (address, name, owner_id, phone, status, id) 
    values
        (?, ?, ?, ?, ?, ?)
Hibernate: 
    insert 
    into
        restaurants
        (address, name, owner_id, phone, status, id) 
    values
        (?, ?, ?, ?, ?, ?)
2025-07-03 07:10:06.449 [main] DEBUG org.hibernate.SQL - 
    select
        o1_0.id,
        o1_0.actual_delivery_time,
        o1_0.customer_id,
        o1_0.delivery_address,
        o1_0.estimated_delivery_time,
        o1_0.notes,
        o1_0.order_date,
        o1_0.phone,
        o1_0.restaurant_id,
        o1_0.status,
        o1_0.total_amount,
        oi1_0.order_id,
        oi1_0.id,
        oi1_0.food_item_id,
        oi1_0.price,
        oi1_0.quantity 
    from
        orders o1_0 
    left join
        order_items oi1_0 
            on o1_0.id=oi1_0.order_id 
    where
        o1_0.id=?
Hibernate: 
    select
        o1_0.id,
        o1_0.actual_delivery_time,
        o1_0.customer_id,
        o1_0.delivery_address,
        o1_0.estimated_delivery_time,
        o1_0.notes,
        o1_0.order_date,
        o1_0.phone,
        o1_0.restaurant_id,
        o1_0.status,
        o1_0.total_amount,
        oi1_0.order_id,
        oi1_0.id,
        oi1_0.food_item_id,
        oi1_0.price,
        oi1_0.quantity 
    from
        orders o1_0 
    left join
        order_items oi1_0 
            on o1_0.id=oi1_0.order_id 
    where
        o1_0.id=?
2025-07-03 07:10:06.450 [main] DEBUG org.hibernate.SQL - 
    insert 
    into
        orders
        (actual_delivery_time, customer_id, delivery_address, estimated_delivery_time, notes, order_date, phone, restaurant_id, status, total_amount, id) 
    values
        (?, ?, ?, ?, ?, ?, ?, ?, ?, ?, ?)
Hibernate: 
    insert 
    into
        orders
        (actual_delivery_time, customer_id, delivery_address, estimated_delivery_time, notes, order_date, phone, restaurant_id, status, total_amount, id) 
    values
        (?, ?, ?, ?, ?, ?, ?, ?, ?, ?, ?)
2025-07-03 07:10:06.451 [main] DEBUG org.hibernate.SQL - 
    select
        u1_0.id,
        u1_0.address,
        u1_0.email,
        u1_0.full_name,
        u1_0.is_active,
        u1_0.password_hash,
        u1_0.phone,
        u1_0.role 
    from
        users u1_0 
    where
        u1_0.id=?
Hibernate: 
    select
        u1_0.id,
        u1_0.address,
        u1_0.email,
        u1_0.full_name,
        u1_0.is_active,
        u1_0.password_hash,
        u1_0.phone,
        u1_0.role 
    from
        users u1_0 
    where
        u1_0.id=?
2025-07-03 07:10:06.453 [main] DEBUG org.hibernate.SQL - 
    select
        o1_0.id,
        o1_0.actual_delivery_time,
        o1_0.customer_id,
        o1_0.delivery_address,
        o1_0.estimated_delivery_time,
        o1_0.notes,
        o1_0.order_date,
        oi1_0.order_id,
        oi1_0.id,
        oi1_0.food_item_id,
        fi1_0.id,
        fi1_0.available,
        fi1_0.category,
        fi1_0.description,
        fi1_0.image_url,
        fi1_0.keywords,
        fi1_0.name,
        fi1_0.price,
        fi1_0.quantity,
        fi1_0.restaurant_id,
        oi1_0.price,
        oi1_0.quantity,
        o1_0.phone,
        o1_0.restaurant_id,
        o1_0.status,
        o1_0.total_amount 
    from
        orders o1_0 
    left join
        order_items oi1_0 
            on o1_0.id=oi1_0.order_id 
    left join
        food_items fi1_0 
            on fi1_0.id=oi1_0.food_item_id 
    where
        o1_0.id=?
Hibernate: 
    select
        o1_0.id,
        o1_0.actual_delivery_time,
        o1_0.customer_id,
        o1_0.delivery_address,
        o1_0.estimated_delivery_time,
        o1_0.notes,
        o1_0.order_date,
        oi1_0.order_id,
        oi1_0.id,
        oi1_0.food_item_id,
        fi1_0.id,
        fi1_0.available,
        fi1_0.category,
        fi1_0.description,
        fi1_0.image_url,
        fi1_0.keywords,
        fi1_0.name,
        fi1_0.price,
        fi1_0.quantity,
        fi1_0.restaurant_id,
        oi1_0.price,
        oi1_0.quantity,
        o1_0.phone,
        o1_0.restaurant_id,
        o1_0.status,
        o1_0.total_amount 
    from
        orders o1_0 
    left join
        order_items oi1_0 
            on o1_0.id=oi1_0.order_id 
    left join
        food_items fi1_0 
            on fi1_0.id=oi1_0.food_item_id 
    where
        o1_0.id=?
2025-07-03 07:10:06.454 [main] DEBUG org.hibernate.SQL - 
    select
        t1_0.id,
        t1_0.amount,
        t1_0.created_at,
        t1_0.description,
        t1_0.order_id,
        t1_0.payment_method,
        t1_0.processed_at,
        t1_0.reference_id,
        t1_0.status,
        t1_0.type,
        t1_0.updated_at,
        t1_0.user_id 
    from
        transactions t1_0 
    where
        t1_0.order_id=? 
    order by
        t1_0.created_at desc
Hibernate: 
    select
        t1_0.id,
        t1_0.amount,
        t1_0.created_at,
        t1_0.description,
        t1_0.order_id,
        t1_0.payment_method,
        t1_0.processed_at,
        t1_0.reference_id,
        t1_0.status,
        t1_0.type,
        t1_0.updated_at,
        t1_0.user_id 
    from
        transactions t1_0 
    where
        t1_0.order_id=? 
    order by
        t1_0.created_at desc
2025-07-03 07:10:06.455 [main] DEBUG org.hibernate.SQL - 
    insert 
    into
        transactions
        (amount, created_at, description, order_id, payment_method, processed_at, reference_id, status, type, updated_at, user_id, id) 
    values
        (?, ?, ?, ?, ?, ?, ?, ?, ?, ?, ?, ?)
Hibernate: 
    insert 
    into
        transactions
        (amount, created_at, description, order_id, payment_method, processed_at, reference_id, status, type, updated_at, user_id, id) 
    values
        (?, ?, ?, ?, ?, ?, ?, ?, ?, ?, ?, ?)
2025-07-03 07:10:06.457 [main] DEBUG org.hibernate.SQL - 
    select
        coalesce(sum(case 
            when t1_0.type=? 
                then t1_0.amount 
            when t1_0.type=? 
                then -t1_0.amount 
            else 0 
        end), 0.0) 
    from
        transactions t1_0 
    where
        t1_0.user_id=? 
        and t1_0.status=? 
        and t1_0.type in (?, ?)
Hibernate: 
    select
        coalesce(sum(case 
            when t1_0.type=? 
                then t1_0.amount 
            when t1_0.type=? 
                then -t1_0.amount 
            else 0 
        end), 0.0) 
    from
        transactions t1_0 
    where
        t1_0.user_id=? 
        and t1_0.status=? 
        and t1_0.type in (?, ?)
2025-07-03 07:10:06.458 [main] DEBUG org.hibernate.SQL - 
    insert 
    into
        transactions
        (amount, created_at, description, order_id, payment_method, processed_at, reference_id, status, type, updated_at, user_id, id) 
    values
        (?, ?, ?, ?, ?, ?, ?, ?, ?, ?, ?, ?)
Hibernate: 
    insert 
    into
        transactions
        (amount, created_at, description, order_id, payment_method, processed_at, reference_id, status, type, updated_at, user_id, id) 
    values
        (?, ?, ?, ?, ?, ?, ?, ?, ?, ?, ?, ?)
2025-07-03 07:10:06.459 [main] DEBUG org.hibernate.SQL - 
    select
        t1_0.id,
        t1_0.amount,
        t1_0.created_at,
        t1_0.description,
        t1_0.order_id,
        t1_0.payment_method,
        t1_0.processed_at,
        t1_0.reference_id,
        t1_0.status,
        t1_0.type,
        t1_0.updated_at,
        t1_0.user_id 
    from
        transactions t1_0 
    where
        t1_0.id=?
Hibernate: 
    select
        t1_0.id,
        t1_0.amount,
        t1_0.created_at,
        t1_0.description,
        t1_0.order_id,
        t1_0.payment_method,
        t1_0.processed_at,
        t1_0.reference_id,
        t1_0.status,
        t1_0.type,
        t1_0.updated_at,
        t1_0.user_id 
    from
        transactions t1_0 
    where
        t1_0.id=?
2025-07-03 07:10:06.460 [main] DEBUG org.hibernate.SQL - 
    update
        transactions 
    set
        amount=?,
        created_at=?,
        description=?,
        order_id=?,
        payment_method=?,
        processed_at=?,
        reference_id=?,
        status=?,
        type=?,
        updated_at=?,
        user_id=? 
    where
        id=?
Hibernate: 
    update
        transactions 
    set
        amount=?,
        created_at=?,
        description=?,
        order_id=?,
        payment_method=?,
        processed_at=?,
        reference_id=?,
        status=?,
        type=?,
        updated_at=?,
        user_id=? 
    where
        id=?
✅ Valid payment method processed: WALLET
]]></system-out>
  </testcase>
  <testcase name="validPaymentMethodFormats_VariousCases_AcceptedCorrectly(String)[2]" classname="com.myapp.payment.PaymentEdgeCaseTest$PaymentMethodValidationTests" time="0.072">
    <system-out><![CDATA[🧹 Cleaning up all transactions...
2025-07-03 07:10:06.463 [main] DEBUG org.hibernate.SQL - 
    delete 
    from
        notifications
Hibernate: 
    delete 
    from
        notifications
2025-07-03 07:10:06.464 [main] DEBUG org.hibernate.SQL - 
    delete 
    from
        ratings
Hibernate: 
    delete 
    from
        ratings
2025-07-03 07:10:06.464 [main] DEBUG org.hibernate.SQL - 
    delete 
    from
        order_items
Hibernate: 
    delete 
    from
        order_items
2025-07-03 07:10:06.464 [main] DEBUG org.hibernate.SQL - 
    delete 
    from
        orders
Hibernate: 
    delete 
    from
        orders
2025-07-03 07:10:06.464 [main] DEBUG org.hibernate.SQL - 
    delete 
    from
        food_items
Hibernate: 
    delete 
    from
        food_items
2025-07-03 07:10:06.464 [main] DEBUG org.hibernate.SQL - 
    delete 
    from
        restaurants
Hibernate: 
    delete 
    from
        restaurants
2025-07-03 07:10:06.464 [main] DEBUG org.hibernate.SQL - 
    delete 
    from
        users
Hibernate: 
    delete 
    from
        users
2025-07-03 07:10:06.465 [main] DEBUG c.myapp.common.TestDatabaseManager - Cleaned all test data from database
2025-07-03 07:10:06.465 [main] DEBUG c.myapp.common.TestDatabaseManager - Test database cleanup completed
✅ Database cleaned via TestDatabaseManager
2025-07-03 07:10:06.517 [main] DEBUG org.hibernate.SQL - 
    select
        u1_0.id,
        u1_0.address,
        u1_0.email,
        u1_0.full_name,
        u1_0.is_active,
        u1_0.password_hash,
        u1_0.phone,
        u1_0.role 
    from
        users u1_0 
    where
        u1_0.phone=?
Hibernate: 
    select
        u1_0.id,
        u1_0.address,
        u1_0.email,
        u1_0.full_name,
        u1_0.is_active,
        u1_0.password_hash,
        u1_0.phone,
        u1_0.role 
    from
        users u1_0 
    where
        u1_0.phone=?
2025-07-03 07:10:06.518 [main] DEBUG org.hibernate.SQL - 
    insert 
    into
        users
        (address, email, full_name, is_active, password_hash, phone, role, id) 
    values
        (?, ?, ?, ?, ?, ?, ?, ?)
Hibernate: 
    insert 
    into
        users
        (address, email, full_name, is_active, password_hash, phone, role, id) 
    values
        (?, ?, ?, ?, ?, ?, ?, ?)
2025-07-03 07:10:06.520 [main] DEBUG org.hibernate.SQL - 
    insert 
    into
        transactions
        (amount, created_at, description, order_id, payment_method, processed_at, reference_id, status, type, updated_at, user_id, id) 
    values
        (?, ?, ?, ?, ?, ?, ?, ?, ?, ?, ?, ?)
Hibernate: 
    insert 
    into
        transactions
        (amount, created_at, description, order_id, payment_method, processed_at, reference_id, status, type, updated_at, user_id, id) 
    values
        (?, ?, ?, ?, ?, ?, ?, ?, ?, ?, ?, ?)
2025-07-03 07:10:06.522 [main] DEBUG org.hibernate.SQL - 
    select
        r1_0.id,
        r1_0.address,
        r1_0.name,
        r1_0.owner_id,
        r1_0.phone,
        r1_0.status 
    from
        restaurants r1_0 
    where
        r1_0.id=?
Hibernate: 
    select
        r1_0.id,
        r1_0.address,
        r1_0.name,
        r1_0.owner_id,
        r1_0.phone,
        r1_0.status 
    from
        restaurants r1_0 
    where
        r1_0.id=?
2025-07-03 07:10:06.522 [main] DEBUG org.hibernate.SQL - 
    insert 
    into
        restaurants
        (address, name, owner_id, phone, status, id) 
    values
        (?, ?, ?, ?, ?, ?)
Hibernate: 
    insert 
    into
        restaurants
        (address, name, owner_id, phone, status, id) 
    values
        (?, ?, ?, ?, ?, ?)
2025-07-03 07:10:06.523 [main] DEBUG org.hibernate.SQL - 
    select
        o1_0.id,
        o1_0.actual_delivery_time,
        o1_0.customer_id,
        o1_0.delivery_address,
        o1_0.estimated_delivery_time,
        o1_0.notes,
        o1_0.order_date,
        o1_0.phone,
        o1_0.restaurant_id,
        o1_0.status,
        o1_0.total_amount,
        oi1_0.order_id,
        oi1_0.id,
        oi1_0.food_item_id,
        oi1_0.price,
        oi1_0.quantity 
    from
        orders o1_0 
    left join
        order_items oi1_0 
            on o1_0.id=oi1_0.order_id 
    where
        o1_0.id=?
Hibernate: 
    select
        o1_0.id,
        o1_0.actual_delivery_time,
        o1_0.customer_id,
        o1_0.delivery_address,
        o1_0.estimated_delivery_time,
        o1_0.notes,
        o1_0.order_date,
        o1_0.phone,
        o1_0.restaurant_id,
        o1_0.status,
        o1_0.total_amount,
        oi1_0.order_id,
        oi1_0.id,
        oi1_0.food_item_id,
        oi1_0.price,
        oi1_0.quantity 
    from
        orders o1_0 
    left join
        order_items oi1_0 
            on o1_0.id=oi1_0.order_id 
    where
        o1_0.id=?
2025-07-03 07:10:06.524 [main] DEBUG org.hibernate.SQL - 
    insert 
    into
        orders
        (actual_delivery_time, customer_id, delivery_address, estimated_delivery_time, notes, order_date, phone, restaurant_id, status, total_amount, id) 
    values
        (?, ?, ?, ?, ?, ?, ?, ?, ?, ?, ?)
Hibernate: 
    insert 
    into
        orders
        (actual_delivery_time, customer_id, delivery_address, estimated_delivery_time, notes, order_date, phone, restaurant_id, status, total_amount, id) 
    values
        (?, ?, ?, ?, ?, ?, ?, ?, ?, ?, ?)
2025-07-03 07:10:06.525 [main] DEBUG org.hibernate.SQL - 
    select
        u1_0.id,
        u1_0.address,
        u1_0.email,
        u1_0.full_name,
        u1_0.is_active,
        u1_0.password_hash,
        u1_0.phone,
        u1_0.role 
    from
        users u1_0 
    where
        u1_0.id=?
Hibernate: 
    select
        u1_0.id,
        u1_0.address,
        u1_0.email,
        u1_0.full_name,
        u1_0.is_active,
        u1_0.password_hash,
        u1_0.phone,
        u1_0.role 
    from
        users u1_0 
    where
        u1_0.id=?
2025-07-03 07:10:06.526 [main] DEBUG org.hibernate.SQL - 
    select
        o1_0.id,
        o1_0.actual_delivery_time,
        o1_0.customer_id,
        o1_0.delivery_address,
        o1_0.estimated_delivery_time,
        o1_0.notes,
        o1_0.order_date,
        oi1_0.order_id,
        oi1_0.id,
        oi1_0.food_item_id,
        fi1_0.id,
        fi1_0.available,
        fi1_0.category,
        fi1_0.description,
        fi1_0.image_url,
        fi1_0.keywords,
        fi1_0.name,
        fi1_0.price,
        fi1_0.quantity,
        fi1_0.restaurant_id,
        oi1_0.price,
        oi1_0.quantity,
        o1_0.phone,
        o1_0.restaurant_id,
        o1_0.status,
        o1_0.total_amount 
    from
        orders o1_0 
    left join
        order_items oi1_0 
            on o1_0.id=oi1_0.order_id 
    left join
        food_items fi1_0 
            on fi1_0.id=oi1_0.food_item_id 
    where
        o1_0.id=?
Hibernate: 
    select
        o1_0.id,
        o1_0.actual_delivery_time,
        o1_0.customer_id,
        o1_0.delivery_address,
        o1_0.estimated_delivery_time,
        o1_0.notes,
        o1_0.order_date,
        oi1_0.order_id,
        oi1_0.id,
        oi1_0.food_item_id,
        fi1_0.id,
        fi1_0.available,
        fi1_0.category,
        fi1_0.description,
        fi1_0.image_url,
        fi1_0.keywords,
        fi1_0.name,
        fi1_0.price,
        fi1_0.quantity,
        fi1_0.restaurant_id,
        oi1_0.price,
        oi1_0.quantity,
        o1_0.phone,
        o1_0.restaurant_id,
        o1_0.status,
        o1_0.total_amount 
    from
        orders o1_0 
    left join
        order_items oi1_0 
            on o1_0.id=oi1_0.order_id 
    left join
        food_items fi1_0 
            on fi1_0.id=oi1_0.food_item_id 
    where
        o1_0.id=?
2025-07-03 07:10:06.528 [main] DEBUG org.hibernate.SQL - 
    select
        t1_0.id,
        t1_0.amount,
        t1_0.created_at,
        t1_0.description,
        t1_0.order_id,
        t1_0.payment_method,
        t1_0.processed_at,
        t1_0.reference_id,
        t1_0.status,
        t1_0.type,
        t1_0.updated_at,
        t1_0.user_id 
    from
        transactions t1_0 
    where
        t1_0.order_id=? 
    order by
        t1_0.created_at desc
Hibernate: 
    select
        t1_0.id,
        t1_0.amount,
        t1_0.created_at,
        t1_0.description,
        t1_0.order_id,
        t1_0.payment_method,
        t1_0.processed_at,
        t1_0.reference_id,
        t1_0.status,
        t1_0.type,
        t1_0.updated_at,
        t1_0.user_id 
    from
        transactions t1_0 
    where
        t1_0.order_id=? 
    order by
        t1_0.created_at desc
2025-07-03 07:10:06.528 [main] DEBUG org.hibernate.SQL - 
    insert 
    into
        transactions
        (amount, created_at, description, order_id, payment_method, processed_at, reference_id, status, type, updated_at, user_id, id) 
    values
        (?, ?, ?, ?, ?, ?, ?, ?, ?, ?, ?, ?)
Hibernate: 
    insert 
    into
        transactions
        (amount, created_at, description, order_id, payment_method, processed_at, reference_id, status, type, updated_at, user_id, id) 
    values
        (?, ?, ?, ?, ?, ?, ?, ?, ?, ?, ?, ?)
2025-07-03 07:10:06.531 [main] DEBUG org.hibernate.SQL - 
    select
        coalesce(sum(case 
            when t1_0.type=? 
                then t1_0.amount 
            when t1_0.type=? 
                then -t1_0.amount 
            else 0 
        end), 0.0) 
    from
        transactions t1_0 
    where
        t1_0.user_id=? 
        and t1_0.status=? 
        and t1_0.type in (?, ?)
Hibernate: 
    select
        coalesce(sum(case 
            when t1_0.type=? 
                then t1_0.amount 
            when t1_0.type=? 
                then -t1_0.amount 
            else 0 
        end), 0.0) 
    from
        transactions t1_0 
    where
        t1_0.user_id=? 
        and t1_0.status=? 
        and t1_0.type in (?, ?)
2025-07-03 07:10:06.532 [main] DEBUG org.hibernate.SQL - 
    insert 
    into
        transactions
        (amount, created_at, description, order_id, payment_method, processed_at, reference_id, status, type, updated_at, user_id, id) 
    values
        (?, ?, ?, ?, ?, ?, ?, ?, ?, ?, ?, ?)
Hibernate: 
    insert 
    into
        transactions
        (amount, created_at, description, order_id, payment_method, processed_at, reference_id, status, type, updated_at, user_id, id) 
    values
        (?, ?, ?, ?, ?, ?, ?, ?, ?, ?, ?, ?)
2025-07-03 07:10:06.533 [main] DEBUG org.hibernate.SQL - 
    select
        t1_0.id,
        t1_0.amount,
        t1_0.created_at,
        t1_0.description,
        t1_0.order_id,
        t1_0.payment_method,
        t1_0.processed_at,
        t1_0.reference_id,
        t1_0.status,
        t1_0.type,
        t1_0.updated_at,
        t1_0.user_id 
    from
        transactions t1_0 
    where
        t1_0.id=?
Hibernate: 
    select
        t1_0.id,
        t1_0.amount,
        t1_0.created_at,
        t1_0.description,
        t1_0.order_id,
        t1_0.payment_method,
        t1_0.processed_at,
        t1_0.reference_id,
        t1_0.status,
        t1_0.type,
        t1_0.updated_at,
        t1_0.user_id 
    from
        transactions t1_0 
    where
        t1_0.id=?
2025-07-03 07:10:06.534 [main] DEBUG org.hibernate.SQL - 
    update
        transactions 
    set
        amount=?,
        created_at=?,
        description=?,
        order_id=?,
        payment_method=?,
        processed_at=?,
        reference_id=?,
        status=?,
        type=?,
        updated_at=?,
        user_id=? 
    where
        id=?
Hibernate: 
    update
        transactions 
    set
        amount=?,
        created_at=?,
        description=?,
        order_id=?,
        payment_method=?,
        processed_at=?,
        reference_id=?,
        status=?,
        type=?,
        updated_at=?,
        user_id=? 
    where
        id=?
✅ Valid payment method processed: wallet
]]></system-out>
  </testcase>
  <testcase name="validPaymentMethodFormats_VariousCases_AcceptedCorrectly(String)[3]" classname="com.myapp.payment.PaymentEdgeCaseTest$PaymentMethodValidationTests" time="0.179">
    <system-out><![CDATA[🧹 Cleaning up all transactions...
2025-07-03 07:10:06.537 [main] DEBUG org.hibernate.SQL - 
    delete 
    from
        notifications
Hibernate: 
    delete 
    from
        notifications
2025-07-03 07:10:06.537 [main] DEBUG org.hibernate.SQL - 
    delete 
    from
        ratings
Hibernate: 
    delete 
    from
        ratings
2025-07-03 07:10:06.537 [main] DEBUG org.hibernate.SQL - 
    delete 
    from
        order_items
Hibernate: 
    delete 
    from
        order_items
2025-07-03 07:10:06.537 [main] DEBUG org.hibernate.SQL - 
    delete 
    from
        orders
Hibernate: 
    delete 
    from
        orders
2025-07-03 07:10:06.537 [main] DEBUG org.hibernate.SQL - 
    delete 
    from
        food_items
Hibernate: 
    delete 
    from
        food_items
2025-07-03 07:10:06.538 [main] DEBUG org.hibernate.SQL - 
    delete 
    from
        restaurants
Hibernate: 
    delete 
    from
        restaurants
2025-07-03 07:10:06.538 [main] DEBUG org.hibernate.SQL - 
    delete 
    from
        users
Hibernate: 
    delete 
    from
        users
2025-07-03 07:10:06.539 [main] DEBUG c.myapp.common.TestDatabaseManager - Cleaned all test data from database
2025-07-03 07:10:06.539 [main] DEBUG c.myapp.common.TestDatabaseManager - Test database cleanup completed
✅ Database cleaned via TestDatabaseManager
2025-07-03 07:10:06.595 [main] DEBUG org.hibernate.SQL - 
    select
        u1_0.id,
        u1_0.address,
        u1_0.email,
        u1_0.full_name,
        u1_0.is_active,
        u1_0.password_hash,
        u1_0.phone,
        u1_0.role 
    from
        users u1_0 
    where
        u1_0.phone=?
Hibernate: 
    select
        u1_0.id,
        u1_0.address,
        u1_0.email,
        u1_0.full_name,
        u1_0.is_active,
        u1_0.password_hash,
        u1_0.phone,
        u1_0.role 
    from
        users u1_0 
    where
        u1_0.phone=?
2025-07-03 07:10:06.596 [main] DEBUG org.hibernate.SQL - 
    insert 
    into
        users
        (address, email, full_name, is_active, password_hash, phone, role, id) 
    values
        (?, ?, ?, ?, ?, ?, ?, ?)
Hibernate: 
    insert 
    into
        users
        (address, email, full_name, is_active, password_hash, phone, role, id) 
    values
        (?, ?, ?, ?, ?, ?, ?, ?)
2025-07-03 07:10:06.597 [main] DEBUG org.hibernate.SQL - 
    insert 
    into
        transactions
        (amount, created_at, description, order_id, payment_method, processed_at, reference_id, status, type, updated_at, user_id, id) 
    values
        (?, ?, ?, ?, ?, ?, ?, ?, ?, ?, ?, ?)
Hibernate: 
    insert 
    into
        transactions
        (amount, created_at, description, order_id, payment_method, processed_at, reference_id, status, type, updated_at, user_id, id) 
    values
        (?, ?, ?, ?, ?, ?, ?, ?, ?, ?, ?, ?)
2025-07-03 07:10:06.598 [main] DEBUG org.hibernate.SQL - 
    select
        r1_0.id,
        r1_0.address,
        r1_0.name,
        r1_0.owner_id,
        r1_0.phone,
        r1_0.status 
    from
        restaurants r1_0 
    where
        r1_0.id=?
Hibernate: 
    select
        r1_0.id,
        r1_0.address,
        r1_0.name,
        r1_0.owner_id,
        r1_0.phone,
        r1_0.status 
    from
        restaurants r1_0 
    where
        r1_0.id=?
2025-07-03 07:10:06.599 [main] DEBUG org.hibernate.SQL - 
    insert 
    into
        restaurants
        (address, name, owner_id, phone, status, id) 
    values
        (?, ?, ?, ?, ?, ?)
Hibernate: 
    insert 
    into
        restaurants
        (address, name, owner_id, phone, status, id) 
    values
        (?, ?, ?, ?, ?, ?)
2025-07-03 07:10:06.600 [main] DEBUG org.hibernate.SQL - 
    select
        o1_0.id,
        o1_0.actual_delivery_time,
        o1_0.customer_id,
        o1_0.delivery_address,
        o1_0.estimated_delivery_time,
        o1_0.notes,
        o1_0.order_date,
        o1_0.phone,
        o1_0.restaurant_id,
        o1_0.status,
        o1_0.total_amount,
        oi1_0.order_id,
        oi1_0.id,
        oi1_0.food_item_id,
        oi1_0.price,
        oi1_0.quantity 
    from
        orders o1_0 
    left join
        order_items oi1_0 
            on o1_0.id=oi1_0.order_id 
    where
        o1_0.id=?
Hibernate: 
    select
        o1_0.id,
        o1_0.actual_delivery_time,
        o1_0.customer_id,
        o1_0.delivery_address,
        o1_0.estimated_delivery_time,
        o1_0.notes,
        o1_0.order_date,
        o1_0.phone,
        o1_0.restaurant_id,
        o1_0.status,
        o1_0.total_amount,
        oi1_0.order_id,
        oi1_0.id,
        oi1_0.food_item_id,
        oi1_0.price,
        oi1_0.quantity 
    from
        orders o1_0 
    left join
        order_items oi1_0 
            on o1_0.id=oi1_0.order_id 
    where
        o1_0.id=?
2025-07-03 07:10:06.600 [main] DEBUG org.hibernate.SQL - 
    select
        next_val as id_val 
    from
        orders_SEQ
Hibernate: 
    select
        next_val as id_val 
    from
        orders_SEQ
2025-07-03 07:10:06.601 [main] DEBUG org.hibernate.SQL - 
    update
        orders_SEQ 
    set
        next_val= ? 
    where
        next_val=?
Hibernate: 
    update
        orders_SEQ 
    set
        next_val= ? 
    where
        next_val=?
2025-07-03 07:10:06.602 [main] DEBUG org.hibernate.SQL - 
    insert 
    into
        orders
        (actual_delivery_time, customer_id, delivery_address, estimated_delivery_time, notes, order_date, phone, restaurant_id, status, total_amount, id) 
    values
        (?, ?, ?, ?, ?, ?, ?, ?, ?, ?, ?)
Hibernate: 
    insert 
    into
        orders
        (actual_delivery_time, customer_id, delivery_address, estimated_delivery_time, notes, order_date, phone, restaurant_id, status, total_amount, id) 
    values
        (?, ?, ?, ?, ?, ?, ?, ?, ?, ?, ?)
2025-07-03 07:10:06.602 [main] ERROR org.hibernate.orm.jdbc.batch - HHH100501: Exception executing batch [org.sqlite.SQLiteException: [SQLITE_BUSY_SNAPSHOT] Another database connection has already written to the database (database is locked)], SQL: insert into orders (actual_delivery_time,customer_id,delivery_address,estimated_delivery_time,notes,order_date,phone,restaurant_id,status,total_amount,id) values (?,?,?,?,?,?,?,?,?,?,?)
2025-07-03 07:10:06.603 [main] WARN  o.h.e.jdbc.spi.SqlExceptionHelper - SQL Error: 5, SQLState: null
2025-07-03 07:10:06.603 [main] ERROR o.h.e.jdbc.spi.SqlExceptionHelper - [SQLITE_BUSY_SNAPSHOT] Another database connection has already written to the database (database is locked)
⚠️ Order save attempt 1 failed: org.hibernate.exception.LockAcquisitionException: could not execute batch [[SQLITE_BUSY_SNAPSHOT] Another database connection has already written to the database (database is locked)] [insert into orders (actual_delivery_time,customer_id,delivery_address,estimated_delivery_time,notes,order_date,phone,restaurant_id,status,total_amount,id) values (?,?,?,?,?,?,?,?,?,?,?)]
2025-07-03 07:10:06.704 [main] DEBUG org.hibernate.SQL - 
    select
        o1_0.id,
        o1_0.actual_delivery_time,
        o1_0.customer_id,
        o1_0.delivery_address,
        o1_0.estimated_delivery_time,
        o1_0.notes,
        o1_0.order_date,
        o1_0.phone,
        o1_0.restaurant_id,
        o1_0.status,
        o1_0.total_amount,
        oi1_0.order_id,
        oi1_0.id,
        oi1_0.food_item_id,
        oi1_0.price,
        oi1_0.quantity 
    from
        orders o1_0 
    left join
        order_items oi1_0 
            on o1_0.id=oi1_0.order_id 
    where
        o1_0.id=?
Hibernate: 
    select
        o1_0.id,
        o1_0.actual_delivery_time,
        o1_0.customer_id,
        o1_0.delivery_address,
        o1_0.estimated_delivery_time,
        o1_0.notes,
        o1_0.order_date,
        o1_0.phone,
        o1_0.restaurant_id,
        o1_0.status,
        o1_0.total_amount,
        oi1_0.order_id,
        oi1_0.id,
        oi1_0.food_item_id,
        oi1_0.price,
        oi1_0.quantity 
    from
        orders o1_0 
    left join
        order_items oi1_0 
            on o1_0.id=oi1_0.order_id 
    where
        o1_0.id=?
2025-07-03 07:10:06.705 [main] DEBUG org.hibernate.SQL - 
    insert 
    into
        orders
        (actual_delivery_time, customer_id, delivery_address, estimated_delivery_time, notes, order_date, phone, restaurant_id, status, total_amount, id) 
    values
        (?, ?, ?, ?, ?, ?, ?, ?, ?, ?, ?)
Hibernate: 
    insert 
    into
        orders
        (actual_delivery_time, customer_id, delivery_address, estimated_delivery_time, notes, order_date, phone, restaurant_id, status, total_amount, id) 
    values
        (?, ?, ?, ?, ?, ?, ?, ?, ?, ?, ?)
2025-07-03 07:10:06.706 [main] DEBUG org.hibernate.SQL - 
    select
        u1_0.id,
        u1_0.address,
        u1_0.email,
        u1_0.full_name,
        u1_0.is_active,
        u1_0.password_hash,
        u1_0.phone,
        u1_0.role 
    from
        users u1_0 
    where
        u1_0.id=?
Hibernate: 
    select
        u1_0.id,
        u1_0.address,
        u1_0.email,
        u1_0.full_name,
        u1_0.is_active,
        u1_0.password_hash,
        u1_0.phone,
        u1_0.role 
    from
        users u1_0 
    where
        u1_0.id=?
2025-07-03 07:10:06.707 [main] DEBUG org.hibernate.SQL - 
    select
        o1_0.id,
        o1_0.actual_delivery_time,
        o1_0.customer_id,
        o1_0.delivery_address,
        o1_0.estimated_delivery_time,
        o1_0.notes,
        o1_0.order_date,
        oi1_0.order_id,
        oi1_0.id,
        oi1_0.food_item_id,
        fi1_0.id,
        fi1_0.available,
        fi1_0.category,
        fi1_0.description,
        fi1_0.image_url,
        fi1_0.keywords,
        fi1_0.name,
        fi1_0.price,
        fi1_0.quantity,
        fi1_0.restaurant_id,
        oi1_0.price,
        oi1_0.quantity,
        o1_0.phone,
        o1_0.restaurant_id,
        o1_0.status,
        o1_0.total_amount 
    from
        orders o1_0 
    left join
        order_items oi1_0 
            on o1_0.id=oi1_0.order_id 
    left join
        food_items fi1_0 
            on fi1_0.id=oi1_0.food_item_id 
    where
        o1_0.id=?
Hibernate: 
    select
        o1_0.id,
        o1_0.actual_delivery_time,
        o1_0.customer_id,
        o1_0.delivery_address,
        o1_0.estimated_delivery_time,
        o1_0.notes,
        o1_0.order_date,
        oi1_0.order_id,
        oi1_0.id,
        oi1_0.food_item_id,
        fi1_0.id,
        fi1_0.available,
        fi1_0.category,
        fi1_0.description,
        fi1_0.image_url,
        fi1_0.keywords,
        fi1_0.name,
        fi1_0.price,
        fi1_0.quantity,
        fi1_0.restaurant_id,
        oi1_0.price,
        oi1_0.quantity,
        o1_0.phone,
        o1_0.restaurant_id,
        o1_0.status,
        o1_0.total_amount 
    from
        orders o1_0 
    left join
        order_items oi1_0 
            on o1_0.id=oi1_0.order_id 
    left join
        food_items fi1_0 
            on fi1_0.id=oi1_0.food_item_id 
    where
        o1_0.id=?
2025-07-03 07:10:06.708 [main] DEBUG org.hibernate.SQL - 
    select
        t1_0.id,
        t1_0.amount,
        t1_0.created_at,
        t1_0.description,
        t1_0.order_id,
        t1_0.payment_method,
        t1_0.processed_at,
        t1_0.reference_id,
        t1_0.status,
        t1_0.type,
        t1_0.updated_at,
        t1_0.user_id 
    from
        transactions t1_0 
    where
        t1_0.order_id=? 
    order by
        t1_0.created_at desc
Hibernate: 
    select
        t1_0.id,
        t1_0.amount,
        t1_0.created_at,
        t1_0.description,
        t1_0.order_id,
        t1_0.payment_method,
        t1_0.processed_at,
        t1_0.reference_id,
        t1_0.status,
        t1_0.type,
        t1_0.updated_at,
        t1_0.user_id 
    from
        transactions t1_0 
    where
        t1_0.order_id=? 
    order by
        t1_0.created_at desc
2025-07-03 07:10:06.708 [main] DEBUG org.hibernate.SQL - 
    insert 
    into
        transactions
        (amount, created_at, description, order_id, payment_method, processed_at, reference_id, status, type, updated_at, user_id, id) 
    values
        (?, ?, ?, ?, ?, ?, ?, ?, ?, ?, ?, ?)
Hibernate: 
    insert 
    into
        transactions
        (amount, created_at, description, order_id, payment_method, processed_at, reference_id, status, type, updated_at, user_id, id) 
    values
        (?, ?, ?, ?, ?, ?, ?, ?, ?, ?, ?, ?)
2025-07-03 07:10:06.711 [main] DEBUG org.hibernate.SQL - 
    select
        coalesce(sum(case 
            when t1_0.type=? 
                then t1_0.amount 
            when t1_0.type=? 
                then -t1_0.amount 
            else 0 
        end), 0.0) 
    from
        transactions t1_0 
    where
        t1_0.user_id=? 
        and t1_0.status=? 
        and t1_0.type in (?, ?)
Hibernate: 
    select
        coalesce(sum(case 
            when t1_0.type=? 
                then t1_0.amount 
            when t1_0.type=? 
                then -t1_0.amount 
            else 0 
        end), 0.0) 
    from
        transactions t1_0 
    where
        t1_0.user_id=? 
        and t1_0.status=? 
        and t1_0.type in (?, ?)
2025-07-03 07:10:06.712 [main] DEBUG org.hibernate.SQL - 
    insert 
    into
        transactions
        (amount, created_at, description, order_id, payment_method, processed_at, reference_id, status, type, updated_at, user_id, id) 
    values
        (?, ?, ?, ?, ?, ?, ?, ?, ?, ?, ?, ?)
Hibernate: 
    insert 
    into
        transactions
        (amount, created_at, description, order_id, payment_method, processed_at, reference_id, status, type, updated_at, user_id, id) 
    values
        (?, ?, ?, ?, ?, ?, ?, ?, ?, ?, ?, ?)
2025-07-03 07:10:06.714 [main] DEBUG org.hibernate.SQL - 
    select
        t1_0.id,
        t1_0.amount,
        t1_0.created_at,
        t1_0.description,
        t1_0.order_id,
        t1_0.payment_method,
        t1_0.processed_at,
        t1_0.reference_id,
        t1_0.status,
        t1_0.type,
        t1_0.updated_at,
        t1_0.user_id 
    from
        transactions t1_0 
    where
        t1_0.id=?
Hibernate: 
    select
        t1_0.id,
        t1_0.amount,
        t1_0.created_at,
        t1_0.description,
        t1_0.order_id,
        t1_0.payment_method,
        t1_0.processed_at,
        t1_0.reference_id,
        t1_0.status,
        t1_0.type,
        t1_0.updated_at,
        t1_0.user_id 
    from
        transactions t1_0 
    where
        t1_0.id=?
2025-07-03 07:10:06.714 [main] DEBUG org.hibernate.SQL - 
    update
        transactions 
    set
        amount=?,
        created_at=?,
        description=?,
        order_id=?,
        payment_method=?,
        processed_at=?,
        reference_id=?,
        status=?,
        type=?,
        updated_at=?,
        user_id=? 
    where
        id=?
Hibernate: 
    update
        transactions 
    set
        amount=?,
        created_at=?,
        description=?,
        order_id=?,
        payment_method=?,
        processed_at=?,
        reference_id=?,
        status=?,
        type=?,
        updated_at=?,
        user_id=? 
    where
        id=?
✅ Valid payment method processed: Wallet
]]></system-out>
  </testcase>
  <testcase name="validPaymentMethodFormats_VariousCases_AcceptedCorrectly(String)[4]" classname="com.myapp.payment.PaymentEdgeCaseTest$PaymentMethodValidationTests" time="0.085">
    <system-out><![CDATA[🧹 Cleaning up all transactions...
2025-07-03 07:10:06.716 [main] DEBUG org.hibernate.SQL - 
    delete 
    from
        notifications
Hibernate: 
    delete 
    from
        notifications
2025-07-03 07:10:06.717 [main] DEBUG org.hibernate.SQL - 
    delete 
    from
        ratings
Hibernate: 
    delete 
    from
        ratings
2025-07-03 07:10:06.717 [main] DEBUG org.hibernate.SQL - 
    delete 
    from
        order_items
Hibernate: 
    delete 
    from
        order_items
2025-07-03 07:10:06.717 [main] DEBUG org.hibernate.SQL - 
    delete 
    from
        orders
Hibernate: 
    delete 
    from
        orders
2025-07-03 07:10:06.717 [main] DEBUG org.hibernate.SQL - 
    delete 
    from
        food_items
Hibernate: 
    delete 
    from
        food_items
2025-07-03 07:10:06.717 [main] DEBUG org.hibernate.SQL - 
    delete 
    from
        restaurants
Hibernate: 
    delete 
    from
        restaurants
2025-07-03 07:10:06.717 [main] DEBUG org.hibernate.SQL - 
    delete 
    from
        users
Hibernate: 
    delete 
    from
        users
2025-07-03 07:10:06.719 [main] DEBUG c.myapp.common.TestDatabaseManager - Cleaned all test data from database
2025-07-03 07:10:06.719 [main] DEBUG c.myapp.common.TestDatabaseManager - Test database cleanup completed
✅ Database cleaned via TestDatabaseManager
2025-07-03 07:10:06.783 [main] DEBUG org.hibernate.SQL - 
    select
        u1_0.id,
        u1_0.address,
        u1_0.email,
        u1_0.full_name,
        u1_0.is_active,
        u1_0.password_hash,
        u1_0.phone,
        u1_0.role 
    from
        users u1_0 
    where
        u1_0.phone=?
Hibernate: 
    select
        u1_0.id,
        u1_0.address,
        u1_0.email,
        u1_0.full_name,
        u1_0.is_active,
        u1_0.password_hash,
        u1_0.phone,
        u1_0.role 
    from
        users u1_0 
    where
        u1_0.phone=?
2025-07-03 07:10:06.784 [main] DEBUG org.hibernate.SQL - 
    insert 
    into
        users
        (address, email, full_name, is_active, password_hash, phone, role, id) 
    values
        (?, ?, ?, ?, ?, ?, ?, ?)
Hibernate: 
    insert 
    into
        users
        (address, email, full_name, is_active, password_hash, phone, role, id) 
    values
        (?, ?, ?, ?, ?, ?, ?, ?)
2025-07-03 07:10:06.786 [main] DEBUG org.hibernate.SQL - 
    select
        r1_0.id,
        r1_0.address,
        r1_0.name,
        r1_0.owner_id,
        r1_0.phone,
        r1_0.status 
    from
        restaurants r1_0 
    where
        r1_0.id=?
Hibernate: 
    select
        r1_0.id,
        r1_0.address,
        r1_0.name,
        r1_0.owner_id,
        r1_0.phone,
        r1_0.status 
    from
        restaurants r1_0 
    where
        r1_0.id=?
2025-07-03 07:10:06.787 [main] DEBUG org.hibernate.SQL - 
    select
        next_val as id_val 
    from
        restaurants_SEQ
Hibernate: 
    select
        next_val as id_val 
    from
        restaurants_SEQ
2025-07-03 07:10:06.787 [main] DEBUG org.hibernate.SQL - 
    update
        restaurants_SEQ 
    set
        next_val= ? 
    where
        next_val=?
Hibernate: 
    update
        restaurants_SEQ 
    set
        next_val= ? 
    where
        next_val=?
2025-07-03 07:10:06.788 [main] DEBUG org.hibernate.SQL - 
    insert 
    into
        restaurants
        (address, name, owner_id, phone, status, id) 
    values
        (?, ?, ?, ?, ?, ?)
Hibernate: 
    insert 
    into
        restaurants
        (address, name, owner_id, phone, status, id) 
    values
        (?, ?, ?, ?, ?, ?)
2025-07-03 07:10:06.788 [main] ERROR org.hibernate.orm.jdbc.batch - HHH100501: Exception executing batch [org.sqlite.SQLiteException: [SQLITE_BUSY_SNAPSHOT] Another database connection has already written to the database (database is locked)], SQL: insert into restaurants (address,name,owner_id,phone,status,id) values (?,?,?,?,?,?)
2025-07-03 07:10:06.788 [main] WARN  o.h.e.jdbc.spi.SqlExceptionHelper - SQL Error: 5, SQLState: null
2025-07-03 07:10:06.788 [main] ERROR o.h.e.jdbc.spi.SqlExceptionHelper - [SQLITE_BUSY_SNAPSHOT] Another database connection has already written to the database (database is locked)
⚠️ Restaurant save attempt 1 failed: org.hibernate.exception.LockAcquisitionException: could not execute batch [[SQLITE_BUSY_SNAPSHOT] Another database connection has already written to the database (database is locked)] [insert into restaurants (address,name,owner_id,phone,status,id) values (?,?,?,?,?,?)]
2025-07-03 07:10:06.790 [main] DEBUG org.hibernate.SQL - 
    select
        r1_0.id,
        r1_0.address,
        r1_0.name,
        r1_0.owner_id,
        r1_0.phone,
        r1_0.status 
    from
        restaurants r1_0 
    where
        r1_0.id=?
Hibernate: 
    select
        r1_0.id,
        r1_0.address,
        r1_0.name,
        r1_0.owner_id,
        r1_0.phone,
        r1_0.status 
    from
        restaurants r1_0 
    where
        r1_0.id=?
2025-07-03 07:10:06.790 [main] DEBUG org.hibernate.SQL - 
    insert 
    into
        restaurants
        (address, name, owner_id, phone, status, id) 
    values
        (?, ?, ?, ?, ?, ?)
Hibernate: 
    insert 
    into
        restaurants
        (address, name, owner_id, phone, status, id) 
    values
        (?, ?, ?, ?, ?, ?)
2025-07-03 07:10:06.791 [main] DEBUG org.hibernate.SQL - 
    select
        o1_0.id,
        o1_0.actual_delivery_time,
        o1_0.customer_id,
        o1_0.delivery_address,
        o1_0.estimated_delivery_time,
        o1_0.notes,
        o1_0.order_date,
        o1_0.phone,
        o1_0.restaurant_id,
        o1_0.status,
        o1_0.total_amount,
        oi1_0.order_id,
        oi1_0.id,
        oi1_0.food_item_id,
        oi1_0.price,
        oi1_0.quantity 
    from
        orders o1_0 
    left join
        order_items oi1_0 
            on o1_0.id=oi1_0.order_id 
    where
        o1_0.id=?
Hibernate: 
    select
        o1_0.id,
        o1_0.actual_delivery_time,
        o1_0.customer_id,
        o1_0.delivery_address,
        o1_0.estimated_delivery_time,
        o1_0.notes,
        o1_0.order_date,
        o1_0.phone,
        o1_0.restaurant_id,
        o1_0.status,
        o1_0.total_amount,
        oi1_0.order_id,
        oi1_0.id,
        oi1_0.food_item_id,
        oi1_0.price,
        oi1_0.quantity 
    from
        orders o1_0 
    left join
        order_items oi1_0 
            on o1_0.id=oi1_0.order_id 
    where
        o1_0.id=?
2025-07-03 07:10:06.792 [main] DEBUG org.hibernate.SQL - 
    insert 
    into
        orders
        (actual_delivery_time, customer_id, delivery_address, estimated_delivery_time, notes, order_date, phone, restaurant_id, status, total_amount, id) 
    values
        (?, ?, ?, ?, ?, ?, ?, ?, ?, ?, ?)
Hibernate: 
    insert 
    into
        orders
        (actual_delivery_time, customer_id, delivery_address, estimated_delivery_time, notes, order_date, phone, restaurant_id, status, total_amount, id) 
    values
        (?, ?, ?, ?, ?, ?, ?, ?, ?, ?, ?)
2025-07-03 07:10:06.793 [main] DEBUG org.hibernate.SQL - 
    select
        u1_0.id,
        u1_0.address,
        u1_0.email,
        u1_0.full_name,
        u1_0.is_active,
        u1_0.password_hash,
        u1_0.phone,
        u1_0.role 
    from
        users u1_0 
    where
        u1_0.id=?
Hibernate: 
    select
        u1_0.id,
        u1_0.address,
        u1_0.email,
        u1_0.full_name,
        u1_0.is_active,
        u1_0.password_hash,
        u1_0.phone,
        u1_0.role 
    from
        users u1_0 
    where
        u1_0.id=?
2025-07-03 07:10:06.794 [main] DEBUG org.hibernate.SQL - 
    select
        o1_0.id,
        o1_0.actual_delivery_time,
        o1_0.customer_id,
        o1_0.delivery_address,
        o1_0.estimated_delivery_time,
        o1_0.notes,
        o1_0.order_date,
        oi1_0.order_id,
        oi1_0.id,
        oi1_0.food_item_id,
        fi1_0.id,
        fi1_0.available,
        fi1_0.category,
        fi1_0.description,
        fi1_0.image_url,
        fi1_0.keywords,
        fi1_0.name,
        fi1_0.price,
        fi1_0.quantity,
        fi1_0.restaurant_id,
        oi1_0.price,
        oi1_0.quantity,
        o1_0.phone,
        o1_0.restaurant_id,
        o1_0.status,
        o1_0.total_amount 
    from
        orders o1_0 
    left join
        order_items oi1_0 
            on o1_0.id=oi1_0.order_id 
    left join
        food_items fi1_0 
            on fi1_0.id=oi1_0.food_item_id 
    where
        o1_0.id=?
Hibernate: 
    select
        o1_0.id,
        o1_0.actual_delivery_time,
        o1_0.customer_id,
        o1_0.delivery_address,
        o1_0.estimated_delivery_time,
        o1_0.notes,
        o1_0.order_date,
        oi1_0.order_id,
        oi1_0.id,
        oi1_0.food_item_id,
        fi1_0.id,
        fi1_0.available,
        fi1_0.category,
        fi1_0.description,
        fi1_0.image_url,
        fi1_0.keywords,
        fi1_0.name,
        fi1_0.price,
        fi1_0.quantity,
        fi1_0.restaurant_id,
        oi1_0.price,
        oi1_0.quantity,
        o1_0.phone,
        o1_0.restaurant_id,
        o1_0.status,
        o1_0.total_amount 
    from
        orders o1_0 
    left join
        order_items oi1_0 
            on o1_0.id=oi1_0.order_id 
    left join
        food_items fi1_0 
            on fi1_0.id=oi1_0.food_item_id 
    where
        o1_0.id=?
2025-07-03 07:10:06.794 [main] DEBUG org.hibernate.SQL - 
    select
        t1_0.id,
        t1_0.amount,
        t1_0.created_at,
        t1_0.description,
        t1_0.order_id,
        t1_0.payment_method,
        t1_0.processed_at,
        t1_0.reference_id,
        t1_0.status,
        t1_0.type,
        t1_0.updated_at,
        t1_0.user_id 
    from
        transactions t1_0 
    where
        t1_0.order_id=? 
    order by
        t1_0.created_at desc
Hibernate: 
    select
        t1_0.id,
        t1_0.amount,
        t1_0.created_at,
        t1_0.description,
        t1_0.order_id,
        t1_0.payment_method,
        t1_0.processed_at,
        t1_0.reference_id,
        t1_0.status,
        t1_0.type,
        t1_0.updated_at,
        t1_0.user_id 
    from
        transactions t1_0 
    where
        t1_0.order_id=? 
    order by
        t1_0.created_at desc
2025-07-03 07:10:06.796 [main] DEBUG org.hibernate.SQL - 
    insert 
    into
        transactions
        (amount, created_at, description, order_id, payment_method, processed_at, reference_id, status, type, updated_at, user_id, id) 
    values
        (?, ?, ?, ?, ?, ?, ?, ?, ?, ?, ?, ?)
Hibernate: 
    insert 
    into
        transactions
        (amount, created_at, description, order_id, payment_method, processed_at, reference_id, status, type, updated_at, user_id, id) 
    values
        (?, ?, ?, ?, ?, ?, ?, ?, ?, ?, ?, ?)
2025-07-03 07:10:06.798 [main] DEBUG org.hibernate.SQL - 
    select
        t1_0.id,
        t1_0.amount,
        t1_0.created_at,
        t1_0.description,
        t1_0.order_id,
        t1_0.payment_method,
        t1_0.processed_at,
        t1_0.reference_id,
        t1_0.status,
        t1_0.type,
        t1_0.updated_at,
        t1_0.user_id 
    from
        transactions t1_0 
    where
        t1_0.id=?
Hibernate: 
    select
        t1_0.id,
        t1_0.amount,
        t1_0.created_at,
        t1_0.description,
        t1_0.order_id,
        t1_0.payment_method,
        t1_0.processed_at,
        t1_0.reference_id,
        t1_0.status,
        t1_0.type,
        t1_0.updated_at,
        t1_0.user_id 
    from
        transactions t1_0 
    where
        t1_0.id=?
2025-07-03 07:10:06.799 [main] DEBUG org.hibernate.SQL - 
    update
        transactions 
    set
        amount=?,
        created_at=?,
        description=?,
        order_id=?,
        payment_method=?,
        processed_at=?,
        reference_id=?,
        status=?,
        type=?,
        updated_at=?,
        user_id=? 
    where
        id=?
Hibernate: 
    update
        transactions 
    set
        amount=?,
        created_at=?,
        description=?,
        order_id=?,
        payment_method=?,
        processed_at=?,
        reference_id=?,
        status=?,
        type=?,
        updated_at=?,
        user_id=? 
    where
        id=?
✅ Valid payment method processed: CARD
]]></system-out>
  </testcase>
  <testcase name="validPaymentMethodFormats_VariousCases_AcceptedCorrectly(String)[5]" classname="com.myapp.payment.PaymentEdgeCaseTest$PaymentMethodValidationTests" time="0.073">
    <system-out><![CDATA[🧹 Cleaning up all transactions...
2025-07-03 07:10:06.803 [main] DEBUG org.hibernate.SQL - 
    delete 
    from
        notifications
Hibernate: 
    delete 
    from
        notifications
2025-07-03 07:10:06.803 [main] DEBUG org.hibernate.SQL - 
    delete 
    from
        ratings
Hibernate: 
    delete 
    from
        ratings
2025-07-03 07:10:06.803 [main] DEBUG org.hibernate.SQL - 
    delete 
    from
        order_items
Hibernate: 
    delete 
    from
        order_items
2025-07-03 07:10:06.803 [main] DEBUG org.hibernate.SQL - 
    delete 
    from
        orders
Hibernate: 
    delete 
    from
        orders
2025-07-03 07:10:06.803 [main] DEBUG org.hibernate.SQL - 
    delete 
    from
        food_items
Hibernate: 
    delete 
    from
        food_items
2025-07-03 07:10:06.803 [main] DEBUG org.hibernate.SQL - 
    delete 
    from
        restaurants
Hibernate: 
    delete 
    from
        restaurants
2025-07-03 07:10:06.803 [main] DEBUG org.hibernate.SQL - 
    delete 
    from
        users
Hibernate: 
    delete 
    from
        users
2025-07-03 07:10:06.804 [main] DEBUG c.myapp.common.TestDatabaseManager - Cleaned all test data from database
2025-07-03 07:10:06.804 [main] DEBUG c.myapp.common.TestDatabaseManager - Test database cleanup completed
✅ Database cleaned via TestDatabaseManager
2025-07-03 07:10:06.863 [main] DEBUG org.hibernate.SQL - 
    select
        u1_0.id,
        u1_0.address,
        u1_0.email,
        u1_0.full_name,
        u1_0.is_active,
        u1_0.password_hash,
        u1_0.phone,
        u1_0.role 
    from
        users u1_0 
    where
        u1_0.phone=?
Hibernate: 
    select
        u1_0.id,
        u1_0.address,
        u1_0.email,
        u1_0.full_name,
        u1_0.is_active,
        u1_0.password_hash,
        u1_0.phone,
        u1_0.role 
    from
        users u1_0 
    where
        u1_0.phone=?
2025-07-03 07:10:06.863 [main] DEBUG org.hibernate.SQL - 
    insert 
    into
        users
        (address, email, full_name, is_active, password_hash, phone, role, id) 
    values
        (?, ?, ?, ?, ?, ?, ?, ?)
Hibernate: 
    insert 
    into
        users
        (address, email, full_name, is_active, password_hash, phone, role, id) 
    values
        (?, ?, ?, ?, ?, ?, ?, ?)
2025-07-03 07:10:06.865 [main] DEBUG org.hibernate.SQL - 
    select
        r1_0.id,
        r1_0.address,
        r1_0.name,
        r1_0.owner_id,
        r1_0.phone,
        r1_0.status 
    from
        restaurants r1_0 
    where
        r1_0.id=?
Hibernate: 
    select
        r1_0.id,
        r1_0.address,
        r1_0.name,
        r1_0.owner_id,
        r1_0.phone,
        r1_0.status 
    from
        restaurants r1_0 
    where
        r1_0.id=?
2025-07-03 07:10:06.865 [main] DEBUG org.hibernate.SQL - 
    insert 
    into
        restaurants
        (address, name, owner_id, phone, status, id) 
    values
        (?, ?, ?, ?, ?, ?)
Hibernate: 
    insert 
    into
        restaurants
        (address, name, owner_id, phone, status, id) 
    values
        (?, ?, ?, ?, ?, ?)
2025-07-03 07:10:06.866 [main] DEBUG org.hibernate.SQL - 
    select
        o1_0.id,
        o1_0.actual_delivery_time,
        o1_0.customer_id,
        o1_0.delivery_address,
        o1_0.estimated_delivery_time,
        o1_0.notes,
        o1_0.order_date,
        o1_0.phone,
        o1_0.restaurant_id,
        o1_0.status,
        o1_0.total_amount,
        oi1_0.order_id,
        oi1_0.id,
        oi1_0.food_item_id,
        oi1_0.price,
        oi1_0.quantity 
    from
        orders o1_0 
    left join
        order_items oi1_0 
            on o1_0.id=oi1_0.order_id 
    where
        o1_0.id=?
Hibernate: 
    select
        o1_0.id,
        o1_0.actual_delivery_time,
        o1_0.customer_id,
        o1_0.delivery_address,
        o1_0.estimated_delivery_time,
        o1_0.notes,
        o1_0.order_date,
        o1_0.phone,
        o1_0.restaurant_id,
        o1_0.status,
        o1_0.total_amount,
        oi1_0.order_id,
        oi1_0.id,
        oi1_0.food_item_id,
        oi1_0.price,
        oi1_0.quantity 
    from
        orders o1_0 
    left join
        order_items oi1_0 
            on o1_0.id=oi1_0.order_id 
    where
        o1_0.id=?
2025-07-03 07:10:06.867 [main] DEBUG org.hibernate.SQL - 
    insert 
    into
        orders
        (actual_delivery_time, customer_id, delivery_address, estimated_delivery_time, notes, order_date, phone, restaurant_id, status, total_amount, id) 
    values
        (?, ?, ?, ?, ?, ?, ?, ?, ?, ?, ?)
Hibernate: 
    insert 
    into
        orders
        (actual_delivery_time, customer_id, delivery_address, estimated_delivery_time, notes, order_date, phone, restaurant_id, status, total_amount, id) 
    values
        (?, ?, ?, ?, ?, ?, ?, ?, ?, ?, ?)
2025-07-03 07:10:06.868 [main] DEBUG org.hibernate.SQL - 
    select
        u1_0.id,
        u1_0.address,
        u1_0.email,
        u1_0.full_name,
        u1_0.is_active,
        u1_0.password_hash,
        u1_0.phone,
        u1_0.role 
    from
        users u1_0 
    where
        u1_0.id=?
Hibernate: 
    select
        u1_0.id,
        u1_0.address,
        u1_0.email,
        u1_0.full_name,
        u1_0.is_active,
        u1_0.password_hash,
        u1_0.phone,
        u1_0.role 
    from
        users u1_0 
    where
        u1_0.id=?
2025-07-03 07:10:06.870 [main] DEBUG org.hibernate.SQL - 
    select
        o1_0.id,
        o1_0.actual_delivery_time,
        o1_0.customer_id,
        o1_0.delivery_address,
        o1_0.estimated_delivery_time,
        o1_0.notes,
        o1_0.order_date,
        oi1_0.order_id,
        oi1_0.id,
        oi1_0.food_item_id,
        fi1_0.id,
        fi1_0.available,
        fi1_0.category,
        fi1_0.description,
        fi1_0.image_url,
        fi1_0.keywords,
        fi1_0.name,
        fi1_0.price,
        fi1_0.quantity,
        fi1_0.restaurant_id,
        oi1_0.price,
        oi1_0.quantity,
        o1_0.phone,
        o1_0.restaurant_id,
        o1_0.status,
        o1_0.total_amount 
    from
        orders o1_0 
    left join
        order_items oi1_0 
            on o1_0.id=oi1_0.order_id 
    left join
        food_items fi1_0 
            on fi1_0.id=oi1_0.food_item_id 
    where
        o1_0.id=?
Hibernate: 
    select
        o1_0.id,
        o1_0.actual_delivery_time,
        o1_0.customer_id,
        o1_0.delivery_address,
        o1_0.estimated_delivery_time,
        o1_0.notes,
        o1_0.order_date,
        oi1_0.order_id,
        oi1_0.id,
        oi1_0.food_item_id,
        fi1_0.id,
        fi1_0.available,
        fi1_0.category,
        fi1_0.description,
        fi1_0.image_url,
        fi1_0.keywords,
        fi1_0.name,
        fi1_0.price,
        fi1_0.quantity,
        fi1_0.restaurant_id,
        oi1_0.price,
        oi1_0.quantity,
        o1_0.phone,
        o1_0.restaurant_id,
        o1_0.status,
        o1_0.total_amount 
    from
        orders o1_0 
    left join
        order_items oi1_0 
            on o1_0.id=oi1_0.order_id 
    left join
        food_items fi1_0 
            on fi1_0.id=oi1_0.food_item_id 
    where
        o1_0.id=?
2025-07-03 07:10:06.871 [main] DEBUG org.hibernate.SQL - 
    select
        t1_0.id,
        t1_0.amount,
        t1_0.created_at,
        t1_0.description,
        t1_0.order_id,
        t1_0.payment_method,
        t1_0.processed_at,
        t1_0.reference_id,
        t1_0.status,
        t1_0.type,
        t1_0.updated_at,
        t1_0.user_id 
    from
        transactions t1_0 
    where
        t1_0.order_id=? 
    order by
        t1_0.created_at desc
Hibernate: 
    select
        t1_0.id,
        t1_0.amount,
        t1_0.created_at,
        t1_0.description,
        t1_0.order_id,
        t1_0.payment_method,
        t1_0.processed_at,
        t1_0.reference_id,
        t1_0.status,
        t1_0.type,
        t1_0.updated_at,
        t1_0.user_id 
    from
        transactions t1_0 
    where
        t1_0.order_id=? 
    order by
        t1_0.created_at desc
2025-07-03 07:10:06.872 [main] DEBUG org.hibernate.SQL - 
    insert 
    into
        transactions
        (amount, created_at, description, order_id, payment_method, processed_at, reference_id, status, type, updated_at, user_id, id) 
    values
        (?, ?, ?, ?, ?, ?, ?, ?, ?, ?, ?, ?)
Hibernate: 
    insert 
    into
        transactions
        (amount, created_at, description, order_id, payment_method, processed_at, reference_id, status, type, updated_at, user_id, id) 
    values
        (?, ?, ?, ?, ?, ?, ?, ?, ?, ?, ?, ?)
2025-07-03 07:10:06.873 [main] DEBUG org.hibernate.SQL - 
    select
        t1_0.id,
        t1_0.amount,
        t1_0.created_at,
        t1_0.description,
        t1_0.order_id,
        t1_0.payment_method,
        t1_0.processed_at,
        t1_0.reference_id,
        t1_0.status,
        t1_0.type,
        t1_0.updated_at,
        t1_0.user_id 
    from
        transactions t1_0 
    where
        t1_0.id=?
Hibernate: 
    select
        t1_0.id,
        t1_0.amount,
        t1_0.created_at,
        t1_0.description,
        t1_0.order_id,
        t1_0.payment_method,
        t1_0.processed_at,
        t1_0.reference_id,
        t1_0.status,
        t1_0.type,
        t1_0.updated_at,
        t1_0.user_id 
    from
        transactions t1_0 
    where
        t1_0.id=?
2025-07-03 07:10:06.874 [main] DEBUG org.hibernate.SQL - 
    update
        transactions 
    set
        amount=?,
        created_at=?,
        description=?,
        order_id=?,
        payment_method=?,
        processed_at=?,
        reference_id=?,
        status=?,
        type=?,
        updated_at=?,
        user_id=? 
    where
        id=?
Hibernate: 
    update
        transactions 
    set
        amount=?,
        created_at=?,
        description=?,
        order_id=?,
        payment_method=?,
        processed_at=?,
        reference_id=?,
        status=?,
        type=?,
        updated_at=?,
        user_id=? 
    where
        id=?
✅ Valid payment method processed: card
]]></system-out>
  </testcase>
  <testcase name="validPaymentMethodFormats_VariousCases_AcceptedCorrectly(String)[6]" classname="com.myapp.payment.PaymentEdgeCaseTest$PaymentMethodValidationTests" time="0.072">
    <system-out><![CDATA[🧹 Cleaning up all transactions...
2025-07-03 07:10:06.876 [main] DEBUG org.hibernate.SQL - 
    delete 
    from
        notifications
Hibernate: 
    delete 
    from
        notifications
2025-07-03 07:10:06.876 [main] DEBUG org.hibernate.SQL - 
    delete 
    from
        ratings
Hibernate: 
    delete 
    from
        ratings
2025-07-03 07:10:06.876 [main] DEBUG org.hibernate.SQL - 
    delete 
    from
        order_items
Hibernate: 
    delete 
    from
        order_items
2025-07-03 07:10:06.876 [main] DEBUG org.hibernate.SQL - 
    delete 
    from
        orders
Hibernate: 
    delete 
    from
        orders
2025-07-03 07:10:06.876 [main] DEBUG org.hibernate.SQL - 
    delete 
    from
        food_items
Hibernate: 
    delete 
    from
        food_items
2025-07-03 07:10:06.876 [main] DEBUG org.hibernate.SQL - 
    delete 
    from
        restaurants
Hibernate: 
    delete 
    from
        restaurants
2025-07-03 07:10:06.877 [main] DEBUG org.hibernate.SQL - 
    delete 
    from
        users
Hibernate: 
    delete 
    from
        users
2025-07-03 07:10:06.878 [main] DEBUG c.myapp.common.TestDatabaseManager - Cleaned all test data from database
2025-07-03 07:10:06.878 [main] DEBUG c.myapp.common.TestDatabaseManager - Test database cleanup completed
✅ Database cleaned via TestDatabaseManager
2025-07-03 07:10:06.936 [main] DEBUG org.hibernate.SQL - 
    select
        u1_0.id,
        u1_0.address,
        u1_0.email,
        u1_0.full_name,
        u1_0.is_active,
        u1_0.password_hash,
        u1_0.phone,
        u1_0.role 
    from
        users u1_0 
    where
        u1_0.phone=?
Hibernate: 
    select
        u1_0.id,
        u1_0.address,
        u1_0.email,
        u1_0.full_name,
        u1_0.is_active,
        u1_0.password_hash,
        u1_0.phone,
        u1_0.role 
    from
        users u1_0 
    where
        u1_0.phone=?
2025-07-03 07:10:06.937 [main] DEBUG org.hibernate.SQL - 
    insert 
    into
        users
        (address, email, full_name, is_active, password_hash, phone, role, id) 
    values
        (?, ?, ?, ?, ?, ?, ?, ?)
Hibernate: 
    insert 
    into
        users
        (address, email, full_name, is_active, password_hash, phone, role, id) 
    values
        (?, ?, ?, ?, ?, ?, ?, ?)
2025-07-03 07:10:06.938 [main] DEBUG org.hibernate.SQL - 
    select
        r1_0.id,
        r1_0.address,
        r1_0.name,
        r1_0.owner_id,
        r1_0.phone,
        r1_0.status 
    from
        restaurants r1_0 
    where
        r1_0.id=?
Hibernate: 
    select
        r1_0.id,
        r1_0.address,
        r1_0.name,
        r1_0.owner_id,
        r1_0.phone,
        r1_0.status 
    from
        restaurants r1_0 
    where
        r1_0.id=?
2025-07-03 07:10:06.939 [main] DEBUG org.hibernate.SQL - 
    insert 
    into
        restaurants
        (address, name, owner_id, phone, status, id) 
    values
        (?, ?, ?, ?, ?, ?)
Hibernate: 
    insert 
    into
        restaurants
        (address, name, owner_id, phone, status, id) 
    values
        (?, ?, ?, ?, ?, ?)
2025-07-03 07:10:06.940 [main] DEBUG org.hibernate.SQL - 
    select
        o1_0.id,
        o1_0.actual_delivery_time,
        o1_0.customer_id,
        o1_0.delivery_address,
        o1_0.estimated_delivery_time,
        o1_0.notes,
        o1_0.order_date,
        o1_0.phone,
        o1_0.restaurant_id,
        o1_0.status,
        o1_0.total_amount,
        oi1_0.order_id,
        oi1_0.id,
        oi1_0.food_item_id,
        oi1_0.price,
        oi1_0.quantity 
    from
        orders o1_0 
    left join
        order_items oi1_0 
            on o1_0.id=oi1_0.order_id 
    where
        o1_0.id=?
Hibernate: 
    select
        o1_0.id,
        o1_0.actual_delivery_time,
        o1_0.customer_id,
        o1_0.delivery_address,
        o1_0.estimated_delivery_time,
        o1_0.notes,
        o1_0.order_date,
        o1_0.phone,
        o1_0.restaurant_id,
        o1_0.status,
        o1_0.total_amount,
        oi1_0.order_id,
        oi1_0.id,
        oi1_0.food_item_id,
        oi1_0.price,
        oi1_0.quantity 
    from
        orders o1_0 
    left join
        order_items oi1_0 
            on o1_0.id=oi1_0.order_id 
    where
        o1_0.id=?
2025-07-03 07:10:06.941 [main] DEBUG org.hibernate.SQL - 
    insert 
    into
        orders
        (actual_delivery_time, customer_id, delivery_address, estimated_delivery_time, notes, order_date, phone, restaurant_id, status, total_amount, id) 
    values
        (?, ?, ?, ?, ?, ?, ?, ?, ?, ?, ?)
Hibernate: 
    insert 
    into
        orders
        (actual_delivery_time, customer_id, delivery_address, estimated_delivery_time, notes, order_date, phone, restaurant_id, status, total_amount, id) 
    values
        (?, ?, ?, ?, ?, ?, ?, ?, ?, ?, ?)
2025-07-03 07:10:06.942 [main] DEBUG org.hibernate.SQL - 
    select
        u1_0.id,
        u1_0.address,
        u1_0.email,
        u1_0.full_name,
        u1_0.is_active,
        u1_0.password_hash,
        u1_0.phone,
        u1_0.role 
    from
        users u1_0 
    where
        u1_0.id=?
Hibernate: 
    select
        u1_0.id,
        u1_0.address,
        u1_0.email,
        u1_0.full_name,
        u1_0.is_active,
        u1_0.password_hash,
        u1_0.phone,
        u1_0.role 
    from
        users u1_0 
    where
        u1_0.id=?
2025-07-03 07:10:06.942 [main] DEBUG org.hibernate.SQL - 
    select
        o1_0.id,
        o1_0.actual_delivery_time,
        o1_0.customer_id,
        o1_0.delivery_address,
        o1_0.estimated_delivery_time,
        o1_0.notes,
        o1_0.order_date,
        oi1_0.order_id,
        oi1_0.id,
        oi1_0.food_item_id,
        fi1_0.id,
        fi1_0.available,
        fi1_0.category,
        fi1_0.description,
        fi1_0.image_url,
        fi1_0.keywords,
        fi1_0.name,
        fi1_0.price,
        fi1_0.quantity,
        fi1_0.restaurant_id,
        oi1_0.price,
        oi1_0.quantity,
        o1_0.phone,
        o1_0.restaurant_id,
        o1_0.status,
        o1_0.total_amount 
    from
        orders o1_0 
    left join
        order_items oi1_0 
            on o1_0.id=oi1_0.order_id 
    left join
        food_items fi1_0 
            on fi1_0.id=oi1_0.food_item_id 
    where
        o1_0.id=?
Hibernate: 
    select
        o1_0.id,
        o1_0.actual_delivery_time,
        o1_0.customer_id,
        o1_0.delivery_address,
        o1_0.estimated_delivery_time,
        o1_0.notes,
        o1_0.order_date,
        oi1_0.order_id,
        oi1_0.id,
        oi1_0.food_item_id,
        fi1_0.id,
        fi1_0.available,
        fi1_0.category,
        fi1_0.description,
        fi1_0.image_url,
        fi1_0.keywords,
        fi1_0.name,
        fi1_0.price,
        fi1_0.quantity,
        fi1_0.restaurant_id,
        oi1_0.price,
        oi1_0.quantity,
        o1_0.phone,
        o1_0.restaurant_id,
        o1_0.status,
        o1_0.total_amount 
    from
        orders o1_0 
    left join
        order_items oi1_0 
            on o1_0.id=oi1_0.order_id 
    left join
        food_items fi1_0 
            on fi1_0.id=oi1_0.food_item_id 
    where
        o1_0.id=?
2025-07-03 07:10:06.943 [main] DEBUG org.hibernate.SQL - 
    select
        t1_0.id,
        t1_0.amount,
        t1_0.created_at,
        t1_0.description,
        t1_0.order_id,
        t1_0.payment_method,
        t1_0.processed_at,
        t1_0.reference_id,
        t1_0.status,
        t1_0.type,
        t1_0.updated_at,
        t1_0.user_id 
    from
        transactions t1_0 
    where
        t1_0.order_id=? 
    order by
        t1_0.created_at desc
Hibernate: 
    select
        t1_0.id,
        t1_0.amount,
        t1_0.created_at,
        t1_0.description,
        t1_0.order_id,
        t1_0.payment_method,
        t1_0.processed_at,
        t1_0.reference_id,
        t1_0.status,
        t1_0.type,
        t1_0.updated_at,
        t1_0.user_id 
    from
        transactions t1_0 
    where
        t1_0.order_id=? 
    order by
        t1_0.created_at desc
2025-07-03 07:10:06.944 [main] DEBUG org.hibernate.SQL - 
    insert 
    into
        transactions
        (amount, created_at, description, order_id, payment_method, processed_at, reference_id, status, type, updated_at, user_id, id) 
    values
        (?, ?, ?, ?, ?, ?, ?, ?, ?, ?, ?, ?)
Hibernate: 
    insert 
    into
        transactions
        (amount, created_at, description, order_id, payment_method, processed_at, reference_id, status, type, updated_at, user_id, id) 
    values
        (?, ?, ?, ?, ?, ?, ?, ?, ?, ?, ?, ?)
2025-07-03 07:10:06.945 [main] DEBUG org.hibernate.SQL - 
    select
        t1_0.id,
        t1_0.amount,
        t1_0.created_at,
        t1_0.description,
        t1_0.order_id,
        t1_0.payment_method,
        t1_0.processed_at,
        t1_0.reference_id,
        t1_0.status,
        t1_0.type,
        t1_0.updated_at,
        t1_0.user_id 
    from
        transactions t1_0 
    where
        t1_0.id=?
Hibernate: 
    select
        t1_0.id,
        t1_0.amount,
        t1_0.created_at,
        t1_0.description,
        t1_0.order_id,
        t1_0.payment_method,
        t1_0.processed_at,
        t1_0.reference_id,
        t1_0.status,
        t1_0.type,
        t1_0.updated_at,
        t1_0.user_id 
    from
        transactions t1_0 
    where
        t1_0.id=?
2025-07-03 07:10:06.946 [main] DEBUG org.hibernate.SQL - 
    update
        transactions 
    set
        amount=?,
        created_at=?,
        description=?,
        order_id=?,
        payment_method=?,
        processed_at=?,
        reference_id=?,
        status=?,
        type=?,
        updated_at=?,
        user_id=? 
    where
        id=?
Hibernate: 
    update
        transactions 
    set
        amount=?,
        created_at=?,
        description=?,
        order_id=?,
        payment_method=?,
        processed_at=?,
        reference_id=?,
        status=?,
        type=?,
        updated_at=?,
        user_id=? 
    where
        id=?
✅ Valid payment method processed: Card
]]></system-out>
  </testcase>
  <testcase name="validPaymentMethodFormats_VariousCases_AcceptedCorrectly(String)[7]" classname="com.myapp.payment.PaymentEdgeCaseTest$PaymentMethodValidationTests" time="0.066">
    <system-out><![CDATA[🧹 Cleaning up all transactions...
2025-07-03 07:10:06.948 [main] DEBUG org.hibernate.SQL - 
    delete 
    from
        notifications
Hibernate: 
    delete 
    from
        notifications
2025-07-03 07:10:06.948 [main] DEBUG org.hibernate.SQL - 
    delete 
    from
        ratings
Hibernate: 
    delete 
    from
        ratings
2025-07-03 07:10:06.949 [main] DEBUG org.hibernate.SQL - 
    delete 
    from
        order_items
Hibernate: 
    delete 
    from
        order_items
2025-07-03 07:10:06.949 [main] DEBUG org.hibernate.SQL - 
    delete 
    from
        orders
Hibernate: 
    delete 
    from
        orders
2025-07-03 07:10:06.949 [main] DEBUG org.hibernate.SQL - 
    delete 
    from
        food_items
Hibernate: 
    delete 
    from
        food_items
2025-07-03 07:10:06.949 [main] DEBUG org.hibernate.SQL - 
    delete 
    from
        restaurants
Hibernate: 
    delete 
    from
        restaurants
2025-07-03 07:10:06.949 [main] DEBUG org.hibernate.SQL - 
    delete 
    from
        users
Hibernate: 
    delete 
    from
        users
2025-07-03 07:10:06.950 [main] DEBUG c.myapp.common.TestDatabaseManager - Cleaned all test data from database
2025-07-03 07:10:06.950 [main] DEBUG c.myapp.common.TestDatabaseManager - Test database cleanup completed
✅ Database cleaned via TestDatabaseManager
2025-07-03 07:10:07.002 [main] DEBUG org.hibernate.SQL - 
    select
        u1_0.id,
        u1_0.address,
        u1_0.email,
        u1_0.full_name,
        u1_0.is_active,
        u1_0.password_hash,
        u1_0.phone,
        u1_0.role 
    from
        users u1_0 
    where
        u1_0.phone=?
Hibernate: 
    select
        u1_0.id,
        u1_0.address,
        u1_0.email,
        u1_0.full_name,
        u1_0.is_active,
        u1_0.password_hash,
        u1_0.phone,
        u1_0.role 
    from
        users u1_0 
    where
        u1_0.phone=?
2025-07-03 07:10:07.003 [main] DEBUG org.hibernate.SQL - 
    insert 
    into
        users
        (address, email, full_name, is_active, password_hash, phone, role, id) 
    values
        (?, ?, ?, ?, ?, ?, ?, ?)
Hibernate: 
    insert 
    into
        users
        (address, email, full_name, is_active, password_hash, phone, role, id) 
    values
        (?, ?, ?, ?, ?, ?, ?, ?)
2025-07-03 07:10:07.005 [main] DEBUG org.hibernate.SQL - 
    select
        r1_0.id,
        r1_0.address,
        r1_0.name,
        r1_0.owner_id,
        r1_0.phone,
        r1_0.status 
    from
        restaurants r1_0 
    where
        r1_0.id=?
Hibernate: 
    select
        r1_0.id,
        r1_0.address,
        r1_0.name,
        r1_0.owner_id,
        r1_0.phone,
        r1_0.status 
    from
        restaurants r1_0 
    where
        r1_0.id=?
2025-07-03 07:10:07.005 [main] DEBUG org.hibernate.SQL - 
    insert 
    into
        restaurants
        (address, name, owner_id, phone, status, id) 
    values
        (?, ?, ?, ?, ?, ?)
Hibernate: 
    insert 
    into
        restaurants
        (address, name, owner_id, phone, status, id) 
    values
        (?, ?, ?, ?, ?, ?)
2025-07-03 07:10:07.006 [main] DEBUG org.hibernate.SQL - 
    select
        o1_0.id,
        o1_0.actual_delivery_time,
        o1_0.customer_id,
        o1_0.delivery_address,
        o1_0.estimated_delivery_time,
        o1_0.notes,
        o1_0.order_date,
        o1_0.phone,
        o1_0.restaurant_id,
        o1_0.status,
        o1_0.total_amount,
        oi1_0.order_id,
        oi1_0.id,
        oi1_0.food_item_id,
        oi1_0.price,
        oi1_0.quantity 
    from
        orders o1_0 
    left join
        order_items oi1_0 
            on o1_0.id=oi1_0.order_id 
    where
        o1_0.id=?
Hibernate: 
    select
        o1_0.id,
        o1_0.actual_delivery_time,
        o1_0.customer_id,
        o1_0.delivery_address,
        o1_0.estimated_delivery_time,
        o1_0.notes,
        o1_0.order_date,
        o1_0.phone,
        o1_0.restaurant_id,
        o1_0.status,
        o1_0.total_amount,
        oi1_0.order_id,
        oi1_0.id,
        oi1_0.food_item_id,
        oi1_0.price,
        oi1_0.quantity 
    from
        orders o1_0 
    left join
        order_items oi1_0 
            on o1_0.id=oi1_0.order_id 
    where
        o1_0.id=?
2025-07-03 07:10:07.007 [main] DEBUG org.hibernate.SQL - 
    insert 
    into
        orders
        (actual_delivery_time, customer_id, delivery_address, estimated_delivery_time, notes, order_date, phone, restaurant_id, status, total_amount, id) 
    values
        (?, ?, ?, ?, ?, ?, ?, ?, ?, ?, ?)
Hibernate: 
    insert 
    into
        orders
        (actual_delivery_time, customer_id, delivery_address, estimated_delivery_time, notes, order_date, phone, restaurant_id, status, total_amount, id) 
    values
        (?, ?, ?, ?, ?, ?, ?, ?, ?, ?, ?)
2025-07-03 07:10:07.008 [main] DEBUG org.hibernate.SQL - 
    select
        u1_0.id,
        u1_0.address,
        u1_0.email,
        u1_0.full_name,
        u1_0.is_active,
        u1_0.password_hash,
        u1_0.phone,
        u1_0.role 
    from
        users u1_0 
    where
        u1_0.id=?
Hibernate: 
    select
        u1_0.id,
        u1_0.address,
        u1_0.email,
        u1_0.full_name,
        u1_0.is_active,
        u1_0.password_hash,
        u1_0.phone,
        u1_0.role 
    from
        users u1_0 
    where
        u1_0.id=?
2025-07-03 07:10:07.008 [main] DEBUG org.hibernate.SQL - 
    select
        o1_0.id,
        o1_0.actual_delivery_time,
        o1_0.customer_id,
        o1_0.delivery_address,
        o1_0.estimated_delivery_time,
        o1_0.notes,
        o1_0.order_date,
        oi1_0.order_id,
        oi1_0.id,
        oi1_0.food_item_id,
        fi1_0.id,
        fi1_0.available,
        fi1_0.category,
        fi1_0.description,
        fi1_0.image_url,
        fi1_0.keywords,
        fi1_0.name,
        fi1_0.price,
        fi1_0.quantity,
        fi1_0.restaurant_id,
        oi1_0.price,
        oi1_0.quantity,
        o1_0.phone,
        o1_0.restaurant_id,
        o1_0.status,
        o1_0.total_amount 
    from
        orders o1_0 
    left join
        order_items oi1_0 
            on o1_0.id=oi1_0.order_id 
    left join
        food_items fi1_0 
            on fi1_0.id=oi1_0.food_item_id 
    where
        o1_0.id=?
Hibernate: 
    select
        o1_0.id,
        o1_0.actual_delivery_time,
        o1_0.customer_id,
        o1_0.delivery_address,
        o1_0.estimated_delivery_time,
        o1_0.notes,
        o1_0.order_date,
        oi1_0.order_id,
        oi1_0.id,
        oi1_0.food_item_id,
        fi1_0.id,
        fi1_0.available,
        fi1_0.category,
        fi1_0.description,
        fi1_0.image_url,
        fi1_0.keywords,
        fi1_0.name,
        fi1_0.price,
        fi1_0.quantity,
        fi1_0.restaurant_id,
        oi1_0.price,
        oi1_0.quantity,
        o1_0.phone,
        o1_0.restaurant_id,
        o1_0.status,
        o1_0.total_amount 
    from
        orders o1_0 
    left join
        order_items oi1_0 
            on o1_0.id=oi1_0.order_id 
    left join
        food_items fi1_0 
            on fi1_0.id=oi1_0.food_item_id 
    where
        o1_0.id=?
2025-07-03 07:10:07.009 [main] DEBUG org.hibernate.SQL - 
    select
        t1_0.id,
        t1_0.amount,
        t1_0.created_at,
        t1_0.description,
        t1_0.order_id,
        t1_0.payment_method,
        t1_0.processed_at,
        t1_0.reference_id,
        t1_0.status,
        t1_0.type,
        t1_0.updated_at,
        t1_0.user_id 
    from
        transactions t1_0 
    where
        t1_0.order_id=? 
    order by
        t1_0.created_at desc
Hibernate: 
    select
        t1_0.id,
        t1_0.amount,
        t1_0.created_at,
        t1_0.description,
        t1_0.order_id,
        t1_0.payment_method,
        t1_0.processed_at,
        t1_0.reference_id,
        t1_0.status,
        t1_0.type,
        t1_0.updated_at,
        t1_0.user_id 
    from
        transactions t1_0 
    where
        t1_0.order_id=? 
    order by
        t1_0.created_at desc
2025-07-03 07:10:07.010 [main] DEBUG org.hibernate.SQL - 
    select
        next_val as id_val 
    from
        transactions_SEQ
Hibernate: 
    select
        next_val as id_val 
    from
        transactions_SEQ
2025-07-03 07:10:07.010 [main] DEBUG org.hibernate.SQL - 
    update
        transactions_SEQ 
    set
        next_val= ? 
    where
        next_val=?
Hibernate: 
    update
        transactions_SEQ 
    set
        next_val= ? 
    where
        next_val=?
2025-07-03 07:10:07.011 [main] DEBUG org.hibernate.SQL - 
    insert 
    into
        transactions
        (amount, created_at, description, order_id, payment_method, processed_at, reference_id, status, type, updated_at, user_id, id) 
    values
        (?, ?, ?, ?, ?, ?, ?, ?, ?, ?, ?, ?)
Hibernate: 
    insert 
    into
        transactions
        (amount, created_at, description, order_id, payment_method, processed_at, reference_id, status, type, updated_at, user_id, id) 
    values
        (?, ?, ?, ?, ?, ?, ?, ?, ?, ?, ?, ?)
2025-07-03 07:10:07.012 [main] DEBUG org.hibernate.SQL - 
    select
        t1_0.id,
        t1_0.amount,
        t1_0.created_at,
        t1_0.description,
        t1_0.order_id,
        t1_0.payment_method,
        t1_0.processed_at,
        t1_0.reference_id,
        t1_0.status,
        t1_0.type,
        t1_0.updated_at,
        t1_0.user_id 
    from
        transactions t1_0 
    where
        t1_0.id=?
Hibernate: 
    select
        t1_0.id,
        t1_0.amount,
        t1_0.created_at,
        t1_0.description,
        t1_0.order_id,
        t1_0.payment_method,
        t1_0.processed_at,
        t1_0.reference_id,
        t1_0.status,
        t1_0.type,
        t1_0.updated_at,
        t1_0.user_id 
    from
        transactions t1_0 
    where
        t1_0.id=?
2025-07-03 07:10:07.013 [main] DEBUG org.hibernate.SQL - 
    update
        transactions 
    set
        amount=?,
        created_at=?,
        description=?,
        order_id=?,
        payment_method=?,
        processed_at=?,
        reference_id=?,
        status=?,
        type=?,
        updated_at=?,
        user_id=? 
    where
        id=?
Hibernate: 
    update
        transactions 
    set
        amount=?,
        created_at=?,
        description=?,
        order_id=?,
        payment_method=?,
        processed_at=?,
        reference_id=?,
        status=?,
        type=?,
        updated_at=?,
        user_id=? 
    where
        id=?
✅ Valid payment method processed: CASH_ON_DELIVERY
]]></system-out>
  </testcase>
  <testcase name="validPaymentMethodFormats_VariousCases_AcceptedCorrectly(String)[8]" classname="com.myapp.payment.PaymentEdgeCaseTest$PaymentMethodValidationTests" time="0.071">
    <system-out><![CDATA[🧹 Cleaning up all transactions...
2025-07-03 07:10:07.015 [main] DEBUG org.hibernate.SQL - 
    delete 
    from
        notifications
Hibernate: 
    delete 
    from
        notifications
2025-07-03 07:10:07.015 [main] DEBUG org.hibernate.SQL - 
    delete 
    from
        ratings
Hibernate: 
    delete 
    from
        ratings
2025-07-03 07:10:07.015 [main] DEBUG org.hibernate.SQL - 
    delete 
    from
        order_items
Hibernate: 
    delete 
    from
        order_items
2025-07-03 07:10:07.015 [main] DEBUG org.hibernate.SQL - 
    delete 
    from
        orders
Hibernate: 
    delete 
    from
        orders
2025-07-03 07:10:07.016 [main] DEBUG org.hibernate.SQL - 
    delete 
    from
        food_items
Hibernate: 
    delete 
    from
        food_items
2025-07-03 07:10:07.016 [main] DEBUG org.hibernate.SQL - 
    delete 
    from
        restaurants
Hibernate: 
    delete 
    from
        restaurants
2025-07-03 07:10:07.016 [main] DEBUG org.hibernate.SQL - 
    delete 
    from
        users
Hibernate: 
    delete 
    from
        users
2025-07-03 07:10:07.017 [main] DEBUG c.myapp.common.TestDatabaseManager - Cleaned all test data from database
2025-07-03 07:10:07.017 [main] DEBUG c.myapp.common.TestDatabaseManager - Test database cleanup completed
✅ Database cleaned via TestDatabaseManager
2025-07-03 07:10:07.074 [main] DEBUG org.hibernate.SQL - 
    select
        u1_0.id,
        u1_0.address,
        u1_0.email,
        u1_0.full_name,
        u1_0.is_active,
        u1_0.password_hash,
        u1_0.phone,
        u1_0.role 
    from
        users u1_0 
    where
        u1_0.phone=?
Hibernate: 
    select
        u1_0.id,
        u1_0.address,
        u1_0.email,
        u1_0.full_name,
        u1_0.is_active,
        u1_0.password_hash,
        u1_0.phone,
        u1_0.role 
    from
        users u1_0 
    where
        u1_0.phone=?
2025-07-03 07:10:07.074 [main] DEBUG org.hibernate.SQL - 
    insert 
    into
        users
        (address, email, full_name, is_active, password_hash, phone, role, id) 
    values
        (?, ?, ?, ?, ?, ?, ?, ?)
Hibernate: 
    insert 
    into
        users
        (address, email, full_name, is_active, password_hash, phone, role, id) 
    values
        (?, ?, ?, ?, ?, ?, ?, ?)
2025-07-03 07:10:07.076 [main] DEBUG org.hibernate.SQL - 
    select
        r1_0.id,
        r1_0.address,
        r1_0.name,
        r1_0.owner_id,
        r1_0.phone,
        r1_0.status 
    from
        restaurants r1_0 
    where
        r1_0.id=?
Hibernate: 
    select
        r1_0.id,
        r1_0.address,
        r1_0.name,
        r1_0.owner_id,
        r1_0.phone,
        r1_0.status 
    from
        restaurants r1_0 
    where
        r1_0.id=?
2025-07-03 07:10:07.077 [main] DEBUG org.hibernate.SQL - 
    insert 
    into
        restaurants
        (address, name, owner_id, phone, status, id) 
    values
        (?, ?, ?, ?, ?, ?)
Hibernate: 
    insert 
    into
        restaurants
        (address, name, owner_id, phone, status, id) 
    values
        (?, ?, ?, ?, ?, ?)
2025-07-03 07:10:07.078 [main] DEBUG org.hibernate.SQL - 
    select
        o1_0.id,
        o1_0.actual_delivery_time,
        o1_0.customer_id,
        o1_0.delivery_address,
        o1_0.estimated_delivery_time,
        o1_0.notes,
        o1_0.order_date,
        o1_0.phone,
        o1_0.restaurant_id,
        o1_0.status,
        o1_0.total_amount,
        oi1_0.order_id,
        oi1_0.id,
        oi1_0.food_item_id,
        oi1_0.price,
        oi1_0.quantity 
    from
        orders o1_0 
    left join
        order_items oi1_0 
            on o1_0.id=oi1_0.order_id 
    where
        o1_0.id=?
Hibernate: 
    select
        o1_0.id,
        o1_0.actual_delivery_time,
        o1_0.customer_id,
        o1_0.delivery_address,
        o1_0.estimated_delivery_time,
        o1_0.notes,
        o1_0.order_date,
        o1_0.phone,
        o1_0.restaurant_id,
        o1_0.status,
        o1_0.total_amount,
        oi1_0.order_id,
        oi1_0.id,
        oi1_0.food_item_id,
        oi1_0.price,
        oi1_0.quantity 
    from
        orders o1_0 
    left join
        order_items oi1_0 
            on o1_0.id=oi1_0.order_id 
    where
        o1_0.id=?
2025-07-03 07:10:07.079 [main] DEBUG org.hibernate.SQL - 
    insert 
    into
        orders
        (actual_delivery_time, customer_id, delivery_address, estimated_delivery_time, notes, order_date, phone, restaurant_id, status, total_amount, id) 
    values
        (?, ?, ?, ?, ?, ?, ?, ?, ?, ?, ?)
Hibernate: 
    insert 
    into
        orders
        (actual_delivery_time, customer_id, delivery_address, estimated_delivery_time, notes, order_date, phone, restaurant_id, status, total_amount, id) 
    values
        (?, ?, ?, ?, ?, ?, ?, ?, ?, ?, ?)
2025-07-03 07:10:07.080 [main] DEBUG org.hibernate.SQL - 
    select
        u1_0.id,
        u1_0.address,
        u1_0.email,
        u1_0.full_name,
        u1_0.is_active,
        u1_0.password_hash,
        u1_0.phone,
        u1_0.role 
    from
        users u1_0 
    where
        u1_0.id=?
Hibernate: 
    select
        u1_0.id,
        u1_0.address,
        u1_0.email,
        u1_0.full_name,
        u1_0.is_active,
        u1_0.password_hash,
        u1_0.phone,
        u1_0.role 
    from
        users u1_0 
    where
        u1_0.id=?
2025-07-03 07:10:07.081 [main] DEBUG org.hibernate.SQL - 
    select
        o1_0.id,
        o1_0.actual_delivery_time,
        o1_0.customer_id,
        o1_0.delivery_address,
        o1_0.estimated_delivery_time,
        o1_0.notes,
        o1_0.order_date,
        oi1_0.order_id,
        oi1_0.id,
        oi1_0.food_item_id,
        fi1_0.id,
        fi1_0.available,
        fi1_0.category,
        fi1_0.description,
        fi1_0.image_url,
        fi1_0.keywords,
        fi1_0.name,
        fi1_0.price,
        fi1_0.quantity,
        fi1_0.restaurant_id,
        oi1_0.price,
        oi1_0.quantity,
        o1_0.phone,
        o1_0.restaurant_id,
        o1_0.status,
        o1_0.total_amount 
    from
        orders o1_0 
    left join
        order_items oi1_0 
            on o1_0.id=oi1_0.order_id 
    left join
        food_items fi1_0 
            on fi1_0.id=oi1_0.food_item_id 
    where
        o1_0.id=?
Hibernate: 
    select
        o1_0.id,
        o1_0.actual_delivery_time,
        o1_0.customer_id,
        o1_0.delivery_address,
        o1_0.estimated_delivery_time,
        o1_0.notes,
        o1_0.order_date,
        oi1_0.order_id,
        oi1_0.id,
        oi1_0.food_item_id,
        fi1_0.id,
        fi1_0.available,
        fi1_0.category,
        fi1_0.description,
        fi1_0.image_url,
        fi1_0.keywords,
        fi1_0.name,
        fi1_0.price,
        fi1_0.quantity,
        fi1_0.restaurant_id,
        oi1_0.price,
        oi1_0.quantity,
        o1_0.phone,
        o1_0.restaurant_id,
        o1_0.status,
        o1_0.total_amount 
    from
        orders o1_0 
    left join
        order_items oi1_0 
            on o1_0.id=oi1_0.order_id 
    left join
        food_items fi1_0 
            on fi1_0.id=oi1_0.food_item_id 
    where
        o1_0.id=?
2025-07-03 07:10:07.082 [main] DEBUG org.hibernate.SQL - 
    select
        t1_0.id,
        t1_0.amount,
        t1_0.created_at,
        t1_0.description,
        t1_0.order_id,
        t1_0.payment_method,
        t1_0.processed_at,
        t1_0.reference_id,
        t1_0.status,
        t1_0.type,
        t1_0.updated_at,
        t1_0.user_id 
    from
        transactions t1_0 
    where
        t1_0.order_id=? 
    order by
        t1_0.created_at desc
Hibernate: 
    select
        t1_0.id,
        t1_0.amount,
        t1_0.created_at,
        t1_0.description,
        t1_0.order_id,
        t1_0.payment_method,
        t1_0.processed_at,
        t1_0.reference_id,
        t1_0.status,
        t1_0.type,
        t1_0.updated_at,
        t1_0.user_id 
    from
        transactions t1_0 
    where
        t1_0.order_id=? 
    order by
        t1_0.created_at desc
2025-07-03 07:10:07.083 [main] DEBUG org.hibernate.SQL - 
    insert 
    into
        transactions
        (amount, created_at, description, order_id, payment_method, processed_at, reference_id, status, type, updated_at, user_id, id) 
    values
        (?, ?, ?, ?, ?, ?, ?, ?, ?, ?, ?, ?)
Hibernate: 
    insert 
    into
        transactions
        (amount, created_at, description, order_id, payment_method, processed_at, reference_id, status, type, updated_at, user_id, id) 
    values
        (?, ?, ?, ?, ?, ?, ?, ?, ?, ?, ?, ?)
2025-07-03 07:10:07.084 [main] DEBUG org.hibernate.SQL - 
    select
        t1_0.id,
        t1_0.amount,
        t1_0.created_at,
        t1_0.description,
        t1_0.order_id,
        t1_0.payment_method,
        t1_0.processed_at,
        t1_0.reference_id,
        t1_0.status,
        t1_0.type,
        t1_0.updated_at,
        t1_0.user_id 
    from
        transactions t1_0 
    where
        t1_0.id=?
Hibernate: 
    select
        t1_0.id,
        t1_0.amount,
        t1_0.created_at,
        t1_0.description,
        t1_0.order_id,
        t1_0.payment_method,
        t1_0.processed_at,
        t1_0.reference_id,
        t1_0.status,
        t1_0.type,
        t1_0.updated_at,
        t1_0.user_id 
    from
        transactions t1_0 
    where
        t1_0.id=?
2025-07-03 07:10:07.085 [main] DEBUG org.hibernate.SQL - 
    update
        transactions 
    set
        amount=?,
        created_at=?,
        description=?,
        order_id=?,
        payment_method=?,
        processed_at=?,
        reference_id=?,
        status=?,
        type=?,
        updated_at=?,
        user_id=? 
    where
        id=?
Hibernate: 
    update
        transactions 
    set
        amount=?,
        created_at=?,
        description=?,
        order_id=?,
        payment_method=?,
        processed_at=?,
        reference_id=?,
        status=?,
        type=?,
        updated_at=?,
        user_id=? 
    where
        id=?
✅ Valid payment method processed: cash_on_delivery
]]></system-out>
  </testcase>
  <testcase name="invalidPaymentMethodRejection_UnsupportedMethods_ThrowsException(String)[1]" classname="com.myapp.payment.PaymentEdgeCaseTest$PaymentMethodValidationTests" time="0.07">
    <system-out><![CDATA[🧹 Cleaning up all transactions...
2025-07-03 07:10:07.089 [main] DEBUG org.hibernate.SQL - 
    delete 
    from
        notifications
Hibernate: 
    delete 
    from
        notifications
2025-07-03 07:10:07.089 [main] DEBUG org.hibernate.SQL - 
    delete 
    from
        ratings
Hibernate: 
    delete 
    from
        ratings
2025-07-03 07:10:07.089 [main] DEBUG org.hibernate.SQL - 
    delete 
    from
        order_items
Hibernate: 
    delete 
    from
        order_items
2025-07-03 07:10:07.089 [main] DEBUG org.hibernate.SQL - 
    delete 
    from
        orders
Hibernate: 
    delete 
    from
        orders
2025-07-03 07:10:07.089 [main] DEBUG org.hibernate.SQL - 
    delete 
    from
        food_items
Hibernate: 
    delete 
    from
        food_items
2025-07-03 07:10:07.090 [main] DEBUG org.hibernate.SQL - 
    delete 
    from
        restaurants
Hibernate: 
    delete 
    from
        restaurants
2025-07-03 07:10:07.090 [main] DEBUG org.hibernate.SQL - 
    delete 
    from
        users
Hibernate: 
    delete 
    from
        users
2025-07-03 07:10:07.091 [main] DEBUG c.myapp.common.TestDatabaseManager - Cleaned all test data from database
2025-07-03 07:10:07.091 [main] DEBUG c.myapp.common.TestDatabaseManager - Test database cleanup completed
✅ Database cleaned via TestDatabaseManager
2025-07-03 07:10:07.150 [main] DEBUG org.hibernate.SQL - 
    select
        u1_0.id,
        u1_0.address,
        u1_0.email,
        u1_0.full_name,
        u1_0.is_active,
        u1_0.password_hash,
        u1_0.phone,
        u1_0.role 
    from
        users u1_0 
    where
        u1_0.phone=?
Hibernate: 
    select
        u1_0.id,
        u1_0.address,
        u1_0.email,
        u1_0.full_name,
        u1_0.is_active,
        u1_0.password_hash,
        u1_0.phone,
        u1_0.role 
    from
        users u1_0 
    where
        u1_0.phone=?
2025-07-03 07:10:07.151 [main] DEBUG org.hibernate.SQL - 
    insert 
    into
        users
        (address, email, full_name, is_active, password_hash, phone, role, id) 
    values
        (?, ?, ?, ?, ?, ?, ?, ?)
Hibernate: 
    insert 
    into
        users
        (address, email, full_name, is_active, password_hash, phone, role, id) 
    values
        (?, ?, ?, ?, ?, ?, ?, ?)
2025-07-03 07:10:07.153 [main] DEBUG org.hibernate.SQL - 
    select
        r1_0.id,
        r1_0.address,
        r1_0.name,
        r1_0.owner_id,
        r1_0.phone,
        r1_0.status 
    from
        restaurants r1_0 
    where
        r1_0.id=?
Hibernate: 
    select
        r1_0.id,
        r1_0.address,
        r1_0.name,
        r1_0.owner_id,
        r1_0.phone,
        r1_0.status 
    from
        restaurants r1_0 
    where
        r1_0.id=?
2025-07-03 07:10:07.153 [main] DEBUG org.hibernate.SQL - 
    insert 
    into
        restaurants
        (address, name, owner_id, phone, status, id) 
    values
        (?, ?, ?, ?, ?, ?)
Hibernate: 
    insert 
    into
        restaurants
        (address, name, owner_id, phone, status, id) 
    values
        (?, ?, ?, ?, ?, ?)
2025-07-03 07:10:07.155 [main] DEBUG org.hibernate.SQL - 
    select
        o1_0.id,
        o1_0.actual_delivery_time,
        o1_0.customer_id,
        o1_0.delivery_address,
        o1_0.estimated_delivery_time,
        o1_0.notes,
        o1_0.order_date,
        o1_0.phone,
        o1_0.restaurant_id,
        o1_0.status,
        o1_0.total_amount,
        oi1_0.order_id,
        oi1_0.id,
        oi1_0.food_item_id,
        oi1_0.price,
        oi1_0.quantity 
    from
        orders o1_0 
    left join
        order_items oi1_0 
            on o1_0.id=oi1_0.order_id 
    where
        o1_0.id=?
Hibernate: 
    select
        o1_0.id,
        o1_0.actual_delivery_time,
        o1_0.customer_id,
        o1_0.delivery_address,
        o1_0.estimated_delivery_time,
        o1_0.notes,
        o1_0.order_date,
        o1_0.phone,
        o1_0.restaurant_id,
        o1_0.status,
        o1_0.total_amount,
        oi1_0.order_id,
        oi1_0.id,
        oi1_0.food_item_id,
        oi1_0.price,
        oi1_0.quantity 
    from
        orders o1_0 
    left join
        order_items oi1_0 
            on o1_0.id=oi1_0.order_id 
    where
        o1_0.id=?
2025-07-03 07:10:07.155 [main] DEBUG org.hibernate.SQL - 
    insert 
    into
        orders
        (actual_delivery_time, customer_id, delivery_address, estimated_delivery_time, notes, order_date, phone, restaurant_id, status, total_amount, id) 
    values
        (?, ?, ?, ?, ?, ?, ?, ?, ?, ?, ?)
Hibernate: 
    insert 
    into
        orders
        (actual_delivery_time, customer_id, delivery_address, estimated_delivery_time, notes, order_date, phone, restaurant_id, status, total_amount, id) 
    values
        (?, ?, ?, ?, ?, ?, ?, ?, ?, ?, ?)
✅ Invalid payment method correctly rejected: 
]]></system-out>
  </testcase>
  <testcase name="invalidPaymentMethodRejection_UnsupportedMethods_ThrowsException(String)[2]" classname="com.myapp.payment.PaymentEdgeCaseTest$PaymentMethodValidationTests" time="0.07">
    <system-out><![CDATA[🧹 Cleaning up all transactions...
2025-07-03 07:10:07.159 [main] DEBUG org.hibernate.SQL - 
    delete 
    from
        notifications
Hibernate: 
    delete 
    from
        notifications
2025-07-03 07:10:07.159 [main] DEBUG org.hibernate.SQL - 
    delete 
    from
        ratings
Hibernate: 
    delete 
    from
        ratings
2025-07-03 07:10:07.159 [main] DEBUG org.hibernate.SQL - 
    delete 
    from
        order_items
Hibernate: 
    delete 
    from
        order_items
2025-07-03 07:10:07.159 [main] DEBUG org.hibernate.SQL - 
    delete 
    from
        orders
Hibernate: 
    delete 
    from
        orders
2025-07-03 07:10:07.160 [main] DEBUG org.hibernate.SQL - 
    delete 
    from
        food_items
Hibernate: 
    delete 
    from
        food_items
2025-07-03 07:10:07.160 [main] DEBUG org.hibernate.SQL - 
    delete 
    from
        restaurants
Hibernate: 
    delete 
    from
        restaurants
2025-07-03 07:10:07.160 [main] DEBUG org.hibernate.SQL - 
    delete 
    from
        users
Hibernate: 
    delete 
    from
        users
2025-07-03 07:10:07.160 [main] DEBUG c.myapp.common.TestDatabaseManager - Cleaned all test data from database
2025-07-03 07:10:07.160 [main] DEBUG c.myapp.common.TestDatabaseManager - Test database cleanup completed
✅ Database cleaned via TestDatabaseManager
2025-07-03 07:10:07.222 [main] DEBUG org.hibernate.SQL - 
    select
        u1_0.id,
        u1_0.address,
        u1_0.email,
        u1_0.full_name,
        u1_0.is_active,
        u1_0.password_hash,
        u1_0.phone,
        u1_0.role 
    from
        users u1_0 
    where
        u1_0.phone=?
Hibernate: 
    select
        u1_0.id,
        u1_0.address,
        u1_0.email,
        u1_0.full_name,
        u1_0.is_active,
        u1_0.password_hash,
        u1_0.phone,
        u1_0.role 
    from
        users u1_0 
    where
        u1_0.phone=?
2025-07-03 07:10:07.222 [main] DEBUG org.hibernate.SQL - 
    insert 
    into
        users
        (address, email, full_name, is_active, password_hash, phone, role, id) 
    values
        (?, ?, ?, ?, ?, ?, ?, ?)
Hibernate: 
    insert 
    into
        users
        (address, email, full_name, is_active, password_hash, phone, role, id) 
    values
        (?, ?, ?, ?, ?, ?, ?, ?)
2025-07-03 07:10:07.223 [main] DEBUG org.hibernate.SQL - 
    select
        r1_0.id,
        r1_0.address,
        r1_0.name,
        r1_0.owner_id,
        r1_0.phone,
        r1_0.status 
    from
        restaurants r1_0 
    where
        r1_0.id=?
Hibernate: 
    select
        r1_0.id,
        r1_0.address,
        r1_0.name,
        r1_0.owner_id,
        r1_0.phone,
        r1_0.status 
    from
        restaurants r1_0 
    where
        r1_0.id=?
2025-07-03 07:10:07.224 [main] DEBUG org.hibernate.SQL - 
    insert 
    into
        restaurants
        (address, name, owner_id, phone, status, id) 
    values
        (?, ?, ?, ?, ?, ?)
Hibernate: 
    insert 
    into
        restaurants
        (address, name, owner_id, phone, status, id) 
    values
        (?, ?, ?, ?, ?, ?)
2025-07-03 07:10:07.225 [main] DEBUG org.hibernate.SQL - 
    select
        o1_0.id,
        o1_0.actual_delivery_time,
        o1_0.customer_id,
        o1_0.delivery_address,
        o1_0.estimated_delivery_time,
        o1_0.notes,
        o1_0.order_date,
        o1_0.phone,
        o1_0.restaurant_id,
        o1_0.status,
        o1_0.total_amount,
        oi1_0.order_id,
        oi1_0.id,
        oi1_0.food_item_id,
        oi1_0.price,
        oi1_0.quantity 
    from
        orders o1_0 
    left join
        order_items oi1_0 
            on o1_0.id=oi1_0.order_id 
    where
        o1_0.id=?
Hibernate: 
    select
        o1_0.id,
        o1_0.actual_delivery_time,
        o1_0.customer_id,
        o1_0.delivery_address,
        o1_0.estimated_delivery_time,
        o1_0.notes,
        o1_0.order_date,
        o1_0.phone,
        o1_0.restaurant_id,
        o1_0.status,
        o1_0.total_amount,
        oi1_0.order_id,
        oi1_0.id,
        oi1_0.food_item_id,
        oi1_0.price,
        oi1_0.quantity 
    from
        orders o1_0 
    left join
        order_items oi1_0 
            on o1_0.id=oi1_0.order_id 
    where
        o1_0.id=?
2025-07-03 07:10:07.227 [main] DEBUG org.hibernate.SQL - 
    insert 
    into
        orders
        (actual_delivery_time, customer_id, delivery_address, estimated_delivery_time, notes, order_date, phone, restaurant_id, status, total_amount, id) 
    values
        (?, ?, ?, ?, ?, ?, ?, ?, ?, ?, ?)
Hibernate: 
    insert 
    into
        orders
        (actual_delivery_time, customer_id, delivery_address, estimated_delivery_time, notes, order_date, phone, restaurant_id, status, total_amount, id) 
    values
        (?, ?, ?, ?, ?, ?, ?, ?, ?, ?, ?)
✅ Invalid payment method correctly rejected:  
]]></system-out>
  </testcase>
  <testcase name="invalidPaymentMethodRejection_UnsupportedMethods_ThrowsException(String)[3]" classname="com.myapp.payment.PaymentEdgeCaseTest$PaymentMethodValidationTests" time="0.069">
    <system-out><![CDATA[🧹 Cleaning up all transactions...
2025-07-03 07:10:07.229 [main] DEBUG org.hibernate.SQL - 
    delete 
    from
        notifications
Hibernate: 
    delete 
    from
        notifications
2025-07-03 07:10:07.230 [main] DEBUG org.hibernate.SQL - 
    delete 
    from
        ratings
Hibernate: 
    delete 
    from
        ratings
2025-07-03 07:10:07.230 [main] DEBUG org.hibernate.SQL - 
    delete 
    from
        order_items
Hibernate: 
    delete 
    from
        order_items
2025-07-03 07:10:07.230 [main] DEBUG org.hibernate.SQL - 
    delete 
    from
        orders
Hibernate: 
    delete 
    from
        orders
2025-07-03 07:10:07.230 [main] DEBUG org.hibernate.SQL - 
    delete 
    from
        food_items
Hibernate: 
    delete 
    from
        food_items
2025-07-03 07:10:07.231 [main] DEBUG org.hibernate.SQL - 
    delete 
    from
        restaurants
Hibernate: 
    delete 
    from
        restaurants
2025-07-03 07:10:07.231 [main] DEBUG org.hibernate.SQL - 
    delete 
    from
        users
Hibernate: 
    delete 
    from
        users
2025-07-03 07:10:07.231 [main] DEBUG c.myapp.common.TestDatabaseManager - Cleaned all test data from database
2025-07-03 07:10:07.231 [main] DEBUG c.myapp.common.TestDatabaseManager - Test database cleanup completed
✅ Database cleaned via TestDatabaseManager
2025-07-03 07:10:07.284 [main] DEBUG org.hibernate.SQL - 
    select
        u1_0.id,
        u1_0.address,
        u1_0.email,
        u1_0.full_name,
        u1_0.is_active,
        u1_0.password_hash,
        u1_0.phone,
        u1_0.role 
    from
        users u1_0 
    where
        u1_0.phone=?
Hibernate: 
    select
        u1_0.id,
        u1_0.address,
        u1_0.email,
        u1_0.full_name,
        u1_0.is_active,
        u1_0.password_hash,
        u1_0.phone,
        u1_0.role 
    from
        users u1_0 
    where
        u1_0.phone=?
2025-07-03 07:10:07.287 [main] DEBUG org.hibernate.SQL - 
    insert 
    into
        users
        (address, email, full_name, is_active, password_hash, phone, role, id) 
    values
        (?, ?, ?, ?, ?, ?, ?, ?)
Hibernate: 
    insert 
    into
        users
        (address, email, full_name, is_active, password_hash, phone, role, id) 
    values
        (?, ?, ?, ?, ?, ?, ?, ?)
2025-07-03 07:10:07.288 [main] DEBUG org.hibernate.SQL - 
    select
        r1_0.id,
        r1_0.address,
        r1_0.name,
        r1_0.owner_id,
        r1_0.phone,
        r1_0.status 
    from
        restaurants r1_0 
    where
        r1_0.id=?
Hibernate: 
    select
        r1_0.id,
        r1_0.address,
        r1_0.name,
        r1_0.owner_id,
        r1_0.phone,
        r1_0.status 
    from
        restaurants r1_0 
    where
        r1_0.id=?
2025-07-03 07:10:07.289 [main] DEBUG org.hibernate.SQL - 
    insert 
    into
        restaurants
        (address, name, owner_id, phone, status, id) 
    values
        (?, ?, ?, ?, ?, ?)
Hibernate: 
    insert 
    into
        restaurants
        (address, name, owner_id, phone, status, id) 
    values
        (?, ?, ?, ?, ?, ?)
2025-07-03 07:10:07.290 [main] DEBUG org.hibernate.SQL - 
    select
        o1_0.id,
        o1_0.actual_delivery_time,
        o1_0.customer_id,
        o1_0.delivery_address,
        o1_0.estimated_delivery_time,
        o1_0.notes,
        o1_0.order_date,
        o1_0.phone,
        o1_0.restaurant_id,
        o1_0.status,
        o1_0.total_amount,
        oi1_0.order_id,
        oi1_0.id,
        oi1_0.food_item_id,
        oi1_0.price,
        oi1_0.quantity 
    from
        orders o1_0 
    left join
        order_items oi1_0 
            on o1_0.id=oi1_0.order_id 
    where
        o1_0.id=?
Hibernate: 
    select
        o1_0.id,
        o1_0.actual_delivery_time,
        o1_0.customer_id,
        o1_0.delivery_address,
        o1_0.estimated_delivery_time,
        o1_0.notes,
        o1_0.order_date,
        o1_0.phone,
        o1_0.restaurant_id,
        o1_0.status,
        o1_0.total_amount,
        oi1_0.order_id,
        oi1_0.id,
        oi1_0.food_item_id,
        oi1_0.price,
        oi1_0.quantity 
    from
        orders o1_0 
    left join
        order_items oi1_0 
            on o1_0.id=oi1_0.order_id 
    where
        o1_0.id=?
2025-07-03 07:10:07.291 [main] DEBUG org.hibernate.SQL - 
    insert 
    into
        orders
        (actual_delivery_time, customer_id, delivery_address, estimated_delivery_time, notes, order_date, phone, restaurant_id, status, total_amount, id) 
    values
        (?, ?, ?, ?, ?, ?, ?, ?, ?, ?, ?)
Hibernate: 
    insert 
    into
        orders
        (actual_delivery_time, customer_id, delivery_address, estimated_delivery_time, notes, order_date, phone, restaurant_id, status, total_amount, id) 
    values
        (?, ?, ?, ?, ?, ?, ?, ?, ?, ?, ?)
2025-07-03 07:10:07.292 [main] DEBUG org.hibernate.SQL - 
    select
        u1_0.id,
        u1_0.address,
        u1_0.email,
        u1_0.full_name,
        u1_0.is_active,
        u1_0.password_hash,
        u1_0.phone,
        u1_0.role 
    from
        users u1_0 
    where
        u1_0.id=?
Hibernate: 
    select
        u1_0.id,
        u1_0.address,
        u1_0.email,
        u1_0.full_name,
        u1_0.is_active,
        u1_0.password_hash,
        u1_0.phone,
        u1_0.role 
    from
        users u1_0 
    where
        u1_0.id=?
2025-07-03 07:10:07.293 [main] DEBUG org.hibernate.SQL - 
    select
        o1_0.id,
        o1_0.actual_delivery_time,
        o1_0.customer_id,
        o1_0.delivery_address,
        o1_0.estimated_delivery_time,
        o1_0.notes,
        o1_0.order_date,
        oi1_0.order_id,
        oi1_0.id,
        oi1_0.food_item_id,
        fi1_0.id,
        fi1_0.available,
        fi1_0.category,
        fi1_0.description,
        fi1_0.image_url,
        fi1_0.keywords,
        fi1_0.name,
        fi1_0.price,
        fi1_0.quantity,
        fi1_0.restaurant_id,
        oi1_0.price,
        oi1_0.quantity,
        o1_0.phone,
        o1_0.restaurant_id,
        o1_0.status,
        o1_0.total_amount 
    from
        orders o1_0 
    left join
        order_items oi1_0 
            on o1_0.id=oi1_0.order_id 
    left join
        food_items fi1_0 
            on fi1_0.id=oi1_0.food_item_id 
    where
        o1_0.id=?
Hibernate: 
    select
        o1_0.id,
        o1_0.actual_delivery_time,
        o1_0.customer_id,
        o1_0.delivery_address,
        o1_0.estimated_delivery_time,
        o1_0.notes,
        o1_0.order_date,
        oi1_0.order_id,
        oi1_0.id,
        oi1_0.food_item_id,
        fi1_0.id,
        fi1_0.available,
        fi1_0.category,
        fi1_0.description,
        fi1_0.image_url,
        fi1_0.keywords,
        fi1_0.name,
        fi1_0.price,
        fi1_0.quantity,
        fi1_0.restaurant_id,
        oi1_0.price,
        oi1_0.quantity,
        o1_0.phone,
        o1_0.restaurant_id,
        o1_0.status,
        o1_0.total_amount 
    from
        orders o1_0 
    left join
        order_items oi1_0 
            on o1_0.id=oi1_0.order_id 
    left join
        food_items fi1_0 
            on fi1_0.id=oi1_0.food_item_id 
    where
        o1_0.id=?
2025-07-03 07:10:07.294 [main] DEBUG org.hibernate.SQL - 
    select
        t1_0.id,
        t1_0.amount,
        t1_0.created_at,
        t1_0.description,
        t1_0.order_id,
        t1_0.payment_method,
        t1_0.processed_at,
        t1_0.reference_id,
        t1_0.status,
        t1_0.type,
        t1_0.updated_at,
        t1_0.user_id 
    from
        transactions t1_0 
    where
        t1_0.order_id=? 
    order by
        t1_0.created_at desc
Hibernate: 
    select
        t1_0.id,
        t1_0.amount,
        t1_0.created_at,
        t1_0.description,
        t1_0.order_id,
        t1_0.payment_method,
        t1_0.processed_at,
        t1_0.reference_id,
        t1_0.status,
        t1_0.type,
        t1_0.updated_at,
        t1_0.user_id 
    from
        transactions t1_0 
    where
        t1_0.order_id=? 
    order by
        t1_0.created_at desc
2025-07-03 07:10:07.295 [main] DEBUG org.hibernate.SQL - 
    insert 
    into
        transactions
        (amount, created_at, description, order_id, payment_method, processed_at, reference_id, status, type, updated_at, user_id, id) 
    values
        (?, ?, ?, ?, ?, ?, ?, ?, ?, ?, ?, ?)
Hibernate: 
    insert 
    into
        transactions
        (amount, created_at, description, order_id, payment_method, processed_at, reference_id, status, type, updated_at, user_id, id) 
    values
        (?, ?, ?, ?, ?, ?, ?, ?, ?, ?, ?, ?)
2025-07-03 07:10:07.296 [main] DEBUG org.hibernate.SQL - 
    select
        t1_0.id,
        t1_0.amount,
        t1_0.created_at,
        t1_0.description,
        t1_0.order_id,
        t1_0.payment_method,
        t1_0.processed_at,
        t1_0.reference_id,
        t1_0.status,
        t1_0.type,
        t1_0.updated_at,
        t1_0.user_id 
    from
        transactions t1_0 
    where
        t1_0.id=?
Hibernate: 
    select
        t1_0.id,
        t1_0.amount,
        t1_0.created_at,
        t1_0.description,
        t1_0.order_id,
        t1_0.payment_method,
        t1_0.processed_at,
        t1_0.reference_id,
        t1_0.status,
        t1_0.type,
        t1_0.updated_at,
        t1_0.user_id 
    from
        transactions t1_0 
    where
        t1_0.id=?
2025-07-03 07:10:07.297 [main] DEBUG org.hibernate.SQL - 
    update
        transactions 
    set
        amount=?,
        created_at=?,
        description=?,
        order_id=?,
        payment_method=?,
        processed_at=?,
        reference_id=?,
        status=?,
        type=?,
        updated_at=?,
        user_id=? 
    where
        id=?
Hibernate: 
    update
        transactions 
    set
        amount=?,
        created_at=?,
        description=?,
        order_id=?,
        payment_method=?,
        processed_at=?,
        reference_id=?,
        status=?,
        type=?,
        updated_at=?,
        user_id=? 
    where
        id=?
✅ Invalid payment method correctly rejected: INVALID
]]></system-out>
  </testcase>
  <testcase name="invalidPaymentMethodRejection_UnsupportedMethods_ThrowsException(String)[4]" classname="com.myapp.payment.PaymentEdgeCaseTest$PaymentMethodValidationTests" time="0.073">
    <system-out><![CDATA[🧹 Cleaning up all transactions...
2025-07-03 07:10:07.299 [main] DEBUG org.hibernate.SQL - 
    delete 
    from
        notifications
Hibernate: 
    delete 
    from
        notifications
2025-07-03 07:10:07.300 [main] DEBUG org.hibernate.SQL - 
    delete 
    from
        ratings
Hibernate: 
    delete 
    from
        ratings
2025-07-03 07:10:07.300 [main] DEBUG org.hibernate.SQL - 
    delete 
    from
        order_items
Hibernate: 
    delete 
    from
        order_items
2025-07-03 07:10:07.300 [main] DEBUG org.hibernate.SQL - 
    delete 
    from
        orders
Hibernate: 
    delete 
    from
        orders
2025-07-03 07:10:07.300 [main] DEBUG org.hibernate.SQL - 
    delete 
    from
        food_items
Hibernate: 
    delete 
    from
        food_items
2025-07-03 07:10:07.300 [main] DEBUG org.hibernate.SQL - 
    delete 
    from
        restaurants
Hibernate: 
    delete 
    from
        restaurants
2025-07-03 07:10:07.300 [main] DEBUG org.hibernate.SQL - 
    delete 
    from
        users
Hibernate: 
    delete 
    from
        users
2025-07-03 07:10:07.301 [main] DEBUG c.myapp.common.TestDatabaseManager - Cleaned all test data from database
2025-07-03 07:10:07.301 [main] DEBUG c.myapp.common.TestDatabaseManager - Test database cleanup completed
✅ Database cleaned via TestDatabaseManager
2025-07-03 07:10:07.362 [main] DEBUG org.hibernate.SQL - 
    select
        u1_0.id,
        u1_0.address,
        u1_0.email,
        u1_0.full_name,
        u1_0.is_active,
        u1_0.password_hash,
        u1_0.phone,
        u1_0.role 
    from
        users u1_0 
    where
        u1_0.phone=?
Hibernate: 
    select
        u1_0.id,
        u1_0.address,
        u1_0.email,
        u1_0.full_name,
        u1_0.is_active,
        u1_0.password_hash,
        u1_0.phone,
        u1_0.role 
    from
        users u1_0 
    where
        u1_0.phone=?
2025-07-03 07:10:07.363 [main] DEBUG org.hibernate.SQL - 
    insert 
    into
        users
        (address, email, full_name, is_active, password_hash, phone, role, id) 
    values
        (?, ?, ?, ?, ?, ?, ?, ?)
Hibernate: 
    insert 
    into
        users
        (address, email, full_name, is_active, password_hash, phone, role, id) 
    values
        (?, ?, ?, ?, ?, ?, ?, ?)
2025-07-03 07:10:07.364 [main] DEBUG org.hibernate.SQL - 
    select
        r1_0.id,
        r1_0.address,
        r1_0.name,
        r1_0.owner_id,
        r1_0.phone,
        r1_0.status 
    from
        restaurants r1_0 
    where
        r1_0.id=?
Hibernate: 
    select
        r1_0.id,
        r1_0.address,
        r1_0.name,
        r1_0.owner_id,
        r1_0.phone,
        r1_0.status 
    from
        restaurants r1_0 
    where
        r1_0.id=?
2025-07-03 07:10:07.365 [main] DEBUG org.hibernate.SQL - 
    insert 
    into
        restaurants
        (address, name, owner_id, phone, status, id) 
    values
        (?, ?, ?, ?, ?, ?)
Hibernate: 
    insert 
    into
        restaurants
        (address, name, owner_id, phone, status, id) 
    values
        (?, ?, ?, ?, ?, ?)
2025-07-03 07:10:07.366 [main] DEBUG org.hibernate.SQL - 
    select
        o1_0.id,
        o1_0.actual_delivery_time,
        o1_0.customer_id,
        o1_0.delivery_address,
        o1_0.estimated_delivery_time,
        o1_0.notes,
        o1_0.order_date,
        o1_0.phone,
        o1_0.restaurant_id,
        o1_0.status,
        o1_0.total_amount,
        oi1_0.order_id,
        oi1_0.id,
        oi1_0.food_item_id,
        oi1_0.price,
        oi1_0.quantity 
    from
        orders o1_0 
    left join
        order_items oi1_0 
            on o1_0.id=oi1_0.order_id 
    where
        o1_0.id=?
Hibernate: 
    select
        o1_0.id,
        o1_0.actual_delivery_time,
        o1_0.customer_id,
        o1_0.delivery_address,
        o1_0.estimated_delivery_time,
        o1_0.notes,
        o1_0.order_date,
        o1_0.phone,
        o1_0.restaurant_id,
        o1_0.status,
        o1_0.total_amount,
        oi1_0.order_id,
        oi1_0.id,
        oi1_0.food_item_id,
        oi1_0.price,
        oi1_0.quantity 
    from
        orders o1_0 
    left join
        order_items oi1_0 
            on o1_0.id=oi1_0.order_id 
    where
        o1_0.id=?
2025-07-03 07:10:07.366 [main] DEBUG org.hibernate.SQL - 
    insert 
    into
        orders
        (actual_delivery_time, customer_id, delivery_address, estimated_delivery_time, notes, order_date, phone, restaurant_id, status, total_amount, id) 
    values
        (?, ?, ?, ?, ?, ?, ?, ?, ?, ?, ?)
Hibernate: 
    insert 
    into
        orders
        (actual_delivery_time, customer_id, delivery_address, estimated_delivery_time, notes, order_date, phone, restaurant_id, status, total_amount, id) 
    values
        (?, ?, ?, ?, ?, ?, ?, ?, ?, ?, ?)
2025-07-03 07:10:07.367 [main] DEBUG org.hibernate.SQL - 
    select
        u1_0.id,
        u1_0.address,
        u1_0.email,
        u1_0.full_name,
        u1_0.is_active,
        u1_0.password_hash,
        u1_0.phone,
        u1_0.role 
    from
        users u1_0 
    where
        u1_0.id=?
Hibernate: 
    select
        u1_0.id,
        u1_0.address,
        u1_0.email,
        u1_0.full_name,
        u1_0.is_active,
        u1_0.password_hash,
        u1_0.phone,
        u1_0.role 
    from
        users u1_0 
    where
        u1_0.id=?
2025-07-03 07:10:07.368 [main] DEBUG org.hibernate.SQL - 
    select
        o1_0.id,
        o1_0.actual_delivery_time,
        o1_0.customer_id,
        o1_0.delivery_address,
        o1_0.estimated_delivery_time,
        o1_0.notes,
        o1_0.order_date,
        oi1_0.order_id,
        oi1_0.id,
        oi1_0.food_item_id,
        fi1_0.id,
        fi1_0.available,
        fi1_0.category,
        fi1_0.description,
        fi1_0.image_url,
        fi1_0.keywords,
        fi1_0.name,
        fi1_0.price,
        fi1_0.quantity,
        fi1_0.restaurant_id,
        oi1_0.price,
        oi1_0.quantity,
        o1_0.phone,
        o1_0.restaurant_id,
        o1_0.status,
        o1_0.total_amount 
    from
        orders o1_0 
    left join
        order_items oi1_0 
            on o1_0.id=oi1_0.order_id 
    left join
        food_items fi1_0 
            on fi1_0.id=oi1_0.food_item_id 
    where
        o1_0.id=?
Hibernate: 
    select
        o1_0.id,
        o1_0.actual_delivery_time,
        o1_0.customer_id,
        o1_0.delivery_address,
        o1_0.estimated_delivery_time,
        o1_0.notes,
        o1_0.order_date,
        oi1_0.order_id,
        oi1_0.id,
        oi1_0.food_item_id,
        fi1_0.id,
        fi1_0.available,
        fi1_0.category,
        fi1_0.description,
        fi1_0.image_url,
        fi1_0.keywords,
        fi1_0.name,
        fi1_0.price,
        fi1_0.quantity,
        fi1_0.restaurant_id,
        oi1_0.price,
        oi1_0.quantity,
        o1_0.phone,
        o1_0.restaurant_id,
        o1_0.status,
        o1_0.total_amount 
    from
        orders o1_0 
    left join
        order_items oi1_0 
            on o1_0.id=oi1_0.order_id 
    left join
        food_items fi1_0 
            on fi1_0.id=oi1_0.food_item_id 
    where
        o1_0.id=?
2025-07-03 07:10:07.368 [main] DEBUG org.hibernate.SQL - 
    select
        t1_0.id,
        t1_0.amount,
        t1_0.created_at,
        t1_0.description,
        t1_0.order_id,
        t1_0.payment_method,
        t1_0.processed_at,
        t1_0.reference_id,
        t1_0.status,
        t1_0.type,
        t1_0.updated_at,
        t1_0.user_id 
    from
        transactions t1_0 
    where
        t1_0.order_id=? 
    order by
        t1_0.created_at desc
Hibernate: 
    select
        t1_0.id,
        t1_0.amount,
        t1_0.created_at,
        t1_0.description,
        t1_0.order_id,
        t1_0.payment_method,
        t1_0.processed_at,
        t1_0.reference_id,
        t1_0.status,
        t1_0.type,
        t1_0.updated_at,
        t1_0.user_id 
    from
        transactions t1_0 
    where
        t1_0.order_id=? 
    order by
        t1_0.created_at desc
2025-07-03 07:10:07.369 [main] DEBUG org.hibernate.SQL - 
    insert 
    into
        transactions
        (amount, created_at, description, order_id, payment_method, processed_at, reference_id, status, type, updated_at, user_id, id) 
    values
        (?, ?, ?, ?, ?, ?, ?, ?, ?, ?, ?, ?)
Hibernate: 
    insert 
    into
        transactions
        (amount, created_at, description, order_id, payment_method, processed_at, reference_id, status, type, updated_at, user_id, id) 
    values
        (?, ?, ?, ?, ?, ?, ?, ?, ?, ?, ?, ?)
2025-07-03 07:10:07.371 [main] DEBUG org.hibernate.SQL - 
    select
        t1_0.id,
        t1_0.amount,
        t1_0.created_at,
        t1_0.description,
        t1_0.order_id,
        t1_0.payment_method,
        t1_0.processed_at,
        t1_0.reference_id,
        t1_0.status,
        t1_0.type,
        t1_0.updated_at,
        t1_0.user_id 
    from
        transactions t1_0 
    where
        t1_0.id=?
Hibernate: 
    select
        t1_0.id,
        t1_0.amount,
        t1_0.created_at,
        t1_0.description,
        t1_0.order_id,
        t1_0.payment_method,
        t1_0.processed_at,
        t1_0.reference_id,
        t1_0.status,
        t1_0.type,
        t1_0.updated_at,
        t1_0.user_id 
    from
        transactions t1_0 
    where
        t1_0.id=?
2025-07-03 07:10:07.371 [main] DEBUG org.hibernate.SQL - 
    update
        transactions 
    set
        amount=?,
        created_at=?,
        description=?,
        order_id=?,
        payment_method=?,
        processed_at=?,
        reference_id=?,
        status=?,
        type=?,
        updated_at=?,
        user_id=? 
    where
        id=?
Hibernate: 
    update
        transactions 
    set
        amount=?,
        created_at=?,
        description=?,
        order_id=?,
        payment_method=?,
        processed_at=?,
        reference_id=?,
        status=?,
        type=?,
        updated_at=?,
        user_id=? 
    where
        id=?
✅ Invalid payment method correctly rejected: CREDIT
]]></system-out>
  </testcase>
  <testcase name="invalidPaymentMethodRejection_UnsupportedMethods_ThrowsException(String)[5]" classname="com.myapp.payment.PaymentEdgeCaseTest$PaymentMethodValidationTests" time="0.069">
    <system-out><![CDATA[🧹 Cleaning up all transactions...
2025-07-03 07:10:07.374 [main] DEBUG org.hibernate.SQL - 
    delete 
    from
        notifications
Hibernate: 
    delete 
    from
        notifications
2025-07-03 07:10:07.374 [main] DEBUG org.hibernate.SQL - 
    delete 
    from
        ratings
Hibernate: 
    delete 
    from
        ratings
2025-07-03 07:10:07.374 [main] DEBUG org.hibernate.SQL - 
    delete 
    from
        order_items
Hibernate: 
    delete 
    from
        order_items
2025-07-03 07:10:07.374 [main] DEBUG org.hibernate.SQL - 
    delete 
    from
        orders
Hibernate: 
    delete 
    from
        orders
2025-07-03 07:10:07.374 [main] DEBUG org.hibernate.SQL - 
    delete 
    from
        food_items
Hibernate: 
    delete 
    from
        food_items
2025-07-03 07:10:07.374 [main] DEBUG org.hibernate.SQL - 
    delete 
    from
        restaurants
Hibernate: 
    delete 
    from
        restaurants
2025-07-03 07:10:07.374 [main] DEBUG org.hibernate.SQL - 
    delete 
    from
        users
Hibernate: 
    delete 
    from
        users
2025-07-03 07:10:07.375 [main] DEBUG c.myapp.common.TestDatabaseManager - Cleaned all test data from database
2025-07-03 07:10:07.375 [main] DEBUG c.myapp.common.TestDatabaseManager - Test database cleanup completed
✅ Database cleaned via TestDatabaseManager
2025-07-03 07:10:07.430 [main] DEBUG org.hibernate.SQL - 
    select
        u1_0.id,
        u1_0.address,
        u1_0.email,
        u1_0.full_name,
        u1_0.is_active,
        u1_0.password_hash,
        u1_0.phone,
        u1_0.role 
    from
        users u1_0 
    where
        u1_0.phone=?
Hibernate: 
    select
        u1_0.id,
        u1_0.address,
        u1_0.email,
        u1_0.full_name,
        u1_0.is_active,
        u1_0.password_hash,
        u1_0.phone,
        u1_0.role 
    from
        users u1_0 
    where
        u1_0.phone=?
2025-07-03 07:10:07.431 [main] DEBUG org.hibernate.SQL - 
    insert 
    into
        users
        (address, email, full_name, is_active, password_hash, phone, role, id) 
    values
        (?, ?, ?, ?, ?, ?, ?, ?)
Hibernate: 
    insert 
    into
        users
        (address, email, full_name, is_active, password_hash, phone, role, id) 
    values
        (?, ?, ?, ?, ?, ?, ?, ?)
2025-07-03 07:10:07.432 [main] DEBUG org.hibernate.SQL - 
    select
        r1_0.id,
        r1_0.address,
        r1_0.name,
        r1_0.owner_id,
        r1_0.phone,
        r1_0.status 
    from
        restaurants r1_0 
    where
        r1_0.id=?
Hibernate: 
    select
        r1_0.id,
        r1_0.address,
        r1_0.name,
        r1_0.owner_id,
        r1_0.phone,
        r1_0.status 
    from
        restaurants r1_0 
    where
        r1_0.id=?
2025-07-03 07:10:07.432 [main] DEBUG org.hibernate.SQL - 
    insert 
    into
        restaurants
        (address, name, owner_id, phone, status, id) 
    values
        (?, ?, ?, ?, ?, ?)
Hibernate: 
    insert 
    into
        restaurants
        (address, name, owner_id, phone, status, id) 
    values
        (?, ?, ?, ?, ?, ?)
2025-07-03 07:10:07.433 [main] DEBUG org.hibernate.SQL - 
    select
        o1_0.id,
        o1_0.actual_delivery_time,
        o1_0.customer_id,
        o1_0.delivery_address,
        o1_0.estimated_delivery_time,
        o1_0.notes,
        o1_0.order_date,
        o1_0.phone,
        o1_0.restaurant_id,
        o1_0.status,
        o1_0.total_amount,
        oi1_0.order_id,
        oi1_0.id,
        oi1_0.food_item_id,
        oi1_0.price,
        oi1_0.quantity 
    from
        orders o1_0 
    left join
        order_items oi1_0 
            on o1_0.id=oi1_0.order_id 
    where
        o1_0.id=?
Hibernate: 
    select
        o1_0.id,
        o1_0.actual_delivery_time,
        o1_0.customer_id,
        o1_0.delivery_address,
        o1_0.estimated_delivery_time,
        o1_0.notes,
        o1_0.order_date,
        o1_0.phone,
        o1_0.restaurant_id,
        o1_0.status,
        o1_0.total_amount,
        oi1_0.order_id,
        oi1_0.id,
        oi1_0.food_item_id,
        oi1_0.price,
        oi1_0.quantity 
    from
        orders o1_0 
    left join
        order_items oi1_0 
            on o1_0.id=oi1_0.order_id 
    where
        o1_0.id=?
2025-07-03 07:10:07.435 [main] DEBUG org.hibernate.SQL - 
    insert 
    into
        orders
        (actual_delivery_time, customer_id, delivery_address, estimated_delivery_time, notes, order_date, phone, restaurant_id, status, total_amount, id) 
    values
        (?, ?, ?, ?, ?, ?, ?, ?, ?, ?, ?)
Hibernate: 
    insert 
    into
        orders
        (actual_delivery_time, customer_id, delivery_address, estimated_delivery_time, notes, order_date, phone, restaurant_id, status, total_amount, id) 
    values
        (?, ?, ?, ?, ?, ?, ?, ?, ?, ?, ?)
2025-07-03 07:10:07.437 [main] DEBUG org.hibernate.SQL - 
    select
        u1_0.id,
        u1_0.address,
        u1_0.email,
        u1_0.full_name,
        u1_0.is_active,
        u1_0.password_hash,
        u1_0.phone,
        u1_0.role 
    from
        users u1_0 
    where
        u1_0.id=?
Hibernate: 
    select
        u1_0.id,
        u1_0.address,
        u1_0.email,
        u1_0.full_name,
        u1_0.is_active,
        u1_0.password_hash,
        u1_0.phone,
        u1_0.role 
    from
        users u1_0 
    where
        u1_0.id=?
2025-07-03 07:10:07.438 [main] DEBUG org.hibernate.SQL - 
    select
        o1_0.id,
        o1_0.actual_delivery_time,
        o1_0.customer_id,
        o1_0.delivery_address,
        o1_0.estimated_delivery_time,
        o1_0.notes,
        o1_0.order_date,
        oi1_0.order_id,
        oi1_0.id,
        oi1_0.food_item_id,
        fi1_0.id,
        fi1_0.available,
        fi1_0.category,
        fi1_0.description,
        fi1_0.image_url,
        fi1_0.keywords,
        fi1_0.name,
        fi1_0.price,
        fi1_0.quantity,
        fi1_0.restaurant_id,
        oi1_0.price,
        oi1_0.quantity,
        o1_0.phone,
        o1_0.restaurant_id,
        o1_0.status,
        o1_0.total_amount 
    from
        orders o1_0 
    left join
        order_items oi1_0 
            on o1_0.id=oi1_0.order_id 
    left join
        food_items fi1_0 
            on fi1_0.id=oi1_0.food_item_id 
    where
        o1_0.id=?
Hibernate: 
    select
        o1_0.id,
        o1_0.actual_delivery_time,
        o1_0.customer_id,
        o1_0.delivery_address,
        o1_0.estimated_delivery_time,
        o1_0.notes,
        o1_0.order_date,
        oi1_0.order_id,
        oi1_0.id,
        oi1_0.food_item_id,
        fi1_0.id,
        fi1_0.available,
        fi1_0.category,
        fi1_0.description,
        fi1_0.image_url,
        fi1_0.keywords,
        fi1_0.name,
        fi1_0.price,
        fi1_0.quantity,
        fi1_0.restaurant_id,
        oi1_0.price,
        oi1_0.quantity,
        o1_0.phone,
        o1_0.restaurant_id,
        o1_0.status,
        o1_0.total_amount 
    from
        orders o1_0 
    left join
        order_items oi1_0 
            on o1_0.id=oi1_0.order_id 
    left join
        food_items fi1_0 
            on fi1_0.id=oi1_0.food_item_id 
    where
        o1_0.id=?
2025-07-03 07:10:07.439 [main] DEBUG org.hibernate.SQL - 
    select
        t1_0.id,
        t1_0.amount,
        t1_0.created_at,
        t1_0.description,
        t1_0.order_id,
        t1_0.payment_method,
        t1_0.processed_at,
        t1_0.reference_id,
        t1_0.status,
        t1_0.type,
        t1_0.updated_at,
        t1_0.user_id 
    from
        transactions t1_0 
    where
        t1_0.order_id=? 
    order by
        t1_0.created_at desc
Hibernate: 
    select
        t1_0.id,
        t1_0.amount,
        t1_0.created_at,
        t1_0.description,
        t1_0.order_id,
        t1_0.payment_method,
        t1_0.processed_at,
        t1_0.reference_id,
        t1_0.status,
        t1_0.type,
        t1_0.updated_at,
        t1_0.user_id 
    from
        transactions t1_0 
    where
        t1_0.order_id=? 
    order by
        t1_0.created_at desc
2025-07-03 07:10:07.439 [main] DEBUG org.hibernate.SQL - 
    insert 
    into
        transactions
        (amount, created_at, description, order_id, payment_method, processed_at, reference_id, status, type, updated_at, user_id, id) 
    values
        (?, ?, ?, ?, ?, ?, ?, ?, ?, ?, ?, ?)
Hibernate: 
    insert 
    into
        transactions
        (amount, created_at, description, order_id, payment_method, processed_at, reference_id, status, type, updated_at, user_id, id) 
    values
        (?, ?, ?, ?, ?, ?, ?, ?, ?, ?, ?, ?)
2025-07-03 07:10:07.440 [main] DEBUG org.hibernate.SQL - 
    select
        t1_0.id,
        t1_0.amount,
        t1_0.created_at,
        t1_0.description,
        t1_0.order_id,
        t1_0.payment_method,
        t1_0.processed_at,
        t1_0.reference_id,
        t1_0.status,
        t1_0.type,
        t1_0.updated_at,
        t1_0.user_id 
    from
        transactions t1_0 
    where
        t1_0.id=?
Hibernate: 
    select
        t1_0.id,
        t1_0.amount,
        t1_0.created_at,
        t1_0.description,
        t1_0.order_id,
        t1_0.payment_method,
        t1_0.processed_at,
        t1_0.reference_id,
        t1_0.status,
        t1_0.type,
        t1_0.updated_at,
        t1_0.user_id 
    from
        transactions t1_0 
    where
        t1_0.id=?
2025-07-03 07:10:07.441 [main] DEBUG org.hibernate.SQL - 
    update
        transactions 
    set
        amount=?,
        created_at=?,
        description=?,
        order_id=?,
        payment_method=?,
        processed_at=?,
        reference_id=?,
        status=?,
        type=?,
        updated_at=?,
        user_id=? 
    where
        id=?
Hibernate: 
    update
        transactions 
    set
        amount=?,
        created_at=?,
        description=?,
        order_id=?,
        payment_method=?,
        processed_at=?,
        reference_id=?,
        status=?,
        type=?,
        updated_at=?,
        user_id=? 
    where
        id=?
✅ Invalid payment method correctly rejected: DEBIT
]]></system-out>
  </testcase>
  <testcase name="invalidPaymentMethodRejection_UnsupportedMethods_ThrowsException(String)[6]" classname="com.myapp.payment.PaymentEdgeCaseTest$PaymentMethodValidationTests" time="0.072">
    <system-out><![CDATA[🧹 Cleaning up all transactions...
2025-07-03 07:10:07.443 [main] DEBUG org.hibernate.SQL - 
    delete 
    from
        notifications
Hibernate: 
    delete 
    from
        notifications
2025-07-03 07:10:07.444 [main] DEBUG org.hibernate.SQL - 
    delete 
    from
        ratings
Hibernate: 
    delete 
    from
        ratings
2025-07-03 07:10:07.444 [main] DEBUG org.hibernate.SQL - 
    delete 
    from
        order_items
Hibernate: 
    delete 
    from
        order_items
2025-07-03 07:10:07.444 [main] DEBUG org.hibernate.SQL - 
    delete 
    from
        orders
Hibernate: 
    delete 
    from
        orders
2025-07-03 07:10:07.444 [main] DEBUG org.hibernate.SQL - 
    delete 
    from
        food_items
Hibernate: 
    delete 
    from
        food_items
2025-07-03 07:10:07.444 [main] DEBUG org.hibernate.SQL - 
    delete 
    from
        restaurants
Hibernate: 
    delete 
    from
        restaurants
2025-07-03 07:10:07.444 [main] DEBUG org.hibernate.SQL - 
    delete 
    from
        users
Hibernate: 
    delete 
    from
        users
2025-07-03 07:10:07.446 [main] DEBUG c.myapp.common.TestDatabaseManager - Cleaned all test data from database
2025-07-03 07:10:07.446 [main] DEBUG c.myapp.common.TestDatabaseManager - Test database cleanup completed
✅ Database cleaned via TestDatabaseManager
2025-07-03 07:10:07.505 [main] DEBUG org.hibernate.SQL - 
    select
        u1_0.id,
        u1_0.address,
        u1_0.email,
        u1_0.full_name,
        u1_0.is_active,
        u1_0.password_hash,
        u1_0.phone,
        u1_0.role 
    from
        users u1_0 
    where
        u1_0.phone=?
Hibernate: 
    select
        u1_0.id,
        u1_0.address,
        u1_0.email,
        u1_0.full_name,
        u1_0.is_active,
        u1_0.password_hash,
        u1_0.phone,
        u1_0.role 
    from
        users u1_0 
    where
        u1_0.phone=?
2025-07-03 07:10:07.505 [main] DEBUG org.hibernate.SQL - 
    insert 
    into
        users
        (address, email, full_name, is_active, password_hash, phone, role, id) 
    values
        (?, ?, ?, ?, ?, ?, ?, ?)
Hibernate: 
    insert 
    into
        users
        (address, email, full_name, is_active, password_hash, phone, role, id) 
    values
        (?, ?, ?, ?, ?, ?, ?, ?)
2025-07-03 07:10:07.507 [main] DEBUG org.hibernate.SQL - 
    select
        r1_0.id,
        r1_0.address,
        r1_0.name,
        r1_0.owner_id,
        r1_0.phone,
        r1_0.status 
    from
        restaurants r1_0 
    where
        r1_0.id=?
Hibernate: 
    select
        r1_0.id,
        r1_0.address,
        r1_0.name,
        r1_0.owner_id,
        r1_0.phone,
        r1_0.status 
    from
        restaurants r1_0 
    where
        r1_0.id=?
2025-07-03 07:10:07.507 [main] DEBUG org.hibernate.SQL - 
    insert 
    into
        restaurants
        (address, name, owner_id, phone, status, id) 
    values
        (?, ?, ?, ?, ?, ?)
Hibernate: 
    insert 
    into
        restaurants
        (address, name, owner_id, phone, status, id) 
    values
        (?, ?, ?, ?, ?, ?)
2025-07-03 07:10:07.508 [main] DEBUG org.hibernate.SQL - 
    select
        o1_0.id,
        o1_0.actual_delivery_time,
        o1_0.customer_id,
        o1_0.delivery_address,
        o1_0.estimated_delivery_time,
        o1_0.notes,
        o1_0.order_date,
        o1_0.phone,
        o1_0.restaurant_id,
        o1_0.status,
        o1_0.total_amount,
        oi1_0.order_id,
        oi1_0.id,
        oi1_0.food_item_id,
        oi1_0.price,
        oi1_0.quantity 
    from
        orders o1_0 
    left join
        order_items oi1_0 
            on o1_0.id=oi1_0.order_id 
    where
        o1_0.id=?
Hibernate: 
    select
        o1_0.id,
        o1_0.actual_delivery_time,
        o1_0.customer_id,
        o1_0.delivery_address,
        o1_0.estimated_delivery_time,
        o1_0.notes,
        o1_0.order_date,
        o1_0.phone,
        o1_0.restaurant_id,
        o1_0.status,
        o1_0.total_amount,
        oi1_0.order_id,
        oi1_0.id,
        oi1_0.food_item_id,
        oi1_0.price,
        oi1_0.quantity 
    from
        orders o1_0 
    left join
        order_items oi1_0 
            on o1_0.id=oi1_0.order_id 
    where
        o1_0.id=?
2025-07-03 07:10:07.508 [main] DEBUG org.hibernate.SQL - 
    insert 
    into
        orders
        (actual_delivery_time, customer_id, delivery_address, estimated_delivery_time, notes, order_date, phone, restaurant_id, status, total_amount, id) 
    values
        (?, ?, ?, ?, ?, ?, ?, ?, ?, ?, ?)
Hibernate: 
    insert 
    into
        orders
        (actual_delivery_time, customer_id, delivery_address, estimated_delivery_time, notes, order_date, phone, restaurant_id, status, total_amount, id) 
    values
        (?, ?, ?, ?, ?, ?, ?, ?, ?, ?, ?)
2025-07-03 07:10:07.510 [main] DEBUG org.hibernate.SQL - 
    select
        u1_0.id,
        u1_0.address,
        u1_0.email,
        u1_0.full_name,
        u1_0.is_active,
        u1_0.password_hash,
        u1_0.phone,
        u1_0.role 
    from
        users u1_0 
    where
        u1_0.id=?
Hibernate: 
    select
        u1_0.id,
        u1_0.address,
        u1_0.email,
        u1_0.full_name,
        u1_0.is_active,
        u1_0.password_hash,
        u1_0.phone,
        u1_0.role 
    from
        users u1_0 
    where
        u1_0.id=?
2025-07-03 07:10:07.511 [main] DEBUG org.hibernate.SQL - 
    select
        o1_0.id,
        o1_0.actual_delivery_time,
        o1_0.customer_id,
        o1_0.delivery_address,
        o1_0.estimated_delivery_time,
        o1_0.notes,
        o1_0.order_date,
        oi1_0.order_id,
        oi1_0.id,
        oi1_0.food_item_id,
        fi1_0.id,
        fi1_0.available,
        fi1_0.category,
        fi1_0.description,
        fi1_0.image_url,
        fi1_0.keywords,
        fi1_0.name,
        fi1_0.price,
        fi1_0.quantity,
        fi1_0.restaurant_id,
        oi1_0.price,
        oi1_0.quantity,
        o1_0.phone,
        o1_0.restaurant_id,
        o1_0.status,
        o1_0.total_amount 
    from
        orders o1_0 
    left join
        order_items oi1_0 
            on o1_0.id=oi1_0.order_id 
    left join
        food_items fi1_0 
            on fi1_0.id=oi1_0.food_item_id 
    where
        o1_0.id=?
Hibernate: 
    select
        o1_0.id,
        o1_0.actual_delivery_time,
        o1_0.customer_id,
        o1_0.delivery_address,
        o1_0.estimated_delivery_time,
        o1_0.notes,
        o1_0.order_date,
        oi1_0.order_id,
        oi1_0.id,
        oi1_0.food_item_id,
        fi1_0.id,
        fi1_0.available,
        fi1_0.category,
        fi1_0.description,
        fi1_0.image_url,
        fi1_0.keywords,
        fi1_0.name,
        fi1_0.price,
        fi1_0.quantity,
        fi1_0.restaurant_id,
        oi1_0.price,
        oi1_0.quantity,
        o1_0.phone,
        o1_0.restaurant_id,
        o1_0.status,
        o1_0.total_amount 
    from
        orders o1_0 
    left join
        order_items oi1_0 
            on o1_0.id=oi1_0.order_id 
    left join
        food_items fi1_0 
            on fi1_0.id=oi1_0.food_item_id 
    where
        o1_0.id=?
2025-07-03 07:10:07.512 [main] DEBUG org.hibernate.SQL - 
    select
        t1_0.id,
        t1_0.amount,
        t1_0.created_at,
        t1_0.description,
        t1_0.order_id,
        t1_0.payment_method,
        t1_0.processed_at,
        t1_0.reference_id,
        t1_0.status,
        t1_0.type,
        t1_0.updated_at,
        t1_0.user_id 
    from
        transactions t1_0 
    where
        t1_0.order_id=? 
    order by
        t1_0.created_at desc
Hibernate: 
    select
        t1_0.id,
        t1_0.amount,
        t1_0.created_at,
        t1_0.description,
        t1_0.order_id,
        t1_0.payment_method,
        t1_0.processed_at,
        t1_0.reference_id,
        t1_0.status,
        t1_0.type,
        t1_0.updated_at,
        t1_0.user_id 
    from
        transactions t1_0 
    where
        t1_0.order_id=? 
    order by
        t1_0.created_at desc
2025-07-03 07:10:07.512 [main] DEBUG org.hibernate.SQL - 
    insert 
    into
        transactions
        (amount, created_at, description, order_id, payment_method, processed_at, reference_id, status, type, updated_at, user_id, id) 
    values
        (?, ?, ?, ?, ?, ?, ?, ?, ?, ?, ?, ?)
Hibernate: 
    insert 
    into
        transactions
        (amount, created_at, description, order_id, payment_method, processed_at, reference_id, status, type, updated_at, user_id, id) 
    values
        (?, ?, ?, ?, ?, ?, ?, ?, ?, ?, ?, ?)
2025-07-03 07:10:07.514 [main] DEBUG org.hibernate.SQL - 
    select
        t1_0.id,
        t1_0.amount,
        t1_0.created_at,
        t1_0.description,
        t1_0.order_id,
        t1_0.payment_method,
        t1_0.processed_at,
        t1_0.reference_id,
        t1_0.status,
        t1_0.type,
        t1_0.updated_at,
        t1_0.user_id 
    from
        transactions t1_0 
    where
        t1_0.id=?
Hibernate: 
    select
        t1_0.id,
        t1_0.amount,
        t1_0.created_at,
        t1_0.description,
        t1_0.order_id,
        t1_0.payment_method,
        t1_0.processed_at,
        t1_0.reference_id,
        t1_0.status,
        t1_0.type,
        t1_0.updated_at,
        t1_0.user_id 
    from
        transactions t1_0 
    where
        t1_0.id=?
2025-07-03 07:10:07.514 [main] DEBUG org.hibernate.SQL - 
    update
        transactions 
    set
        amount=?,
        created_at=?,
        description=?,
        order_id=?,
        payment_method=?,
        processed_at=?,
        reference_id=?,
        status=?,
        type=?,
        updated_at=?,
        user_id=? 
    where
        id=?
Hibernate: 
    update
        transactions 
    set
        amount=?,
        created_at=?,
        description=?,
        order_id=?,
        payment_method=?,
        processed_at=?,
        reference_id=?,
        status=?,
        type=?,
        updated_at=?,
        user_id=? 
    where
        id=?
✅ Invalid payment method correctly rejected: BITCOIN
]]></system-out>
  </testcase>
  <testcase name="invalidPaymentMethodRejection_UnsupportedMethods_ThrowsException(String)[7]" classname="com.myapp.payment.PaymentEdgeCaseTest$PaymentMethodValidationTests" time="0.075">
    <system-out><![CDATA[🧹 Cleaning up all transactions...
2025-07-03 07:10:07.516 [main] DEBUG org.hibernate.SQL - 
    delete 
    from
        notifications
Hibernate: 
    delete 
    from
        notifications
2025-07-03 07:10:07.516 [main] DEBUG org.hibernate.SQL - 
    delete 
    from
        ratings
Hibernate: 
    delete 
    from
        ratings
2025-07-03 07:10:07.517 [main] DEBUG org.hibernate.SQL - 
    delete 
    from
        order_items
Hibernate: 
    delete 
    from
        order_items
2025-07-03 07:10:07.517 [main] DEBUG org.hibernate.SQL - 
    delete 
    from
        orders
Hibernate: 
    delete 
    from
        orders
2025-07-03 07:10:07.517 [main] DEBUG org.hibernate.SQL - 
    delete 
    from
        food_items
Hibernate: 
    delete 
    from
        food_items
2025-07-03 07:10:07.517 [main] DEBUG org.hibernate.SQL - 
    delete 
    from
        restaurants
Hibernate: 
    delete 
    from
        restaurants
2025-07-03 07:10:07.517 [main] DEBUG org.hibernate.SQL - 
    delete 
    from
        users
Hibernate: 
    delete 
    from
        users
2025-07-03 07:10:07.518 [main] DEBUG c.myapp.common.TestDatabaseManager - Cleaned all test data from database
2025-07-03 07:10:07.518 [main] DEBUG c.myapp.common.TestDatabaseManager - Test database cleanup completed
✅ Database cleaned via TestDatabaseManager
2025-07-03 07:10:07.580 [main] DEBUG org.hibernate.SQL - 
    select
        u1_0.id,
        u1_0.address,
        u1_0.email,
        u1_0.full_name,
        u1_0.is_active,
        u1_0.password_hash,
        u1_0.phone,
        u1_0.role 
    from
        users u1_0 
    where
        u1_0.phone=?
Hibernate: 
    select
        u1_0.id,
        u1_0.address,
        u1_0.email,
        u1_0.full_name,
        u1_0.is_active,
        u1_0.password_hash,
        u1_0.phone,
        u1_0.role 
    from
        users u1_0 
    where
        u1_0.phone=?
2025-07-03 07:10:07.581 [main] DEBUG org.hibernate.SQL - 
    insert 
    into
        users
        (address, email, full_name, is_active, password_hash, phone, role, id) 
    values
        (?, ?, ?, ?, ?, ?, ?, ?)
Hibernate: 
    insert 
    into
        users
        (address, email, full_name, is_active, password_hash, phone, role, id) 
    values
        (?, ?, ?, ?, ?, ?, ?, ?)
2025-07-03 07:10:07.582 [main] DEBUG org.hibernate.SQL - 
    select
        r1_0.id,
        r1_0.address,
        r1_0.name,
        r1_0.owner_id,
        r1_0.phone,
        r1_0.status 
    from
        restaurants r1_0 
    where
        r1_0.id=?
Hibernate: 
    select
        r1_0.id,
        r1_0.address,
        r1_0.name,
        r1_0.owner_id,
        r1_0.phone,
        r1_0.status 
    from
        restaurants r1_0 
    where
        r1_0.id=?
2025-07-03 07:10:07.583 [main] DEBUG org.hibernate.SQL - 
    insert 
    into
        restaurants
        (address, name, owner_id, phone, status, id) 
    values
        (?, ?, ?, ?, ?, ?)
Hibernate: 
    insert 
    into
        restaurants
        (address, name, owner_id, phone, status, id) 
    values
        (?, ?, ?, ?, ?, ?)
2025-07-03 07:10:07.585 [main] DEBUG org.hibernate.SQL - 
    select
        o1_0.id,
        o1_0.actual_delivery_time,
        o1_0.customer_id,
        o1_0.delivery_address,
        o1_0.estimated_delivery_time,
        o1_0.notes,
        o1_0.order_date,
        o1_0.phone,
        o1_0.restaurant_id,
        o1_0.status,
        o1_0.total_amount,
        oi1_0.order_id,
        oi1_0.id,
        oi1_0.food_item_id,
        oi1_0.price,
        oi1_0.quantity 
    from
        orders o1_0 
    left join
        order_items oi1_0 
            on o1_0.id=oi1_0.order_id 
    where
        o1_0.id=?
Hibernate: 
    select
        o1_0.id,
        o1_0.actual_delivery_time,
        o1_0.customer_id,
        o1_0.delivery_address,
        o1_0.estimated_delivery_time,
        o1_0.notes,
        o1_0.order_date,
        o1_0.phone,
        o1_0.restaurant_id,
        o1_0.status,
        o1_0.total_amount,
        oi1_0.order_id,
        oi1_0.id,
        oi1_0.food_item_id,
        oi1_0.price,
        oi1_0.quantity 
    from
        orders o1_0 
    left join
        order_items oi1_0 
            on o1_0.id=oi1_0.order_id 
    where
        o1_0.id=?
2025-07-03 07:10:07.585 [main] DEBUG org.hibernate.SQL - 
    insert 
    into
        orders
        (actual_delivery_time, customer_id, delivery_address, estimated_delivery_time, notes, order_date, phone, restaurant_id, status, total_amount, id) 
    values
        (?, ?, ?, ?, ?, ?, ?, ?, ?, ?, ?)
Hibernate: 
    insert 
    into
        orders
        (actual_delivery_time, customer_id, delivery_address, estimated_delivery_time, notes, order_date, phone, restaurant_id, status, total_amount, id) 
    values
        (?, ?, ?, ?, ?, ?, ?, ?, ?, ?, ?)
2025-07-03 07:10:07.587 [main] DEBUG org.hibernate.SQL - 
    select
        u1_0.id,
        u1_0.address,
        u1_0.email,
        u1_0.full_name,
        u1_0.is_active,
        u1_0.password_hash,
        u1_0.phone,
        u1_0.role 
    from
        users u1_0 
    where
        u1_0.id=?
Hibernate: 
    select
        u1_0.id,
        u1_0.address,
        u1_0.email,
        u1_0.full_name,
        u1_0.is_active,
        u1_0.password_hash,
        u1_0.phone,
        u1_0.role 
    from
        users u1_0 
    where
        u1_0.id=?
2025-07-03 07:10:07.588 [main] DEBUG org.hibernate.SQL - 
    select
        o1_0.id,
        o1_0.actual_delivery_time,
        o1_0.customer_id,
        o1_0.delivery_address,
        o1_0.estimated_delivery_time,
        o1_0.notes,
        o1_0.order_date,
        oi1_0.order_id,
        oi1_0.id,
        oi1_0.food_item_id,
        fi1_0.id,
        fi1_0.available,
        fi1_0.category,
        fi1_0.description,
        fi1_0.image_url,
        fi1_0.keywords,
        fi1_0.name,
        fi1_0.price,
        fi1_0.quantity,
        fi1_0.restaurant_id,
        oi1_0.price,
        oi1_0.quantity,
        o1_0.phone,
        o1_0.restaurant_id,
        o1_0.status,
        o1_0.total_amount 
    from
        orders o1_0 
    left join
        order_items oi1_0 
            on o1_0.id=oi1_0.order_id 
    left join
        food_items fi1_0 
            on fi1_0.id=oi1_0.food_item_id 
    where
        o1_0.id=?
Hibernate: 
    select
        o1_0.id,
        o1_0.actual_delivery_time,
        o1_0.customer_id,
        o1_0.delivery_address,
        o1_0.estimated_delivery_time,
        o1_0.notes,
        o1_0.order_date,
        oi1_0.order_id,
        oi1_0.id,
        oi1_0.food_item_id,
        fi1_0.id,
        fi1_0.available,
        fi1_0.category,
        fi1_0.description,
        fi1_0.image_url,
        fi1_0.keywords,
        fi1_0.name,
        fi1_0.price,
        fi1_0.quantity,
        fi1_0.restaurant_id,
        oi1_0.price,
        oi1_0.quantity,
        o1_0.phone,
        o1_0.restaurant_id,
        o1_0.status,
        o1_0.total_amount 
    from
        orders o1_0 
    left join
        order_items oi1_0 
            on o1_0.id=oi1_0.order_id 
    left join
        food_items fi1_0 
            on fi1_0.id=oi1_0.food_item_id 
    where
        o1_0.id=?
2025-07-03 07:10:07.588 [main] DEBUG org.hibernate.SQL - 
    select
        t1_0.id,
        t1_0.amount,
        t1_0.created_at,
        t1_0.description,
        t1_0.order_id,
        t1_0.payment_method,
        t1_0.processed_at,
        t1_0.reference_id,
        t1_0.status,
        t1_0.type,
        t1_0.updated_at,
        t1_0.user_id 
    from
        transactions t1_0 
    where
        t1_0.order_id=? 
    order by
        t1_0.created_at desc
Hibernate: 
    select
        t1_0.id,
        t1_0.amount,
        t1_0.created_at,
        t1_0.description,
        t1_0.order_id,
        t1_0.payment_method,
        t1_0.processed_at,
        t1_0.reference_id,
        t1_0.status,
        t1_0.type,
        t1_0.updated_at,
        t1_0.user_id 
    from
        transactions t1_0 
    where
        t1_0.order_id=? 
    order by
        t1_0.created_at desc
2025-07-03 07:10:07.589 [main] DEBUG org.hibernate.SQL - 
    insert 
    into
        transactions
        (amount, created_at, description, order_id, payment_method, processed_at, reference_id, status, type, updated_at, user_id, id) 
    values
        (?, ?, ?, ?, ?, ?, ?, ?, ?, ?, ?, ?)
Hibernate: 
    insert 
    into
        transactions
        (amount, created_at, description, order_id, payment_method, processed_at, reference_id, status, type, updated_at, user_id, id) 
    values
        (?, ?, ?, ?, ?, ?, ?, ?, ?, ?, ?, ?)
2025-07-03 07:10:07.590 [main] DEBUG org.hibernate.SQL - 
    select
        t1_0.id,
        t1_0.amount,
        t1_0.created_at,
        t1_0.description,
        t1_0.order_id,
        t1_0.payment_method,
        t1_0.processed_at,
        t1_0.reference_id,
        t1_0.status,
        t1_0.type,
        t1_0.updated_at,
        t1_0.user_id 
    from
        transactions t1_0 
    where
        t1_0.id=?
Hibernate: 
    select
        t1_0.id,
        t1_0.amount,
        t1_0.created_at,
        t1_0.description,
        t1_0.order_id,
        t1_0.payment_method,
        t1_0.processed_at,
        t1_0.reference_id,
        t1_0.status,
        t1_0.type,
        t1_0.updated_at,
        t1_0.user_id 
    from
        transactions t1_0 
    where
        t1_0.id=?
2025-07-03 07:10:07.590 [main] DEBUG org.hibernate.SQL - 
    update
        transactions 
    set
        amount=?,
        created_at=?,
        description=?,
        order_id=?,
        payment_method=?,
        processed_at=?,
        reference_id=?,
        status=?,
        type=?,
        updated_at=?,
        user_id=? 
    where
        id=?
Hibernate: 
    update
        transactions 
    set
        amount=?,
        created_at=?,
        description=?,
        order_id=?,
        payment_method=?,
        processed_at=?,
        reference_id=?,
        status=?,
        type=?,
        updated_at=?,
        user_id=? 
    where
        id=?
✅ Invalid payment method correctly rejected: PAYPAL
]]></system-out>
  </testcase>
  <testcase name="invalidPaymentMethodRejection_UnsupportedMethods_ThrowsException(String)[8]" classname="com.myapp.payment.PaymentEdgeCaseTest$PaymentMethodValidationTests" time="0.078">
    <system-out><![CDATA[🧹 Cleaning up all transactions...
2025-07-03 07:10:07.592 [main] DEBUG org.hibernate.SQL - 
    delete 
    from
        notifications
Hibernate: 
    delete 
    from
        notifications
2025-07-03 07:10:07.593 [main] DEBUG org.hibernate.SQL - 
    delete 
    from
        ratings
Hibernate: 
    delete 
    from
        ratings
2025-07-03 07:10:07.593 [main] DEBUG org.hibernate.SQL - 
    delete 
    from
        order_items
Hibernate: 
    delete 
    from
        order_items
2025-07-03 07:10:07.593 [main] DEBUG org.hibernate.SQL - 
    delete 
    from
        orders
Hibernate: 
    delete 
    from
        orders
2025-07-03 07:10:07.593 [main] DEBUG org.hibernate.SQL - 
    delete 
    from
        food_items
Hibernate: 
    delete 
    from
        food_items
2025-07-03 07:10:07.593 [main] DEBUG org.hibernate.SQL - 
    delete 
    from
        restaurants
Hibernate: 
    delete 
    from
        restaurants
2025-07-03 07:10:07.593 [main] DEBUG org.hibernate.SQL - 
    delete 
    from
        users
Hibernate: 
    delete 
    from
        users
2025-07-03 07:10:07.594 [main] DEBUG c.myapp.common.TestDatabaseManager - Cleaned all test data from database
2025-07-03 07:10:07.594 [main] DEBUG c.myapp.common.TestDatabaseManager - Test database cleanup completed
✅ Database cleaned via TestDatabaseManager
2025-07-03 07:10:07.658 [main] DEBUG org.hibernate.SQL - 
    select
        u1_0.id,
        u1_0.address,
        u1_0.email,
        u1_0.full_name,
        u1_0.is_active,
        u1_0.password_hash,
        u1_0.phone,
        u1_0.role 
    from
        users u1_0 
    where
        u1_0.phone=?
Hibernate: 
    select
        u1_0.id,
        u1_0.address,
        u1_0.email,
        u1_0.full_name,
        u1_0.is_active,
        u1_0.password_hash,
        u1_0.phone,
        u1_0.role 
    from
        users u1_0 
    where
        u1_0.phone=?
2025-07-03 07:10:07.660 [main] DEBUG org.hibernate.SQL - 
    insert 
    into
        users
        (address, email, full_name, is_active, password_hash, phone, role, id) 
    values
        (?, ?, ?, ?, ?, ?, ?, ?)
Hibernate: 
    insert 
    into
        users
        (address, email, full_name, is_active, password_hash, phone, role, id) 
    values
        (?, ?, ?, ?, ?, ?, ?, ?)
2025-07-03 07:10:07.662 [main] DEBUG org.hibernate.SQL - 
    select
        r1_0.id,
        r1_0.address,
        r1_0.name,
        r1_0.owner_id,
        r1_0.phone,
        r1_0.status 
    from
        restaurants r1_0 
    where
        r1_0.id=?
Hibernate: 
    select
        r1_0.id,
        r1_0.address,
        r1_0.name,
        r1_0.owner_id,
        r1_0.phone,
        r1_0.status 
    from
        restaurants r1_0 
    where
        r1_0.id=?
2025-07-03 07:10:07.662 [main] DEBUG org.hibernate.SQL - 
    insert 
    into
        restaurants
        (address, name, owner_id, phone, status, id) 
    values
        (?, ?, ?, ?, ?, ?)
Hibernate: 
    insert 
    into
        restaurants
        (address, name, owner_id, phone, status, id) 
    values
        (?, ?, ?, ?, ?, ?)
2025-07-03 07:10:07.663 [main] DEBUG org.hibernate.SQL - 
    select
        o1_0.id,
        o1_0.actual_delivery_time,
        o1_0.customer_id,
        o1_0.delivery_address,
        o1_0.estimated_delivery_time,
        o1_0.notes,
        o1_0.order_date,
        o1_0.phone,
        o1_0.restaurant_id,
        o1_0.status,
        o1_0.total_amount,
        oi1_0.order_id,
        oi1_0.id,
        oi1_0.food_item_id,
        oi1_0.price,
        oi1_0.quantity 
    from
        orders o1_0 
    left join
        order_items oi1_0 
            on o1_0.id=oi1_0.order_id 
    where
        o1_0.id=?
Hibernate: 
    select
        o1_0.id,
        o1_0.actual_delivery_time,
        o1_0.customer_id,
        o1_0.delivery_address,
        o1_0.estimated_delivery_time,
        o1_0.notes,
        o1_0.order_date,
        o1_0.phone,
        o1_0.restaurant_id,
        o1_0.status,
        o1_0.total_amount,
        oi1_0.order_id,
        oi1_0.id,
        oi1_0.food_item_id,
        oi1_0.price,
        oi1_0.quantity 
    from
        orders o1_0 
    left join
        order_items oi1_0 
            on o1_0.id=oi1_0.order_id 
    where
        o1_0.id=?
2025-07-03 07:10:07.664 [main] DEBUG org.hibernate.SQL - 
    insert 
    into
        orders
        (actual_delivery_time, customer_id, delivery_address, estimated_delivery_time, notes, order_date, phone, restaurant_id, status, total_amount, id) 
    values
        (?, ?, ?, ?, ?, ?, ?, ?, ?, ?, ?)
Hibernate: 
    insert 
    into
        orders
        (actual_delivery_time, customer_id, delivery_address, estimated_delivery_time, notes, order_date, phone, restaurant_id, status, total_amount, id) 
    values
        (?, ?, ?, ?, ?, ?, ?, ?, ?, ?, ?)
2025-07-03 07:10:07.665 [main] DEBUG org.hibernate.SQL - 
    select
        u1_0.id,
        u1_0.address,
        u1_0.email,
        u1_0.full_name,
        u1_0.is_active,
        u1_0.password_hash,
        u1_0.phone,
        u1_0.role 
    from
        users u1_0 
    where
        u1_0.id=?
Hibernate: 
    select
        u1_0.id,
        u1_0.address,
        u1_0.email,
        u1_0.full_name,
        u1_0.is_active,
        u1_0.password_hash,
        u1_0.phone,
        u1_0.role 
    from
        users u1_0 
    where
        u1_0.id=?
2025-07-03 07:10:07.666 [main] DEBUG org.hibernate.SQL - 
    select
        o1_0.id,
        o1_0.actual_delivery_time,
        o1_0.customer_id,
        o1_0.delivery_address,
        o1_0.estimated_delivery_time,
        o1_0.notes,
        o1_0.order_date,
        oi1_0.order_id,
        oi1_0.id,
        oi1_0.food_item_id,
        fi1_0.id,
        fi1_0.available,
        fi1_0.category,
        fi1_0.description,
        fi1_0.image_url,
        fi1_0.keywords,
        fi1_0.name,
        fi1_0.price,
        fi1_0.quantity,
        fi1_0.restaurant_id,
        oi1_0.price,
        oi1_0.quantity,
        o1_0.phone,
        o1_0.restaurant_id,
        o1_0.status,
        o1_0.total_amount 
    from
        orders o1_0 
    left join
        order_items oi1_0 
            on o1_0.id=oi1_0.order_id 
    left join
        food_items fi1_0 
            on fi1_0.id=oi1_0.food_item_id 
    where
        o1_0.id=?
Hibernate: 
    select
        o1_0.id,
        o1_0.actual_delivery_time,
        o1_0.customer_id,
        o1_0.delivery_address,
        o1_0.estimated_delivery_time,
        o1_0.notes,
        o1_0.order_date,
        oi1_0.order_id,
        oi1_0.id,
        oi1_0.food_item_id,
        fi1_0.id,
        fi1_0.available,
        fi1_0.category,
        fi1_0.description,
        fi1_0.image_url,
        fi1_0.keywords,
        fi1_0.name,
        fi1_0.price,
        fi1_0.quantity,
        fi1_0.restaurant_id,
        oi1_0.price,
        oi1_0.quantity,
        o1_0.phone,
        o1_0.restaurant_id,
        o1_0.status,
        o1_0.total_amount 
    from
        orders o1_0 
    left join
        order_items oi1_0 
            on o1_0.id=oi1_0.order_id 
    left join
        food_items fi1_0 
            on fi1_0.id=oi1_0.food_item_id 
    where
        o1_0.id=?
2025-07-03 07:10:07.666 [main] DEBUG org.hibernate.SQL - 
    select
        t1_0.id,
        t1_0.amount,
        t1_0.created_at,
        t1_0.description,
        t1_0.order_id,
        t1_0.payment_method,
        t1_0.processed_at,
        t1_0.reference_id,
        t1_0.status,
        t1_0.type,
        t1_0.updated_at,
        t1_0.user_id 
    from
        transactions t1_0 
    where
        t1_0.order_id=? 
    order by
        t1_0.created_at desc
Hibernate: 
    select
        t1_0.id,
        t1_0.amount,
        t1_0.created_at,
        t1_0.description,
        t1_0.order_id,
        t1_0.payment_method,
        t1_0.processed_at,
        t1_0.reference_id,
        t1_0.status,
        t1_0.type,
        t1_0.updated_at,
        t1_0.user_id 
    from
        transactions t1_0 
    where
        t1_0.order_id=? 
    order by
        t1_0.created_at desc
2025-07-03 07:10:07.667 [main] DEBUG org.hibernate.SQL - 
    insert 
    into
        transactions
        (amount, created_at, description, order_id, payment_method, processed_at, reference_id, status, type, updated_at, user_id, id) 
    values
        (?, ?, ?, ?, ?, ?, ?, ?, ?, ?, ?, ?)
Hibernate: 
    insert 
    into
        transactions
        (amount, created_at, description, order_id, payment_method, processed_at, reference_id, status, type, updated_at, user_id, id) 
    values
        (?, ?, ?, ?, ?, ?, ?, ?, ?, ?, ?, ?)
2025-07-03 07:10:07.668 [main] DEBUG org.hibernate.SQL - 
    select
        t1_0.id,
        t1_0.amount,
        t1_0.created_at,
        t1_0.description,
        t1_0.order_id,
        t1_0.payment_method,
        t1_0.processed_at,
        t1_0.reference_id,
        t1_0.status,
        t1_0.type,
        t1_0.updated_at,
        t1_0.user_id 
    from
        transactions t1_0 
    where
        t1_0.id=?
Hibernate: 
    select
        t1_0.id,
        t1_0.amount,
        t1_0.created_at,
        t1_0.description,
        t1_0.order_id,
        t1_0.payment_method,
        t1_0.processed_at,
        t1_0.reference_id,
        t1_0.status,
        t1_0.type,
        t1_0.updated_at,
        t1_0.user_id 
    from
        transactions t1_0 
    where
        t1_0.id=?
2025-07-03 07:10:07.669 [main] DEBUG org.hibernate.SQL - 
    update
        transactions 
    set
        amount=?,
        created_at=?,
        description=?,
        order_id=?,
        payment_method=?,
        processed_at=?,
        reference_id=?,
        status=?,
        type=?,
        updated_at=?,
        user_id=? 
    where
        id=?
Hibernate: 
    update
        transactions 
    set
        amount=?,
        created_at=?,
        description=?,
        order_id=?,
        payment_method=?,
        processed_at=?,
        reference_id=?,
        status=?,
        type=?,
        updated_at=?,
        user_id=? 
    where
        id=?
✅ Invalid payment method correctly rejected: null
]]></system-out>
  </testcase>
  <testcase name="paymentMethodSecurityValidation_MaliciousInput_Sanitized" classname="com.myapp.payment.PaymentEdgeCaseTest$PaymentMethodValidationTests" time="0.093">
    <system-out><![CDATA[🧹 Cleaning up all transactions...
2025-07-03 07:10:07.671 [main] DEBUG org.hibernate.SQL - 
    delete 
    from
        notifications
Hibernate: 
    delete 
    from
        notifications
2025-07-03 07:10:07.671 [main] DEBUG org.hibernate.SQL - 
    delete 
    from
        ratings
Hibernate: 
    delete 
    from
        ratings
2025-07-03 07:10:07.671 [main] DEBUG org.hibernate.SQL - 
    delete 
    from
        order_items
Hibernate: 
    delete 
    from
        order_items
2025-07-03 07:10:07.671 [main] DEBUG org.hibernate.SQL - 
    delete 
    from
        orders
Hibernate: 
    delete 
    from
        orders
2025-07-03 07:10:07.672 [main] DEBUG org.hibernate.SQL - 
    delete 
    from
        food_items
Hibernate: 
    delete 
    from
        food_items
2025-07-03 07:10:07.672 [main] DEBUG org.hibernate.SQL - 
    delete 
    from
        restaurants
Hibernate: 
    delete 
    from
        restaurants
2025-07-03 07:10:07.672 [main] DEBUG org.hibernate.SQL - 
    delete 
    from
        users
Hibernate: 
    delete 
    from
        users
2025-07-03 07:10:07.673 [main] DEBUG c.myapp.common.TestDatabaseManager - Cleaned all test data from database
2025-07-03 07:10:07.673 [main] DEBUG c.myapp.common.TestDatabaseManager - Test database cleanup completed
✅ Database cleaned via TestDatabaseManager
2025-07-03 07:10:07.733 [main] DEBUG org.hibernate.SQL - 
    select
        u1_0.id,
        u1_0.address,
        u1_0.email,
        u1_0.full_name,
        u1_0.is_active,
        u1_0.password_hash,
        u1_0.phone,
        u1_0.role 
    from
        users u1_0 
    where
        u1_0.phone=?
Hibernate: 
    select
        u1_0.id,
        u1_0.address,
        u1_0.email,
        u1_0.full_name,
        u1_0.is_active,
        u1_0.password_hash,
        u1_0.phone,
        u1_0.role 
    from
        users u1_0 
    where
        u1_0.phone=?
2025-07-03 07:10:07.735 [main] DEBUG org.hibernate.SQL - 
    insert 
    into
        users
        (address, email, full_name, is_active, password_hash, phone, role, id) 
    values
        (?, ?, ?, ?, ?, ?, ?, ?)
Hibernate: 
    insert 
    into
        users
        (address, email, full_name, is_active, password_hash, phone, role, id) 
    values
        (?, ?, ?, ?, ?, ?, ?, ?)
2025-07-03 07:10:07.736 [main] DEBUG org.hibernate.SQL - 
    select
        r1_0.id,
        r1_0.address,
        r1_0.name,
        r1_0.owner_id,
        r1_0.phone,
        r1_0.status 
    from
        restaurants r1_0 
    where
        r1_0.id=?
Hibernate: 
    select
        r1_0.id,
        r1_0.address,
        r1_0.name,
        r1_0.owner_id,
        r1_0.phone,
        r1_0.status 
    from
        restaurants r1_0 
    where
        r1_0.id=?
2025-07-03 07:10:07.737 [main] DEBUG org.hibernate.SQL - 
    insert 
    into
        restaurants
        (address, name, owner_id, phone, status, id) 
    values
        (?, ?, ?, ?, ?, ?)
Hibernate: 
    insert 
    into
        restaurants
        (address, name, owner_id, phone, status, id) 
    values
        (?, ?, ?, ?, ?, ?)
2025-07-03 07:10:07.738 [main] DEBUG org.hibernate.SQL - 
    select
        o1_0.id,
        o1_0.actual_delivery_time,
        o1_0.customer_id,
        o1_0.delivery_address,
        o1_0.estimated_delivery_time,
        o1_0.notes,
        o1_0.order_date,
        o1_0.phone,
        o1_0.restaurant_id,
        o1_0.status,
        o1_0.total_amount,
        oi1_0.order_id,
        oi1_0.id,
        oi1_0.food_item_id,
        oi1_0.price,
        oi1_0.quantity 
    from
        orders o1_0 
    left join
        order_items oi1_0 
            on o1_0.id=oi1_0.order_id 
    where
        o1_0.id=?
Hibernate: 
    select
        o1_0.id,
        o1_0.actual_delivery_time,
        o1_0.customer_id,
        o1_0.delivery_address,
        o1_0.estimated_delivery_time,
        o1_0.notes,
        o1_0.order_date,
        o1_0.phone,
        o1_0.restaurant_id,
        o1_0.status,
        o1_0.total_amount,
        oi1_0.order_id,
        oi1_0.id,
        oi1_0.food_item_id,
        oi1_0.price,
        oi1_0.quantity 
    from
        orders o1_0 
    left join
        order_items oi1_0 
            on o1_0.id=oi1_0.order_id 
    where
        o1_0.id=?
2025-07-03 07:10:07.739 [main] DEBUG org.hibernate.SQL - 
    insert 
    into
        orders
        (actual_delivery_time, customer_id, delivery_address, estimated_delivery_time, notes, order_date, phone, restaurant_id, status, total_amount, id) 
    values
        (?, ?, ?, ?, ?, ?, ?, ?, ?, ?, ?)
Hibernate: 
    insert 
    into
        orders
        (actual_delivery_time, customer_id, delivery_address, estimated_delivery_time, notes, order_date, phone, restaurant_id, status, total_amount, id) 
    values
        (?, ?, ?, ?, ?, ?, ?, ?, ?, ?, ?)
2025-07-03 07:10:07.740 [main] DEBUG org.hibernate.SQL - 
    select
        u1_0.id,
        u1_0.address,
        u1_0.email,
        u1_0.full_name,
        u1_0.is_active,
        u1_0.password_hash,
        u1_0.phone,
        u1_0.role 
    from
        users u1_0 
    where
        u1_0.id=?
Hibernate: 
    select
        u1_0.id,
        u1_0.address,
        u1_0.email,
        u1_0.full_name,
        u1_0.is_active,
        u1_0.password_hash,
        u1_0.phone,
        u1_0.role 
    from
        users u1_0 
    where
        u1_0.id=?
2025-07-03 07:10:07.741 [main] DEBUG org.hibernate.SQL - 
    select
        o1_0.id,
        o1_0.actual_delivery_time,
        o1_0.customer_id,
        o1_0.delivery_address,
        o1_0.estimated_delivery_time,
        o1_0.notes,
        o1_0.order_date,
        oi1_0.order_id,
        oi1_0.id,
        oi1_0.food_item_id,
        fi1_0.id,
        fi1_0.available,
        fi1_0.category,
        fi1_0.description,
        fi1_0.image_url,
        fi1_0.keywords,
        fi1_0.name,
        fi1_0.price,
        fi1_0.quantity,
        fi1_0.restaurant_id,
        oi1_0.price,
        oi1_0.quantity,
        o1_0.phone,
        o1_0.restaurant_id,
        o1_0.status,
        o1_0.total_amount 
    from
        orders o1_0 
    left join
        order_items oi1_0 
            on o1_0.id=oi1_0.order_id 
    left join
        food_items fi1_0 
            on fi1_0.id=oi1_0.food_item_id 
    where
        o1_0.id=?
Hibernate: 
    select
        o1_0.id,
        o1_0.actual_delivery_time,
        o1_0.customer_id,
        o1_0.delivery_address,
        o1_0.estimated_delivery_time,
        o1_0.notes,
        o1_0.order_date,
        oi1_0.order_id,
        oi1_0.id,
        oi1_0.food_item_id,
        fi1_0.id,
        fi1_0.available,
        fi1_0.category,
        fi1_0.description,
        fi1_0.image_url,
        fi1_0.keywords,
        fi1_0.name,
        fi1_0.price,
        fi1_0.quantity,
        fi1_0.restaurant_id,
        oi1_0.price,
        oi1_0.quantity,
        o1_0.phone,
        o1_0.restaurant_id,
        o1_0.status,
        o1_0.total_amount 
    from
        orders o1_0 
    left join
        order_items oi1_0 
            on o1_0.id=oi1_0.order_id 
    left join
        food_items fi1_0 
            on fi1_0.id=oi1_0.food_item_id 
    where
        o1_0.id=?
2025-07-03 07:10:07.742 [main] DEBUG org.hibernate.SQL - 
    select
        t1_0.id,
        t1_0.amount,
        t1_0.created_at,
        t1_0.description,
        t1_0.order_id,
        t1_0.payment_method,
        t1_0.processed_at,
        t1_0.reference_id,
        t1_0.status,
        t1_0.type,
        t1_0.updated_at,
        t1_0.user_id 
    from
        transactions t1_0 
    where
        t1_0.order_id=? 
    order by
        t1_0.created_at desc
Hibernate: 
    select
        t1_0.id,
        t1_0.amount,
        t1_0.created_at,
        t1_0.description,
        t1_0.order_id,
        t1_0.payment_method,
        t1_0.processed_at,
        t1_0.reference_id,
        t1_0.status,
        t1_0.type,
        t1_0.updated_at,
        t1_0.user_id 
    from
        transactions t1_0 
    where
        t1_0.order_id=? 
    order by
        t1_0.created_at desc
2025-07-03 07:10:07.742 [main] DEBUG org.hibernate.SQL - 
    insert 
    into
        transactions
        (amount, created_at, description, order_id, payment_method, processed_at, reference_id, status, type, updated_at, user_id, id) 
    values
        (?, ?, ?, ?, ?, ?, ?, ?, ?, ?, ?, ?)
Hibernate: 
    insert 
    into
        transactions
        (amount, created_at, description, order_id, payment_method, processed_at, reference_id, status, type, updated_at, user_id, id) 
    values
        (?, ?, ?, ?, ?, ?, ?, ?, ?, ?, ?, ?)
2025-07-03 07:10:07.743 [main] DEBUG org.hibernate.SQL - 
    select
        t1_0.id,
        t1_0.amount,
        t1_0.created_at,
        t1_0.description,
        t1_0.order_id,
        t1_0.payment_method,
        t1_0.processed_at,
        t1_0.reference_id,
        t1_0.status,
        t1_0.type,
        t1_0.updated_at,
        t1_0.user_id 
    from
        transactions t1_0 
    where
        t1_0.id=?
Hibernate: 
    select
        t1_0.id,
        t1_0.amount,
        t1_0.created_at,
        t1_0.description,
        t1_0.order_id,
        t1_0.payment_method,
        t1_0.processed_at,
        t1_0.reference_id,
        t1_0.status,
        t1_0.type,
        t1_0.updated_at,
        t1_0.user_id 
    from
        transactions t1_0 
    where
        t1_0.id=?
2025-07-03 07:10:07.744 [main] DEBUG org.hibernate.SQL - 
    update
        transactions 
    set
        amount=?,
        created_at=?,
        description=?,
        order_id=?,
        payment_method=?,
        processed_at=?,
        reference_id=?,
        status=?,
        type=?,
        updated_at=?,
        user_id=? 
    where
        id=?
Hibernate: 
    update
        transactions 
    set
        amount=?,
        created_at=?,
        description=?,
        order_id=?,
        payment_method=?,
        processed_at=?,
        reference_id=?,
        status=?,
        type=?,
        updated_at=?,
        user_id=? 
    where
        id=?
✅ Malicious input correctly rejected: CARD'; DROP TABLE transactions; --
2025-07-03 07:10:07.746 [main] DEBUG org.hibernate.SQL - 
    select
        u1_0.id,
        u1_0.address,
        u1_0.email,
        u1_0.full_name,
        u1_0.is_active,
        u1_0.password_hash,
        u1_0.phone,
        u1_0.role 
    from
        users u1_0 
    where
        u1_0.id=?
Hibernate: 
    select
        u1_0.id,
        u1_0.address,
        u1_0.email,
        u1_0.full_name,
        u1_0.is_active,
        u1_0.password_hash,
        u1_0.phone,
        u1_0.role 
    from
        users u1_0 
    where
        u1_0.id=?
2025-07-03 07:10:07.747 [main] DEBUG org.hibernate.SQL - 
    select
        o1_0.id,
        o1_0.actual_delivery_time,
        o1_0.customer_id,
        o1_0.delivery_address,
        o1_0.estimated_delivery_time,
        o1_0.notes,
        o1_0.order_date,
        oi1_0.order_id,
        oi1_0.id,
        oi1_0.food_item_id,
        fi1_0.id,
        fi1_0.available,
        fi1_0.category,
        fi1_0.description,
        fi1_0.image_url,
        fi1_0.keywords,
        fi1_0.name,
        fi1_0.price,
        fi1_0.quantity,
        fi1_0.restaurant_id,
        oi1_0.price,
        oi1_0.quantity,
        o1_0.phone,
        o1_0.restaurant_id,
        o1_0.status,
        o1_0.total_amount 
    from
        orders o1_0 
    left join
        order_items oi1_0 
            on o1_0.id=oi1_0.order_id 
    left join
        food_items fi1_0 
            on fi1_0.id=oi1_0.food_item_id 
    where
        o1_0.id=?
Hibernate: 
    select
        o1_0.id,
        o1_0.actual_delivery_time,
        o1_0.customer_id,
        o1_0.delivery_address,
        o1_0.estimated_delivery_time,
        o1_0.notes,
        o1_0.order_date,
        oi1_0.order_id,
        oi1_0.id,
        oi1_0.food_item_id,
        fi1_0.id,
        fi1_0.available,
        fi1_0.category,
        fi1_0.description,
        fi1_0.image_url,
        fi1_0.keywords,
        fi1_0.name,
        fi1_0.price,
        fi1_0.quantity,
        fi1_0.restaurant_id,
        oi1_0.price,
        oi1_0.quantity,
        o1_0.phone,
        o1_0.restaurant_id,
        o1_0.status,
        o1_0.total_amount 
    from
        orders o1_0 
    left join
        order_items oi1_0 
            on o1_0.id=oi1_0.order_id 
    left join
        food_items fi1_0 
            on fi1_0.id=oi1_0.food_item_id 
    where
        o1_0.id=?
2025-07-03 07:10:07.747 [main] DEBUG org.hibernate.SQL - 
    select
        t1_0.id,
        t1_0.amount,
        t1_0.created_at,
        t1_0.description,
        t1_0.order_id,
        t1_0.payment_method,
        t1_0.processed_at,
        t1_0.reference_id,
        t1_0.status,
        t1_0.type,
        t1_0.updated_at,
        t1_0.user_id 
    from
        transactions t1_0 
    where
        t1_0.order_id=? 
    order by
        t1_0.created_at desc
Hibernate: 
    select
        t1_0.id,
        t1_0.amount,
        t1_0.created_at,
        t1_0.description,
        t1_0.order_id,
        t1_0.payment_method,
        t1_0.processed_at,
        t1_0.reference_id,
        t1_0.status,
        t1_0.type,
        t1_0.updated_at,
        t1_0.user_id 
    from
        transactions t1_0 
    where
        t1_0.order_id=? 
    order by
        t1_0.created_at desc
2025-07-03 07:10:07.748 [main] DEBUG org.hibernate.SQL - 
    insert 
    into
        transactions
        (amount, created_at, description, order_id, payment_method, processed_at, reference_id, status, type, updated_at, user_id, id) 
    values
        (?, ?, ?, ?, ?, ?, ?, ?, ?, ?, ?, ?)
Hibernate: 
    insert 
    into
        transactions
        (amount, created_at, description, order_id, payment_method, processed_at, reference_id, status, type, updated_at, user_id, id) 
    values
        (?, ?, ?, ?, ?, ?, ?, ?, ?, ?, ?, ?)
2025-07-03 07:10:07.749 [main] DEBUG org.hibernate.SQL - 
    select
        t1_0.id,
        t1_0.amount,
        t1_0.created_at,
        t1_0.description,
        t1_0.order_id,
        t1_0.payment_method,
        t1_0.processed_at,
        t1_0.reference_id,
        t1_0.status,
        t1_0.type,
        t1_0.updated_at,
        t1_0.user_id 
    from
        transactions t1_0 
    where
        t1_0.id=?
Hibernate: 
    select
        t1_0.id,
        t1_0.amount,
        t1_0.created_at,
        t1_0.description,
        t1_0.order_id,
        t1_0.payment_method,
        t1_0.processed_at,
        t1_0.reference_id,
        t1_0.status,
        t1_0.type,
        t1_0.updated_at,
        t1_0.user_id 
    from
        transactions t1_0 
    where
        t1_0.id=?
2025-07-03 07:10:07.750 [main] DEBUG org.hibernate.SQL - 
    update
        transactions 
    set
        amount=?,
        created_at=?,
        description=?,
        order_id=?,
        payment_method=?,
        processed_at=?,
        reference_id=?,
        status=?,
        type=?,
        updated_at=?,
        user_id=? 
    where
        id=?
Hibernate: 
    update
        transactions 
    set
        amount=?,
        created_at=?,
        description=?,
        order_id=?,
        payment_method=?,
        processed_at=?,
        reference_id=?,
        status=?,
        type=?,
        updated_at=?,
        user_id=? 
    where
        id=?
✅ Malicious input correctly rejected: <script>alert('xss')</script>
2025-07-03 07:10:07.751 [main] DEBUG org.hibernate.SQL - 
    select
        u1_0.id,
        u1_0.address,
        u1_0.email,
        u1_0.full_name,
        u1_0.is_active,
        u1_0.password_hash,
        u1_0.phone,
        u1_0.role 
    from
        users u1_0 
    where
        u1_0.id=?
Hibernate: 
    select
        u1_0.id,
        u1_0.address,
        u1_0.email,
        u1_0.full_name,
        u1_0.is_active,
        u1_0.password_hash,
        u1_0.phone,
        u1_0.role 
    from
        users u1_0 
    where
        u1_0.id=?
2025-07-03 07:10:07.752 [main] DEBUG org.hibernate.SQL - 
    select
        o1_0.id,
        o1_0.actual_delivery_time,
        o1_0.customer_id,
        o1_0.delivery_address,
        o1_0.estimated_delivery_time,
        o1_0.notes,
        o1_0.order_date,
        oi1_0.order_id,
        oi1_0.id,
        oi1_0.food_item_id,
        fi1_0.id,
        fi1_0.available,
        fi1_0.category,
        fi1_0.description,
        fi1_0.image_url,
        fi1_0.keywords,
        fi1_0.name,
        fi1_0.price,
        fi1_0.quantity,
        fi1_0.restaurant_id,
        oi1_0.price,
        oi1_0.quantity,
        o1_0.phone,
        o1_0.restaurant_id,
        o1_0.status,
        o1_0.total_amount 
    from
        orders o1_0 
    left join
        order_items oi1_0 
            on o1_0.id=oi1_0.order_id 
    left join
        food_items fi1_0 
            on fi1_0.id=oi1_0.food_item_id 
    where
        o1_0.id=?
Hibernate: 
    select
        o1_0.id,
        o1_0.actual_delivery_time,
        o1_0.customer_id,
        o1_0.delivery_address,
        o1_0.estimated_delivery_time,
        o1_0.notes,
        o1_0.order_date,
        oi1_0.order_id,
        oi1_0.id,
        oi1_0.food_item_id,
        fi1_0.id,
        fi1_0.available,
        fi1_0.category,
        fi1_0.description,
        fi1_0.image_url,
        fi1_0.keywords,
        fi1_0.name,
        fi1_0.price,
        fi1_0.quantity,
        fi1_0.restaurant_id,
        oi1_0.price,
        oi1_0.quantity,
        o1_0.phone,
        o1_0.restaurant_id,
        o1_0.status,
        o1_0.total_amount 
    from
        orders o1_0 
    left join
        order_items oi1_0 
            on o1_0.id=oi1_0.order_id 
    left join
        food_items fi1_0 
            on fi1_0.id=oi1_0.food_item_id 
    where
        o1_0.id=?
2025-07-03 07:10:07.754 [main] DEBUG org.hibernate.SQL - 
    select
        t1_0.id,
        t1_0.amount,
        t1_0.created_at,
        t1_0.description,
        t1_0.order_id,
        t1_0.payment_method,
        t1_0.processed_at,
        t1_0.reference_id,
        t1_0.status,
        t1_0.type,
        t1_0.updated_at,
        t1_0.user_id 
    from
        transactions t1_0 
    where
        t1_0.order_id=? 
    order by
        t1_0.created_at desc
Hibernate: 
    select
        t1_0.id,
        t1_0.amount,
        t1_0.created_at,
        t1_0.description,
        t1_0.order_id,
        t1_0.payment_method,
        t1_0.processed_at,
        t1_0.reference_id,
        t1_0.status,
        t1_0.type,
        t1_0.updated_at,
        t1_0.user_id 
    from
        transactions t1_0 
    where
        t1_0.order_id=? 
    order by
        t1_0.created_at desc
2025-07-03 07:10:07.755 [main] DEBUG org.hibernate.SQL - 
    insert 
    into
        transactions
        (amount, created_at, description, order_id, payment_method, processed_at, reference_id, status, type, updated_at, user_id, id) 
    values
        (?, ?, ?, ?, ?, ?, ?, ?, ?, ?, ?, ?)
Hibernate: 
    insert 
    into
        transactions
        (amount, created_at, description, order_id, payment_method, processed_at, reference_id, status, type, updated_at, user_id, id) 
    values
        (?, ?, ?, ?, ?, ?, ?, ?, ?, ?, ?, ?)
2025-07-03 07:10:07.756 [main] DEBUG org.hibernate.SQL - 
    select
        t1_0.id,
        t1_0.amount,
        t1_0.created_at,
        t1_0.description,
        t1_0.order_id,
        t1_0.payment_method,
        t1_0.processed_at,
        t1_0.reference_id,
        t1_0.status,
        t1_0.type,
        t1_0.updated_at,
        t1_0.user_id 
    from
        transactions t1_0 
    where
        t1_0.id=?
Hibernate: 
    select
        t1_0.id,
        t1_0.amount,
        t1_0.created_at,
        t1_0.description,
        t1_0.order_id,
        t1_0.payment_method,
        t1_0.processed_at,
        t1_0.reference_id,
        t1_0.status,
        t1_0.type,
        t1_0.updated_at,
        t1_0.user_id 
    from
        transactions t1_0 
    where
        t1_0.id=?
2025-07-03 07:10:07.757 [main] DEBUG org.hibernate.SQL - 
    update
        transactions 
    set
        amount=?,
        created_at=?,
        description=?,
        order_id=?,
        payment_method=?,
        processed_at=?,
        reference_id=?,
        status=?,
        type=?,
        updated_at=?,
        user_id=? 
    where
        id=?
Hibernate: 
    update
        transactions 
    set
        amount=?,
        created_at=?,
        description=?,
        order_id=?,
        payment_method=?,
        processed_at=?,
        reference_id=?,
        status=?,
        type=?,
        updated_at=?,
        user_id=? 
    where
        id=?
✅ Malicious input correctly rejected: CARD
CARD
2025-07-03 07:10:07.758 [main] DEBUG org.hibernate.SQL - 
    select
        u1_0.id,
        u1_0.address,
        u1_0.email,
        u1_0.full_name,
        u1_0.is_active,
        u1_0.password_hash,
        u1_0.phone,
        u1_0.role 
    from
        users u1_0 
    where
        u1_0.id=?
Hibernate: 
    select
        u1_0.id,
        u1_0.address,
        u1_0.email,
        u1_0.full_name,
        u1_0.is_active,
        u1_0.password_hash,
        u1_0.phone,
        u1_0.role 
    from
        users u1_0 
    where
        u1_0.id=?
2025-07-03 07:10:07.758 [main] DEBUG org.hibernate.SQL - 
    select
        o1_0.id,
        o1_0.actual_delivery_time,
        o1_0.customer_id,
        o1_0.delivery_address,
        o1_0.estimated_delivery_time,
        o1_0.notes,
        o1_0.order_date,
        oi1_0.order_id,
        oi1_0.id,
        oi1_0.food_item_id,
        fi1_0.id,
        fi1_0.available,
        fi1_0.category,
        fi1_0.description,
        fi1_0.image_url,
        fi1_0.keywords,
        fi1_0.name,
        fi1_0.price,
        fi1_0.quantity,
        fi1_0.restaurant_id,
        oi1_0.price,
        oi1_0.quantity,
        o1_0.phone,
        o1_0.restaurant_id,
        o1_0.status,
        o1_0.total_amount 
    from
        orders o1_0 
    left join
        order_items oi1_0 
            on o1_0.id=oi1_0.order_id 
    left join
        food_items fi1_0 
            on fi1_0.id=oi1_0.food_item_id 
    where
        o1_0.id=?
Hibernate: 
    select
        o1_0.id,
        o1_0.actual_delivery_time,
        o1_0.customer_id,
        o1_0.delivery_address,
        o1_0.estimated_delivery_time,
        o1_0.notes,
        o1_0.order_date,
        oi1_0.order_id,
        oi1_0.id,
        oi1_0.food_item_id,
        fi1_0.id,
        fi1_0.available,
        fi1_0.category,
        fi1_0.description,
        fi1_0.image_url,
        fi1_0.keywords,
        fi1_0.name,
        fi1_0.price,
        fi1_0.quantity,
        fi1_0.restaurant_id,
        oi1_0.price,
        oi1_0.quantity,
        o1_0.phone,
        o1_0.restaurant_id,
        o1_0.status,
        o1_0.total_amount 
    from
        orders o1_0 
    left join
        order_items oi1_0 
            on o1_0.id=oi1_0.order_id 
    left join
        food_items fi1_0 
            on fi1_0.id=oi1_0.food_item_id 
    where
        o1_0.id=?
2025-07-03 07:10:07.760 [main] DEBUG org.hibernate.SQL - 
    select
        t1_0.id,
        t1_0.amount,
        t1_0.created_at,
        t1_0.description,
        t1_0.order_id,
        t1_0.payment_method,
        t1_0.processed_at,
        t1_0.reference_id,
        t1_0.status,
        t1_0.type,
        t1_0.updated_at,
        t1_0.user_id 
    from
        transactions t1_0 
    where
        t1_0.order_id=? 
    order by
        t1_0.created_at desc
Hibernate: 
    select
        t1_0.id,
        t1_0.amount,
        t1_0.created_at,
        t1_0.description,
        t1_0.order_id,
        t1_0.payment_method,
        t1_0.processed_at,
        t1_0.reference_id,
        t1_0.status,
        t1_0.type,
        t1_0.updated_at,
        t1_0.user_id 
    from
        transactions t1_0 
    where
        t1_0.order_id=? 
    order by
        t1_0.created_at desc
2025-07-03 07:10:07.761 [main] DEBUG org.hibernate.SQL - 
    insert 
    into
        transactions
        (amount, created_at, description, order_id, payment_method, processed_at, reference_id, status, type, updated_at, user_id, id) 
    values
        (?, ?, ?, ?, ?, ?, ?, ?, ?, ?, ?, ?)
Hibernate: 
    insert 
    into
        transactions
        (amount, created_at, description, order_id, payment_method, processed_at, reference_id, status, type, updated_at, user_id, id) 
    values
        (?, ?, ?, ?, ?, ?, ?, ?, ?, ?, ?, ?)
2025-07-03 07:10:07.762 [main] DEBUG org.hibernate.SQL - 
    select
        t1_0.id,
        t1_0.amount,
        t1_0.created_at,
        t1_0.description,
        t1_0.order_id,
        t1_0.payment_method,
        t1_0.processed_at,
        t1_0.reference_id,
        t1_0.status,
        t1_0.type,
        t1_0.updated_at,
        t1_0.user_id 
    from
        transactions t1_0 
    where
        t1_0.id=?
Hibernate: 
    select
        t1_0.id,
        t1_0.amount,
        t1_0.created_at,
        t1_0.description,
        t1_0.order_id,
        t1_0.payment_method,
        t1_0.processed_at,
        t1_0.reference_id,
        t1_0.status,
        t1_0.type,
        t1_0.updated_at,
        t1_0.user_id 
    from
        transactions t1_0 
    where
        t1_0.id=?
2025-07-03 07:10:07.763 [main] DEBUG org.hibernate.SQL - 
    update
        transactions 
    set
        amount=?,
        created_at=?,
        description=?,
        order_id=?,
        payment_method=?,
        processed_at=?,
        reference_id=?,
        status=?,
        type=?,
        updated_at=?,
        user_id=? 
    where
        id=?
Hibernate: 
    update
        transactions 
    set
        amount=?,
        created_at=?,
        description=?,
        order_id=?,
        payment_method=?,
        processed_at=?,
        reference_id=?,
        status=?,
        type=?,
        updated_at=?,
        user_id=? 
    where
        id=?
✅ Malicious input correctly rejected: CARD&amp#0;WALLET
]]></system-out>
  </testcase>
</testsuite>