<?xml version="1.0" encoding="UTF-8"?>
<testsuite xmlns:xsi="http://www.w3.org/2001/XMLSchema-instance" xsi:noNamespaceSchemaLocation="https://maven.apache.org/surefire/maven-surefire-plugin/xsd/surefire-test-report-3.0.xsd" version="3.0" name="com.myapp.order.OrderControllerIntegrationTest$EdgeCaseTests" time="1.246" tests="5" errors="0" skipped="0" failures="0">
  <properties>
    <property name="java.specification.version" value="17"/>
    <property name="sun.cpu.isalist" value="amd64"/>
    <property name="sun.jnu.encoding" value="Cp1252"/>
    <property name="java.class.path" value="C:\Users\USER\Desktop\work space\food-ordering-project\backend\target\test-classes;C:\Users\USER\Desktop\work space\food-ordering-project\backend\target\classes;C:\Users\USER\.m2\repository\org\hibernate\orm\hibernate-core\6.4.0.Final\hibernate-core-6.4.0.Final.jar;C:\Users\USER\.m2\repository\jakarta\persistence\jakarta.persistence-api\3.1.0\jakarta.persistence-api-3.1.0.jar;C:\Users\USER\.m2\repository\jakarta\transaction\jakarta.transaction-api\2.0.1\jakarta.transaction-api-2.0.1.jar;C:\Users\USER\.m2\repository\org\jboss\logging\jboss-logging\3.5.0.Final\jboss-logging-3.5.0.Final.jar;C:\Users\USER\.m2\repository\org\hibernate\common\hibernate-commons-annotations\6.0.6.Final\hibernate-commons-annotations-6.0.6.Final.jar;C:\Users\USER\.m2\repository\io\smallrye\jandex\3.1.2\jandex-3.1.2.jar;C:\Users\USER\.m2\repository\com\fasterxml\classmate\1.5.1\classmate-1.5.1.jar;C:\Users\USER\.m2\repository\net\bytebuddy\byte-buddy\1.14.7\byte-buddy-1.14.7.jar;C:\Users\USER\.m2\repository\jakarta\xml\bind\jakarta.xml.bind-api\4.0.0\jakarta.xml.bind-api-4.0.0.jar;C:\Users\USER\.m2\repository\jakarta\activation\jakarta.activation-api\2.1.0\jakarta.activation-api-2.1.0.jar;C:\Users\USER\.m2\repository\org\glassfish\jaxb\jaxb-runtime\4.0.2\jaxb-runtime-4.0.2.jar;C:\Users\USER\.m2\repository\org\glassfish\jaxb\jaxb-core\4.0.2\jaxb-core-4.0.2.jar;C:\Users\USER\.m2\repository\org\eclipse\angus\angus-activation\2.0.0\angus-activation-2.0.0.jar;C:\Users\USER\.m2\repository\org\glassfish\jaxb\txw2\4.0.2\txw2-4.0.2.jar;C:\Users\USER\.m2\repository\com\sun\istack\istack-commons-runtime\4.1.1\istack-commons-runtime-4.1.1.jar;C:\Users\USER\.m2\repository\jakarta\inject\jakarta.inject-api\2.0.1\jakarta.inject-api-2.0.1.jar;C:\Users\USER\.m2\repository\org\antlr\antlr4-runtime\4.13.0\antlr4-runtime-4.13.0.jar;C:\Users\USER\.m2\repository\org\hibernate\orm\hibernate-community-dialects\6.2.13.Final\hibernate-community-dialects-6.2.13.Final.jar;C:\Users\USER\.m2\repository\org\xerial\sqlite-jdbc\3.44.0.0\sqlite-jdbc-3.44.0.0.jar;C:\Users\USER\.m2\repository\com\fasterxml\jackson\core\jackson-core\2.15.2\jackson-core-2.15.2.jar;C:\Users\USER\.m2\repository\com\fasterxml\jackson\core\jackson-databind\2.15.2\jackson-databind-2.15.2.jar;C:\Users\USER\.m2\repository\com\fasterxml\jackson\core\jackson-annotations\2.15.2\jackson-annotations-2.15.2.jar;C:\Users\USER\.m2\repository\org\slf4j\slf4j-api\2.0.9\slf4j-api-2.0.9.jar;C:\Users\USER\.m2\repository\ch\qos\logback\logback-classic\1.4.11\logback-classic-1.4.11.jar;C:\Users\USER\.m2\repository\ch\qos\logback\logback-core\1.4.11\logback-core-1.4.11.jar;C:\Users\USER\.m2\repository\org\mindrot\jbcrypt\0.4\jbcrypt-0.4.jar;C:\Users\USER\.m2\repository\io\jsonwebtoken\jjwt-api\0.12.3\jjwt-api-0.12.3.jar;C:\Users\USER\.m2\repository\io\jsonwebtoken\jjwt-impl\0.12.3\jjwt-impl-0.12.3.jar;C:\Users\USER\.m2\repository\io\jsonwebtoken\jjwt-jackson\0.12.3\jjwt-jackson-0.12.3.jar;C:\Users\USER\.m2\repository\org\junit\jupiter\junit-jupiter\5.10.0\junit-jupiter-5.10.0.jar;C:\Users\USER\.m2\repository\org\junit\jupiter\junit-jupiter-api\5.10.0\junit-jupiter-api-5.10.0.jar;C:\Users\USER\.m2\repository\org\opentest4j\opentest4j\1.3.0\opentest4j-1.3.0.jar;C:\Users\USER\.m2\repository\org\junit\platform\junit-platform-commons\1.10.0\junit-platform-commons-1.10.0.jar;C:\Users\USER\.m2\repository\org\apiguardian\apiguardian-api\1.1.2\apiguardian-api-1.1.2.jar;C:\Users\USER\.m2\repository\org\junit\jupiter\junit-jupiter-params\5.10.0\junit-jupiter-params-5.10.0.jar;C:\Users\USER\.m2\repository\org\junit\jupiter\junit-jupiter-engine\5.10.0\junit-jupiter-engine-5.10.0.jar;C:\Users\USER\.m2\repository\org\junit\platform\junit-platform-engine\1.10.0\junit-platform-engine-1.10.0.jar;C:\Users\USER\.m2\repository\org\mockito\mockito-core\5.7.0\mockito-core-5.7.0.jar;C:\Users\USER\.m2\repository\net\bytebuddy\byte-buddy-agent\1.14.9\byte-buddy-agent-1.14.9.jar;C:\Users\USER\.m2\repository\org\objenesis\objenesis\3.3\objenesis-3.3.jar;C:\Users\USER\.m2\repository\org\assertj\assertj-core\3.24.2\assertj-core-3.24.2.jar;C:\Users\USER\.m2\repository\com\h2database\h2\2.2.224\h2-2.2.224.jar;C:\Users\USER\.m2\repository\org\testcontainers\junit-jupiter\1.19.3\junit-jupiter-1.19.3.jar;C:\Users\USER\.m2\repository\org\testcontainers\testcontainers\1.19.3\testcontainers-1.19.3.jar;C:\Users\USER\.m2\repository\junit\junit\4.13.2\junit-4.13.2.jar;C:\Users\USER\.m2\repository\org\hamcrest\hamcrest-core\1.3\hamcrest-core-1.3.jar;C:\Users\USER\.m2\repository\org\apache\commons\commons-compress\1.24.0\commons-compress-1.24.0.jar;C:\Users\USER\.m2\repository\org\rnorth\duct-tape\duct-tape\1.0.8\duct-tape-1.0.8.jar;C:\Users\USER\.m2\repository\org\jetbrains\annotations\17.0.0\annotations-17.0.0.jar;C:\Users\USER\.m2\repository\com\github\docker-java\docker-java-api\3.3.4\docker-java-api-3.3.4.jar;C:\Users\USER\.m2\repository\com\github\docker-java\docker-java-transport-zerodep\3.3.4\docker-java-transport-zerodep-3.3.4.jar;C:\Users\USER\.m2\repository\com\github\docker-java\docker-java-transport\3.3.4\docker-java-transport-3.3.4.jar;C:\Users\USER\.m2\repository\net\java\dev\jna\jna\5.13.0\jna-5.13.0.jar;C:\Users\USER\.m2\repository\com\squareup\okhttp3\mockwebserver\4.11.0\mockwebserver-4.11.0.jar;C:\Users\USER\.m2\repository\com\squareup\okhttp3\okhttp\4.11.0\okhttp-4.11.0.jar;C:\Users\USER\.m2\repository\com\squareup\okio\okio\3.2.0\okio-3.2.0.jar;C:\Users\USER\.m2\repository\com\squareup\okio\okio-jvm\3.2.0\okio-jvm-3.2.0.jar;C:\Users\USER\.m2\repository\org\jetbrains\kotlin\kotlin-stdlib\1.6.20\kotlin-stdlib-1.6.20.jar;C:\Users\USER\.m2\repository\org\jetbrains\kotlin\kotlin-stdlib-common\1.6.20\kotlin-stdlib-common-1.6.20.jar;C:\Users\USER\.m2\repository\org\jetbrains\kotlin\kotlin-stdlib-jdk8\1.6.10\kotlin-stdlib-jdk8-1.6.10.jar;C:\Users\USER\.m2\repository\org\jetbrains\kotlin\kotlin-stdlib-jdk7\1.6.10\kotlin-stdlib-jdk7-1.6.10.jar;C:\Users\USER\.m2\repository\com\fasterxml\jackson\datatype\jackson-datatype-jsr310\2.15.2\jackson-datatype-jsr310-2.15.2.jar;"/>
    <property name="java.vm.vendor" value="Eclipse Adoptium"/>
    <property name="sun.arch.data.model" value="64"/>
    <property name="user.variant" value=""/>
    <property name="java.vendor.url" value="https://adoptium.net/"/>
    <property name="user.timezone" value="Asia/Tehran"/>
    <property name="os.name" value="Windows 11"/>
    <property name="java.vm.specification.version" value="17"/>
    <property name="sun.java.launcher" value="SUN_STANDARD"/>
    <property name="user.country" value="US"/>
    <property name="sun.boot.library.path" value="C:\Program Files\Eclipse Adoptium\jdk-17.0.14.7-hotspot\bin"/>
    <property name="sun.java.command" value="C:\Users\USER\AppData\Local\Temp\surefire8236851155724109824\surefirebooter-20250703070855672_3.jar C:\Users\USER\AppData\Local\Temp\surefire8236851155724109824 2025-07-03T07-08-55_112-jvmRun1 surefire-20250703070855672_1tmp surefire_0-20250703070855672_2tmp"/>
    <property name="jdk.debug" value="release"/>
    <property name="surefire.test.class.path" value="C:\Users\USER\Desktop\work space\food-ordering-project\backend\target\test-classes;C:\Users\USER\Desktop\work space\food-ordering-project\backend\target\classes;C:\Users\USER\.m2\repository\org\hibernate\orm\hibernate-core\6.4.0.Final\hibernate-core-6.4.0.Final.jar;C:\Users\USER\.m2\repository\jakarta\persistence\jakarta.persistence-api\3.1.0\jakarta.persistence-api-3.1.0.jar;C:\Users\USER\.m2\repository\jakarta\transaction\jakarta.transaction-api\2.0.1\jakarta.transaction-api-2.0.1.jar;C:\Users\USER\.m2\repository\org\jboss\logging\jboss-logging\3.5.0.Final\jboss-logging-3.5.0.Final.jar;C:\Users\USER\.m2\repository\org\hibernate\common\hibernate-commons-annotations\6.0.6.Final\hibernate-commons-annotations-6.0.6.Final.jar;C:\Users\USER\.m2\repository\io\smallrye\jandex\3.1.2\jandex-3.1.2.jar;C:\Users\USER\.m2\repository\com\fasterxml\classmate\1.5.1\classmate-1.5.1.jar;C:\Users\USER\.m2\repository\net\bytebuddy\byte-buddy\1.14.7\byte-buddy-1.14.7.jar;C:\Users\USER\.m2\repository\jakarta\xml\bind\jakarta.xml.bind-api\4.0.0\jakarta.xml.bind-api-4.0.0.jar;C:\Users\USER\.m2\repository\jakarta\activation\jakarta.activation-api\2.1.0\jakarta.activation-api-2.1.0.jar;C:\Users\USER\.m2\repository\org\glassfish\jaxb\jaxb-runtime\4.0.2\jaxb-runtime-4.0.2.jar;C:\Users\USER\.m2\repository\org\glassfish\jaxb\jaxb-core\4.0.2\jaxb-core-4.0.2.jar;C:\Users\USER\.m2\repository\org\eclipse\angus\angus-activation\2.0.0\angus-activation-2.0.0.jar;C:\Users\USER\.m2\repository\org\glassfish\jaxb\txw2\4.0.2\txw2-4.0.2.jar;C:\Users\USER\.m2\repository\com\sun\istack\istack-commons-runtime\4.1.1\istack-commons-runtime-4.1.1.jar;C:\Users\USER\.m2\repository\jakarta\inject\jakarta.inject-api\2.0.1\jakarta.inject-api-2.0.1.jar;C:\Users\USER\.m2\repository\org\antlr\antlr4-runtime\4.13.0\antlr4-runtime-4.13.0.jar;C:\Users\USER\.m2\repository\org\hibernate\orm\hibernate-community-dialects\6.2.13.Final\hibernate-community-dialects-6.2.13.Final.jar;C:\Users\USER\.m2\repository\org\xerial\sqlite-jdbc\3.44.0.0\sqlite-jdbc-3.44.0.0.jar;C:\Users\USER\.m2\repository\com\fasterxml\jackson\core\jackson-core\2.15.2\jackson-core-2.15.2.jar;C:\Users\USER\.m2\repository\com\fasterxml\jackson\core\jackson-databind\2.15.2\jackson-databind-2.15.2.jar;C:\Users\USER\.m2\repository\com\fasterxml\jackson\core\jackson-annotations\2.15.2\jackson-annotations-2.15.2.jar;C:\Users\USER\.m2\repository\org\slf4j\slf4j-api\2.0.9\slf4j-api-2.0.9.jar;C:\Users\USER\.m2\repository\ch\qos\logback\logback-classic\1.4.11\logback-classic-1.4.11.jar;C:\Users\USER\.m2\repository\ch\qos\logback\logback-core\1.4.11\logback-core-1.4.11.jar;C:\Users\USER\.m2\repository\org\mindrot\jbcrypt\0.4\jbcrypt-0.4.jar;C:\Users\USER\.m2\repository\io\jsonwebtoken\jjwt-api\0.12.3\jjwt-api-0.12.3.jar;C:\Users\USER\.m2\repository\io\jsonwebtoken\jjwt-impl\0.12.3\jjwt-impl-0.12.3.jar;C:\Users\USER\.m2\repository\io\jsonwebtoken\jjwt-jackson\0.12.3\jjwt-jackson-0.12.3.jar;C:\Users\USER\.m2\repository\org\junit\jupiter\junit-jupiter\5.10.0\junit-jupiter-5.10.0.jar;C:\Users\USER\.m2\repository\org\junit\jupiter\junit-jupiter-api\5.10.0\junit-jupiter-api-5.10.0.jar;C:\Users\USER\.m2\repository\org\opentest4j\opentest4j\1.3.0\opentest4j-1.3.0.jar;C:\Users\USER\.m2\repository\org\junit\platform\junit-platform-commons\1.10.0\junit-platform-commons-1.10.0.jar;C:\Users\USER\.m2\repository\org\apiguardian\apiguardian-api\1.1.2\apiguardian-api-1.1.2.jar;C:\Users\USER\.m2\repository\org\junit\jupiter\junit-jupiter-params\5.10.0\junit-jupiter-params-5.10.0.jar;C:\Users\USER\.m2\repository\org\junit\jupiter\junit-jupiter-engine\5.10.0\junit-jupiter-engine-5.10.0.jar;C:\Users\USER\.m2\repository\org\junit\platform\junit-platform-engine\1.10.0\junit-platform-engine-1.10.0.jar;C:\Users\USER\.m2\repository\org\mockito\mockito-core\5.7.0\mockito-core-5.7.0.jar;C:\Users\USER\.m2\repository\net\bytebuddy\byte-buddy-agent\1.14.9\byte-buddy-agent-1.14.9.jar;C:\Users\USER\.m2\repository\org\objenesis\objenesis\3.3\objenesis-3.3.jar;C:\Users\USER\.m2\repository\org\assertj\assertj-core\3.24.2\assertj-core-3.24.2.jar;C:\Users\USER\.m2\repository\com\h2database\h2\2.2.224\h2-2.2.224.jar;C:\Users\USER\.m2\repository\org\testcontainers\junit-jupiter\1.19.3\junit-jupiter-1.19.3.jar;C:\Users\USER\.m2\repository\org\testcontainers\testcontainers\1.19.3\testcontainers-1.19.3.jar;C:\Users\USER\.m2\repository\junit\junit\4.13.2\junit-4.13.2.jar;C:\Users\USER\.m2\repository\org\hamcrest\hamcrest-core\1.3\hamcrest-core-1.3.jar;C:\Users\USER\.m2\repository\org\apache\commons\commons-compress\1.24.0\commons-compress-1.24.0.jar;C:\Users\USER\.m2\repository\org\rnorth\duct-tape\duct-tape\1.0.8\duct-tape-1.0.8.jar;C:\Users\USER\.m2\repository\org\jetbrains\annotations\17.0.0\annotations-17.0.0.jar;C:\Users\USER\.m2\repository\com\github\docker-java\docker-java-api\3.3.4\docker-java-api-3.3.4.jar;C:\Users\USER\.m2\repository\com\github\docker-java\docker-java-transport-zerodep\3.3.4\docker-java-transport-zerodep-3.3.4.jar;C:\Users\USER\.m2\repository\com\github\docker-java\docker-java-transport\3.3.4\docker-java-transport-3.3.4.jar;C:\Users\USER\.m2\repository\net\java\dev\jna\jna\5.13.0\jna-5.13.0.jar;C:\Users\USER\.m2\repository\com\squareup\okhttp3\mockwebserver\4.11.0\mockwebserver-4.11.0.jar;C:\Users\USER\.m2\repository\com\squareup\okhttp3\okhttp\4.11.0\okhttp-4.11.0.jar;C:\Users\USER\.m2\repository\com\squareup\okio\okio\3.2.0\okio-3.2.0.jar;C:\Users\USER\.m2\repository\com\squareup\okio\okio-jvm\3.2.0\okio-jvm-3.2.0.jar;C:\Users\USER\.m2\repository\org\jetbrains\kotlin\kotlin-stdlib\1.6.20\kotlin-stdlib-1.6.20.jar;C:\Users\USER\.m2\repository\org\jetbrains\kotlin\kotlin-stdlib-common\1.6.20\kotlin-stdlib-common-1.6.20.jar;C:\Users\USER\.m2\repository\org\jetbrains\kotlin\kotlin-stdlib-jdk8\1.6.10\kotlin-stdlib-jdk8-1.6.10.jar;C:\Users\USER\.m2\repository\org\jetbrains\kotlin\kotlin-stdlib-jdk7\1.6.10\kotlin-stdlib-jdk7-1.6.10.jar;C:\Users\USER\.m2\repository\com\fasterxml\jackson\datatype\jackson-datatype-jsr310\2.15.2\jackson-datatype-jsr310-2.15.2.jar;"/>
    <property name="sun.cpu.endian" value="little"/>
    <property name="user.home" value="C:\Users\USER"/>
    <property name="user.language" value="en"/>
    <property name="java.specification.vendor" value="Oracle Corporation"/>
    <property name="java.version.date" value="2025-01-21"/>
    <property name="java.home" value="C:\Program Files\Eclipse Adoptium\jdk-17.0.14.7-hotspot"/>
    <property name="spring.profiles.active" value="test"/>
    <property name="file.separator" value="\"/>
    <property name="basedir" value="C:\Users\USER\Desktop\work space\food-ordering-project\backend"/>
    <property name="java.vm.compressedOopsMode" value="32-bit"/>
    <property name="line.separator" value="&#10;"/>
    <property name="java.vm.specification.vendor" value="Oracle Corporation"/>
    <property name="java.specification.name" value="Java Platform API Specification"/>
    <property name="java.awt.headless" value="true"/>
    <property name="surefire.real.class.path" value="C:\Users\USER\AppData\Local\Temp\surefire8236851155724109824\surefirebooter-20250703070855672_3.jar"/>
    <property name="user.script" value=""/>
    <property name="sun.management.compiler" value="HotSpot 64-Bit Tiered Compilers"/>
    <property name="java.runtime.version" value="17.0.14+7"/>
    <property name="user.name" value="USER"/>
    <property name="path.separator" value=";"/>
    <property name="os.version" value="10.0"/>
    <property name="java.runtime.name" value="OpenJDK Runtime Environment"/>
    <property name="file.encoding" value="UTF-8"/>
    <property name="java.vm.name" value="OpenJDK 64-Bit Server VM"/>
    <property name="java.vendor.version" value="Temurin-17.0.14+7"/>
    <property name="localRepository" value="C:\Users\USER\.m2\repository"/>
    <property name="java.vendor.url.bug" value="https://github.com/adoptium/adoptium-support/issues"/>
    <property name="java.io.tmpdir" value="C:\Users\USER\AppData\Local\Temp\"/>
    <property name="java.version" value="17.0.14"/>
    <property name="user.dir" value="C:\Users\USER\Desktop\work space\food-ordering-project\backend"/>
    <property name="os.arch" value="amd64"/>
    <property name="java.vm.specification.name" value="Java Virtual Machine Specification"/>
    <property name="sun.os.patch.level" value=""/>
    <property name="native.encoding" value="Cp1252"/>
    <property name="java.library.path" value="C:\Program Files\Eclipse Adoptium\jdk-17.0.14.7-hotspot\bin;C:\WINDOWS\Sun\Java\bin;C:\WINDOWS\system32;C:\WINDOWS;C:\mingw64\mingw64\bin;C:\Program Files\Common Files\Oracle\Java\javapath;C:\Program Files\Eclipse Adoptium\jdk-17.0.14.7-hotspot\bin;C:\Windows\system32;C:\Windows;C:\Windows\System32\Wbem;C:\Windows\System32\WindowsPowerShell\v1.0\;C:\Windows\System32\OpenSSH\;C:\Program Files (x86)\NVIDIA Corporation\PhysX\Common;C:\Program Files\dotnet\;C:\Program Files (x86)\AOMEI;C:\WINDOWS\system32;C:\WINDOWS;C:\WINDOWS\System32\Wbem;C:\WINDOWS\System32\WindowsPowerShell\v1.0\;C:\WINDOWS\System32\OpenSSH\;C:\Program Files\Microsoft VS Code\bin;C:\mingw64\mingw64\bin;C:\raylib-master\src;C:\Program Files\Git\cmd;C:\Program Files\Redis\;C:\Users\USER\AppData\Local\Programs\Python\Python313\Scripts\;C:\Users\USER\AppData\Local\Programs\Python\Python313\;C:\Users\USER\AppData\Local\Programs\Python\Launcher\;C:\Users\USER\AppData\Local\Programs\Python\Python312\Scripts\;C:\Users\USER\AppData\Local\Programs\Python\Python312\;C:\Users\USER\AppData\Local\Microsoft\WindowsApps;C:\mingw64\mingw64\bin;C:\raylib-master\src;C:\Program Files\Java\jdk-23\bin;C:\modeltech64_2020.4\win64;C:\apache-maven\apache-maven-3.9.9\bin;C:\Program Files\JetBrains\IntelliJ IDEA 2025.1.1.1\bin;;C:\Users\USER\AppData\Local\Programs\cursor\resources\app\bin;;."/>
    <property name="java.vm.info" value="mixed mode, sharing"/>
    <property name="java.vendor" value="Eclipse Adoptium"/>
    <property name="java.vm.version" value="17.0.14+7"/>
    <property name="java.specification.maintenance.version" value="1"/>
    <property name="sun.io.unicode.encoding" value="UnicodeLittle"/>
    <property name="java.class.version" value="61.0"/>
  </properties>
  <testcase name="largeOrder_MaximumItemsAndQuantities_HandledCorrectly" classname="com.myapp.order.OrderControllerIntegrationTest$EdgeCaseTests" time="0.299">
    <system-out><![CDATA[2025-07-03 07:10:02.577 [main] DEBUG org.hibernate.SQL - 
    delete 
    from
        notifications
Hibernate: 
    delete 
    from
        notifications
2025-07-03 07:10:02.578 [main] DEBUG org.hibernate.SQL - 
    delete 
    from
        ratings
Hibernate: 
    delete 
    from
        ratings
2025-07-03 07:10:02.578 [main] DEBUG org.hibernate.SQL - 
    delete 
    from
        order_items
Hibernate: 
    delete 
    from
        order_items
2025-07-03 07:10:02.578 [main] DEBUG org.hibernate.SQL - 
    delete 
    from
        orders
Hibernate: 
    delete 
    from
        orders
2025-07-03 07:10:02.578 [main] DEBUG org.hibernate.SQL - 
    delete 
    from
        food_items
Hibernate: 
    delete 
    from
        food_items
2025-07-03 07:10:02.578 [main] DEBUG org.hibernate.SQL - 
    delete 
    from
        restaurants
Hibernate: 
    delete 
    from
        restaurants
2025-07-03 07:10:02.578 [main] DEBUG org.hibernate.SQL - 
    delete 
    from
        users
Hibernate: 
    delete 
    from
        users
2025-07-03 07:10:02.580 [main] DEBUG c.myapp.common.TestDatabaseManager - Cleaned all test data from database
2025-07-03 07:10:02.580 [main] DEBUG c.myapp.common.TestDatabaseManager - Test database cleanup completed
🚀 شروع تست سفارش بزرگ
🔨 شروع ایجاد کاربر تست با ایمیل: customer.large@test.com
🔄 تلاش شماره 1 از 3 برای ذخیره کاربر
2025-07-03 07:10:02.686 [main] DEBUG org.hibernate.SQL - 
    select
        u1_0.id,
        u1_0.address,
        u1_0.email,
        u1_0.full_name,
        u1_0.is_active,
        u1_0.password_hash,
        u1_0.phone,
        u1_0.role 
    from
        users u1_0 
    where
        u1_0.phone=?
Hibernate: 
    select
        u1_0.id,
        u1_0.address,
        u1_0.email,
        u1_0.full_name,
        u1_0.is_active,
        u1_0.password_hash,
        u1_0.phone,
        u1_0.role 
    from
        users u1_0 
    where
        u1_0.phone=?
2025-07-03 07:10:02.687 [main] DEBUG org.hibernate.SQL - 
    insert 
    into
        users
        (address, email, full_name, is_active, password_hash, phone, role, id) 
    values
        (?, ?, ?, ?, ?, ?, ?, ?)
Hibernate: 
    insert 
    into
        users
        (address, email, full_name, is_active, password_hash, phone, role, id) 
    values
        (?, ?, ?, ?, ?, ?, ?, ?)
✅ کاربر تست با موفقیت ذخیره شد - ID: 13544, ایمیل: customer.large@test.com
🏪 شروع ایجاد رستوران تست با نام: رستوران بزرگ
🔨 شروع ایجاد کاربر تست با ایمیل: restaurant.owner.1751514002688@test.com
🔄 تلاش شماره 1 از 3 برای ذخیره کاربر
2025-07-03 07:10:02.688 [main] DEBUG org.hibernate.SQL - 
    select
        u1_0.id,
        u1_0.address,
        u1_0.email,
        u1_0.full_name,
        u1_0.is_active,
        u1_0.password_hash,
        u1_0.phone,
        u1_0.role 
    from
        users u1_0 
    where
        u1_0.phone=?
Hibernate: 
    select
        u1_0.id,
        u1_0.address,
        u1_0.email,
        u1_0.full_name,
        u1_0.is_active,
        u1_0.password_hash,
        u1_0.phone,
        u1_0.role 
    from
        users u1_0 
    where
        u1_0.phone=?
2025-07-03 07:10:02.688 [main] DEBUG org.hibernate.SQL - 
    insert 
    into
        users
        (address, email, full_name, is_active, password_hash, phone, role, id) 
    values
        (?, ?, ?, ?, ?, ?, ?, ?)
Hibernate: 
    insert 
    into
        users
        (address, email, full_name, is_active, password_hash, phone, role, id) 
    values
        (?, ?, ?, ?, ?, ?, ?, ?)
✅ کاربر تست با موفقیت ذخیره شد - ID: 13545, ایمیل: restaurant.owner.1751514002688@test.com
👤 مالک رستوران ایجاد شد - ID: 13545
💾 تلاش برای ذخیره رستوران در پایگاه داده...
🔄 تلاش شماره 1 از 3 برای ذخیره رستوران
2025-07-03 07:10:02.689 [main] DEBUG org.hibernate.SQL - 
    insert 
    into
        restaurants
        (address, name, owner_id, phone, status, id) 
    values
        (?, ?, ?, ?, ?, ?)
Hibernate: 
    insert 
    into
        restaurants
        (address, name, owner_id, phone, status, id) 
    values
        (?, ?, ?, ?, ?, ?)
✅ رستوران با موفقیت ذخیره شد - ID: 2226
2025-07-03 07:10:02.690 [main] DEBUG org.hibernate.SQL - 
    select
        r1_0.id,
        r1_0.address,
        r1_0.name,
        r1_0.owner_id,
        r1_0.phone,
        r1_0.status 
    from
        restaurants r1_0 
    where
        r1_0.id=?
Hibernate: 
    select
        r1_0.id,
        r1_0.address,
        r1_0.name,
        r1_0.owner_id,
        r1_0.phone,
        r1_0.status 
    from
        restaurants r1_0 
    where
        r1_0.id=?
✅ تأیید: رستوران قابل بازیابی است
2025-07-03 07:10:02.691 [main] DEBUG org.hibernate.SQL - 
    select
        r1_0.id,
        r1_0.address,
        r1_0.name,
        r1_0.owner_id,
        r1_0.phone,
        r1_0.status 
    from
        restaurants r1_0 
    where
        r1_0.id=?
Hibernate: 
    select
        r1_0.id,
        r1_0.address,
        r1_0.name,
        r1_0.owner_id,
        r1_0.phone,
        r1_0.status 
    from
        restaurants r1_0 
    where
        r1_0.id=?
2025-07-03 07:10:02.691 [main] DEBUG org.hibernate.SQL - 
    insert 
    into
        orders
        (actual_delivery_time, customer_id, delivery_address, estimated_delivery_time, notes, order_date, phone, restaurant_id, status, total_amount, id) 
    values
        (?, ?, ?, ?, ?, ?, ?, ?, ?, ?, ?)
Hibernate: 
    insert 
    into
        orders
        (actual_delivery_time, customer_id, delivery_address, estimated_delivery_time, notes, order_date, phone, restaurant_id, status, total_amount, id) 
    values
        (?, ?, ?, ?, ?, ?, ?, ?, ?, ?, ?)
🍽️ ایجاد آیتم‌های غذا مختلف
🍕 شروع ایجاد آیتم غذا تست: آیتم 0 - قیمت: 10.0
💾 تلاش برای ذخیره آیتم غذا در پایگاه داده...
🔄 تلاش شماره 1 از 3 برای ذخیره آیتم غذا
2025-07-03 07:10:02.692 [main] DEBUG org.hibernate.SQL - 
    insert 
    into
        food_items
        (available, category, description, image_url, keywords, name, price, quantity, restaurant_id, id) 
    values
        (?, ?, ?, ?, ?, ?, ?, ?, ?, ?)
Hibernate: 
    insert 
    into
        food_items
        (available, category, description, image_url, keywords, name, price, quantity, restaurant_id, id) 
    values
        (?, ?, ?, ?, ?, ?, ?, ?, ?, ?)
✅ آیتم غذا با موفقیت ذخیره شد - ID: 5551
2025-07-03 07:10:02.693 [main] DEBUG org.hibernate.SQL - 
    select
        fi1_0.id,
        fi1_0.available,
        fi1_0.category,
        fi1_0.description,
        fi1_0.image_url,
        fi1_0.keywords,
        fi1_0.name,
        fi1_0.price,
        fi1_0.quantity,
        fi1_0.restaurant_id 
    from
        food_items fi1_0 
    where
        fi1_0.id=?
Hibernate: 
    select
        fi1_0.id,
        fi1_0.available,
        fi1_0.category,
        fi1_0.description,
        fi1_0.image_url,
        fi1_0.keywords,
        fi1_0.name,
        fi1_0.price,
        fi1_0.quantity,
        fi1_0.restaurant_id 
    from
        food_items fi1_0 
    where
        fi1_0.id=?
✅ تأیید: آیتم غذا قابل بازیابی است
🍕 شروع ایجاد آیتم غذا تست: آیتم 1 - قیمت: 11.0
💾 تلاش برای ذخیره آیتم غذا در پایگاه داده...
🔄 تلاش شماره 1 از 3 برای ذخیره آیتم غذا
2025-07-03 07:10:02.694 [main] DEBUG org.hibernate.SQL - 
    select
        next_val as id_val 
    from
        food_items_SEQ
Hibernate: 
    select
        next_val as id_val 
    from
        food_items_SEQ
2025-07-03 07:10:02.694 [main] DEBUG org.hibernate.SQL - 
    update
        food_items_SEQ 
    set
        next_val= ? 
    where
        next_val=?
Hibernate: 
    update
        food_items_SEQ 
    set
        next_val= ? 
    where
        next_val=?
2025-07-03 07:10:02.695 [main] DEBUG org.hibernate.SQL - 
    insert 
    into
        food_items
        (available, category, description, image_url, keywords, name, price, quantity, restaurant_id, id) 
    values
        (?, ?, ?, ?, ?, ?, ?, ?, ?, ?)
Hibernate: 
    insert 
    into
        food_items
        (available, category, description, image_url, keywords, name, price, quantity, restaurant_id, id) 
    values
        (?, ?, ?, ?, ?, ?, ?, ?, ?, ?)
✅ آیتم غذا با موفقیت ذخیره شد - ID: 5552
2025-07-03 07:10:02.696 [main] DEBUG org.hibernate.SQL - 
    select
        fi1_0.id,
        fi1_0.available,
        fi1_0.category,
        fi1_0.description,
        fi1_0.image_url,
        fi1_0.keywords,
        fi1_0.name,
        fi1_0.price,
        fi1_0.quantity,
        fi1_0.restaurant_id 
    from
        food_items fi1_0 
    where
        fi1_0.id=?
Hibernate: 
    select
        fi1_0.id,
        fi1_0.available,
        fi1_0.category,
        fi1_0.description,
        fi1_0.image_url,
        fi1_0.keywords,
        fi1_0.name,
        fi1_0.price,
        fi1_0.quantity,
        fi1_0.restaurant_id 
    from
        food_items fi1_0 
    where
        fi1_0.id=?
✅ تأیید: آیتم غذا قابل بازیابی است
🍕 شروع ایجاد آیتم غذا تست: آیتم 2 - قیمت: 12.0
💾 تلاش برای ذخیره آیتم غذا در پایگاه داده...
🔄 تلاش شماره 1 از 3 برای ذخیره آیتم غذا
2025-07-03 07:10:02.696 [main] DEBUG org.hibernate.SQL - 
    insert 
    into
        food_items
        (available, category, description, image_url, keywords, name, price, quantity, restaurant_id, id) 
    values
        (?, ?, ?, ?, ?, ?, ?, ?, ?, ?)
Hibernate: 
    insert 
    into
        food_items
        (available, category, description, image_url, keywords, name, price, quantity, restaurant_id, id) 
    values
        (?, ?, ?, ?, ?, ?, ?, ?, ?, ?)
✅ آیتم غذا با موفقیت ذخیره شد - ID: 5553
2025-07-03 07:10:02.697 [main] DEBUG org.hibernate.SQL - 
    select
        fi1_0.id,
        fi1_0.available,
        fi1_0.category,
        fi1_0.description,
        fi1_0.image_url,
        fi1_0.keywords,
        fi1_0.name,
        fi1_0.price,
        fi1_0.quantity,
        fi1_0.restaurant_id 
    from
        food_items fi1_0 
    where
        fi1_0.id=?
Hibernate: 
    select
        fi1_0.id,
        fi1_0.available,
        fi1_0.category,
        fi1_0.description,
        fi1_0.image_url,
        fi1_0.keywords,
        fi1_0.name,
        fi1_0.price,
        fi1_0.quantity,
        fi1_0.restaurant_id 
    from
        food_items fi1_0 
    where
        fi1_0.id=?
✅ تأیید: آیتم غذا قابل بازیابی است
🍕 شروع ایجاد آیتم غذا تست: آیتم 3 - قیمت: 13.0
💾 تلاش برای ذخیره آیتم غذا در پایگاه داده...
🔄 تلاش شماره 1 از 3 برای ذخیره آیتم غذا
2025-07-03 07:10:02.697 [main] DEBUG org.hibernate.SQL - 
    insert 
    into
        food_items
        (available, category, description, image_url, keywords, name, price, quantity, restaurant_id, id) 
    values
        (?, ?, ?, ?, ?, ?, ?, ?, ?, ?)
Hibernate: 
    insert 
    into
        food_items
        (available, category, description, image_url, keywords, name, price, quantity, restaurant_id, id) 
    values
        (?, ?, ?, ?, ?, ?, ?, ?, ?, ?)
✅ آیتم غذا با موفقیت ذخیره شد - ID: 5554
2025-07-03 07:10:02.698 [main] DEBUG org.hibernate.SQL - 
    select
        fi1_0.id,
        fi1_0.available,
        fi1_0.category,
        fi1_0.description,
        fi1_0.image_url,
        fi1_0.keywords,
        fi1_0.name,
        fi1_0.price,
        fi1_0.quantity,
        fi1_0.restaurant_id 
    from
        food_items fi1_0 
    where
        fi1_0.id=?
Hibernate: 
    select
        fi1_0.id,
        fi1_0.available,
        fi1_0.category,
        fi1_0.description,
        fi1_0.image_url,
        fi1_0.keywords,
        fi1_0.name,
        fi1_0.price,
        fi1_0.quantity,
        fi1_0.restaurant_id 
    from
        food_items fi1_0 
    where
        fi1_0.id=?
✅ تأیید: آیتم غذا قابل بازیابی است
🍕 شروع ایجاد آیتم غذا تست: آیتم 4 - قیمت: 14.0
💾 تلاش برای ذخیره آیتم غذا در پایگاه داده...
🔄 تلاش شماره 1 از 3 برای ذخیره آیتم غذا
2025-07-03 07:10:02.698 [main] DEBUG org.hibernate.SQL - 
    insert 
    into
        food_items
        (available, category, description, image_url, keywords, name, price, quantity, restaurant_id, id) 
    values
        (?, ?, ?, ?, ?, ?, ?, ?, ?, ?)
Hibernate: 
    insert 
    into
        food_items
        (available, category, description, image_url, keywords, name, price, quantity, restaurant_id, id) 
    values
        (?, ?, ?, ?, ?, ?, ?, ?, ?, ?)
✅ آیتم غذا با موفقیت ذخیره شد - ID: 5555
2025-07-03 07:10:02.699 [main] DEBUG org.hibernate.SQL - 
    select
        fi1_0.id,
        fi1_0.available,
        fi1_0.category,
        fi1_0.description,
        fi1_0.image_url,
        fi1_0.keywords,
        fi1_0.name,
        fi1_0.price,
        fi1_0.quantity,
        fi1_0.restaurant_id 
    from
        food_items fi1_0 
    where
        fi1_0.id=?
Hibernate: 
    select
        fi1_0.id,
        fi1_0.available,
        fi1_0.category,
        fi1_0.description,
        fi1_0.image_url,
        fi1_0.keywords,
        fi1_0.name,
        fi1_0.price,
        fi1_0.quantity,
        fi1_0.restaurant_id 
    from
        food_items fi1_0 
    where
        fi1_0.id=?
✅ تأیید: آیتم غذا قابل بازیابی است
🍕 شروع ایجاد آیتم غذا تست: آیتم 5 - قیمت: 15.0
💾 تلاش برای ذخیره آیتم غذا در پایگاه داده...
🔄 تلاش شماره 1 از 3 برای ذخیره آیتم غذا
2025-07-03 07:10:02.699 [main] DEBUG org.hibernate.SQL - 
    insert 
    into
        food_items
        (available, category, description, image_url, keywords, name, price, quantity, restaurant_id, id) 
    values
        (?, ?, ?, ?, ?, ?, ?, ?, ?, ?)
Hibernate: 
    insert 
    into
        food_items
        (available, category, description, image_url, keywords, name, price, quantity, restaurant_id, id) 
    values
        (?, ?, ?, ?, ?, ?, ?, ?, ?, ?)
✅ آیتم غذا با موفقیت ذخیره شد - ID: 5556
2025-07-03 07:10:02.700 [main] DEBUG org.hibernate.SQL - 
    select
        fi1_0.id,
        fi1_0.available,
        fi1_0.category,
        fi1_0.description,
        fi1_0.image_url,
        fi1_0.keywords,
        fi1_0.name,
        fi1_0.price,
        fi1_0.quantity,
        fi1_0.restaurant_id 
    from
        food_items fi1_0 
    where
        fi1_0.id=?
Hibernate: 
    select
        fi1_0.id,
        fi1_0.available,
        fi1_0.category,
        fi1_0.description,
        fi1_0.image_url,
        fi1_0.keywords,
        fi1_0.name,
        fi1_0.price,
        fi1_0.quantity,
        fi1_0.restaurant_id 
    from
        food_items fi1_0 
    where
        fi1_0.id=?
✅ تأیید: آیتم غذا قابل بازیابی است
🍕 شروع ایجاد آیتم غذا تست: آیتم 6 - قیمت: 16.0
💾 تلاش برای ذخیره آیتم غذا در پایگاه داده...
🔄 تلاش شماره 1 از 3 برای ذخیره آیتم غذا
2025-07-03 07:10:02.700 [main] DEBUG org.hibernate.SQL - 
    insert 
    into
        food_items
        (available, category, description, image_url, keywords, name, price, quantity, restaurant_id, id) 
    values
        (?, ?, ?, ?, ?, ?, ?, ?, ?, ?)
Hibernate: 
    insert 
    into
        food_items
        (available, category, description, image_url, keywords, name, price, quantity, restaurant_id, id) 
    values
        (?, ?, ?, ?, ?, ?, ?, ?, ?, ?)
✅ آیتم غذا با موفقیت ذخیره شد - ID: 5557
2025-07-03 07:10:02.701 [main] DEBUG org.hibernate.SQL - 
    select
        fi1_0.id,
        fi1_0.available,
        fi1_0.category,
        fi1_0.description,
        fi1_0.image_url,
        fi1_0.keywords,
        fi1_0.name,
        fi1_0.price,
        fi1_0.quantity,
        fi1_0.restaurant_id 
    from
        food_items fi1_0 
    where
        fi1_0.id=?
Hibernate: 
    select
        fi1_0.id,
        fi1_0.available,
        fi1_0.category,
        fi1_0.description,
        fi1_0.image_url,
        fi1_0.keywords,
        fi1_0.name,
        fi1_0.price,
        fi1_0.quantity,
        fi1_0.restaurant_id 
    from
        food_items fi1_0 
    where
        fi1_0.id=?
✅ تأیید: آیتم غذا قابل بازیابی است
🍕 شروع ایجاد آیتم غذا تست: آیتم 7 - قیمت: 17.0
💾 تلاش برای ذخیره آیتم غذا در پایگاه داده...
🔄 تلاش شماره 1 از 3 برای ذخیره آیتم غذا
2025-07-03 07:10:02.702 [main] DEBUG org.hibernate.SQL - 
    insert 
    into
        food_items
        (available, category, description, image_url, keywords, name, price, quantity, restaurant_id, id) 
    values
        (?, ?, ?, ?, ?, ?, ?, ?, ?, ?)
Hibernate: 
    insert 
    into
        food_items
        (available, category, description, image_url, keywords, name, price, quantity, restaurant_id, id) 
    values
        (?, ?, ?, ?, ?, ?, ?, ?, ?, ?)
✅ آیتم غذا با موفقیت ذخیره شد - ID: 5558
2025-07-03 07:10:02.702 [main] DEBUG org.hibernate.SQL - 
    select
        fi1_0.id,
        fi1_0.available,
        fi1_0.category,
        fi1_0.description,
        fi1_0.image_url,
        fi1_0.keywords,
        fi1_0.name,
        fi1_0.price,
        fi1_0.quantity,
        fi1_0.restaurant_id 
    from
        food_items fi1_0 
    where
        fi1_0.id=?
Hibernate: 
    select
        fi1_0.id,
        fi1_0.available,
        fi1_0.category,
        fi1_0.description,
        fi1_0.image_url,
        fi1_0.keywords,
        fi1_0.name,
        fi1_0.price,
        fi1_0.quantity,
        fi1_0.restaurant_id 
    from
        food_items fi1_0 
    where
        fi1_0.id=?
✅ تأیید: آیتم غذا قابل بازیابی است
🍕 شروع ایجاد آیتم غذا تست: آیتم 8 - قیمت: 18.0
💾 تلاش برای ذخیره آیتم غذا در پایگاه داده...
🔄 تلاش شماره 1 از 3 برای ذخیره آیتم غذا
2025-07-03 07:10:02.703 [main] DEBUG org.hibernate.SQL - 
    insert 
    into
        food_items
        (available, category, description, image_url, keywords, name, price, quantity, restaurant_id, id) 
    values
        (?, ?, ?, ?, ?, ?, ?, ?, ?, ?)
Hibernate: 
    insert 
    into
        food_items
        (available, category, description, image_url, keywords, name, price, quantity, restaurant_id, id) 
    values
        (?, ?, ?, ?, ?, ?, ?, ?, ?, ?)
✅ آیتم غذا با موفقیت ذخیره شد - ID: 5559
2025-07-03 07:10:02.704 [main] DEBUG org.hibernate.SQL - 
    select
        fi1_0.id,
        fi1_0.available,
        fi1_0.category,
        fi1_0.description,
        fi1_0.image_url,
        fi1_0.keywords,
        fi1_0.name,
        fi1_0.price,
        fi1_0.quantity,
        fi1_0.restaurant_id 
    from
        food_items fi1_0 
    where
        fi1_0.id=?
Hibernate: 
    select
        fi1_0.id,
        fi1_0.available,
        fi1_0.category,
        fi1_0.description,
        fi1_0.image_url,
        fi1_0.keywords,
        fi1_0.name,
        fi1_0.price,
        fi1_0.quantity,
        fi1_0.restaurant_id 
    from
        food_items fi1_0 
    where
        fi1_0.id=?
✅ تأیید: آیتم غذا قابل بازیابی است
🍕 شروع ایجاد آیتم غذا تست: آیتم 9 - قیمت: 19.0
💾 تلاش برای ذخیره آیتم غذا در پایگاه داده...
🔄 تلاش شماره 1 از 3 برای ذخیره آیتم غذا
2025-07-03 07:10:02.704 [main] DEBUG org.hibernate.SQL - 
    insert 
    into
        food_items
        (available, category, description, image_url, keywords, name, price, quantity, restaurant_id, id) 
    values
        (?, ?, ?, ?, ?, ?, ?, ?, ?, ?)
Hibernate: 
    insert 
    into
        food_items
        (available, category, description, image_url, keywords, name, price, quantity, restaurant_id, id) 
    values
        (?, ?, ?, ?, ?, ?, ?, ?, ?, ?)
✅ آیتم غذا با موفقیت ذخیره شد - ID: 5560
2025-07-03 07:10:02.705 [main] DEBUG org.hibernate.SQL - 
    select
        fi1_0.id,
        fi1_0.available,
        fi1_0.category,
        fi1_0.description,
        fi1_0.image_url,
        fi1_0.keywords,
        fi1_0.name,
        fi1_0.price,
        fi1_0.quantity,
        fi1_0.restaurant_id 
    from
        food_items fi1_0 
    where
        fi1_0.id=?
Hibernate: 
    select
        fi1_0.id,
        fi1_0.available,
        fi1_0.category,
        fi1_0.description,
        fi1_0.image_url,
        fi1_0.keywords,
        fi1_0.name,
        fi1_0.price,
        fi1_0.quantity,
        fi1_0.restaurant_id 
    from
        food_items fi1_0 
    where
        fi1_0.id=?
✅ تأیید: آیتم غذا قابل بازیابی است
🍕 شروع ایجاد آیتم غذا تست: آیتم 10 - قیمت: 20.0
💾 تلاش برای ذخیره آیتم غذا در پایگاه داده...
🔄 تلاش شماره 1 از 3 برای ذخیره آیتم غذا
2025-07-03 07:10:02.705 [main] DEBUG org.hibernate.SQL - 
    insert 
    into
        food_items
        (available, category, description, image_url, keywords, name, price, quantity, restaurant_id, id) 
    values
        (?, ?, ?, ?, ?, ?, ?, ?, ?, ?)
Hibernate: 
    insert 
    into
        food_items
        (available, category, description, image_url, keywords, name, price, quantity, restaurant_id, id) 
    values
        (?, ?, ?, ?, ?, ?, ?, ?, ?, ?)
✅ آیتم غذا با موفقیت ذخیره شد - ID: 5561
2025-07-03 07:10:02.706 [main] DEBUG org.hibernate.SQL - 
    select
        fi1_0.id,
        fi1_0.available,
        fi1_0.category,
        fi1_0.description,
        fi1_0.image_url,
        fi1_0.keywords,
        fi1_0.name,
        fi1_0.price,
        fi1_0.quantity,
        fi1_0.restaurant_id 
    from
        food_items fi1_0 
    where
        fi1_0.id=?
Hibernate: 
    select
        fi1_0.id,
        fi1_0.available,
        fi1_0.category,
        fi1_0.description,
        fi1_0.image_url,
        fi1_0.keywords,
        fi1_0.name,
        fi1_0.price,
        fi1_0.quantity,
        fi1_0.restaurant_id 
    from
        food_items fi1_0 
    where
        fi1_0.id=?
✅ تأیید: آیتم غذا قابل بازیابی است
🍕 شروع ایجاد آیتم غذا تست: آیتم 11 - قیمت: 21.0
💾 تلاش برای ذخیره آیتم غذا در پایگاه داده...
🔄 تلاش شماره 1 از 3 برای ذخیره آیتم غذا
2025-07-03 07:10:02.707 [main] DEBUG org.hibernate.SQL - 
    insert 
    into
        food_items
        (available, category, description, image_url, keywords, name, price, quantity, restaurant_id, id) 
    values
        (?, ?, ?, ?, ?, ?, ?, ?, ?, ?)
Hibernate: 
    insert 
    into
        food_items
        (available, category, description, image_url, keywords, name, price, quantity, restaurant_id, id) 
    values
        (?, ?, ?, ?, ?, ?, ?, ?, ?, ?)
✅ آیتم غذا با موفقیت ذخیره شد - ID: 5562
2025-07-03 07:10:02.708 [main] DEBUG org.hibernate.SQL - 
    select
        fi1_0.id,
        fi1_0.available,
        fi1_0.category,
        fi1_0.description,
        fi1_0.image_url,
        fi1_0.keywords,
        fi1_0.name,
        fi1_0.price,
        fi1_0.quantity,
        fi1_0.restaurant_id 
    from
        food_items fi1_0 
    where
        fi1_0.id=?
Hibernate: 
    select
        fi1_0.id,
        fi1_0.available,
        fi1_0.category,
        fi1_0.description,
        fi1_0.image_url,
        fi1_0.keywords,
        fi1_0.name,
        fi1_0.price,
        fi1_0.quantity,
        fi1_0.restaurant_id 
    from
        food_items fi1_0 
    where
        fi1_0.id=?
✅ تأیید: آیتم غذا قابل بازیابی است
🍕 شروع ایجاد آیتم غذا تست: آیتم 12 - قیمت: 22.0
💾 تلاش برای ذخیره آیتم غذا در پایگاه داده...
🔄 تلاش شماره 1 از 3 برای ذخیره آیتم غذا
2025-07-03 07:10:02.708 [main] DEBUG org.hibernate.SQL - 
    insert 
    into
        food_items
        (available, category, description, image_url, keywords, name, price, quantity, restaurant_id, id) 
    values
        (?, ?, ?, ?, ?, ?, ?, ?, ?, ?)
Hibernate: 
    insert 
    into
        food_items
        (available, category, description, image_url, keywords, name, price, quantity, restaurant_id, id) 
    values
        (?, ?, ?, ?, ?, ?, ?, ?, ?, ?)
✅ آیتم غذا با موفقیت ذخیره شد - ID: 5563
2025-07-03 07:10:02.709 [main] DEBUG org.hibernate.SQL - 
    select
        fi1_0.id,
        fi1_0.available,
        fi1_0.category,
        fi1_0.description,
        fi1_0.image_url,
        fi1_0.keywords,
        fi1_0.name,
        fi1_0.price,
        fi1_0.quantity,
        fi1_0.restaurant_id 
    from
        food_items fi1_0 
    where
        fi1_0.id=?
Hibernate: 
    select
        fi1_0.id,
        fi1_0.available,
        fi1_0.category,
        fi1_0.description,
        fi1_0.image_url,
        fi1_0.keywords,
        fi1_0.name,
        fi1_0.price,
        fi1_0.quantity,
        fi1_0.restaurant_id 
    from
        food_items fi1_0 
    where
        fi1_0.id=?
✅ تأیید: آیتم غذا قابل بازیابی است
🍕 شروع ایجاد آیتم غذا تست: آیتم 13 - قیمت: 23.0
💾 تلاش برای ذخیره آیتم غذا در پایگاه داده...
🔄 تلاش شماره 1 از 3 برای ذخیره آیتم غذا
2025-07-03 07:10:02.709 [main] DEBUG org.hibernate.SQL - 
    insert 
    into
        food_items
        (available, category, description, image_url, keywords, name, price, quantity, restaurant_id, id) 
    values
        (?, ?, ?, ?, ?, ?, ?, ?, ?, ?)
Hibernate: 
    insert 
    into
        food_items
        (available, category, description, image_url, keywords, name, price, quantity, restaurant_id, id) 
    values
        (?, ?, ?, ?, ?, ?, ?, ?, ?, ?)
✅ آیتم غذا با موفقیت ذخیره شد - ID: 5564
2025-07-03 07:10:02.710 [main] DEBUG org.hibernate.SQL - 
    select
        fi1_0.id,
        fi1_0.available,
        fi1_0.category,
        fi1_0.description,
        fi1_0.image_url,
        fi1_0.keywords,
        fi1_0.name,
        fi1_0.price,
        fi1_0.quantity,
        fi1_0.restaurant_id 
    from
        food_items fi1_0 
    where
        fi1_0.id=?
Hibernate: 
    select
        fi1_0.id,
        fi1_0.available,
        fi1_0.category,
        fi1_0.description,
        fi1_0.image_url,
        fi1_0.keywords,
        fi1_0.name,
        fi1_0.price,
        fi1_0.quantity,
        fi1_0.restaurant_id 
    from
        food_items fi1_0 
    where
        fi1_0.id=?
✅ تأیید: آیتم غذا قابل بازیابی است
🍕 شروع ایجاد آیتم غذا تست: آیتم 14 - قیمت: 24.0
💾 تلاش برای ذخیره آیتم غذا در پایگاه داده...
🔄 تلاش شماره 1 از 3 برای ذخیره آیتم غذا
2025-07-03 07:10:02.710 [main] DEBUG org.hibernate.SQL - 
    insert 
    into
        food_items
        (available, category, description, image_url, keywords, name, price, quantity, restaurant_id, id) 
    values
        (?, ?, ?, ?, ?, ?, ?, ?, ?, ?)
Hibernate: 
    insert 
    into
        food_items
        (available, category, description, image_url, keywords, name, price, quantity, restaurant_id, id) 
    values
        (?, ?, ?, ?, ?, ?, ?, ?, ?, ?)
✅ آیتم غذا با موفقیت ذخیره شد - ID: 5565
2025-07-03 07:10:02.711 [main] DEBUG org.hibernate.SQL - 
    select
        fi1_0.id,
        fi1_0.available,
        fi1_0.category,
        fi1_0.description,
        fi1_0.image_url,
        fi1_0.keywords,
        fi1_0.name,
        fi1_0.price,
        fi1_0.quantity,
        fi1_0.restaurant_id 
    from
        food_items fi1_0 
    where
        fi1_0.id=?
Hibernate: 
    select
        fi1_0.id,
        fi1_0.available,
        fi1_0.category,
        fi1_0.description,
        fi1_0.image_url,
        fi1_0.keywords,
        fi1_0.name,
        fi1_0.price,
        fi1_0.quantity,
        fi1_0.restaurant_id 
    from
        food_items fi1_0 
    where
        fi1_0.id=?
✅ تأیید: آیتم غذا قابل بازیابی است
🍕 شروع ایجاد آیتم غذا تست: آیتم 15 - قیمت: 25.0
💾 تلاش برای ذخیره آیتم غذا در پایگاه داده...
🔄 تلاش شماره 1 از 3 برای ذخیره آیتم غذا
2025-07-03 07:10:02.712 [main] DEBUG org.hibernate.SQL - 
    insert 
    into
        food_items
        (available, category, description, image_url, keywords, name, price, quantity, restaurant_id, id) 
    values
        (?, ?, ?, ?, ?, ?, ?, ?, ?, ?)
Hibernate: 
    insert 
    into
        food_items
        (available, category, description, image_url, keywords, name, price, quantity, restaurant_id, id) 
    values
        (?, ?, ?, ?, ?, ?, ?, ?, ?, ?)
✅ آیتم غذا با موفقیت ذخیره شد - ID: 5566
2025-07-03 07:10:02.713 [main] DEBUG org.hibernate.SQL - 
    select
        fi1_0.id,
        fi1_0.available,
        fi1_0.category,
        fi1_0.description,
        fi1_0.image_url,
        fi1_0.keywords,
        fi1_0.name,
        fi1_0.price,
        fi1_0.quantity,
        fi1_0.restaurant_id 
    from
        food_items fi1_0 
    where
        fi1_0.id=?
Hibernate: 
    select
        fi1_0.id,
        fi1_0.available,
        fi1_0.category,
        fi1_0.description,
        fi1_0.image_url,
        fi1_0.keywords,
        fi1_0.name,
        fi1_0.price,
        fi1_0.quantity,
        fi1_0.restaurant_id 
    from
        food_items fi1_0 
    where
        fi1_0.id=?
✅ تأیید: آیتم غذا قابل بازیابی است
🍕 شروع ایجاد آیتم غذا تست: آیتم 16 - قیمت: 26.0
💾 تلاش برای ذخیره آیتم غذا در پایگاه داده...
🔄 تلاش شماره 1 از 3 برای ذخیره آیتم غذا
2025-07-03 07:10:02.713 [main] DEBUG org.hibernate.SQL - 
    insert 
    into
        food_items
        (available, category, description, image_url, keywords, name, price, quantity, restaurant_id, id) 
    values
        (?, ?, ?, ?, ?, ?, ?, ?, ?, ?)
Hibernate: 
    insert 
    into
        food_items
        (available, category, description, image_url, keywords, name, price, quantity, restaurant_id, id) 
    values
        (?, ?, ?, ?, ?, ?, ?, ?, ?, ?)
✅ آیتم غذا با موفقیت ذخیره شد - ID: 5567
2025-07-03 07:10:02.714 [main] DEBUG org.hibernate.SQL - 
    select
        fi1_0.id,
        fi1_0.available,
        fi1_0.category,
        fi1_0.description,
        fi1_0.image_url,
        fi1_0.keywords,
        fi1_0.name,
        fi1_0.price,
        fi1_0.quantity,
        fi1_0.restaurant_id 
    from
        food_items fi1_0 
    where
        fi1_0.id=?
Hibernate: 
    select
        fi1_0.id,
        fi1_0.available,
        fi1_0.category,
        fi1_0.description,
        fi1_0.image_url,
        fi1_0.keywords,
        fi1_0.name,
        fi1_0.price,
        fi1_0.quantity,
        fi1_0.restaurant_id 
    from
        food_items fi1_0 
    where
        fi1_0.id=?
✅ تأیید: آیتم غذا قابل بازیابی است
🍕 شروع ایجاد آیتم غذا تست: آیتم 17 - قیمت: 27.0
💾 تلاش برای ذخیره آیتم غذا در پایگاه داده...
🔄 تلاش شماره 1 از 3 برای ذخیره آیتم غذا
2025-07-03 07:10:02.714 [main] DEBUG org.hibernate.SQL - 
    insert 
    into
        food_items
        (available, category, description, image_url, keywords, name, price, quantity, restaurant_id, id) 
    values
        (?, ?, ?, ?, ?, ?, ?, ?, ?, ?)
Hibernate: 
    insert 
    into
        food_items
        (available, category, description, image_url, keywords, name, price, quantity, restaurant_id, id) 
    values
        (?, ?, ?, ?, ?, ?, ?, ?, ?, ?)
✅ آیتم غذا با موفقیت ذخیره شد - ID: 5568
2025-07-03 07:10:02.715 [main] DEBUG org.hibernate.SQL - 
    select
        fi1_0.id,
        fi1_0.available,
        fi1_0.category,
        fi1_0.description,
        fi1_0.image_url,
        fi1_0.keywords,
        fi1_0.name,
        fi1_0.price,
        fi1_0.quantity,
        fi1_0.restaurant_id 
    from
        food_items fi1_0 
    where
        fi1_0.id=?
Hibernate: 
    select
        fi1_0.id,
        fi1_0.available,
        fi1_0.category,
        fi1_0.description,
        fi1_0.image_url,
        fi1_0.keywords,
        fi1_0.name,
        fi1_0.price,
        fi1_0.quantity,
        fi1_0.restaurant_id 
    from
        food_items fi1_0 
    where
        fi1_0.id=?
✅ تأیید: آیتم غذا قابل بازیابی است
🍕 شروع ایجاد آیتم غذا تست: آیتم 18 - قیمت: 28.0
💾 تلاش برای ذخیره آیتم غذا در پایگاه داده...
🔄 تلاش شماره 1 از 3 برای ذخیره آیتم غذا
2025-07-03 07:10:02.716 [main] DEBUG org.hibernate.SQL - 
    insert 
    into
        food_items
        (available, category, description, image_url, keywords, name, price, quantity, restaurant_id, id) 
    values
        (?, ?, ?, ?, ?, ?, ?, ?, ?, ?)
Hibernate: 
    insert 
    into
        food_items
        (available, category, description, image_url, keywords, name, price, quantity, restaurant_id, id) 
    values
        (?, ?, ?, ?, ?, ?, ?, ?, ?, ?)
✅ آیتم غذا با موفقیت ذخیره شد - ID: 5569
2025-07-03 07:10:02.716 [main] DEBUG org.hibernate.SQL - 
    select
        fi1_0.id,
        fi1_0.available,
        fi1_0.category,
        fi1_0.description,
        fi1_0.image_url,
        fi1_0.keywords,
        fi1_0.name,
        fi1_0.price,
        fi1_0.quantity,
        fi1_0.restaurant_id 
    from
        food_items fi1_0 
    where
        fi1_0.id=?
Hibernate: 
    select
        fi1_0.id,
        fi1_0.available,
        fi1_0.category,
        fi1_0.description,
        fi1_0.image_url,
        fi1_0.keywords,
        fi1_0.name,
        fi1_0.price,
        fi1_0.quantity,
        fi1_0.restaurant_id 
    from
        food_items fi1_0 
    where
        fi1_0.id=?
✅ تأیید: آیتم غذا قابل بازیابی است
🍕 شروع ایجاد آیتم غذا تست: آیتم 19 - قیمت: 29.0
💾 تلاش برای ذخیره آیتم غذا در پایگاه داده...
🔄 تلاش شماره 1 از 3 برای ذخیره آیتم غذا
2025-07-03 07:10:02.717 [main] DEBUG org.hibernate.SQL - 
    insert 
    into
        food_items
        (available, category, description, image_url, keywords, name, price, quantity, restaurant_id, id) 
    values
        (?, ?, ?, ?, ?, ?, ?, ?, ?, ?)
Hibernate: 
    insert 
    into
        food_items
        (available, category, description, image_url, keywords, name, price, quantity, restaurant_id, id) 
    values
        (?, ?, ?, ?, ?, ?, ?, ?, ?, ?)
✅ آیتم غذا با موفقیت ذخیره شد - ID: 5570
2025-07-03 07:10:02.718 [main] DEBUG org.hibernate.SQL - 
    select
        fi1_0.id,
        fi1_0.available,
        fi1_0.category,
        fi1_0.description,
        fi1_0.image_url,
        fi1_0.keywords,
        fi1_0.name,
        fi1_0.price,
        fi1_0.quantity,
        fi1_0.restaurant_id 
    from
        food_items fi1_0 
    where
        fi1_0.id=?
Hibernate: 
    select
        fi1_0.id,
        fi1_0.available,
        fi1_0.category,
        fi1_0.description,
        fi1_0.image_url,
        fi1_0.keywords,
        fi1_0.name,
        fi1_0.price,
        fi1_0.quantity,
        fi1_0.restaurant_id 
    from
        food_items fi1_0 
    where
        fi1_0.id=?
✅ تأیید: آیتم غذا قابل بازیابی است
✅ 20 آیتم غذا آماده شد
📦 اضافه کردن آیتم‌ها به سفارش
2025-07-03 07:10:02.718 [main] DEBUG org.hibernate.SQL - 
    select
        o1_0.id,
        o1_0.actual_delivery_time,
        o1_0.customer_id,
        o1_0.delivery_address,
        o1_0.estimated_delivery_time,
        o1_0.notes,
        o1_0.order_date,
        oi1_0.order_id,
        oi1_0.id,
        oi1_0.food_item_id,
        fi1_0.id,
        fi1_0.available,
        fi1_0.category,
        fi1_0.description,
        fi1_0.image_url,
        fi1_0.keywords,
        fi1_0.name,
        fi1_0.price,
        fi1_0.quantity,
        fi1_0.restaurant_id,
        oi1_0.price,
        oi1_0.quantity,
        o1_0.phone,
        o1_0.restaurant_id,
        o1_0.status,
        o1_0.total_amount 
    from
        orders o1_0 
    left join
        order_items oi1_0 
            on o1_0.id=oi1_0.order_id 
    left join
        food_items fi1_0 
            on fi1_0.id=oi1_0.food_item_id 
    where
        o1_0.id=?
Hibernate: 
    select
        o1_0.id,
        o1_0.actual_delivery_time,
        o1_0.customer_id,
        o1_0.delivery_address,
        o1_0.estimated_delivery_time,
        o1_0.notes,
        o1_0.order_date,
        oi1_0.order_id,
        oi1_0.id,
        oi1_0.food_item_id,
        fi1_0.id,
        fi1_0.available,
        fi1_0.category,
        fi1_0.description,
        fi1_0.image_url,
        fi1_0.keywords,
        fi1_0.name,
        fi1_0.price,
        fi1_0.quantity,
        fi1_0.restaurant_id,
        oi1_0.price,
        oi1_0.quantity,
        o1_0.phone,
        o1_0.restaurant_id,
        o1_0.status,
        o1_0.total_amount 
    from
        orders o1_0 
    left join
        order_items oi1_0 
            on o1_0.id=oi1_0.order_id 
    left join
        food_items fi1_0 
            on fi1_0.id=oi1_0.food_item_id 
    where
        o1_0.id=?
2025-07-03 07:10:02.719 [main] DEBUG org.hibernate.SQL - 
    select
        fi1_0.id,
        fi1_0.available,
        fi1_0.category,
        fi1_0.description,
        fi1_0.image_url,
        fi1_0.keywords,
        fi1_0.name,
        fi1_0.price,
        fi1_0.quantity,
        fi1_0.restaurant_id 
    from
        food_items fi1_0 
    where
        fi1_0.id=?
Hibernate: 
    select
        fi1_0.id,
        fi1_0.available,
        fi1_0.category,
        fi1_0.description,
        fi1_0.image_url,
        fi1_0.keywords,
        fi1_0.name,
        fi1_0.price,
        fi1_0.quantity,
        fi1_0.restaurant_id 
    from
        food_items fi1_0 
    where
        fi1_0.id=?
2025-07-03 07:10:02.719 [main] DEBUG org.hibernate.SQL - 
    select
        o1_0.id,
        o1_0.actual_delivery_time,
        o1_0.customer_id,
        o1_0.delivery_address,
        o1_0.estimated_delivery_time,
        o1_0.notes,
        o1_0.order_date,
        o1_0.phone,
        o1_0.restaurant_id,
        o1_0.status,
        o1_0.total_amount,
        oi1_0.order_id,
        oi1_0.id,
        oi1_0.food_item_id,
        oi1_0.price,
        oi1_0.quantity 
    from
        orders o1_0 
    left join
        order_items oi1_0 
            on o1_0.id=oi1_0.order_id 
    where
        o1_0.id=?
Hibernate: 
    select
        o1_0.id,
        o1_0.actual_delivery_time,
        o1_0.customer_id,
        o1_0.delivery_address,
        o1_0.estimated_delivery_time,
        o1_0.notes,
        o1_0.order_date,
        o1_0.phone,
        o1_0.restaurant_id,
        o1_0.status,
        o1_0.total_amount,
        oi1_0.order_id,
        oi1_0.id,
        oi1_0.food_item_id,
        oi1_0.price,
        oi1_0.quantity 
    from
        orders o1_0 
    left join
        order_items oi1_0 
            on o1_0.id=oi1_0.order_id 
    where
        o1_0.id=?
2025-07-03 07:10:02.720 [main] DEBUG org.hibernate.SQL - 
    insert 
    into
        order_items
        (food_item_id, order_id, price, quantity, id) 
    values
        (?, ?, ?, ?, ?)
Hibernate: 
    insert 
    into
        order_items
        (food_item_id, order_id, price, quantity, id) 
    values
        (?, ?, ?, ?, ?)
2025-07-03 07:10:02.721 [main] DEBUG org.hibernate.SQL - 
    update
        orders 
    set
        actual_delivery_time=?,
        customer_id=?,
        delivery_address=?,
        estimated_delivery_time=?,
        notes=?,
        order_date=?,
        phone=?,
        restaurant_id=?,
        status=?,
        total_amount=? 
    where
        id=?
Hibernate: 
    update
        orders 
    set
        actual_delivery_time=?,
        customer_id=?,
        delivery_address=?,
        estimated_delivery_time=?,
        notes=?,
        order_date=?,
        phone=?,
        restaurant_id=?,
        status=?,
        total_amount=? 
    where
        id=?
📊 1 آیتم اضافه شده
2025-07-03 07:10:02.722 [main] DEBUG org.hibernate.SQL - 
    select
        o1_0.id,
        o1_0.actual_delivery_time,
        o1_0.customer_id,
        o1_0.delivery_address,
        o1_0.estimated_delivery_time,
        o1_0.notes,
        o1_0.order_date,
        oi1_0.order_id,
        oi1_0.id,
        oi1_0.food_item_id,
        fi1_0.id,
        fi1_0.available,
        fi1_0.category,
        fi1_0.description,
        fi1_0.image_url,
        fi1_0.keywords,
        fi1_0.name,
        fi1_0.price,
        fi1_0.quantity,
        fi1_0.restaurant_id,
        oi1_0.price,
        oi1_0.quantity,
        o1_0.phone,
        o1_0.restaurant_id,
        o1_0.status,
        o1_0.total_amount 
    from
        orders o1_0 
    left join
        order_items oi1_0 
            on o1_0.id=oi1_0.order_id 
    left join
        food_items fi1_0 
            on fi1_0.id=oi1_0.food_item_id 
    where
        o1_0.id=?
Hibernate: 
    select
        o1_0.id,
        o1_0.actual_delivery_time,
        o1_0.customer_id,
        o1_0.delivery_address,
        o1_0.estimated_delivery_time,
        o1_0.notes,
        o1_0.order_date,
        oi1_0.order_id,
        oi1_0.id,
        oi1_0.food_item_id,
        fi1_0.id,
        fi1_0.available,
        fi1_0.category,
        fi1_0.description,
        fi1_0.image_url,
        fi1_0.keywords,
        fi1_0.name,
        fi1_0.price,
        fi1_0.quantity,
        fi1_0.restaurant_id,
        oi1_0.price,
        oi1_0.quantity,
        o1_0.phone,
        o1_0.restaurant_id,
        o1_0.status,
        o1_0.total_amount 
    from
        orders o1_0 
    left join
        order_items oi1_0 
            on o1_0.id=oi1_0.order_id 
    left join
        food_items fi1_0 
            on fi1_0.id=oi1_0.food_item_id 
    where
        o1_0.id=?
2025-07-03 07:10:02.723 [main] DEBUG org.hibernate.SQL - 
    select
        fi1_0.id,
        fi1_0.available,
        fi1_0.category,
        fi1_0.description,
        fi1_0.image_url,
        fi1_0.keywords,
        fi1_0.name,
        fi1_0.price,
        fi1_0.quantity,
        fi1_0.restaurant_id 
    from
        food_items fi1_0 
    where
        fi1_0.id=?
Hibernate: 
    select
        fi1_0.id,
        fi1_0.available,
        fi1_0.category,
        fi1_0.description,
        fi1_0.image_url,
        fi1_0.keywords,
        fi1_0.name,
        fi1_0.price,
        fi1_0.quantity,
        fi1_0.restaurant_id 
    from
        food_items fi1_0 
    where
        fi1_0.id=?
2025-07-03 07:10:02.723 [main] DEBUG org.hibernate.SQL - 
    select
        o1_0.id,
        o1_0.actual_delivery_time,
        o1_0.customer_id,
        o1_0.delivery_address,
        o1_0.estimated_delivery_time,
        o1_0.notes,
        o1_0.order_date,
        o1_0.phone,
        o1_0.restaurant_id,
        o1_0.status,
        o1_0.total_amount,
        oi1_0.order_id,
        oi1_0.id,
        oi1_0.food_item_id,
        oi1_0.price,
        oi1_0.quantity 
    from
        orders o1_0 
    left join
        order_items oi1_0 
            on o1_0.id=oi1_0.order_id 
    where
        o1_0.id=?
Hibernate: 
    select
        o1_0.id,
        o1_0.actual_delivery_time,
        o1_0.customer_id,
        o1_0.delivery_address,
        o1_0.estimated_delivery_time,
        o1_0.notes,
        o1_0.order_date,
        o1_0.phone,
        o1_0.restaurant_id,
        o1_0.status,
        o1_0.total_amount,
        oi1_0.order_id,
        oi1_0.id,
        oi1_0.food_item_id,
        oi1_0.price,
        oi1_0.quantity 
    from
        orders o1_0 
    left join
        order_items oi1_0 
            on o1_0.id=oi1_0.order_id 
    where
        o1_0.id=?
2025-07-03 07:10:02.724 [main] DEBUG org.hibernate.SQL - 
    insert 
    into
        order_items
        (food_item_id, order_id, price, quantity, id) 
    values
        (?, ?, ?, ?, ?)
Hibernate: 
    insert 
    into
        order_items
        (food_item_id, order_id, price, quantity, id) 
    values
        (?, ?, ?, ?, ?)
2025-07-03 07:10:02.725 [main] DEBUG org.hibernate.SQL - 
    update
        orders 
    set
        actual_delivery_time=?,
        customer_id=?,
        delivery_address=?,
        estimated_delivery_time=?,
        notes=?,
        order_date=?,
        phone=?,
        restaurant_id=?,
        status=?,
        total_amount=? 
    where
        id=?
Hibernate: 
    update
        orders 
    set
        actual_delivery_time=?,
        customer_id=?,
        delivery_address=?,
        estimated_delivery_time=?,
        notes=?,
        order_date=?,
        phone=?,
        restaurant_id=?,
        status=?,
        total_amount=? 
    where
        id=?
2025-07-03 07:10:02.726 [main] DEBUG org.hibernate.SQL - 
    select
        o1_0.id,
        o1_0.actual_delivery_time,
        o1_0.customer_id,
        o1_0.delivery_address,
        o1_0.estimated_delivery_time,
        o1_0.notes,
        o1_0.order_date,
        oi1_0.order_id,
        oi1_0.id,
        oi1_0.food_item_id,
        fi1_0.id,
        fi1_0.available,
        fi1_0.category,
        fi1_0.description,
        fi1_0.image_url,
        fi1_0.keywords,
        fi1_0.name,
        fi1_0.price,
        fi1_0.quantity,
        fi1_0.restaurant_id,
        oi1_0.price,
        oi1_0.quantity,
        o1_0.phone,
        o1_0.restaurant_id,
        o1_0.status,
        o1_0.total_amount 
    from
        orders o1_0 
    left join
        order_items oi1_0 
            on o1_0.id=oi1_0.order_id 
    left join
        food_items fi1_0 
            on fi1_0.id=oi1_0.food_item_id 
    where
        o1_0.id=?
Hibernate: 
    select
        o1_0.id,
        o1_0.actual_delivery_time,
        o1_0.customer_id,
        o1_0.delivery_address,
        o1_0.estimated_delivery_time,
        o1_0.notes,
        o1_0.order_date,
        oi1_0.order_id,
        oi1_0.id,
        oi1_0.food_item_id,
        fi1_0.id,
        fi1_0.available,
        fi1_0.category,
        fi1_0.description,
        fi1_0.image_url,
        fi1_0.keywords,
        fi1_0.name,
        fi1_0.price,
        fi1_0.quantity,
        fi1_0.restaurant_id,
        oi1_0.price,
        oi1_0.quantity,
        o1_0.phone,
        o1_0.restaurant_id,
        o1_0.status,
        o1_0.total_amount 
    from
        orders o1_0 
    left join
        order_items oi1_0 
            on o1_0.id=oi1_0.order_id 
    left join
        food_items fi1_0 
            on fi1_0.id=oi1_0.food_item_id 
    where
        o1_0.id=?
2025-07-03 07:10:02.727 [main] DEBUG org.hibernate.SQL - 
    select
        fi1_0.id,
        fi1_0.available,
        fi1_0.category,
        fi1_0.description,
        fi1_0.image_url,
        fi1_0.keywords,
        fi1_0.name,
        fi1_0.price,
        fi1_0.quantity,
        fi1_0.restaurant_id 
    from
        food_items fi1_0 
    where
        fi1_0.id=?
Hibernate: 
    select
        fi1_0.id,
        fi1_0.available,
        fi1_0.category,
        fi1_0.description,
        fi1_0.image_url,
        fi1_0.keywords,
        fi1_0.name,
        fi1_0.price,
        fi1_0.quantity,
        fi1_0.restaurant_id 
    from
        food_items fi1_0 
    where
        fi1_0.id=?
2025-07-03 07:10:02.727 [main] DEBUG org.hibernate.SQL - 
    select
        o1_0.id,
        o1_0.actual_delivery_time,
        o1_0.customer_id,
        o1_0.delivery_address,
        o1_0.estimated_delivery_time,
        o1_0.notes,
        o1_0.order_date,
        o1_0.phone,
        o1_0.restaurant_id,
        o1_0.status,
        o1_0.total_amount,
        oi1_0.order_id,
        oi1_0.id,
        oi1_0.food_item_id,
        oi1_0.price,
        oi1_0.quantity 
    from
        orders o1_0 
    left join
        order_items oi1_0 
            on o1_0.id=oi1_0.order_id 
    where
        o1_0.id=?
Hibernate: 
    select
        o1_0.id,
        o1_0.actual_delivery_time,
        o1_0.customer_id,
        o1_0.delivery_address,
        o1_0.estimated_delivery_time,
        o1_0.notes,
        o1_0.order_date,
        o1_0.phone,
        o1_0.restaurant_id,
        o1_0.status,
        o1_0.total_amount,
        oi1_0.order_id,
        oi1_0.id,
        oi1_0.food_item_id,
        oi1_0.price,
        oi1_0.quantity 
    from
        orders o1_0 
    left join
        order_items oi1_0 
            on o1_0.id=oi1_0.order_id 
    where
        o1_0.id=?
2025-07-03 07:10:02.728 [main] DEBUG org.hibernate.SQL - 
    insert 
    into
        order_items
        (food_item_id, order_id, price, quantity, id) 
    values
        (?, ?, ?, ?, ?)
Hibernate: 
    insert 
    into
        order_items
        (food_item_id, order_id, price, quantity, id) 
    values
        (?, ?, ?, ?, ?)
2025-07-03 07:10:02.729 [main] DEBUG org.hibernate.SQL - 
    update
        orders 
    set
        actual_delivery_time=?,
        customer_id=?,
        delivery_address=?,
        estimated_delivery_time=?,
        notes=?,
        order_date=?,
        phone=?,
        restaurant_id=?,
        status=?,
        total_amount=? 
    where
        id=?
Hibernate: 
    update
        orders 
    set
        actual_delivery_time=?,
        customer_id=?,
        delivery_address=?,
        estimated_delivery_time=?,
        notes=?,
        order_date=?,
        phone=?,
        restaurant_id=?,
        status=?,
        total_amount=? 
    where
        id=?
2025-07-03 07:10:02.730 [main] DEBUG org.hibernate.SQL - 
    select
        o1_0.id,
        o1_0.actual_delivery_time,
        o1_0.customer_id,
        o1_0.delivery_address,
        o1_0.estimated_delivery_time,
        o1_0.notes,
        o1_0.order_date,
        oi1_0.order_id,
        oi1_0.id,
        oi1_0.food_item_id,
        fi1_0.id,
        fi1_0.available,
        fi1_0.category,
        fi1_0.description,
        fi1_0.image_url,
        fi1_0.keywords,
        fi1_0.name,
        fi1_0.price,
        fi1_0.quantity,
        fi1_0.restaurant_id,
        oi1_0.price,
        oi1_0.quantity,
        o1_0.phone,
        o1_0.restaurant_id,
        o1_0.status,
        o1_0.total_amount 
    from
        orders o1_0 
    left join
        order_items oi1_0 
            on o1_0.id=oi1_0.order_id 
    left join
        food_items fi1_0 
            on fi1_0.id=oi1_0.food_item_id 
    where
        o1_0.id=?
Hibernate: 
    select
        o1_0.id,
        o1_0.actual_delivery_time,
        o1_0.customer_id,
        o1_0.delivery_address,
        o1_0.estimated_delivery_time,
        o1_0.notes,
        o1_0.order_date,
        oi1_0.order_id,
        oi1_0.id,
        oi1_0.food_item_id,
        fi1_0.id,
        fi1_0.available,
        fi1_0.category,
        fi1_0.description,
        fi1_0.image_url,
        fi1_0.keywords,
        fi1_0.name,
        fi1_0.price,
        fi1_0.quantity,
        fi1_0.restaurant_id,
        oi1_0.price,
        oi1_0.quantity,
        o1_0.phone,
        o1_0.restaurant_id,
        o1_0.status,
        o1_0.total_amount 
    from
        orders o1_0 
    left join
        order_items oi1_0 
            on o1_0.id=oi1_0.order_id 
    left join
        food_items fi1_0 
            on fi1_0.id=oi1_0.food_item_id 
    where
        o1_0.id=?
2025-07-03 07:10:02.731 [main] DEBUG org.hibernate.SQL - 
    select
        fi1_0.id,
        fi1_0.available,
        fi1_0.category,
        fi1_0.description,
        fi1_0.image_url,
        fi1_0.keywords,
        fi1_0.name,
        fi1_0.price,
        fi1_0.quantity,
        fi1_0.restaurant_id 
    from
        food_items fi1_0 
    where
        fi1_0.id=?
Hibernate: 
    select
        fi1_0.id,
        fi1_0.available,
        fi1_0.category,
        fi1_0.description,
        fi1_0.image_url,
        fi1_0.keywords,
        fi1_0.name,
        fi1_0.price,
        fi1_0.quantity,
        fi1_0.restaurant_id 
    from
        food_items fi1_0 
    where
        fi1_0.id=?
2025-07-03 07:10:02.732 [main] DEBUG org.hibernate.SQL - 
    select
        o1_0.id,
        o1_0.actual_delivery_time,
        o1_0.customer_id,
        o1_0.delivery_address,
        o1_0.estimated_delivery_time,
        o1_0.notes,
        o1_0.order_date,
        o1_0.phone,
        o1_0.restaurant_id,
        o1_0.status,
        o1_0.total_amount,
        oi1_0.order_id,
        oi1_0.id,
        oi1_0.food_item_id,
        oi1_0.price,
        oi1_0.quantity 
    from
        orders o1_0 
    left join
        order_items oi1_0 
            on o1_0.id=oi1_0.order_id 
    where
        o1_0.id=?
Hibernate: 
    select
        o1_0.id,
        o1_0.actual_delivery_time,
        o1_0.customer_id,
        o1_0.delivery_address,
        o1_0.estimated_delivery_time,
        o1_0.notes,
        o1_0.order_date,
        o1_0.phone,
        o1_0.restaurant_id,
        o1_0.status,
        o1_0.total_amount,
        oi1_0.order_id,
        oi1_0.id,
        oi1_0.food_item_id,
        oi1_0.price,
        oi1_0.quantity 
    from
        orders o1_0 
    left join
        order_items oi1_0 
            on o1_0.id=oi1_0.order_id 
    where
        o1_0.id=?
2025-07-03 07:10:02.733 [main] DEBUG org.hibernate.SQL - 
    insert 
    into
        order_items
        (food_item_id, order_id, price, quantity, id) 
    values
        (?, ?, ?, ?, ?)
Hibernate: 
    insert 
    into
        order_items
        (food_item_id, order_id, price, quantity, id) 
    values
        (?, ?, ?, ?, ?)
2025-07-03 07:10:02.733 [main] DEBUG org.hibernate.SQL - 
    update
        orders 
    set
        actual_delivery_time=?,
        customer_id=?,
        delivery_address=?,
        estimated_delivery_time=?,
        notes=?,
        order_date=?,
        phone=?,
        restaurant_id=?,
        status=?,
        total_amount=? 
    where
        id=?
Hibernate: 
    update
        orders 
    set
        actual_delivery_time=?,
        customer_id=?,
        delivery_address=?,
        estimated_delivery_time=?,
        notes=?,
        order_date=?,
        phone=?,
        restaurant_id=?,
        status=?,
        total_amount=? 
    where
        id=?
2025-07-03 07:10:02.735 [main] DEBUG org.hibernate.SQL - 
    select
        o1_0.id,
        o1_0.actual_delivery_time,
        o1_0.customer_id,
        o1_0.delivery_address,
        o1_0.estimated_delivery_time,
        o1_0.notes,
        o1_0.order_date,
        oi1_0.order_id,
        oi1_0.id,
        oi1_0.food_item_id,
        fi1_0.id,
        fi1_0.available,
        fi1_0.category,
        fi1_0.description,
        fi1_0.image_url,
        fi1_0.keywords,
        fi1_0.name,
        fi1_0.price,
        fi1_0.quantity,
        fi1_0.restaurant_id,
        oi1_0.price,
        oi1_0.quantity,
        o1_0.phone,
        o1_0.restaurant_id,
        o1_0.status,
        o1_0.total_amount 
    from
        orders o1_0 
    left join
        order_items oi1_0 
            on o1_0.id=oi1_0.order_id 
    left join
        food_items fi1_0 
            on fi1_0.id=oi1_0.food_item_id 
    where
        o1_0.id=?
Hibernate: 
    select
        o1_0.id,
        o1_0.actual_delivery_time,
        o1_0.customer_id,
        o1_0.delivery_address,
        o1_0.estimated_delivery_time,
        o1_0.notes,
        o1_0.order_date,
        oi1_0.order_id,
        oi1_0.id,
        oi1_0.food_item_id,
        fi1_0.id,
        fi1_0.available,
        fi1_0.category,
        fi1_0.description,
        fi1_0.image_url,
        fi1_0.keywords,
        fi1_0.name,
        fi1_0.price,
        fi1_0.quantity,
        fi1_0.restaurant_id,
        oi1_0.price,
        oi1_0.quantity,
        o1_0.phone,
        o1_0.restaurant_id,
        o1_0.status,
        o1_0.total_amount 
    from
        orders o1_0 
    left join
        order_items oi1_0 
            on o1_0.id=oi1_0.order_id 
    left join
        food_items fi1_0 
            on fi1_0.id=oi1_0.food_item_id 
    where
        o1_0.id=?
2025-07-03 07:10:02.736 [main] DEBUG org.hibernate.SQL - 
    select
        fi1_0.id,
        fi1_0.available,
        fi1_0.category,
        fi1_0.description,
        fi1_0.image_url,
        fi1_0.keywords,
        fi1_0.name,
        fi1_0.price,
        fi1_0.quantity,
        fi1_0.restaurant_id 
    from
        food_items fi1_0 
    where
        fi1_0.id=?
Hibernate: 
    select
        fi1_0.id,
        fi1_0.available,
        fi1_0.category,
        fi1_0.description,
        fi1_0.image_url,
        fi1_0.keywords,
        fi1_0.name,
        fi1_0.price,
        fi1_0.quantity,
        fi1_0.restaurant_id 
    from
        food_items fi1_0 
    where
        fi1_0.id=?
2025-07-03 07:10:02.737 [main] DEBUG org.hibernate.SQL - 
    select
        o1_0.id,
        o1_0.actual_delivery_time,
        o1_0.customer_id,
        o1_0.delivery_address,
        o1_0.estimated_delivery_time,
        o1_0.notes,
        o1_0.order_date,
        o1_0.phone,
        o1_0.restaurant_id,
        o1_0.status,
        o1_0.total_amount,
        oi1_0.order_id,
        oi1_0.id,
        oi1_0.food_item_id,
        oi1_0.price,
        oi1_0.quantity 
    from
        orders o1_0 
    left join
        order_items oi1_0 
            on o1_0.id=oi1_0.order_id 
    where
        o1_0.id=?
Hibernate: 
    select
        o1_0.id,
        o1_0.actual_delivery_time,
        o1_0.customer_id,
        o1_0.delivery_address,
        o1_0.estimated_delivery_time,
        o1_0.notes,
        o1_0.order_date,
        o1_0.phone,
        o1_0.restaurant_id,
        o1_0.status,
        o1_0.total_amount,
        oi1_0.order_id,
        oi1_0.id,
        oi1_0.food_item_id,
        oi1_0.price,
        oi1_0.quantity 
    from
        orders o1_0 
    left join
        order_items oi1_0 
            on o1_0.id=oi1_0.order_id 
    where
        o1_0.id=?
2025-07-03 07:10:02.738 [main] DEBUG org.hibernate.SQL - 
    insert 
    into
        order_items
        (food_item_id, order_id, price, quantity, id) 
    values
        (?, ?, ?, ?, ?)
Hibernate: 
    insert 
    into
        order_items
        (food_item_id, order_id, price, quantity, id) 
    values
        (?, ?, ?, ?, ?)
2025-07-03 07:10:02.739 [main] DEBUG org.hibernate.SQL - 
    update
        orders 
    set
        actual_delivery_time=?,
        customer_id=?,
        delivery_address=?,
        estimated_delivery_time=?,
        notes=?,
        order_date=?,
        phone=?,
        restaurant_id=?,
        status=?,
        total_amount=? 
    where
        id=?
Hibernate: 
    update
        orders 
    set
        actual_delivery_time=?,
        customer_id=?,
        delivery_address=?,
        estimated_delivery_time=?,
        notes=?,
        order_date=?,
        phone=?,
        restaurant_id=?,
        status=?,
        total_amount=? 
    where
        id=?
2025-07-03 07:10:02.740 [main] DEBUG org.hibernate.SQL - 
    select
        o1_0.id,
        o1_0.actual_delivery_time,
        o1_0.customer_id,
        o1_0.delivery_address,
        o1_0.estimated_delivery_time,
        o1_0.notes,
        o1_0.order_date,
        oi1_0.order_id,
        oi1_0.id,
        oi1_0.food_item_id,
        fi1_0.id,
        fi1_0.available,
        fi1_0.category,
        fi1_0.description,
        fi1_0.image_url,
        fi1_0.keywords,
        fi1_0.name,
        fi1_0.price,
        fi1_0.quantity,
        fi1_0.restaurant_id,
        oi1_0.price,
        oi1_0.quantity,
        o1_0.phone,
        o1_0.restaurant_id,
        o1_0.status,
        o1_0.total_amount 
    from
        orders o1_0 
    left join
        order_items oi1_0 
            on o1_0.id=oi1_0.order_id 
    left join
        food_items fi1_0 
            on fi1_0.id=oi1_0.food_item_id 
    where
        o1_0.id=?
Hibernate: 
    select
        o1_0.id,
        o1_0.actual_delivery_time,
        o1_0.customer_id,
        o1_0.delivery_address,
        o1_0.estimated_delivery_time,
        o1_0.notes,
        o1_0.order_date,
        oi1_0.order_id,
        oi1_0.id,
        oi1_0.food_item_id,
        fi1_0.id,
        fi1_0.available,
        fi1_0.category,
        fi1_0.description,
        fi1_0.image_url,
        fi1_0.keywords,
        fi1_0.name,
        fi1_0.price,
        fi1_0.quantity,
        fi1_0.restaurant_id,
        oi1_0.price,
        oi1_0.quantity,
        o1_0.phone,
        o1_0.restaurant_id,
        o1_0.status,
        o1_0.total_amount 
    from
        orders o1_0 
    left join
        order_items oi1_0 
            on o1_0.id=oi1_0.order_id 
    left join
        food_items fi1_0 
            on fi1_0.id=oi1_0.food_item_id 
    where
        o1_0.id=?
2025-07-03 07:10:02.742 [main] DEBUG org.hibernate.SQL - 
    select
        fi1_0.id,
        fi1_0.available,
        fi1_0.category,
        fi1_0.description,
        fi1_0.image_url,
        fi1_0.keywords,
        fi1_0.name,
        fi1_0.price,
        fi1_0.quantity,
        fi1_0.restaurant_id 
    from
        food_items fi1_0 
    where
        fi1_0.id=?
Hibernate: 
    select
        fi1_0.id,
        fi1_0.available,
        fi1_0.category,
        fi1_0.description,
        fi1_0.image_url,
        fi1_0.keywords,
        fi1_0.name,
        fi1_0.price,
        fi1_0.quantity,
        fi1_0.restaurant_id 
    from
        food_items fi1_0 
    where
        fi1_0.id=?
2025-07-03 07:10:02.742 [main] DEBUG org.hibernate.SQL - 
    select
        o1_0.id,
        o1_0.actual_delivery_time,
        o1_0.customer_id,
        o1_0.delivery_address,
        o1_0.estimated_delivery_time,
        o1_0.notes,
        o1_0.order_date,
        o1_0.phone,
        o1_0.restaurant_id,
        o1_0.status,
        o1_0.total_amount,
        oi1_0.order_id,
        oi1_0.id,
        oi1_0.food_item_id,
        oi1_0.price,
        oi1_0.quantity 
    from
        orders o1_0 
    left join
        order_items oi1_0 
            on o1_0.id=oi1_0.order_id 
    where
        o1_0.id=?
Hibernate: 
    select
        o1_0.id,
        o1_0.actual_delivery_time,
        o1_0.customer_id,
        o1_0.delivery_address,
        o1_0.estimated_delivery_time,
        o1_0.notes,
        o1_0.order_date,
        o1_0.phone,
        o1_0.restaurant_id,
        o1_0.status,
        o1_0.total_amount,
        oi1_0.order_id,
        oi1_0.id,
        oi1_0.food_item_id,
        oi1_0.price,
        oi1_0.quantity 
    from
        orders o1_0 
    left join
        order_items oi1_0 
            on o1_0.id=oi1_0.order_id 
    where
        o1_0.id=?
2025-07-03 07:10:02.744 [main] DEBUG org.hibernate.SQL - 
    insert 
    into
        order_items
        (food_item_id, order_id, price, quantity, id) 
    values
        (?, ?, ?, ?, ?)
Hibernate: 
    insert 
    into
        order_items
        (food_item_id, order_id, price, quantity, id) 
    values
        (?, ?, ?, ?, ?)
2025-07-03 07:10:02.744 [main] DEBUG org.hibernate.SQL - 
    update
        orders 
    set
        actual_delivery_time=?,
        customer_id=?,
        delivery_address=?,
        estimated_delivery_time=?,
        notes=?,
        order_date=?,
        phone=?,
        restaurant_id=?,
        status=?,
        total_amount=? 
    where
        id=?
Hibernate: 
    update
        orders 
    set
        actual_delivery_time=?,
        customer_id=?,
        delivery_address=?,
        estimated_delivery_time=?,
        notes=?,
        order_date=?,
        phone=?,
        restaurant_id=?,
        status=?,
        total_amount=? 
    where
        id=?
📊 6 آیتم اضافه شده
2025-07-03 07:10:02.745 [main] DEBUG org.hibernate.SQL - 
    select
        o1_0.id,
        o1_0.actual_delivery_time,
        o1_0.customer_id,
        o1_0.delivery_address,
        o1_0.estimated_delivery_time,
        o1_0.notes,
        o1_0.order_date,
        oi1_0.order_id,
        oi1_0.id,
        oi1_0.food_item_id,
        fi1_0.id,
        fi1_0.available,
        fi1_0.category,
        fi1_0.description,
        fi1_0.image_url,
        fi1_0.keywords,
        fi1_0.name,
        fi1_0.price,
        fi1_0.quantity,
        fi1_0.restaurant_id,
        oi1_0.price,
        oi1_0.quantity,
        o1_0.phone,
        o1_0.restaurant_id,
        o1_0.status,
        o1_0.total_amount 
    from
        orders o1_0 
    left join
        order_items oi1_0 
            on o1_0.id=oi1_0.order_id 
    left join
        food_items fi1_0 
            on fi1_0.id=oi1_0.food_item_id 
    where
        o1_0.id=?
Hibernate: 
    select
        o1_0.id,
        o1_0.actual_delivery_time,
        o1_0.customer_id,
        o1_0.delivery_address,
        o1_0.estimated_delivery_time,
        o1_0.notes,
        o1_0.order_date,
        oi1_0.order_id,
        oi1_0.id,
        oi1_0.food_item_id,
        fi1_0.id,
        fi1_0.available,
        fi1_0.category,
        fi1_0.description,
        fi1_0.image_url,
        fi1_0.keywords,
        fi1_0.name,
        fi1_0.price,
        fi1_0.quantity,
        fi1_0.restaurant_id,
        oi1_0.price,
        oi1_0.quantity,
        o1_0.phone,
        o1_0.restaurant_id,
        o1_0.status,
        o1_0.total_amount 
    from
        orders o1_0 
    left join
        order_items oi1_0 
            on o1_0.id=oi1_0.order_id 
    left join
        food_items fi1_0 
            on fi1_0.id=oi1_0.food_item_id 
    where
        o1_0.id=?
2025-07-03 07:10:02.746 [main] DEBUG org.hibernate.SQL - 
    select
        fi1_0.id,
        fi1_0.available,
        fi1_0.category,
        fi1_0.description,
        fi1_0.image_url,
        fi1_0.keywords,
        fi1_0.name,
        fi1_0.price,
        fi1_0.quantity,
        fi1_0.restaurant_id 
    from
        food_items fi1_0 
    where
        fi1_0.id=?
Hibernate: 
    select
        fi1_0.id,
        fi1_0.available,
        fi1_0.category,
        fi1_0.description,
        fi1_0.image_url,
        fi1_0.keywords,
        fi1_0.name,
        fi1_0.price,
        fi1_0.quantity,
        fi1_0.restaurant_id 
    from
        food_items fi1_0 
    where
        fi1_0.id=?
2025-07-03 07:10:02.747 [main] DEBUG org.hibernate.SQL - 
    select
        o1_0.id,
        o1_0.actual_delivery_time,
        o1_0.customer_id,
        o1_0.delivery_address,
        o1_0.estimated_delivery_time,
        o1_0.notes,
        o1_0.order_date,
        o1_0.phone,
        o1_0.restaurant_id,
        o1_0.status,
        o1_0.total_amount,
        oi1_0.order_id,
        oi1_0.id,
        oi1_0.food_item_id,
        oi1_0.price,
        oi1_0.quantity 
    from
        orders o1_0 
    left join
        order_items oi1_0 
            on o1_0.id=oi1_0.order_id 
    where
        o1_0.id=?
Hibernate: 
    select
        o1_0.id,
        o1_0.actual_delivery_time,
        o1_0.customer_id,
        o1_0.delivery_address,
        o1_0.estimated_delivery_time,
        o1_0.notes,
        o1_0.order_date,
        o1_0.phone,
        o1_0.restaurant_id,
        o1_0.status,
        o1_0.total_amount,
        oi1_0.order_id,
        oi1_0.id,
        oi1_0.food_item_id,
        oi1_0.price,
        oi1_0.quantity 
    from
        orders o1_0 
    left join
        order_items oi1_0 
            on o1_0.id=oi1_0.order_id 
    where
        o1_0.id=?
2025-07-03 07:10:02.749 [main] DEBUG org.hibernate.SQL - 
    insert 
    into
        order_items
        (food_item_id, order_id, price, quantity, id) 
    values
        (?, ?, ?, ?, ?)
Hibernate: 
    insert 
    into
        order_items
        (food_item_id, order_id, price, quantity, id) 
    values
        (?, ?, ?, ?, ?)
2025-07-03 07:10:02.749 [main] DEBUG org.hibernate.SQL - 
    update
        orders 
    set
        actual_delivery_time=?,
        customer_id=?,
        delivery_address=?,
        estimated_delivery_time=?,
        notes=?,
        order_date=?,
        phone=?,
        restaurant_id=?,
        status=?,
        total_amount=? 
    where
        id=?
Hibernate: 
    update
        orders 
    set
        actual_delivery_time=?,
        customer_id=?,
        delivery_address=?,
        estimated_delivery_time=?,
        notes=?,
        order_date=?,
        phone=?,
        restaurant_id=?,
        status=?,
        total_amount=? 
    where
        id=?
2025-07-03 07:10:02.751 [main] DEBUG org.hibernate.SQL - 
    select
        o1_0.id,
        o1_0.actual_delivery_time,
        o1_0.customer_id,
        o1_0.delivery_address,
        o1_0.estimated_delivery_time,
        o1_0.notes,
        o1_0.order_date,
        oi1_0.order_id,
        oi1_0.id,
        oi1_0.food_item_id,
        fi1_0.id,
        fi1_0.available,
        fi1_0.category,
        fi1_0.description,
        fi1_0.image_url,
        fi1_0.keywords,
        fi1_0.name,
        fi1_0.price,
        fi1_0.quantity,
        fi1_0.restaurant_id,
        oi1_0.price,
        oi1_0.quantity,
        o1_0.phone,
        o1_0.restaurant_id,
        o1_0.status,
        o1_0.total_amount 
    from
        orders o1_0 
    left join
        order_items oi1_0 
            on o1_0.id=oi1_0.order_id 
    left join
        food_items fi1_0 
            on fi1_0.id=oi1_0.food_item_id 
    where
        o1_0.id=?
Hibernate: 
    select
        o1_0.id,
        o1_0.actual_delivery_time,
        o1_0.customer_id,
        o1_0.delivery_address,
        o1_0.estimated_delivery_time,
        o1_0.notes,
        o1_0.order_date,
        oi1_0.order_id,
        oi1_0.id,
        oi1_0.food_item_id,
        fi1_0.id,
        fi1_0.available,
        fi1_0.category,
        fi1_0.description,
        fi1_0.image_url,
        fi1_0.keywords,
        fi1_0.name,
        fi1_0.price,
        fi1_0.quantity,
        fi1_0.restaurant_id,
        oi1_0.price,
        oi1_0.quantity,
        o1_0.phone,
        o1_0.restaurant_id,
        o1_0.status,
        o1_0.total_amount 
    from
        orders o1_0 
    left join
        order_items oi1_0 
            on o1_0.id=oi1_0.order_id 
    left join
        food_items fi1_0 
            on fi1_0.id=oi1_0.food_item_id 
    where
        o1_0.id=?
2025-07-03 07:10:02.752 [main] DEBUG org.hibernate.SQL - 
    select
        fi1_0.id,
        fi1_0.available,
        fi1_0.category,
        fi1_0.description,
        fi1_0.image_url,
        fi1_0.keywords,
        fi1_0.name,
        fi1_0.price,
        fi1_0.quantity,
        fi1_0.restaurant_id 
    from
        food_items fi1_0 
    where
        fi1_0.id=?
Hibernate: 
    select
        fi1_0.id,
        fi1_0.available,
        fi1_0.category,
        fi1_0.description,
        fi1_0.image_url,
        fi1_0.keywords,
        fi1_0.name,
        fi1_0.price,
        fi1_0.quantity,
        fi1_0.restaurant_id 
    from
        food_items fi1_0 
    where
        fi1_0.id=?
2025-07-03 07:10:02.753 [main] DEBUG org.hibernate.SQL - 
    select
        o1_0.id,
        o1_0.actual_delivery_time,
        o1_0.customer_id,
        o1_0.delivery_address,
        o1_0.estimated_delivery_time,
        o1_0.notes,
        o1_0.order_date,
        o1_0.phone,
        o1_0.restaurant_id,
        o1_0.status,
        o1_0.total_amount,
        oi1_0.order_id,
        oi1_0.id,
        oi1_0.food_item_id,
        oi1_0.price,
        oi1_0.quantity 
    from
        orders o1_0 
    left join
        order_items oi1_0 
            on o1_0.id=oi1_0.order_id 
    where
        o1_0.id=?
Hibernate: 
    select
        o1_0.id,
        o1_0.actual_delivery_time,
        o1_0.customer_id,
        o1_0.delivery_address,
        o1_0.estimated_delivery_time,
        o1_0.notes,
        o1_0.order_date,
        o1_0.phone,
        o1_0.restaurant_id,
        o1_0.status,
        o1_0.total_amount,
        oi1_0.order_id,
        oi1_0.id,
        oi1_0.food_item_id,
        oi1_0.price,
        oi1_0.quantity 
    from
        orders o1_0 
    left join
        order_items oi1_0 
            on o1_0.id=oi1_0.order_id 
    where
        o1_0.id=?
2025-07-03 07:10:02.755 [main] DEBUG org.hibernate.SQL - 
    insert 
    into
        order_items
        (food_item_id, order_id, price, quantity, id) 
    values
        (?, ?, ?, ?, ?)
Hibernate: 
    insert 
    into
        order_items
        (food_item_id, order_id, price, quantity, id) 
    values
        (?, ?, ?, ?, ?)
2025-07-03 07:10:02.755 [main] DEBUG org.hibernate.SQL - 
    update
        orders 
    set
        actual_delivery_time=?,
        customer_id=?,
        delivery_address=?,
        estimated_delivery_time=?,
        notes=?,
        order_date=?,
        phone=?,
        restaurant_id=?,
        status=?,
        total_amount=? 
    where
        id=?
Hibernate: 
    update
        orders 
    set
        actual_delivery_time=?,
        customer_id=?,
        delivery_address=?,
        estimated_delivery_time=?,
        notes=?,
        order_date=?,
        phone=?,
        restaurant_id=?,
        status=?,
        total_amount=? 
    where
        id=?
2025-07-03 07:10:02.757 [main] DEBUG org.hibernate.SQL - 
    select
        o1_0.id,
        o1_0.actual_delivery_time,
        o1_0.customer_id,
        o1_0.delivery_address,
        o1_0.estimated_delivery_time,
        o1_0.notes,
        o1_0.order_date,
        oi1_0.order_id,
        oi1_0.id,
        oi1_0.food_item_id,
        fi1_0.id,
        fi1_0.available,
        fi1_0.category,
        fi1_0.description,
        fi1_0.image_url,
        fi1_0.keywords,
        fi1_0.name,
        fi1_0.price,
        fi1_0.quantity,
        fi1_0.restaurant_id,
        oi1_0.price,
        oi1_0.quantity,
        o1_0.phone,
        o1_0.restaurant_id,
        o1_0.status,
        o1_0.total_amount 
    from
        orders o1_0 
    left join
        order_items oi1_0 
            on o1_0.id=oi1_0.order_id 
    left join
        food_items fi1_0 
            on fi1_0.id=oi1_0.food_item_id 
    where
        o1_0.id=?
Hibernate: 
    select
        o1_0.id,
        o1_0.actual_delivery_time,
        o1_0.customer_id,
        o1_0.delivery_address,
        o1_0.estimated_delivery_time,
        o1_0.notes,
        o1_0.order_date,
        oi1_0.order_id,
        oi1_0.id,
        oi1_0.food_item_id,
        fi1_0.id,
        fi1_0.available,
        fi1_0.category,
        fi1_0.description,
        fi1_0.image_url,
        fi1_0.keywords,
        fi1_0.name,
        fi1_0.price,
        fi1_0.quantity,
        fi1_0.restaurant_id,
        oi1_0.price,
        oi1_0.quantity,
        o1_0.phone,
        o1_0.restaurant_id,
        o1_0.status,
        o1_0.total_amount 
    from
        orders o1_0 
    left join
        order_items oi1_0 
            on o1_0.id=oi1_0.order_id 
    left join
        food_items fi1_0 
            on fi1_0.id=oi1_0.food_item_id 
    where
        o1_0.id=?
2025-07-03 07:10:02.758 [main] DEBUG org.hibernate.SQL - 
    select
        fi1_0.id,
        fi1_0.available,
        fi1_0.category,
        fi1_0.description,
        fi1_0.image_url,
        fi1_0.keywords,
        fi1_0.name,
        fi1_0.price,
        fi1_0.quantity,
        fi1_0.restaurant_id 
    from
        food_items fi1_0 
    where
        fi1_0.id=?
Hibernate: 
    select
        fi1_0.id,
        fi1_0.available,
        fi1_0.category,
        fi1_0.description,
        fi1_0.image_url,
        fi1_0.keywords,
        fi1_0.name,
        fi1_0.price,
        fi1_0.quantity,
        fi1_0.restaurant_id 
    from
        food_items fi1_0 
    where
        fi1_0.id=?
2025-07-03 07:10:02.759 [main] DEBUG org.hibernate.SQL - 
    select
        o1_0.id,
        o1_0.actual_delivery_time,
        o1_0.customer_id,
        o1_0.delivery_address,
        o1_0.estimated_delivery_time,
        o1_0.notes,
        o1_0.order_date,
        o1_0.phone,
        o1_0.restaurant_id,
        o1_0.status,
        o1_0.total_amount,
        oi1_0.order_id,
        oi1_0.id,
        oi1_0.food_item_id,
        oi1_0.price,
        oi1_0.quantity 
    from
        orders o1_0 
    left join
        order_items oi1_0 
            on o1_0.id=oi1_0.order_id 
    where
        o1_0.id=?
Hibernate: 
    select
        o1_0.id,
        o1_0.actual_delivery_time,
        o1_0.customer_id,
        o1_0.delivery_address,
        o1_0.estimated_delivery_time,
        o1_0.notes,
        o1_0.order_date,
        o1_0.phone,
        o1_0.restaurant_id,
        o1_0.status,
        o1_0.total_amount,
        oi1_0.order_id,
        oi1_0.id,
        oi1_0.food_item_id,
        oi1_0.price,
        oi1_0.quantity 
    from
        orders o1_0 
    left join
        order_items oi1_0 
            on o1_0.id=oi1_0.order_id 
    where
        o1_0.id=?
2025-07-03 07:10:02.761 [main] DEBUG org.hibernate.SQL - 
    insert 
    into
        order_items
        (food_item_id, order_id, price, quantity, id) 
    values
        (?, ?, ?, ?, ?)
Hibernate: 
    insert 
    into
        order_items
        (food_item_id, order_id, price, quantity, id) 
    values
        (?, ?, ?, ?, ?)
2025-07-03 07:10:02.761 [main] DEBUG org.hibernate.SQL - 
    update
        orders 
    set
        actual_delivery_time=?,
        customer_id=?,
        delivery_address=?,
        estimated_delivery_time=?,
        notes=?,
        order_date=?,
        phone=?,
        restaurant_id=?,
        status=?,
        total_amount=? 
    where
        id=?
Hibernate: 
    update
        orders 
    set
        actual_delivery_time=?,
        customer_id=?,
        delivery_address=?,
        estimated_delivery_time=?,
        notes=?,
        order_date=?,
        phone=?,
        restaurant_id=?,
        status=?,
        total_amount=? 
    where
        id=?
2025-07-03 07:10:02.763 [main] DEBUG org.hibernate.SQL - 
    select
        o1_0.id,
        o1_0.actual_delivery_time,
        o1_0.customer_id,
        o1_0.delivery_address,
        o1_0.estimated_delivery_time,
        o1_0.notes,
        o1_0.order_date,
        oi1_0.order_id,
        oi1_0.id,
        oi1_0.food_item_id,
        fi1_0.id,
        fi1_0.available,
        fi1_0.category,
        fi1_0.description,
        fi1_0.image_url,
        fi1_0.keywords,
        fi1_0.name,
        fi1_0.price,
        fi1_0.quantity,
        fi1_0.restaurant_id,
        oi1_0.price,
        oi1_0.quantity,
        o1_0.phone,
        o1_0.restaurant_id,
        o1_0.status,
        o1_0.total_amount 
    from
        orders o1_0 
    left join
        order_items oi1_0 
            on o1_0.id=oi1_0.order_id 
    left join
        food_items fi1_0 
            on fi1_0.id=oi1_0.food_item_id 
    where
        o1_0.id=?
Hibernate: 
    select
        o1_0.id,
        o1_0.actual_delivery_time,
        o1_0.customer_id,
        o1_0.delivery_address,
        o1_0.estimated_delivery_time,
        o1_0.notes,
        o1_0.order_date,
        oi1_0.order_id,
        oi1_0.id,
        oi1_0.food_item_id,
        fi1_0.id,
        fi1_0.available,
        fi1_0.category,
        fi1_0.description,
        fi1_0.image_url,
        fi1_0.keywords,
        fi1_0.name,
        fi1_0.price,
        fi1_0.quantity,
        fi1_0.restaurant_id,
        oi1_0.price,
        oi1_0.quantity,
        o1_0.phone,
        o1_0.restaurant_id,
        o1_0.status,
        o1_0.total_amount 
    from
        orders o1_0 
    left join
        order_items oi1_0 
            on o1_0.id=oi1_0.order_id 
    left join
        food_items fi1_0 
            on fi1_0.id=oi1_0.food_item_id 
    where
        o1_0.id=?
2025-07-03 07:10:02.765 [main] DEBUG org.hibernate.SQL - 
    select
        fi1_0.id,
        fi1_0.available,
        fi1_0.category,
        fi1_0.description,
        fi1_0.image_url,
        fi1_0.keywords,
        fi1_0.name,
        fi1_0.price,
        fi1_0.quantity,
        fi1_0.restaurant_id 
    from
        food_items fi1_0 
    where
        fi1_0.id=?
Hibernate: 
    select
        fi1_0.id,
        fi1_0.available,
        fi1_0.category,
        fi1_0.description,
        fi1_0.image_url,
        fi1_0.keywords,
        fi1_0.name,
        fi1_0.price,
        fi1_0.quantity,
        fi1_0.restaurant_id 
    from
        food_items fi1_0 
    where
        fi1_0.id=?
2025-07-03 07:10:02.766 [main] DEBUG org.hibernate.SQL - 
    select
        o1_0.id,
        o1_0.actual_delivery_time,
        o1_0.customer_id,
        o1_0.delivery_address,
        o1_0.estimated_delivery_time,
        o1_0.notes,
        o1_0.order_date,
        o1_0.phone,
        o1_0.restaurant_id,
        o1_0.status,
        o1_0.total_amount,
        oi1_0.order_id,
        oi1_0.id,
        oi1_0.food_item_id,
        oi1_0.price,
        oi1_0.quantity 
    from
        orders o1_0 
    left join
        order_items oi1_0 
            on o1_0.id=oi1_0.order_id 
    where
        o1_0.id=?
Hibernate: 
    select
        o1_0.id,
        o1_0.actual_delivery_time,
        o1_0.customer_id,
        o1_0.delivery_address,
        o1_0.estimated_delivery_time,
        o1_0.notes,
        o1_0.order_date,
        o1_0.phone,
        o1_0.restaurant_id,
        o1_0.status,
        o1_0.total_amount,
        oi1_0.order_id,
        oi1_0.id,
        oi1_0.food_item_id,
        oi1_0.price,
        oi1_0.quantity 
    from
        orders o1_0 
    left join
        order_items oi1_0 
            on o1_0.id=oi1_0.order_id 
    where
        o1_0.id=?
2025-07-03 07:10:02.768 [main] DEBUG org.hibernate.SQL - 
    insert 
    into
        order_items
        (food_item_id, order_id, price, quantity, id) 
    values
        (?, ?, ?, ?, ?)
Hibernate: 
    insert 
    into
        order_items
        (food_item_id, order_id, price, quantity, id) 
    values
        (?, ?, ?, ?, ?)
2025-07-03 07:10:02.768 [main] DEBUG org.hibernate.SQL - 
    update
        orders 
    set
        actual_delivery_time=?,
        customer_id=?,
        delivery_address=?,
        estimated_delivery_time=?,
        notes=?,
        order_date=?,
        phone=?,
        restaurant_id=?,
        status=?,
        total_amount=? 
    where
        id=?
Hibernate: 
    update
        orders 
    set
        actual_delivery_time=?,
        customer_id=?,
        delivery_address=?,
        estimated_delivery_time=?,
        notes=?,
        order_date=?,
        phone=?,
        restaurant_id=?,
        status=?,
        total_amount=? 
    where
        id=?
✅ در مجموع 10 آیتم اضافه شد
2025-07-03 07:10:02.770 [main] DEBUG org.hibernate.SQL - 
    select
        o1_0.id,
        o1_0.actual_delivery_time,
        o1_0.customer_id,
        o1_0.delivery_address,
        o1_0.estimated_delivery_time,
        o1_0.notes,
        o1_0.order_date,
        oi1_0.order_id,
        oi1_0.id,
        oi1_0.food_item_id,
        fi1_0.id,
        fi1_0.available,
        fi1_0.category,
        fi1_0.description,
        fi1_0.image_url,
        fi1_0.keywords,
        fi1_0.name,
        fi1_0.price,
        fi1_0.quantity,
        fi1_0.restaurant_id,
        oi1_0.price,
        oi1_0.quantity,
        o1_0.phone,
        o1_0.restaurant_id,
        o1_0.status,
        o1_0.total_amount 
    from
        orders o1_0 
    left join
        order_items oi1_0 
            on o1_0.id=oi1_0.order_id 
    left join
        food_items fi1_0 
            on fi1_0.id=oi1_0.food_item_id 
    where
        o1_0.id=?
Hibernate: 
    select
        o1_0.id,
        o1_0.actual_delivery_time,
        o1_0.customer_id,
        o1_0.delivery_address,
        o1_0.estimated_delivery_time,
        o1_0.notes,
        o1_0.order_date,
        oi1_0.order_id,
        oi1_0.id,
        oi1_0.food_item_id,
        fi1_0.id,
        fi1_0.available,
        fi1_0.category,
        fi1_0.description,
        fi1_0.image_url,
        fi1_0.keywords,
        fi1_0.name,
        fi1_0.price,
        fi1_0.quantity,
        fi1_0.restaurant_id,
        oi1_0.price,
        oi1_0.quantity,
        o1_0.phone,
        o1_0.restaurant_id,
        o1_0.status,
        o1_0.total_amount 
    from
        orders o1_0 
    left join
        order_items oi1_0 
            on o1_0.id=oi1_0.order_id 
    left join
        food_items fi1_0 
            on fi1_0.id=oi1_0.food_item_id 
    where
        o1_0.id=?
📋 تعداد نهایی آیتم‌ها: 10
💰 مبلغ کل سفارش: 455.0
🎉 تست سفارش بزرگ با موفقیت تکمیل شد
2025-07-03 07:10:02.772 [main] DEBUG org.hibernate.SQL - 
    delete 
    from
        notifications
Hibernate: 
    delete 
    from
        notifications
2025-07-03 07:10:02.772 [main] DEBUG org.hibernate.SQL - 
    delete 
    from
        ratings
Hibernate: 
    delete 
    from
        ratings
2025-07-03 07:10:02.772 [main] DEBUG org.hibernate.SQL - 
    delete 
    from
        order_items
Hibernate: 
    delete 
    from
        order_items
2025-07-03 07:10:02.772 [main] DEBUG org.hibernate.SQL - 
    delete 
    from
        orders
Hibernate: 
    delete 
    from
        orders
2025-07-03 07:10:02.772 [main] DEBUG org.hibernate.SQL - 
    delete 
    from
        food_items
Hibernate: 
    delete 
    from
        food_items
2025-07-03 07:10:02.772 [main] DEBUG org.hibernate.SQL - 
    delete 
    from
        restaurants
Hibernate: 
    delete 
    from
        restaurants
2025-07-03 07:10:02.772 [main] DEBUG org.hibernate.SQL - 
    delete 
    from
        users
Hibernate: 
    delete 
    from
        users
2025-07-03 07:10:02.773 [main] DEBUG c.myapp.common.TestDatabaseManager - Cleaned all test data from database
2025-07-03 07:10:02.773 [main] DEBUG c.myapp.common.TestDatabaseManager - Test database cleanup completed
]]></system-out>
  </testcase>
  <testcase name="emptyCartOperations_AllScenarios_HandledGracefully" classname="com.myapp.order.OrderControllerIntegrationTest$EdgeCaseTests" time="0.239">
    <system-out><![CDATA[2025-07-03 07:10:02.876 [main] DEBUG org.hibernate.SQL - 
    delete 
    from
        notifications
Hibernate: 
    delete 
    from
        notifications
2025-07-03 07:10:02.876 [main] DEBUG org.hibernate.SQL - 
    delete 
    from
        ratings
Hibernate: 
    delete 
    from
        ratings
2025-07-03 07:10:02.876 [main] DEBUG org.hibernate.SQL - 
    delete 
    from
        order_items
Hibernate: 
    delete 
    from
        order_items
2025-07-03 07:10:02.876 [main] DEBUG org.hibernate.SQL - 
    delete 
    from
        orders
Hibernate: 
    delete 
    from
        orders
2025-07-03 07:10:02.876 [main] DEBUG org.hibernate.SQL - 
    delete 
    from
        food_items
Hibernate: 
    delete 
    from
        food_items
2025-07-03 07:10:02.876 [main] DEBUG org.hibernate.SQL - 
    delete 
    from
        restaurants
Hibernate: 
    delete 
    from
        restaurants
2025-07-03 07:10:02.876 [main] DEBUG org.hibernate.SQL - 
    delete 
    from
        users
Hibernate: 
    delete 
    from
        users
2025-07-03 07:10:02.877 [main] DEBUG c.myapp.common.TestDatabaseManager - Cleaned all test data from database
2025-07-03 07:10:02.877 [main] DEBUG c.myapp.common.TestDatabaseManager - Test database cleanup completed
🚀 شروع تست عملیات سبد خرید خالی
🔨 شروع ایجاد کاربر تست با ایمیل: customer.empty@test.com
🔄 تلاش شماره 1 از 3 برای ذخیره کاربر
2025-07-03 07:10:02.987 [main] DEBUG org.hibernate.SQL - 
    select
        u1_0.id,
        u1_0.address,
        u1_0.email,
        u1_0.full_name,
        u1_0.is_active,
        u1_0.password_hash,
        u1_0.phone,
        u1_0.role 
    from
        users u1_0 
    where
        u1_0.phone=?
Hibernate: 
    select
        u1_0.id,
        u1_0.address,
        u1_0.email,
        u1_0.full_name,
        u1_0.is_active,
        u1_0.password_hash,
        u1_0.phone,
        u1_0.role 
    from
        users u1_0 
    where
        u1_0.phone=?
2025-07-03 07:10:02.988 [main] DEBUG org.hibernate.SQL - 
    insert 
    into
        users
        (address, email, full_name, is_active, password_hash, phone, role, id) 
    values
        (?, ?, ?, ?, ?, ?, ?, ?)
Hibernate: 
    insert 
    into
        users
        (address, email, full_name, is_active, password_hash, phone, role, id) 
    values
        (?, ?, ?, ?, ?, ?, ?, ?)
✅ کاربر تست با موفقیت ذخیره شد - ID: 13546, ایمیل: customer.empty@test.com
🏪 شروع ایجاد رستوران تست با نام: رستوران خالی
🔨 شروع ایجاد کاربر تست با ایمیل: restaurant.owner.1751514002989@test.com
🔄 تلاش شماره 1 از 3 برای ذخیره کاربر
2025-07-03 07:10:02.989 [main] DEBUG org.hibernate.SQL - 
    select
        u1_0.id,
        u1_0.address,
        u1_0.email,
        u1_0.full_name,
        u1_0.is_active,
        u1_0.password_hash,
        u1_0.phone,
        u1_0.role 
    from
        users u1_0 
    where
        u1_0.phone=?
Hibernate: 
    select
        u1_0.id,
        u1_0.address,
        u1_0.email,
        u1_0.full_name,
        u1_0.is_active,
        u1_0.password_hash,
        u1_0.phone,
        u1_0.role 
    from
        users u1_0 
    where
        u1_0.phone=?
2025-07-03 07:10:02.990 [main] DEBUG org.hibernate.SQL - 
    insert 
    into
        users
        (address, email, full_name, is_active, password_hash, phone, role, id) 
    values
        (?, ?, ?, ?, ?, ?, ?, ?)
Hibernate: 
    insert 
    into
        users
        (address, email, full_name, is_active, password_hash, phone, role, id) 
    values
        (?, ?, ?, ?, ?, ?, ?, ?)
✅ کاربر تست با موفقیت ذخیره شد - ID: 13547, ایمیل: restaurant.owner.1751514002989@test.com
👤 مالک رستوران ایجاد شد - ID: 13547
💾 تلاش برای ذخیره رستوران در پایگاه داده...
🔄 تلاش شماره 1 از 3 برای ذخیره رستوران
2025-07-03 07:10:02.991 [main] DEBUG org.hibernate.SQL - 
    insert 
    into
        restaurants
        (address, name, owner_id, phone, status, id) 
    values
        (?, ?, ?, ?, ?, ?)
Hibernate: 
    insert 
    into
        restaurants
        (address, name, owner_id, phone, status, id) 
    values
        (?, ?, ?, ?, ?, ?)
✅ رستوران با موفقیت ذخیره شد - ID: 2227
2025-07-03 07:10:02.992 [main] DEBUG org.hibernate.SQL - 
    select
        r1_0.id,
        r1_0.address,
        r1_0.name,
        r1_0.owner_id,
        r1_0.phone,
        r1_0.status 
    from
        restaurants r1_0 
    where
        r1_0.id=?
Hibernate: 
    select
        r1_0.id,
        r1_0.address,
        r1_0.name,
        r1_0.owner_id,
        r1_0.phone,
        r1_0.status 
    from
        restaurants r1_0 
    where
        r1_0.id=?
✅ تأیید: رستوران قابل بازیابی است
2025-07-03 07:10:02.992 [main] DEBUG org.hibernate.SQL - 
    select
        r1_0.id,
        r1_0.address,
        r1_0.name,
        r1_0.owner_id,
        r1_0.phone,
        r1_0.status 
    from
        restaurants r1_0 
    where
        r1_0.id=?
Hibernate: 
    select
        r1_0.id,
        r1_0.address,
        r1_0.name,
        r1_0.owner_id,
        r1_0.phone,
        r1_0.status 
    from
        restaurants r1_0 
    where
        r1_0.id=?
2025-07-03 07:10:02.993 [main] DEBUG org.hibernate.SQL - 
    insert 
    into
        orders
        (actual_delivery_time, customer_id, delivery_address, estimated_delivery_time, notes, order_date, phone, restaurant_id, status, total_amount, id) 
    values
        (?, ?, ?, ?, ?, ?, ?, ?, ?, ?, ?)
Hibernate: 
    insert 
    into
        orders
        (actual_delivery_time, customer_id, delivery_address, estimated_delivery_time, notes, order_date, phone, restaurant_id, status, total_amount, id) 
    values
        (?, ?, ?, ?, ?, ?, ?, ?, ?, ?, ?)
📦 بررسی سفارش خالی
2025-07-03 07:10:02.994 [main] DEBUG org.hibernate.SQL - 
    select
        o1_0.id,
        o1_0.actual_delivery_time,
        o1_0.customer_id,
        o1_0.delivery_address,
        o1_0.estimated_delivery_time,
        o1_0.notes,
        o1_0.order_date,
        oi1_0.order_id,
        oi1_0.id,
        oi1_0.food_item_id,
        fi1_0.id,
        fi1_0.available,
        fi1_0.category,
        fi1_0.description,
        fi1_0.image_url,
        fi1_0.keywords,
        fi1_0.name,
        fi1_0.price,
        fi1_0.quantity,
        fi1_0.restaurant_id,
        oi1_0.price,
        oi1_0.quantity,
        o1_0.phone,
        o1_0.restaurant_id,
        o1_0.status,
        o1_0.total_amount 
    from
        orders o1_0 
    left join
        order_items oi1_0 
            on o1_0.id=oi1_0.order_id 
    left join
        food_items fi1_0 
            on fi1_0.id=oi1_0.food_item_id 
    where
        o1_0.id=?
Hibernate: 
    select
        o1_0.id,
        o1_0.actual_delivery_time,
        o1_0.customer_id,
        o1_0.delivery_address,
        o1_0.estimated_delivery_time,
        o1_0.notes,
        o1_0.order_date,
        oi1_0.order_id,
        oi1_0.id,
        oi1_0.food_item_id,
        fi1_0.id,
        fi1_0.available,
        fi1_0.category,
        fi1_0.description,
        fi1_0.image_url,
        fi1_0.keywords,
        fi1_0.name,
        fi1_0.price,
        fi1_0.quantity,
        fi1_0.restaurant_id,
        oi1_0.price,
        oi1_0.quantity,
        o1_0.phone,
        o1_0.restaurant_id,
        o1_0.status,
        o1_0.total_amount 
    from
        orders o1_0 
    left join
        order_items oi1_0 
            on o1_0.id=oi1_0.order_id 
    left join
        food_items fi1_0 
            on fi1_0.id=oi1_0.food_item_id 
    where
        o1_0.id=?
✅ سفارش خالی به درستی شناسایی شد
❌ تلاش برای ثبت سفارش خالی
2025-07-03 07:10:02.995 [main] DEBUG org.hibernate.SQL - 
    select
        o1_0.id,
        o1_0.actual_delivery_time,
        o1_0.customer_id,
        o1_0.delivery_address,
        o1_0.estimated_delivery_time,
        o1_0.notes,
        o1_0.order_date,
        oi1_0.order_id,
        oi1_0.id,
        oi1_0.food_item_id,
        fi1_0.id,
        fi1_0.available,
        fi1_0.category,
        fi1_0.description,
        fi1_0.image_url,
        fi1_0.keywords,
        fi1_0.name,
        fi1_0.price,
        fi1_0.quantity,
        fi1_0.restaurant_id,
        oi1_0.price,
        oi1_0.quantity,
        o1_0.phone,
        o1_0.restaurant_id,
        o1_0.status,
        o1_0.total_amount 
    from
        orders o1_0 
    left join
        order_items oi1_0 
            on o1_0.id=oi1_0.order_id 
    left join
        food_items fi1_0 
            on fi1_0.id=oi1_0.food_item_id 
    where
        o1_0.id=?
Hibernate: 
    select
        o1_0.id,
        o1_0.actual_delivery_time,
        o1_0.customer_id,
        o1_0.delivery_address,
        o1_0.estimated_delivery_time,
        o1_0.notes,
        o1_0.order_date,
        oi1_0.order_id,
        oi1_0.id,
        oi1_0.food_item_id,
        fi1_0.id,
        fi1_0.available,
        fi1_0.category,
        fi1_0.description,
        fi1_0.image_url,
        fi1_0.keywords,
        fi1_0.name,
        fi1_0.price,
        fi1_0.quantity,
        fi1_0.restaurant_id,
        oi1_0.price,
        oi1_0.quantity,
        o1_0.phone,
        o1_0.restaurant_id,
        o1_0.status,
        o1_0.total_amount 
    from
        orders o1_0 
    left join
        order_items oi1_0 
            on o1_0.id=oi1_0.order_id 
    left join
        food_items fi1_0 
            on fi1_0.id=oi1_0.food_item_id 
    where
        o1_0.id=?
✅ خطای مناسب برای سفارش خالی: IllegalArgumentException
❌ تلاش برای حذف آیتم غیرموجود
2025-07-03 07:10:02.996 [main] DEBUG org.hibernate.SQL - 
    select
        o1_0.id,
        o1_0.actual_delivery_time,
        o1_0.customer_id,
        o1_0.delivery_address,
        o1_0.estimated_delivery_time,
        o1_0.notes,
        o1_0.order_date,
        oi1_0.order_id,
        oi1_0.id,
        oi1_0.food_item_id,
        fi1_0.id,
        fi1_0.available,
        fi1_0.category,
        fi1_0.description,
        fi1_0.image_url,
        fi1_0.keywords,
        fi1_0.name,
        fi1_0.price,
        fi1_0.quantity,
        fi1_0.restaurant_id,
        oi1_0.price,
        oi1_0.quantity,
        o1_0.phone,
        o1_0.restaurant_id,
        o1_0.status,
        o1_0.total_amount 
    from
        orders o1_0 
    left join
        order_items oi1_0 
            on o1_0.id=oi1_0.order_id 
    left join
        food_items fi1_0 
            on fi1_0.id=oi1_0.food_item_id 
    where
        o1_0.id=?
Hibernate: 
    select
        o1_0.id,
        o1_0.actual_delivery_time,
        o1_0.customer_id,
        o1_0.delivery_address,
        o1_0.estimated_delivery_time,
        o1_0.notes,
        o1_0.order_date,
        oi1_0.order_id,
        oi1_0.id,
        oi1_0.food_item_id,
        fi1_0.id,
        fi1_0.available,
        fi1_0.category,
        fi1_0.description,
        fi1_0.image_url,
        fi1_0.keywords,
        fi1_0.name,
        fi1_0.price,
        fi1_0.quantity,
        fi1_0.restaurant_id,
        oi1_0.price,
        oi1_0.quantity,
        o1_0.phone,
        o1_0.restaurant_id,
        o1_0.status,
        o1_0.total_amount 
    from
        orders o1_0 
    left join
        order_items oi1_0 
            on o1_0.id=oi1_0.order_id 
    left join
        food_items fi1_0 
            on fi1_0.id=oi1_0.food_item_id 
    where
        o1_0.id=?
2025-07-03 07:10:02.996 [main] DEBUG org.hibernate.SQL - 
    select
        fi1_0.id,
        fi1_0.available,
        fi1_0.category,
        fi1_0.description,
        fi1_0.image_url,
        fi1_0.keywords,
        fi1_0.name,
        fi1_0.price,
        fi1_0.quantity,
        fi1_0.restaurant_id 
    from
        food_items fi1_0 
    where
        fi1_0.id=?
Hibernate: 
    select
        fi1_0.id,
        fi1_0.available,
        fi1_0.category,
        fi1_0.description,
        fi1_0.image_url,
        fi1_0.keywords,
        fi1_0.name,
        fi1_0.price,
        fi1_0.quantity,
        fi1_0.restaurant_id 
    from
        food_items fi1_0 
    where
        fi1_0.id=?
✅ خطای مناسب برای آیتم غیرموجود: NotFoundException
❌ تلاش برای به‌روزرسانی آیتم غیرموجود
2025-07-03 07:10:02.996 [main] DEBUG org.hibernate.SQL - 
    select
        o1_0.id,
        o1_0.actual_delivery_time,
        o1_0.customer_id,
        o1_0.delivery_address,
        o1_0.estimated_delivery_time,
        o1_0.notes,
        o1_0.order_date,
        oi1_0.order_id,
        oi1_0.id,
        oi1_0.food_item_id,
        fi1_0.id,
        fi1_0.available,
        fi1_0.category,
        fi1_0.description,
        fi1_0.image_url,
        fi1_0.keywords,
        fi1_0.name,
        fi1_0.price,
        fi1_0.quantity,
        fi1_0.restaurant_id,
        oi1_0.price,
        oi1_0.quantity,
        o1_0.phone,
        o1_0.restaurant_id,
        o1_0.status,
        o1_0.total_amount 
    from
        orders o1_0 
    left join
        order_items oi1_0 
            on o1_0.id=oi1_0.order_id 
    left join
        food_items fi1_0 
            on fi1_0.id=oi1_0.food_item_id 
    where
        o1_0.id=?
Hibernate: 
    select
        o1_0.id,
        o1_0.actual_delivery_time,
        o1_0.customer_id,
        o1_0.delivery_address,
        o1_0.estimated_delivery_time,
        o1_0.notes,
        o1_0.order_date,
        oi1_0.order_id,
        oi1_0.id,
        oi1_0.food_item_id,
        fi1_0.id,
        fi1_0.available,
        fi1_0.category,
        fi1_0.description,
        fi1_0.image_url,
        fi1_0.keywords,
        fi1_0.name,
        fi1_0.price,
        fi1_0.quantity,
        fi1_0.restaurant_id,
        oi1_0.price,
        oi1_0.quantity,
        o1_0.phone,
        o1_0.restaurant_id,
        o1_0.status,
        o1_0.total_amount 
    from
        orders o1_0 
    left join
        order_items oi1_0 
            on o1_0.id=oi1_0.order_id 
    left join
        food_items fi1_0 
            on fi1_0.id=oi1_0.food_item_id 
    where
        o1_0.id=?
2025-07-03 07:10:02.997 [main] DEBUG org.hibernate.SQL - 
    select
        fi1_0.id,
        fi1_0.available,
        fi1_0.category,
        fi1_0.description,
        fi1_0.image_url,
        fi1_0.keywords,
        fi1_0.name,
        fi1_0.price,
        fi1_0.quantity,
        fi1_0.restaurant_id 
    from
        food_items fi1_0 
    where
        fi1_0.id=?
Hibernate: 
    select
        fi1_0.id,
        fi1_0.available,
        fi1_0.category,
        fi1_0.description,
        fi1_0.image_url,
        fi1_0.keywords,
        fi1_0.name,
        fi1_0.price,
        fi1_0.quantity,
        fi1_0.restaurant_id 
    from
        food_items fi1_0 
    where
        fi1_0.id=?
✅ خطای مناسب برای به‌روزرسانی غیرموجود: NotFoundException
🎉 تست عملیات سبد خرید خالی با موفقیت تکمیل شد
2025-07-03 07:10:02.997 [main] DEBUG org.hibernate.SQL - 
    delete 
    from
        notifications
Hibernate: 
    delete 
    from
        notifications
2025-07-03 07:10:02.997 [main] DEBUG org.hibernate.SQL - 
    delete 
    from
        ratings
Hibernate: 
    delete 
    from
        ratings
2025-07-03 07:10:02.998 [main] DEBUG org.hibernate.SQL - 
    delete 
    from
        order_items
Hibernate: 
    delete 
    from
        order_items
2025-07-03 07:10:02.998 [main] DEBUG org.hibernate.SQL - 
    delete 
    from
        orders
Hibernate: 
    delete 
    from
        orders
2025-07-03 07:10:02.998 [main] DEBUG org.hibernate.SQL - 
    delete 
    from
        food_items
Hibernate: 
    delete 
    from
        food_items
2025-07-03 07:10:02.998 [main] DEBUG org.hibernate.SQL - 
    delete 
    from
        restaurants
Hibernate: 
    delete 
    from
        restaurants
2025-07-03 07:10:02.998 [main] DEBUG org.hibernate.SQL - 
    delete 
    from
        users
Hibernate: 
    delete 
    from
        users
2025-07-03 07:10:02.999 [main] DEBUG c.myapp.common.TestDatabaseManager - Cleaned all test data from database
2025-07-03 07:10:02.999 [main] DEBUG c.myapp.common.TestDatabaseManager - Test database cleanup completed
]]></system-out>
  </testcase>
  <testcase name="extremeQuantities_BoundaryValues_HandledCorrectly(int)[1]" classname="com.myapp.order.OrderControllerIntegrationTest$EdgeCaseTests" time="0.234">
    <system-out><![CDATA[2025-07-03 07:10:03.115 [main] DEBUG org.hibernate.SQL - 
    delete 
    from
        notifications
Hibernate: 
    delete 
    from
        notifications
2025-07-03 07:10:03.116 [main] DEBUG org.hibernate.SQL - 
    delete 
    from
        ratings
Hibernate: 
    delete 
    from
        ratings
2025-07-03 07:10:03.116 [main] DEBUG org.hibernate.SQL - 
    delete 
    from
        order_items
Hibernate: 
    delete 
    from
        order_items
2025-07-03 07:10:03.116 [main] DEBUG org.hibernate.SQL - 
    delete 
    from
        orders
Hibernate: 
    delete 
    from
        orders
2025-07-03 07:10:03.116 [main] DEBUG org.hibernate.SQL - 
    delete 
    from
        food_items
Hibernate: 
    delete 
    from
        food_items
2025-07-03 07:10:03.116 [main] DEBUG org.hibernate.SQL - 
    delete 
    from
        restaurants
Hibernate: 
    delete 
    from
        restaurants
2025-07-03 07:10:03.116 [main] DEBUG org.hibernate.SQL - 
    delete 
    from
        users
Hibernate: 
    delete 
    from
        users
2025-07-03 07:10:03.117 [main] DEBUG c.myapp.common.TestDatabaseManager - Cleaned all test data from database
2025-07-03 07:10:03.117 [main] DEBUG c.myapp.common.TestDatabaseManager - Test database cleanup completed
🚀 شروع تست تعداد افراطی: 1
🔨 شروع ایجاد کاربر تست با ایمیل: customer.extreme1@test.com
🔄 تلاش شماره 1 از 3 برای ذخیره کاربر
2025-07-03 07:10:03.226 [main] DEBUG org.hibernate.SQL - 
    select
        u1_0.id,
        u1_0.address,
        u1_0.email,
        u1_0.full_name,
        u1_0.is_active,
        u1_0.password_hash,
        u1_0.phone,
        u1_0.role 
    from
        users u1_0 
    where
        u1_0.phone=?
Hibernate: 
    select
        u1_0.id,
        u1_0.address,
        u1_0.email,
        u1_0.full_name,
        u1_0.is_active,
        u1_0.password_hash,
        u1_0.phone,
        u1_0.role 
    from
        users u1_0 
    where
        u1_0.phone=?
2025-07-03 07:10:03.226 [main] DEBUG org.hibernate.SQL - 
    insert 
    into
        users
        (address, email, full_name, is_active, password_hash, phone, role, id) 
    values
        (?, ?, ?, ?, ?, ?, ?, ?)
Hibernate: 
    insert 
    into
        users
        (address, email, full_name, is_active, password_hash, phone, role, id) 
    values
        (?, ?, ?, ?, ?, ?, ?, ?)
✅ کاربر تست با موفقیت ذخیره شد - ID: 13548, ایمیل: customer.extreme1@test.com
🏪 شروع ایجاد رستوران تست با نام: رستوران مرزی 1
🔨 شروع ایجاد کاربر تست با ایمیل: restaurant.owner.1751514003227@test.com
🔄 تلاش شماره 1 از 3 برای ذخیره کاربر
2025-07-03 07:10:03.227 [main] DEBUG org.hibernate.SQL - 
    select
        u1_0.id,
        u1_0.address,
        u1_0.email,
        u1_0.full_name,
        u1_0.is_active,
        u1_0.password_hash,
        u1_0.phone,
        u1_0.role 
    from
        users u1_0 
    where
        u1_0.phone=?
Hibernate: 
    select
        u1_0.id,
        u1_0.address,
        u1_0.email,
        u1_0.full_name,
        u1_0.is_active,
        u1_0.password_hash,
        u1_0.phone,
        u1_0.role 
    from
        users u1_0 
    where
        u1_0.phone=?
2025-07-03 07:10:03.228 [main] DEBUG org.hibernate.SQL - 
    insert 
    into
        users
        (address, email, full_name, is_active, password_hash, phone, role, id) 
    values
        (?, ?, ?, ?, ?, ?, ?, ?)
Hibernate: 
    insert 
    into
        users
        (address, email, full_name, is_active, password_hash, phone, role, id) 
    values
        (?, ?, ?, ?, ?, ?, ?, ?)
✅ کاربر تست با موفقیت ذخیره شد - ID: 13549, ایمیل: restaurant.owner.1751514003227@test.com
👤 مالک رستوران ایجاد شد - ID: 13549
💾 تلاش برای ذخیره رستوران در پایگاه داده...
🔄 تلاش شماره 1 از 3 برای ذخیره رستوران
2025-07-03 07:10:03.229 [main] DEBUG org.hibernate.SQL - 
    insert 
    into
        restaurants
        (address, name, owner_id, phone, status, id) 
    values
        (?, ?, ?, ?, ?, ?)
Hibernate: 
    insert 
    into
        restaurants
        (address, name, owner_id, phone, status, id) 
    values
        (?, ?, ?, ?, ?, ?)
✅ رستوران با موفقیت ذخیره شد - ID: 2228
2025-07-03 07:10:03.230 [main] DEBUG org.hibernate.SQL - 
    select
        r1_0.id,
        r1_0.address,
        r1_0.name,
        r1_0.owner_id,
        r1_0.phone,
        r1_0.status 
    from
        restaurants r1_0 
    where
        r1_0.id=?
Hibernate: 
    select
        r1_0.id,
        r1_0.address,
        r1_0.name,
        r1_0.owner_id,
        r1_0.phone,
        r1_0.status 
    from
        restaurants r1_0 
    where
        r1_0.id=?
✅ تأیید: رستوران قابل بازیابی است
🍕 شروع ایجاد آیتم غذا تست: پیتزا مرزی - قیمت: 25.99
💾 تلاش برای ذخیره آیتم غذا در پایگاه داده...
🔄 تلاش شماره 1 از 3 برای ذخیره آیتم غذا
2025-07-03 07:10:03.230 [main] DEBUG org.hibernate.SQL - 
    insert 
    into
        food_items
        (available, category, description, image_url, keywords, name, price, quantity, restaurant_id, id) 
    values
        (?, ?, ?, ?, ?, ?, ?, ?, ?, ?)
Hibernate: 
    insert 
    into
        food_items
        (available, category, description, image_url, keywords, name, price, quantity, restaurant_id, id) 
    values
        (?, ?, ?, ?, ?, ?, ?, ?, ?, ?)
✅ آیتم غذا با موفقیت ذخیره شد - ID: 5571
2025-07-03 07:10:03.231 [main] DEBUG org.hibernate.SQL - 
    select
        fi1_0.id,
        fi1_0.available,
        fi1_0.category,
        fi1_0.description,
        fi1_0.image_url,
        fi1_0.keywords,
        fi1_0.name,
        fi1_0.price,
        fi1_0.quantity,
        fi1_0.restaurant_id 
    from
        food_items fi1_0 
    where
        fi1_0.id=?
Hibernate: 
    select
        fi1_0.id,
        fi1_0.available,
        fi1_0.category,
        fi1_0.description,
        fi1_0.image_url,
        fi1_0.keywords,
        fi1_0.name,
        fi1_0.price,
        fi1_0.quantity,
        fi1_0.restaurant_id 
    from
        food_items fi1_0 
    where
        fi1_0.id=?
✅ تأیید: آیتم غذا قابل بازیابی است
2025-07-03 07:10:03.232 [main] DEBUG org.hibernate.SQL - 
    select
        r1_0.id,
        r1_0.address,
        r1_0.name,
        r1_0.owner_id,
        r1_0.phone,
        r1_0.status 
    from
        restaurants r1_0 
    where
        r1_0.id=?
Hibernate: 
    select
        r1_0.id,
        r1_0.address,
        r1_0.name,
        r1_0.owner_id,
        r1_0.phone,
        r1_0.status 
    from
        restaurants r1_0 
    where
        r1_0.id=?
2025-07-03 07:10:03.232 [main] DEBUG org.hibernate.SQL - 
    insert 
    into
        orders
        (actual_delivery_time, customer_id, delivery_address, estimated_delivery_time, notes, order_date, phone, restaurant_id, status, total_amount, id) 
    values
        (?, ?, ?, ?, ?, ?, ?, ?, ?, ?, ?)
Hibernate: 
    insert 
    into
        orders
        (actual_delivery_time, customer_id, delivery_address, estimated_delivery_time, notes, order_date, phone, restaurant_id, status, total_amount, id) 
    values
        (?, ?, ?, ?, ?, ?, ?, ?, ?, ?, ?)
🧪 تست اضافه کردن آیتم با تعداد: 1
2025-07-03 07:10:03.233 [main] DEBUG org.hibernate.SQL - 
    select
        o1_0.id,
        o1_0.actual_delivery_time,
        o1_0.customer_id,
        o1_0.delivery_address,
        o1_0.estimated_delivery_time,
        o1_0.notes,
        o1_0.order_date,
        oi1_0.order_id,
        oi1_0.id,
        oi1_0.food_item_id,
        fi1_0.id,
        fi1_0.available,
        fi1_0.category,
        fi1_0.description,
        fi1_0.image_url,
        fi1_0.keywords,
        fi1_0.name,
        fi1_0.price,
        fi1_0.quantity,
        fi1_0.restaurant_id,
        oi1_0.price,
        oi1_0.quantity,
        o1_0.phone,
        o1_0.restaurant_id,
        o1_0.status,
        o1_0.total_amount 
    from
        orders o1_0 
    left join
        order_items oi1_0 
            on o1_0.id=oi1_0.order_id 
    left join
        food_items fi1_0 
            on fi1_0.id=oi1_0.food_item_id 
    where
        o1_0.id=?
Hibernate: 
    select
        o1_0.id,
        o1_0.actual_delivery_time,
        o1_0.customer_id,
        o1_0.delivery_address,
        o1_0.estimated_delivery_time,
        o1_0.notes,
        o1_0.order_date,
        oi1_0.order_id,
        oi1_0.id,
        oi1_0.food_item_id,
        fi1_0.id,
        fi1_0.available,
        fi1_0.category,
        fi1_0.description,
        fi1_0.image_url,
        fi1_0.keywords,
        fi1_0.name,
        fi1_0.price,
        fi1_0.quantity,
        fi1_0.restaurant_id,
        oi1_0.price,
        oi1_0.quantity,
        o1_0.phone,
        o1_0.restaurant_id,
        o1_0.status,
        o1_0.total_amount 
    from
        orders o1_0 
    left join
        order_items oi1_0 
            on o1_0.id=oi1_0.order_id 
    left join
        food_items fi1_0 
            on fi1_0.id=oi1_0.food_item_id 
    where
        o1_0.id=?
2025-07-03 07:10:03.234 [main] DEBUG org.hibernate.SQL - 
    select
        fi1_0.id,
        fi1_0.available,
        fi1_0.category,
        fi1_0.description,
        fi1_0.image_url,
        fi1_0.keywords,
        fi1_0.name,
        fi1_0.price,
        fi1_0.quantity,
        fi1_0.restaurant_id 
    from
        food_items fi1_0 
    where
        fi1_0.id=?
Hibernate: 
    select
        fi1_0.id,
        fi1_0.available,
        fi1_0.category,
        fi1_0.description,
        fi1_0.image_url,
        fi1_0.keywords,
        fi1_0.name,
        fi1_0.price,
        fi1_0.quantity,
        fi1_0.restaurant_id 
    from
        food_items fi1_0 
    where
        fi1_0.id=?
2025-07-03 07:10:03.234 [main] DEBUG org.hibernate.SQL - 
    select
        o1_0.id,
        o1_0.actual_delivery_time,
        o1_0.customer_id,
        o1_0.delivery_address,
        o1_0.estimated_delivery_time,
        o1_0.notes,
        o1_0.order_date,
        o1_0.phone,
        o1_0.restaurant_id,
        o1_0.status,
        o1_0.total_amount,
        oi1_0.order_id,
        oi1_0.id,
        oi1_0.food_item_id,
        oi1_0.price,
        oi1_0.quantity 
    from
        orders o1_0 
    left join
        order_items oi1_0 
            on o1_0.id=oi1_0.order_id 
    where
        o1_0.id=?
Hibernate: 
    select
        o1_0.id,
        o1_0.actual_delivery_time,
        o1_0.customer_id,
        o1_0.delivery_address,
        o1_0.estimated_delivery_time,
        o1_0.notes,
        o1_0.order_date,
        o1_0.phone,
        o1_0.restaurant_id,
        o1_0.status,
        o1_0.total_amount,
        oi1_0.order_id,
        oi1_0.id,
        oi1_0.food_item_id,
        oi1_0.price,
        oi1_0.quantity 
    from
        orders o1_0 
    left join
        order_items oi1_0 
            on o1_0.id=oi1_0.order_id 
    where
        o1_0.id=?
2025-07-03 07:10:03.235 [main] DEBUG org.hibernate.SQL - 
    insert 
    into
        order_items
        (food_item_id, order_id, price, quantity, id) 
    values
        (?, ?, ?, ?, ?)
Hibernate: 
    insert 
    into
        order_items
        (food_item_id, order_id, price, quantity, id) 
    values
        (?, ?, ?, ?, ?)
2025-07-03 07:10:03.235 [main] DEBUG org.hibernate.SQL - 
    update
        orders 
    set
        actual_delivery_time=?,
        customer_id=?,
        delivery_address=?,
        estimated_delivery_time=?,
        notes=?,
        order_date=?,
        phone=?,
        restaurant_id=?,
        status=?,
        total_amount=? 
    where
        id=?
Hibernate: 
    update
        orders 
    set
        actual_delivery_time=?,
        customer_id=?,
        delivery_address=?,
        estimated_delivery_time=?,
        notes=?,
        order_date=?,
        phone=?,
        restaurant_id=?,
        status=?,
        total_amount=? 
    where
        id=?
2025-07-03 07:10:03.238 [main] DEBUG org.hibernate.SQL - 
    select
        o1_0.id,
        o1_0.actual_delivery_time,
        o1_0.customer_id,
        o1_0.delivery_address,
        o1_0.estimated_delivery_time,
        o1_0.notes,
        o1_0.order_date,
        oi1_0.order_id,
        oi1_0.id,
        oi1_0.food_item_id,
        fi1_0.id,
        fi1_0.available,
        fi1_0.category,
        fi1_0.description,
        fi1_0.image_url,
        fi1_0.keywords,
        fi1_0.name,
        fi1_0.price,
        fi1_0.quantity,
        fi1_0.restaurant_id,
        oi1_0.price,
        oi1_0.quantity,
        o1_0.phone,
        o1_0.restaurant_id,
        o1_0.status,
        o1_0.total_amount 
    from
        orders o1_0 
    left join
        order_items oi1_0 
            on o1_0.id=oi1_0.order_id 
    left join
        food_items fi1_0 
            on fi1_0.id=oi1_0.food_item_id 
    where
        o1_0.id=?
Hibernate: 
    select
        o1_0.id,
        o1_0.actual_delivery_time,
        o1_0.customer_id,
        o1_0.delivery_address,
        o1_0.estimated_delivery_time,
        o1_0.notes,
        o1_0.order_date,
        oi1_0.order_id,
        oi1_0.id,
        oi1_0.food_item_id,
        fi1_0.id,
        fi1_0.available,
        fi1_0.category,
        fi1_0.description,
        fi1_0.image_url,
        fi1_0.keywords,
        fi1_0.name,
        fi1_0.price,
        fi1_0.quantity,
        fi1_0.restaurant_id,
        oi1_0.price,
        oi1_0.quantity,
        o1_0.phone,
        o1_0.restaurant_id,
        o1_0.status,
        o1_0.total_amount 
    from
        orders o1_0 
    left join
        order_items oi1_0 
            on o1_0.id=oi1_0.order_id 
    left join
        food_items fi1_0 
            on fi1_0.id=oi1_0.food_item_id 
    where
        o1_0.id=?
💰 مبلغ محاسبه شده: 25.99 (انتظار: 25.99)
✅ تعداد 1 با موفقیت پردازش شد
🎉 تست تعداد 1 تکمیل شد
2025-07-03 07:10:03.241 [main] DEBUG org.hibernate.SQL - 
    delete 
    from
        notifications
Hibernate: 
    delete 
    from
        notifications
2025-07-03 07:10:03.241 [main] DEBUG org.hibernate.SQL - 
    delete 
    from
        ratings
Hibernate: 
    delete 
    from
        ratings
2025-07-03 07:10:03.241 [main] DEBUG org.hibernate.SQL - 
    delete 
    from
        order_items
Hibernate: 
    delete 
    from
        order_items
2025-07-03 07:10:03.241 [main] DEBUG org.hibernate.SQL - 
    delete 
    from
        orders
Hibernate: 
    delete 
    from
        orders
2025-07-03 07:10:03.241 [main] DEBUG org.hibernate.SQL - 
    delete 
    from
        food_items
Hibernate: 
    delete 
    from
        food_items
2025-07-03 07:10:03.241 [main] DEBUG org.hibernate.SQL - 
    delete 
    from
        restaurants
Hibernate: 
    delete 
    from
        restaurants
2025-07-03 07:10:03.241 [main] DEBUG org.hibernate.SQL - 
    delete 
    from
        users
Hibernate: 
    delete 
    from
        users
2025-07-03 07:10:03.243 [main] DEBUG c.myapp.common.TestDatabaseManager - Cleaned all test data from database
2025-07-03 07:10:03.243 [main] DEBUG c.myapp.common.TestDatabaseManager - Test database cleanup completed
]]></system-out>
  </testcase>
  <testcase name="extremeQuantities_BoundaryValues_HandledCorrectly(int)[2]" classname="com.myapp.order.OrderControllerIntegrationTest$EdgeCaseTests" time="0.235">
    <system-out><![CDATA[2025-07-03 07:10:03.350 [main] DEBUG org.hibernate.SQL - 
    delete 
    from
        notifications
Hibernate: 
    delete 
    from
        notifications
2025-07-03 07:10:03.351 [main] DEBUG org.hibernate.SQL - 
    delete 
    from
        ratings
Hibernate: 
    delete 
    from
        ratings
2025-07-03 07:10:03.351 [main] DEBUG org.hibernate.SQL - 
    delete 
    from
        order_items
Hibernate: 
    delete 
    from
        order_items
2025-07-03 07:10:03.351 [main] DEBUG org.hibernate.SQL - 
    delete 
    from
        orders
Hibernate: 
    delete 
    from
        orders
2025-07-03 07:10:03.351 [main] DEBUG org.hibernate.SQL - 
    delete 
    from
        food_items
Hibernate: 
    delete 
    from
        food_items
2025-07-03 07:10:03.351 [main] DEBUG org.hibernate.SQL - 
    delete 
    from
        restaurants
Hibernate: 
    delete 
    from
        restaurants
2025-07-03 07:10:03.351 [main] DEBUG org.hibernate.SQL - 
    delete 
    from
        users
Hibernate: 
    delete 
    from
        users
2025-07-03 07:10:03.353 [main] DEBUG c.myapp.common.TestDatabaseManager - Cleaned all test data from database
2025-07-03 07:10:03.353 [main] DEBUG c.myapp.common.TestDatabaseManager - Test database cleanup completed
🚀 شروع تست تعداد افراطی: 100
🔨 شروع ایجاد کاربر تست با ایمیل: customer.extreme100@test.com
🔄 تلاش شماره 1 از 3 برای ذخیره کاربر
2025-07-03 07:10:03.459 [main] DEBUG org.hibernate.SQL - 
    select
        u1_0.id,
        u1_0.address,
        u1_0.email,
        u1_0.full_name,
        u1_0.is_active,
        u1_0.password_hash,
        u1_0.phone,
        u1_0.role 
    from
        users u1_0 
    where
        u1_0.phone=?
Hibernate: 
    select
        u1_0.id,
        u1_0.address,
        u1_0.email,
        u1_0.full_name,
        u1_0.is_active,
        u1_0.password_hash,
        u1_0.phone,
        u1_0.role 
    from
        users u1_0 
    where
        u1_0.phone=?
2025-07-03 07:10:03.459 [main] DEBUG org.hibernate.SQL - 
    insert 
    into
        users
        (address, email, full_name, is_active, password_hash, phone, role, id) 
    values
        (?, ?, ?, ?, ?, ?, ?, ?)
Hibernate: 
    insert 
    into
        users
        (address, email, full_name, is_active, password_hash, phone, role, id) 
    values
        (?, ?, ?, ?, ?, ?, ?, ?)
✅ کاربر تست با موفقیت ذخیره شد - ID: 13550, ایمیل: customer.extreme100@test.com
🏪 شروع ایجاد رستوران تست با نام: رستوران مرزی 100
🔨 شروع ایجاد کاربر تست با ایمیل: restaurant.owner.1751514003460@test.com
🔄 تلاش شماره 1 از 3 برای ذخیره کاربر
2025-07-03 07:10:03.461 [main] DEBUG org.hibernate.SQL - 
    select
        u1_0.id,
        u1_0.address,
        u1_0.email,
        u1_0.full_name,
        u1_0.is_active,
        u1_0.password_hash,
        u1_0.phone,
        u1_0.role 
    from
        users u1_0 
    where
        u1_0.phone=?
Hibernate: 
    select
        u1_0.id,
        u1_0.address,
        u1_0.email,
        u1_0.full_name,
        u1_0.is_active,
        u1_0.password_hash,
        u1_0.phone,
        u1_0.role 
    from
        users u1_0 
    where
        u1_0.phone=?
2025-07-03 07:10:03.461 [main] DEBUG org.hibernate.SQL - 
    insert 
    into
        users
        (address, email, full_name, is_active, password_hash, phone, role, id) 
    values
        (?, ?, ?, ?, ?, ?, ?, ?)
Hibernate: 
    insert 
    into
        users
        (address, email, full_name, is_active, password_hash, phone, role, id) 
    values
        (?, ?, ?, ?, ?, ?, ?, ?)
✅ کاربر تست با موفقیت ذخیره شد - ID: 13551, ایمیل: restaurant.owner.1751514003460@test.com
👤 مالک رستوران ایجاد شد - ID: 13551
💾 تلاش برای ذخیره رستوران در پایگاه داده...
🔄 تلاش شماره 1 از 3 برای ذخیره رستوران
2025-07-03 07:10:03.462 [main] DEBUG org.hibernate.SQL - 
    insert 
    into
        restaurants
        (address, name, owner_id, phone, status, id) 
    values
        (?, ?, ?, ?, ?, ?)
Hibernate: 
    insert 
    into
        restaurants
        (address, name, owner_id, phone, status, id) 
    values
        (?, ?, ?, ?, ?, ?)
✅ رستوران با موفقیت ذخیره شد - ID: 2229
2025-07-03 07:10:03.468 [main] DEBUG org.hibernate.SQL - 
    select
        r1_0.id,
        r1_0.address,
        r1_0.name,
        r1_0.owner_id,
        r1_0.phone,
        r1_0.status 
    from
        restaurants r1_0 
    where
        r1_0.id=?
Hibernate: 
    select
        r1_0.id,
        r1_0.address,
        r1_0.name,
        r1_0.owner_id,
        r1_0.phone,
        r1_0.status 
    from
        restaurants r1_0 
    where
        r1_0.id=?
✅ تأیید: رستوران قابل بازیابی است
🍕 شروع ایجاد آیتم غذا تست: پیتزا مرزی - قیمت: 25.99
💾 تلاش برای ذخیره آیتم غذا در پایگاه داده...
🔄 تلاش شماره 1 از 3 برای ذخیره آیتم غذا
2025-07-03 07:10:03.469 [main] DEBUG org.hibernate.SQL - 
    insert 
    into
        food_items
        (available, category, description, image_url, keywords, name, price, quantity, restaurant_id, id) 
    values
        (?, ?, ?, ?, ?, ?, ?, ?, ?, ?)
Hibernate: 
    insert 
    into
        food_items
        (available, category, description, image_url, keywords, name, price, quantity, restaurant_id, id) 
    values
        (?, ?, ?, ?, ?, ?, ?, ?, ?, ?)
✅ آیتم غذا با موفقیت ذخیره شد - ID: 5572
2025-07-03 07:10:03.470 [main] DEBUG org.hibernate.SQL - 
    select
        fi1_0.id,
        fi1_0.available,
        fi1_0.category,
        fi1_0.description,
        fi1_0.image_url,
        fi1_0.keywords,
        fi1_0.name,
        fi1_0.price,
        fi1_0.quantity,
        fi1_0.restaurant_id 
    from
        food_items fi1_0 
    where
        fi1_0.id=?
Hibernate: 
    select
        fi1_0.id,
        fi1_0.available,
        fi1_0.category,
        fi1_0.description,
        fi1_0.image_url,
        fi1_0.keywords,
        fi1_0.name,
        fi1_0.price,
        fi1_0.quantity,
        fi1_0.restaurant_id 
    from
        food_items fi1_0 
    where
        fi1_0.id=?
✅ تأیید: آیتم غذا قابل بازیابی است
2025-07-03 07:10:03.470 [main] DEBUG org.hibernate.SQL - 
    select
        r1_0.id,
        r1_0.address,
        r1_0.name,
        r1_0.owner_id,
        r1_0.phone,
        r1_0.status 
    from
        restaurants r1_0 
    where
        r1_0.id=?
Hibernate: 
    select
        r1_0.id,
        r1_0.address,
        r1_0.name,
        r1_0.owner_id,
        r1_0.phone,
        r1_0.status 
    from
        restaurants r1_0 
    where
        r1_0.id=?
2025-07-03 07:10:03.470 [main] DEBUG org.hibernate.SQL - 
    insert 
    into
        orders
        (actual_delivery_time, customer_id, delivery_address, estimated_delivery_time, notes, order_date, phone, restaurant_id, status, total_amount, id) 
    values
        (?, ?, ?, ?, ?, ?, ?, ?, ?, ?, ?)
Hibernate: 
    insert 
    into
        orders
        (actual_delivery_time, customer_id, delivery_address, estimated_delivery_time, notes, order_date, phone, restaurant_id, status, total_amount, id) 
    values
        (?, ?, ?, ?, ?, ?, ?, ?, ?, ?, ?)
🧪 تست اضافه کردن آیتم با تعداد: 100
2025-07-03 07:10:03.471 [main] DEBUG org.hibernate.SQL - 
    select
        o1_0.id,
        o1_0.actual_delivery_time,
        o1_0.customer_id,
        o1_0.delivery_address,
        o1_0.estimated_delivery_time,
        o1_0.notes,
        o1_0.order_date,
        oi1_0.order_id,
        oi1_0.id,
        oi1_0.food_item_id,
        fi1_0.id,
        fi1_0.available,
        fi1_0.category,
        fi1_0.description,
        fi1_0.image_url,
        fi1_0.keywords,
        fi1_0.name,
        fi1_0.price,
        fi1_0.quantity,
        fi1_0.restaurant_id,
        oi1_0.price,
        oi1_0.quantity,
        o1_0.phone,
        o1_0.restaurant_id,
        o1_0.status,
        o1_0.total_amount 
    from
        orders o1_0 
    left join
        order_items oi1_0 
            on o1_0.id=oi1_0.order_id 
    left join
        food_items fi1_0 
            on fi1_0.id=oi1_0.food_item_id 
    where
        o1_0.id=?
Hibernate: 
    select
        o1_0.id,
        o1_0.actual_delivery_time,
        o1_0.customer_id,
        o1_0.delivery_address,
        o1_0.estimated_delivery_time,
        o1_0.notes,
        o1_0.order_date,
        oi1_0.order_id,
        oi1_0.id,
        oi1_0.food_item_id,
        fi1_0.id,
        fi1_0.available,
        fi1_0.category,
        fi1_0.description,
        fi1_0.image_url,
        fi1_0.keywords,
        fi1_0.name,
        fi1_0.price,
        fi1_0.quantity,
        fi1_0.restaurant_id,
        oi1_0.price,
        oi1_0.quantity,
        o1_0.phone,
        o1_0.restaurant_id,
        o1_0.status,
        o1_0.total_amount 
    from
        orders o1_0 
    left join
        order_items oi1_0 
            on o1_0.id=oi1_0.order_id 
    left join
        food_items fi1_0 
            on fi1_0.id=oi1_0.food_item_id 
    where
        o1_0.id=?
2025-07-03 07:10:03.472 [main] DEBUG org.hibernate.SQL - 
    select
        fi1_0.id,
        fi1_0.available,
        fi1_0.category,
        fi1_0.description,
        fi1_0.image_url,
        fi1_0.keywords,
        fi1_0.name,
        fi1_0.price,
        fi1_0.quantity,
        fi1_0.restaurant_id 
    from
        food_items fi1_0 
    where
        fi1_0.id=?
Hibernate: 
    select
        fi1_0.id,
        fi1_0.available,
        fi1_0.category,
        fi1_0.description,
        fi1_0.image_url,
        fi1_0.keywords,
        fi1_0.name,
        fi1_0.price,
        fi1_0.quantity,
        fi1_0.restaurant_id 
    from
        food_items fi1_0 
    where
        fi1_0.id=?
2025-07-03 07:10:03.472 [main] DEBUG org.hibernate.SQL - 
    select
        o1_0.id,
        o1_0.actual_delivery_time,
        o1_0.customer_id,
        o1_0.delivery_address,
        o1_0.estimated_delivery_time,
        o1_0.notes,
        o1_0.order_date,
        o1_0.phone,
        o1_0.restaurant_id,
        o1_0.status,
        o1_0.total_amount,
        oi1_0.order_id,
        oi1_0.id,
        oi1_0.food_item_id,
        oi1_0.price,
        oi1_0.quantity 
    from
        orders o1_0 
    left join
        order_items oi1_0 
            on o1_0.id=oi1_0.order_id 
    where
        o1_0.id=?
Hibernate: 
    select
        o1_0.id,
        o1_0.actual_delivery_time,
        o1_0.customer_id,
        o1_0.delivery_address,
        o1_0.estimated_delivery_time,
        o1_0.notes,
        o1_0.order_date,
        o1_0.phone,
        o1_0.restaurant_id,
        o1_0.status,
        o1_0.total_amount,
        oi1_0.order_id,
        oi1_0.id,
        oi1_0.food_item_id,
        oi1_0.price,
        oi1_0.quantity 
    from
        orders o1_0 
    left join
        order_items oi1_0 
            on o1_0.id=oi1_0.order_id 
    where
        o1_0.id=?
2025-07-03 07:10:03.473 [main] DEBUG org.hibernate.SQL - 
    insert 
    into
        order_items
        (food_item_id, order_id, price, quantity, id) 
    values
        (?, ?, ?, ?, ?)
Hibernate: 
    insert 
    into
        order_items
        (food_item_id, order_id, price, quantity, id) 
    values
        (?, ?, ?, ?, ?)
2025-07-03 07:10:03.474 [main] DEBUG org.hibernate.SQL - 
    update
        orders 
    set
        actual_delivery_time=?,
        customer_id=?,
        delivery_address=?,
        estimated_delivery_time=?,
        notes=?,
        order_date=?,
        phone=?,
        restaurant_id=?,
        status=?,
        total_amount=? 
    where
        id=?
Hibernate: 
    update
        orders 
    set
        actual_delivery_time=?,
        customer_id=?,
        delivery_address=?,
        estimated_delivery_time=?,
        notes=?,
        order_date=?,
        phone=?,
        restaurant_id=?,
        status=?,
        total_amount=? 
    where
        id=?
2025-07-03 07:10:03.475 [main] DEBUG org.hibernate.SQL - 
    select
        o1_0.id,
        o1_0.actual_delivery_time,
        o1_0.customer_id,
        o1_0.delivery_address,
        o1_0.estimated_delivery_time,
        o1_0.notes,
        o1_0.order_date,
        oi1_0.order_id,
        oi1_0.id,
        oi1_0.food_item_id,
        fi1_0.id,
        fi1_0.available,
        fi1_0.category,
        fi1_0.description,
        fi1_0.image_url,
        fi1_0.keywords,
        fi1_0.name,
        fi1_0.price,
        fi1_0.quantity,
        fi1_0.restaurant_id,
        oi1_0.price,
        oi1_0.quantity,
        o1_0.phone,
        o1_0.restaurant_id,
        o1_0.status,
        o1_0.total_amount 
    from
        orders o1_0 
    left join
        order_items oi1_0 
            on o1_0.id=oi1_0.order_id 
    left join
        food_items fi1_0 
            on fi1_0.id=oi1_0.food_item_id 
    where
        o1_0.id=?
Hibernate: 
    select
        o1_0.id,
        o1_0.actual_delivery_time,
        o1_0.customer_id,
        o1_0.delivery_address,
        o1_0.estimated_delivery_time,
        o1_0.notes,
        o1_0.order_date,
        oi1_0.order_id,
        oi1_0.id,
        oi1_0.food_item_id,
        fi1_0.id,
        fi1_0.available,
        fi1_0.category,
        fi1_0.description,
        fi1_0.image_url,
        fi1_0.keywords,
        fi1_0.name,
        fi1_0.price,
        fi1_0.quantity,
        fi1_0.restaurant_id,
        oi1_0.price,
        oi1_0.quantity,
        o1_0.phone,
        o1_0.restaurant_id,
        o1_0.status,
        o1_0.total_amount 
    from
        orders o1_0 
    left join
        order_items oi1_0 
            on o1_0.id=oi1_0.order_id 
    left join
        food_items fi1_0 
            on fi1_0.id=oi1_0.food_item_id 
    where
        o1_0.id=?
💰 مبلغ محاسبه شده: 2599.0 (انتظار: 2599.0)
✅ تعداد 100 با موفقیت پردازش شد
🎉 تست تعداد 100 تکمیل شد
2025-07-03 07:10:03.475 [main] DEBUG org.hibernate.SQL - 
    delete 
    from
        notifications
Hibernate: 
    delete 
    from
        notifications
2025-07-03 07:10:03.476 [main] DEBUG org.hibernate.SQL - 
    delete 
    from
        ratings
Hibernate: 
    delete 
    from
        ratings
2025-07-03 07:10:03.476 [main] DEBUG org.hibernate.SQL - 
    delete 
    from
        order_items
Hibernate: 
    delete 
    from
        order_items
2025-07-03 07:10:03.476 [main] DEBUG org.hibernate.SQL - 
    delete 
    from
        orders
Hibernate: 
    delete 
    from
        orders
2025-07-03 07:10:03.476 [main] DEBUG org.hibernate.SQL - 
    delete 
    from
        food_items
Hibernate: 
    delete 
    from
        food_items
2025-07-03 07:10:03.476 [main] DEBUG org.hibernate.SQL - 
    delete 
    from
        restaurants
Hibernate: 
    delete 
    from
        restaurants
2025-07-03 07:10:03.476 [main] DEBUG org.hibernate.SQL - 
    delete 
    from
        users
Hibernate: 
    delete 
    from
        users
2025-07-03 07:10:03.477 [main] DEBUG c.myapp.common.TestDatabaseManager - Cleaned all test data from database
2025-07-03 07:10:03.477 [main] DEBUG c.myapp.common.TestDatabaseManager - Test database cleanup completed
]]></system-out>
  </testcase>
  <testcase name="extremeQuantities_BoundaryValues_HandledCorrectly(int)[3]" classname="com.myapp.order.OrderControllerIntegrationTest$EdgeCaseTests" time="0.236">
    <system-out><![CDATA[2025-07-03 07:10:03.586 [main] DEBUG org.hibernate.SQL - 
    delete 
    from
        notifications
Hibernate: 
    delete 
    from
        notifications
2025-07-03 07:10:03.586 [main] DEBUG org.hibernate.SQL - 
    delete 
    from
        ratings
Hibernate: 
    delete 
    from
        ratings
2025-07-03 07:10:03.587 [main] DEBUG org.hibernate.SQL - 
    delete 
    from
        order_items
Hibernate: 
    delete 
    from
        order_items
2025-07-03 07:10:03.587 [main] DEBUG org.hibernate.SQL - 
    delete 
    from
        orders
Hibernate: 
    delete 
    from
        orders
2025-07-03 07:10:03.587 [main] DEBUG org.hibernate.SQL - 
    delete 
    from
        food_items
Hibernate: 
    delete 
    from
        food_items
2025-07-03 07:10:03.587 [main] DEBUG org.hibernate.SQL - 
    delete 
    from
        restaurants
Hibernate: 
    delete 
    from
        restaurants
2025-07-03 07:10:03.587 [main] DEBUG org.hibernate.SQL - 
    delete 
    from
        users
Hibernate: 
    delete 
    from
        users
2025-07-03 07:10:03.588 [main] DEBUG c.myapp.common.TestDatabaseManager - Cleaned all test data from database
2025-07-03 07:10:03.588 [main] DEBUG c.myapp.common.TestDatabaseManager - Test database cleanup completed
🚀 شروع تست تعداد افراطی: 1000
🔨 شروع ایجاد کاربر تست با ایمیل: customer.extreme1000@test.com
🔄 تلاش شماره 1 از 3 برای ذخیره کاربر
2025-07-03 07:10:03.695 [main] DEBUG org.hibernate.SQL - 
    select
        u1_0.id,
        u1_0.address,
        u1_0.email,
        u1_0.full_name,
        u1_0.is_active,
        u1_0.password_hash,
        u1_0.phone,
        u1_0.role 
    from
        users u1_0 
    where
        u1_0.phone=?
Hibernate: 
    select
        u1_0.id,
        u1_0.address,
        u1_0.email,
        u1_0.full_name,
        u1_0.is_active,
        u1_0.password_hash,
        u1_0.phone,
        u1_0.role 
    from
        users u1_0 
    where
        u1_0.phone=?
2025-07-03 07:10:03.696 [main] DEBUG org.hibernate.SQL - 
    select
        next_val as id_val 
    from
        users_SEQ
Hibernate: 
    select
        next_val as id_val 
    from
        users_SEQ
2025-07-03 07:10:03.696 [main] DEBUG org.hibernate.SQL - 
    update
        users_SEQ 
    set
        next_val= ? 
    where
        next_val=?
Hibernate: 
    update
        users_SEQ 
    set
        next_val= ? 
    where
        next_val=?
2025-07-03 07:10:03.697 [main] DEBUG org.hibernate.SQL - 
    insert 
    into
        users
        (address, email, full_name, is_active, password_hash, phone, role, id) 
    values
        (?, ?, ?, ?, ?, ?, ?, ?)
Hibernate: 
    insert 
    into
        users
        (address, email, full_name, is_active, password_hash, phone, role, id) 
    values
        (?, ?, ?, ?, ?, ?, ?, ?)
✅ کاربر تست با موفقیت ذخیره شد - ID: 13552, ایمیل: customer.extreme1000@test.com
🏪 شروع ایجاد رستوران تست با نام: رستوران مرزی 1000
🔨 شروع ایجاد کاربر تست با ایمیل: restaurant.owner.1751514003698@test.com
🔄 تلاش شماره 1 از 3 برای ذخیره کاربر
2025-07-03 07:10:03.698 [main] DEBUG org.hibernate.SQL - 
    select
        u1_0.id,
        u1_0.address,
        u1_0.email,
        u1_0.full_name,
        u1_0.is_active,
        u1_0.password_hash,
        u1_0.phone,
        u1_0.role 
    from
        users u1_0 
    where
        u1_0.phone=?
Hibernate: 
    select
        u1_0.id,
        u1_0.address,
        u1_0.email,
        u1_0.full_name,
        u1_0.is_active,
        u1_0.password_hash,
        u1_0.phone,
        u1_0.role 
    from
        users u1_0 
    where
        u1_0.phone=?
2025-07-03 07:10:03.698 [main] DEBUG org.hibernate.SQL - 
    insert 
    into
        users
        (address, email, full_name, is_active, password_hash, phone, role, id) 
    values
        (?, ?, ?, ?, ?, ?, ?, ?)
Hibernate: 
    insert 
    into
        users
        (address, email, full_name, is_active, password_hash, phone, role, id) 
    values
        (?, ?, ?, ?, ?, ?, ?, ?)
✅ کاربر تست با موفقیت ذخیره شد - ID: 13553, ایمیل: restaurant.owner.1751514003698@test.com
👤 مالک رستوران ایجاد شد - ID: 13553
💾 تلاش برای ذخیره رستوران در پایگاه داده...
🔄 تلاش شماره 1 از 3 برای ذخیره رستوران
2025-07-03 07:10:03.700 [main] DEBUG org.hibernate.SQL - 
    insert 
    into
        restaurants
        (address, name, owner_id, phone, status, id) 
    values
        (?, ?, ?, ?, ?, ?)
Hibernate: 
    insert 
    into
        restaurants
        (address, name, owner_id, phone, status, id) 
    values
        (?, ?, ?, ?, ?, ?)
✅ رستوران با موفقیت ذخیره شد - ID: 2230
2025-07-03 07:10:03.701 [main] DEBUG org.hibernate.SQL - 
    select
        r1_0.id,
        r1_0.address,
        r1_0.name,
        r1_0.owner_id,
        r1_0.phone,
        r1_0.status 
    from
        restaurants r1_0 
    where
        r1_0.id=?
Hibernate: 
    select
        r1_0.id,
        r1_0.address,
        r1_0.name,
        r1_0.owner_id,
        r1_0.phone,
        r1_0.status 
    from
        restaurants r1_0 
    where
        r1_0.id=?
✅ تأیید: رستوران قابل بازیابی است
🍕 شروع ایجاد آیتم غذا تست: پیتزا مرزی - قیمت: 25.99
💾 تلاش برای ذخیره آیتم غذا در پایگاه داده...
🔄 تلاش شماره 1 از 3 برای ذخیره آیتم غذا
2025-07-03 07:10:03.701 [main] DEBUG org.hibernate.SQL - 
    insert 
    into
        food_items
        (available, category, description, image_url, keywords, name, price, quantity, restaurant_id, id) 
    values
        (?, ?, ?, ?, ?, ?, ?, ?, ?, ?)
Hibernate: 
    insert 
    into
        food_items
        (available, category, description, image_url, keywords, name, price, quantity, restaurant_id, id) 
    values
        (?, ?, ?, ?, ?, ?, ?, ?, ?, ?)
✅ آیتم غذا با موفقیت ذخیره شد - ID: 5573
2025-07-03 07:10:03.702 [main] DEBUG org.hibernate.SQL - 
    select
        fi1_0.id,
        fi1_0.available,
        fi1_0.category,
        fi1_0.description,
        fi1_0.image_url,
        fi1_0.keywords,
        fi1_0.name,
        fi1_0.price,
        fi1_0.quantity,
        fi1_0.restaurant_id 
    from
        food_items fi1_0 
    where
        fi1_0.id=?
Hibernate: 
    select
        fi1_0.id,
        fi1_0.available,
        fi1_0.category,
        fi1_0.description,
        fi1_0.image_url,
        fi1_0.keywords,
        fi1_0.name,
        fi1_0.price,
        fi1_0.quantity,
        fi1_0.restaurant_id 
    from
        food_items fi1_0 
    where
        fi1_0.id=?
✅ تأیید: آیتم غذا قابل بازیابی است
2025-07-03 07:10:03.702 [main] DEBUG org.hibernate.SQL - 
    select
        r1_0.id,
        r1_0.address,
        r1_0.name,
        r1_0.owner_id,
        r1_0.phone,
        r1_0.status 
    from
        restaurants r1_0 
    where
        r1_0.id=?
Hibernate: 
    select
        r1_0.id,
        r1_0.address,
        r1_0.name,
        r1_0.owner_id,
        r1_0.phone,
        r1_0.status 
    from
        restaurants r1_0 
    where
        r1_0.id=?
2025-07-03 07:10:03.703 [main] DEBUG org.hibernate.SQL - 
    insert 
    into
        orders
        (actual_delivery_time, customer_id, delivery_address, estimated_delivery_time, notes, order_date, phone, restaurant_id, status, total_amount, id) 
    values
        (?, ?, ?, ?, ?, ?, ?, ?, ?, ?, ?)
Hibernate: 
    insert 
    into
        orders
        (actual_delivery_time, customer_id, delivery_address, estimated_delivery_time, notes, order_date, phone, restaurant_id, status, total_amount, id) 
    values
        (?, ?, ?, ?, ?, ?, ?, ?, ?, ?, ?)
🧪 تست اضافه کردن آیتم با تعداد: 1000
2025-07-03 07:10:03.704 [main] DEBUG org.hibernate.SQL - 
    select
        o1_0.id,
        o1_0.actual_delivery_time,
        o1_0.customer_id,
        o1_0.delivery_address,
        o1_0.estimated_delivery_time,
        o1_0.notes,
        o1_0.order_date,
        oi1_0.order_id,
        oi1_0.id,
        oi1_0.food_item_id,
        fi1_0.id,
        fi1_0.available,
        fi1_0.category,
        fi1_0.description,
        fi1_0.image_url,
        fi1_0.keywords,
        fi1_0.name,
        fi1_0.price,
        fi1_0.quantity,
        fi1_0.restaurant_id,
        oi1_0.price,
        oi1_0.quantity,
        o1_0.phone,
        o1_0.restaurant_id,
        o1_0.status,
        o1_0.total_amount 
    from
        orders o1_0 
    left join
        order_items oi1_0 
            on o1_0.id=oi1_0.order_id 
    left join
        food_items fi1_0 
            on fi1_0.id=oi1_0.food_item_id 
    where
        o1_0.id=?
Hibernate: 
    select
        o1_0.id,
        o1_0.actual_delivery_time,
        o1_0.customer_id,
        o1_0.delivery_address,
        o1_0.estimated_delivery_time,
        o1_0.notes,
        o1_0.order_date,
        oi1_0.order_id,
        oi1_0.id,
        oi1_0.food_item_id,
        fi1_0.id,
        fi1_0.available,
        fi1_0.category,
        fi1_0.description,
        fi1_0.image_url,
        fi1_0.keywords,
        fi1_0.name,
        fi1_0.price,
        fi1_0.quantity,
        fi1_0.restaurant_id,
        oi1_0.price,
        oi1_0.quantity,
        o1_0.phone,
        o1_0.restaurant_id,
        o1_0.status,
        o1_0.total_amount 
    from
        orders o1_0 
    left join
        order_items oi1_0 
            on o1_0.id=oi1_0.order_id 
    left join
        food_items fi1_0 
            on fi1_0.id=oi1_0.food_item_id 
    where
        o1_0.id=?
2025-07-03 07:10:03.704 [main] DEBUG org.hibernate.SQL - 
    select
        fi1_0.id,
        fi1_0.available,
        fi1_0.category,
        fi1_0.description,
        fi1_0.image_url,
        fi1_0.keywords,
        fi1_0.name,
        fi1_0.price,
        fi1_0.quantity,
        fi1_0.restaurant_id 
    from
        food_items fi1_0 
    where
        fi1_0.id=?
Hibernate: 
    select
        fi1_0.id,
        fi1_0.available,
        fi1_0.category,
        fi1_0.description,
        fi1_0.image_url,
        fi1_0.keywords,
        fi1_0.name,
        fi1_0.price,
        fi1_0.quantity,
        fi1_0.restaurant_id 
    from
        food_items fi1_0 
    where
        fi1_0.id=?
2025-07-03 07:10:03.705 [main] DEBUG org.hibernate.SQL - 
    select
        o1_0.id,
        o1_0.actual_delivery_time,
        o1_0.customer_id,
        o1_0.delivery_address,
        o1_0.estimated_delivery_time,
        o1_0.notes,
        o1_0.order_date,
        o1_0.phone,
        o1_0.restaurant_id,
        o1_0.status,
        o1_0.total_amount,
        oi1_0.order_id,
        oi1_0.id,
        oi1_0.food_item_id,
        oi1_0.price,
        oi1_0.quantity 
    from
        orders o1_0 
    left join
        order_items oi1_0 
            on o1_0.id=oi1_0.order_id 
    where
        o1_0.id=?
Hibernate: 
    select
        o1_0.id,
        o1_0.actual_delivery_time,
        o1_0.customer_id,
        o1_0.delivery_address,
        o1_0.estimated_delivery_time,
        o1_0.notes,
        o1_0.order_date,
        o1_0.phone,
        o1_0.restaurant_id,
        o1_0.status,
        o1_0.total_amount,
        oi1_0.order_id,
        oi1_0.id,
        oi1_0.food_item_id,
        oi1_0.price,
        oi1_0.quantity 
    from
        orders o1_0 
    left join
        order_items oi1_0 
            on o1_0.id=oi1_0.order_id 
    where
        o1_0.id=?
2025-07-03 07:10:03.706 [main] DEBUG org.hibernate.SQL - 
    insert 
    into
        order_items
        (food_item_id, order_id, price, quantity, id) 
    values
        (?, ?, ?, ?, ?)
Hibernate: 
    insert 
    into
        order_items
        (food_item_id, order_id, price, quantity, id) 
    values
        (?, ?, ?, ?, ?)
2025-07-03 07:10:03.706 [main] DEBUG org.hibernate.SQL - 
    update
        orders 
    set
        actual_delivery_time=?,
        customer_id=?,
        delivery_address=?,
        estimated_delivery_time=?,
        notes=?,
        order_date=?,
        phone=?,
        restaurant_id=?,
        status=?,
        total_amount=? 
    where
        id=?
Hibernate: 
    update
        orders 
    set
        actual_delivery_time=?,
        customer_id=?,
        delivery_address=?,
        estimated_delivery_time=?,
        notes=?,
        order_date=?,
        phone=?,
        restaurant_id=?,
        status=?,
        total_amount=? 
    where
        id=?
2025-07-03 07:10:03.707 [main] DEBUG org.hibernate.SQL - 
    select
        o1_0.id,
        o1_0.actual_delivery_time,
        o1_0.customer_id,
        o1_0.delivery_address,
        o1_0.estimated_delivery_time,
        o1_0.notes,
        o1_0.order_date,
        oi1_0.order_id,
        oi1_0.id,
        oi1_0.food_item_id,
        fi1_0.id,
        fi1_0.available,
        fi1_0.category,
        fi1_0.description,
        fi1_0.image_url,
        fi1_0.keywords,
        fi1_0.name,
        fi1_0.price,
        fi1_0.quantity,
        fi1_0.restaurant_id,
        oi1_0.price,
        oi1_0.quantity,
        o1_0.phone,
        o1_0.restaurant_id,
        o1_0.status,
        o1_0.total_amount 
    from
        orders o1_0 
    left join
        order_items oi1_0 
            on o1_0.id=oi1_0.order_id 
    left join
        food_items fi1_0 
            on fi1_0.id=oi1_0.food_item_id 
    where
        o1_0.id=?
Hibernate: 
    select
        o1_0.id,
        o1_0.actual_delivery_time,
        o1_0.customer_id,
        o1_0.delivery_address,
        o1_0.estimated_delivery_time,
        o1_0.notes,
        o1_0.order_date,
        oi1_0.order_id,
        oi1_0.id,
        oi1_0.food_item_id,
        fi1_0.id,
        fi1_0.available,
        fi1_0.category,
        fi1_0.description,
        fi1_0.image_url,
        fi1_0.keywords,
        fi1_0.name,
        fi1_0.price,
        fi1_0.quantity,
        fi1_0.restaurant_id,
        oi1_0.price,
        oi1_0.quantity,
        o1_0.phone,
        o1_0.restaurant_id,
        o1_0.status,
        o1_0.total_amount 
    from
        orders o1_0 
    left join
        order_items oi1_0 
            on o1_0.id=oi1_0.order_id 
    left join
        food_items fi1_0 
            on fi1_0.id=oi1_0.food_item_id 
    where
        o1_0.id=?
💰 مبلغ محاسبه شده: 25990.0 (انتظار: 25990.0)
✅ تعداد 1000 با موفقیت پردازش شد
🎉 تست تعداد 1000 تکمیل شد
2025-07-03 07:10:03.708 [main] DEBUG org.hibernate.SQL - 
    delete 
    from
        notifications
Hibernate: 
    delete 
    from
        notifications
2025-07-03 07:10:03.708 [main] DEBUG org.hibernate.SQL - 
    delete 
    from
        ratings
Hibernate: 
    delete 
    from
        ratings
2025-07-03 07:10:03.708 [main] DEBUG org.hibernate.SQL - 
    delete 
    from
        order_items
Hibernate: 
    delete 
    from
        order_items
2025-07-03 07:10:03.708 [main] DEBUG org.hibernate.SQL - 
    delete 
    from
        orders
Hibernate: 
    delete 
    from
        orders
2025-07-03 07:10:03.708 [main] DEBUG org.hibernate.SQL - 
    delete 
    from
        food_items
Hibernate: 
    delete 
    from
        food_items
2025-07-03 07:10:03.709 [main] DEBUG org.hibernate.SQL - 
    delete 
    from
        restaurants
Hibernate: 
    delete 
    from
        restaurants
2025-07-03 07:10:03.709 [main] DEBUG org.hibernate.SQL - 
    delete 
    from
        users
Hibernate: 
    delete 
    from
        users
2025-07-03 07:10:03.710 [main] DEBUG c.myapp.common.TestDatabaseManager - Cleaned all test data from database
2025-07-03 07:10:03.710 [main] DEBUG c.myapp.common.TestDatabaseManager - Test database cleanup completed
]]></system-out>
  </testcase>
</testsuite>