<?xml version="1.0" encoding="UTF-8"?>
<testsuite xmlns:xsi="http://www.w3.org/2001/XMLSchema-instance" xsi:noNamespaceSchemaLocation="https://maven.apache.org/surefire/maven-surefire-plugin/xsd/surefire-test-report-3.0.xsd" version="3.0" name="com.myapp.common.utils.AdvancedSecurityUtilTest" time="0.088" tests="30" errors="0" skipped="0" failures="0">
  <properties>
    <property name="java.specification.version" value="17"/>
    <property name="sun.cpu.isalist" value="amd64"/>
    <property name="sun.jnu.encoding" value="Cp1252"/>
    <property name="java.class.path" value="C:\Users\USER\Desktop\work space\food-ordering-project\backend\target\test-classes;C:\Users\USER\Desktop\work space\food-ordering-project\backend\target\classes;C:\Users\USER\.m2\repository\com\h2database\h2\2.2.224\h2-2.2.224.jar;C:\Users\USER\.m2\repository\org\junit\jupiter\junit-jupiter-api\5.9.2\junit-jupiter-api-5.9.2.jar;C:\Users\USER\.m2\repository\org\opentest4j\opentest4j\1.2.0\opentest4j-1.2.0.jar;C:\Users\USER\.m2\repository\org\junit\platform\junit-platform-commons\1.9.2\junit-platform-commons-1.9.2.jar;C:\Users\USER\.m2\repository\org\apiguardian\apiguardian-api\1.1.2\apiguardian-api-1.1.2.jar;C:\Users\USER\.m2\repository\org\junit\jupiter\junit-jupiter-engine\5.9.2\junit-jupiter-engine-5.9.2.jar;C:\Users\USER\.m2\repository\org\junit\platform\junit-platform-engine\1.9.2\junit-platform-engine-1.9.2.jar;C:\Users\USER\.m2\repository\org\junit\jupiter\junit-jupiter-params\5.9.2\junit-jupiter-params-5.9.2.jar;C:\Users\USER\.m2\repository\com\fasterxml\jackson\dataformat\jackson-dataformat-yaml\2.15.2\jackson-dataformat-yaml-2.15.2.jar;C:\Users\USER\.m2\repository\org\yaml\snakeyaml\2.0\snakeyaml-2.0.jar;C:\Users\USER\.m2\repository\com\fasterxml\jackson\core\jackson-core\2.15.2\jackson-core-2.15.2.jar;C:\Users\USER\.m2\repository\com\fasterxml\jackson\core\jackson-databind\2.15.2\jackson-databind-2.15.2.jar;C:\Users\USER\.m2\repository\com\fasterxml\jackson\core\jackson-annotations\2.15.2\jackson-annotations-2.15.2.jar;C:\Users\USER\.m2\repository\com\fasterxml\jackson\datatype\jackson-datatype-jsr310\2.15.2\jackson-datatype-jsr310-2.15.2.jar;C:\Users\USER\.m2\repository\org\assertj\assertj-core\3.24.2\assertj-core-3.24.2.jar;C:\Users\USER\.m2\repository\net\bytebuddy\byte-buddy\1.12.21\byte-buddy-1.12.21.jar;C:\Users\USER\.m2\repository\org\mockito\mockito-core\5.11.0\mockito-core-5.11.0.jar;C:\Users\USER\.m2\repository\net\bytebuddy\byte-buddy-agent\1.14.12\byte-buddy-agent-1.14.12.jar;C:\Users\USER\.m2\repository\org\objenesis\objenesis\3.3\objenesis-3.3.jar;C:\Users\USER\.m2\repository\org\hibernate\orm\hibernate-core\6.4.4.Final\hibernate-core-6.4.4.Final.jar;C:\Users\USER\.m2\repository\jakarta\transaction\jakarta.transaction-api\2.0.1\jakarta.transaction-api-2.0.1.jar;C:\Users\USER\.m2\repository\org\jboss\logging\jboss-logging\3.5.0.Final\jboss-logging-3.5.0.Final.jar;C:\Users\USER\.m2\repository\org\hibernate\common\hibernate-commons-annotations\6.0.6.Final\hibernate-commons-annotations-6.0.6.Final.jar;C:\Users\USER\.m2\repository\io\smallrye\jandex\3.1.2\jandex-3.1.2.jar;C:\Users\USER\.m2\repository\com\fasterxml\classmate\1.5.1\classmate-1.5.1.jar;C:\Users\USER\.m2\repository\jakarta\xml\bind\jakarta.xml.bind-api\4.0.0\jakarta.xml.bind-api-4.0.0.jar;C:\Users\USER\.m2\repository\jakarta\activation\jakarta.activation-api\2.1.0\jakarta.activation-api-2.1.0.jar;C:\Users\USER\.m2\repository\org\glassfish\jaxb\jaxb-runtime\4.0.2\jaxb-runtime-4.0.2.jar;C:\Users\USER\.m2\repository\org\glassfish\jaxb\jaxb-core\4.0.2\jaxb-core-4.0.2.jar;C:\Users\USER\.m2\repository\org\eclipse\angus\angus-activation\2.0.0\angus-activation-2.0.0.jar;C:\Users\USER\.m2\repository\org\glassfish\jaxb\txw2\4.0.2\txw2-4.0.2.jar;C:\Users\USER\.m2\repository\com\sun\istack\istack-commons-runtime\4.1.1\istack-commons-runtime-4.1.1.jar;C:\Users\USER\.m2\repository\jakarta\inject\jakarta.inject-api\2.0.1\jakarta.inject-api-2.0.1.jar;C:\Users\USER\.m2\repository\org\antlr\antlr4-runtime\4.13.0\antlr4-runtime-4.13.0.jar;C:\Users\USER\.m2\repository\jakarta\persistence\jakarta.persistence-api\3.1.0\jakarta.persistence-api-3.1.0.jar;C:\Users\USER\.m2\repository\org\xerial\sqlite-jdbc\3.45.1.0\sqlite-jdbc-3.45.1.0.jar;C:\Users\USER\.m2\repository\org\slf4j\slf4j-api\1.7.36\slf4j-api-1.7.36.jar;C:\Users\USER\.m2\repository\org\hibernate\orm\hibernate-community-dialects\6.4.4.Final\hibernate-community-dialects-6.4.4.Final.jar;C:\Users\USER\.m2\repository\io\jsonwebtoken\jjwt-api\0.12.3\jjwt-api-0.12.3.jar;C:\Users\USER\.m2\repository\io\jsonwebtoken\jjwt-impl\0.12.3\jjwt-impl-0.12.3.jar;C:\Users\USER\.m2\repository\io\jsonwebtoken\jjwt-jackson\0.12.3\jjwt-jackson-0.12.3.jar;"/>
    <property name="java.vm.vendor" value="Eclipse Adoptium"/>
    <property name="sun.arch.data.model" value="64"/>
    <property name="user.variant" value=""/>
    <property name="java.vendor.url" value="https://adoptium.net/"/>
    <property name="user.timezone" value="Asia/Tehran"/>
    <property name="os.name" value="Windows 11"/>
    <property name="java.vm.specification.version" value="17"/>
    <property name="sun.java.launcher" value="SUN_STANDARD"/>
    <property name="user.country" value="US"/>
    <property name="sun.boot.library.path" value="C:\Program Files\Eclipse Adoptium\jdk-17.0.14.7-hotspot\bin"/>
    <property name="sun.java.command" value="C:\Users\USER\AppData\Local\Temp\surefire3605415110222879127\surefirebooter-20250701013830042_3.jar C:\Users\USER\AppData\Local\Temp\surefire3605415110222879127 2025-07-01T01-38-29_186-jvmRun1 surefire-20250701013830042_1tmp surefire_0-20250701013830042_2tmp"/>
    <property name="jdk.debug" value="release"/>
    <property name="surefire.test.class.path" value="C:\Users\USER\Desktop\work space\food-ordering-project\backend\target\test-classes;C:\Users\USER\Desktop\work space\food-ordering-project\backend\target\classes;C:\Users\USER\.m2\repository\com\h2database\h2\2.2.224\h2-2.2.224.jar;C:\Users\USER\.m2\repository\org\junit\jupiter\junit-jupiter-api\5.9.2\junit-jupiter-api-5.9.2.jar;C:\Users\USER\.m2\repository\org\opentest4j\opentest4j\1.2.0\opentest4j-1.2.0.jar;C:\Users\USER\.m2\repository\org\junit\platform\junit-platform-commons\1.9.2\junit-platform-commons-1.9.2.jar;C:\Users\USER\.m2\repository\org\apiguardian\apiguardian-api\1.1.2\apiguardian-api-1.1.2.jar;C:\Users\USER\.m2\repository\org\junit\jupiter\junit-jupiter-engine\5.9.2\junit-jupiter-engine-5.9.2.jar;C:\Users\USER\.m2\repository\org\junit\platform\junit-platform-engine\1.9.2\junit-platform-engine-1.9.2.jar;C:\Users\USER\.m2\repository\org\junit\jupiter\junit-jupiter-params\5.9.2\junit-jupiter-params-5.9.2.jar;C:\Users\USER\.m2\repository\com\fasterxml\jackson\dataformat\jackson-dataformat-yaml\2.15.2\jackson-dataformat-yaml-2.15.2.jar;C:\Users\USER\.m2\repository\org\yaml\snakeyaml\2.0\snakeyaml-2.0.jar;C:\Users\USER\.m2\repository\com\fasterxml\jackson\core\jackson-core\2.15.2\jackson-core-2.15.2.jar;C:\Users\USER\.m2\repository\com\fasterxml\jackson\core\jackson-databind\2.15.2\jackson-databind-2.15.2.jar;C:\Users\USER\.m2\repository\com\fasterxml\jackson\core\jackson-annotations\2.15.2\jackson-annotations-2.15.2.jar;C:\Users\USER\.m2\repository\com\fasterxml\jackson\datatype\jackson-datatype-jsr310\2.15.2\jackson-datatype-jsr310-2.15.2.jar;C:\Users\USER\.m2\repository\org\assertj\assertj-core\3.24.2\assertj-core-3.24.2.jar;C:\Users\USER\.m2\repository\net\bytebuddy\byte-buddy\1.12.21\byte-buddy-1.12.21.jar;C:\Users\USER\.m2\repository\org\mockito\mockito-core\5.11.0\mockito-core-5.11.0.jar;C:\Users\USER\.m2\repository\net\bytebuddy\byte-buddy-agent\1.14.12\byte-buddy-agent-1.14.12.jar;C:\Users\USER\.m2\repository\org\objenesis\objenesis\3.3\objenesis-3.3.jar;C:\Users\USER\.m2\repository\org\hibernate\orm\hibernate-core\6.4.4.Final\hibernate-core-6.4.4.Final.jar;C:\Users\USER\.m2\repository\jakarta\transaction\jakarta.transaction-api\2.0.1\jakarta.transaction-api-2.0.1.jar;C:\Users\USER\.m2\repository\org\jboss\logging\jboss-logging\3.5.0.Final\jboss-logging-3.5.0.Final.jar;C:\Users\USER\.m2\repository\org\hibernate\common\hibernate-commons-annotations\6.0.6.Final\hibernate-commons-annotations-6.0.6.Final.jar;C:\Users\USER\.m2\repository\io\smallrye\jandex\3.1.2\jandex-3.1.2.jar;C:\Users\USER\.m2\repository\com\fasterxml\classmate\1.5.1\classmate-1.5.1.jar;C:\Users\USER\.m2\repository\jakarta\xml\bind\jakarta.xml.bind-api\4.0.0\jakarta.xml.bind-api-4.0.0.jar;C:\Users\USER\.m2\repository\jakarta\activation\jakarta.activation-api\2.1.0\jakarta.activation-api-2.1.0.jar;C:\Users\USER\.m2\repository\org\glassfish\jaxb\jaxb-runtime\4.0.2\jaxb-runtime-4.0.2.jar;C:\Users\USER\.m2\repository\org\glassfish\jaxb\jaxb-core\4.0.2\jaxb-core-4.0.2.jar;C:\Users\USER\.m2\repository\org\eclipse\angus\angus-activation\2.0.0\angus-activation-2.0.0.jar;C:\Users\USER\.m2\repository\org\glassfish\jaxb\txw2\4.0.2\txw2-4.0.2.jar;C:\Users\USER\.m2\repository\com\sun\istack\istack-commons-runtime\4.1.1\istack-commons-runtime-4.1.1.jar;C:\Users\USER\.m2\repository\jakarta\inject\jakarta.inject-api\2.0.1\jakarta.inject-api-2.0.1.jar;C:\Users\USER\.m2\repository\org\antlr\antlr4-runtime\4.13.0\antlr4-runtime-4.13.0.jar;C:\Users\USER\.m2\repository\jakarta\persistence\jakarta.persistence-api\3.1.0\jakarta.persistence-api-3.1.0.jar;C:\Users\USER\.m2\repository\org\xerial\sqlite-jdbc\3.45.1.0\sqlite-jdbc-3.45.1.0.jar;C:\Users\USER\.m2\repository\org\slf4j\slf4j-api\1.7.36\slf4j-api-1.7.36.jar;C:\Users\USER\.m2\repository\org\hibernate\orm\hibernate-community-dialects\6.4.4.Final\hibernate-community-dialects-6.4.4.Final.jar;C:\Users\USER\.m2\repository\io\jsonwebtoken\jjwt-api\0.12.3\jjwt-api-0.12.3.jar;C:\Users\USER\.m2\repository\io\jsonwebtoken\jjwt-impl\0.12.3\jjwt-impl-0.12.3.jar;C:\Users\USER\.m2\repository\io\jsonwebtoken\jjwt-jackson\0.12.3\jjwt-jackson-0.12.3.jar;"/>
    <property name="sun.cpu.endian" value="little"/>
    <property name="user.home" value="C:\Users\USER"/>
    <property name="user.language" value="en"/>
    <property name="java.specification.vendor" value="Oracle Corporation"/>
    <property name="java.version.date" value="2025-01-21"/>
    <property name="java.home" value="C:\Program Files\Eclipse Adoptium\jdk-17.0.14.7-hotspot"/>
    <property name="file.separator" value="\"/>
    <property name="basedir" value="C:\Users\USER\Desktop\work space\food-ordering-project\backend"/>
    <property name="java.vm.compressedOopsMode" value="Zero based"/>
    <property name="line.separator" value="&#10;"/>
    <property name="java.vm.specification.vendor" value="Oracle Corporation"/>
    <property name="java.specification.name" value="Java Platform API Specification"/>
    <property name="java.awt.headless" value="true"/>
    <property name="surefire.real.class.path" value="C:\Users\USER\AppData\Local\Temp\surefire3605415110222879127\surefirebooter-20250701013830042_3.jar"/>
    <property name="user.script" value=""/>
    <property name="sun.management.compiler" value="HotSpot 64-Bit Tiered Compilers"/>
    <property name="java.runtime.version" value="17.0.14+7"/>
    <property name="user.name" value="USER"/>
    <property name="path.separator" value=";"/>
    <property name="os.version" value="10.0"/>
    <property name="java.runtime.name" value="OpenJDK Runtime Environment"/>
    <property name="file.encoding" value="Cp1252"/>
    <property name="java.vm.name" value="OpenJDK 64-Bit Server VM"/>
    <property name="java.vendor.version" value="Temurin-17.0.14+7"/>
    <property name="localRepository" value="C:\Users\USER\.m2\repository"/>
    <property name="java.vendor.url.bug" value="https://github.com/adoptium/adoptium-support/issues"/>
    <property name="java.io.tmpdir" value="C:\Users\USER\AppData\Local\Temp\"/>
    <property name="java.version" value="17.0.14"/>
    <property name="user.dir" value="C:\Users\USER\Desktop\work space\food-ordering-project\backend"/>
    <property name="os.arch" value="amd64"/>
    <property name="java.vm.specification.name" value="Java Virtual Machine Specification"/>
    <property name="test.comprehensive" value="true"/>
    <property name="sun.os.patch.level" value=""/>
    <property name="native.encoding" value="Cp1252"/>
    <property name="java.library.path" value="C:\Program Files\Eclipse Adoptium\jdk-17.0.14.7-hotspot\bin;C:\WINDOWS\Sun\Java\bin;C:\WINDOWS\system32;C:\WINDOWS;C:\Program Files\Common Files\Oracle\Java\javapath;C:\Program Files\Eclipse Adoptium\jdk-17.0.14.7-hotspot\bin;C:\Windows\system32;C:\Windows;C:\Windows\System32\Wbem;C:\Windows\System32\WindowsPowerShell\v1.0\;C:\Windows\System32\OpenSSH\;C:\Program Files (x86)\NVIDIA Corporation\PhysX\Common;C:\Program Files\dotnet\;C:\Program Files (x86)\AOMEI;C:\WINDOWS\system32;C:\WINDOWS;C:\WINDOWS\System32\Wbem;C:\WINDOWS\System32\WindowsPowerShell\v1.0\;C:\WINDOWS\System32\OpenSSH\;C:\Program Files\Microsoft VS Code\bin;C:\mingw64\mingw64\bin;C:\raylib-master\src;C:\Program Files\Git\cmd;C:\Program Files\Redis\;C:\Users\USER\AppData\Local\Programs\Python\Python313\Scripts\;C:\Users\USER\AppData\Local\Programs\Python\Python313\;C:\Users\USER\AppData\Local\Programs\Python\Launcher\;C:\Users\USER\AppData\Local\Programs\Python\Python312\Scripts\;C:\Users\USER\AppData\Local\Programs\Python\Python312\;C:\Users\USER\AppData\Local\Microsoft\WindowsApps;C:\mingw64\mingw64\bin;C:\raylib-master\src;C:\Program Files\Java\jdk-23\bin;C:\modeltech64_2020.4\win64;C:\apache-maven\apache-maven-3.9.9\bin;C:\Program Files\JetBrains\IntelliJ IDEA 2025.1.1.1\bin;;C:\Users\USER\AppData\Local\Programs\cursor\resources\app\bin;;."/>
    <property name="java.vm.info" value="mixed mode, sharing"/>
    <property name="java.vendor" value="Eclipse Adoptium"/>
    <property name="java.vm.version" value="17.0.14+7"/>
    <property name="java.specification.maintenance.version" value="1"/>
    <property name="sun.io.unicode.encoding" value="UnicodeLittle"/>
    <property name="java.class.version" value="61.0"/>
  </properties>
  <testcase name="securityOperations_shouldBePerformant" classname="com.myapp.common.utils.AdvancedSecurityUtilTest" time="0.016">
    <system-out><![CDATA[🔒 Security Event: [2025-07-01T01:39:09.599865] INFO - SESSION_CREATED (1751321349717) - New session created
🔒 Security Event: [2025-07-01T01:39:09.6008661] INFO - SESSION_REMOVED (1751321349717) - Session removed
]]></system-out>
  </testcase>
  <testcase name="securityOperations_shouldBePerformant" classname="com.myapp.common.utils.AdvancedSecurityUtilTest" time="0.001">
    <system-out><![CDATA[🔒 Security Event: [2025-07-01T01:39:09.6028645] INFO - SESSION_CREATED (1751321349725) - New session created
🔒 Security Event: [2025-07-01T01:39:09.6028645] INFO - SESSION_REMOVED (1751321349725) - Session removed
]]></system-out>
  </testcase>
  <testcase name="securityOperations_shouldBePerformant" classname="com.myapp.common.utils.AdvancedSecurityUtilTest" time="0.001">
    <system-out><![CDATA[🔒 Security Event: [2025-07-01T01:39:09.6038669] INFO - SESSION_CREATED (1751321349726) - New session created
🔒 Security Event: [2025-07-01T01:39:09.6048656] INFO - SESSION_REMOVED (1751321349726) - Session removed
]]></system-out>
  </testcase>
  <testcase name="securityOperations_shouldBePerformant" classname="com.myapp.common.utils.AdvancedSecurityUtilTest" time="0.001">
    <system-out><![CDATA[🔒 Security Event: [2025-07-01T01:39:09.6058679] INFO - SESSION_CREATED (1751321349727) - New session created
🔒 Security Event: [2025-07-01T01:39:09.6058679] INFO - SESSION_REMOVED (1751321349727) - Session removed
]]></system-out>
  </testcase>
  <testcase name="securityOperations_shouldBePerformant" classname="com.myapp.common.utils.AdvancedSecurityUtilTest" time="0.002">
    <system-out><![CDATA[🔒 Security Event: [2025-07-01T01:39:09.6078751] INFO - SESSION_CREATED (1751321349730) - New session created
🔒 Security Event: [2025-07-01T01:39:09.6078751] INFO - SESSION_REMOVED (1751321349730) - Session removed
]]></system-out>
  </testcase>
  <testcase name="hashWithSalt_shouldRejectNullInputs" classname="com.myapp.common.utils.AdvancedSecurityUtilTest" time="0.003"/>
  <testcase name="sessionValidation_shouldWorkCorrectly" classname="com.myapp.common.utils.AdvancedSecurityUtilTest" time="0.001">
    <system-out><![CDATA[✅ Testing session validation...
🔒 Security Event: [2025-07-01T01:39:09.6128674] INFO - SESSION_CREATED (123) - New session created
🔒 Security Event: [2025-07-01T01:39:09.6128674] INFO - SESSION_REMOVED (123) - Session removed
✅ Session validation test passed
]]></system-out>
  </testcase>
  <testcase name="threatDetection_shouldHandleNullInputs" classname="com.myapp.common.utils.AdvancedSecurityUtilTest" time="0"/>
  <testcase name="passwordHashing_shouldWorkCorrectly" classname="com.myapp.common.utils.AdvancedSecurityUtilTest" time="0.001">
    <system-out><![CDATA[🔐 Testing password hashing...
✅ Password hashing test passed
]]></system-out>
  </testcase>
  <testcase name="sessionLimit_shouldBeEnforced" classname="com.myapp.common.utils.AdvancedSecurityUtilTest" time="0.004">
    <system-out><![CDATA[🚫 Testing session limit enforcement...
🔒 Security Event: [2025-07-01T01:39:09.6158677] INFO - SESSION_CREATED (123) - New session created
🔒 Security Event: [2025-07-01T01:39:09.6178668] INFO - SESSION_CREATED (123) - New session created
🔒 Security Event: [2025-07-01T01:39:09.6178668] INFO - SESSION_CREATED (123) - New session created
🔒 Security Event: [2025-07-01T01:39:09.6178668] INFO - SESSION_CREATED (123) - New session created
🔒 Security Event: [2025-07-01T01:39:09.6188663] INFO - SESSION_CREATED (123) - New session created
🔒 Security Event: [2025-07-01T01:39:09.6188663] WARNING - SESSION_LIMIT_EXCEEDED (123) - User exceeded maximum session limit
🔒 Security Event: [2025-07-01T01:39:09.6188663] INFO - SESSION_REMOVED (123) - Session removed
🔒 Security Event: [2025-07-01T01:39:09.6188663] INFO - SESSION_REMOVED (123) - Session removed
🔒 Security Event: [2025-07-01T01:39:09.6188663] INFO - SESSION_REMOVED (123) - Session removed
🔒 Security Event: [2025-07-01T01:39:09.6188663] INFO - SESSION_REMOVED (123) - Session removed
🔒 Security Event: [2025-07-01T01:39:09.6188663] INFO - SESSION_REMOVED (123) - Session removed
✅ Session limit enforcement test passed
]]></system-out>
  </testcase>
  <testcase name="sessionCreation_shouldWorkCorrectly" classname="com.myapp.common.utils.AdvancedSecurityUtilTest" time="0">
    <system-out><![CDATA[🔄 Testing session creation...
🔒 Security Event: [2025-07-01T01:39:09.6198764] INFO - SESSION_CREATED (123) - New session created
🔒 Security Event: [2025-07-01T01:39:09.6198764] INFO - SESSION_REMOVED (123) - Session removed
✅ Session creation test passed
]]></system-out>
  </testcase>
  <testcase name="securityEvent_shouldHaveCorrectProperties" classname="com.myapp.common.utils.AdvancedSecurityUtilTest" time="0.001">
    <system-out><![CDATA[📋 Testing security event properties...
🔒 Security Event: [2025-07-01T01:39:09.6208786] WARNING - LOGIN_ATTEMPT (192.168.1.100) - User login attempt
✅ Security event properties test passed
]]></system-out>
  </testcase>
  <testcase name="pathTraversalDetection_shouldWork" classname="com.myapp.common.utils.AdvancedSecurityUtilTest" time="0.007">
    <system-out><![CDATA[🛡️ Testing path traversal detection...
🔒 Security Event: [2025-07-01T01:39:09.6288766] HIGH - THREAT_DETECTED (192.168.1.100) - Security threat detected: PATH_TRAVERSAL
🔒 Security Event: [2025-07-01T01:39:09.6288766] HIGH - THREAT_DETECTED (192.168.1.100) - Security threat detected: PATH_TRAVERSAL
🔒 Security Event: [2025-07-01T01:39:09.6288766] HIGH - THREAT_DETECTED (192.168.1.100) - Security threat detected: PATH_TRAVERSAL
🔒 Security Event: [2025-07-01T01:39:09.6288766] HIGH - THREAT_DETECTED (192.168.1.100) - Security threat detected: PATH_TRAVERSAL
✅ Path traversal detection test passed
]]></system-out>
  </testcase>
  <testcase name="sessionRemoval_shouldWorkCorrectly" classname="com.myapp.common.utils.AdvancedSecurityUtilTest" time="0.001">
    <system-out><![CDATA[🗑️ Testing session removal...
🔒 Security Event: [2025-07-01T01:39:09.6298764] INFO - SESSION_CREATED (123) - New session created
🔒 Security Event: [2025-07-01T01:39:09.6308795] INFO - SESSION_REMOVED (123) - Session removed
✅ Session removal test passed
]]></system-out>
  </testcase>
  <testcase name="shouldHandleConcurrentOperations" classname="com.myapp.common.utils.AdvancedSecurityUtilTest" time="0.007">
    <system-out><![CDATA[🔄 Testing concurrent operations...
🔒 Security Event: [2025-07-01T01:39:09.6360042] INFO - SESSION_CREATED (1123) - New session created
🔒 Security Event: [2025-07-01T01:39:09.6360042] INFO - SESSION_CREATED (1124) - New session created
🔒 Security Event: [2025-07-01T01:39:09.6360042] INFO - SESSION_REMOVED (1123) - Session removed
🔒 Security Event: [2025-07-01T01:39:09.6370036] INFO - SESSION_REMOVED (1124) - Session removed
🔒 Security Event: [2025-07-01T01:39:09.6370036] INFO - SESSION_CREATED (1125) - New session created
🔒 Security Event: [2025-07-01T01:39:09.6370036] INFO - SESSION_REMOVED (1125) - Session removed
✅ Concurrent operations test passed
]]></system-out>
  </testcase>
  <testcase name="threatStatistics_shouldBeAccurate" classname="com.myapp.common.utils.AdvancedSecurityUtilTest" time="0.005">
    <system-out><![CDATA[📊 Testing threat statistics...
🔒 Security Event: [2025-07-01T01:39:09.6410089] HIGH - THREAT_DETECTED (192.168.1.100) - Security threat detected: SQL_INJECTION
🔒 Security Event: [2025-07-01T01:39:09.6420055] HIGH - THREAT_DETECTED (192.168.1.100) - Security threat detected: XSS
🔒 Security Event: [2025-07-01T01:39:09.6420055] HIGH - THREAT_DETECTED (192.168.1.100) - Security threat detected: PATH_TRAVERSAL
✅ Threat statistics test passed
]]></system-out>
  </testcase>
  <testcase name="xssDetection_shouldWork" classname="com.myapp.common.utils.AdvancedSecurityUtilTest" time="0.001">
    <system-out><![CDATA[🛡️ Testing XSS detection...
🔒 Security Event: [2025-07-01T01:39:09.6450041] HIGH - THREAT_DETECTED (192.168.1.100) - Security threat detected: XSS
🔒 Security Event: [2025-07-01T01:39:09.6450041] HIGH - THREAT_DETECTED (192.168.1.100) - Security threat detected: XSS
🔒 Security Event: [2025-07-01T01:39:09.6450041] HIGH - THREAT_DETECTED (192.168.1.100) - Security threat detected: XSS
🔒 Security Event: [2025-07-01T01:39:09.6450041] HIGH - THREAT_DETECTED (192.168.1.100) - Security threat detected: XSS
✅ XSS detection test passed
]]></system-out>
  </testcase>
  <testcase name="sqlInjectionDetection_shouldWork" classname="com.myapp.common.utils.AdvancedSecurityUtilTest" time="0.001">
    <system-out><![CDATA[🛡️ Testing SQL injection detection...
🔒 Security Event: [2025-07-01T01:39:09.6460071] HIGH - THREAT_DETECTED (192.168.1.100) - Security threat detected: SQL_INJECTION
🔒 Security Event: [2025-07-01T01:39:09.6460071] HIGH - THREAT_DETECTED (192.168.1.100) - Security threat detected: SQL_INJECTION
🔒 Security Event: [2025-07-01T01:39:09.6460071] HIGH - THREAT_DETECTED (192.168.1.100) - Security threat detected: SQL_INJECTION
🔒 Security Event: [2025-07-01T01:39:09.6460071] HIGH - THREAT_DETECTED (192.168.1.100) - Security threat detected: SQL_INJECTION
🔒 Security Event: [2025-07-01T01:39:09.6460071] HIGH - THREAT_DETECTED (192.168.1.100) - Security threat detected: SQL_INJECTION
✅ SQL injection detection test passed
]]></system-out>
  </testcase>
  <testcase name="secureKeyGeneration_shouldWork" classname="com.myapp.common.utils.AdvancedSecurityUtilTest" time="0.001">
    <system-out><![CDATA[🔑 Testing secure key generation...
✅ Secure key generation test passed
]]></system-out>
  </testcase>
  <testcase name="passwordHashing_shouldRejectInvalidPasswords(String)[1]" classname="com.myapp.common.utils.AdvancedSecurityUtilTest" time="0.003"/>
  <testcase name="passwordHashing_shouldRejectInvalidPasswords(String)[2]" classname="com.myapp.common.utils.AdvancedSecurityUtilTest" time="0"/>
  <testcase name="passwordHashing_shouldRejectInvalidPasswords(String)[3]" classname="com.myapp.common.utils.AdvancedSecurityUtilTest" time="0.001"/>
  <testcase name="passwordHashing_shouldRejectInvalidPasswords(String)[4]" classname="com.myapp.common.utils.AdvancedSecurityUtilTest" time="0.001"/>
  <testcase name="dataCleanup_shouldWorkCorrectly" classname="com.myapp.common.utils.AdvancedSecurityUtilTest" time="0.001">
    <system-out><![CDATA[🧹 Testing data cleanup...
🔒 Security Event: [2025-07-01T01:39:09.6590058] INFO - SESSION_CREATED (123) - New session created
🔒 Security Event: [2025-07-01T01:39:09.6590058] INFO - TEST (192.168.1.100) - Test event
🔒 Security Event: [2025-07-01T01:39:09.6590058] INFO - SESSION_REMOVED (123) - Session removed
✅ Data cleanup test passed
]]></system-out>
  </testcase>
  <testcase name="hashWithSalt_shouldWorkConsistently" classname="com.myapp.common.utils.AdvancedSecurityUtilTest" time="0">
    <system-out><![CDATA[🔒 Testing hash with salt consistency...
✅ Hash with salt consistency test passed
]]></system-out>
  </testcase>
  <testcase name="securityEventLogging_shouldWork" classname="com.myapp.common.utils.AdvancedSecurityUtilTest" time="0.001">
    <system-out><![CDATA[📝 Testing security event logging...
🔒 Security Event: [2025-07-01T01:39:09.6610076] INFO - TEST_EVENT (192.168.1.100) - Test event description
✅ Security event logging test passed
]]></system-out>
  </testcase>
  <testcase name="sessionCreation_shouldRejectNullUserId" classname="com.myapp.common.utils.AdvancedSecurityUtilTest" time="0.001"/>
  <testcase name="secureFilenameValidation_shouldWork" classname="com.myapp.common.utils.AdvancedSecurityUtilTest" time="0.001">
    <system-out><![CDATA[📁 Testing secure filename validation...
✅ Secure filename validation test passed
]]></system-out>
  </testcase>
  <testcase name="saltGeneration_shouldCreateUniqueSalts" classname="com.myapp.common.utils.AdvancedSecurityUtilTest" time="0.001">
    <system-out><![CDATA[🧂 Testing salt generation...
✅ Salt generation test passed
]]></system-out>
  </testcase>
  <testcase name="shouldHandleEdgeCasesGracefully" classname="com.myapp.common.utils.AdvancedSecurityUtilTest" time="0.004">
    <system-out><![CDATA[🔍 Testing edge cases...
✅ Edge cases test passed
]]></system-out>
  </testcase>
</testsuite>