<?xml version="1.0" encoding="UTF-8"?>
<testsuite xmlns:xsi="http://www.w3.org/2001/XMLSchema-instance" xsi:noNamespaceSchemaLocation="https://maven.apache.org/surefire/maven-surefire-plugin/xsd/surefire-test-report-3.0.xsd" version="3.0" name="com.myapp.ui.auth.ProfileControllerTest" time="10.33" tests="25" errors="0" skipped="0" failures="0">
  <properties>
    <property name="java.specification.version" value="17"/>
    <property name="javafx.runtime.version" value="12.0.1+2"/>
    <property name="sun.cpu.isalist" value="amd64"/>
    <property name="sun.jnu.encoding" value="Cp1252"/>
    <property name="java.class.path" value="C:\Users\USER\Desktop\work space\food-ordering-project\frontend-javafx\target\test-classes;C:\Users\USER\Desktop\work space\food-ordering-project\frontend-javafx\target\classes;C:\Users\USER\.m2\repository\org\openjfx\javafx-controls\17.0.2\javafx-controls-17.0.2.jar;C:\Users\USER\.m2\repository\org\openjfx\javafx-controls\17.0.2\javafx-controls-17.0.2-win.jar;C:\Users\USER\.m2\repository\org\openjfx\javafx-graphics\17.0.2\javafx-graphics-17.0.2.jar;C:\Users\USER\.m2\repository\org\openjfx\javafx-graphics\17.0.2\javafx-graphics-17.0.2-win.jar;C:\Users\USER\.m2\repository\org\openjfx\javafx-fxml\17.0.2\javafx-fxml-17.0.2.jar;C:\Users\USER\.m2\repository\org\openjfx\javafx-fxml\17.0.2\javafx-fxml-17.0.2-win.jar;C:\Users\USER\.m2\repository\com\squareup\okhttp3\okhttp\4.11.0\okhttp-4.11.0.jar;C:\Users\USER\.m2\repository\com\squareup\okio\okio\3.2.0\okio-3.2.0.jar;C:\Users\USER\.m2\repository\com\squareup\okio\okio-jvm\3.2.0\okio-jvm-3.2.0.jar;C:\Users\USER\.m2\repository\org\jetbrains\kotlin\kotlin-stdlib\1.6.20\kotlin-stdlib-1.6.20.jar;C:\Users\USER\.m2\repository\org\jetbrains\kotlin\kotlin-stdlib-common\1.6.20\kotlin-stdlib-common-1.6.20.jar;C:\Users\USER\.m2\repository\org\jetbrains\annotations\13.0\annotations-13.0.jar;C:\Users\USER\.m2\repository\org\jetbrains\kotlin\kotlin-stdlib-jdk8\1.6.20\kotlin-stdlib-jdk8-1.6.20.jar;C:\Users\USER\.m2\repository\org\jetbrains\kotlin\kotlin-stdlib-jdk7\1.6.20\kotlin-stdlib-jdk7-1.6.20.jar;C:\Users\USER\.m2\repository\com\fasterxml\jackson\core\jackson-databind\2.15.2\jackson-databind-2.15.2.jar;C:\Users\USER\.m2\repository\com\fasterxml\jackson\core\jackson-annotations\2.15.2\jackson-annotations-2.15.2.jar;C:\Users\USER\.m2\repository\com\fasterxml\jackson\core\jackson-core\2.15.2\jackson-core-2.15.2.jar;C:\Users\USER\.m2\repository\com\fasterxml\jackson\datatype\jackson-datatype-jsr310\2.15.2\jackson-datatype-jsr310-2.15.2.jar;C:\Users\USER\.m2\repository\org\junit\jupiter\junit-jupiter-api\5.9.2\junit-jupiter-api-5.9.2.jar;C:\Users\USER\.m2\repository\org\opentest4j\opentest4j\1.2.0\opentest4j-1.2.0.jar;C:\Users\USER\.m2\repository\org\junit\platform\junit-platform-commons\1.9.2\junit-platform-commons-1.9.2.jar;C:\Users\USER\.m2\repository\org\apiguardian\apiguardian-api\1.1.2\apiguardian-api-1.1.2.jar;C:\Users\USER\.m2\repository\org\junit\jupiter\junit-jupiter-engine\5.9.2\junit-jupiter-engine-5.9.2.jar;C:\Users\USER\.m2\repository\org\junit\platform\junit-platform-engine\1.9.2\junit-platform-engine-1.9.2.jar;C:\Users\USER\.m2\repository\org\junit\jupiter\junit-jupiter-params\5.9.2\junit-jupiter-params-5.9.2.jar;C:\Users\USER\.m2\repository\org\junit\platform\junit-platform-suite-api\1.9.2\junit-platform-suite-api-1.9.2.jar;C:\Users\USER\.m2\repository\org\junit\platform\junit-platform-suite-engine\1.9.2\junit-platform-suite-engine-1.9.2.jar;C:\Users\USER\.m2\repository\org\junit\platform\junit-platform-suite-commons\1.9.2\junit-platform-suite-commons-1.9.2.jar;C:\Users\USER\.m2\repository\org\junit\platform\junit-platform-launcher\1.9.2\junit-platform-launcher-1.9.2.jar;C:\Users\USER\.m2\repository\org\testfx\testfx-core\4.0.16-alpha\testfx-core-4.0.16-alpha.jar;C:\Users\USER\.m2\repository\org\hamcrest\hamcrest-core\1.3\hamcrest-core-1.3.jar;C:\Users\USER\.m2\repository\org\testfx\testfx-junit5\4.0.16-alpha\testfx-junit5-4.0.16-alpha.jar;C:\Users\USER\.m2\repository\org\assertj\assertj-core\3.24.2\assertj-core-3.24.2.jar;C:\Users\USER\.m2\repository\net\bytebuddy\byte-buddy\1.12.21\byte-buddy-1.12.21.jar;C:\Users\USER\.m2\repository\org\mockito\mockito-core\5.11.0\mockito-core-5.11.0.jar;C:\Users\USER\.m2\repository\net\bytebuddy\byte-buddy-agent\1.14.12\byte-buddy-agent-1.14.12.jar;C:\Users\USER\.m2\repository\org\objenesis\objenesis\3.3\objenesis-3.3.jar;C:\Users\USER\.m2\repository\org\testfx\openjfx-monocle\jdk-12.0.1+2\openjfx-monocle-jdk-12.0.1+2.jar;C:\Users\USER\.m2\repository\org\openjfx\javafx-base\12.0.1\javafx-base-12.0.1.jar;C:\Users\USER\.m2\repository\org\openjfx\javafx-base\12.0.1\javafx-base-12.0.1-win.jar;"/>
    <property name="java.vm.vendor" value="Eclipse Adoptium"/>
    <property name="sun.arch.data.model" value="64"/>
    <property name="user.variant" value=""/>
    <property name="java.vendor.url" value="https://adoptium.net/"/>
    <property name="user.timezone" value="Asia/Tehran"/>
    <property name="javafx.version" value="12.0.1"/>
    <property name="os.name" value="Windows 11"/>
    <property name="java.vm.specification.version" value="17"/>
    <property name="prism.text" value="t2k"/>
    <property name="sun.java.launcher" value="SUN_STANDARD"/>
    <property name="user.country" value="US"/>
    <property name="sun.boot.library.path" value="C:\Program Files\Eclipse Adoptium\jdk-17.0.14.7-hotspot\bin"/>
    <property name="sun.java.command" value="C:\Users\USER\AppData\Local\Temp\surefire9462315411479609545\surefirebooter-20250701002604103_3.jar C:\Users\USER\AppData\Local\Temp\surefire9462315411479609545 2025-07-01T00-26-03_199-jvmRun1 surefire-20250701002604103_1tmp surefire_0-20250701002604103_2tmp"/>
    <property name="jdk.debug" value="release"/>
    <property name="surefire.test.class.path" value="C:\Users\USER\Desktop\work space\food-ordering-project\frontend-javafx\target\test-classes;C:\Users\USER\Desktop\work space\food-ordering-project\frontend-javafx\target\classes;C:\Users\USER\.m2\repository\org\openjfx\javafx-controls\17.0.2\javafx-controls-17.0.2.jar;C:\Users\USER\.m2\repository\org\openjfx\javafx-controls\17.0.2\javafx-controls-17.0.2-win.jar;C:\Users\USER\.m2\repository\org\openjfx\javafx-graphics\17.0.2\javafx-graphics-17.0.2.jar;C:\Users\USER\.m2\repository\org\openjfx\javafx-graphics\17.0.2\javafx-graphics-17.0.2-win.jar;C:\Users\USER\.m2\repository\org\openjfx\javafx-fxml\17.0.2\javafx-fxml-17.0.2.jar;C:\Users\USER\.m2\repository\org\openjfx\javafx-fxml\17.0.2\javafx-fxml-17.0.2-win.jar;C:\Users\USER\.m2\repository\com\squareup\okhttp3\okhttp\4.11.0\okhttp-4.11.0.jar;C:\Users\USER\.m2\repository\com\squareup\okio\okio\3.2.0\okio-3.2.0.jar;C:\Users\USER\.m2\repository\com\squareup\okio\okio-jvm\3.2.0\okio-jvm-3.2.0.jar;C:\Users\USER\.m2\repository\org\jetbrains\kotlin\kotlin-stdlib\1.6.20\kotlin-stdlib-1.6.20.jar;C:\Users\USER\.m2\repository\org\jetbrains\kotlin\kotlin-stdlib-common\1.6.20\kotlin-stdlib-common-1.6.20.jar;C:\Users\USER\.m2\repository\org\jetbrains\annotations\13.0\annotations-13.0.jar;C:\Users\USER\.m2\repository\org\jetbrains\kotlin\kotlin-stdlib-jdk8\1.6.20\kotlin-stdlib-jdk8-1.6.20.jar;C:\Users\USER\.m2\repository\org\jetbrains\kotlin\kotlin-stdlib-jdk7\1.6.20\kotlin-stdlib-jdk7-1.6.20.jar;C:\Users\USER\.m2\repository\com\fasterxml\jackson\core\jackson-databind\2.15.2\jackson-databind-2.15.2.jar;C:\Users\USER\.m2\repository\com\fasterxml\jackson\core\jackson-annotations\2.15.2\jackson-annotations-2.15.2.jar;C:\Users\USER\.m2\repository\com\fasterxml\jackson\core\jackson-core\2.15.2\jackson-core-2.15.2.jar;C:\Users\USER\.m2\repository\com\fasterxml\jackson\datatype\jackson-datatype-jsr310\2.15.2\jackson-datatype-jsr310-2.15.2.jar;C:\Users\USER\.m2\repository\org\junit\jupiter\junit-jupiter-api\5.9.2\junit-jupiter-api-5.9.2.jar;C:\Users\USER\.m2\repository\org\opentest4j\opentest4j\1.2.0\opentest4j-1.2.0.jar;C:\Users\USER\.m2\repository\org\junit\platform\junit-platform-commons\1.9.2\junit-platform-commons-1.9.2.jar;C:\Users\USER\.m2\repository\org\apiguardian\apiguardian-api\1.1.2\apiguardian-api-1.1.2.jar;C:\Users\USER\.m2\repository\org\junit\jupiter\junit-jupiter-engine\5.9.2\junit-jupiter-engine-5.9.2.jar;C:\Users\USER\.m2\repository\org\junit\platform\junit-platform-engine\1.9.2\junit-platform-engine-1.9.2.jar;C:\Users\USER\.m2\repository\org\junit\jupiter\junit-jupiter-params\5.9.2\junit-jupiter-params-5.9.2.jar;C:\Users\USER\.m2\repository\org\junit\platform\junit-platform-suite-api\1.9.2\junit-platform-suite-api-1.9.2.jar;C:\Users\USER\.m2\repository\org\junit\platform\junit-platform-suite-engine\1.9.2\junit-platform-suite-engine-1.9.2.jar;C:\Users\USER\.m2\repository\org\junit\platform\junit-platform-suite-commons\1.9.2\junit-platform-suite-commons-1.9.2.jar;C:\Users\USER\.m2\repository\org\junit\platform\junit-platform-launcher\1.9.2\junit-platform-launcher-1.9.2.jar;C:\Users\USER\.m2\repository\org\testfx\testfx-core\4.0.16-alpha\testfx-core-4.0.16-alpha.jar;C:\Users\USER\.m2\repository\org\hamcrest\hamcrest-core\1.3\hamcrest-core-1.3.jar;C:\Users\USER\.m2\repository\org\testfx\testfx-junit5\4.0.16-alpha\testfx-junit5-4.0.16-alpha.jar;C:\Users\USER\.m2\repository\org\assertj\assertj-core\3.24.2\assertj-core-3.24.2.jar;C:\Users\USER\.m2\repository\net\bytebuddy\byte-buddy\1.12.21\byte-buddy-1.12.21.jar;C:\Users\USER\.m2\repository\org\mockito\mockito-core\5.11.0\mockito-core-5.11.0.jar;C:\Users\USER\.m2\repository\net\bytebuddy\byte-buddy-agent\1.14.12\byte-buddy-agent-1.14.12.jar;C:\Users\USER\.m2\repository\org\objenesis\objenesis\3.3\objenesis-3.3.jar;C:\Users\USER\.m2\repository\org\testfx\openjfx-monocle\jdk-12.0.1+2\openjfx-monocle-jdk-12.0.1+2.jar;C:\Users\USER\.m2\repository\org\openjfx\javafx-base\12.0.1\javafx-base-12.0.1.jar;C:\Users\USER\.m2\repository\org\openjfx\javafx-base\12.0.1\javafx-base-12.0.1-win.jar;"/>
    <property name="sun.cpu.endian" value="little"/>
    <property name="user.home" value="C:\Users\USER"/>
    <property name="user.language" value="en"/>
    <property name="java.specification.vendor" value="Oracle Corporation"/>
    <property name="java.version.date" value="2025-01-21"/>
    <property name="java.home" value="C:\Program Files\Eclipse Adoptium\jdk-17.0.14.7-hotspot"/>
    <property name="file.separator" value="\"/>
    <property name="basedir" value="C:\Users\USER\Desktop\work space\food-ordering-project\frontend-javafx"/>
    <property name="java.vm.compressedOopsMode" value="Zero based"/>
    <property name="line.separator" value="&#10;"/>
    <property name="prism.order" value="sw"/>
    <property name="java.vm.specification.vendor" value="Oracle Corporation"/>
    <property name="java.specification.name" value="Java Platform API Specification"/>
    <property name="testfx.robot" value="glass"/>
    <property name="javafx.verbose" value="false"/>
    <property name="java.awt.headless" value="true"/>
    <property name="surefire.real.class.path" value="C:\Users\USER\AppData\Local\Temp\surefire9462315411479609545\surefirebooter-20250701002604103_3.jar"/>
    <property name="user.script" value=""/>
    <property name="sun.management.compiler" value="HotSpot 64-Bit Tiered Compilers"/>
    <property name="java.runtime.version" value="17.0.14+7"/>
    <property name="user.name" value="USER"/>
    <property name="path.separator" value=";"/>
    <property name="os.version" value="10.0"/>
    <property name="java.runtime.name" value="OpenJDK Runtime Environment"/>
    <property name="file.encoding" value="Cp1252"/>
    <property name="java.vm.name" value="OpenJDK 64-Bit Server VM"/>
    <property name="java.vendor.version" value="Temurin-17.0.14+7"/>
    <property name="localRepository" value="C:\Users\USER\.m2\repository"/>
    <property name="java.vendor.url.bug" value="https://github.com/adoptium/adoptium-support/issues"/>
    <property name="java.io.tmpdir" value="C:\Users\USER\AppData\Local\Temp\"/>
    <property name="java.version" value="17.0.14"/>
    <property name="user.dir" value="C:\Users\USER\Desktop\work space\food-ordering-project\frontend-javafx"/>
    <property name="os.arch" value="amd64"/>
    <property name="java.vm.specification.name" value="Java Virtual Machine Specification"/>
    <property name="testfx.headless" value="true"/>
    <property name="test.comprehensive" value="true"/>
    <property name="sun.os.patch.level" value=""/>
    <property name="native.encoding" value="Cp1252"/>
    <property name="java.library.path" value="C:\Program Files\Eclipse Adoptium\jdk-17.0.14.7-hotspot\bin;C:\WINDOWS\Sun\Java\bin;C:\WINDOWS\system32;C:\WINDOWS;C:\mingw64\mingw64\bin;C:\Program Files\Common Files\Oracle\Java\javapath;C:\Program Files\Eclipse Adoptium\jdk-17.0.14.7-hotspot\bin;C:\Windows\system32;C:\Windows;C:\Windows\System32\Wbem;C:\Windows\System32\WindowsPowerShell\v1.0\;C:\Windows\System32\OpenSSH\;C:\Program Files (x86)\NVIDIA Corporation\PhysX\Common;C:\Program Files\dotnet\;C:\Program Files (x86)\AOMEI;C:\WINDOWS\system32;C:\WINDOWS;C:\WINDOWS\System32\Wbem;C:\WINDOWS\System32\WindowsPowerShell\v1.0\;C:\WINDOWS\System32\OpenSSH\;C:\Program Files\Microsoft VS Code\bin;C:\mingw64\mingw64\bin;C:\raylib-master\src;C:\Program Files\Git\cmd;C:\Program Files\Redis\;C:\Users\USER\AppData\Local\Programs\Python\Python313\Scripts\;C:\Users\USER\AppData\Local\Programs\Python\Python313\;C:\Users\USER\AppData\Local\Programs\Python\Launcher\;C:\Users\USER\AppData\Local\Programs\Python\Python312\Scripts\;C:\Users\USER\AppData\Local\Programs\Python\Python312\;C:\Users\USER\AppData\Local\Microsoft\WindowsApps;C:\mingw64\mingw64\bin;C:\raylib-master\src;C:\Program Files\Java\jdk-23\bin;C:\modeltech64_2020.4\win64;C:\apache-maven\apache-maven-3.9.9\bin;C:\Program Files\JetBrains\IntelliJ IDEA 2025.1.1.1\bin;;C:\Users\USER\AppData\Local\Programs\cursor\resources\app\bin;;."/>
    <property name="java.vm.info" value="mixed mode, sharing"/>
    <property name="java.vendor" value="Eclipse Adoptium"/>
    <property name="java.vm.version" value="17.0.14+7"/>
    <property name="java.specification.maintenance.version" value="1"/>
    <property name="sun.io.unicode.encoding" value="UnicodeLittle"/>
    <property name="java.class.version" value="61.0"/>
  </properties>
  <testcase name="testFullNameValidation" classname="com.myapp.ui.auth.ProfileControllerTest" time="1.183">
    <system-out><![CDATA[بارگذاری FXML ناموفق، نادیده گرفتن testFullNameValidation
]]></system-out>
  </testcase>
  <testcase name="testFullNameValidation" classname="com.myapp.ui.auth.ProfileControllerTest" time="0.441">
    <system-out><![CDATA[بارگذاری FXML ناموفق، نادیده گرفتن testFullNameValidation
]]></system-out>
  </testcase>
  <testcase name="testRequiredFieldValidation" classname="com.myapp.ui.auth.ProfileControllerTest" time="0.462"/>
  <testcase name="testRequiredFieldValidation" classname="com.myapp.ui.auth.ProfileControllerTest" time="0.41"/>
  <testcase name="testProfileDataValidation" classname="com.myapp.ui.auth.ProfileControllerTest" time="0.435"/>
  <testcase name="testProfileDataValidation" classname="com.myapp.ui.auth.ProfileControllerTest" time="0.409"/>
  <testcase name="testPasswordFieldsSecurity" classname="com.myapp.ui.auth.ProfileControllerTest" time="0.428">
    <system-out><![CDATA[بارگذاری FXML ناموفق، نادیده گرفتن testPasswordFieldsSecurity
]]></system-out>
  </testcase>
  <testcase name="testPasswordFieldsSecurity" classname="com.myapp.ui.auth.ProfileControllerTest" time="0.414">
    <system-out><![CDATA[بارگذاری FXML ناموفق، نادیده گرفتن testPasswordFieldsSecurity
]]></system-out>
  </testcase>
  <testcase name="testSaveButtonEnabledWithData" classname="com.myapp.ui.auth.ProfileControllerTest" time="0.441">
    <system-out><![CDATA[بارگذاری FXML ناموفق، نادیده گرفتن testSaveButtonEnabledWithData
]]></system-out>
  </testcase>
  <testcase name="testSaveButtonEnabledWithData" classname="com.myapp.ui.auth.ProfileControllerTest" time="0.402">
    <system-out><![CDATA[بارگذاری FXML ناموفق، نادیده گرفتن testSaveButtonEnabledWithData
]]></system-out>
  </testcase>
  <testcase name="testCancelButtonAction" classname="com.myapp.ui.auth.ProfileControllerTest" time="0.44">
    <system-out><![CDATA[بارگذاری FXML ناموفق، نادیده گرفتن testCancelButtonAction
]]></system-out>
  </testcase>
  <testcase name="testCancelButtonAction" classname="com.myapp.ui.auth.ProfileControllerTest" time="0.409">
    <system-out><![CDATA[بارگذاری FXML ناموفق، نادیده گرفتن testCancelButtonAction
]]></system-out>
  </testcase>
  <testcase name="testAddressValidation" classname="com.myapp.ui.auth.ProfileControllerTest" time="0.435">
    <system-out><![CDATA[بارگذاری FXML ناموفق، نادیده گرفتن testAddressValidation
]]></system-out>
  </testcase>
  <testcase name="testAddressValidation" classname="com.myapp.ui.auth.ProfileControllerTest" time="0.41">
    <system-out><![CDATA[بارگذاری FXML ناموفق، نادیده گرفتن testAddressValidation
]]></system-out>
  </testcase>
  <testcase name="testPasswordMismatchValidation" classname="com.myapp.ui.auth.ProfileControllerTest" time="0.422">
    <system-out><![CDATA[بارگذاری FXML ناموفق، نادیده گرفتن testPasswordMismatchValidation
]]></system-out>
  </testcase>
  <testcase name="testPasswordMismatchValidation" classname="com.myapp.ui.auth.ProfileControllerTest" time="0.41">
    <system-out><![CDATA[بارگذاری FXML ناموفق، نادیده گرفتن testPasswordMismatchValidation
]]></system-out>
  </testcase>
  <testcase name="testEmailFormatValidation" classname="com.myapp.ui.auth.ProfileControllerTest" time="0.405"/>
  <testcase name="testEmailFormatValidation" classname="com.myapp.ui.auth.ProfileControllerTest" time="0.408"/>
  <testcase name="testActionButtons" classname="com.myapp.ui.auth.ProfileControllerTest" time="0.412">
    <system-out><![CDATA[FXML loading failed, skipping testActionButtons
]]></system-out>
  </testcase>
  <testcase name="testActionButtons" classname="com.myapp.ui.auth.ProfileControllerTest" time="0.403">
    <system-out><![CDATA[FXML loading failed, skipping testActionButtons
]]></system-out>
  </testcase>
  <testcase name="testReadOnlyFields" classname="com.myapp.ui.auth.ProfileControllerTest" time="0.412">
    <system-out><![CDATA[بارگذاری FXML ناموفق، نادیده گرفتن testReadOnlyFields
]]></system-out>
  </testcase>
  <testcase name="testReadOnlyFields" classname="com.myapp.ui.auth.ProfileControllerTest" time="0.421">
    <system-out><![CDATA[بارگذاری FXML ناموفق، نادیده گرفتن testReadOnlyFields
]]></system-out>
  </testcase>
  <testcase name="testFieldClearingOnSetup" classname="com.myapp.ui.auth.ProfileControllerTest" time="0.427">
    <system-out><![CDATA[بارگذاری FXML ناموفق، نادیده گرفتن testFieldClearingOnSetup
]]></system-out>
  </testcase>
  <testcase name="testFieldClearingOnSetup" classname="com.myapp.ui.auth.ProfileControllerTest" time="0.417">
    <system-out><![CDATA[بارگذاری FXML ناموفق، نادیده گرفتن testFieldClearingOnSetup
]]></system-out>
  </testcase>
  <testcase name="testChangePasswordButtonAction" classname="com.myapp.ui.auth.ProfileControllerTest" time="0.42">
    <system-out><![CDATA[بارگذاری FXML ناموفق، نادیده گرفتن testChangePasswordButtonAction
]]></system-out>
  </testcase>
  <testcase name="testChangePasswordButtonAction" classname="com.myapp.ui.auth.ProfileControllerTest" time="0.413">
    <system-out><![CDATA[بارگذاری FXML ناموفق، نادیده گرفتن testChangePasswordButtonAction
]]></system-out>
  </testcase>
  <testcase name="testFieldPromptTexts" classname="com.myapp.ui.auth.ProfileControllerTest" time="0.41">
    <system-out><![CDATA[بارگذاری FXML ناموفق، نادیده گرفتن testFieldPromptTexts
]]></system-out>
  </testcase>
  <testcase name="testFieldPromptTexts" classname="com.myapp.ui.auth.ProfileControllerTest" time="0.462">
    <system-out><![CDATA[بارگذاری FXML ناموفق، نادیده گرفتن testFieldPromptTexts
]]></system-out>
  </testcase>
  <testcase name="testPasswordStrengthValidation" classname="com.myapp.ui.auth.ProfileControllerTest" time="0.407"/>
  <testcase name="testPasswordStrengthValidation" classname="com.myapp.ui.auth.ProfileControllerTest" time="0.403"/>
  <testcase name="testInvalidPhoneNumberValidation" classname="com.myapp.ui.auth.ProfileControllerTest" time="0.411"/>
  <testcase name="testInvalidPhoneNumberValidation" classname="com.myapp.ui.auth.ProfileControllerTest" time="0.407"/>
  <testcase name="testAccountStatusDisplay" classname="com.myapp.ui.auth.ProfileControllerTest" time="0.408">
    <system-out><![CDATA[بارگذاری FXML ناموفق، نادیده گرفتن testAccountStatusDisplay
]]></system-out>
  </testcase>
  <testcase name="testAccountStatusDisplay" classname="com.myapp.ui.auth.ProfileControllerTest" time="0.416">
    <system-out><![CDATA[بارگذاری FXML ناموفق، نادیده گرفتن testAccountStatusDisplay
]]></system-out>
  </testcase>
  <testcase name="testPhoneNumberValidation" classname="com.myapp.ui.auth.ProfileControllerTest" time="0.401">
    <system-out><![CDATA[بارگذاری FXML ناموفق، نادیده گرفتن testPhoneNumberValidation
]]></system-out>
  </testcase>
  <testcase name="testPhoneNumberValidation" classname="com.myapp.ui.auth.ProfileControllerTest" time="0.405">
    <system-out><![CDATA[بارگذاری FXML ناموفق، نادیده گرفتن testPhoneNumberValidation
]]></system-out>
  </testcase>
  <testcase name="testInitialization" classname="com.myapp.ui.auth.ProfileControllerTest" time="0.397"/>
  <testcase name="testInitialization" classname="com.myapp.ui.auth.ProfileControllerTest" time="0.408"/>
  <testcase name="testPasswordChangeValidation" classname="com.myapp.ui.auth.ProfileControllerTest" time="0.403">
    <system-out><![CDATA[بارگذاری FXML ناموفق، نادیده گرفتن testPasswordChangeValidation
]]></system-out>
  </testcase>
  <testcase name="testPasswordChangeValidation" classname="com.myapp.ui.auth.ProfileControllerTest" time="0.409">
    <system-out><![CDATA[بارگذاری FXML ناموفق، نادیده گرفتن testPasswordChangeValidation
]]></system-out>
  </testcase>
  <testcase name="testRefreshButtonAction" classname="com.myapp.ui.auth.ProfileControllerTest" time="0.4">
    <system-out><![CDATA[بارگذاری FXML ناموفق، نادیده گرفتن testRefreshButtonAction
]]></system-out>
  </testcase>
  <testcase name="testRefreshButtonAction" classname="com.myapp.ui.auth.ProfileControllerTest" time="0.4">
    <system-out><![CDATA[بارگذاری FXML ناموفق، نادیده گرفتن testRefreshButtonAction
]]></system-out>
  </testcase>
  <testcase name="testUIComponentsExist" classname="com.myapp.ui.auth.ProfileControllerTest" time="0.408">
    <system-out><![CDATA[بارگذاری FXML ناموفق، نادیده گرفتن تست کامپوننت‌های UI
]]></system-out>
  </testcase>
  <testcase name="testUIComponentsExist" classname="com.myapp.ui.auth.ProfileControllerTest" time="0.42">
    <system-out><![CDATA[بارگذاری FXML ناموفق، نادیده گرفتن تست کامپوننت‌های UI
]]></system-out>
  </testcase>
  <testcase name="testButtonStates" classname="com.myapp.ui.auth.ProfileControllerTest" time="0.422">
    <system-out><![CDATA[بارگذاری FXML ناموفق، نادیده گرفتن testButtonStates
]]></system-out>
  </testcase>
  <testcase name="testButtonStates" classname="com.myapp.ui.auth.ProfileControllerTest" time="0.4">
    <system-out><![CDATA[بارگذاری FXML ناموفق، نادیده گرفتن testButtonStates
]]></system-out>
  </testcase>
  <testcase name="testSaveButtonAction" classname="com.myapp.ui.auth.ProfileControllerTest" time="0.41">
    <system-out><![CDATA[بارگذاری FXML ناموفق، نادیده گرفتن testSaveButtonAction
]]></system-out>
  </testcase>
  <testcase name="testSaveButtonAction" classname="com.myapp.ui.auth.ProfileControllerTest" time="0.413">
    <system-out><![CDATA[بارگذاری FXML ناموفق، نادیده گرفتن testSaveButtonAction
]]></system-out>
  </testcase>
  <testcase name="testPasswordFields" classname="com.myapp.ui.auth.ProfileControllerTest" time="0.404">
    <system-out><![CDATA[FXML loading failed, skipping password fields test
]]></system-out>
  </testcase>
  <testcase name="testPasswordFields" classname="com.myapp.ui.auth.ProfileControllerTest" time="0.416">
    <system-out><![CDATA[FXML loading failed, skipping password fields test
]]></system-out>
  </testcase>
</testsuite>